[2023-03-13T19:03:37.473+0000] {taskinstance.py:1165} INFO - Dependencies all met for <TaskInstance: cool_DAG.extract scheduled__2023-03-12T00:00:00+00:00 [queued]>
[2023-03-13T19:03:37.479+0000] {taskinstance.py:1165} INFO - Dependencies all met for <TaskInstance: cool_DAG.extract scheduled__2023-03-12T00:00:00+00:00 [queued]>
[2023-03-13T19:03:37.480+0000] {taskinstance.py:1362} INFO - 
--------------------------------------------------------------------------------
[2023-03-13T19:03:37.480+0000] {taskinstance.py:1363} INFO - Starting attempt 1 of 1
[2023-03-13T19:03:37.481+0000] {taskinstance.py:1364} INFO - 
--------------------------------------------------------------------------------
[2023-03-13T19:03:37.488+0000] {taskinstance.py:1383} INFO - Executing <Task(_PythonDecoratedOperator): extract> on 2023-03-12 00:00:00+00:00
[2023-03-13T19:03:37.494+0000] {standard_task_runner.py:55} INFO - Started process 3908 to run task
[2023-03-13T19:03:37.499+0000] {standard_task_runner.py:82} INFO - Running: ['***', 'tasks', 'run', 'cool_DAG', 'extract', 'scheduled__2023-03-12T00:00:00+00:00', '--job-id', '8', '--raw', '--subdir', 'DAGS_FOLDER/test_dag.py', '--cfg-path', '/tmp/tmpa6swkx5i']
[2023-03-13T19:03:37.500+0000] {standard_task_runner.py:83} INFO - Job 8: Subtask extract
[2023-03-13T19:03:37.553+0000] {task_command.py:376} INFO - Running <TaskInstance: cool_DAG.extract scheduled__2023-03-12T00:00:00+00:00 [running]> on host 9fe6516b8a01
[2023-03-13T19:03:37.604+0000] {taskinstance.py:1592} INFO - Exporting the following env vars:
AIRFLOW_CTX_DAG_OWNER=***
AIRFLOW_CTX_DAG_ID=cool_DAG
AIRFLOW_CTX_TASK_ID=extract
AIRFLOW_CTX_EXECUTION_DATE=2023-03-12T00:00:00+00:00
AIRFLOW_CTX_TRY_NUMBER=1
AIRFLOW_CTX_DAG_RUN_ID=scheduled__2023-03-12T00:00:00+00:00
[2023-03-13T19:03:37.606+0000] {python.py:177} INFO - Done. Returned value was: {'1001': 301.27, '1002': 433.21, '1003': 502.22}
[2023-03-13T19:03:37.626+0000] {taskinstance.py:1406} INFO - Marking task as SUCCESS. dag_id=cool_DAG, task_id=extract, execution_date=20230312T000000, start_date=20230313T190337, end_date=20230313T190337
[2023-03-13T19:03:37.670+0000] {local_task_job.py:164} INFO - Task exited with return code 0
[2023-03-13T19:03:37.690+0000] {local_task_job.py:273} INFO - 1 downstream tasks scheduled from follow-on schedule check
