[2023-03-16T18:54:30.910+0000] {taskinstance.py:1165} INFO - Dependencies all met for <TaskInstance: 0_Employee_Sync_Granular_Steps.db_setup manual__2023-03-16T18:54:29.497181+00:00 [queued]>
[2023-03-16T18:54:30.918+0000] {taskinstance.py:1165} INFO - Dependencies all met for <TaskInstance: 0_Employee_Sync_Granular_Steps.db_setup manual__2023-03-16T18:54:29.497181+00:00 [queued]>
[2023-03-16T18:54:30.919+0000] {taskinstance.py:1362} INFO - 
--------------------------------------------------------------------------------
[2023-03-16T18:54:30.920+0000] {taskinstance.py:1363} INFO - Starting attempt 1 of 1
[2023-03-16T18:54:30.920+0000] {taskinstance.py:1364} INFO - 
--------------------------------------------------------------------------------
[2023-03-16T18:54:30.930+0000] {taskinstance.py:1383} INFO - Executing <Task(_PythonDecoratedOperator): db_setup> on 2023-03-16 18:54:29.497181+00:00
[2023-03-16T18:54:30.937+0000] {standard_task_runner.py:55} INFO - Started process 45767 to run task
[2023-03-16T18:54:30.941+0000] {standard_task_runner.py:82} INFO - Running: ['***', 'tasks', 'run', '0_Employee_Sync_Granular_Steps', 'db_setup', 'manual__2023-03-16T18:54:29.497181+00:00', '--job-id', '68', '--raw', '--subdir', 'DAGS_FOLDER/test_dag_granular.py', '--cfg-path', '/tmp/tmpmqgtklsf']
[2023-03-16T18:54:30.943+0000] {standard_task_runner.py:83} INFO - Job 68: Subtask db_setup
[2023-03-16T18:54:30.994+0000] {task_command.py:376} INFO - Running <TaskInstance: 0_Employee_Sync_Granular_Steps.db_setup manual__2023-03-16T18:54:29.497181+00:00 [running]> on host 9fe6516b8a01
[2023-03-16T18:54:31.043+0000] {taskinstance.py:1592} INFO - Exporting the following env vars:
AIRFLOW_CTX_DAG_OWNER=***
AIRFLOW_CTX_DAG_ID=0_Employee_Sync_Granular_Steps
AIRFLOW_CTX_TASK_ID=db_setup
AIRFLOW_CTX_EXECUTION_DATE=2023-03-16T18:54:29.497181+00:00
AIRFLOW_CTX_TRY_NUMBER=1
AIRFLOW_CTX_DAG_RUN_ID=manual__2023-03-16T18:54:29.497181+00:00
[2023-03-16T18:54:31.046+0000] {python.py:177} INFO - Done. Returned value was: None
[2023-03-16T18:54:31.056+0000] {taskinstance.py:1406} INFO - Marking task as SUCCESS. dag_id=0_Employee_Sync_Granular_Steps, task_id=db_setup, execution_date=20230316T185429, start_date=20230316T185430, end_date=20230316T185431
[2023-03-16T18:54:31.112+0000] {local_task_job.py:164} INFO - Task exited with return code 0
[2023-03-16T18:54:31.141+0000] {local_task_job.py:273} INFO - 1 downstream tasks scheduled from follow-on schedule check
