[2023-03-15T17:12:42.826+0000] {taskinstance.py:1165} INFO - Dependencies all met for <TaskInstance: 0_Employee_Sync.fetch_external_user_data manual__2023-03-15T17:12:41.622510+00:00 [queued]>
[2023-03-15T17:12:42.833+0000] {taskinstance.py:1165} INFO - Dependencies all met for <TaskInstance: 0_Employee_Sync.fetch_external_user_data manual__2023-03-15T17:12:41.622510+00:00 [queued]>
[2023-03-15T17:12:42.834+0000] {taskinstance.py:1362} INFO - 
--------------------------------------------------------------------------------
[2023-03-15T17:12:42.834+0000] {taskinstance.py:1363} INFO - Starting attempt 1 of 1
[2023-03-15T17:12:42.835+0000] {taskinstance.py:1364} INFO - 
--------------------------------------------------------------------------------
[2023-03-15T17:12:42.843+0000] {taskinstance.py:1383} INFO - Executing <Task(_PythonDecoratedOperator): fetch_external_user_data> on 2023-03-15 17:12:41.622510+00:00
[2023-03-15T17:12:42.850+0000] {standard_task_runner.py:55} INFO - Started process 26690 to run task
[2023-03-15T17:12:42.854+0000] {standard_task_runner.py:82} INFO - Running: ['***', 'tasks', 'run', '0_Employee_Sync', 'fetch_external_user_data', 'manual__2023-03-15T17:12:41.622510+00:00', '--job-id', '43', '--raw', '--subdir', 'DAGS_FOLDER/test_dag.py', '--cfg-path', '/tmp/tmpm7axru1r']
[2023-03-15T17:12:42.857+0000] {standard_task_runner.py:83} INFO - Job 43: Subtask fetch_external_user_data
[2023-03-15T17:12:42.916+0000] {task_command.py:376} INFO - Running <TaskInstance: 0_Employee_Sync.fetch_external_user_data manual__2023-03-15T17:12:41.622510+00:00 [running]> on host 9fe6516b8a01
[2023-03-15T17:12:42.969+0000] {taskinstance.py:1592} INFO - Exporting the following env vars:
AIRFLOW_CTX_DAG_OWNER=***
AIRFLOW_CTX_DAG_ID=0_Employee_Sync
AIRFLOW_CTX_TASK_ID=fetch_external_user_data
AIRFLOW_CTX_EXECUTION_DATE=2023-03-15T17:12:41.622510+00:00
AIRFLOW_CTX_TRY_NUMBER=1
AIRFLOW_CTX_DAG_RUN_ID=manual__2023-03-15T17:12:41.622510+00:00
[2023-03-15T17:12:42.982+0000] {python.py:177} INFO - Done. Returned value was: None
[2023-03-15T17:12:42.992+0000] {taskinstance.py:1406} INFO - Marking task as SUCCESS. dag_id=0_Employee_Sync, task_id=fetch_external_user_data, execution_date=20230315T171241, start_date=20230315T171242, end_date=20230315T171242
[2023-03-15T17:12:43.025+0000] {local_task_job.py:164} INFO - Task exited with return code 0
[2023-03-15T17:12:43.044+0000] {local_task_job.py:273} INFO - 1 downstream tasks scheduled from follow-on schedule check
