[2023-03-16T18:35:27.575+0000] {taskinstance.py:1165} INFO - Dependencies all met for <TaskInstance: 0_Employee_Sync.db_setup manual__2023-03-16T18:35:26.433602+00:00 [queued]>
[2023-03-16T18:35:27.583+0000] {taskinstance.py:1165} INFO - Dependencies all met for <TaskInstance: 0_Employee_Sync.db_setup manual__2023-03-16T18:35:26.433602+00:00 [queued]>
[2023-03-16T18:35:27.584+0000] {taskinstance.py:1362} INFO - 
--------------------------------------------------------------------------------
[2023-03-16T18:35:27.585+0000] {taskinstance.py:1363} INFO - Starting attempt 1 of 1
[2023-03-16T18:35:27.585+0000] {taskinstance.py:1364} INFO - 
--------------------------------------------------------------------------------
[2023-03-16T18:35:27.593+0000] {taskinstance.py:1383} INFO - Executing <Task(_PythonDecoratedOperator): db_setup> on 2023-03-16 18:35:26.433602+00:00
[2023-03-16T18:35:27.599+0000] {standard_task_runner.py:55} INFO - Started process 44801 to run task
[2023-03-16T18:35:27.603+0000] {standard_task_runner.py:82} INFO - Running: ['***', 'tasks', 'run', '0_Employee_Sync', 'db_setup', 'manual__2023-03-16T18:35:26.433602+00:00', '--job-id', '63', '--raw', '--subdir', 'DAGS_FOLDER/test_dag.py', '--cfg-path', '/tmp/tmpncm5_f7u']
[2023-03-16T18:35:27.606+0000] {standard_task_runner.py:83} INFO - Job 63: Subtask db_setup
[2023-03-16T18:35:27.655+0000] {task_command.py:376} INFO - Running <TaskInstance: 0_Employee_Sync.db_setup manual__2023-03-16T18:35:26.433602+00:00 [running]> on host 9fe6516b8a01
[2023-03-16T18:35:27.701+0000] {taskinstance.py:1592} INFO - Exporting the following env vars:
AIRFLOW_CTX_DAG_OWNER=***
AIRFLOW_CTX_DAG_ID=0_Employee_Sync
AIRFLOW_CTX_TASK_ID=db_setup
AIRFLOW_CTX_EXECUTION_DATE=2023-03-16T18:35:26.433602+00:00
AIRFLOW_CTX_TRY_NUMBER=1
AIRFLOW_CTX_DAG_RUN_ID=manual__2023-03-16T18:35:26.433602+00:00
[2023-03-16T18:35:27.703+0000] {python.py:177} INFO - Done. Returned value was: None
[2023-03-16T18:35:27.712+0000] {taskinstance.py:1406} INFO - Marking task as SUCCESS. dag_id=0_Employee_Sync, task_id=db_setup, execution_date=20230316T183526, start_date=20230316T183527, end_date=20230316T183527
[2023-03-16T18:35:27.735+0000] {local_task_job.py:164} INFO - Task exited with return code 0
[2023-03-16T18:35:27.758+0000] {local_task_job.py:273} INFO - 1 downstream tasks scheduled from follow-on schedule check
