[2023-03-11T00:06:56.806+0000] {processor.py:154} INFO - Started process (PID=35121) to work on /home/airflow/.local/lib/python3.7/site-packages/airflow/example_dags/example_dag_decorator.py
[2023-03-11T00:06:56.809+0000] {processor.py:756} INFO - Processing file /home/airflow/.local/lib/python3.7/site-packages/airflow/example_dags/example_dag_decorator.py for tasks to queue
[2023-03-11T00:06:56.810+0000] {logging_mixin.py:120} INFO - [2023-03-11T00:06:56.810+0000] {dagbag.py:537} INFO - Filling up the DagBag from /home/airflow/.local/lib/python3.7/site-packages/airflow/example_dags/example_dag_decorator.py
[2023-03-11T00:06:56.820+0000] {logging_mixin.py:120} INFO - [2023-03-11T00:06:56.820+0000] {taskmixin.py:205} WARNING - Dependency <Task(_PythonDecoratedOperator): prepare_email>, send_email already registered for DAG: example_dag_decorator
[2023-03-11T00:06:56.826+0000] {logging_mixin.py:120} INFO - [2023-03-11T00:06:56.826+0000] {taskmixin.py:205} WARNING - Dependency <Task(EmailOperator): send_email>, prepare_email already registered for DAG: example_dag_decorator
[2023-03-11T00:06:56.835+0000] {processor.py:766} INFO - DAG(s) dict_keys(['example_dag_decorator']) retrieved from /home/airflow/.local/lib/python3.7/site-packages/airflow/example_dags/example_dag_decorator.py
[2023-03-11T00:06:56.906+0000] {logging_mixin.py:120} INFO - [2023-03-11T00:06:56.906+0000] {dag.py:2585} INFO - Sync 1 DAGs
[2023-03-11T00:06:56.921+0000] {logging_mixin.py:120} INFO - [2023-03-11T00:06:56.921+0000] {dag.py:3340} INFO - Setting next_dagrun for example_dag_decorator to None, run_after=None
[2023-03-11T00:06:56.941+0000] {processor.py:176} INFO - Processing /home/airflow/.local/lib/python3.7/site-packages/airflow/example_dags/example_dag_decorator.py took 0.139 seconds
[2023-03-11T01:13:28.567+0000] {processor.py:154} INFO - Started process (PID=35184) to work on /home/airflow/.local/lib/python3.7/site-packages/airflow/example_dags/example_dag_decorator.py
[2023-03-11T01:13:28.568+0000] {processor.py:756} INFO - Processing file /home/airflow/.local/lib/python3.7/site-packages/airflow/example_dags/example_dag_decorator.py for tasks to queue
[2023-03-11T01:13:28.571+0000] {logging_mixin.py:120} INFO - [2023-03-11T01:13:28.571+0000] {dagbag.py:537} INFO - Filling up the DagBag from /home/airflow/.local/lib/python3.7/site-packages/airflow/example_dags/example_dag_decorator.py
[2023-03-11T01:13:28.586+0000] {logging_mixin.py:120} INFO - [2023-03-11T01:13:28.586+0000] {taskmixin.py:205} WARNING - Dependency <Task(_PythonDecoratedOperator): prepare_email>, send_email already registered for DAG: example_dag_decorator
[2023-03-11T01:13:28.589+0000] {logging_mixin.py:120} INFO - [2023-03-11T01:13:28.589+0000] {taskmixin.py:205} WARNING - Dependency <Task(EmailOperator): send_email>, prepare_email already registered for DAG: example_dag_decorator
[2023-03-11T01:13:28.602+0000] {processor.py:766} INFO - DAG(s) dict_keys(['example_dag_decorator']) retrieved from /home/airflow/.local/lib/python3.7/site-packages/airflow/example_dags/example_dag_decorator.py
[2023-03-11T01:13:28.687+0000] {logging_mixin.py:120} INFO - [2023-03-11T01:13:28.687+0000] {dag.py:2585} INFO - Sync 1 DAGs
[2023-03-11T01:13:28.707+0000] {logging_mixin.py:120} INFO - [2023-03-11T01:13:28.707+0000] {dag.py:3340} INFO - Setting next_dagrun for example_dag_decorator to None, run_after=None
[2023-03-11T01:13:28.721+0000] {processor.py:176} INFO - Processing /home/airflow/.local/lib/python3.7/site-packages/airflow/example_dags/example_dag_decorator.py took 0.156 seconds
[2023-03-11T02:21:52.159+0000] {processor.py:154} INFO - Started process (PID=35248) to work on /home/airflow/.local/lib/python3.7/site-packages/airflow/example_dags/example_dag_decorator.py
[2023-03-11T02:21:52.163+0000] {processor.py:756} INFO - Processing file /home/airflow/.local/lib/python3.7/site-packages/airflow/example_dags/example_dag_decorator.py for tasks to queue
[2023-03-11T02:21:52.164+0000] {logging_mixin.py:120} INFO - [2023-03-11T02:21:52.164+0000] {dagbag.py:537} INFO - Filling up the DagBag from /home/airflow/.local/lib/python3.7/site-packages/airflow/example_dags/example_dag_decorator.py
[2023-03-11T02:21:52.181+0000] {logging_mixin.py:120} INFO - [2023-03-11T02:21:52.181+0000] {taskmixin.py:205} WARNING - Dependency <Task(_PythonDecoratedOperator): prepare_email>, send_email already registered for DAG: example_dag_decorator
[2023-03-11T02:21:52.181+0000] {logging_mixin.py:120} INFO - [2023-03-11T02:21:52.181+0000] {taskmixin.py:205} WARNING - Dependency <Task(EmailOperator): send_email>, prepare_email already registered for DAG: example_dag_decorator
[2023-03-11T02:21:52.196+0000] {processor.py:766} INFO - DAG(s) dict_keys(['example_dag_decorator']) retrieved from /home/airflow/.local/lib/python3.7/site-packages/airflow/example_dags/example_dag_decorator.py
[2023-03-11T02:21:52.274+0000] {logging_mixin.py:120} INFO - [2023-03-11T02:21:52.274+0000] {dag.py:2585} INFO - Sync 1 DAGs
[2023-03-11T02:21:52.290+0000] {logging_mixin.py:120} INFO - [2023-03-11T02:21:52.290+0000] {dag.py:3340} INFO - Setting next_dagrun for example_dag_decorator to None, run_after=None
[2023-03-11T02:21:52.305+0000] {processor.py:176} INFO - Processing /home/airflow/.local/lib/python3.7/site-packages/airflow/example_dags/example_dag_decorator.py took 0.148 seconds
[2023-03-11T03:28:23.775+0000] {processor.py:154} INFO - Started process (PID=35312) to work on /home/airflow/.local/lib/python3.7/site-packages/airflow/example_dags/example_dag_decorator.py
[2023-03-11T03:28:23.783+0000] {processor.py:756} INFO - Processing file /home/airflow/.local/lib/python3.7/site-packages/airflow/example_dags/example_dag_decorator.py for tasks to queue
[2023-03-11T03:28:23.789+0000] {logging_mixin.py:120} INFO - [2023-03-11T03:28:23.789+0000] {dagbag.py:537} INFO - Filling up the DagBag from /home/airflow/.local/lib/python3.7/site-packages/airflow/example_dags/example_dag_decorator.py
[2023-03-11T03:28:23.809+0000] {logging_mixin.py:120} INFO - [2023-03-11T03:28:23.809+0000] {taskmixin.py:205} WARNING - Dependency <Task(_PythonDecoratedOperator): prepare_email>, send_email already registered for DAG: example_dag_decorator
[2023-03-11T03:28:23.823+0000] {logging_mixin.py:120} INFO - [2023-03-11T03:28:23.823+0000] {taskmixin.py:205} WARNING - Dependency <Task(EmailOperator): send_email>, prepare_email already registered for DAG: example_dag_decorator
[2023-03-11T03:28:23.844+0000] {processor.py:766} INFO - DAG(s) dict_keys(['example_dag_decorator']) retrieved from /home/airflow/.local/lib/python3.7/site-packages/airflow/example_dags/example_dag_decorator.py
[2023-03-11T03:28:23.953+0000] {logging_mixin.py:120} INFO - [2023-03-11T03:28:23.953+0000] {dag.py:2585} INFO - Sync 1 DAGs
[2023-03-11T03:28:23.997+0000] {logging_mixin.py:120} INFO - [2023-03-11T03:28:23.997+0000] {dag.py:3340} INFO - Setting next_dagrun for example_dag_decorator to None, run_after=None
[2023-03-11T03:28:24.043+0000] {processor.py:176} INFO - Processing /home/airflow/.local/lib/python3.7/site-packages/airflow/example_dags/example_dag_decorator.py took 0.278 seconds
[2023-03-11T04:35:25.928+0000] {processor.py:154} INFO - Started process (PID=35366) to work on /home/airflow/.local/lib/python3.7/site-packages/airflow/example_dags/example_dag_decorator.py
[2023-03-11T04:35:25.935+0000] {processor.py:756} INFO - Processing file /home/airflow/.local/lib/python3.7/site-packages/airflow/example_dags/example_dag_decorator.py for tasks to queue
[2023-03-11T04:35:25.939+0000] {logging_mixin.py:120} INFO - [2023-03-11T04:35:25.939+0000] {dagbag.py:537} INFO - Filling up the DagBag from /home/airflow/.local/lib/python3.7/site-packages/airflow/example_dags/example_dag_decorator.py
[2023-03-11T04:35:25.952+0000] {logging_mixin.py:120} INFO - [2023-03-11T04:35:25.952+0000] {taskmixin.py:205} WARNING - Dependency <Task(_PythonDecoratedOperator): prepare_email>, send_email already registered for DAG: example_dag_decorator
[2023-03-11T04:35:25.953+0000] {logging_mixin.py:120} INFO - [2023-03-11T04:35:25.953+0000] {taskmixin.py:205} WARNING - Dependency <Task(EmailOperator): send_email>, prepare_email already registered for DAG: example_dag_decorator
[2023-03-11T04:35:25.962+0000] {processor.py:766} INFO - DAG(s) dict_keys(['example_dag_decorator']) retrieved from /home/airflow/.local/lib/python3.7/site-packages/airflow/example_dags/example_dag_decorator.py
[2023-03-11T04:35:26.070+0000] {logging_mixin.py:120} INFO - [2023-03-11T04:35:26.070+0000] {dag.py:2585} INFO - Sync 1 DAGs
[2023-03-11T04:35:26.093+0000] {logging_mixin.py:120} INFO - [2023-03-11T04:35:26.093+0000] {dag.py:3340} INFO - Setting next_dagrun for example_dag_decorator to None, run_after=None
[2023-03-11T04:35:26.105+0000] {processor.py:176} INFO - Processing /home/airflow/.local/lib/python3.7/site-packages/airflow/example_dags/example_dag_decorator.py took 0.179 seconds
[2023-03-11T05:41:15.634+0000] {processor.py:154} INFO - Started process (PID=35429) to work on /home/airflow/.local/lib/python3.7/site-packages/airflow/example_dags/example_dag_decorator.py
[2023-03-11T05:41:15.635+0000] {processor.py:756} INFO - Processing file /home/airflow/.local/lib/python3.7/site-packages/airflow/example_dags/example_dag_decorator.py for tasks to queue
[2023-03-11T05:41:15.636+0000] {logging_mixin.py:120} INFO - [2023-03-11T05:41:15.636+0000] {dagbag.py:537} INFO - Filling up the DagBag from /home/airflow/.local/lib/python3.7/site-packages/airflow/example_dags/example_dag_decorator.py
[2023-03-11T05:41:15.656+0000] {logging_mixin.py:120} INFO - [2023-03-11T05:41:15.656+0000] {taskmixin.py:205} WARNING - Dependency <Task(_PythonDecoratedOperator): prepare_email>, send_email already registered for DAG: example_dag_decorator
[2023-03-11T05:41:15.657+0000] {logging_mixin.py:120} INFO - [2023-03-11T05:41:15.657+0000] {taskmixin.py:205} WARNING - Dependency <Task(EmailOperator): send_email>, prepare_email already registered for DAG: example_dag_decorator
[2023-03-11T05:41:15.670+0000] {processor.py:766} INFO - DAG(s) dict_keys(['example_dag_decorator']) retrieved from /home/airflow/.local/lib/python3.7/site-packages/airflow/example_dags/example_dag_decorator.py
[2023-03-11T05:41:15.724+0000] {logging_mixin.py:120} INFO - [2023-03-11T05:41:15.723+0000] {dag.py:2585} INFO - Sync 1 DAGs
[2023-03-11T05:41:15.737+0000] {logging_mixin.py:120} INFO - [2023-03-11T05:41:15.737+0000] {dag.py:3340} INFO - Setting next_dagrun for example_dag_decorator to None, run_after=None
[2023-03-11T05:41:15.748+0000] {processor.py:176} INFO - Processing /home/airflow/.local/lib/python3.7/site-packages/airflow/example_dags/example_dag_decorator.py took 0.116 seconds
[2023-03-11T06:48:04.417+0000] {processor.py:154} INFO - Started process (PID=35492) to work on /home/airflow/.local/lib/python3.7/site-packages/airflow/example_dags/example_dag_decorator.py
[2023-03-11T06:48:04.419+0000] {processor.py:756} INFO - Processing file /home/airflow/.local/lib/python3.7/site-packages/airflow/example_dags/example_dag_decorator.py for tasks to queue
[2023-03-11T06:48:04.420+0000] {logging_mixin.py:120} INFO - [2023-03-11T06:48:04.419+0000] {dagbag.py:537} INFO - Filling up the DagBag from /home/airflow/.local/lib/python3.7/site-packages/airflow/example_dags/example_dag_decorator.py
[2023-03-11T06:48:04.430+0000] {logging_mixin.py:120} INFO - [2023-03-11T06:48:04.430+0000] {taskmixin.py:205} WARNING - Dependency <Task(_PythonDecoratedOperator): prepare_email>, send_email already registered for DAG: example_dag_decorator
[2023-03-11T06:48:04.431+0000] {logging_mixin.py:120} INFO - [2023-03-11T06:48:04.431+0000] {taskmixin.py:205} WARNING - Dependency <Task(EmailOperator): send_email>, prepare_email already registered for DAG: example_dag_decorator
[2023-03-11T06:48:04.441+0000] {processor.py:766} INFO - DAG(s) dict_keys(['example_dag_decorator']) retrieved from /home/airflow/.local/lib/python3.7/site-packages/airflow/example_dags/example_dag_decorator.py
[2023-03-11T06:48:04.490+0000] {logging_mixin.py:120} INFO - [2023-03-11T06:48:04.490+0000] {dag.py:2585} INFO - Sync 1 DAGs
[2023-03-11T06:48:04.503+0000] {logging_mixin.py:120} INFO - [2023-03-11T06:48:04.503+0000] {dag.py:3340} INFO - Setting next_dagrun for example_dag_decorator to None, run_after=None
[2023-03-11T06:48:04.519+0000] {processor.py:176} INFO - Processing /home/airflow/.local/lib/python3.7/site-packages/airflow/example_dags/example_dag_decorator.py took 0.104 seconds
[2023-03-11T07:54:08.653+0000] {processor.py:154} INFO - Started process (PID=35555) to work on /home/airflow/.local/lib/python3.7/site-packages/airflow/example_dags/example_dag_decorator.py
[2023-03-11T07:54:08.654+0000] {processor.py:756} INFO - Processing file /home/airflow/.local/lib/python3.7/site-packages/airflow/example_dags/example_dag_decorator.py for tasks to queue
[2023-03-11T07:54:08.654+0000] {logging_mixin.py:120} INFO - [2023-03-11T07:54:08.654+0000] {dagbag.py:537} INFO - Filling up the DagBag from /home/airflow/.local/lib/python3.7/site-packages/airflow/example_dags/example_dag_decorator.py
[2023-03-11T07:54:08.669+0000] {logging_mixin.py:120} INFO - [2023-03-11T07:54:08.669+0000] {taskmixin.py:205} WARNING - Dependency <Task(_PythonDecoratedOperator): prepare_email>, send_email already registered for DAG: example_dag_decorator
[2023-03-11T07:54:08.670+0000] {logging_mixin.py:120} INFO - [2023-03-11T07:54:08.670+0000] {taskmixin.py:205} WARNING - Dependency <Task(EmailOperator): send_email>, prepare_email already registered for DAG: example_dag_decorator
[2023-03-11T07:54:08.685+0000] {processor.py:766} INFO - DAG(s) dict_keys(['example_dag_decorator']) retrieved from /home/airflow/.local/lib/python3.7/site-packages/airflow/example_dags/example_dag_decorator.py
[2023-03-11T07:54:08.773+0000] {logging_mixin.py:120} INFO - [2023-03-11T07:54:08.773+0000] {dag.py:2585} INFO - Sync 1 DAGs
[2023-03-11T07:54:08.794+0000] {logging_mixin.py:120} INFO - [2023-03-11T07:54:08.794+0000] {dag.py:3340} INFO - Setting next_dagrun for example_dag_decorator to None, run_after=None
[2023-03-11T07:54:08.818+0000] {processor.py:176} INFO - Processing /home/airflow/.local/lib/python3.7/site-packages/airflow/example_dags/example_dag_decorator.py took 0.168 seconds
[2023-03-11T09:00:26.283+0000] {processor.py:154} INFO - Started process (PID=35618) to work on /home/airflow/.local/lib/python3.7/site-packages/airflow/example_dags/example_dag_decorator.py
[2023-03-11T09:00:26.284+0000] {processor.py:756} INFO - Processing file /home/airflow/.local/lib/python3.7/site-packages/airflow/example_dags/example_dag_decorator.py for tasks to queue
[2023-03-11T09:00:26.285+0000] {logging_mixin.py:120} INFO - [2023-03-11T09:00:26.285+0000] {dagbag.py:537} INFO - Filling up the DagBag from /home/airflow/.local/lib/python3.7/site-packages/airflow/example_dags/example_dag_decorator.py
[2023-03-11T09:00:26.307+0000] {logging_mixin.py:120} INFO - [2023-03-11T09:00:26.307+0000] {taskmixin.py:205} WARNING - Dependency <Task(_PythonDecoratedOperator): prepare_email>, send_email already registered for DAG: example_dag_decorator
[2023-03-11T09:00:26.308+0000] {logging_mixin.py:120} INFO - [2023-03-11T09:00:26.308+0000] {taskmixin.py:205} WARNING - Dependency <Task(EmailOperator): send_email>, prepare_email already registered for DAG: example_dag_decorator
[2023-03-11T09:00:26.325+0000] {processor.py:766} INFO - DAG(s) dict_keys(['example_dag_decorator']) retrieved from /home/airflow/.local/lib/python3.7/site-packages/airflow/example_dags/example_dag_decorator.py
[2023-03-11T09:00:26.394+0000] {logging_mixin.py:120} INFO - [2023-03-11T09:00:26.394+0000] {dag.py:2585} INFO - Sync 1 DAGs
[2023-03-11T09:00:26.412+0000] {logging_mixin.py:120} INFO - [2023-03-11T09:00:26.412+0000] {dag.py:3340} INFO - Setting next_dagrun for example_dag_decorator to None, run_after=None
[2023-03-11T09:00:26.426+0000] {processor.py:176} INFO - Processing /home/airflow/.local/lib/python3.7/site-packages/airflow/example_dags/example_dag_decorator.py took 0.151 seconds
[2023-03-11T10:06:58.622+0000] {processor.py:154} INFO - Started process (PID=35672) to work on /home/airflow/.local/lib/python3.7/site-packages/airflow/example_dags/example_dag_decorator.py
[2023-03-11T10:06:58.623+0000] {processor.py:756} INFO - Processing file /home/airflow/.local/lib/python3.7/site-packages/airflow/example_dags/example_dag_decorator.py for tasks to queue
[2023-03-11T10:06:58.624+0000] {logging_mixin.py:120} INFO - [2023-03-11T10:06:58.624+0000] {dagbag.py:537} INFO - Filling up the DagBag from /home/airflow/.local/lib/python3.7/site-packages/airflow/example_dags/example_dag_decorator.py
[2023-03-11T10:06:58.641+0000] {logging_mixin.py:120} INFO - [2023-03-11T10:06:58.641+0000] {taskmixin.py:205} WARNING - Dependency <Task(_PythonDecoratedOperator): prepare_email>, send_email already registered for DAG: example_dag_decorator
[2023-03-11T10:06:58.641+0000] {logging_mixin.py:120} INFO - [2023-03-11T10:06:58.641+0000] {taskmixin.py:205} WARNING - Dependency <Task(EmailOperator): send_email>, prepare_email already registered for DAG: example_dag_decorator
[2023-03-11T10:06:58.656+0000] {processor.py:766} INFO - DAG(s) dict_keys(['example_dag_decorator']) retrieved from /home/airflow/.local/lib/python3.7/site-packages/airflow/example_dags/example_dag_decorator.py
[2023-03-11T10:06:58.729+0000] {logging_mixin.py:120} INFO - [2023-03-11T10:06:58.729+0000] {dag.py:2585} INFO - Sync 1 DAGs
[2023-03-11T10:06:58.745+0000] {logging_mixin.py:120} INFO - [2023-03-11T10:06:58.745+0000] {dag.py:3340} INFO - Setting next_dagrun for example_dag_decorator to None, run_after=None
[2023-03-11T10:06:58.763+0000] {processor.py:176} INFO - Processing /home/airflow/.local/lib/python3.7/site-packages/airflow/example_dags/example_dag_decorator.py took 0.146 seconds
[2023-03-11T11:31:11.373+0000] {processor.py:154} INFO - Started process (PID=35735) to work on /home/airflow/.local/lib/python3.7/site-packages/airflow/example_dags/example_dag_decorator.py
[2023-03-11T11:31:11.375+0000] {processor.py:756} INFO - Processing file /home/airflow/.local/lib/python3.7/site-packages/airflow/example_dags/example_dag_decorator.py for tasks to queue
[2023-03-11T11:31:11.375+0000] {logging_mixin.py:120} INFO - [2023-03-11T11:31:11.375+0000] {dagbag.py:537} INFO - Filling up the DagBag from /home/airflow/.local/lib/python3.7/site-packages/airflow/example_dags/example_dag_decorator.py
[2023-03-11T11:31:11.391+0000] {logging_mixin.py:120} INFO - [2023-03-11T11:31:11.391+0000] {taskmixin.py:205} WARNING - Dependency <Task(_PythonDecoratedOperator): prepare_email>, send_email already registered for DAG: example_dag_decorator
[2023-03-11T11:31:11.392+0000] {logging_mixin.py:120} INFO - [2023-03-11T11:31:11.392+0000] {taskmixin.py:205} WARNING - Dependency <Task(EmailOperator): send_email>, prepare_email already registered for DAG: example_dag_decorator
[2023-03-11T11:31:11.404+0000] {processor.py:766} INFO - DAG(s) dict_keys(['example_dag_decorator']) retrieved from /home/airflow/.local/lib/python3.7/site-packages/airflow/example_dags/example_dag_decorator.py
[2023-03-11T11:31:11.473+0000] {logging_mixin.py:120} INFO - [2023-03-11T11:31:11.473+0000] {dag.py:2585} INFO - Sync 1 DAGs
[2023-03-11T11:31:11.493+0000] {logging_mixin.py:120} INFO - [2023-03-11T11:31:11.493+0000] {dag.py:3340} INFO - Setting next_dagrun for example_dag_decorator to None, run_after=None
[2023-03-11T11:31:11.508+0000] {processor.py:176} INFO - Processing /home/airflow/.local/lib/python3.7/site-packages/airflow/example_dags/example_dag_decorator.py took 0.138 seconds
[2023-03-11T12:37:41.722+0000] {processor.py:154} INFO - Started process (PID=35798) to work on /home/airflow/.local/lib/python3.7/site-packages/airflow/example_dags/example_dag_decorator.py
[2023-03-11T12:37:41.724+0000] {processor.py:756} INFO - Processing file /home/airflow/.local/lib/python3.7/site-packages/airflow/example_dags/example_dag_decorator.py for tasks to queue
[2023-03-11T12:37:41.725+0000] {logging_mixin.py:120} INFO - [2023-03-11T12:37:41.725+0000] {dagbag.py:537} INFO - Filling up the DagBag from /home/airflow/.local/lib/python3.7/site-packages/airflow/example_dags/example_dag_decorator.py
[2023-03-11T12:37:41.738+0000] {logging_mixin.py:120} INFO - [2023-03-11T12:37:41.738+0000] {taskmixin.py:205} WARNING - Dependency <Task(_PythonDecoratedOperator): prepare_email>, send_email already registered for DAG: example_dag_decorator
[2023-03-11T12:37:41.741+0000] {logging_mixin.py:120} INFO - [2023-03-11T12:37:41.741+0000] {taskmixin.py:205} WARNING - Dependency <Task(EmailOperator): send_email>, prepare_email already registered for DAG: example_dag_decorator
[2023-03-11T12:37:41.766+0000] {processor.py:766} INFO - DAG(s) dict_keys(['example_dag_decorator']) retrieved from /home/airflow/.local/lib/python3.7/site-packages/airflow/example_dags/example_dag_decorator.py
[2023-03-11T12:37:41.820+0000] {logging_mixin.py:120} INFO - [2023-03-11T12:37:41.819+0000] {dag.py:2585} INFO - Sync 1 DAGs
[2023-03-11T12:37:41.833+0000] {logging_mixin.py:120} INFO - [2023-03-11T12:37:41.833+0000] {dag.py:3340} INFO - Setting next_dagrun for example_dag_decorator to None, run_after=None
[2023-03-11T12:37:41.864+0000] {processor.py:176} INFO - Processing /home/airflow/.local/lib/python3.7/site-packages/airflow/example_dags/example_dag_decorator.py took 0.147 seconds
[2023-03-11T13:38:03.024+0000] {processor.py:154} INFO - Started process (PID=35860) to work on /home/airflow/.local/lib/python3.7/site-packages/airflow/example_dags/example_dag_decorator.py
[2023-03-11T13:38:03.025+0000] {processor.py:756} INFO - Processing file /home/airflow/.local/lib/python3.7/site-packages/airflow/example_dags/example_dag_decorator.py for tasks to queue
[2023-03-11T13:38:03.026+0000] {logging_mixin.py:120} INFO - [2023-03-11T13:38:03.026+0000] {dagbag.py:537} INFO - Filling up the DagBag from /home/airflow/.local/lib/python3.7/site-packages/airflow/example_dags/example_dag_decorator.py
[2023-03-11T13:38:03.055+0000] {logging_mixin.py:120} INFO - [2023-03-11T13:38:03.055+0000] {taskmixin.py:205} WARNING - Dependency <Task(_PythonDecoratedOperator): prepare_email>, send_email already registered for DAG: example_dag_decorator
[2023-03-11T13:38:03.056+0000] {logging_mixin.py:120} INFO - [2023-03-11T13:38:03.056+0000] {taskmixin.py:205} WARNING - Dependency <Task(EmailOperator): send_email>, prepare_email already registered for DAG: example_dag_decorator
[2023-03-11T13:38:03.078+0000] {processor.py:766} INFO - DAG(s) dict_keys(['example_dag_decorator']) retrieved from /home/airflow/.local/lib/python3.7/site-packages/airflow/example_dags/example_dag_decorator.py
[2023-03-11T13:38:03.194+0000] {logging_mixin.py:120} INFO - [2023-03-11T13:38:03.194+0000] {dag.py:2585} INFO - Sync 1 DAGs
[2023-03-11T13:38:03.215+0000] {logging_mixin.py:120} INFO - [2023-03-11T13:38:03.215+0000] {dag.py:3340} INFO - Setting next_dagrun for example_dag_decorator to None, run_after=None
[2023-03-11T13:38:03.231+0000] {processor.py:176} INFO - Processing /home/airflow/.local/lib/python3.7/site-packages/airflow/example_dags/example_dag_decorator.py took 0.210 seconds
[2023-03-11T14:48:00.530+0000] {processor.py:154} INFO - Started process (PID=35914) to work on /home/airflow/.local/lib/python3.7/site-packages/airflow/example_dags/example_dag_decorator.py
[2023-03-11T14:48:00.531+0000] {processor.py:756} INFO - Processing file /home/airflow/.local/lib/python3.7/site-packages/airflow/example_dags/example_dag_decorator.py for tasks to queue
[2023-03-11T14:48:00.532+0000] {logging_mixin.py:120} INFO - [2023-03-11T14:48:00.532+0000] {dagbag.py:537} INFO - Filling up the DagBag from /home/airflow/.local/lib/python3.7/site-packages/airflow/example_dags/example_dag_decorator.py
[2023-03-11T14:48:00.548+0000] {logging_mixin.py:120} INFO - [2023-03-11T14:48:00.548+0000] {taskmixin.py:205} WARNING - Dependency <Task(_PythonDecoratedOperator): prepare_email>, send_email already registered for DAG: example_dag_decorator
[2023-03-11T14:48:00.553+0000] {logging_mixin.py:120} INFO - [2023-03-11T14:48:00.553+0000] {taskmixin.py:205} WARNING - Dependency <Task(EmailOperator): send_email>, prepare_email already registered for DAG: example_dag_decorator
[2023-03-11T14:48:00.568+0000] {processor.py:766} INFO - DAG(s) dict_keys(['example_dag_decorator']) retrieved from /home/airflow/.local/lib/python3.7/site-packages/airflow/example_dags/example_dag_decorator.py
[2023-03-11T14:48:00.628+0000] {logging_mixin.py:120} INFO - [2023-03-11T14:48:00.627+0000] {dag.py:2585} INFO - Sync 1 DAGs
[2023-03-11T14:48:00.642+0000] {logging_mixin.py:120} INFO - [2023-03-11T14:48:00.642+0000] {dag.py:3340} INFO - Setting next_dagrun for example_dag_decorator to None, run_after=None
[2023-03-11T14:48:00.665+0000] {processor.py:176} INFO - Processing /home/airflow/.local/lib/python3.7/site-packages/airflow/example_dags/example_dag_decorator.py took 0.137 seconds
[2023-03-11T16:07:42.633+0000] {processor.py:154} INFO - Started process (PID=35977) to work on /home/airflow/.local/lib/python3.7/site-packages/airflow/example_dags/example_dag_decorator.py
[2023-03-11T16:07:42.634+0000] {processor.py:756} INFO - Processing file /home/airflow/.local/lib/python3.7/site-packages/airflow/example_dags/example_dag_decorator.py for tasks to queue
[2023-03-11T16:07:42.635+0000] {logging_mixin.py:120} INFO - [2023-03-11T16:07:42.635+0000] {dagbag.py:537} INFO - Filling up the DagBag from /home/airflow/.local/lib/python3.7/site-packages/airflow/example_dags/example_dag_decorator.py
[2023-03-11T16:07:42.652+0000] {logging_mixin.py:120} INFO - [2023-03-11T16:07:42.652+0000] {taskmixin.py:205} WARNING - Dependency <Task(_PythonDecoratedOperator): prepare_email>, send_email already registered for DAG: example_dag_decorator
[2023-03-11T16:07:42.653+0000] {logging_mixin.py:120} INFO - [2023-03-11T16:07:42.653+0000] {taskmixin.py:205} WARNING - Dependency <Task(EmailOperator): send_email>, prepare_email already registered for DAG: example_dag_decorator
[2023-03-11T16:07:42.664+0000] {processor.py:766} INFO - DAG(s) dict_keys(['example_dag_decorator']) retrieved from /home/airflow/.local/lib/python3.7/site-packages/airflow/example_dags/example_dag_decorator.py
[2023-03-11T16:07:42.739+0000] {logging_mixin.py:120} INFO - [2023-03-11T16:07:42.739+0000] {dag.py:2585} INFO - Sync 1 DAGs
[2023-03-11T16:07:42.756+0000] {logging_mixin.py:120} INFO - [2023-03-11T16:07:42.756+0000] {dag.py:3340} INFO - Setting next_dagrun for example_dag_decorator to None, run_after=None
[2023-03-11T16:07:42.775+0000] {processor.py:176} INFO - Processing /home/airflow/.local/lib/python3.7/site-packages/airflow/example_dags/example_dag_decorator.py took 0.144 seconds
[2023-03-11T17:14:07.407+0000] {processor.py:154} INFO - Started process (PID=36040) to work on /home/airflow/.local/lib/python3.7/site-packages/airflow/example_dags/example_dag_decorator.py
[2023-03-11T17:14:07.409+0000] {processor.py:756} INFO - Processing file /home/airflow/.local/lib/python3.7/site-packages/airflow/example_dags/example_dag_decorator.py for tasks to queue
[2023-03-11T17:14:07.415+0000] {logging_mixin.py:120} INFO - [2023-03-11T17:14:07.415+0000] {dagbag.py:537} INFO - Filling up the DagBag from /home/airflow/.local/lib/python3.7/site-packages/airflow/example_dags/example_dag_decorator.py
[2023-03-11T17:14:07.431+0000] {logging_mixin.py:120} INFO - [2023-03-11T17:14:07.431+0000] {taskmixin.py:205} WARNING - Dependency <Task(_PythonDecoratedOperator): prepare_email>, send_email already registered for DAG: example_dag_decorator
[2023-03-11T17:14:07.431+0000] {logging_mixin.py:120} INFO - [2023-03-11T17:14:07.431+0000] {taskmixin.py:205} WARNING - Dependency <Task(EmailOperator): send_email>, prepare_email already registered for DAG: example_dag_decorator
[2023-03-11T17:14:07.442+0000] {processor.py:766} INFO - DAG(s) dict_keys(['example_dag_decorator']) retrieved from /home/airflow/.local/lib/python3.7/site-packages/airflow/example_dags/example_dag_decorator.py
[2023-03-11T17:14:07.523+0000] {logging_mixin.py:120} INFO - [2023-03-11T17:14:07.523+0000] {dag.py:2585} INFO - Sync 1 DAGs
[2023-03-11T17:14:07.547+0000] {logging_mixin.py:120} INFO - [2023-03-11T17:14:07.547+0000] {dag.py:3340} INFO - Setting next_dagrun for example_dag_decorator to None, run_after=None
[2023-03-11T17:14:07.570+0000] {processor.py:176} INFO - Processing /home/airflow/.local/lib/python3.7/site-packages/airflow/example_dags/example_dag_decorator.py took 0.167 seconds
[2023-03-11T18:22:31.729+0000] {processor.py:154} INFO - Started process (PID=36102) to work on /home/airflow/.local/lib/python3.7/site-packages/airflow/example_dags/example_dag_decorator.py
[2023-03-11T18:22:31.731+0000] {processor.py:756} INFO - Processing file /home/airflow/.local/lib/python3.7/site-packages/airflow/example_dags/example_dag_decorator.py for tasks to queue
[2023-03-11T18:22:31.731+0000] {logging_mixin.py:120} INFO - [2023-03-11T18:22:31.731+0000] {dagbag.py:537} INFO - Filling up the DagBag from /home/airflow/.local/lib/python3.7/site-packages/airflow/example_dags/example_dag_decorator.py
[2023-03-11T18:22:31.749+0000] {logging_mixin.py:120} INFO - [2023-03-11T18:22:31.749+0000] {taskmixin.py:205} WARNING - Dependency <Task(_PythonDecoratedOperator): prepare_email>, send_email already registered for DAG: example_dag_decorator
[2023-03-11T18:22:31.750+0000] {logging_mixin.py:120} INFO - [2023-03-11T18:22:31.750+0000] {taskmixin.py:205} WARNING - Dependency <Task(EmailOperator): send_email>, prepare_email already registered for DAG: example_dag_decorator
[2023-03-11T18:22:31.767+0000] {processor.py:766} INFO - DAG(s) dict_keys(['example_dag_decorator']) retrieved from /home/airflow/.local/lib/python3.7/site-packages/airflow/example_dags/example_dag_decorator.py
[2023-03-11T18:22:31.863+0000] {logging_mixin.py:120} INFO - [2023-03-11T18:22:31.863+0000] {dag.py:2585} INFO - Sync 1 DAGs
[2023-03-11T18:22:31.881+0000] {logging_mixin.py:120} INFO - [2023-03-11T18:22:31.881+0000] {dag.py:3340} INFO - Setting next_dagrun for example_dag_decorator to None, run_after=None
[2023-03-11T18:22:31.897+0000] {processor.py:176} INFO - Processing /home/airflow/.local/lib/python3.7/site-packages/airflow/example_dags/example_dag_decorator.py took 0.173 seconds
[2023-03-11T19:27:38.133+0000] {processor.py:154} INFO - Started process (PID=36165) to work on /home/airflow/.local/lib/python3.7/site-packages/airflow/example_dags/example_dag_decorator.py
[2023-03-11T19:27:38.134+0000] {processor.py:756} INFO - Processing file /home/airflow/.local/lib/python3.7/site-packages/airflow/example_dags/example_dag_decorator.py for tasks to queue
[2023-03-11T19:27:38.135+0000] {logging_mixin.py:120} INFO - [2023-03-11T19:27:38.135+0000] {dagbag.py:537} INFO - Filling up the DagBag from /home/airflow/.local/lib/python3.7/site-packages/airflow/example_dags/example_dag_decorator.py
[2023-03-11T19:27:38.155+0000] {logging_mixin.py:120} INFO - [2023-03-11T19:27:38.155+0000] {taskmixin.py:205} WARNING - Dependency <Task(_PythonDecoratedOperator): prepare_email>, send_email already registered for DAG: example_dag_decorator
[2023-03-11T19:27:38.164+0000] {logging_mixin.py:120} INFO - [2023-03-11T19:27:38.164+0000] {taskmixin.py:205} WARNING - Dependency <Task(EmailOperator): send_email>, prepare_email already registered for DAG: example_dag_decorator
[2023-03-11T19:27:38.172+0000] {processor.py:766} INFO - DAG(s) dict_keys(['example_dag_decorator']) retrieved from /home/airflow/.local/lib/python3.7/site-packages/airflow/example_dags/example_dag_decorator.py
[2023-03-11T19:27:38.282+0000] {logging_mixin.py:120} INFO - [2023-03-11T19:27:38.282+0000] {dag.py:2585} INFO - Sync 1 DAGs
[2023-03-11T19:27:38.301+0000] {logging_mixin.py:120} INFO - [2023-03-11T19:27:38.301+0000] {dag.py:3340} INFO - Setting next_dagrun for example_dag_decorator to None, run_after=None
[2023-03-11T19:27:38.319+0000] {processor.py:176} INFO - Processing /home/airflow/.local/lib/python3.7/site-packages/airflow/example_dags/example_dag_decorator.py took 0.189 seconds
[2023-03-11T20:33:23.262+0000] {processor.py:154} INFO - Started process (PID=36219) to work on /home/airflow/.local/lib/python3.7/site-packages/airflow/example_dags/example_dag_decorator.py
[2023-03-11T20:33:23.263+0000] {processor.py:756} INFO - Processing file /home/airflow/.local/lib/python3.7/site-packages/airflow/example_dags/example_dag_decorator.py for tasks to queue
[2023-03-11T20:33:23.264+0000] {logging_mixin.py:120} INFO - [2023-03-11T20:33:23.264+0000] {dagbag.py:537} INFO - Filling up the DagBag from /home/airflow/.local/lib/python3.7/site-packages/airflow/example_dags/example_dag_decorator.py
[2023-03-11T20:33:23.275+0000] {logging_mixin.py:120} INFO - [2023-03-11T20:33:23.275+0000] {taskmixin.py:205} WARNING - Dependency <Task(_PythonDecoratedOperator): prepare_email>, send_email already registered for DAG: example_dag_decorator
[2023-03-11T20:33:23.276+0000] {logging_mixin.py:120} INFO - [2023-03-11T20:33:23.276+0000] {taskmixin.py:205} WARNING - Dependency <Task(EmailOperator): send_email>, prepare_email already registered for DAG: example_dag_decorator
[2023-03-11T20:33:23.286+0000] {processor.py:766} INFO - DAG(s) dict_keys(['example_dag_decorator']) retrieved from /home/airflow/.local/lib/python3.7/site-packages/airflow/example_dags/example_dag_decorator.py
[2023-03-11T20:33:23.363+0000] {logging_mixin.py:120} INFO - [2023-03-11T20:33:23.363+0000] {dag.py:2585} INFO - Sync 1 DAGs
[2023-03-11T20:33:23.379+0000] {logging_mixin.py:120} INFO - [2023-03-11T20:33:23.379+0000] {dag.py:3340} INFO - Setting next_dagrun for example_dag_decorator to None, run_after=None
[2023-03-11T20:33:23.398+0000] {processor.py:176} INFO - Processing /home/airflow/.local/lib/python3.7/site-packages/airflow/example_dags/example_dag_decorator.py took 0.139 seconds
[2023-03-11T21:49:22.467+0000] {processor.py:154} INFO - Started process (PID=36282) to work on /home/airflow/.local/lib/python3.7/site-packages/airflow/example_dags/example_dag_decorator.py
[2023-03-11T21:49:22.469+0000] {processor.py:756} INFO - Processing file /home/airflow/.local/lib/python3.7/site-packages/airflow/example_dags/example_dag_decorator.py for tasks to queue
[2023-03-11T21:49:22.470+0000] {logging_mixin.py:120} INFO - [2023-03-11T21:49:22.470+0000] {dagbag.py:537} INFO - Filling up the DagBag from /home/airflow/.local/lib/python3.7/site-packages/airflow/example_dags/example_dag_decorator.py
[2023-03-11T21:49:22.480+0000] {logging_mixin.py:120} INFO - [2023-03-11T21:49:22.480+0000] {taskmixin.py:205} WARNING - Dependency <Task(_PythonDecoratedOperator): prepare_email>, send_email already registered for DAG: example_dag_decorator
[2023-03-11T21:49:22.481+0000] {logging_mixin.py:120} INFO - [2023-03-11T21:49:22.481+0000] {taskmixin.py:205} WARNING - Dependency <Task(EmailOperator): send_email>, prepare_email already registered for DAG: example_dag_decorator
[2023-03-11T21:49:22.490+0000] {processor.py:766} INFO - DAG(s) dict_keys(['example_dag_decorator']) retrieved from /home/airflow/.local/lib/python3.7/site-packages/airflow/example_dags/example_dag_decorator.py
[2023-03-11T21:49:22.570+0000] {logging_mixin.py:120} INFO - [2023-03-11T21:49:22.570+0000] {dag.py:2585} INFO - Sync 1 DAGs
[2023-03-11T21:49:22.591+0000] {logging_mixin.py:120} INFO - [2023-03-11T21:49:22.591+0000] {dag.py:3340} INFO - Setting next_dagrun for example_dag_decorator to None, run_after=None
[2023-03-11T21:49:22.608+0000] {processor.py:176} INFO - Processing /home/airflow/.local/lib/python3.7/site-packages/airflow/example_dags/example_dag_decorator.py took 0.146 seconds
[2023-03-11T22:58:04.682+0000] {processor.py:154} INFO - Started process (PID=36345) to work on /home/airflow/.local/lib/python3.7/site-packages/airflow/example_dags/example_dag_decorator.py
[2023-03-11T22:58:04.687+0000] {processor.py:756} INFO - Processing file /home/airflow/.local/lib/python3.7/site-packages/airflow/example_dags/example_dag_decorator.py for tasks to queue
[2023-03-11T22:58:04.694+0000] {logging_mixin.py:120} INFO - [2023-03-11T22:58:04.694+0000] {dagbag.py:537} INFO - Filling up the DagBag from /home/airflow/.local/lib/python3.7/site-packages/airflow/example_dags/example_dag_decorator.py
[2023-03-11T22:58:04.721+0000] {logging_mixin.py:120} INFO - [2023-03-11T22:58:04.718+0000] {taskmixin.py:205} WARNING - Dependency <Task(_PythonDecoratedOperator): prepare_email>, send_email already registered for DAG: example_dag_decorator
[2023-03-11T22:58:04.722+0000] {logging_mixin.py:120} INFO - [2023-03-11T22:58:04.721+0000] {taskmixin.py:205} WARNING - Dependency <Task(EmailOperator): send_email>, prepare_email already registered for DAG: example_dag_decorator
[2023-03-11T22:58:04.736+0000] {processor.py:766} INFO - DAG(s) dict_keys(['example_dag_decorator']) retrieved from /home/airflow/.local/lib/python3.7/site-packages/airflow/example_dags/example_dag_decorator.py
[2023-03-11T22:58:04.820+0000] {logging_mixin.py:120} INFO - [2023-03-11T22:58:04.820+0000] {dag.py:2585} INFO - Sync 1 DAGs
[2023-03-11T22:58:04.848+0000] {logging_mixin.py:120} INFO - [2023-03-11T22:58:04.848+0000] {dag.py:3340} INFO - Setting next_dagrun for example_dag_decorator to None, run_after=None
[2023-03-11T22:58:04.874+0000] {processor.py:176} INFO - Processing /home/airflow/.local/lib/python3.7/site-packages/airflow/example_dags/example_dag_decorator.py took 0.194 seconds
