[2023-03-11T00:06:55.962+0000] {processor.py:154} INFO - Started process (PID=35111) to work on /home/airflow/.local/lib/python3.7/site-packages/airflow/example_dags/example_trigger_controller_dag.py
[2023-03-11T00:06:55.964+0000] {processor.py:756} INFO - Processing file /home/airflow/.local/lib/python3.7/site-packages/airflow/example_dags/example_trigger_controller_dag.py for tasks to queue
[2023-03-11T00:06:55.964+0000] {logging_mixin.py:120} INFO - [2023-03-11T00:06:55.964+0000] {dagbag.py:537} INFO - Filling up the DagBag from /home/airflow/.local/lib/python3.7/site-packages/airflow/example_dags/example_trigger_controller_dag.py
[2023-03-11T00:06:55.977+0000] {processor.py:766} INFO - DAG(s) dict_keys(['example_trigger_controller_dag']) retrieved from /home/airflow/.local/lib/python3.7/site-packages/airflow/example_dags/example_trigger_controller_dag.py
[2023-03-11T00:06:56.020+0000] {logging_mixin.py:120} INFO - [2023-03-11T00:06:56.020+0000] {dag.py:2585} INFO - Sync 1 DAGs
[2023-03-11T00:06:56.044+0000] {logging_mixin.py:120} INFO - [2023-03-11T00:06:56.044+0000] {dag.py:3340} INFO - Setting next_dagrun for example_trigger_controller_dag to 2021-01-01T00:00:00+00:00, run_after=2021-01-01T00:00:00+00:00
[2023-03-11T00:06:56.061+0000] {processor.py:176} INFO - Processing /home/airflow/.local/lib/python3.7/site-packages/airflow/example_dags/example_trigger_controller_dag.py took 0.103 seconds
[2023-03-11T01:13:27.533+0000] {processor.py:154} INFO - Started process (PID=35174) to work on /home/airflow/.local/lib/python3.7/site-packages/airflow/example_dags/example_trigger_controller_dag.py
[2023-03-11T01:13:27.535+0000] {processor.py:756} INFO - Processing file /home/airflow/.local/lib/python3.7/site-packages/airflow/example_dags/example_trigger_controller_dag.py for tasks to queue
[2023-03-11T01:13:27.536+0000] {logging_mixin.py:120} INFO - [2023-03-11T01:13:27.536+0000] {dagbag.py:537} INFO - Filling up the DagBag from /home/airflow/.local/lib/python3.7/site-packages/airflow/example_dags/example_trigger_controller_dag.py
[2023-03-11T01:13:27.554+0000] {processor.py:766} INFO - DAG(s) dict_keys(['example_trigger_controller_dag']) retrieved from /home/airflow/.local/lib/python3.7/site-packages/airflow/example_dags/example_trigger_controller_dag.py
[2023-03-11T01:13:27.613+0000] {logging_mixin.py:120} INFO - [2023-03-11T01:13:27.613+0000] {dag.py:2585} INFO - Sync 1 DAGs
[2023-03-11T01:13:27.634+0000] {logging_mixin.py:120} INFO - [2023-03-11T01:13:27.634+0000] {dag.py:3340} INFO - Setting next_dagrun for example_trigger_controller_dag to 2021-01-01T00:00:00+00:00, run_after=2021-01-01T00:00:00+00:00
[2023-03-11T01:13:27.649+0000] {processor.py:176} INFO - Processing /home/airflow/.local/lib/python3.7/site-packages/airflow/example_dags/example_trigger_controller_dag.py took 0.118 seconds
[2023-03-11T02:21:50.801+0000] {processor.py:154} INFO - Started process (PID=35238) to work on /home/airflow/.local/lib/python3.7/site-packages/airflow/example_dags/example_trigger_controller_dag.py
[2023-03-11T02:21:50.803+0000] {processor.py:756} INFO - Processing file /home/airflow/.local/lib/python3.7/site-packages/airflow/example_dags/example_trigger_controller_dag.py for tasks to queue
[2023-03-11T02:21:50.804+0000] {logging_mixin.py:120} INFO - [2023-03-11T02:21:50.804+0000] {dagbag.py:537} INFO - Filling up the DagBag from /home/airflow/.local/lib/python3.7/site-packages/airflow/example_dags/example_trigger_controller_dag.py
[2023-03-11T02:21:50.818+0000] {processor.py:766} INFO - DAG(s) dict_keys(['example_trigger_controller_dag']) retrieved from /home/airflow/.local/lib/python3.7/site-packages/airflow/example_dags/example_trigger_controller_dag.py
[2023-03-11T02:21:50.862+0000] {logging_mixin.py:120} INFO - [2023-03-11T02:21:50.862+0000] {dag.py:2585} INFO - Sync 1 DAGs
[2023-03-11T02:21:50.882+0000] {logging_mixin.py:120} INFO - [2023-03-11T02:21:50.882+0000] {dag.py:3340} INFO - Setting next_dagrun for example_trigger_controller_dag to 2021-01-01T00:00:00+00:00, run_after=2021-01-01T00:00:00+00:00
[2023-03-11T02:21:50.902+0000] {processor.py:176} INFO - Processing /home/airflow/.local/lib/python3.7/site-packages/airflow/example_dags/example_trigger_controller_dag.py took 0.111 seconds
[2023-03-11T03:28:22.460+0000] {processor.py:154} INFO - Started process (PID=35292) to work on /home/airflow/.local/lib/python3.7/site-packages/airflow/example_dags/example_trigger_controller_dag.py
[2023-03-11T03:28:22.461+0000] {processor.py:756} INFO - Processing file /home/airflow/.local/lib/python3.7/site-packages/airflow/example_dags/example_trigger_controller_dag.py for tasks to queue
[2023-03-11T03:28:22.462+0000] {logging_mixin.py:120} INFO - [2023-03-11T03:28:22.462+0000] {dagbag.py:537} INFO - Filling up the DagBag from /home/airflow/.local/lib/python3.7/site-packages/airflow/example_dags/example_trigger_controller_dag.py
[2023-03-11T03:28:22.485+0000] {processor.py:766} INFO - DAG(s) dict_keys(['example_trigger_controller_dag']) retrieved from /home/airflow/.local/lib/python3.7/site-packages/airflow/example_dags/example_trigger_controller_dag.py
[2023-03-11T03:28:22.543+0000] {logging_mixin.py:120} INFO - [2023-03-11T03:28:22.542+0000] {dag.py:2585} INFO - Sync 1 DAGs
[2023-03-11T03:28:22.568+0000] {logging_mixin.py:120} INFO - [2023-03-11T03:28:22.567+0000] {dag.py:3340} INFO - Setting next_dagrun for example_trigger_controller_dag to 2021-01-01T00:00:00+00:00, run_after=2021-01-01T00:00:00+00:00
[2023-03-11T03:28:22.598+0000] {processor.py:176} INFO - Processing /home/airflow/.local/lib/python3.7/site-packages/airflow/example_dags/example_trigger_controller_dag.py took 0.141 seconds
[2023-03-11T04:35:24.987+0000] {processor.py:154} INFO - Started process (PID=35356) to work on /home/airflow/.local/lib/python3.7/site-packages/airflow/example_dags/example_trigger_controller_dag.py
[2023-03-11T04:35:24.989+0000] {processor.py:756} INFO - Processing file /home/airflow/.local/lib/python3.7/site-packages/airflow/example_dags/example_trigger_controller_dag.py for tasks to queue
[2023-03-11T04:35:24.993+0000] {logging_mixin.py:120} INFO - [2023-03-11T04:35:24.993+0000] {dagbag.py:537} INFO - Filling up the DagBag from /home/airflow/.local/lib/python3.7/site-packages/airflow/example_dags/example_trigger_controller_dag.py
[2023-03-11T04:35:25.006+0000] {processor.py:766} INFO - DAG(s) dict_keys(['example_trigger_controller_dag']) retrieved from /home/airflow/.local/lib/python3.7/site-packages/airflow/example_dags/example_trigger_controller_dag.py
[2023-03-11T04:35:25.072+0000] {logging_mixin.py:120} INFO - [2023-03-11T04:35:25.072+0000] {dag.py:2585} INFO - Sync 1 DAGs
[2023-03-11T04:35:25.098+0000] {logging_mixin.py:120} INFO - [2023-03-11T04:35:25.098+0000] {dag.py:3340} INFO - Setting next_dagrun for example_trigger_controller_dag to 2021-01-01T00:00:00+00:00, run_after=2021-01-01T00:00:00+00:00
[2023-03-11T04:35:25.135+0000] {processor.py:176} INFO - Processing /home/airflow/.local/lib/python3.7/site-packages/airflow/example_dags/example_trigger_controller_dag.py took 0.151 seconds
[2023-03-11T05:41:14.799+0000] {processor.py:154} INFO - Started process (PID=35419) to work on /home/airflow/.local/lib/python3.7/site-packages/airflow/example_dags/example_trigger_controller_dag.py
[2023-03-11T05:41:14.802+0000] {processor.py:756} INFO - Processing file /home/airflow/.local/lib/python3.7/site-packages/airflow/example_dags/example_trigger_controller_dag.py for tasks to queue
[2023-03-11T05:41:14.803+0000] {logging_mixin.py:120} INFO - [2023-03-11T05:41:14.803+0000] {dagbag.py:537} INFO - Filling up the DagBag from /home/airflow/.local/lib/python3.7/site-packages/airflow/example_dags/example_trigger_controller_dag.py
[2023-03-11T05:41:14.820+0000] {processor.py:766} INFO - DAG(s) dict_keys(['example_trigger_controller_dag']) retrieved from /home/airflow/.local/lib/python3.7/site-packages/airflow/example_dags/example_trigger_controller_dag.py
[2023-03-11T05:41:14.873+0000] {logging_mixin.py:120} INFO - [2023-03-11T05:41:14.873+0000] {dag.py:2585} INFO - Sync 1 DAGs
[2023-03-11T05:41:14.897+0000] {logging_mixin.py:120} INFO - [2023-03-11T05:41:14.897+0000] {dag.py:3340} INFO - Setting next_dagrun for example_trigger_controller_dag to 2021-01-01T00:00:00+00:00, run_after=2021-01-01T00:00:00+00:00
[2023-03-11T05:41:14.914+0000] {processor.py:176} INFO - Processing /home/airflow/.local/lib/python3.7/site-packages/airflow/example_dags/example_trigger_controller_dag.py took 0.118 seconds
[2023-03-11T06:48:03.676+0000] {processor.py:154} INFO - Started process (PID=35482) to work on /home/airflow/.local/lib/python3.7/site-packages/airflow/example_dags/example_trigger_controller_dag.py
[2023-03-11T06:48:03.677+0000] {processor.py:756} INFO - Processing file /home/airflow/.local/lib/python3.7/site-packages/airflow/example_dags/example_trigger_controller_dag.py for tasks to queue
[2023-03-11T06:48:03.677+0000] {logging_mixin.py:120} INFO - [2023-03-11T06:48:03.677+0000] {dagbag.py:537} INFO - Filling up the DagBag from /home/airflow/.local/lib/python3.7/site-packages/airflow/example_dags/example_trigger_controller_dag.py
[2023-03-11T06:48:03.695+0000] {processor.py:766} INFO - DAG(s) dict_keys(['example_trigger_controller_dag']) retrieved from /home/airflow/.local/lib/python3.7/site-packages/airflow/example_dags/example_trigger_controller_dag.py
[2023-03-11T06:48:03.745+0000] {logging_mixin.py:120} INFO - [2023-03-11T06:48:03.745+0000] {dag.py:2585} INFO - Sync 1 DAGs
[2023-03-11T06:48:03.765+0000] {logging_mixin.py:120} INFO - [2023-03-11T06:48:03.765+0000] {dag.py:3340} INFO - Setting next_dagrun for example_trigger_controller_dag to 2021-01-01T00:00:00+00:00, run_after=2021-01-01T00:00:00+00:00
[2023-03-11T06:48:03.782+0000] {processor.py:176} INFO - Processing /home/airflow/.local/lib/python3.7/site-packages/airflow/example_dags/example_trigger_controller_dag.py took 0.115 seconds
[2023-03-11T07:54:07.212+0000] {processor.py:154} INFO - Started process (PID=35545) to work on /home/airflow/.local/lib/python3.7/site-packages/airflow/example_dags/example_trigger_controller_dag.py
[2023-03-11T07:54:07.212+0000] {processor.py:756} INFO - Processing file /home/airflow/.local/lib/python3.7/site-packages/airflow/example_dags/example_trigger_controller_dag.py for tasks to queue
[2023-03-11T07:54:07.213+0000] {logging_mixin.py:120} INFO - [2023-03-11T07:54:07.213+0000] {dagbag.py:537} INFO - Filling up the DagBag from /home/airflow/.local/lib/python3.7/site-packages/airflow/example_dags/example_trigger_controller_dag.py
[2023-03-11T07:54:07.229+0000] {processor.py:766} INFO - DAG(s) dict_keys(['example_trigger_controller_dag']) retrieved from /home/airflow/.local/lib/python3.7/site-packages/airflow/example_dags/example_trigger_controller_dag.py
[2023-03-11T07:54:07.290+0000] {logging_mixin.py:120} INFO - [2023-03-11T07:54:07.290+0000] {dag.py:2585} INFO - Sync 1 DAGs
[2023-03-11T07:54:07.313+0000] {logging_mixin.py:120} INFO - [2023-03-11T07:54:07.313+0000] {dag.py:3340} INFO - Setting next_dagrun for example_trigger_controller_dag to 2021-01-01T00:00:00+00:00, run_after=2021-01-01T00:00:00+00:00
[2023-03-11T07:54:07.341+0000] {processor.py:176} INFO - Processing /home/airflow/.local/lib/python3.7/site-packages/airflow/example_dags/example_trigger_controller_dag.py took 0.132 seconds
[2023-03-11T09:00:25.199+0000] {processor.py:154} INFO - Started process (PID=35599) to work on /home/airflow/.local/lib/python3.7/site-packages/airflow/example_dags/example_trigger_controller_dag.py
[2023-03-11T09:00:25.200+0000] {processor.py:756} INFO - Processing file /home/airflow/.local/lib/python3.7/site-packages/airflow/example_dags/example_trigger_controller_dag.py for tasks to queue
[2023-03-11T09:00:25.201+0000] {logging_mixin.py:120} INFO - [2023-03-11T09:00:25.201+0000] {dagbag.py:537} INFO - Filling up the DagBag from /home/airflow/.local/lib/python3.7/site-packages/airflow/example_dags/example_trigger_controller_dag.py
[2023-03-11T09:00:25.210+0000] {processor.py:766} INFO - DAG(s) dict_keys(['example_trigger_controller_dag']) retrieved from /home/airflow/.local/lib/python3.7/site-packages/airflow/example_dags/example_trigger_controller_dag.py
[2023-03-11T09:00:25.251+0000] {logging_mixin.py:120} INFO - [2023-03-11T09:00:25.250+0000] {dag.py:2585} INFO - Sync 1 DAGs
[2023-03-11T09:00:25.273+0000] {logging_mixin.py:120} INFO - [2023-03-11T09:00:25.273+0000] {dag.py:3340} INFO - Setting next_dagrun for example_trigger_controller_dag to 2021-01-01T00:00:00+00:00, run_after=2021-01-01T00:00:00+00:00
[2023-03-11T09:00:25.288+0000] {processor.py:176} INFO - Processing /home/airflow/.local/lib/python3.7/site-packages/airflow/example_dags/example_trigger_controller_dag.py took 0.092 seconds
[2023-03-11T10:06:57.647+0000] {processor.py:154} INFO - Started process (PID=35662) to work on /home/airflow/.local/lib/python3.7/site-packages/airflow/example_dags/example_trigger_controller_dag.py
[2023-03-11T10:06:57.648+0000] {processor.py:756} INFO - Processing file /home/airflow/.local/lib/python3.7/site-packages/airflow/example_dags/example_trigger_controller_dag.py for tasks to queue
[2023-03-11T10:06:57.649+0000] {logging_mixin.py:120} INFO - [2023-03-11T10:06:57.649+0000] {dagbag.py:537} INFO - Filling up the DagBag from /home/airflow/.local/lib/python3.7/site-packages/airflow/example_dags/example_trigger_controller_dag.py
[2023-03-11T10:06:57.658+0000] {processor.py:766} INFO - DAG(s) dict_keys(['example_trigger_controller_dag']) retrieved from /home/airflow/.local/lib/python3.7/site-packages/airflow/example_dags/example_trigger_controller_dag.py
[2023-03-11T10:06:57.714+0000] {logging_mixin.py:120} INFO - [2023-03-11T10:06:57.714+0000] {dag.py:2585} INFO - Sync 1 DAGs
[2023-03-11T10:06:57.732+0000] {logging_mixin.py:120} INFO - [2023-03-11T10:06:57.732+0000] {dag.py:3340} INFO - Setting next_dagrun for example_trigger_controller_dag to 2021-01-01T00:00:00+00:00, run_after=2021-01-01T00:00:00+00:00
[2023-03-11T10:06:57.743+0000] {processor.py:176} INFO - Processing /home/airflow/.local/lib/python3.7/site-packages/airflow/example_dags/example_trigger_controller_dag.py took 0.100 seconds
[2023-03-11T11:31:10.664+0000] {processor.py:154} INFO - Started process (PID=35725) to work on /home/airflow/.local/lib/python3.7/site-packages/airflow/example_dags/example_trigger_controller_dag.py
[2023-03-11T11:31:10.666+0000] {processor.py:756} INFO - Processing file /home/airflow/.local/lib/python3.7/site-packages/airflow/example_dags/example_trigger_controller_dag.py for tasks to queue
[2023-03-11T11:31:10.667+0000] {logging_mixin.py:120} INFO - [2023-03-11T11:31:10.667+0000] {dagbag.py:537} INFO - Filling up the DagBag from /home/airflow/.local/lib/python3.7/site-packages/airflow/example_dags/example_trigger_controller_dag.py
[2023-03-11T11:31:10.676+0000] {processor.py:766} INFO - DAG(s) dict_keys(['example_trigger_controller_dag']) retrieved from /home/airflow/.local/lib/python3.7/site-packages/airflow/example_dags/example_trigger_controller_dag.py
[2023-03-11T11:31:10.709+0000] {logging_mixin.py:120} INFO - [2023-03-11T11:31:10.709+0000] {dag.py:2585} INFO - Sync 1 DAGs
[2023-03-11T11:31:10.725+0000] {logging_mixin.py:120} INFO - [2023-03-11T11:31:10.725+0000] {dag.py:3340} INFO - Setting next_dagrun for example_trigger_controller_dag to 2021-01-01T00:00:00+00:00, run_after=2021-01-01T00:00:00+00:00
[2023-03-11T11:31:10.738+0000] {processor.py:176} INFO - Processing /home/airflow/.local/lib/python3.7/site-packages/airflow/example_dags/example_trigger_controller_dag.py took 0.077 seconds
[2023-03-11T12:37:40.935+0000] {processor.py:154} INFO - Started process (PID=35788) to work on /home/airflow/.local/lib/python3.7/site-packages/airflow/example_dags/example_trigger_controller_dag.py
[2023-03-11T12:37:40.938+0000] {processor.py:756} INFO - Processing file /home/airflow/.local/lib/python3.7/site-packages/airflow/example_dags/example_trigger_controller_dag.py for tasks to queue
[2023-03-11T12:37:40.939+0000] {logging_mixin.py:120} INFO - [2023-03-11T12:37:40.938+0000] {dagbag.py:537} INFO - Filling up the DagBag from /home/airflow/.local/lib/python3.7/site-packages/airflow/example_dags/example_trigger_controller_dag.py
[2023-03-11T12:37:40.949+0000] {processor.py:766} INFO - DAG(s) dict_keys(['example_trigger_controller_dag']) retrieved from /home/airflow/.local/lib/python3.7/site-packages/airflow/example_dags/example_trigger_controller_dag.py
[2023-03-11T12:37:40.988+0000] {logging_mixin.py:120} INFO - [2023-03-11T12:37:40.987+0000] {dag.py:2585} INFO - Sync 1 DAGs
[2023-03-11T12:37:41.009+0000] {logging_mixin.py:120} INFO - [2023-03-11T12:37:41.009+0000] {dag.py:3340} INFO - Setting next_dagrun for example_trigger_controller_dag to 2021-01-01T00:00:00+00:00, run_after=2021-01-01T00:00:00+00:00
[2023-03-11T12:37:41.027+0000] {processor.py:176} INFO - Processing /home/airflow/.local/lib/python3.7/site-packages/airflow/example_dags/example_trigger_controller_dag.py took 0.097 seconds
[2023-03-11T13:38:01.994+0000] {processor.py:154} INFO - Started process (PID=35850) to work on /home/airflow/.local/lib/python3.7/site-packages/airflow/example_dags/example_trigger_controller_dag.py
[2023-03-11T13:38:01.995+0000] {processor.py:756} INFO - Processing file /home/airflow/.local/lib/python3.7/site-packages/airflow/example_dags/example_trigger_controller_dag.py for tasks to queue
[2023-03-11T13:38:01.996+0000] {logging_mixin.py:120} INFO - [2023-03-11T13:38:01.996+0000] {dagbag.py:537} INFO - Filling up the DagBag from /home/airflow/.local/lib/python3.7/site-packages/airflow/example_dags/example_trigger_controller_dag.py
[2023-03-11T13:38:02.006+0000] {processor.py:766} INFO - DAG(s) dict_keys(['example_trigger_controller_dag']) retrieved from /home/airflow/.local/lib/python3.7/site-packages/airflow/example_dags/example_trigger_controller_dag.py
[2023-03-11T13:38:02.060+0000] {logging_mixin.py:120} INFO - [2023-03-11T13:38:02.060+0000] {dag.py:2585} INFO - Sync 1 DAGs
[2023-03-11T13:38:02.086+0000] {logging_mixin.py:120} INFO - [2023-03-11T13:38:02.086+0000] {dag.py:3340} INFO - Setting next_dagrun for example_trigger_controller_dag to 2021-01-01T00:00:00+00:00, run_after=2021-01-01T00:00:00+00:00
[2023-03-11T13:38:02.107+0000] {processor.py:176} INFO - Processing /home/airflow/.local/lib/python3.7/site-packages/airflow/example_dags/example_trigger_controller_dag.py took 0.115 seconds
[2023-03-11T14:47:59.715+0000] {processor.py:154} INFO - Started process (PID=35904) to work on /home/airflow/.local/lib/python3.7/site-packages/airflow/example_dags/example_trigger_controller_dag.py
[2023-03-11T14:47:59.718+0000] {processor.py:756} INFO - Processing file /home/airflow/.local/lib/python3.7/site-packages/airflow/example_dags/example_trigger_controller_dag.py for tasks to queue
[2023-03-11T14:47:59.719+0000] {logging_mixin.py:120} INFO - [2023-03-11T14:47:59.719+0000] {dagbag.py:537} INFO - Filling up the DagBag from /home/airflow/.local/lib/python3.7/site-packages/airflow/example_dags/example_trigger_controller_dag.py
[2023-03-11T14:47:59.727+0000] {processor.py:766} INFO - DAG(s) dict_keys(['example_trigger_controller_dag']) retrieved from /home/airflow/.local/lib/python3.7/site-packages/airflow/example_dags/example_trigger_controller_dag.py
[2023-03-11T14:47:59.756+0000] {logging_mixin.py:120} INFO - [2023-03-11T14:47:59.756+0000] {dag.py:2585} INFO - Sync 1 DAGs
[2023-03-11T14:47:59.773+0000] {logging_mixin.py:120} INFO - [2023-03-11T14:47:59.773+0000] {dag.py:3340} INFO - Setting next_dagrun for example_trigger_controller_dag to 2021-01-01T00:00:00+00:00, run_after=2021-01-01T00:00:00+00:00
[2023-03-11T14:47:59.825+0000] {processor.py:176} INFO - Processing /home/airflow/.local/lib/python3.7/site-packages/airflow/example_dags/example_trigger_controller_dag.py took 0.113 seconds
[2023-03-11T16:07:41.735+0000] {processor.py:154} INFO - Started process (PID=35967) to work on /home/airflow/.local/lib/python3.7/site-packages/airflow/example_dags/example_trigger_controller_dag.py
[2023-03-11T16:07:41.737+0000] {processor.py:756} INFO - Processing file /home/airflow/.local/lib/python3.7/site-packages/airflow/example_dags/example_trigger_controller_dag.py for tasks to queue
[2023-03-11T16:07:41.738+0000] {logging_mixin.py:120} INFO - [2023-03-11T16:07:41.737+0000] {dagbag.py:537} INFO - Filling up the DagBag from /home/airflow/.local/lib/python3.7/site-packages/airflow/example_dags/example_trigger_controller_dag.py
[2023-03-11T16:07:41.752+0000] {processor.py:766} INFO - DAG(s) dict_keys(['example_trigger_controller_dag']) retrieved from /home/airflow/.local/lib/python3.7/site-packages/airflow/example_dags/example_trigger_controller_dag.py
[2023-03-11T16:07:41.802+0000] {logging_mixin.py:120} INFO - [2023-03-11T16:07:41.801+0000] {dag.py:2585} INFO - Sync 1 DAGs
[2023-03-11T16:07:41.828+0000] {logging_mixin.py:120} INFO - [2023-03-11T16:07:41.828+0000] {dag.py:3340} INFO - Setting next_dagrun for example_trigger_controller_dag to 2021-01-01T00:00:00+00:00, run_after=2021-01-01T00:00:00+00:00
[2023-03-11T16:07:41.844+0000] {processor.py:176} INFO - Processing /home/airflow/.local/lib/python3.7/site-packages/airflow/example_dags/example_trigger_controller_dag.py took 0.116 seconds
[2023-03-11T17:14:06.559+0000] {processor.py:154} INFO - Started process (PID=36030) to work on /home/airflow/.local/lib/python3.7/site-packages/airflow/example_dags/example_trigger_controller_dag.py
[2023-03-11T17:14:06.560+0000] {processor.py:756} INFO - Processing file /home/airflow/.local/lib/python3.7/site-packages/airflow/example_dags/example_trigger_controller_dag.py for tasks to queue
[2023-03-11T17:14:06.561+0000] {logging_mixin.py:120} INFO - [2023-03-11T17:14:06.561+0000] {dagbag.py:537} INFO - Filling up the DagBag from /home/airflow/.local/lib/python3.7/site-packages/airflow/example_dags/example_trigger_controller_dag.py
[2023-03-11T17:14:06.571+0000] {processor.py:766} INFO - DAG(s) dict_keys(['example_trigger_controller_dag']) retrieved from /home/airflow/.local/lib/python3.7/site-packages/airflow/example_dags/example_trigger_controller_dag.py
[2023-03-11T17:14:06.606+0000] {logging_mixin.py:120} INFO - [2023-03-11T17:14:06.606+0000] {dag.py:2585} INFO - Sync 1 DAGs
[2023-03-11T17:14:06.626+0000] {logging_mixin.py:120} INFO - [2023-03-11T17:14:06.626+0000] {dag.py:3340} INFO - Setting next_dagrun for example_trigger_controller_dag to 2021-01-01T00:00:00+00:00, run_after=2021-01-01T00:00:00+00:00
[2023-03-11T17:14:06.642+0000] {processor.py:176} INFO - Processing /home/airflow/.local/lib/python3.7/site-packages/airflow/example_dags/example_trigger_controller_dag.py took 0.086 seconds
[2023-03-11T18:22:30.894+0000] {processor.py:154} INFO - Started process (PID=36092) to work on /home/airflow/.local/lib/python3.7/site-packages/airflow/example_dags/example_trigger_controller_dag.py
[2023-03-11T18:22:30.895+0000] {processor.py:756} INFO - Processing file /home/airflow/.local/lib/python3.7/site-packages/airflow/example_dags/example_trigger_controller_dag.py for tasks to queue
[2023-03-11T18:22:30.896+0000] {logging_mixin.py:120} INFO - [2023-03-11T18:22:30.896+0000] {dagbag.py:537} INFO - Filling up the DagBag from /home/airflow/.local/lib/python3.7/site-packages/airflow/example_dags/example_trigger_controller_dag.py
[2023-03-11T18:22:30.906+0000] {processor.py:766} INFO - DAG(s) dict_keys(['example_trigger_controller_dag']) retrieved from /home/airflow/.local/lib/python3.7/site-packages/airflow/example_dags/example_trigger_controller_dag.py
[2023-03-11T18:22:30.952+0000] {logging_mixin.py:120} INFO - [2023-03-11T18:22:30.952+0000] {dag.py:2585} INFO - Sync 1 DAGs
[2023-03-11T18:22:30.976+0000] {logging_mixin.py:120} INFO - [2023-03-11T18:22:30.976+0000] {dag.py:3340} INFO - Setting next_dagrun for example_trigger_controller_dag to 2021-01-01T00:00:00+00:00, run_after=2021-01-01T00:00:00+00:00
[2023-03-11T18:22:30.995+0000] {processor.py:176} INFO - Processing /home/airflow/.local/lib/python3.7/site-packages/airflow/example_dags/example_trigger_controller_dag.py took 0.104 seconds
[2023-03-11T19:27:37.285+0000] {processor.py:154} INFO - Started process (PID=36146) to work on /home/airflow/.local/lib/python3.7/site-packages/airflow/example_dags/example_trigger_controller_dag.py
[2023-03-11T19:27:37.287+0000] {processor.py:756} INFO - Processing file /home/airflow/.local/lib/python3.7/site-packages/airflow/example_dags/example_trigger_controller_dag.py for tasks to queue
[2023-03-11T19:27:37.288+0000] {logging_mixin.py:120} INFO - [2023-03-11T19:27:37.288+0000] {dagbag.py:537} INFO - Filling up the DagBag from /home/airflow/.local/lib/python3.7/site-packages/airflow/example_dags/example_trigger_controller_dag.py
[2023-03-11T19:27:37.299+0000] {processor.py:766} INFO - DAG(s) dict_keys(['example_trigger_controller_dag']) retrieved from /home/airflow/.local/lib/python3.7/site-packages/airflow/example_dags/example_trigger_controller_dag.py
[2023-03-11T19:27:37.329+0000] {logging_mixin.py:120} INFO - [2023-03-11T19:27:37.328+0000] {dag.py:2585} INFO - Sync 1 DAGs
[2023-03-11T19:27:37.349+0000] {logging_mixin.py:120} INFO - [2023-03-11T19:27:37.349+0000] {dag.py:3340} INFO - Setting next_dagrun for example_trigger_controller_dag to 2021-01-01T00:00:00+00:00, run_after=2021-01-01T00:00:00+00:00
[2023-03-11T19:27:37.369+0000] {processor.py:176} INFO - Processing /home/airflow/.local/lib/python3.7/site-packages/airflow/example_dags/example_trigger_controller_dag.py took 0.087 seconds
[2023-03-11T20:33:22.456+0000] {processor.py:154} INFO - Started process (PID=36209) to work on /home/airflow/.local/lib/python3.7/site-packages/airflow/example_dags/example_trigger_controller_dag.py
[2023-03-11T20:33:22.457+0000] {processor.py:756} INFO - Processing file /home/airflow/.local/lib/python3.7/site-packages/airflow/example_dags/example_trigger_controller_dag.py for tasks to queue
[2023-03-11T20:33:22.458+0000] {logging_mixin.py:120} INFO - [2023-03-11T20:33:22.458+0000] {dagbag.py:537} INFO - Filling up the DagBag from /home/airflow/.local/lib/python3.7/site-packages/airflow/example_dags/example_trigger_controller_dag.py
[2023-03-11T20:33:22.472+0000] {processor.py:766} INFO - DAG(s) dict_keys(['example_trigger_controller_dag']) retrieved from /home/airflow/.local/lib/python3.7/site-packages/airflow/example_dags/example_trigger_controller_dag.py
[2023-03-11T20:33:22.514+0000] {logging_mixin.py:120} INFO - [2023-03-11T20:33:22.514+0000] {dag.py:2585} INFO - Sync 1 DAGs
[2023-03-11T20:33:22.532+0000] {logging_mixin.py:120} INFO - [2023-03-11T20:33:22.532+0000] {dag.py:3340} INFO - Setting next_dagrun for example_trigger_controller_dag to 2021-01-01T00:00:00+00:00, run_after=2021-01-01T00:00:00+00:00
[2023-03-11T20:33:22.544+0000] {processor.py:176} INFO - Processing /home/airflow/.local/lib/python3.7/site-packages/airflow/example_dags/example_trigger_controller_dag.py took 0.090 seconds
[2023-03-11T21:49:21.542+0000] {processor.py:154} INFO - Started process (PID=36272) to work on /home/airflow/.local/lib/python3.7/site-packages/airflow/example_dags/example_trigger_controller_dag.py
[2023-03-11T21:49:21.544+0000] {processor.py:756} INFO - Processing file /home/airflow/.local/lib/python3.7/site-packages/airflow/example_dags/example_trigger_controller_dag.py for tasks to queue
[2023-03-11T21:49:21.546+0000] {logging_mixin.py:120} INFO - [2023-03-11T21:49:21.545+0000] {dagbag.py:537} INFO - Filling up the DagBag from /home/airflow/.local/lib/python3.7/site-packages/airflow/example_dags/example_trigger_controller_dag.py
[2023-03-11T21:49:21.555+0000] {processor.py:766} INFO - DAG(s) dict_keys(['example_trigger_controller_dag']) retrieved from /home/airflow/.local/lib/python3.7/site-packages/airflow/example_dags/example_trigger_controller_dag.py
[2023-03-11T21:49:21.616+0000] {logging_mixin.py:120} INFO - [2023-03-11T21:49:21.615+0000] {dag.py:2585} INFO - Sync 1 DAGs
[2023-03-11T21:49:21.641+0000] {logging_mixin.py:120} INFO - [2023-03-11T21:49:21.640+0000] {dag.py:3340} INFO - Setting next_dagrun for example_trigger_controller_dag to 2021-01-01T00:00:00+00:00, run_after=2021-01-01T00:00:00+00:00
[2023-03-11T21:49:21.665+0000] {processor.py:176} INFO - Processing /home/airflow/.local/lib/python3.7/site-packages/airflow/example_dags/example_trigger_controller_dag.py took 0.125 seconds
[2023-03-11T22:58:03.834+0000] {processor.py:154} INFO - Started process (PID=36335) to work on /home/airflow/.local/lib/python3.7/site-packages/airflow/example_dags/example_trigger_controller_dag.py
[2023-03-11T22:58:03.838+0000] {processor.py:756} INFO - Processing file /home/airflow/.local/lib/python3.7/site-packages/airflow/example_dags/example_trigger_controller_dag.py for tasks to queue
[2023-03-11T22:58:03.840+0000] {logging_mixin.py:120} INFO - [2023-03-11T22:58:03.840+0000] {dagbag.py:537} INFO - Filling up the DagBag from /home/airflow/.local/lib/python3.7/site-packages/airflow/example_dags/example_trigger_controller_dag.py
[2023-03-11T22:58:03.851+0000] {processor.py:766} INFO - DAG(s) dict_keys(['example_trigger_controller_dag']) retrieved from /home/airflow/.local/lib/python3.7/site-packages/airflow/example_dags/example_trigger_controller_dag.py
[2023-03-11T22:58:03.898+0000] {logging_mixin.py:120} INFO - [2023-03-11T22:58:03.897+0000] {dag.py:2585} INFO - Sync 1 DAGs
[2023-03-11T22:58:03.921+0000] {logging_mixin.py:120} INFO - [2023-03-11T22:58:03.921+0000] {dag.py:3340} INFO - Setting next_dagrun for example_trigger_controller_dag to 2021-01-01T00:00:00+00:00, run_after=2021-01-01T00:00:00+00:00
[2023-03-11T22:58:03.937+0000] {processor.py:176} INFO - Processing /home/airflow/.local/lib/python3.7/site-packages/airflow/example_dags/example_trigger_controller_dag.py took 0.106 seconds
