[2023-03-11T00:06:55.248+0000] {processor.py:154} INFO - Started process (PID=35103) to work on /home/airflow/.local/lib/python3.7/site-packages/airflow/example_dags/example_branch_python_dop_operator_3.py
[2023-03-11T00:06:55.249+0000] {processor.py:756} INFO - Processing file /home/airflow/.local/lib/python3.7/site-packages/airflow/example_dags/example_branch_python_dop_operator_3.py for tasks to queue
[2023-03-11T00:06:55.250+0000] {logging_mixin.py:120} INFO - [2023-03-11T00:06:55.250+0000] {dagbag.py:537} INFO - Filling up the DagBag from /home/airflow/.local/lib/python3.7/site-packages/airflow/example_dags/example_branch_python_dop_operator_3.py
[2023-03-11T00:06:55.275+0000] {processor.py:766} INFO - DAG(s) dict_keys(['example_branch_dop_operator_v3']) retrieved from /home/airflow/.local/lib/python3.7/site-packages/airflow/example_dags/example_branch_python_dop_operator_3.py
[2023-03-11T00:06:55.320+0000] {logging_mixin.py:120} INFO - [2023-03-11T00:06:55.320+0000] {dag.py:2585} INFO - Sync 1 DAGs
[2023-03-11T00:06:55.347+0000] {logging_mixin.py:120} INFO - [2023-03-11T00:06:55.347+0000] {dag.py:3340} INFO - Setting next_dagrun for example_branch_dop_operator_v3 to 2023-03-11T00:05:00+00:00, run_after=2023-03-11T00:06:00+00:00
[2023-03-11T00:06:55.363+0000] {processor.py:176} INFO - Processing /home/airflow/.local/lib/python3.7/site-packages/airflow/example_dags/example_branch_python_dop_operator_3.py took 0.118 seconds
[2023-03-11T01:13:26.774+0000] {processor.py:154} INFO - Started process (PID=35166) to work on /home/airflow/.local/lib/python3.7/site-packages/airflow/example_dags/example_branch_python_dop_operator_3.py
[2023-03-11T01:13:26.775+0000] {processor.py:756} INFO - Processing file /home/airflow/.local/lib/python3.7/site-packages/airflow/example_dags/example_branch_python_dop_operator_3.py for tasks to queue
[2023-03-11T01:13:26.776+0000] {logging_mixin.py:120} INFO - [2023-03-11T01:13:26.776+0000] {dagbag.py:537} INFO - Filling up the DagBag from /home/airflow/.local/lib/python3.7/site-packages/airflow/example_dags/example_branch_python_dop_operator_3.py
[2023-03-11T01:13:26.797+0000] {processor.py:766} INFO - DAG(s) dict_keys(['example_branch_dop_operator_v3']) retrieved from /home/airflow/.local/lib/python3.7/site-packages/airflow/example_dags/example_branch_python_dop_operator_3.py
[2023-03-11T01:13:26.834+0000] {logging_mixin.py:120} INFO - [2023-03-11T01:13:26.834+0000] {dag.py:2585} INFO - Sync 1 DAGs
[2023-03-11T01:13:26.856+0000] {logging_mixin.py:120} INFO - [2023-03-11T01:13:26.856+0000] {dag.py:3340} INFO - Setting next_dagrun for example_branch_dop_operator_v3 to 2023-03-11T01:12:00+00:00, run_after=2023-03-11T01:13:00+00:00
[2023-03-11T01:13:26.874+0000] {processor.py:176} INFO - Processing /home/airflow/.local/lib/python3.7/site-packages/airflow/example_dags/example_branch_python_dop_operator_3.py took 0.103 seconds
[2023-03-11T02:21:50.160+0000] {processor.py:154} INFO - Started process (PID=35230) to work on /home/airflow/.local/lib/python3.7/site-packages/airflow/example_dags/example_branch_python_dop_operator_3.py
[2023-03-11T02:21:50.161+0000] {processor.py:756} INFO - Processing file /home/airflow/.local/lib/python3.7/site-packages/airflow/example_dags/example_branch_python_dop_operator_3.py for tasks to queue
[2023-03-11T02:21:50.162+0000] {logging_mixin.py:120} INFO - [2023-03-11T02:21:50.162+0000] {dagbag.py:537} INFO - Filling up the DagBag from /home/airflow/.local/lib/python3.7/site-packages/airflow/example_dags/example_branch_python_dop_operator_3.py
[2023-03-11T02:21:50.193+0000] {processor.py:766} INFO - DAG(s) dict_keys(['example_branch_dop_operator_v3']) retrieved from /home/airflow/.local/lib/python3.7/site-packages/airflow/example_dags/example_branch_python_dop_operator_3.py
[2023-03-11T02:21:50.250+0000] {logging_mixin.py:120} INFO - [2023-03-11T02:21:50.250+0000] {dag.py:2585} INFO - Sync 1 DAGs
[2023-03-11T02:21:50.276+0000] {logging_mixin.py:120} INFO - [2023-03-11T02:21:50.276+0000] {dag.py:3340} INFO - Setting next_dagrun for example_branch_dop_operator_v3 to 2023-03-11T02:20:00+00:00, run_after=2023-03-11T02:21:00+00:00
[2023-03-11T02:21:50.291+0000] {processor.py:176} INFO - Processing /home/airflow/.local/lib/python3.7/site-packages/airflow/example_dags/example_branch_python_dop_operator_3.py took 0.134 seconds
[2023-03-11T03:28:21.359+0000] {processor.py:154} INFO - Started process (PID=35284) to work on /home/airflow/.local/lib/python3.7/site-packages/airflow/example_dags/example_branch_python_dop_operator_3.py
[2023-03-11T03:28:21.361+0000] {processor.py:756} INFO - Processing file /home/airflow/.local/lib/python3.7/site-packages/airflow/example_dags/example_branch_python_dop_operator_3.py for tasks to queue
[2023-03-11T03:28:21.362+0000] {logging_mixin.py:120} INFO - [2023-03-11T03:28:21.361+0000] {dagbag.py:537} INFO - Filling up the DagBag from /home/airflow/.local/lib/python3.7/site-packages/airflow/example_dags/example_branch_python_dop_operator_3.py
[2023-03-11T03:28:21.393+0000] {processor.py:766} INFO - DAG(s) dict_keys(['example_branch_dop_operator_v3']) retrieved from /home/airflow/.local/lib/python3.7/site-packages/airflow/example_dags/example_branch_python_dop_operator_3.py
[2023-03-11T03:28:21.444+0000] {logging_mixin.py:120} INFO - [2023-03-11T03:28:21.444+0000] {dag.py:2585} INFO - Sync 1 DAGs
[2023-03-11T03:28:21.467+0000] {logging_mixin.py:120} INFO - [2023-03-11T03:28:21.467+0000] {dag.py:3340} INFO - Setting next_dagrun for example_branch_dop_operator_v3 to 2023-03-11T03:27:00+00:00, run_after=2023-03-11T03:28:00+00:00
[2023-03-11T03:28:21.485+0000] {processor.py:176} INFO - Processing /home/airflow/.local/lib/python3.7/site-packages/airflow/example_dags/example_branch_python_dop_operator_3.py took 0.133 seconds
[2023-03-11T04:35:24.300+0000] {processor.py:154} INFO - Started process (PID=35348) to work on /home/airflow/.local/lib/python3.7/site-packages/airflow/example_dags/example_branch_python_dop_operator_3.py
[2023-03-11T04:35:24.301+0000] {processor.py:756} INFO - Processing file /home/airflow/.local/lib/python3.7/site-packages/airflow/example_dags/example_branch_python_dop_operator_3.py for tasks to queue
[2023-03-11T04:35:24.304+0000] {logging_mixin.py:120} INFO - [2023-03-11T04:35:24.304+0000] {dagbag.py:537} INFO - Filling up the DagBag from /home/airflow/.local/lib/python3.7/site-packages/airflow/example_dags/example_branch_python_dop_operator_3.py
[2023-03-11T04:35:24.320+0000] {processor.py:766} INFO - DAG(s) dict_keys(['example_branch_dop_operator_v3']) retrieved from /home/airflow/.local/lib/python3.7/site-packages/airflow/example_dags/example_branch_python_dop_operator_3.py
[2023-03-11T04:35:24.355+0000] {logging_mixin.py:120} INFO - [2023-03-11T04:35:24.354+0000] {dag.py:2585} INFO - Sync 1 DAGs
[2023-03-11T04:35:24.372+0000] {logging_mixin.py:120} INFO - [2023-03-11T04:35:24.372+0000] {dag.py:3340} INFO - Setting next_dagrun for example_branch_dop_operator_v3 to 2023-03-11T04:34:00+00:00, run_after=2023-03-11T04:35:00+00:00
[2023-03-11T04:35:24.383+0000] {processor.py:176} INFO - Processing /home/airflow/.local/lib/python3.7/site-packages/airflow/example_dags/example_branch_python_dop_operator_3.py took 0.086 seconds
[2023-03-11T05:41:14.050+0000] {processor.py:154} INFO - Started process (PID=35411) to work on /home/airflow/.local/lib/python3.7/site-packages/airflow/example_dags/example_branch_python_dop_operator_3.py
[2023-03-11T05:41:14.053+0000] {processor.py:756} INFO - Processing file /home/airflow/.local/lib/python3.7/site-packages/airflow/example_dags/example_branch_python_dop_operator_3.py for tasks to queue
[2023-03-11T05:41:14.056+0000] {logging_mixin.py:120} INFO - [2023-03-11T05:41:14.056+0000] {dagbag.py:537} INFO - Filling up the DagBag from /home/airflow/.local/lib/python3.7/site-packages/airflow/example_dags/example_branch_python_dop_operator_3.py
[2023-03-11T05:41:14.092+0000] {processor.py:766} INFO - DAG(s) dict_keys(['example_branch_dop_operator_v3']) retrieved from /home/airflow/.local/lib/python3.7/site-packages/airflow/example_dags/example_branch_python_dop_operator_3.py
[2023-03-11T05:41:14.150+0000] {logging_mixin.py:120} INFO - [2023-03-11T05:41:14.150+0000] {dag.py:2585} INFO - Sync 1 DAGs
[2023-03-11T05:41:14.178+0000] {logging_mixin.py:120} INFO - [2023-03-11T05:41:14.178+0000] {dag.py:3340} INFO - Setting next_dagrun for example_branch_dop_operator_v3 to 2023-03-11T05:40:00+00:00, run_after=2023-03-11T05:41:00+00:00
[2023-03-11T05:41:14.201+0000] {processor.py:176} INFO - Processing /home/airflow/.local/lib/python3.7/site-packages/airflow/example_dags/example_branch_python_dop_operator_3.py took 0.154 seconds
[2023-03-11T06:48:02.942+0000] {processor.py:154} INFO - Started process (PID=35474) to work on /home/airflow/.local/lib/python3.7/site-packages/airflow/example_dags/example_branch_python_dop_operator_3.py
[2023-03-11T06:48:02.943+0000] {processor.py:756} INFO - Processing file /home/airflow/.local/lib/python3.7/site-packages/airflow/example_dags/example_branch_python_dop_operator_3.py for tasks to queue
[2023-03-11T06:48:02.944+0000] {logging_mixin.py:120} INFO - [2023-03-11T06:48:02.944+0000] {dagbag.py:537} INFO - Filling up the DagBag from /home/airflow/.local/lib/python3.7/site-packages/airflow/example_dags/example_branch_python_dop_operator_3.py
[2023-03-11T06:48:02.960+0000] {processor.py:766} INFO - DAG(s) dict_keys(['example_branch_dop_operator_v3']) retrieved from /home/airflow/.local/lib/python3.7/site-packages/airflow/example_dags/example_branch_python_dop_operator_3.py
[2023-03-11T06:48:02.989+0000] {logging_mixin.py:120} INFO - [2023-03-11T06:48:02.989+0000] {dag.py:2585} INFO - Sync 1 DAGs
[2023-03-11T06:48:03.008+0000] {logging_mixin.py:120} INFO - [2023-03-11T06:48:03.008+0000] {dag.py:3340} INFO - Setting next_dagrun for example_branch_dop_operator_v3 to 2023-03-11T06:47:00+00:00, run_after=2023-03-11T06:48:00+00:00
[2023-03-11T06:48:03.020+0000] {processor.py:176} INFO - Processing /home/airflow/.local/lib/python3.7/site-packages/airflow/example_dags/example_branch_python_dop_operator_3.py took 0.081 seconds
[2023-03-11T07:54:06.249+0000] {processor.py:154} INFO - Started process (PID=35537) to work on /home/airflow/.local/lib/python3.7/site-packages/airflow/example_dags/example_branch_python_dop_operator_3.py
[2023-03-11T07:54:06.252+0000] {processor.py:756} INFO - Processing file /home/airflow/.local/lib/python3.7/site-packages/airflow/example_dags/example_branch_python_dop_operator_3.py for tasks to queue
[2023-03-11T07:54:06.253+0000] {logging_mixin.py:120} INFO - [2023-03-11T07:54:06.253+0000] {dagbag.py:537} INFO - Filling up the DagBag from /home/airflow/.local/lib/python3.7/site-packages/airflow/example_dags/example_branch_python_dop_operator_3.py
[2023-03-11T07:54:06.284+0000] {processor.py:766} INFO - DAG(s) dict_keys(['example_branch_dop_operator_v3']) retrieved from /home/airflow/.local/lib/python3.7/site-packages/airflow/example_dags/example_branch_python_dop_operator_3.py
[2023-03-11T07:54:06.332+0000] {logging_mixin.py:120} INFO - [2023-03-11T07:54:06.331+0000] {dag.py:2585} INFO - Sync 1 DAGs
[2023-03-11T07:54:06.363+0000] {logging_mixin.py:120} INFO - [2023-03-11T07:54:06.363+0000] {dag.py:3340} INFO - Setting next_dagrun for example_branch_dop_operator_v3 to 2023-03-11T07:53:00+00:00, run_after=2023-03-11T07:54:00+00:00
[2023-03-11T07:54:06.392+0000] {processor.py:176} INFO - Processing /home/airflow/.local/lib/python3.7/site-packages/airflow/example_dags/example_branch_python_dop_operator_3.py took 0.147 seconds
[2023-03-11T09:00:24.591+0000] {processor.py:154} INFO - Started process (PID=35591) to work on /home/airflow/.local/lib/python3.7/site-packages/airflow/example_dags/example_branch_python_dop_operator_3.py
[2023-03-11T09:00:24.592+0000] {processor.py:756} INFO - Processing file /home/airflow/.local/lib/python3.7/site-packages/airflow/example_dags/example_branch_python_dop_operator_3.py for tasks to queue
[2023-03-11T09:00:24.593+0000] {logging_mixin.py:120} INFO - [2023-03-11T09:00:24.593+0000] {dagbag.py:537} INFO - Filling up the DagBag from /home/airflow/.local/lib/python3.7/site-packages/airflow/example_dags/example_branch_python_dop_operator_3.py
[2023-03-11T09:00:24.614+0000] {processor.py:766} INFO - DAG(s) dict_keys(['example_branch_dop_operator_v3']) retrieved from /home/airflow/.local/lib/python3.7/site-packages/airflow/example_dags/example_branch_python_dop_operator_3.py
[2023-03-11T09:00:24.660+0000] {logging_mixin.py:120} INFO - [2023-03-11T09:00:24.660+0000] {dag.py:2585} INFO - Sync 1 DAGs
[2023-03-11T09:00:24.681+0000] {logging_mixin.py:120} INFO - [2023-03-11T09:00:24.681+0000] {dag.py:3340} INFO - Setting next_dagrun for example_branch_dop_operator_v3 to 2023-03-11T08:59:00+00:00, run_after=2023-03-11T09:00:00+00:00
[2023-03-11T09:00:24.699+0000] {processor.py:176} INFO - Processing /home/airflow/.local/lib/python3.7/site-packages/airflow/example_dags/example_branch_python_dop_operator_3.py took 0.110 seconds
[2023-03-11T10:06:56.966+0000] {processor.py:154} INFO - Started process (PID=35654) to work on /home/airflow/.local/lib/python3.7/site-packages/airflow/example_dags/example_branch_python_dop_operator_3.py
[2023-03-11T10:06:56.967+0000] {processor.py:756} INFO - Processing file /home/airflow/.local/lib/python3.7/site-packages/airflow/example_dags/example_branch_python_dop_operator_3.py for tasks to queue
[2023-03-11T10:06:56.968+0000] {logging_mixin.py:120} INFO - [2023-03-11T10:06:56.968+0000] {dagbag.py:537} INFO - Filling up the DagBag from /home/airflow/.local/lib/python3.7/site-packages/airflow/example_dags/example_branch_python_dop_operator_3.py
[2023-03-11T10:06:56.994+0000] {processor.py:766} INFO - DAG(s) dict_keys(['example_branch_dop_operator_v3']) retrieved from /home/airflow/.local/lib/python3.7/site-packages/airflow/example_dags/example_branch_python_dop_operator_3.py
[2023-03-11T10:06:57.044+0000] {logging_mixin.py:120} INFO - [2023-03-11T10:06:57.044+0000] {dag.py:2585} INFO - Sync 1 DAGs
[2023-03-11T10:06:57.067+0000] {logging_mixin.py:120} INFO - [2023-03-11T10:06:57.067+0000] {dag.py:3340} INFO - Setting next_dagrun for example_branch_dop_operator_v3 to 2023-03-11T10:05:00+00:00, run_after=2023-03-11T10:06:00+00:00
[2023-03-11T10:06:57.087+0000] {processor.py:176} INFO - Processing /home/airflow/.local/lib/python3.7/site-packages/airflow/example_dags/example_branch_python_dop_operator_3.py took 0.124 seconds
[2023-03-11T11:31:09.978+0000] {processor.py:154} INFO - Started process (PID=35717) to work on /home/airflow/.local/lib/python3.7/site-packages/airflow/example_dags/example_branch_python_dop_operator_3.py
[2023-03-11T11:31:09.981+0000] {processor.py:756} INFO - Processing file /home/airflow/.local/lib/python3.7/site-packages/airflow/example_dags/example_branch_python_dop_operator_3.py for tasks to queue
[2023-03-11T11:31:09.982+0000] {logging_mixin.py:120} INFO - [2023-03-11T11:31:09.982+0000] {dagbag.py:537} INFO - Filling up the DagBag from /home/airflow/.local/lib/python3.7/site-packages/airflow/example_dags/example_branch_python_dop_operator_3.py
[2023-03-11T11:31:10.007+0000] {processor.py:766} INFO - DAG(s) dict_keys(['example_branch_dop_operator_v3']) retrieved from /home/airflow/.local/lib/python3.7/site-packages/airflow/example_dags/example_branch_python_dop_operator_3.py
[2023-03-11T11:31:10.046+0000] {logging_mixin.py:120} INFO - [2023-03-11T11:31:10.046+0000] {dag.py:2585} INFO - Sync 1 DAGs
[2023-03-11T11:31:10.070+0000] {logging_mixin.py:120} INFO - [2023-03-11T11:31:10.070+0000] {dag.py:3340} INFO - Setting next_dagrun for example_branch_dop_operator_v3 to 2023-03-11T11:30:00+00:00, run_after=2023-03-11T11:31:00+00:00
[2023-03-11T11:31:10.095+0000] {processor.py:176} INFO - Processing /home/airflow/.local/lib/python3.7/site-packages/airflow/example_dags/example_branch_python_dop_operator_3.py took 0.120 seconds
[2023-03-11T12:37:40.081+0000] {processor.py:154} INFO - Started process (PID=35780) to work on /home/airflow/.local/lib/python3.7/site-packages/airflow/example_dags/example_branch_python_dop_operator_3.py
[2023-03-11T12:37:40.083+0000] {processor.py:756} INFO - Processing file /home/airflow/.local/lib/python3.7/site-packages/airflow/example_dags/example_branch_python_dop_operator_3.py for tasks to queue
[2023-03-11T12:37:40.083+0000] {logging_mixin.py:120} INFO - [2023-03-11T12:37:40.083+0000] {dagbag.py:537} INFO - Filling up the DagBag from /home/airflow/.local/lib/python3.7/site-packages/airflow/example_dags/example_branch_python_dop_operator_3.py
[2023-03-11T12:37:40.117+0000] {processor.py:766} INFO - DAG(s) dict_keys(['example_branch_dop_operator_v3']) retrieved from /home/airflow/.local/lib/python3.7/site-packages/airflow/example_dags/example_branch_python_dop_operator_3.py
[2023-03-11T12:37:40.181+0000] {logging_mixin.py:120} INFO - [2023-03-11T12:37:40.181+0000] {dag.py:2585} INFO - Sync 1 DAGs
[2023-03-11T12:37:40.199+0000] {logging_mixin.py:120} INFO - [2023-03-11T12:37:40.199+0000] {dag.py:3340} INFO - Setting next_dagrun for example_branch_dop_operator_v3 to 2023-03-11T12:36:00+00:00, run_after=2023-03-11T12:37:00+00:00
[2023-03-11T12:37:40.224+0000] {processor.py:176} INFO - Processing /home/airflow/.local/lib/python3.7/site-packages/airflow/example_dags/example_branch_python_dop_operator_3.py took 0.151 seconds
[2023-03-11T13:38:00.843+0000] {processor.py:154} INFO - Started process (PID=35834) to work on /home/airflow/.local/lib/python3.7/site-packages/airflow/example_dags/example_branch_python_dop_operator_3.py
[2023-03-11T13:38:00.845+0000] {processor.py:756} INFO - Processing file /home/airflow/.local/lib/python3.7/site-packages/airflow/example_dags/example_branch_python_dop_operator_3.py for tasks to queue
[2023-03-11T13:38:00.848+0000] {logging_mixin.py:120} INFO - [2023-03-11T13:38:00.848+0000] {dagbag.py:537} INFO - Filling up the DagBag from /home/airflow/.local/lib/python3.7/site-packages/airflow/example_dags/example_branch_python_dop_operator_3.py
[2023-03-11T13:38:00.866+0000] {processor.py:766} INFO - DAG(s) dict_keys(['example_branch_dop_operator_v3']) retrieved from /home/airflow/.local/lib/python3.7/site-packages/airflow/example_dags/example_branch_python_dop_operator_3.py
[2023-03-11T13:38:00.909+0000] {logging_mixin.py:120} INFO - [2023-03-11T13:38:00.909+0000] {dag.py:2585} INFO - Sync 1 DAGs
[2023-03-11T13:38:00.929+0000] {logging_mixin.py:120} INFO - [2023-03-11T13:38:00.929+0000] {dag.py:3340} INFO - Setting next_dagrun for example_branch_dop_operator_v3 to 2023-03-11T13:37:00+00:00, run_after=2023-03-11T13:38:00+00:00
[2023-03-11T13:38:00.947+0000] {processor.py:176} INFO - Processing /home/airflow/.local/lib/python3.7/site-packages/airflow/example_dags/example_branch_python_dop_operator_3.py took 0.109 seconds
[2023-03-11T14:47:58.965+0000] {processor.py:154} INFO - Started process (PID=35896) to work on /home/airflow/.local/lib/python3.7/site-packages/airflow/example_dags/example_branch_python_dop_operator_3.py
[2023-03-11T14:47:58.968+0000] {processor.py:756} INFO - Processing file /home/airflow/.local/lib/python3.7/site-packages/airflow/example_dags/example_branch_python_dop_operator_3.py for tasks to queue
[2023-03-11T14:47:58.970+0000] {logging_mixin.py:120} INFO - [2023-03-11T14:47:58.970+0000] {dagbag.py:537} INFO - Filling up the DagBag from /home/airflow/.local/lib/python3.7/site-packages/airflow/example_dags/example_branch_python_dop_operator_3.py
[2023-03-11T14:47:58.993+0000] {processor.py:766} INFO - DAG(s) dict_keys(['example_branch_dop_operator_v3']) retrieved from /home/airflow/.local/lib/python3.7/site-packages/airflow/example_dags/example_branch_python_dop_operator_3.py
[2023-03-11T14:47:59.047+0000] {logging_mixin.py:120} INFO - [2023-03-11T14:47:59.046+0000] {dag.py:2585} INFO - Sync 1 DAGs
[2023-03-11T14:47:59.076+0000] {logging_mixin.py:120} INFO - [2023-03-11T14:47:59.076+0000] {dag.py:3340} INFO - Setting next_dagrun for example_branch_dop_operator_v3 to 2023-03-11T14:46:00+00:00, run_after=2023-03-11T14:47:00+00:00
[2023-03-11T14:47:59.097+0000] {processor.py:176} INFO - Processing /home/airflow/.local/lib/python3.7/site-packages/airflow/example_dags/example_branch_python_dop_operator_3.py took 0.137 seconds
[2023-03-11T16:07:41.093+0000] {processor.py:154} INFO - Started process (PID=35959) to work on /home/airflow/.local/lib/python3.7/site-packages/airflow/example_dags/example_branch_python_dop_operator_3.py
[2023-03-11T16:07:41.095+0000] {processor.py:756} INFO - Processing file /home/airflow/.local/lib/python3.7/site-packages/airflow/example_dags/example_branch_python_dop_operator_3.py for tasks to queue
[2023-03-11T16:07:41.096+0000] {logging_mixin.py:120} INFO - [2023-03-11T16:07:41.096+0000] {dagbag.py:537} INFO - Filling up the DagBag from /home/airflow/.local/lib/python3.7/site-packages/airflow/example_dags/example_branch_python_dop_operator_3.py
[2023-03-11T16:07:41.120+0000] {processor.py:766} INFO - DAG(s) dict_keys(['example_branch_dop_operator_v3']) retrieved from /home/airflow/.local/lib/python3.7/site-packages/airflow/example_dags/example_branch_python_dop_operator_3.py
[2023-03-11T16:07:41.161+0000] {logging_mixin.py:120} INFO - [2023-03-11T16:07:41.161+0000] {dag.py:2585} INFO - Sync 1 DAGs
[2023-03-11T16:07:41.185+0000] {logging_mixin.py:120} INFO - [2023-03-11T16:07:41.185+0000] {dag.py:3340} INFO - Setting next_dagrun for example_branch_dop_operator_v3 to 2023-03-11T16:06:00+00:00, run_after=2023-03-11T16:07:00+00:00
[2023-03-11T16:07:41.201+0000] {processor.py:176} INFO - Processing /home/airflow/.local/lib/python3.7/site-packages/airflow/example_dags/example_branch_python_dop_operator_3.py took 0.111 seconds
[2023-03-11T17:14:05.934+0000] {processor.py:154} INFO - Started process (PID=36022) to work on /home/airflow/.local/lib/python3.7/site-packages/airflow/example_dags/example_branch_python_dop_operator_3.py
[2023-03-11T17:14:05.935+0000] {processor.py:756} INFO - Processing file /home/airflow/.local/lib/python3.7/site-packages/airflow/example_dags/example_branch_python_dop_operator_3.py for tasks to queue
[2023-03-11T17:14:05.938+0000] {logging_mixin.py:120} INFO - [2023-03-11T17:14:05.938+0000] {dagbag.py:537} INFO - Filling up the DagBag from /home/airflow/.local/lib/python3.7/site-packages/airflow/example_dags/example_branch_python_dop_operator_3.py
[2023-03-11T17:14:05.962+0000] {processor.py:766} INFO - DAG(s) dict_keys(['example_branch_dop_operator_v3']) retrieved from /home/airflow/.local/lib/python3.7/site-packages/airflow/example_dags/example_branch_python_dop_operator_3.py
[2023-03-11T17:14:06.007+0000] {logging_mixin.py:120} INFO - [2023-03-11T17:14:06.006+0000] {dag.py:2585} INFO - Sync 1 DAGs
[2023-03-11T17:14:06.039+0000] {logging_mixin.py:120} INFO - [2023-03-11T17:14:06.039+0000] {dag.py:3340} INFO - Setting next_dagrun for example_branch_dop_operator_v3 to 2023-03-11T17:13:00+00:00, run_after=2023-03-11T17:14:00+00:00
[2023-03-11T17:14:06.056+0000] {processor.py:176} INFO - Processing /home/airflow/.local/lib/python3.7/site-packages/airflow/example_dags/example_branch_python_dop_operator_3.py took 0.127 seconds
[2023-03-11T18:22:30.145+0000] {processor.py:154} INFO - Started process (PID=36084) to work on /home/airflow/.local/lib/python3.7/site-packages/airflow/example_dags/example_branch_python_dop_operator_3.py
[2023-03-11T18:22:30.148+0000] {processor.py:756} INFO - Processing file /home/airflow/.local/lib/python3.7/site-packages/airflow/example_dags/example_branch_python_dop_operator_3.py for tasks to queue
[2023-03-11T18:22:30.151+0000] {logging_mixin.py:120} INFO - [2023-03-11T18:22:30.151+0000] {dagbag.py:537} INFO - Filling up the DagBag from /home/airflow/.local/lib/python3.7/site-packages/airflow/example_dags/example_branch_python_dop_operator_3.py
[2023-03-11T18:22:30.181+0000] {processor.py:766} INFO - DAG(s) dict_keys(['example_branch_dop_operator_v3']) retrieved from /home/airflow/.local/lib/python3.7/site-packages/airflow/example_dags/example_branch_python_dop_operator_3.py
[2023-03-11T18:22:30.264+0000] {logging_mixin.py:120} INFO - [2023-03-11T18:22:30.264+0000] {dag.py:2585} INFO - Sync 1 DAGs
[2023-03-11T18:22:30.301+0000] {logging_mixin.py:120} INFO - [2023-03-11T18:22:30.300+0000] {dag.py:3340} INFO - Setting next_dagrun for example_branch_dop_operator_v3 to 2023-03-11T18:21:00+00:00, run_after=2023-03-11T18:22:00+00:00
[2023-03-11T18:22:30.326+0000] {processor.py:176} INFO - Processing /home/airflow/.local/lib/python3.7/site-packages/airflow/example_dags/example_branch_python_dop_operator_3.py took 0.183 seconds
[2023-03-11T19:27:36.137+0000] {processor.py:154} INFO - Started process (PID=36138) to work on /home/airflow/.local/lib/python3.7/site-packages/airflow/example_dags/example_branch_python_dop_operator_3.py
[2023-03-11T19:27:36.138+0000] {processor.py:756} INFO - Processing file /home/airflow/.local/lib/python3.7/site-packages/airflow/example_dags/example_branch_python_dop_operator_3.py for tasks to queue
[2023-03-11T19:27:36.140+0000] {logging_mixin.py:120} INFO - [2023-03-11T19:27:36.140+0000] {dagbag.py:537} INFO - Filling up the DagBag from /home/airflow/.local/lib/python3.7/site-packages/airflow/example_dags/example_branch_python_dop_operator_3.py
[2023-03-11T19:27:36.169+0000] {processor.py:766} INFO - DAG(s) dict_keys(['example_branch_dop_operator_v3']) retrieved from /home/airflow/.local/lib/python3.7/site-packages/airflow/example_dags/example_branch_python_dop_operator_3.py
[2023-03-11T19:27:36.233+0000] {logging_mixin.py:120} INFO - [2023-03-11T19:27:36.233+0000] {dag.py:2585} INFO - Sync 1 DAGs
[2023-03-11T19:27:36.257+0000] {logging_mixin.py:120} INFO - [2023-03-11T19:27:36.256+0000] {dag.py:3340} INFO - Setting next_dagrun for example_branch_dop_operator_v3 to 2023-03-11T19:26:00+00:00, run_after=2023-03-11T19:27:00+00:00
[2023-03-11T19:27:36.278+0000] {processor.py:176} INFO - Processing /home/airflow/.local/lib/python3.7/site-packages/airflow/example_dags/example_branch_python_dop_operator_3.py took 0.148 seconds
[2023-03-11T20:33:21.715+0000] {processor.py:154} INFO - Started process (PID=36201) to work on /home/airflow/.local/lib/python3.7/site-packages/airflow/example_dags/example_branch_python_dop_operator_3.py
[2023-03-11T20:33:21.717+0000] {processor.py:756} INFO - Processing file /home/airflow/.local/lib/python3.7/site-packages/airflow/example_dags/example_branch_python_dop_operator_3.py for tasks to queue
[2023-03-11T20:33:21.717+0000] {logging_mixin.py:120} INFO - [2023-03-11T20:33:21.717+0000] {dagbag.py:537} INFO - Filling up the DagBag from /home/airflow/.local/lib/python3.7/site-packages/airflow/example_dags/example_branch_python_dop_operator_3.py
[2023-03-11T20:33:21.732+0000] {processor.py:766} INFO - DAG(s) dict_keys(['example_branch_dop_operator_v3']) retrieved from /home/airflow/.local/lib/python3.7/site-packages/airflow/example_dags/example_branch_python_dop_operator_3.py
[2023-03-11T20:33:21.765+0000] {logging_mixin.py:120} INFO - [2023-03-11T20:33:21.765+0000] {dag.py:2585} INFO - Sync 1 DAGs
[2023-03-11T20:33:21.781+0000] {logging_mixin.py:120} INFO - [2023-03-11T20:33:21.781+0000] {dag.py:3340} INFO - Setting next_dagrun for example_branch_dop_operator_v3 to 2023-03-11T20:32:00+00:00, run_after=2023-03-11T20:33:00+00:00
[2023-03-11T20:33:21.795+0000] {processor.py:176} INFO - Processing /home/airflow/.local/lib/python3.7/site-packages/airflow/example_dags/example_branch_python_dop_operator_3.py took 0.083 seconds
[2023-03-11T21:49:20.722+0000] {processor.py:154} INFO - Started process (PID=36264) to work on /home/airflow/.local/lib/python3.7/site-packages/airflow/example_dags/example_branch_python_dop_operator_3.py
[2023-03-11T21:49:20.723+0000] {processor.py:756} INFO - Processing file /home/airflow/.local/lib/python3.7/site-packages/airflow/example_dags/example_branch_python_dop_operator_3.py for tasks to queue
[2023-03-11T21:49:20.724+0000] {logging_mixin.py:120} INFO - [2023-03-11T21:49:20.724+0000] {dagbag.py:537} INFO - Filling up the DagBag from /home/airflow/.local/lib/python3.7/site-packages/airflow/example_dags/example_branch_python_dop_operator_3.py
[2023-03-11T21:49:20.739+0000] {processor.py:766} INFO - DAG(s) dict_keys(['example_branch_dop_operator_v3']) retrieved from /home/airflow/.local/lib/python3.7/site-packages/airflow/example_dags/example_branch_python_dop_operator_3.py
[2023-03-11T21:49:20.765+0000] {logging_mixin.py:120} INFO - [2023-03-11T21:49:20.765+0000] {dag.py:2585} INFO - Sync 1 DAGs
[2023-03-11T21:49:20.781+0000] {logging_mixin.py:120} INFO - [2023-03-11T21:49:20.781+0000] {dag.py:3340} INFO - Setting next_dagrun for example_branch_dop_operator_v3 to 2023-03-11T21:48:00+00:00, run_after=2023-03-11T21:49:00+00:00
[2023-03-11T21:49:20.799+0000] {processor.py:176} INFO - Processing /home/airflow/.local/lib/python3.7/site-packages/airflow/example_dags/example_branch_python_dop_operator_3.py took 0.080 seconds
[2023-03-11T22:58:03.064+0000] {processor.py:154} INFO - Started process (PID=36327) to work on /home/airflow/.local/lib/python3.7/site-packages/airflow/example_dags/example_branch_python_dop_operator_3.py
[2023-03-11T22:58:03.067+0000] {processor.py:756} INFO - Processing file /home/airflow/.local/lib/python3.7/site-packages/airflow/example_dags/example_branch_python_dop_operator_3.py for tasks to queue
[2023-03-11T22:58:03.069+0000] {logging_mixin.py:120} INFO - [2023-03-11T22:58:03.069+0000] {dagbag.py:537} INFO - Filling up the DagBag from /home/airflow/.local/lib/python3.7/site-packages/airflow/example_dags/example_branch_python_dop_operator_3.py
[2023-03-11T22:58:03.088+0000] {processor.py:766} INFO - DAG(s) dict_keys(['example_branch_dop_operator_v3']) retrieved from /home/airflow/.local/lib/python3.7/site-packages/airflow/example_dags/example_branch_python_dop_operator_3.py
[2023-03-11T22:58:03.134+0000] {logging_mixin.py:120} INFO - [2023-03-11T22:58:03.134+0000] {dag.py:2585} INFO - Sync 1 DAGs
[2023-03-11T22:58:03.165+0000] {logging_mixin.py:120} INFO - [2023-03-11T22:58:03.165+0000] {dag.py:3340} INFO - Setting next_dagrun for example_branch_dop_operator_v3 to 2023-03-11T22:57:00+00:00, run_after=2023-03-11T22:58:00+00:00
[2023-03-11T22:58:03.189+0000] {processor.py:176} INFO - Processing /home/airflow/.local/lib/python3.7/site-packages/airflow/example_dags/example_branch_python_dop_operator_3.py took 0.128 seconds
