[2023-03-11T00:06:54.891+0000] {processor.py:154} INFO - Started process (PID=35100) to work on /home/airflow/.local/lib/python3.7/site-packages/airflow/example_dags/example_branch_operator.py
[2023-03-11T00:06:54.896+0000] {processor.py:756} INFO - Processing file /home/airflow/.local/lib/python3.7/site-packages/airflow/example_dags/example_branch_operator.py for tasks to queue
[2023-03-11T00:06:54.897+0000] {logging_mixin.py:120} INFO - [2023-03-11T00:06:54.897+0000] {dagbag.py:537} INFO - Filling up the DagBag from /home/airflow/.local/lib/python3.7/site-packages/airflow/example_dags/example_branch_operator.py
[2023-03-11T00:06:54.930+0000] {processor.py:766} INFO - DAG(s) dict_keys(['example_branch_operator']) retrieved from /home/airflow/.local/lib/python3.7/site-packages/airflow/example_dags/example_branch_operator.py
[2023-03-11T00:06:54.994+0000] {logging_mixin.py:120} INFO - [2023-03-11T00:06:54.994+0000] {dag.py:2585} INFO - Sync 1 DAGs
[2023-03-11T00:06:55.037+0000] {logging_mixin.py:120} INFO - [2023-03-11T00:06:55.037+0000] {dag.py:3340} INFO - Setting next_dagrun for example_branch_operator to 2023-03-10T00:00:00+00:00, run_after=2023-03-11T00:00:00+00:00
[2023-03-11T00:06:55.093+0000] {processor.py:176} INFO - Processing /home/airflow/.local/lib/python3.7/site-packages/airflow/example_dags/example_branch_operator.py took 0.205 seconds
[2023-03-11T01:13:26.584+0000] {processor.py:154} INFO - Started process (PID=35163) to work on /home/airflow/.local/lib/python3.7/site-packages/airflow/example_dags/example_branch_operator.py
[2023-03-11T01:13:26.585+0000] {processor.py:756} INFO - Processing file /home/airflow/.local/lib/python3.7/site-packages/airflow/example_dags/example_branch_operator.py for tasks to queue
[2023-03-11T01:13:26.586+0000] {logging_mixin.py:120} INFO - [2023-03-11T01:13:26.586+0000] {dagbag.py:537} INFO - Filling up the DagBag from /home/airflow/.local/lib/python3.7/site-packages/airflow/example_dags/example_branch_operator.py
[2023-03-11T01:13:26.599+0000] {processor.py:766} INFO - DAG(s) dict_keys(['example_branch_operator']) retrieved from /home/airflow/.local/lib/python3.7/site-packages/airflow/example_dags/example_branch_operator.py
[2023-03-11T01:13:26.627+0000] {logging_mixin.py:120} INFO - [2023-03-11T01:13:26.627+0000] {dag.py:2585} INFO - Sync 1 DAGs
[2023-03-11T01:13:26.641+0000] {logging_mixin.py:120} INFO - [2023-03-11T01:13:26.641+0000] {dag.py:3340} INFO - Setting next_dagrun for example_branch_operator to 2023-03-10T00:00:00+00:00, run_after=2023-03-11T00:00:00+00:00
[2023-03-11T01:13:26.652+0000] {processor.py:176} INFO - Processing /home/airflow/.local/lib/python3.7/site-packages/airflow/example_dags/example_branch_operator.py took 0.070 seconds
[2023-03-11T02:21:49.958+0000] {processor.py:154} INFO - Started process (PID=35227) to work on /home/airflow/.local/lib/python3.7/site-packages/airflow/example_dags/example_branch_operator.py
[2023-03-11T02:21:49.961+0000] {processor.py:756} INFO - Processing file /home/airflow/.local/lib/python3.7/site-packages/airflow/example_dags/example_branch_operator.py for tasks to queue
[2023-03-11T02:21:49.961+0000] {logging_mixin.py:120} INFO - [2023-03-11T02:21:49.961+0000] {dagbag.py:537} INFO - Filling up the DagBag from /home/airflow/.local/lib/python3.7/site-packages/airflow/example_dags/example_branch_operator.py
[2023-03-11T02:21:49.988+0000] {processor.py:766} INFO - DAG(s) dict_keys(['example_branch_operator']) retrieved from /home/airflow/.local/lib/python3.7/site-packages/airflow/example_dags/example_branch_operator.py
[2023-03-11T02:21:50.045+0000] {logging_mixin.py:120} INFO - [2023-03-11T02:21:50.045+0000] {dag.py:2585} INFO - Sync 1 DAGs
[2023-03-11T02:21:50.062+0000] {logging_mixin.py:120} INFO - [2023-03-11T02:21:50.062+0000] {dag.py:3340} INFO - Setting next_dagrun for example_branch_operator to 2023-03-10T00:00:00+00:00, run_after=2023-03-11T00:00:00+00:00
[2023-03-11T02:21:50.073+0000] {processor.py:176} INFO - Processing /home/airflow/.local/lib/python3.7/site-packages/airflow/example_dags/example_branch_operator.py took 0.123 seconds
[2023-03-11T03:28:21.121+0000] {processor.py:154} INFO - Started process (PID=35281) to work on /home/airflow/.local/lib/python3.7/site-packages/airflow/example_dags/example_branch_operator.py
[2023-03-11T03:28:21.123+0000] {processor.py:756} INFO - Processing file /home/airflow/.local/lib/python3.7/site-packages/airflow/example_dags/example_branch_operator.py for tasks to queue
[2023-03-11T03:28:21.124+0000] {logging_mixin.py:120} INFO - [2023-03-11T03:28:21.124+0000] {dagbag.py:537} INFO - Filling up the DagBag from /home/airflow/.local/lib/python3.7/site-packages/airflow/example_dags/example_branch_operator.py
[2023-03-11T03:28:21.149+0000] {processor.py:766} INFO - DAG(s) dict_keys(['example_branch_operator']) retrieved from /home/airflow/.local/lib/python3.7/site-packages/airflow/example_dags/example_branch_operator.py
[2023-03-11T03:28:21.182+0000] {logging_mixin.py:120} INFO - [2023-03-11T03:28:21.182+0000] {dag.py:2585} INFO - Sync 1 DAGs
[2023-03-11T03:28:21.203+0000] {logging_mixin.py:120} INFO - [2023-03-11T03:28:21.203+0000] {dag.py:3340} INFO - Setting next_dagrun for example_branch_operator to 2023-03-10T00:00:00+00:00, run_after=2023-03-11T00:00:00+00:00
[2023-03-11T03:28:21.220+0000] {processor.py:176} INFO - Processing /home/airflow/.local/lib/python3.7/site-packages/airflow/example_dags/example_branch_operator.py took 0.106 seconds
[2023-03-11T04:35:24.095+0000] {processor.py:154} INFO - Started process (PID=35345) to work on /home/airflow/.local/lib/python3.7/site-packages/airflow/example_dags/example_branch_operator.py
[2023-03-11T04:35:24.097+0000] {processor.py:756} INFO - Processing file /home/airflow/.local/lib/python3.7/site-packages/airflow/example_dags/example_branch_operator.py for tasks to queue
[2023-03-11T04:35:24.097+0000] {logging_mixin.py:120} INFO - [2023-03-11T04:35:24.097+0000] {dagbag.py:537} INFO - Filling up the DagBag from /home/airflow/.local/lib/python3.7/site-packages/airflow/example_dags/example_branch_operator.py
[2023-03-11T04:35:24.124+0000] {processor.py:766} INFO - DAG(s) dict_keys(['example_branch_operator']) retrieved from /home/airflow/.local/lib/python3.7/site-packages/airflow/example_dags/example_branch_operator.py
[2023-03-11T04:35:24.171+0000] {logging_mixin.py:120} INFO - [2023-03-11T04:35:24.171+0000] {dag.py:2585} INFO - Sync 1 DAGs
[2023-03-11T04:35:24.199+0000] {logging_mixin.py:120} INFO - [2023-03-11T04:35:24.199+0000] {dag.py:3340} INFO - Setting next_dagrun for example_branch_operator to 2023-03-10T00:00:00+00:00, run_after=2023-03-11T00:00:00+00:00
[2023-03-11T04:35:24.215+0000] {processor.py:176} INFO - Processing /home/airflow/.local/lib/python3.7/site-packages/airflow/example_dags/example_branch_operator.py took 0.123 seconds
[2023-03-11T05:41:13.787+0000] {processor.py:154} INFO - Started process (PID=35408) to work on /home/airflow/.local/lib/python3.7/site-packages/airflow/example_dags/example_branch_operator.py
[2023-03-11T05:41:13.788+0000] {processor.py:756} INFO - Processing file /home/airflow/.local/lib/python3.7/site-packages/airflow/example_dags/example_branch_operator.py for tasks to queue
[2023-03-11T05:41:13.789+0000] {logging_mixin.py:120} INFO - [2023-03-11T05:41:13.789+0000] {dagbag.py:537} INFO - Filling up the DagBag from /home/airflow/.local/lib/python3.7/site-packages/airflow/example_dags/example_branch_operator.py
[2023-03-11T05:41:13.802+0000] {processor.py:766} INFO - DAG(s) dict_keys(['example_branch_operator']) retrieved from /home/airflow/.local/lib/python3.7/site-packages/airflow/example_dags/example_branch_operator.py
[2023-03-11T05:41:13.853+0000] {logging_mixin.py:120} INFO - [2023-03-11T05:41:13.853+0000] {dag.py:2585} INFO - Sync 1 DAGs
[2023-03-11T05:41:13.888+0000] {logging_mixin.py:120} INFO - [2023-03-11T05:41:13.888+0000] {dag.py:3340} INFO - Setting next_dagrun for example_branch_operator to 2023-03-10T00:00:00+00:00, run_after=2023-03-11T00:00:00+00:00
[2023-03-11T05:41:13.910+0000] {processor.py:176} INFO - Processing /home/airflow/.local/lib/python3.7/site-packages/airflow/example_dags/example_branch_operator.py took 0.127 seconds
[2023-03-11T06:48:02.666+0000] {processor.py:154} INFO - Started process (PID=35471) to work on /home/airflow/.local/lib/python3.7/site-packages/airflow/example_dags/example_branch_operator.py
[2023-03-11T06:48:02.670+0000] {processor.py:756} INFO - Processing file /home/airflow/.local/lib/python3.7/site-packages/airflow/example_dags/example_branch_operator.py for tasks to queue
[2023-03-11T06:48:02.671+0000] {logging_mixin.py:120} INFO - [2023-03-11T06:48:02.671+0000] {dagbag.py:537} INFO - Filling up the DagBag from /home/airflow/.local/lib/python3.7/site-packages/airflow/example_dags/example_branch_operator.py
[2023-03-11T06:48:02.696+0000] {processor.py:766} INFO - DAG(s) dict_keys(['example_branch_operator']) retrieved from /home/airflow/.local/lib/python3.7/site-packages/airflow/example_dags/example_branch_operator.py
[2023-03-11T06:48:02.750+0000] {logging_mixin.py:120} INFO - [2023-03-11T06:48:02.750+0000] {dag.py:2585} INFO - Sync 1 DAGs
[2023-03-11T06:48:02.772+0000] {logging_mixin.py:120} INFO - [2023-03-11T06:48:02.771+0000] {dag.py:3340} INFO - Setting next_dagrun for example_branch_operator to 2023-03-10T00:00:00+00:00, run_after=2023-03-11T00:00:00+00:00
[2023-03-11T06:48:02.798+0000] {processor.py:176} INFO - Processing /home/airflow/.local/lib/python3.7/site-packages/airflow/example_dags/example_branch_operator.py took 0.134 seconds
[2023-03-11T07:54:05.898+0000] {processor.py:154} INFO - Started process (PID=35534) to work on /home/airflow/.local/lib/python3.7/site-packages/airflow/example_dags/example_branch_operator.py
[2023-03-11T07:54:05.910+0000] {processor.py:756} INFO - Processing file /home/airflow/.local/lib/python3.7/site-packages/airflow/example_dags/example_branch_operator.py for tasks to queue
[2023-03-11T07:54:05.911+0000] {logging_mixin.py:120} INFO - [2023-03-11T07:54:05.911+0000] {dagbag.py:537} INFO - Filling up the DagBag from /home/airflow/.local/lib/python3.7/site-packages/airflow/example_dags/example_branch_operator.py
[2023-03-11T07:54:05.934+0000] {processor.py:766} INFO - DAG(s) dict_keys(['example_branch_operator']) retrieved from /home/airflow/.local/lib/python3.7/site-packages/airflow/example_dags/example_branch_operator.py
[2023-03-11T07:54:05.993+0000] {logging_mixin.py:120} INFO - [2023-03-11T07:54:05.993+0000] {dag.py:2585} INFO - Sync 1 DAGs
[2023-03-11T07:54:06.020+0000] {logging_mixin.py:120} INFO - [2023-03-11T07:54:06.020+0000] {dag.py:3340} INFO - Setting next_dagrun for example_branch_operator to 2023-03-10T00:00:00+00:00, run_after=2023-03-11T00:00:00+00:00
[2023-03-11T07:54:06.046+0000] {processor.py:176} INFO - Processing /home/airflow/.local/lib/python3.7/site-packages/airflow/example_dags/example_branch_operator.py took 0.151 seconds
[2023-03-11T09:00:24.288+0000] {processor.py:154} INFO - Started process (PID=35588) to work on /home/airflow/.local/lib/python3.7/site-packages/airflow/example_dags/example_branch_operator.py
[2023-03-11T09:00:24.291+0000] {processor.py:756} INFO - Processing file /home/airflow/.local/lib/python3.7/site-packages/airflow/example_dags/example_branch_operator.py for tasks to queue
[2023-03-11T09:00:24.293+0000] {logging_mixin.py:120} INFO - [2023-03-11T09:00:24.293+0000] {dagbag.py:537} INFO - Filling up the DagBag from /home/airflow/.local/lib/python3.7/site-packages/airflow/example_dags/example_branch_operator.py
[2023-03-11T09:00:24.308+0000] {processor.py:766} INFO - DAG(s) dict_keys(['example_branch_operator']) retrieved from /home/airflow/.local/lib/python3.7/site-packages/airflow/example_dags/example_branch_operator.py
[2023-03-11T09:00:24.360+0000] {logging_mixin.py:120} INFO - [2023-03-11T09:00:24.360+0000] {dag.py:2585} INFO - Sync 1 DAGs
[2023-03-11T09:00:24.388+0000] {logging_mixin.py:120} INFO - [2023-03-11T09:00:24.388+0000] {dag.py:3340} INFO - Setting next_dagrun for example_branch_operator to 2023-03-10T00:00:00+00:00, run_after=2023-03-11T00:00:00+00:00
[2023-03-11T09:00:24.406+0000] {processor.py:176} INFO - Processing /home/airflow/.local/lib/python3.7/site-packages/airflow/example_dags/example_branch_operator.py took 0.120 seconds
[2023-03-11T10:06:56.789+0000] {processor.py:154} INFO - Started process (PID=35651) to work on /home/airflow/.local/lib/python3.7/site-packages/airflow/example_dags/example_branch_operator.py
[2023-03-11T10:06:56.790+0000] {processor.py:756} INFO - Processing file /home/airflow/.local/lib/python3.7/site-packages/airflow/example_dags/example_branch_operator.py for tasks to queue
[2023-03-11T10:06:56.791+0000] {logging_mixin.py:120} INFO - [2023-03-11T10:06:56.791+0000] {dagbag.py:537} INFO - Filling up the DagBag from /home/airflow/.local/lib/python3.7/site-packages/airflow/example_dags/example_branch_operator.py
[2023-03-11T10:06:56.818+0000] {processor.py:766} INFO - DAG(s) dict_keys(['example_branch_operator']) retrieved from /home/airflow/.local/lib/python3.7/site-packages/airflow/example_dags/example_branch_operator.py
[2023-03-11T10:06:56.858+0000] {logging_mixin.py:120} INFO - [2023-03-11T10:06:56.858+0000] {dag.py:2585} INFO - Sync 1 DAGs
[2023-03-11T10:06:56.879+0000] {logging_mixin.py:120} INFO - [2023-03-11T10:06:56.879+0000] {dag.py:3340} INFO - Setting next_dagrun for example_branch_operator to 2023-03-10T00:00:00+00:00, run_after=2023-03-11T00:00:00+00:00
[2023-03-11T10:06:56.891+0000] {processor.py:176} INFO - Processing /home/airflow/.local/lib/python3.7/site-packages/airflow/example_dags/example_branch_operator.py took 0.108 seconds
[2023-03-11T11:31:09.679+0000] {processor.py:154} INFO - Started process (PID=35714) to work on /home/airflow/.local/lib/python3.7/site-packages/airflow/example_dags/example_branch_operator.py
[2023-03-11T11:31:09.680+0000] {processor.py:756} INFO - Processing file /home/airflow/.local/lib/python3.7/site-packages/airflow/example_dags/example_branch_operator.py for tasks to queue
[2023-03-11T11:31:09.681+0000] {logging_mixin.py:120} INFO - [2023-03-11T11:31:09.681+0000] {dagbag.py:537} INFO - Filling up the DagBag from /home/airflow/.local/lib/python3.7/site-packages/airflow/example_dags/example_branch_operator.py
[2023-03-11T11:31:09.694+0000] {processor.py:766} INFO - DAG(s) dict_keys(['example_branch_operator']) retrieved from /home/airflow/.local/lib/python3.7/site-packages/airflow/example_dags/example_branch_operator.py
[2023-03-11T11:31:09.756+0000] {logging_mixin.py:120} INFO - [2023-03-11T11:31:09.756+0000] {dag.py:2585} INFO - Sync 1 DAGs
[2023-03-11T11:31:09.783+0000] {logging_mixin.py:120} INFO - [2023-03-11T11:31:09.783+0000] {dag.py:3340} INFO - Setting next_dagrun for example_branch_operator to 2023-03-10T00:00:00+00:00, run_after=2023-03-11T00:00:00+00:00
[2023-03-11T11:31:09.799+0000] {processor.py:176} INFO - Processing /home/airflow/.local/lib/python3.7/site-packages/airflow/example_dags/example_branch_operator.py took 0.122 seconds
[2023-03-11T12:37:39.794+0000] {processor.py:154} INFO - Started process (PID=35777) to work on /home/airflow/.local/lib/python3.7/site-packages/airflow/example_dags/example_branch_operator.py
[2023-03-11T12:37:39.795+0000] {processor.py:756} INFO - Processing file /home/airflow/.local/lib/python3.7/site-packages/airflow/example_dags/example_branch_operator.py for tasks to queue
[2023-03-11T12:37:39.795+0000] {logging_mixin.py:120} INFO - [2023-03-11T12:37:39.795+0000] {dagbag.py:537} INFO - Filling up the DagBag from /home/airflow/.local/lib/python3.7/site-packages/airflow/example_dags/example_branch_operator.py
[2023-03-11T12:37:39.823+0000] {processor.py:766} INFO - DAG(s) dict_keys(['example_branch_operator']) retrieved from /home/airflow/.local/lib/python3.7/site-packages/airflow/example_dags/example_branch_operator.py
[2023-03-11T12:37:39.911+0000] {logging_mixin.py:120} INFO - [2023-03-11T12:37:39.911+0000] {dag.py:2585} INFO - Sync 1 DAGs
[2023-03-11T12:37:39.936+0000] {logging_mixin.py:120} INFO - [2023-03-11T12:37:39.936+0000] {dag.py:3340} INFO - Setting next_dagrun for example_branch_operator to 2023-03-10T00:00:00+00:00, run_after=2023-03-11T00:00:00+00:00
[2023-03-11T12:37:39.952+0000] {processor.py:176} INFO - Processing /home/airflow/.local/lib/python3.7/site-packages/airflow/example_dags/example_branch_operator.py took 0.164 seconds
[2023-03-11T13:38:00.553+0000] {processor.py:154} INFO - Started process (PID=35831) to work on /home/airflow/.local/lib/python3.7/site-packages/airflow/example_dags/example_branch_operator.py
[2023-03-11T13:38:00.554+0000] {processor.py:756} INFO - Processing file /home/airflow/.local/lib/python3.7/site-packages/airflow/example_dags/example_branch_operator.py for tasks to queue
[2023-03-11T13:38:00.555+0000] {logging_mixin.py:120} INFO - [2023-03-11T13:38:00.555+0000] {dagbag.py:537} INFO - Filling up the DagBag from /home/airflow/.local/lib/python3.7/site-packages/airflow/example_dags/example_branch_operator.py
[2023-03-11T13:38:00.576+0000] {processor.py:766} INFO - DAG(s) dict_keys(['example_branch_operator']) retrieved from /home/airflow/.local/lib/python3.7/site-packages/airflow/example_dags/example_branch_operator.py
[2023-03-11T13:38:00.629+0000] {logging_mixin.py:120} INFO - [2023-03-11T13:38:00.629+0000] {dag.py:2585} INFO - Sync 1 DAGs
[2023-03-11T13:38:00.654+0000] {logging_mixin.py:120} INFO - [2023-03-11T13:38:00.654+0000] {dag.py:3340} INFO - Setting next_dagrun for example_branch_operator to 2023-03-10T00:00:00+00:00, run_after=2023-03-11T00:00:00+00:00
[2023-03-11T13:38:00.671+0000] {processor.py:176} INFO - Processing /home/airflow/.local/lib/python3.7/site-packages/airflow/example_dags/example_branch_operator.py took 0.125 seconds
[2023-03-11T14:47:58.705+0000] {processor.py:154} INFO - Started process (PID=35893) to work on /home/airflow/.local/lib/python3.7/site-packages/airflow/example_dags/example_branch_operator.py
[2023-03-11T14:47:58.706+0000] {processor.py:756} INFO - Processing file /home/airflow/.local/lib/python3.7/site-packages/airflow/example_dags/example_branch_operator.py for tasks to queue
[2023-03-11T14:47:58.707+0000] {logging_mixin.py:120} INFO - [2023-03-11T14:47:58.707+0000] {dagbag.py:537} INFO - Filling up the DagBag from /home/airflow/.local/lib/python3.7/site-packages/airflow/example_dags/example_branch_operator.py
[2023-03-11T14:47:58.718+0000] {processor.py:766} INFO - DAG(s) dict_keys(['example_branch_operator']) retrieved from /home/airflow/.local/lib/python3.7/site-packages/airflow/example_dags/example_branch_operator.py
[2023-03-11T14:47:58.754+0000] {logging_mixin.py:120} INFO - [2023-03-11T14:47:58.754+0000] {dag.py:2585} INFO - Sync 1 DAGs
[2023-03-11T14:47:58.773+0000] {logging_mixin.py:120} INFO - [2023-03-11T14:47:58.772+0000] {dag.py:3340} INFO - Setting next_dagrun for example_branch_operator to 2023-03-10T00:00:00+00:00, run_after=2023-03-11T00:00:00+00:00
[2023-03-11T14:47:58.790+0000] {processor.py:176} INFO - Processing /home/airflow/.local/lib/python3.7/site-packages/airflow/example_dags/example_branch_operator.py took 0.087 seconds
[2023-03-11T16:07:40.786+0000] {processor.py:154} INFO - Started process (PID=35956) to work on /home/airflow/.local/lib/python3.7/site-packages/airflow/example_dags/example_branch_operator.py
[2023-03-11T16:07:40.789+0000] {processor.py:756} INFO - Processing file /home/airflow/.local/lib/python3.7/site-packages/airflow/example_dags/example_branch_operator.py for tasks to queue
[2023-03-11T16:07:40.791+0000] {logging_mixin.py:120} INFO - [2023-03-11T16:07:40.790+0000] {dagbag.py:537} INFO - Filling up the DagBag from /home/airflow/.local/lib/python3.7/site-packages/airflow/example_dags/example_branch_operator.py
[2023-03-11T16:07:40.811+0000] {processor.py:766} INFO - DAG(s) dict_keys(['example_branch_operator']) retrieved from /home/airflow/.local/lib/python3.7/site-packages/airflow/example_dags/example_branch_operator.py
[2023-03-11T16:07:40.885+0000] {logging_mixin.py:120} INFO - [2023-03-11T16:07:40.875+0000] {dag.py:2585} INFO - Sync 1 DAGs
[2023-03-11T16:07:40.909+0000] {logging_mixin.py:120} INFO - [2023-03-11T16:07:40.909+0000] {dag.py:3340} INFO - Setting next_dagrun for example_branch_operator to 2023-03-10T00:00:00+00:00, run_after=2023-03-11T00:00:00+00:00
[2023-03-11T16:07:40.929+0000] {processor.py:176} INFO - Processing /home/airflow/.local/lib/python3.7/site-packages/airflow/example_dags/example_branch_operator.py took 0.146 seconds
[2023-03-11T17:14:05.747+0000] {processor.py:154} INFO - Started process (PID=36019) to work on /home/airflow/.local/lib/python3.7/site-packages/airflow/example_dags/example_branch_operator.py
[2023-03-11T17:14:05.751+0000] {processor.py:756} INFO - Processing file /home/airflow/.local/lib/python3.7/site-packages/airflow/example_dags/example_branch_operator.py for tasks to queue
[2023-03-11T17:14:05.752+0000] {logging_mixin.py:120} INFO - [2023-03-11T17:14:05.752+0000] {dagbag.py:537} INFO - Filling up the DagBag from /home/airflow/.local/lib/python3.7/site-packages/airflow/example_dags/example_branch_operator.py
[2023-03-11T17:14:05.772+0000] {processor.py:766} INFO - DAG(s) dict_keys(['example_branch_operator']) retrieved from /home/airflow/.local/lib/python3.7/site-packages/airflow/example_dags/example_branch_operator.py
[2023-03-11T17:14:05.817+0000] {logging_mixin.py:120} INFO - [2023-03-11T17:14:05.817+0000] {dag.py:2585} INFO - Sync 1 DAGs
[2023-03-11T17:14:05.835+0000] {logging_mixin.py:120} INFO - [2023-03-11T17:14:05.835+0000] {dag.py:3340} INFO - Setting next_dagrun for example_branch_operator to 2023-03-10T00:00:00+00:00, run_after=2023-03-11T00:00:00+00:00
[2023-03-11T17:14:05.857+0000] {processor.py:176} INFO - Processing /home/airflow/.local/lib/python3.7/site-packages/airflow/example_dags/example_branch_operator.py took 0.115 seconds
[2023-03-11T18:22:29.859+0000] {processor.py:154} INFO - Started process (PID=36081) to work on /home/airflow/.local/lib/python3.7/site-packages/airflow/example_dags/example_branch_operator.py
[2023-03-11T18:22:29.862+0000] {processor.py:756} INFO - Processing file /home/airflow/.local/lib/python3.7/site-packages/airflow/example_dags/example_branch_operator.py for tasks to queue
[2023-03-11T18:22:29.865+0000] {logging_mixin.py:120} INFO - [2023-03-11T18:22:29.865+0000] {dagbag.py:537} INFO - Filling up the DagBag from /home/airflow/.local/lib/python3.7/site-packages/airflow/example_dags/example_branch_operator.py
[2023-03-11T18:22:29.884+0000] {processor.py:766} INFO - DAG(s) dict_keys(['example_branch_operator']) retrieved from /home/airflow/.local/lib/python3.7/site-packages/airflow/example_dags/example_branch_operator.py
[2023-03-11T18:22:29.933+0000] {logging_mixin.py:120} INFO - [2023-03-11T18:22:29.933+0000] {dag.py:2585} INFO - Sync 1 DAGs
[2023-03-11T18:22:29.949+0000] {logging_mixin.py:120} INFO - [2023-03-11T18:22:29.948+0000] {dag.py:3340} INFO - Setting next_dagrun for example_branch_operator to 2023-03-10T00:00:00+00:00, run_after=2023-03-11T00:00:00+00:00
[2023-03-11T18:22:29.967+0000] {processor.py:176} INFO - Processing /home/airflow/.local/lib/python3.7/site-packages/airflow/example_dags/example_branch_operator.py took 0.112 seconds
[2023-03-11T19:27:35.865+0000] {processor.py:154} INFO - Started process (PID=36135) to work on /home/airflow/.local/lib/python3.7/site-packages/airflow/example_dags/example_branch_operator.py
[2023-03-11T19:27:35.869+0000] {processor.py:756} INFO - Processing file /home/airflow/.local/lib/python3.7/site-packages/airflow/example_dags/example_branch_operator.py for tasks to queue
[2023-03-11T19:27:35.870+0000] {logging_mixin.py:120} INFO - [2023-03-11T19:27:35.869+0000] {dagbag.py:537} INFO - Filling up the DagBag from /home/airflow/.local/lib/python3.7/site-packages/airflow/example_dags/example_branch_operator.py
[2023-03-11T19:27:35.888+0000] {processor.py:766} INFO - DAG(s) dict_keys(['example_branch_operator']) retrieved from /home/airflow/.local/lib/python3.7/site-packages/airflow/example_dags/example_branch_operator.py
[2023-03-11T19:27:35.925+0000] {logging_mixin.py:120} INFO - [2023-03-11T19:27:35.925+0000] {dag.py:2585} INFO - Sync 1 DAGs
[2023-03-11T19:27:35.951+0000] {logging_mixin.py:120} INFO - [2023-03-11T19:27:35.951+0000] {dag.py:3340} INFO - Setting next_dagrun for example_branch_operator to 2023-03-10T00:00:00+00:00, run_after=2023-03-11T00:00:00+00:00
[2023-03-11T19:27:35.968+0000] {processor.py:176} INFO - Processing /home/airflow/.local/lib/python3.7/site-packages/airflow/example_dags/example_branch_operator.py took 0.105 seconds
[2023-03-11T20:33:21.478+0000] {processor.py:154} INFO - Started process (PID=36198) to work on /home/airflow/.local/lib/python3.7/site-packages/airflow/example_dags/example_branch_operator.py
[2023-03-11T20:33:21.480+0000] {processor.py:756} INFO - Processing file /home/airflow/.local/lib/python3.7/site-packages/airflow/example_dags/example_branch_operator.py for tasks to queue
[2023-03-11T20:33:21.484+0000] {logging_mixin.py:120} INFO - [2023-03-11T20:33:21.484+0000] {dagbag.py:537} INFO - Filling up the DagBag from /home/airflow/.local/lib/python3.7/site-packages/airflow/example_dags/example_branch_operator.py
[2023-03-11T20:33:21.497+0000] {processor.py:766} INFO - DAG(s) dict_keys(['example_branch_operator']) retrieved from /home/airflow/.local/lib/python3.7/site-packages/airflow/example_dags/example_branch_operator.py
[2023-03-11T20:33:21.524+0000] {logging_mixin.py:120} INFO - [2023-03-11T20:33:21.524+0000] {dag.py:2585} INFO - Sync 1 DAGs
[2023-03-11T20:33:21.549+0000] {logging_mixin.py:120} INFO - [2023-03-11T20:33:21.549+0000] {dag.py:3340} INFO - Setting next_dagrun for example_branch_operator to 2023-03-10T00:00:00+00:00, run_after=2023-03-11T00:00:00+00:00
[2023-03-11T20:33:21.572+0000] {processor.py:176} INFO - Processing /home/airflow/.local/lib/python3.7/site-packages/airflow/example_dags/example_branch_operator.py took 0.096 seconds
[2023-03-11T21:49:20.522+0000] {processor.py:154} INFO - Started process (PID=36261) to work on /home/airflow/.local/lib/python3.7/site-packages/airflow/example_dags/example_branch_operator.py
[2023-03-11T21:49:20.523+0000] {processor.py:756} INFO - Processing file /home/airflow/.local/lib/python3.7/site-packages/airflow/example_dags/example_branch_operator.py for tasks to queue
[2023-03-11T21:49:20.524+0000] {logging_mixin.py:120} INFO - [2023-03-11T21:49:20.524+0000] {dagbag.py:537} INFO - Filling up the DagBag from /home/airflow/.local/lib/python3.7/site-packages/airflow/example_dags/example_branch_operator.py
[2023-03-11T21:49:20.536+0000] {processor.py:766} INFO - DAG(s) dict_keys(['example_branch_operator']) retrieved from /home/airflow/.local/lib/python3.7/site-packages/airflow/example_dags/example_branch_operator.py
[2023-03-11T21:49:20.568+0000] {logging_mixin.py:120} INFO - [2023-03-11T21:49:20.568+0000] {dag.py:2585} INFO - Sync 1 DAGs
[2023-03-11T21:49:20.583+0000] {logging_mixin.py:120} INFO - [2023-03-11T21:49:20.583+0000] {dag.py:3340} INFO - Setting next_dagrun for example_branch_operator to 2023-03-10T00:00:00+00:00, run_after=2023-03-11T00:00:00+00:00
[2023-03-11T21:49:20.594+0000] {processor.py:176} INFO - Processing /home/airflow/.local/lib/python3.7/site-packages/airflow/example_dags/example_branch_operator.py took 0.075 seconds
[2023-03-11T22:58:02.824+0000] {processor.py:154} INFO - Started process (PID=36324) to work on /home/airflow/.local/lib/python3.7/site-packages/airflow/example_dags/example_branch_operator.py
[2023-03-11T22:58:02.825+0000] {processor.py:756} INFO - Processing file /home/airflow/.local/lib/python3.7/site-packages/airflow/example_dags/example_branch_operator.py for tasks to queue
[2023-03-11T22:58:02.826+0000] {logging_mixin.py:120} INFO - [2023-03-11T22:58:02.826+0000] {dagbag.py:537} INFO - Filling up the DagBag from /home/airflow/.local/lib/python3.7/site-packages/airflow/example_dags/example_branch_operator.py
[2023-03-11T22:58:02.847+0000] {processor.py:766} INFO - DAG(s) dict_keys(['example_branch_operator']) retrieved from /home/airflow/.local/lib/python3.7/site-packages/airflow/example_dags/example_branch_operator.py
[2023-03-11T22:58:02.901+0000] {logging_mixin.py:120} INFO - [2023-03-11T22:58:02.901+0000] {dag.py:2585} INFO - Sync 1 DAGs
[2023-03-11T22:58:02.925+0000] {logging_mixin.py:120} INFO - [2023-03-11T22:58:02.925+0000] {dag.py:3340} INFO - Setting next_dagrun for example_branch_operator to 2023-03-10T00:00:00+00:00, run_after=2023-03-11T00:00:00+00:00
[2023-03-11T22:58:02.941+0000] {processor.py:176} INFO - Processing /home/airflow/.local/lib/python3.7/site-packages/airflow/example_dags/example_branch_operator.py took 0.120 seconds
