[2023-03-11T00:06:54.503+0000] {processor.py:154} INFO - Started process (PID=35096) to work on /home/airflow/.local/lib/python3.7/site-packages/airflow/example_dags/example_complex.py
[2023-03-11T00:06:54.506+0000] {processor.py:756} INFO - Processing file /home/airflow/.local/lib/python3.7/site-packages/airflow/example_dags/example_complex.py for tasks to queue
[2023-03-11T00:06:54.507+0000] {logging_mixin.py:120} INFO - [2023-03-11T00:06:54.507+0000] {dagbag.py:537} INFO - Filling up the DagBag from /home/airflow/.local/lib/python3.7/site-packages/airflow/example_dags/example_complex.py
[2023-03-11T00:06:54.523+0000] {logging_mixin.py:120} INFO - [2023-03-11T00:06:54.522+0000] {taskmixin.py:205} WARNING - Dependency <Task(BashOperator): create_entry_group>, delete_entry_group already registered for DAG: example_complex
[2023-03-11T00:06:54.526+0000] {logging_mixin.py:120} INFO - [2023-03-11T00:06:54.526+0000] {taskmixin.py:205} WARNING - Dependency <Task(BashOperator): delete_entry_group>, create_entry_group already registered for DAG: example_complex
[2023-03-11T00:06:54.527+0000] {logging_mixin.py:120} INFO - [2023-03-11T00:06:54.527+0000] {taskmixin.py:205} WARNING - Dependency <Task(BashOperator): create_entry_gcs>, delete_entry already registered for DAG: example_complex
[2023-03-11T00:06:54.527+0000] {logging_mixin.py:120} INFO - [2023-03-11T00:06:54.527+0000] {taskmixin.py:205} WARNING - Dependency <Task(BashOperator): delete_entry>, create_entry_gcs already registered for DAG: example_complex
[2023-03-11T00:06:54.527+0000] {logging_mixin.py:120} INFO - [2023-03-11T00:06:54.527+0000] {taskmixin.py:205} WARNING - Dependency <Task(BashOperator): create_tag>, delete_tag already registered for DAG: example_complex
[2023-03-11T00:06:54.527+0000] {logging_mixin.py:120} INFO - [2023-03-11T00:06:54.527+0000] {taskmixin.py:205} WARNING - Dependency <Task(BashOperator): delete_tag>, create_tag already registered for DAG: example_complex
[2023-03-11T00:06:54.534+0000] {processor.py:766} INFO - DAG(s) dict_keys(['example_complex']) retrieved from /home/airflow/.local/lib/python3.7/site-packages/airflow/example_dags/example_complex.py
[2023-03-11T00:06:54.594+0000] {logging_mixin.py:120} INFO - [2023-03-11T00:06:54.594+0000] {dag.py:2585} INFO - Sync 1 DAGs
[2023-03-11T00:06:54.614+0000] {logging_mixin.py:120} INFO - [2023-03-11T00:06:54.614+0000] {dag.py:3340} INFO - Setting next_dagrun for example_complex to None, run_after=None
[2023-03-11T00:06:54.630+0000] {processor.py:176} INFO - Processing /home/airflow/.local/lib/python3.7/site-packages/airflow/example_dags/example_complex.py took 0.130 seconds
[2023-03-11T01:13:26.311+0000] {processor.py:154} INFO - Started process (PID=35159) to work on /home/airflow/.local/lib/python3.7/site-packages/airflow/example_dags/example_complex.py
[2023-03-11T01:13:26.312+0000] {processor.py:756} INFO - Processing file /home/airflow/.local/lib/python3.7/site-packages/airflow/example_dags/example_complex.py for tasks to queue
[2023-03-11T01:13:26.313+0000] {logging_mixin.py:120} INFO - [2023-03-11T01:13:26.313+0000] {dagbag.py:537} INFO - Filling up the DagBag from /home/airflow/.local/lib/python3.7/site-packages/airflow/example_dags/example_complex.py
[2023-03-11T01:13:26.321+0000] {logging_mixin.py:120} INFO - [2023-03-11T01:13:26.320+0000] {taskmixin.py:205} WARNING - Dependency <Task(BashOperator): create_entry_group>, delete_entry_group already registered for DAG: example_complex
[2023-03-11T01:13:26.321+0000] {logging_mixin.py:120} INFO - [2023-03-11T01:13:26.321+0000] {taskmixin.py:205} WARNING - Dependency <Task(BashOperator): delete_entry_group>, create_entry_group already registered for DAG: example_complex
[2023-03-11T01:13:26.322+0000] {logging_mixin.py:120} INFO - [2023-03-11T01:13:26.322+0000] {taskmixin.py:205} WARNING - Dependency <Task(BashOperator): create_entry_gcs>, delete_entry already registered for DAG: example_complex
[2023-03-11T01:13:26.322+0000] {logging_mixin.py:120} INFO - [2023-03-11T01:13:26.322+0000] {taskmixin.py:205} WARNING - Dependency <Task(BashOperator): delete_entry>, create_entry_gcs already registered for DAG: example_complex
[2023-03-11T01:13:26.323+0000] {logging_mixin.py:120} INFO - [2023-03-11T01:13:26.323+0000] {taskmixin.py:205} WARNING - Dependency <Task(BashOperator): create_tag>, delete_tag already registered for DAG: example_complex
[2023-03-11T01:13:26.324+0000] {logging_mixin.py:120} INFO - [2023-03-11T01:13:26.324+0000] {taskmixin.py:205} WARNING - Dependency <Task(BashOperator): delete_tag>, create_tag already registered for DAG: example_complex
[2023-03-11T01:13:26.328+0000] {processor.py:766} INFO - DAG(s) dict_keys(['example_complex']) retrieved from /home/airflow/.local/lib/python3.7/site-packages/airflow/example_dags/example_complex.py
[2023-03-11T01:13:26.359+0000] {logging_mixin.py:120} INFO - [2023-03-11T01:13:26.358+0000] {dag.py:2585} INFO - Sync 1 DAGs
[2023-03-11T01:13:26.372+0000] {logging_mixin.py:120} INFO - [2023-03-11T01:13:26.372+0000] {dag.py:3340} INFO - Setting next_dagrun for example_complex to None, run_after=None
[2023-03-11T01:13:26.382+0000] {processor.py:176} INFO - Processing /home/airflow/.local/lib/python3.7/site-packages/airflow/example_dags/example_complex.py took 0.073 seconds
[2023-03-11T02:21:49.591+0000] {processor.py:154} INFO - Started process (PID=35223) to work on /home/airflow/.local/lib/python3.7/site-packages/airflow/example_dags/example_complex.py
[2023-03-11T02:21:49.595+0000] {processor.py:756} INFO - Processing file /home/airflow/.local/lib/python3.7/site-packages/airflow/example_dags/example_complex.py for tasks to queue
[2023-03-11T02:21:49.596+0000] {logging_mixin.py:120} INFO - [2023-03-11T02:21:49.596+0000] {dagbag.py:537} INFO - Filling up the DagBag from /home/airflow/.local/lib/python3.7/site-packages/airflow/example_dags/example_complex.py
[2023-03-11T02:21:49.604+0000] {logging_mixin.py:120} INFO - [2023-03-11T02:21:49.604+0000] {taskmixin.py:205} WARNING - Dependency <Task(BashOperator): create_entry_group>, delete_entry_group already registered for DAG: example_complex
[2023-03-11T02:21:49.608+0000] {logging_mixin.py:120} INFO - [2023-03-11T02:21:49.608+0000] {taskmixin.py:205} WARNING - Dependency <Task(BashOperator): delete_entry_group>, create_entry_group already registered for DAG: example_complex
[2023-03-11T02:21:49.608+0000] {logging_mixin.py:120} INFO - [2023-03-11T02:21:49.608+0000] {taskmixin.py:205} WARNING - Dependency <Task(BashOperator): create_entry_gcs>, delete_entry already registered for DAG: example_complex
[2023-03-11T02:21:49.608+0000] {logging_mixin.py:120} INFO - [2023-03-11T02:21:49.608+0000] {taskmixin.py:205} WARNING - Dependency <Task(BashOperator): delete_entry>, create_entry_gcs already registered for DAG: example_complex
[2023-03-11T02:21:49.609+0000] {logging_mixin.py:120} INFO - [2023-03-11T02:21:49.609+0000] {taskmixin.py:205} WARNING - Dependency <Task(BashOperator): create_tag>, delete_tag already registered for DAG: example_complex
[2023-03-11T02:21:49.609+0000] {logging_mixin.py:120} INFO - [2023-03-11T02:21:49.609+0000] {taskmixin.py:205} WARNING - Dependency <Task(BashOperator): delete_tag>, create_tag already registered for DAG: example_complex
[2023-03-11T02:21:49.615+0000] {processor.py:766} INFO - DAG(s) dict_keys(['example_complex']) retrieved from /home/airflow/.local/lib/python3.7/site-packages/airflow/example_dags/example_complex.py
[2023-03-11T02:21:49.666+0000] {logging_mixin.py:120} INFO - [2023-03-11T02:21:49.666+0000] {dag.py:2585} INFO - Sync 1 DAGs
[2023-03-11T02:21:49.691+0000] {logging_mixin.py:120} INFO - [2023-03-11T02:21:49.690+0000] {dag.py:3340} INFO - Setting next_dagrun for example_complex to None, run_after=None
[2023-03-11T02:21:49.712+0000] {processor.py:176} INFO - Processing /home/airflow/.local/lib/python3.7/site-packages/airflow/example_dags/example_complex.py took 0.123 seconds
[2023-03-11T03:28:20.785+0000] {processor.py:154} INFO - Started process (PID=35277) to work on /home/airflow/.local/lib/python3.7/site-packages/airflow/example_dags/example_complex.py
[2023-03-11T03:28:20.786+0000] {processor.py:756} INFO - Processing file /home/airflow/.local/lib/python3.7/site-packages/airflow/example_dags/example_complex.py for tasks to queue
[2023-03-11T03:28:20.787+0000] {logging_mixin.py:120} INFO - [2023-03-11T03:28:20.787+0000] {dagbag.py:537} INFO - Filling up the DagBag from /home/airflow/.local/lib/python3.7/site-packages/airflow/example_dags/example_complex.py
[2023-03-11T03:28:20.795+0000] {logging_mixin.py:120} INFO - [2023-03-11T03:28:20.795+0000] {taskmixin.py:205} WARNING - Dependency <Task(BashOperator): create_entry_group>, delete_entry_group already registered for DAG: example_complex
[2023-03-11T03:28:20.795+0000] {logging_mixin.py:120} INFO - [2023-03-11T03:28:20.795+0000] {taskmixin.py:205} WARNING - Dependency <Task(BashOperator): delete_entry_group>, create_entry_group already registered for DAG: example_complex
[2023-03-11T03:28:20.796+0000] {logging_mixin.py:120} INFO - [2023-03-11T03:28:20.796+0000] {taskmixin.py:205} WARNING - Dependency <Task(BashOperator): create_entry_gcs>, delete_entry already registered for DAG: example_complex
[2023-03-11T03:28:20.796+0000] {logging_mixin.py:120} INFO - [2023-03-11T03:28:20.796+0000] {taskmixin.py:205} WARNING - Dependency <Task(BashOperator): delete_entry>, create_entry_gcs already registered for DAG: example_complex
[2023-03-11T03:28:20.797+0000] {logging_mixin.py:120} INFO - [2023-03-11T03:28:20.797+0000] {taskmixin.py:205} WARNING - Dependency <Task(BashOperator): create_tag>, delete_tag already registered for DAG: example_complex
[2023-03-11T03:28:20.797+0000] {logging_mixin.py:120} INFO - [2023-03-11T03:28:20.797+0000] {taskmixin.py:205} WARNING - Dependency <Task(BashOperator): delete_tag>, create_tag already registered for DAG: example_complex
[2023-03-11T03:28:20.803+0000] {processor.py:766} INFO - DAG(s) dict_keys(['example_complex']) retrieved from /home/airflow/.local/lib/python3.7/site-packages/airflow/example_dags/example_complex.py
[2023-03-11T03:28:20.879+0000] {logging_mixin.py:120} INFO - [2023-03-11T03:28:20.879+0000] {dag.py:2585} INFO - Sync 1 DAGs
[2023-03-11T03:28:20.903+0000] {logging_mixin.py:120} INFO - [2023-03-11T03:28:20.903+0000] {dag.py:3340} INFO - Setting next_dagrun for example_complex to None, run_after=None
[2023-03-11T03:28:20.922+0000] {processor.py:176} INFO - Processing /home/airflow/.local/lib/python3.7/site-packages/airflow/example_dags/example_complex.py took 0.140 seconds
[2023-03-11T04:35:23.642+0000] {processor.py:154} INFO - Started process (PID=35341) to work on /home/airflow/.local/lib/python3.7/site-packages/airflow/example_dags/example_complex.py
[2023-03-11T04:35:23.644+0000] {processor.py:756} INFO - Processing file /home/airflow/.local/lib/python3.7/site-packages/airflow/example_dags/example_complex.py for tasks to queue
[2023-03-11T04:35:23.645+0000] {logging_mixin.py:120} INFO - [2023-03-11T04:35:23.645+0000] {dagbag.py:537} INFO - Filling up the DagBag from /home/airflow/.local/lib/python3.7/site-packages/airflow/example_dags/example_complex.py
[2023-03-11T04:35:23.667+0000] {logging_mixin.py:120} INFO - [2023-03-11T04:35:23.667+0000] {taskmixin.py:205} WARNING - Dependency <Task(BashOperator): create_entry_group>, delete_entry_group already registered for DAG: example_complex
[2023-03-11T04:35:23.668+0000] {logging_mixin.py:120} INFO - [2023-03-11T04:35:23.668+0000] {taskmixin.py:205} WARNING - Dependency <Task(BashOperator): delete_entry_group>, create_entry_group already registered for DAG: example_complex
[2023-03-11T04:35:23.669+0000] {logging_mixin.py:120} INFO - [2023-03-11T04:35:23.669+0000] {taskmixin.py:205} WARNING - Dependency <Task(BashOperator): create_entry_gcs>, delete_entry already registered for DAG: example_complex
[2023-03-11T04:35:23.669+0000] {logging_mixin.py:120} INFO - [2023-03-11T04:35:23.669+0000] {taskmixin.py:205} WARNING - Dependency <Task(BashOperator): delete_entry>, create_entry_gcs already registered for DAG: example_complex
[2023-03-11T04:35:23.670+0000] {logging_mixin.py:120} INFO - [2023-03-11T04:35:23.670+0000] {taskmixin.py:205} WARNING - Dependency <Task(BashOperator): create_tag>, delete_tag already registered for DAG: example_complex
[2023-03-11T04:35:23.671+0000] {logging_mixin.py:120} INFO - [2023-03-11T04:35:23.671+0000] {taskmixin.py:205} WARNING - Dependency <Task(BashOperator): delete_tag>, create_tag already registered for DAG: example_complex
[2023-03-11T04:35:23.679+0000] {processor.py:766} INFO - DAG(s) dict_keys(['example_complex']) retrieved from /home/airflow/.local/lib/python3.7/site-packages/airflow/example_dags/example_complex.py
[2023-03-11T04:35:23.745+0000] {logging_mixin.py:120} INFO - [2023-03-11T04:35:23.745+0000] {dag.py:2585} INFO - Sync 1 DAGs
[2023-03-11T04:35:23.771+0000] {logging_mixin.py:120} INFO - [2023-03-11T04:35:23.770+0000] {dag.py:3340} INFO - Setting next_dagrun for example_complex to None, run_after=None
[2023-03-11T04:35:23.783+0000] {processor.py:176} INFO - Processing /home/airflow/.local/lib/python3.7/site-packages/airflow/example_dags/example_complex.py took 0.145 seconds
[2023-03-11T05:41:13.592+0000] {processor.py:154} INFO - Started process (PID=35404) to work on /home/airflow/.local/lib/python3.7/site-packages/airflow/example_dags/example_complex.py
[2023-03-11T05:41:13.593+0000] {processor.py:756} INFO - Processing file /home/airflow/.local/lib/python3.7/site-packages/airflow/example_dags/example_complex.py for tasks to queue
[2023-03-11T05:41:13.594+0000] {logging_mixin.py:120} INFO - [2023-03-11T05:41:13.593+0000] {dagbag.py:537} INFO - Filling up the DagBag from /home/airflow/.local/lib/python3.7/site-packages/airflow/example_dags/example_complex.py
[2023-03-11T05:41:13.602+0000] {logging_mixin.py:120} INFO - [2023-03-11T05:41:13.602+0000] {taskmixin.py:205} WARNING - Dependency <Task(BashOperator): create_entry_group>, delete_entry_group already registered for DAG: example_complex
[2023-03-11T05:41:13.603+0000] {logging_mixin.py:120} INFO - [2023-03-11T05:41:13.602+0000] {taskmixin.py:205} WARNING - Dependency <Task(BashOperator): delete_entry_group>, create_entry_group already registered for DAG: example_complex
[2023-03-11T05:41:13.603+0000] {logging_mixin.py:120} INFO - [2023-03-11T05:41:13.603+0000] {taskmixin.py:205} WARNING - Dependency <Task(BashOperator): create_entry_gcs>, delete_entry already registered for DAG: example_complex
[2023-03-11T05:41:13.604+0000] {logging_mixin.py:120} INFO - [2023-03-11T05:41:13.604+0000] {taskmixin.py:205} WARNING - Dependency <Task(BashOperator): delete_entry>, create_entry_gcs already registered for DAG: example_complex
[2023-03-11T05:41:13.604+0000] {logging_mixin.py:120} INFO - [2023-03-11T05:41:13.604+0000] {taskmixin.py:205} WARNING - Dependency <Task(BashOperator): create_tag>, delete_tag already registered for DAG: example_complex
[2023-03-11T05:41:13.605+0000] {logging_mixin.py:120} INFO - [2023-03-11T05:41:13.605+0000] {taskmixin.py:205} WARNING - Dependency <Task(BashOperator): delete_tag>, create_tag already registered for DAG: example_complex
[2023-03-11T05:41:13.610+0000] {processor.py:766} INFO - DAG(s) dict_keys(['example_complex']) retrieved from /home/airflow/.local/lib/python3.7/site-packages/airflow/example_dags/example_complex.py
[2023-03-11T05:41:13.642+0000] {logging_mixin.py:120} INFO - [2023-03-11T05:41:13.642+0000] {dag.py:2585} INFO - Sync 1 DAGs
[2023-03-11T05:41:13.656+0000] {logging_mixin.py:120} INFO - [2023-03-11T05:41:13.656+0000] {dag.py:3340} INFO - Setting next_dagrun for example_complex to None, run_after=None
[2023-03-11T05:41:13.668+0000] {processor.py:176} INFO - Processing /home/airflow/.local/lib/python3.7/site-packages/airflow/example_dags/example_complex.py took 0.079 seconds
[2023-03-11T06:48:02.397+0000] {processor.py:154} INFO - Started process (PID=35467) to work on /home/airflow/.local/lib/python3.7/site-packages/airflow/example_dags/example_complex.py
[2023-03-11T06:48:02.398+0000] {processor.py:756} INFO - Processing file /home/airflow/.local/lib/python3.7/site-packages/airflow/example_dags/example_complex.py for tasks to queue
[2023-03-11T06:48:02.399+0000] {logging_mixin.py:120} INFO - [2023-03-11T06:48:02.399+0000] {dagbag.py:537} INFO - Filling up the DagBag from /home/airflow/.local/lib/python3.7/site-packages/airflow/example_dags/example_complex.py
[2023-03-11T06:48:02.409+0000] {logging_mixin.py:120} INFO - [2023-03-11T06:48:02.409+0000] {taskmixin.py:205} WARNING - Dependency <Task(BashOperator): create_entry_group>, delete_entry_group already registered for DAG: example_complex
[2023-03-11T06:48:02.410+0000] {logging_mixin.py:120} INFO - [2023-03-11T06:48:02.410+0000] {taskmixin.py:205} WARNING - Dependency <Task(BashOperator): delete_entry_group>, create_entry_group already registered for DAG: example_complex
[2023-03-11T06:48:02.410+0000] {logging_mixin.py:120} INFO - [2023-03-11T06:48:02.410+0000] {taskmixin.py:205} WARNING - Dependency <Task(BashOperator): create_entry_gcs>, delete_entry already registered for DAG: example_complex
[2023-03-11T06:48:02.411+0000] {logging_mixin.py:120} INFO - [2023-03-11T06:48:02.411+0000] {taskmixin.py:205} WARNING - Dependency <Task(BashOperator): delete_entry>, create_entry_gcs already registered for DAG: example_complex
[2023-03-11T06:48:02.411+0000] {logging_mixin.py:120} INFO - [2023-03-11T06:48:02.411+0000] {taskmixin.py:205} WARNING - Dependency <Task(BashOperator): create_tag>, delete_tag already registered for DAG: example_complex
[2023-03-11T06:48:02.412+0000] {logging_mixin.py:120} INFO - [2023-03-11T06:48:02.412+0000] {taskmixin.py:205} WARNING - Dependency <Task(BashOperator): delete_tag>, create_tag already registered for DAG: example_complex
[2023-03-11T06:48:02.417+0000] {processor.py:766} INFO - DAG(s) dict_keys(['example_complex']) retrieved from /home/airflow/.local/lib/python3.7/site-packages/airflow/example_dags/example_complex.py
[2023-03-11T06:48:02.453+0000] {logging_mixin.py:120} INFO - [2023-03-11T06:48:02.453+0000] {dag.py:2585} INFO - Sync 1 DAGs
[2023-03-11T06:48:02.472+0000] {logging_mixin.py:120} INFO - [2023-03-11T06:48:02.472+0000] {dag.py:3340} INFO - Setting next_dagrun for example_complex to None, run_after=None
[2023-03-11T06:48:02.486+0000] {processor.py:176} INFO - Processing /home/airflow/.local/lib/python3.7/site-packages/airflow/example_dags/example_complex.py took 0.095 seconds
[2023-03-11T07:54:05.513+0000] {processor.py:154} INFO - Started process (PID=35521) to work on /home/airflow/.local/lib/python3.7/site-packages/airflow/example_dags/example_complex.py
[2023-03-11T07:54:05.516+0000] {processor.py:756} INFO - Processing file /home/airflow/.local/lib/python3.7/site-packages/airflow/example_dags/example_complex.py for tasks to queue
[2023-03-11T07:54:05.519+0000] {logging_mixin.py:120} INFO - [2023-03-11T07:54:05.519+0000] {dagbag.py:537} INFO - Filling up the DagBag from /home/airflow/.local/lib/python3.7/site-packages/airflow/example_dags/example_complex.py
[2023-03-11T07:54:05.538+0000] {logging_mixin.py:120} INFO - [2023-03-11T07:54:05.538+0000] {taskmixin.py:205} WARNING - Dependency <Task(BashOperator): create_entry_group>, delete_entry_group already registered for DAG: example_complex
[2023-03-11T07:54:05.540+0000] {logging_mixin.py:120} INFO - [2023-03-11T07:54:05.540+0000] {taskmixin.py:205} WARNING - Dependency <Task(BashOperator): delete_entry_group>, create_entry_group already registered for DAG: example_complex
[2023-03-11T07:54:05.541+0000] {logging_mixin.py:120} INFO - [2023-03-11T07:54:05.541+0000] {taskmixin.py:205} WARNING - Dependency <Task(BashOperator): create_entry_gcs>, delete_entry already registered for DAG: example_complex
[2023-03-11T07:54:05.541+0000] {logging_mixin.py:120} INFO - [2023-03-11T07:54:05.541+0000] {taskmixin.py:205} WARNING - Dependency <Task(BashOperator): delete_entry>, create_entry_gcs already registered for DAG: example_complex
[2023-03-11T07:54:05.541+0000] {logging_mixin.py:120} INFO - [2023-03-11T07:54:05.541+0000] {taskmixin.py:205} WARNING - Dependency <Task(BashOperator): create_tag>, delete_tag already registered for DAG: example_complex
[2023-03-11T07:54:05.542+0000] {logging_mixin.py:120} INFO - [2023-03-11T07:54:05.542+0000] {taskmixin.py:205} WARNING - Dependency <Task(BashOperator): delete_tag>, create_tag already registered for DAG: example_complex
[2023-03-11T07:54:05.552+0000] {processor.py:766} INFO - DAG(s) dict_keys(['example_complex']) retrieved from /home/airflow/.local/lib/python3.7/site-packages/airflow/example_dags/example_complex.py
[2023-03-11T07:54:05.613+0000] {logging_mixin.py:120} INFO - [2023-03-11T07:54:05.613+0000] {dag.py:2585} INFO - Sync 1 DAGs
[2023-03-11T07:54:05.639+0000] {logging_mixin.py:120} INFO - [2023-03-11T07:54:05.639+0000] {dag.py:3340} INFO - Setting next_dagrun for example_complex to None, run_after=None
[2023-03-11T07:54:05.661+0000] {processor.py:176} INFO - Processing /home/airflow/.local/lib/python3.7/site-packages/airflow/example_dags/example_complex.py took 0.152 seconds
[2023-03-11T09:00:24.007+0000] {processor.py:154} INFO - Started process (PID=35584) to work on /home/airflow/.local/lib/python3.7/site-packages/airflow/example_dags/example_complex.py
[2023-03-11T09:00:24.010+0000] {processor.py:756} INFO - Processing file /home/airflow/.local/lib/python3.7/site-packages/airflow/example_dags/example_complex.py for tasks to queue
[2023-03-11T09:00:24.012+0000] {logging_mixin.py:120} INFO - [2023-03-11T09:00:24.012+0000] {dagbag.py:537} INFO - Filling up the DagBag from /home/airflow/.local/lib/python3.7/site-packages/airflow/example_dags/example_complex.py
[2023-03-11T09:00:24.033+0000] {logging_mixin.py:120} INFO - [2023-03-11T09:00:24.033+0000] {taskmixin.py:205} WARNING - Dependency <Task(BashOperator): create_entry_group>, delete_entry_group already registered for DAG: example_complex
[2023-03-11T09:00:24.035+0000] {logging_mixin.py:120} INFO - [2023-03-11T09:00:24.035+0000] {taskmixin.py:205} WARNING - Dependency <Task(BashOperator): delete_entry_group>, create_entry_group already registered for DAG: example_complex
[2023-03-11T09:00:24.037+0000] {logging_mixin.py:120} INFO - [2023-03-11T09:00:24.037+0000] {taskmixin.py:205} WARNING - Dependency <Task(BashOperator): create_entry_gcs>, delete_entry already registered for DAG: example_complex
[2023-03-11T09:00:24.038+0000] {logging_mixin.py:120} INFO - [2023-03-11T09:00:24.038+0000] {taskmixin.py:205} WARNING - Dependency <Task(BashOperator): delete_entry>, create_entry_gcs already registered for DAG: example_complex
[2023-03-11T09:00:24.038+0000] {logging_mixin.py:120} INFO - [2023-03-11T09:00:24.038+0000] {taskmixin.py:205} WARNING - Dependency <Task(BashOperator): create_tag>, delete_tag already registered for DAG: example_complex
[2023-03-11T09:00:24.040+0000] {logging_mixin.py:120} INFO - [2023-03-11T09:00:24.040+0000] {taskmixin.py:205} WARNING - Dependency <Task(BashOperator): delete_tag>, create_tag already registered for DAG: example_complex
[2023-03-11T09:00:24.060+0000] {processor.py:766} INFO - DAG(s) dict_keys(['example_complex']) retrieved from /home/airflow/.local/lib/python3.7/site-packages/airflow/example_dags/example_complex.py
[2023-03-11T09:00:24.111+0000] {logging_mixin.py:120} INFO - [2023-03-11T09:00:24.111+0000] {dag.py:2585} INFO - Sync 1 DAGs
[2023-03-11T09:00:24.130+0000] {logging_mixin.py:120} INFO - [2023-03-11T09:00:24.129+0000] {dag.py:3340} INFO - Setting next_dagrun for example_complex to None, run_after=None
[2023-03-11T09:00:24.142+0000] {processor.py:176} INFO - Processing /home/airflow/.local/lib/python3.7/site-packages/airflow/example_dags/example_complex.py took 0.144 seconds
[2023-03-11T10:06:56.278+0000] {processor.py:154} INFO - Started process (PID=35647) to work on /home/airflow/.local/lib/python3.7/site-packages/airflow/example_dags/example_complex.py
[2023-03-11T10:06:56.284+0000] {processor.py:756} INFO - Processing file /home/airflow/.local/lib/python3.7/site-packages/airflow/example_dags/example_complex.py for tasks to queue
[2023-03-11T10:06:56.285+0000] {logging_mixin.py:120} INFO - [2023-03-11T10:06:56.285+0000] {dagbag.py:537} INFO - Filling up the DagBag from /home/airflow/.local/lib/python3.7/site-packages/airflow/example_dags/example_complex.py
[2023-03-11T10:06:56.294+0000] {logging_mixin.py:120} INFO - [2023-03-11T10:06:56.294+0000] {taskmixin.py:205} WARNING - Dependency <Task(BashOperator): create_entry_group>, delete_entry_group already registered for DAG: example_complex
[2023-03-11T10:06:56.300+0000] {logging_mixin.py:120} INFO - [2023-03-11T10:06:56.300+0000] {taskmixin.py:205} WARNING - Dependency <Task(BashOperator): delete_entry_group>, create_entry_group already registered for DAG: example_complex
[2023-03-11T10:06:56.301+0000] {logging_mixin.py:120} INFO - [2023-03-11T10:06:56.301+0000] {taskmixin.py:205} WARNING - Dependency <Task(BashOperator): create_entry_gcs>, delete_entry already registered for DAG: example_complex
[2023-03-11T10:06:56.301+0000] {logging_mixin.py:120} INFO - [2023-03-11T10:06:56.301+0000] {taskmixin.py:205} WARNING - Dependency <Task(BashOperator): delete_entry>, create_entry_gcs already registered for DAG: example_complex
[2023-03-11T10:06:56.302+0000] {logging_mixin.py:120} INFO - [2023-03-11T10:06:56.302+0000] {taskmixin.py:205} WARNING - Dependency <Task(BashOperator): create_tag>, delete_tag already registered for DAG: example_complex
[2023-03-11T10:06:56.302+0000] {logging_mixin.py:120} INFO - [2023-03-11T10:06:56.302+0000] {taskmixin.py:205} WARNING - Dependency <Task(BashOperator): delete_tag>, create_tag already registered for DAG: example_complex
[2023-03-11T10:06:56.311+0000] {processor.py:766} INFO - DAG(s) dict_keys(['example_complex']) retrieved from /home/airflow/.local/lib/python3.7/site-packages/airflow/example_dags/example_complex.py
[2023-03-11T10:06:56.383+0000] {logging_mixin.py:120} INFO - [2023-03-11T10:06:56.383+0000] {dag.py:2585} INFO - Sync 1 DAGs
[2023-03-11T10:06:56.406+0000] {logging_mixin.py:120} INFO - [2023-03-11T10:06:56.406+0000] {dag.py:3340} INFO - Setting next_dagrun for example_complex to None, run_after=None
[2023-03-11T10:06:56.421+0000] {processor.py:176} INFO - Processing /home/airflow/.local/lib/python3.7/site-packages/airflow/example_dags/example_complex.py took 0.147 seconds
[2023-03-11T11:31:09.347+0000] {processor.py:154} INFO - Started process (PID=35710) to work on /home/airflow/.local/lib/python3.7/site-packages/airflow/example_dags/example_complex.py
[2023-03-11T11:31:09.351+0000] {processor.py:756} INFO - Processing file /home/airflow/.local/lib/python3.7/site-packages/airflow/example_dags/example_complex.py for tasks to queue
[2023-03-11T11:31:09.352+0000] {logging_mixin.py:120} INFO - [2023-03-11T11:31:09.352+0000] {dagbag.py:537} INFO - Filling up the DagBag from /home/airflow/.local/lib/python3.7/site-packages/airflow/example_dags/example_complex.py
[2023-03-11T11:31:09.361+0000] {logging_mixin.py:120} INFO - [2023-03-11T11:31:09.361+0000] {taskmixin.py:205} WARNING - Dependency <Task(BashOperator): create_entry_group>, delete_entry_group already registered for DAG: example_complex
[2023-03-11T11:31:09.365+0000] {logging_mixin.py:120} INFO - [2023-03-11T11:31:09.365+0000] {taskmixin.py:205} WARNING - Dependency <Task(BashOperator): delete_entry_group>, create_entry_group already registered for DAG: example_complex
[2023-03-11T11:31:09.366+0000] {logging_mixin.py:120} INFO - [2023-03-11T11:31:09.366+0000] {taskmixin.py:205} WARNING - Dependency <Task(BashOperator): create_entry_gcs>, delete_entry already registered for DAG: example_complex
[2023-03-11T11:31:09.366+0000] {logging_mixin.py:120} INFO - [2023-03-11T11:31:09.366+0000] {taskmixin.py:205} WARNING - Dependency <Task(BashOperator): delete_entry>, create_entry_gcs already registered for DAG: example_complex
[2023-03-11T11:31:09.367+0000] {logging_mixin.py:120} INFO - [2023-03-11T11:31:09.367+0000] {taskmixin.py:205} WARNING - Dependency <Task(BashOperator): create_tag>, delete_tag already registered for DAG: example_complex
[2023-03-11T11:31:09.367+0000] {logging_mixin.py:120} INFO - [2023-03-11T11:31:09.367+0000] {taskmixin.py:205} WARNING - Dependency <Task(BashOperator): delete_tag>, create_tag already registered for DAG: example_complex
[2023-03-11T11:31:09.377+0000] {processor.py:766} INFO - DAG(s) dict_keys(['example_complex']) retrieved from /home/airflow/.local/lib/python3.7/site-packages/airflow/example_dags/example_complex.py
[2023-03-11T11:31:09.435+0000] {logging_mixin.py:120} INFO - [2023-03-11T11:31:09.435+0000] {dag.py:2585} INFO - Sync 1 DAGs
[2023-03-11T11:31:09.460+0000] {logging_mixin.py:120} INFO - [2023-03-11T11:31:09.460+0000] {dag.py:3340} INFO - Setting next_dagrun for example_complex to None, run_after=None
[2023-03-11T11:31:09.480+0000] {processor.py:176} INFO - Processing /home/airflow/.local/lib/python3.7/site-packages/airflow/example_dags/example_complex.py took 0.136 seconds
[2023-03-11T12:37:39.495+0000] {processor.py:154} INFO - Started process (PID=35773) to work on /home/airflow/.local/lib/python3.7/site-packages/airflow/example_dags/example_complex.py
[2023-03-11T12:37:39.496+0000] {processor.py:756} INFO - Processing file /home/airflow/.local/lib/python3.7/site-packages/airflow/example_dags/example_complex.py for tasks to queue
[2023-03-11T12:37:39.497+0000] {logging_mixin.py:120} INFO - [2023-03-11T12:37:39.497+0000] {dagbag.py:537} INFO - Filling up the DagBag from /home/airflow/.local/lib/python3.7/site-packages/airflow/example_dags/example_complex.py
[2023-03-11T12:37:39.510+0000] {logging_mixin.py:120} INFO - [2023-03-11T12:37:39.510+0000] {taskmixin.py:205} WARNING - Dependency <Task(BashOperator): create_entry_group>, delete_entry_group already registered for DAG: example_complex
[2023-03-11T12:37:39.514+0000] {logging_mixin.py:120} INFO - [2023-03-11T12:37:39.514+0000] {taskmixin.py:205} WARNING - Dependency <Task(BashOperator): delete_entry_group>, create_entry_group already registered for DAG: example_complex
[2023-03-11T12:37:39.515+0000] {logging_mixin.py:120} INFO - [2023-03-11T12:37:39.515+0000] {taskmixin.py:205} WARNING - Dependency <Task(BashOperator): create_entry_gcs>, delete_entry already registered for DAG: example_complex
[2023-03-11T12:37:39.516+0000] {logging_mixin.py:120} INFO - [2023-03-11T12:37:39.516+0000] {taskmixin.py:205} WARNING - Dependency <Task(BashOperator): delete_entry>, create_entry_gcs already registered for DAG: example_complex
[2023-03-11T12:37:39.516+0000] {logging_mixin.py:120} INFO - [2023-03-11T12:37:39.516+0000] {taskmixin.py:205} WARNING - Dependency <Task(BashOperator): create_tag>, delete_tag already registered for DAG: example_complex
[2023-03-11T12:37:39.517+0000] {logging_mixin.py:120} INFO - [2023-03-11T12:37:39.517+0000] {taskmixin.py:205} WARNING - Dependency <Task(BashOperator): delete_tag>, create_tag already registered for DAG: example_complex
[2023-03-11T12:37:39.525+0000] {processor.py:766} INFO - DAG(s) dict_keys(['example_complex']) retrieved from /home/airflow/.local/lib/python3.7/site-packages/airflow/example_dags/example_complex.py
[2023-03-11T12:37:39.591+0000] {logging_mixin.py:120} INFO - [2023-03-11T12:37:39.590+0000] {dag.py:2585} INFO - Sync 1 DAGs
[2023-03-11T12:37:39.610+0000] {logging_mixin.py:120} INFO - [2023-03-11T12:37:39.610+0000] {dag.py:3340} INFO - Setting next_dagrun for example_complex to None, run_after=None
[2023-03-11T12:37:39.621+0000] {processor.py:176} INFO - Processing /home/airflow/.local/lib/python3.7/site-packages/airflow/example_dags/example_complex.py took 0.133 seconds
[2023-03-11T13:38:00.268+0000] {processor.py:154} INFO - Started process (PID=35827) to work on /home/airflow/.local/lib/python3.7/site-packages/airflow/example_dags/example_complex.py
[2023-03-11T13:38:00.269+0000] {processor.py:756} INFO - Processing file /home/airflow/.local/lib/python3.7/site-packages/airflow/example_dags/example_complex.py for tasks to queue
[2023-03-11T13:38:00.271+0000] {logging_mixin.py:120} INFO - [2023-03-11T13:38:00.270+0000] {dagbag.py:537} INFO - Filling up the DagBag from /home/airflow/.local/lib/python3.7/site-packages/airflow/example_dags/example_complex.py
[2023-03-11T13:38:00.285+0000] {logging_mixin.py:120} INFO - [2023-03-11T13:38:00.285+0000] {taskmixin.py:205} WARNING - Dependency <Task(BashOperator): create_entry_group>, delete_entry_group already registered for DAG: example_complex
[2023-03-11T13:38:00.285+0000] {logging_mixin.py:120} INFO - [2023-03-11T13:38:00.285+0000] {taskmixin.py:205} WARNING - Dependency <Task(BashOperator): delete_entry_group>, create_entry_group already registered for DAG: example_complex
[2023-03-11T13:38:00.287+0000] {logging_mixin.py:120} INFO - [2023-03-11T13:38:00.286+0000] {taskmixin.py:205} WARNING - Dependency <Task(BashOperator): create_entry_gcs>, delete_entry already registered for DAG: example_complex
[2023-03-11T13:38:00.287+0000] {logging_mixin.py:120} INFO - [2023-03-11T13:38:00.287+0000] {taskmixin.py:205} WARNING - Dependency <Task(BashOperator): delete_entry>, create_entry_gcs already registered for DAG: example_complex
[2023-03-11T13:38:00.288+0000] {logging_mixin.py:120} INFO - [2023-03-11T13:38:00.288+0000] {taskmixin.py:205} WARNING - Dependency <Task(BashOperator): create_tag>, delete_tag already registered for DAG: example_complex
[2023-03-11T13:38:00.288+0000] {logging_mixin.py:120} INFO - [2023-03-11T13:38:00.288+0000] {taskmixin.py:205} WARNING - Dependency <Task(BashOperator): delete_tag>, create_tag already registered for DAG: example_complex
[2023-03-11T13:38:00.300+0000] {processor.py:766} INFO - DAG(s) dict_keys(['example_complex']) retrieved from /home/airflow/.local/lib/python3.7/site-packages/airflow/example_dags/example_complex.py
[2023-03-11T13:38:00.363+0000] {logging_mixin.py:120} INFO - [2023-03-11T13:38:00.363+0000] {dag.py:2585} INFO - Sync 1 DAGs
[2023-03-11T13:38:00.385+0000] {logging_mixin.py:120} INFO - [2023-03-11T13:38:00.385+0000] {dag.py:3340} INFO - Setting next_dagrun for example_complex to None, run_after=None
[2023-03-11T13:38:00.409+0000] {processor.py:176} INFO - Processing /home/airflow/.local/lib/python3.7/site-packages/airflow/example_dags/example_complex.py took 0.145 seconds
[2023-03-11T14:47:58.367+0000] {processor.py:154} INFO - Started process (PID=35889) to work on /home/airflow/.local/lib/python3.7/site-packages/airflow/example_dags/example_complex.py
[2023-03-11T14:47:58.368+0000] {processor.py:756} INFO - Processing file /home/airflow/.local/lib/python3.7/site-packages/airflow/example_dags/example_complex.py for tasks to queue
[2023-03-11T14:47:58.369+0000] {logging_mixin.py:120} INFO - [2023-03-11T14:47:58.369+0000] {dagbag.py:537} INFO - Filling up the DagBag from /home/airflow/.local/lib/python3.7/site-packages/airflow/example_dags/example_complex.py
[2023-03-11T14:47:58.383+0000] {logging_mixin.py:120} INFO - [2023-03-11T14:47:58.382+0000] {taskmixin.py:205} WARNING - Dependency <Task(BashOperator): create_entry_group>, delete_entry_group already registered for DAG: example_complex
[2023-03-11T14:47:58.387+0000] {logging_mixin.py:120} INFO - [2023-03-11T14:47:58.387+0000] {taskmixin.py:205} WARNING - Dependency <Task(BashOperator): delete_entry_group>, create_entry_group already registered for DAG: example_complex
[2023-03-11T14:47:58.393+0000] {logging_mixin.py:120} INFO - [2023-03-11T14:47:58.393+0000] {taskmixin.py:205} WARNING - Dependency <Task(BashOperator): create_entry_gcs>, delete_entry already registered for DAG: example_complex
[2023-03-11T14:47:58.394+0000] {logging_mixin.py:120} INFO - [2023-03-11T14:47:58.394+0000] {taskmixin.py:205} WARNING - Dependency <Task(BashOperator): delete_entry>, create_entry_gcs already registered for DAG: example_complex
[2023-03-11T14:47:58.394+0000] {logging_mixin.py:120} INFO - [2023-03-11T14:47:58.394+0000] {taskmixin.py:205} WARNING - Dependency <Task(BashOperator): create_tag>, delete_tag already registered for DAG: example_complex
[2023-03-11T14:47:58.395+0000] {logging_mixin.py:120} INFO - [2023-03-11T14:47:58.395+0000] {taskmixin.py:205} WARNING - Dependency <Task(BashOperator): delete_tag>, create_tag already registered for DAG: example_complex
[2023-03-11T14:47:58.400+0000] {processor.py:766} INFO - DAG(s) dict_keys(['example_complex']) retrieved from /home/airflow/.local/lib/python3.7/site-packages/airflow/example_dags/example_complex.py
[2023-03-11T14:47:58.459+0000] {logging_mixin.py:120} INFO - [2023-03-11T14:47:58.458+0000] {dag.py:2585} INFO - Sync 1 DAGs
[2023-03-11T14:47:58.489+0000] {logging_mixin.py:120} INFO - [2023-03-11T14:47:58.489+0000] {dag.py:3340} INFO - Setting next_dagrun for example_complex to None, run_after=None
[2023-03-11T14:47:58.522+0000] {processor.py:176} INFO - Processing /home/airflow/.local/lib/python3.7/site-packages/airflow/example_dags/example_complex.py took 0.160 seconds
[2023-03-11T16:07:40.418+0000] {processor.py:154} INFO - Started process (PID=35952) to work on /home/airflow/.local/lib/python3.7/site-packages/airflow/example_dags/example_complex.py
[2023-03-11T16:07:40.420+0000] {processor.py:756} INFO - Processing file /home/airflow/.local/lib/python3.7/site-packages/airflow/example_dags/example_complex.py for tasks to queue
[2023-03-11T16:07:40.420+0000] {logging_mixin.py:120} INFO - [2023-03-11T16:07:40.420+0000] {dagbag.py:537} INFO - Filling up the DagBag from /home/airflow/.local/lib/python3.7/site-packages/airflow/example_dags/example_complex.py
[2023-03-11T16:07:40.442+0000] {logging_mixin.py:120} INFO - [2023-03-11T16:07:40.442+0000] {taskmixin.py:205} WARNING - Dependency <Task(BashOperator): create_entry_group>, delete_entry_group already registered for DAG: example_complex
[2023-03-11T16:07:40.443+0000] {logging_mixin.py:120} INFO - [2023-03-11T16:07:40.443+0000] {taskmixin.py:205} WARNING - Dependency <Task(BashOperator): delete_entry_group>, create_entry_group already registered for DAG: example_complex
[2023-03-11T16:07:40.444+0000] {logging_mixin.py:120} INFO - [2023-03-11T16:07:40.444+0000] {taskmixin.py:205} WARNING - Dependency <Task(BashOperator): create_entry_gcs>, delete_entry already registered for DAG: example_complex
[2023-03-11T16:07:40.444+0000] {logging_mixin.py:120} INFO - [2023-03-11T16:07:40.444+0000] {taskmixin.py:205} WARNING - Dependency <Task(BashOperator): delete_entry>, create_entry_gcs already registered for DAG: example_complex
[2023-03-11T16:07:40.444+0000] {logging_mixin.py:120} INFO - [2023-03-11T16:07:40.444+0000] {taskmixin.py:205} WARNING - Dependency <Task(BashOperator): create_tag>, delete_tag already registered for DAG: example_complex
[2023-03-11T16:07:40.445+0000] {logging_mixin.py:120} INFO - [2023-03-11T16:07:40.445+0000] {taskmixin.py:205} WARNING - Dependency <Task(BashOperator): delete_tag>, create_tag already registered for DAG: example_complex
[2023-03-11T16:07:40.456+0000] {processor.py:766} INFO - DAG(s) dict_keys(['example_complex']) retrieved from /home/airflow/.local/lib/python3.7/site-packages/airflow/example_dags/example_complex.py
[2023-03-11T16:07:40.516+0000] {logging_mixin.py:120} INFO - [2023-03-11T16:07:40.516+0000] {dag.py:2585} INFO - Sync 1 DAGs
[2023-03-11T16:07:40.542+0000] {logging_mixin.py:120} INFO - [2023-03-11T16:07:40.542+0000] {dag.py:3340} INFO - Setting next_dagrun for example_complex to None, run_after=None
[2023-03-11T16:07:40.565+0000] {processor.py:176} INFO - Processing /home/airflow/.local/lib/python3.7/site-packages/airflow/example_dags/example_complex.py took 0.157 seconds
[2023-03-11T17:14:05.341+0000] {processor.py:154} INFO - Started process (PID=36015) to work on /home/airflow/.local/lib/python3.7/site-packages/airflow/example_dags/example_complex.py
[2023-03-11T17:14:05.343+0000] {processor.py:756} INFO - Processing file /home/airflow/.local/lib/python3.7/site-packages/airflow/example_dags/example_complex.py for tasks to queue
[2023-03-11T17:14:05.344+0000] {logging_mixin.py:120} INFO - [2023-03-11T17:14:05.344+0000] {dagbag.py:537} INFO - Filling up the DagBag from /home/airflow/.local/lib/python3.7/site-packages/airflow/example_dags/example_complex.py
[2023-03-11T17:14:05.356+0000] {logging_mixin.py:120} INFO - [2023-03-11T17:14:05.356+0000] {taskmixin.py:205} WARNING - Dependency <Task(BashOperator): create_entry_group>, delete_entry_group already registered for DAG: example_complex
[2023-03-11T17:14:05.359+0000] {logging_mixin.py:120} INFO - [2023-03-11T17:14:05.359+0000] {taskmixin.py:205} WARNING - Dependency <Task(BashOperator): delete_entry_group>, create_entry_group already registered for DAG: example_complex
[2023-03-11T17:14:05.360+0000] {logging_mixin.py:120} INFO - [2023-03-11T17:14:05.360+0000] {taskmixin.py:205} WARNING - Dependency <Task(BashOperator): create_entry_gcs>, delete_entry already registered for DAG: example_complex
[2023-03-11T17:14:05.361+0000] {logging_mixin.py:120} INFO - [2023-03-11T17:14:05.360+0000] {taskmixin.py:205} WARNING - Dependency <Task(BashOperator): delete_entry>, create_entry_gcs already registered for DAG: example_complex
[2023-03-11T17:14:05.361+0000] {logging_mixin.py:120} INFO - [2023-03-11T17:14:05.361+0000] {taskmixin.py:205} WARNING - Dependency <Task(BashOperator): create_tag>, delete_tag already registered for DAG: example_complex
[2023-03-11T17:14:05.362+0000] {logging_mixin.py:120} INFO - [2023-03-11T17:14:05.362+0000] {taskmixin.py:205} WARNING - Dependency <Task(BashOperator): delete_tag>, create_tag already registered for DAG: example_complex
[2023-03-11T17:14:05.368+0000] {processor.py:766} INFO - DAG(s) dict_keys(['example_complex']) retrieved from /home/airflow/.local/lib/python3.7/site-packages/airflow/example_dags/example_complex.py
[2023-03-11T17:14:05.412+0000] {logging_mixin.py:120} INFO - [2023-03-11T17:14:05.412+0000] {dag.py:2585} INFO - Sync 1 DAGs
[2023-03-11T17:14:05.429+0000] {logging_mixin.py:120} INFO - [2023-03-11T17:14:05.429+0000] {dag.py:3340} INFO - Setting next_dagrun for example_complex to None, run_after=None
[2023-03-11T17:14:05.448+0000] {processor.py:176} INFO - Processing /home/airflow/.local/lib/python3.7/site-packages/airflow/example_dags/example_complex.py took 0.111 seconds
[2023-03-11T18:22:29.467+0000] {processor.py:154} INFO - Started process (PID=36069) to work on /home/airflow/.local/lib/python3.7/site-packages/airflow/example_dags/example_complex.py
[2023-03-11T18:22:29.470+0000] {processor.py:756} INFO - Processing file /home/airflow/.local/lib/python3.7/site-packages/airflow/example_dags/example_complex.py for tasks to queue
[2023-03-11T18:22:29.475+0000] {logging_mixin.py:120} INFO - [2023-03-11T18:22:29.475+0000] {dagbag.py:537} INFO - Filling up the DagBag from /home/airflow/.local/lib/python3.7/site-packages/airflow/example_dags/example_complex.py
[2023-03-11T18:22:29.507+0000] {logging_mixin.py:120} INFO - [2023-03-11T18:22:29.507+0000] {taskmixin.py:205} WARNING - Dependency <Task(BashOperator): create_entry_group>, delete_entry_group already registered for DAG: example_complex
[2023-03-11T18:22:29.511+0000] {logging_mixin.py:120} INFO - [2023-03-11T18:22:29.511+0000] {taskmixin.py:205} WARNING - Dependency <Task(BashOperator): delete_entry_group>, create_entry_group already registered for DAG: example_complex
[2023-03-11T18:22:29.512+0000] {logging_mixin.py:120} INFO - [2023-03-11T18:22:29.512+0000] {taskmixin.py:205} WARNING - Dependency <Task(BashOperator): create_entry_gcs>, delete_entry already registered for DAG: example_complex
[2023-03-11T18:22:29.512+0000] {logging_mixin.py:120} INFO - [2023-03-11T18:22:29.512+0000] {taskmixin.py:205} WARNING - Dependency <Task(BashOperator): delete_entry>, create_entry_gcs already registered for DAG: example_complex
[2023-03-11T18:22:29.513+0000] {logging_mixin.py:120} INFO - [2023-03-11T18:22:29.513+0000] {taskmixin.py:205} WARNING - Dependency <Task(BashOperator): create_tag>, delete_tag already registered for DAG: example_complex
[2023-03-11T18:22:29.513+0000] {logging_mixin.py:120} INFO - [2023-03-11T18:22:29.513+0000] {taskmixin.py:205} WARNING - Dependency <Task(BashOperator): delete_tag>, create_tag already registered for DAG: example_complex
[2023-03-11T18:22:29.522+0000] {processor.py:766} INFO - DAG(s) dict_keys(['example_complex']) retrieved from /home/airflow/.local/lib/python3.7/site-packages/airflow/example_dags/example_complex.py
[2023-03-11T18:22:29.599+0000] {logging_mixin.py:120} INFO - [2023-03-11T18:22:29.599+0000] {dag.py:2585} INFO - Sync 1 DAGs
[2023-03-11T18:22:29.623+0000] {logging_mixin.py:120} INFO - [2023-03-11T18:22:29.623+0000] {dag.py:3340} INFO - Setting next_dagrun for example_complex to None, run_after=None
[2023-03-11T18:22:29.639+0000] {processor.py:176} INFO - Processing /home/airflow/.local/lib/python3.7/site-packages/airflow/example_dags/example_complex.py took 0.176 seconds
[2023-03-11T19:27:35.591+0000] {processor.py:154} INFO - Started process (PID=36131) to work on /home/airflow/.local/lib/python3.7/site-packages/airflow/example_dags/example_complex.py
[2023-03-11T19:27:35.593+0000] {processor.py:756} INFO - Processing file /home/airflow/.local/lib/python3.7/site-packages/airflow/example_dags/example_complex.py for tasks to queue
[2023-03-11T19:27:35.594+0000] {logging_mixin.py:120} INFO - [2023-03-11T19:27:35.594+0000] {dagbag.py:537} INFO - Filling up the DagBag from /home/airflow/.local/lib/python3.7/site-packages/airflow/example_dags/example_complex.py
[2023-03-11T19:27:35.603+0000] {logging_mixin.py:120} INFO - [2023-03-11T19:27:35.603+0000] {taskmixin.py:205} WARNING - Dependency <Task(BashOperator): create_entry_group>, delete_entry_group already registered for DAG: example_complex
[2023-03-11T19:27:35.604+0000] {logging_mixin.py:120} INFO - [2023-03-11T19:27:35.603+0000] {taskmixin.py:205} WARNING - Dependency <Task(BashOperator): delete_entry_group>, create_entry_group already registered for DAG: example_complex
[2023-03-11T19:27:35.604+0000] {logging_mixin.py:120} INFO - [2023-03-11T19:27:35.604+0000] {taskmixin.py:205} WARNING - Dependency <Task(BashOperator): create_entry_gcs>, delete_entry already registered for DAG: example_complex
[2023-03-11T19:27:35.605+0000] {logging_mixin.py:120} INFO - [2023-03-11T19:27:35.604+0000] {taskmixin.py:205} WARNING - Dependency <Task(BashOperator): delete_entry>, create_entry_gcs already registered for DAG: example_complex
[2023-03-11T19:27:35.605+0000] {logging_mixin.py:120} INFO - [2023-03-11T19:27:35.605+0000] {taskmixin.py:205} WARNING - Dependency <Task(BashOperator): create_tag>, delete_tag already registered for DAG: example_complex
[2023-03-11T19:27:35.606+0000] {logging_mixin.py:120} INFO - [2023-03-11T19:27:35.606+0000] {taskmixin.py:205} WARNING - Dependency <Task(BashOperator): delete_tag>, create_tag already registered for DAG: example_complex
[2023-03-11T19:27:35.618+0000] {processor.py:766} INFO - DAG(s) dict_keys(['example_complex']) retrieved from /home/airflow/.local/lib/python3.7/site-packages/airflow/example_dags/example_complex.py
[2023-03-11T19:27:35.652+0000] {logging_mixin.py:120} INFO - [2023-03-11T19:27:35.652+0000] {dag.py:2585} INFO - Sync 1 DAGs
[2023-03-11T19:27:35.669+0000] {logging_mixin.py:120} INFO - [2023-03-11T19:27:35.669+0000] {dag.py:3340} INFO - Setting next_dagrun for example_complex to None, run_after=None
[2023-03-11T19:27:35.690+0000] {processor.py:176} INFO - Processing /home/airflow/.local/lib/python3.7/site-packages/airflow/example_dags/example_complex.py took 0.103 seconds
[2023-03-11T20:33:21.159+0000] {processor.py:154} INFO - Started process (PID=36194) to work on /home/airflow/.local/lib/python3.7/site-packages/airflow/example_dags/example_complex.py
[2023-03-11T20:33:21.162+0000] {processor.py:756} INFO - Processing file /home/airflow/.local/lib/python3.7/site-packages/airflow/example_dags/example_complex.py for tasks to queue
[2023-03-11T20:33:21.162+0000] {logging_mixin.py:120} INFO - [2023-03-11T20:33:21.162+0000] {dagbag.py:537} INFO - Filling up the DagBag from /home/airflow/.local/lib/python3.7/site-packages/airflow/example_dags/example_complex.py
[2023-03-11T20:33:21.175+0000] {logging_mixin.py:120} INFO - [2023-03-11T20:33:21.174+0000] {taskmixin.py:205} WARNING - Dependency <Task(BashOperator): create_entry_group>, delete_entry_group already registered for DAG: example_complex
[2023-03-11T20:33:21.175+0000] {logging_mixin.py:120} INFO - [2023-03-11T20:33:21.175+0000] {taskmixin.py:205} WARNING - Dependency <Task(BashOperator): delete_entry_group>, create_entry_group already registered for DAG: example_complex
[2023-03-11T20:33:21.176+0000] {logging_mixin.py:120} INFO - [2023-03-11T20:33:21.176+0000] {taskmixin.py:205} WARNING - Dependency <Task(BashOperator): create_entry_gcs>, delete_entry already registered for DAG: example_complex
[2023-03-11T20:33:21.176+0000] {logging_mixin.py:120} INFO - [2023-03-11T20:33:21.176+0000] {taskmixin.py:205} WARNING - Dependency <Task(BashOperator): delete_entry>, create_entry_gcs already registered for DAG: example_complex
[2023-03-11T20:33:21.177+0000] {logging_mixin.py:120} INFO - [2023-03-11T20:33:21.177+0000] {taskmixin.py:205} WARNING - Dependency <Task(BashOperator): create_tag>, delete_tag already registered for DAG: example_complex
[2023-03-11T20:33:21.178+0000] {logging_mixin.py:120} INFO - [2023-03-11T20:33:21.178+0000] {taskmixin.py:205} WARNING - Dependency <Task(BashOperator): delete_tag>, create_tag already registered for DAG: example_complex
[2023-03-11T20:33:21.184+0000] {processor.py:766} INFO - DAG(s) dict_keys(['example_complex']) retrieved from /home/airflow/.local/lib/python3.7/site-packages/airflow/example_dags/example_complex.py
[2023-03-11T20:33:21.249+0000] {logging_mixin.py:120} INFO - [2023-03-11T20:33:21.249+0000] {dag.py:2585} INFO - Sync 1 DAGs
[2023-03-11T20:33:21.274+0000] {logging_mixin.py:120} INFO - [2023-03-11T20:33:21.274+0000] {dag.py:3340} INFO - Setting next_dagrun for example_complex to None, run_after=None
[2023-03-11T20:33:21.290+0000] {processor.py:176} INFO - Processing /home/airflow/.local/lib/python3.7/site-packages/airflow/example_dags/example_complex.py took 0.134 seconds
[2023-03-11T21:49:20.326+0000] {processor.py:154} INFO - Started process (PID=36257) to work on /home/airflow/.local/lib/python3.7/site-packages/airflow/example_dags/example_complex.py
[2023-03-11T21:49:20.328+0000] {processor.py:756} INFO - Processing file /home/airflow/.local/lib/python3.7/site-packages/airflow/example_dags/example_complex.py for tasks to queue
[2023-03-11T21:49:20.328+0000] {logging_mixin.py:120} INFO - [2023-03-11T21:49:20.328+0000] {dagbag.py:537} INFO - Filling up the DagBag from /home/airflow/.local/lib/python3.7/site-packages/airflow/example_dags/example_complex.py
[2023-03-11T21:49:20.336+0000] {logging_mixin.py:120} INFO - [2023-03-11T21:49:20.336+0000] {taskmixin.py:205} WARNING - Dependency <Task(BashOperator): create_entry_group>, delete_entry_group already registered for DAG: example_complex
[2023-03-11T21:49:20.337+0000] {logging_mixin.py:120} INFO - [2023-03-11T21:49:20.337+0000] {taskmixin.py:205} WARNING - Dependency <Task(BashOperator): delete_entry_group>, create_entry_group already registered for DAG: example_complex
[2023-03-11T21:49:20.337+0000] {logging_mixin.py:120} INFO - [2023-03-11T21:49:20.337+0000] {taskmixin.py:205} WARNING - Dependency <Task(BashOperator): create_entry_gcs>, delete_entry already registered for DAG: example_complex
[2023-03-11T21:49:20.338+0000] {logging_mixin.py:120} INFO - [2023-03-11T21:49:20.338+0000] {taskmixin.py:205} WARNING - Dependency <Task(BashOperator): delete_entry>, create_entry_gcs already registered for DAG: example_complex
[2023-03-11T21:49:20.338+0000] {logging_mixin.py:120} INFO - [2023-03-11T21:49:20.338+0000] {taskmixin.py:205} WARNING - Dependency <Task(BashOperator): create_tag>, delete_tag already registered for DAG: example_complex
[2023-03-11T21:49:20.339+0000] {logging_mixin.py:120} INFO - [2023-03-11T21:49:20.339+0000] {taskmixin.py:205} WARNING - Dependency <Task(BashOperator): delete_tag>, create_tag already registered for DAG: example_complex
[2023-03-11T21:49:20.344+0000] {processor.py:766} INFO - DAG(s) dict_keys(['example_complex']) retrieved from /home/airflow/.local/lib/python3.7/site-packages/airflow/example_dags/example_complex.py
[2023-03-11T21:49:20.377+0000] {logging_mixin.py:120} INFO - [2023-03-11T21:49:20.377+0000] {dag.py:2585} INFO - Sync 1 DAGs
[2023-03-11T21:49:20.390+0000] {logging_mixin.py:120} INFO - [2023-03-11T21:49:20.390+0000] {dag.py:3340} INFO - Setting next_dagrun for example_complex to None, run_after=None
[2023-03-11T21:49:20.402+0000] {processor.py:176} INFO - Processing /home/airflow/.local/lib/python3.7/site-packages/airflow/example_dags/example_complex.py took 0.078 seconds
[2023-03-11T22:58:02.503+0000] {processor.py:154} INFO - Started process (PID=36320) to work on /home/airflow/.local/lib/python3.7/site-packages/airflow/example_dags/example_complex.py
[2023-03-11T22:58:02.506+0000] {processor.py:756} INFO - Processing file /home/airflow/.local/lib/python3.7/site-packages/airflow/example_dags/example_complex.py for tasks to queue
[2023-03-11T22:58:02.507+0000] {logging_mixin.py:120} INFO - [2023-03-11T22:58:02.507+0000] {dagbag.py:537} INFO - Filling up the DagBag from /home/airflow/.local/lib/python3.7/site-packages/airflow/example_dags/example_complex.py
[2023-03-11T22:58:02.521+0000] {logging_mixin.py:120} INFO - [2023-03-11T22:58:02.521+0000] {taskmixin.py:205} WARNING - Dependency <Task(BashOperator): create_entry_group>, delete_entry_group already registered for DAG: example_complex
[2023-03-11T22:58:02.522+0000] {logging_mixin.py:120} INFO - [2023-03-11T22:58:02.522+0000] {taskmixin.py:205} WARNING - Dependency <Task(BashOperator): delete_entry_group>, create_entry_group already registered for DAG: example_complex
[2023-03-11T22:58:02.522+0000] {logging_mixin.py:120} INFO - [2023-03-11T22:58:02.522+0000] {taskmixin.py:205} WARNING - Dependency <Task(BashOperator): create_entry_gcs>, delete_entry already registered for DAG: example_complex
[2023-03-11T22:58:02.523+0000] {logging_mixin.py:120} INFO - [2023-03-11T22:58:02.522+0000] {taskmixin.py:205} WARNING - Dependency <Task(BashOperator): delete_entry>, create_entry_gcs already registered for DAG: example_complex
[2023-03-11T22:58:02.523+0000] {logging_mixin.py:120} INFO - [2023-03-11T22:58:02.523+0000] {taskmixin.py:205} WARNING - Dependency <Task(BashOperator): create_tag>, delete_tag already registered for DAG: example_complex
[2023-03-11T22:58:02.523+0000] {logging_mixin.py:120} INFO - [2023-03-11T22:58:02.523+0000] {taskmixin.py:205} WARNING - Dependency <Task(BashOperator): delete_tag>, create_tag already registered for DAG: example_complex
[2023-03-11T22:58:02.533+0000] {processor.py:766} INFO - DAG(s) dict_keys(['example_complex']) retrieved from /home/airflow/.local/lib/python3.7/site-packages/airflow/example_dags/example_complex.py
[2023-03-11T22:58:02.588+0000] {logging_mixin.py:120} INFO - [2023-03-11T22:58:02.588+0000] {dag.py:2585} INFO - Sync 1 DAGs
[2023-03-11T22:58:02.613+0000] {logging_mixin.py:120} INFO - [2023-03-11T22:58:02.613+0000] {dag.py:3340} INFO - Setting next_dagrun for example_complex to None, run_after=None
[2023-03-11T22:58:02.637+0000] {processor.py:176} INFO - Processing /home/airflow/.local/lib/python3.7/site-packages/airflow/example_dags/example_complex.py took 0.144 seconds
