[2023-03-11T00:06:54.321+0000] {processor.py:154} INFO - Started process (PID=35094) to work on /home/airflow/.local/lib/python3.7/site-packages/airflow/example_dags/example_short_circuit_operator.py
[2023-03-11T00:06:54.323+0000] {processor.py:756} INFO - Processing file /home/airflow/.local/lib/python3.7/site-packages/airflow/example_dags/example_short_circuit_operator.py for tasks to queue
[2023-03-11T00:06:54.324+0000] {logging_mixin.py:120} INFO - [2023-03-11T00:06:54.324+0000] {dagbag.py:537} INFO - Filling up the DagBag from /home/airflow/.local/lib/python3.7/site-packages/airflow/example_dags/example_short_circuit_operator.py
[2023-03-11T00:06:54.354+0000] {processor.py:766} INFO - DAG(s) dict_keys(['example_short_circuit_operator']) retrieved from /home/airflow/.local/lib/python3.7/site-packages/airflow/example_dags/example_short_circuit_operator.py
[2023-03-11T00:06:54.411+0000] {logging_mixin.py:120} INFO - [2023-03-11T00:06:54.411+0000] {dag.py:2585} INFO - Sync 1 DAGs
[2023-03-11T00:06:54.437+0000] {logging_mixin.py:120} INFO - [2023-03-11T00:06:54.437+0000] {dag.py:3340} INFO - Setting next_dagrun for example_short_circuit_operator to 2023-03-10T00:06:54.436939+00:00, run_after=2023-03-11T00:06:54.436939+00:00
[2023-03-11T00:06:54.455+0000] {processor.py:176} INFO - Processing /home/airflow/.local/lib/python3.7/site-packages/airflow/example_dags/example_short_circuit_operator.py took 0.145 seconds
[2023-03-11T01:13:26.218+0000] {processor.py:154} INFO - Started process (PID=35157) to work on /home/airflow/.local/lib/python3.7/site-packages/airflow/example_dags/example_short_circuit_operator.py
[2023-03-11T01:13:26.219+0000] {processor.py:756} INFO - Processing file /home/airflow/.local/lib/python3.7/site-packages/airflow/example_dags/example_short_circuit_operator.py for tasks to queue
[2023-03-11T01:13:26.220+0000] {logging_mixin.py:120} INFO - [2023-03-11T01:13:26.220+0000] {dagbag.py:537} INFO - Filling up the DagBag from /home/airflow/.local/lib/python3.7/site-packages/airflow/example_dags/example_short_circuit_operator.py
[2023-03-11T01:13:26.232+0000] {processor.py:766} INFO - DAG(s) dict_keys(['example_short_circuit_operator']) retrieved from /home/airflow/.local/lib/python3.7/site-packages/airflow/example_dags/example_short_circuit_operator.py
[2023-03-11T01:13:26.259+0000] {logging_mixin.py:120} INFO - [2023-03-11T01:13:26.259+0000] {dag.py:2585} INFO - Sync 1 DAGs
[2023-03-11T01:13:26.272+0000] {logging_mixin.py:120} INFO - [2023-03-11T01:13:26.272+0000] {dag.py:3340} INFO - Setting next_dagrun for example_short_circuit_operator to 2023-03-10T01:13:26.272740+00:00, run_after=2023-03-11T01:13:26.272740+00:00
[2023-03-11T01:13:26.283+0000] {processor.py:176} INFO - Processing /home/airflow/.local/lib/python3.7/site-packages/airflow/example_dags/example_short_circuit_operator.py took 0.067 seconds
[2023-03-11T02:21:49.385+0000] {processor.py:154} INFO - Started process (PID=35221) to work on /home/airflow/.local/lib/python3.7/site-packages/airflow/example_dags/example_short_circuit_operator.py
[2023-03-11T02:21:49.392+0000] {processor.py:756} INFO - Processing file /home/airflow/.local/lib/python3.7/site-packages/airflow/example_dags/example_short_circuit_operator.py for tasks to queue
[2023-03-11T02:21:49.393+0000] {logging_mixin.py:120} INFO - [2023-03-11T02:21:49.393+0000] {dagbag.py:537} INFO - Filling up the DagBag from /home/airflow/.local/lib/python3.7/site-packages/airflow/example_dags/example_short_circuit_operator.py
[2023-03-11T02:21:49.420+0000] {processor.py:766} INFO - DAG(s) dict_keys(['example_short_circuit_operator']) retrieved from /home/airflow/.local/lib/python3.7/site-packages/airflow/example_dags/example_short_circuit_operator.py
[2023-03-11T02:21:49.492+0000] {logging_mixin.py:120} INFO - [2023-03-11T02:21:49.492+0000] {dag.py:2585} INFO - Sync 1 DAGs
[2023-03-11T02:21:49.522+0000] {logging_mixin.py:120} INFO - [2023-03-11T02:21:49.522+0000] {dag.py:3340} INFO - Setting next_dagrun for example_short_circuit_operator to 2023-03-10T02:21:49.522539+00:00, run_after=2023-03-11T02:21:49.522539+00:00
[2023-03-11T02:21:49.541+0000] {processor.py:176} INFO - Processing /home/airflow/.local/lib/python3.7/site-packages/airflow/example_dags/example_short_circuit_operator.py took 0.159 seconds
[2023-03-11T03:28:20.604+0000] {processor.py:154} INFO - Started process (PID=35275) to work on /home/airflow/.local/lib/python3.7/site-packages/airflow/example_dags/example_short_circuit_operator.py
[2023-03-11T03:28:20.605+0000] {processor.py:756} INFO - Processing file /home/airflow/.local/lib/python3.7/site-packages/airflow/example_dags/example_short_circuit_operator.py for tasks to queue
[2023-03-11T03:28:20.606+0000] {logging_mixin.py:120} INFO - [2023-03-11T03:28:20.606+0000] {dagbag.py:537} INFO - Filling up the DagBag from /home/airflow/.local/lib/python3.7/site-packages/airflow/example_dags/example_short_circuit_operator.py
[2023-03-11T03:28:20.617+0000] {processor.py:766} INFO - DAG(s) dict_keys(['example_short_circuit_operator']) retrieved from /home/airflow/.local/lib/python3.7/site-packages/airflow/example_dags/example_short_circuit_operator.py
[2023-03-11T03:28:20.643+0000] {logging_mixin.py:120} INFO - [2023-03-11T03:28:20.643+0000] {dag.py:2585} INFO - Sync 1 DAGs
[2023-03-11T03:28:20.656+0000] {logging_mixin.py:120} INFO - [2023-03-11T03:28:20.656+0000] {dag.py:3340} INFO - Setting next_dagrun for example_short_circuit_operator to 2023-03-10T03:28:20.655965+00:00, run_after=2023-03-11T03:28:20.655965+00:00
[2023-03-11T03:28:20.668+0000] {processor.py:176} INFO - Processing /home/airflow/.local/lib/python3.7/site-packages/airflow/example_dags/example_short_circuit_operator.py took 0.066 seconds
[2023-03-11T04:35:23.445+0000] {processor.py:154} INFO - Started process (PID=35339) to work on /home/airflow/.local/lib/python3.7/site-packages/airflow/example_dags/example_short_circuit_operator.py
[2023-03-11T04:35:23.450+0000] {processor.py:756} INFO - Processing file /home/airflow/.local/lib/python3.7/site-packages/airflow/example_dags/example_short_circuit_operator.py for tasks to queue
[2023-03-11T04:35:23.451+0000] {logging_mixin.py:120} INFO - [2023-03-11T04:35:23.450+0000] {dagbag.py:537} INFO - Filling up the DagBag from /home/airflow/.local/lib/python3.7/site-packages/airflow/example_dags/example_short_circuit_operator.py
[2023-03-11T04:35:23.469+0000] {processor.py:766} INFO - DAG(s) dict_keys(['example_short_circuit_operator']) retrieved from /home/airflow/.local/lib/python3.7/site-packages/airflow/example_dags/example_short_circuit_operator.py
[2023-03-11T04:35:23.535+0000] {logging_mixin.py:120} INFO - [2023-03-11T04:35:23.534+0000] {dag.py:2585} INFO - Sync 1 DAGs
[2023-03-11T04:35:23.577+0000] {logging_mixin.py:120} INFO - [2023-03-11T04:35:23.577+0000] {dag.py:3340} INFO - Setting next_dagrun for example_short_circuit_operator to 2023-03-10T04:35:23.576807+00:00, run_after=2023-03-11T04:35:23.576807+00:00
[2023-03-11T04:35:23.607+0000] {processor.py:176} INFO - Processing /home/airflow/.local/lib/python3.7/site-packages/airflow/example_dags/example_short_circuit_operator.py took 0.166 seconds
[2023-03-11T05:41:13.498+0000] {processor.py:154} INFO - Started process (PID=35402) to work on /home/airflow/.local/lib/python3.7/site-packages/airflow/example_dags/example_short_circuit_operator.py
[2023-03-11T05:41:13.499+0000] {processor.py:756} INFO - Processing file /home/airflow/.local/lib/python3.7/site-packages/airflow/example_dags/example_short_circuit_operator.py for tasks to queue
[2023-03-11T05:41:13.500+0000] {logging_mixin.py:120} INFO - [2023-03-11T05:41:13.500+0000] {dagbag.py:537} INFO - Filling up the DagBag from /home/airflow/.local/lib/python3.7/site-packages/airflow/example_dags/example_short_circuit_operator.py
[2023-03-11T05:41:13.513+0000] {processor.py:766} INFO - DAG(s) dict_keys(['example_short_circuit_operator']) retrieved from /home/airflow/.local/lib/python3.7/site-packages/airflow/example_dags/example_short_circuit_operator.py
[2023-03-11T05:41:13.542+0000] {logging_mixin.py:120} INFO - [2023-03-11T05:41:13.542+0000] {dag.py:2585} INFO - Sync 1 DAGs
[2023-03-11T05:41:13.556+0000] {logging_mixin.py:120} INFO - [2023-03-11T05:41:13.556+0000] {dag.py:3340} INFO - Setting next_dagrun for example_short_circuit_operator to 2023-03-10T05:41:13.556635+00:00, run_after=2023-03-11T05:41:13.556635+00:00
[2023-03-11T05:41:13.568+0000] {processor.py:176} INFO - Processing /home/airflow/.local/lib/python3.7/site-packages/airflow/example_dags/example_short_circuit_operator.py took 0.073 seconds
[2023-03-11T06:48:02.232+0000] {processor.py:154} INFO - Started process (PID=35465) to work on /home/airflow/.local/lib/python3.7/site-packages/airflow/example_dags/example_short_circuit_operator.py
[2023-03-11T06:48:02.234+0000] {processor.py:756} INFO - Processing file /home/airflow/.local/lib/python3.7/site-packages/airflow/example_dags/example_short_circuit_operator.py for tasks to queue
[2023-03-11T06:48:02.236+0000] {logging_mixin.py:120} INFO - [2023-03-11T06:48:02.235+0000] {dagbag.py:537} INFO - Filling up the DagBag from /home/airflow/.local/lib/python3.7/site-packages/airflow/example_dags/example_short_circuit_operator.py
[2023-03-11T06:48:02.259+0000] {processor.py:766} INFO - DAG(s) dict_keys(['example_short_circuit_operator']) retrieved from /home/airflow/.local/lib/python3.7/site-packages/airflow/example_dags/example_short_circuit_operator.py
[2023-03-11T06:48:02.307+0000] {logging_mixin.py:120} INFO - [2023-03-11T06:48:02.307+0000] {dag.py:2585} INFO - Sync 1 DAGs
[2023-03-11T06:48:02.325+0000] {logging_mixin.py:120} INFO - [2023-03-11T06:48:02.325+0000] {dag.py:3340} INFO - Setting next_dagrun for example_short_circuit_operator to 2023-03-10T06:48:02.325197+00:00, run_after=2023-03-11T06:48:02.325197+00:00
[2023-03-11T06:48:02.338+0000] {processor.py:176} INFO - Processing /home/airflow/.local/lib/python3.7/site-packages/airflow/example_dags/example_short_circuit_operator.py took 0.110 seconds
[2023-03-11T07:54:05.345+0000] {processor.py:154} INFO - Started process (PID=35519) to work on /home/airflow/.local/lib/python3.7/site-packages/airflow/example_dags/example_short_circuit_operator.py
[2023-03-11T07:54:05.346+0000] {processor.py:756} INFO - Processing file /home/airflow/.local/lib/python3.7/site-packages/airflow/example_dags/example_short_circuit_operator.py for tasks to queue
[2023-03-11T07:54:05.350+0000] {logging_mixin.py:120} INFO - [2023-03-11T07:54:05.350+0000] {dagbag.py:537} INFO - Filling up the DagBag from /home/airflow/.local/lib/python3.7/site-packages/airflow/example_dags/example_short_circuit_operator.py
[2023-03-11T07:54:05.371+0000] {processor.py:766} INFO - DAG(s) dict_keys(['example_short_circuit_operator']) retrieved from /home/airflow/.local/lib/python3.7/site-packages/airflow/example_dags/example_short_circuit_operator.py
[2023-03-11T07:54:05.424+0000] {logging_mixin.py:120} INFO - [2023-03-11T07:54:05.424+0000] {dag.py:2585} INFO - Sync 1 DAGs
[2023-03-11T07:54:05.446+0000] {logging_mixin.py:120} INFO - [2023-03-11T07:54:05.446+0000] {dag.py:3340} INFO - Setting next_dagrun for example_short_circuit_operator to 2023-03-10T07:54:05.446539+00:00, run_after=2023-03-11T07:54:05.446539+00:00
[2023-03-11T07:54:05.460+0000] {processor.py:176} INFO - Processing /home/airflow/.local/lib/python3.7/site-packages/airflow/example_dags/example_short_circuit_operator.py took 0.119 seconds
[2023-03-11T09:00:23.317+0000] {processor.py:154} INFO - Started process (PID=35582) to work on /home/airflow/.local/lib/python3.7/site-packages/airflow/example_dags/example_short_circuit_operator.py
[2023-03-11T09:00:23.318+0000] {processor.py:756} INFO - Processing file /home/airflow/.local/lib/python3.7/site-packages/airflow/example_dags/example_short_circuit_operator.py for tasks to queue
[2023-03-11T09:00:23.319+0000] {logging_mixin.py:120} INFO - [2023-03-11T09:00:23.319+0000] {dagbag.py:537} INFO - Filling up the DagBag from /home/airflow/.local/lib/python3.7/site-packages/airflow/example_dags/example_short_circuit_operator.py
[2023-03-11T09:00:23.338+0000] {processor.py:766} INFO - DAG(s) dict_keys(['example_short_circuit_operator']) retrieved from /home/airflow/.local/lib/python3.7/site-packages/airflow/example_dags/example_short_circuit_operator.py
[2023-03-11T09:00:23.390+0000] {logging_mixin.py:120} INFO - [2023-03-11T09:00:23.390+0000] {dag.py:2585} INFO - Sync 1 DAGs
[2023-03-11T09:00:23.412+0000] {logging_mixin.py:120} INFO - [2023-03-11T09:00:23.412+0000] {dag.py:3340} INFO - Setting next_dagrun for example_short_circuit_operator to 2023-03-10T09:00:23.412501+00:00, run_after=2023-03-11T09:00:23.412501+00:00
[2023-03-11T09:00:23.430+0000] {processor.py:176} INFO - Processing /home/airflow/.local/lib/python3.7/site-packages/airflow/example_dags/example_short_circuit_operator.py took 0.116 seconds
[2023-03-11T10:06:56.120+0000] {processor.py:154} INFO - Started process (PID=35645) to work on /home/airflow/.local/lib/python3.7/site-packages/airflow/example_dags/example_short_circuit_operator.py
[2023-03-11T10:06:56.122+0000] {processor.py:756} INFO - Processing file /home/airflow/.local/lib/python3.7/site-packages/airflow/example_dags/example_short_circuit_operator.py for tasks to queue
[2023-03-11T10:06:56.123+0000] {logging_mixin.py:120} INFO - [2023-03-11T10:06:56.123+0000] {dagbag.py:537} INFO - Filling up the DagBag from /home/airflow/.local/lib/python3.7/site-packages/airflow/example_dags/example_short_circuit_operator.py
[2023-03-11T10:06:56.148+0000] {processor.py:766} INFO - DAG(s) dict_keys(['example_short_circuit_operator']) retrieved from /home/airflow/.local/lib/python3.7/site-packages/airflow/example_dags/example_short_circuit_operator.py
[2023-03-11T10:06:56.192+0000] {logging_mixin.py:120} INFO - [2023-03-11T10:06:56.192+0000] {dag.py:2585} INFO - Sync 1 DAGs
[2023-03-11T10:06:56.210+0000] {logging_mixin.py:120} INFO - [2023-03-11T10:06:56.210+0000] {dag.py:3340} INFO - Setting next_dagrun for example_short_circuit_operator to 2023-03-10T10:06:56.210269+00:00, run_after=2023-03-11T10:06:56.210269+00:00
[2023-03-11T10:06:56.229+0000] {processor.py:176} INFO - Processing /home/airflow/.local/lib/python3.7/site-packages/airflow/example_dags/example_short_circuit_operator.py took 0.116 seconds
[2023-03-11T11:31:09.186+0000] {processor.py:154} INFO - Started process (PID=35708) to work on /home/airflow/.local/lib/python3.7/site-packages/airflow/example_dags/example_short_circuit_operator.py
[2023-03-11T11:31:09.188+0000] {processor.py:756} INFO - Processing file /home/airflow/.local/lib/python3.7/site-packages/airflow/example_dags/example_short_circuit_operator.py for tasks to queue
[2023-03-11T11:31:09.189+0000] {logging_mixin.py:120} INFO - [2023-03-11T11:31:09.188+0000] {dagbag.py:537} INFO - Filling up the DagBag from /home/airflow/.local/lib/python3.7/site-packages/airflow/example_dags/example_short_circuit_operator.py
[2023-03-11T11:31:09.215+0000] {processor.py:766} INFO - DAG(s) dict_keys(['example_short_circuit_operator']) retrieved from /home/airflow/.local/lib/python3.7/site-packages/airflow/example_dags/example_short_circuit_operator.py
[2023-03-11T11:31:09.260+0000] {logging_mixin.py:120} INFO - [2023-03-11T11:31:09.260+0000] {dag.py:2585} INFO - Sync 1 DAGs
[2023-03-11T11:31:09.281+0000] {logging_mixin.py:120} INFO - [2023-03-11T11:31:09.281+0000] {dag.py:3340} INFO - Setting next_dagrun for example_short_circuit_operator to 2023-03-10T11:31:09.281061+00:00, run_after=2023-03-11T11:31:09.281061+00:00
[2023-03-11T11:31:09.299+0000] {processor.py:176} INFO - Processing /home/airflow/.local/lib/python3.7/site-packages/airflow/example_dags/example_short_circuit_operator.py took 0.120 seconds
[2023-03-11T12:37:39.304+0000] {processor.py:154} INFO - Started process (PID=35771) to work on /home/airflow/.local/lib/python3.7/site-packages/airflow/example_dags/example_short_circuit_operator.py
[2023-03-11T12:37:39.306+0000] {processor.py:756} INFO - Processing file /home/airflow/.local/lib/python3.7/site-packages/airflow/example_dags/example_short_circuit_operator.py for tasks to queue
[2023-03-11T12:37:39.307+0000] {logging_mixin.py:120} INFO - [2023-03-11T12:37:39.307+0000] {dagbag.py:537} INFO - Filling up the DagBag from /home/airflow/.local/lib/python3.7/site-packages/airflow/example_dags/example_short_circuit_operator.py
[2023-03-11T12:37:39.340+0000] {processor.py:766} INFO - DAG(s) dict_keys(['example_short_circuit_operator']) retrieved from /home/airflow/.local/lib/python3.7/site-packages/airflow/example_dags/example_short_circuit_operator.py
[2023-03-11T12:37:39.385+0000] {logging_mixin.py:120} INFO - [2023-03-11T12:37:39.385+0000] {dag.py:2585} INFO - Sync 1 DAGs
[2023-03-11T12:37:39.404+0000] {logging_mixin.py:120} INFO - [2023-03-11T12:37:39.404+0000] {dag.py:3340} INFO - Setting next_dagrun for example_short_circuit_operator to 2023-03-10T12:37:39.404535+00:00, run_after=2023-03-11T12:37:39.404535+00:00
[2023-03-11T12:37:39.420+0000] {processor.py:176} INFO - Processing /home/airflow/.local/lib/python3.7/site-packages/airflow/example_dags/example_short_circuit_operator.py took 0.125 seconds
[2023-03-11T13:38:00.132+0000] {processor.py:154} INFO - Started process (PID=35825) to work on /home/airflow/.local/lib/python3.7/site-packages/airflow/example_dags/example_short_circuit_operator.py
[2023-03-11T13:38:00.133+0000] {processor.py:756} INFO - Processing file /home/airflow/.local/lib/python3.7/site-packages/airflow/example_dags/example_short_circuit_operator.py for tasks to queue
[2023-03-11T13:38:00.134+0000] {logging_mixin.py:120} INFO - [2023-03-11T13:38:00.134+0000] {dagbag.py:537} INFO - Filling up the DagBag from /home/airflow/.local/lib/python3.7/site-packages/airflow/example_dags/example_short_circuit_operator.py
[2023-03-11T13:38:00.149+0000] {processor.py:766} INFO - DAG(s) dict_keys(['example_short_circuit_operator']) retrieved from /home/airflow/.local/lib/python3.7/site-packages/airflow/example_dags/example_short_circuit_operator.py
[2023-03-11T13:38:00.183+0000] {logging_mixin.py:120} INFO - [2023-03-11T13:38:00.182+0000] {dag.py:2585} INFO - Sync 1 DAGs
[2023-03-11T13:38:00.201+0000] {logging_mixin.py:120} INFO - [2023-03-11T13:38:00.201+0000] {dag.py:3340} INFO - Setting next_dagrun for example_short_circuit_operator to 2023-03-10T13:38:00.201155+00:00, run_after=2023-03-11T13:38:00.201155+00:00
[2023-03-11T13:38:00.231+0000] {processor.py:176} INFO - Processing /home/airflow/.local/lib/python3.7/site-packages/airflow/example_dags/example_short_circuit_operator.py took 0.101 seconds
[2023-03-11T14:47:58.097+0000] {processor.py:154} INFO - Started process (PID=35887) to work on /home/airflow/.local/lib/python3.7/site-packages/airflow/example_dags/example_short_circuit_operator.py
[2023-03-11T14:47:58.099+0000] {processor.py:756} INFO - Processing file /home/airflow/.local/lib/python3.7/site-packages/airflow/example_dags/example_short_circuit_operator.py for tasks to queue
[2023-03-11T14:47:58.100+0000] {logging_mixin.py:120} INFO - [2023-03-11T14:47:58.100+0000] {dagbag.py:537} INFO - Filling up the DagBag from /home/airflow/.local/lib/python3.7/site-packages/airflow/example_dags/example_short_circuit_operator.py
[2023-03-11T14:47:58.118+0000] {processor.py:766} INFO - DAG(s) dict_keys(['example_short_circuit_operator']) retrieved from /home/airflow/.local/lib/python3.7/site-packages/airflow/example_dags/example_short_circuit_operator.py
[2023-03-11T14:47:58.172+0000] {logging_mixin.py:120} INFO - [2023-03-11T14:47:58.172+0000] {dag.py:2585} INFO - Sync 1 DAGs
[2023-03-11T14:47:58.188+0000] {logging_mixin.py:120} INFO - [2023-03-11T14:47:58.188+0000] {dag.py:3340} INFO - Setting next_dagrun for example_short_circuit_operator to 2023-03-10T14:47:58.188126+00:00, run_after=2023-03-11T14:47:58.188126+00:00
[2023-03-11T14:47:58.211+0000] {processor.py:176} INFO - Processing /home/airflow/.local/lib/python3.7/site-packages/airflow/example_dags/example_short_circuit_operator.py took 0.118 seconds
[2023-03-11T16:07:40.224+0000] {processor.py:154} INFO - Started process (PID=35950) to work on /home/airflow/.local/lib/python3.7/site-packages/airflow/example_dags/example_short_circuit_operator.py
[2023-03-11T16:07:40.229+0000] {processor.py:756} INFO - Processing file /home/airflow/.local/lib/python3.7/site-packages/airflow/example_dags/example_short_circuit_operator.py for tasks to queue
[2023-03-11T16:07:40.230+0000] {logging_mixin.py:120} INFO - [2023-03-11T16:07:40.230+0000] {dagbag.py:537} INFO - Filling up the DagBag from /home/airflow/.local/lib/python3.7/site-packages/airflow/example_dags/example_short_circuit_operator.py
[2023-03-11T16:07:40.249+0000] {processor.py:766} INFO - DAG(s) dict_keys(['example_short_circuit_operator']) retrieved from /home/airflow/.local/lib/python3.7/site-packages/airflow/example_dags/example_short_circuit_operator.py
[2023-03-11T16:07:40.310+0000] {logging_mixin.py:120} INFO - [2023-03-11T16:07:40.310+0000] {dag.py:2585} INFO - Sync 1 DAGs
[2023-03-11T16:07:40.336+0000] {logging_mixin.py:120} INFO - [2023-03-11T16:07:40.336+0000] {dag.py:3340} INFO - Setting next_dagrun for example_short_circuit_operator to 2023-03-10T16:07:40.336000+00:00, run_after=2023-03-11T16:07:40.336000+00:00
[2023-03-11T16:07:40.351+0000] {processor.py:176} INFO - Processing /home/airflow/.local/lib/python3.7/site-packages/airflow/example_dags/example_short_circuit_operator.py took 0.131 seconds
[2023-03-11T17:14:05.208+0000] {processor.py:154} INFO - Started process (PID=36013) to work on /home/airflow/.local/lib/python3.7/site-packages/airflow/example_dags/example_short_circuit_operator.py
[2023-03-11T17:14:05.216+0000] {processor.py:756} INFO - Processing file /home/airflow/.local/lib/python3.7/site-packages/airflow/example_dags/example_short_circuit_operator.py for tasks to queue
[2023-03-11T17:14:05.218+0000] {logging_mixin.py:120} INFO - [2023-03-11T17:14:05.218+0000] {dagbag.py:537} INFO - Filling up the DagBag from /home/airflow/.local/lib/python3.7/site-packages/airflow/example_dags/example_short_circuit_operator.py
[2023-03-11T17:14:05.236+0000] {processor.py:766} INFO - DAG(s) dict_keys(['example_short_circuit_operator']) retrieved from /home/airflow/.local/lib/python3.7/site-packages/airflow/example_dags/example_short_circuit_operator.py
[2023-03-11T17:14:05.273+0000] {logging_mixin.py:120} INFO - [2023-03-11T17:14:05.272+0000] {dag.py:2585} INFO - Sync 1 DAGs
[2023-03-11T17:14:05.289+0000] {logging_mixin.py:120} INFO - [2023-03-11T17:14:05.288+0000] {dag.py:3340} INFO - Setting next_dagrun for example_short_circuit_operator to 2023-03-10T17:14:05.288780+00:00, run_after=2023-03-11T17:14:05.288780+00:00
[2023-03-11T17:14:05.301+0000] {processor.py:176} INFO - Processing /home/airflow/.local/lib/python3.7/site-packages/airflow/example_dags/example_short_circuit_operator.py took 0.096 seconds
[2023-03-11T18:22:29.279+0000] {processor.py:154} INFO - Started process (PID=36067) to work on /home/airflow/.local/lib/python3.7/site-packages/airflow/example_dags/example_short_circuit_operator.py
[2023-03-11T18:22:29.282+0000] {processor.py:756} INFO - Processing file /home/airflow/.local/lib/python3.7/site-packages/airflow/example_dags/example_short_circuit_operator.py for tasks to queue
[2023-03-11T18:22:29.283+0000] {logging_mixin.py:120} INFO - [2023-03-11T18:22:29.283+0000] {dagbag.py:537} INFO - Filling up the DagBag from /home/airflow/.local/lib/python3.7/site-packages/airflow/example_dags/example_short_circuit_operator.py
[2023-03-11T18:22:29.313+0000] {processor.py:766} INFO - DAG(s) dict_keys(['example_short_circuit_operator']) retrieved from /home/airflow/.local/lib/python3.7/site-packages/airflow/example_dags/example_short_circuit_operator.py
[2023-03-11T18:22:29.371+0000] {logging_mixin.py:120} INFO - [2023-03-11T18:22:29.371+0000] {dag.py:2585} INFO - Sync 1 DAGs
[2023-03-11T18:22:29.398+0000] {logging_mixin.py:120} INFO - [2023-03-11T18:22:29.398+0000] {dag.py:3340} INFO - Setting next_dagrun for example_short_circuit_operator to 2023-03-10T18:22:29.398161+00:00, run_after=2023-03-11T18:22:29.398161+00:00
[2023-03-11T18:22:29.418+0000] {processor.py:176} INFO - Processing /home/airflow/.local/lib/python3.7/site-packages/airflow/example_dags/example_short_circuit_operator.py took 0.141 seconds
[2023-03-11T19:27:35.298+0000] {processor.py:154} INFO - Started process (PID=36129) to work on /home/airflow/.local/lib/python3.7/site-packages/airflow/example_dags/example_short_circuit_operator.py
[2023-03-11T19:27:35.303+0000] {processor.py:756} INFO - Processing file /home/airflow/.local/lib/python3.7/site-packages/airflow/example_dags/example_short_circuit_operator.py for tasks to queue
[2023-03-11T19:27:35.305+0000] {logging_mixin.py:120} INFO - [2023-03-11T19:27:35.305+0000] {dagbag.py:537} INFO - Filling up the DagBag from /home/airflow/.local/lib/python3.7/site-packages/airflow/example_dags/example_short_circuit_operator.py
[2023-03-11T19:27:35.329+0000] {processor.py:766} INFO - DAG(s) dict_keys(['example_short_circuit_operator']) retrieved from /home/airflow/.local/lib/python3.7/site-packages/airflow/example_dags/example_short_circuit_operator.py
[2023-03-11T19:27:35.386+0000] {logging_mixin.py:120} INFO - [2023-03-11T19:27:35.386+0000] {dag.py:2585} INFO - Sync 1 DAGs
[2023-03-11T19:27:35.415+0000] {logging_mixin.py:120} INFO - [2023-03-11T19:27:35.415+0000] {dag.py:3340} INFO - Setting next_dagrun for example_short_circuit_operator to 2023-03-10T19:27:35.415521+00:00, run_after=2023-03-11T19:27:35.415521+00:00
[2023-03-11T19:27:35.434+0000] {processor.py:176} INFO - Processing /home/airflow/.local/lib/python3.7/site-packages/airflow/example_dags/example_short_circuit_operator.py took 0.139 seconds
[2023-03-11T20:33:20.984+0000] {processor.py:154} INFO - Started process (PID=36192) to work on /home/airflow/.local/lib/python3.7/site-packages/airflow/example_dags/example_short_circuit_operator.py
[2023-03-11T20:33:20.988+0000] {processor.py:756} INFO - Processing file /home/airflow/.local/lib/python3.7/site-packages/airflow/example_dags/example_short_circuit_operator.py for tasks to queue
[2023-03-11T20:33:20.989+0000] {logging_mixin.py:120} INFO - [2023-03-11T20:33:20.989+0000] {dagbag.py:537} INFO - Filling up the DagBag from /home/airflow/.local/lib/python3.7/site-packages/airflow/example_dags/example_short_circuit_operator.py
[2023-03-11T20:33:21.006+0000] {processor.py:766} INFO - DAG(s) dict_keys(['example_short_circuit_operator']) retrieved from /home/airflow/.local/lib/python3.7/site-packages/airflow/example_dags/example_short_circuit_operator.py
[2023-03-11T20:33:21.080+0000] {logging_mixin.py:120} INFO - [2023-03-11T20:33:21.080+0000] {dag.py:2585} INFO - Sync 1 DAGs
[2023-03-11T20:33:21.101+0000] {logging_mixin.py:120} INFO - [2023-03-11T20:33:21.101+0000] {dag.py:3340} INFO - Setting next_dagrun for example_short_circuit_operator to 2023-03-10T20:33:21.101012+00:00, run_after=2023-03-11T20:33:21.101012+00:00
[2023-03-11T20:33:21.124+0000] {processor.py:176} INFO - Processing /home/airflow/.local/lib/python3.7/site-packages/airflow/example_dags/example_short_circuit_operator.py took 0.143 seconds
[2023-03-11T21:49:20.138+0000] {processor.py:154} INFO - Started process (PID=36255) to work on /home/airflow/.local/lib/python3.7/site-packages/airflow/example_dags/example_short_circuit_operator.py
[2023-03-11T21:49:20.139+0000] {processor.py:756} INFO - Processing file /home/airflow/.local/lib/python3.7/site-packages/airflow/example_dags/example_short_circuit_operator.py for tasks to queue
[2023-03-11T21:49:20.140+0000] {logging_mixin.py:120} INFO - [2023-03-11T21:49:20.140+0000] {dagbag.py:537} INFO - Filling up the DagBag from /home/airflow/.local/lib/python3.7/site-packages/airflow/example_dags/example_short_circuit_operator.py
[2023-03-11T21:49:20.151+0000] {processor.py:766} INFO - DAG(s) dict_keys(['example_short_circuit_operator']) retrieved from /home/airflow/.local/lib/python3.7/site-packages/airflow/example_dags/example_short_circuit_operator.py
[2023-03-11T21:49:20.178+0000] {logging_mixin.py:120} INFO - [2023-03-11T21:49:20.178+0000] {dag.py:2585} INFO - Sync 1 DAGs
[2023-03-11T21:49:20.192+0000] {logging_mixin.py:120} INFO - [2023-03-11T21:49:20.192+0000] {dag.py:3340} INFO - Setting next_dagrun for example_short_circuit_operator to 2023-03-10T21:49:20.192714+00:00, run_after=2023-03-11T21:49:20.192714+00:00
[2023-03-11T21:49:20.205+0000] {processor.py:176} INFO - Processing /home/airflow/.local/lib/python3.7/site-packages/airflow/example_dags/example_short_circuit_operator.py took 0.070 seconds
[2023-03-11T22:58:02.318+0000] {processor.py:154} INFO - Started process (PID=36318) to work on /home/airflow/.local/lib/python3.7/site-packages/airflow/example_dags/example_short_circuit_operator.py
[2023-03-11T22:58:02.322+0000] {processor.py:756} INFO - Processing file /home/airflow/.local/lib/python3.7/site-packages/airflow/example_dags/example_short_circuit_operator.py for tasks to queue
[2023-03-11T22:58:02.323+0000] {logging_mixin.py:120} INFO - [2023-03-11T22:58:02.323+0000] {dagbag.py:537} INFO - Filling up the DagBag from /home/airflow/.local/lib/python3.7/site-packages/airflow/example_dags/example_short_circuit_operator.py
[2023-03-11T22:58:02.341+0000] {processor.py:766} INFO - DAG(s) dict_keys(['example_short_circuit_operator']) retrieved from /home/airflow/.local/lib/python3.7/site-packages/airflow/example_dags/example_short_circuit_operator.py
[2023-03-11T22:58:02.395+0000] {logging_mixin.py:120} INFO - [2023-03-11T22:58:02.395+0000] {dag.py:2585} INFO - Sync 1 DAGs
[2023-03-11T22:58:02.416+0000] {logging_mixin.py:120} INFO - [2023-03-11T22:58:02.416+0000] {dag.py:3340} INFO - Setting next_dagrun for example_short_circuit_operator to 2023-03-10T22:58:02.415932+00:00, run_after=2023-03-11T22:58:02.415932+00:00
[2023-03-11T22:58:02.444+0000] {processor.py:176} INFO - Processing /home/airflow/.local/lib/python3.7/site-packages/airflow/example_dags/example_short_circuit_operator.py took 0.129 seconds
