[2023-03-11T00:06:55.850+0000] {processor.py:154} INFO - Started process (PID=35110) to work on /home/airflow/.local/lib/python3.7/site-packages/airflow/example_dags/example_nested_branch_dag.py
[2023-03-11T00:06:55.851+0000] {processor.py:756} INFO - Processing file /home/airflow/.local/lib/python3.7/site-packages/airflow/example_dags/example_nested_branch_dag.py for tasks to queue
[2023-03-11T00:06:55.852+0000] {logging_mixin.py:120} INFO - [2023-03-11T00:06:55.852+0000] {dagbag.py:537} INFO - Filling up the DagBag from /home/airflow/.local/lib/python3.7/site-packages/airflow/example_dags/example_nested_branch_dag.py
[2023-03-11T00:06:55.866+0000] {processor.py:766} INFO - DAG(s) dict_keys(['example_nested_branch_dag']) retrieved from /home/airflow/.local/lib/python3.7/site-packages/airflow/example_dags/example_nested_branch_dag.py
[2023-03-11T00:06:55.896+0000] {logging_mixin.py:120} INFO - [2023-03-11T00:06:55.896+0000] {dag.py:2585} INFO - Sync 1 DAGs
[2023-03-11T00:06:55.915+0000] {logging_mixin.py:120} INFO - [2023-03-11T00:06:55.915+0000] {dag.py:3340} INFO - Setting next_dagrun for example_nested_branch_dag to 2023-03-10T00:00:00+00:00, run_after=2023-03-11T00:00:00+00:00
[2023-03-11T00:06:55.927+0000] {processor.py:176} INFO - Processing /home/airflow/.local/lib/python3.7/site-packages/airflow/example_dags/example_nested_branch_dag.py took 0.080 seconds
[2023-03-11T01:13:27.522+0000] {processor.py:154} INFO - Started process (PID=35173) to work on /home/airflow/.local/lib/python3.7/site-packages/airflow/example_dags/example_nested_branch_dag.py
[2023-03-11T01:13:27.524+0000] {processor.py:756} INFO - Processing file /home/airflow/.local/lib/python3.7/site-packages/airflow/example_dags/example_nested_branch_dag.py for tasks to queue
[2023-03-11T01:13:27.525+0000] {logging_mixin.py:120} INFO - [2023-03-11T01:13:27.525+0000] {dagbag.py:537} INFO - Filling up the DagBag from /home/airflow/.local/lib/python3.7/site-packages/airflow/example_dags/example_nested_branch_dag.py
[2023-03-11T01:13:27.556+0000] {processor.py:766} INFO - DAG(s) dict_keys(['example_nested_branch_dag']) retrieved from /home/airflow/.local/lib/python3.7/site-packages/airflow/example_dags/example_nested_branch_dag.py
[2023-03-11T01:13:27.604+0000] {logging_mixin.py:120} INFO - [2023-03-11T01:13:27.604+0000] {dag.py:2585} INFO - Sync 1 DAGs
[2023-03-11T01:13:27.622+0000] {logging_mixin.py:120} INFO - [2023-03-11T01:13:27.622+0000] {dag.py:3340} INFO - Setting next_dagrun for example_nested_branch_dag to 2023-03-10T00:00:00+00:00, run_after=2023-03-11T00:00:00+00:00
[2023-03-11T01:13:27.642+0000] {processor.py:176} INFO - Processing /home/airflow/.local/lib/python3.7/site-packages/airflow/example_dags/example_nested_branch_dag.py took 0.122 seconds
[2023-03-11T02:21:50.741+0000] {processor.py:154} INFO - Started process (PID=35237) to work on /home/airflow/.local/lib/python3.7/site-packages/airflow/example_dags/example_nested_branch_dag.py
[2023-03-11T02:21:50.743+0000] {processor.py:756} INFO - Processing file /home/airflow/.local/lib/python3.7/site-packages/airflow/example_dags/example_nested_branch_dag.py for tasks to queue
[2023-03-11T02:21:50.744+0000] {logging_mixin.py:120} INFO - [2023-03-11T02:21:50.744+0000] {dagbag.py:537} INFO - Filling up the DagBag from /home/airflow/.local/lib/python3.7/site-packages/airflow/example_dags/example_nested_branch_dag.py
[2023-03-11T02:21:50.764+0000] {processor.py:766} INFO - DAG(s) dict_keys(['example_nested_branch_dag']) retrieved from /home/airflow/.local/lib/python3.7/site-packages/airflow/example_dags/example_nested_branch_dag.py
[2023-03-11T02:21:50.811+0000] {logging_mixin.py:120} INFO - [2023-03-11T02:21:50.811+0000] {dag.py:2585} INFO - Sync 1 DAGs
[2023-03-11T02:21:50.831+0000] {logging_mixin.py:120} INFO - [2023-03-11T02:21:50.831+0000] {dag.py:3340} INFO - Setting next_dagrun for example_nested_branch_dag to 2023-03-10T00:00:00+00:00, run_after=2023-03-11T00:00:00+00:00
[2023-03-11T02:21:50.851+0000] {processor.py:176} INFO - Processing /home/airflow/.local/lib/python3.7/site-packages/airflow/example_dags/example_nested_branch_dag.py took 0.113 seconds
[2023-03-11T03:28:22.401+0000] {processor.py:154} INFO - Started process (PID=35291) to work on /home/airflow/.local/lib/python3.7/site-packages/airflow/example_dags/example_nested_branch_dag.py
[2023-03-11T03:28:22.402+0000] {processor.py:756} INFO - Processing file /home/airflow/.local/lib/python3.7/site-packages/airflow/example_dags/example_nested_branch_dag.py for tasks to queue
[2023-03-11T03:28:22.405+0000] {logging_mixin.py:120} INFO - [2023-03-11T03:28:22.405+0000] {dagbag.py:537} INFO - Filling up the DagBag from /home/airflow/.local/lib/python3.7/site-packages/airflow/example_dags/example_nested_branch_dag.py
[2023-03-11T03:28:22.444+0000] {processor.py:766} INFO - DAG(s) dict_keys(['example_nested_branch_dag']) retrieved from /home/airflow/.local/lib/python3.7/site-packages/airflow/example_dags/example_nested_branch_dag.py
[2023-03-11T03:28:22.485+0000] {logging_mixin.py:120} INFO - [2023-03-11T03:28:22.485+0000] {dag.py:2585} INFO - Sync 1 DAGs
[2023-03-11T03:28:22.519+0000] {logging_mixin.py:120} INFO - [2023-03-11T03:28:22.519+0000] {dag.py:3340} INFO - Setting next_dagrun for example_nested_branch_dag to 2023-03-10T00:00:00+00:00, run_after=2023-03-11T00:00:00+00:00
[2023-03-11T03:28:22.557+0000] {processor.py:176} INFO - Processing /home/airflow/.local/lib/python3.7/site-packages/airflow/example_dags/example_nested_branch_dag.py took 0.160 seconds
[2023-03-11T04:35:24.899+0000] {processor.py:154} INFO - Started process (PID=35355) to work on /home/airflow/.local/lib/python3.7/site-packages/airflow/example_dags/example_nested_branch_dag.py
[2023-03-11T04:35:24.901+0000] {processor.py:756} INFO - Processing file /home/airflow/.local/lib/python3.7/site-packages/airflow/example_dags/example_nested_branch_dag.py for tasks to queue
[2023-03-11T04:35:24.903+0000] {logging_mixin.py:120} INFO - [2023-03-11T04:35:24.903+0000] {dagbag.py:537} INFO - Filling up the DagBag from /home/airflow/.local/lib/python3.7/site-packages/airflow/example_dags/example_nested_branch_dag.py
[2023-03-11T04:35:24.930+0000] {processor.py:766} INFO - DAG(s) dict_keys(['example_nested_branch_dag']) retrieved from /home/airflow/.local/lib/python3.7/site-packages/airflow/example_dags/example_nested_branch_dag.py
[2023-03-11T04:35:24.979+0000] {logging_mixin.py:120} INFO - [2023-03-11T04:35:24.979+0000] {dag.py:2585} INFO - Sync 1 DAGs
[2023-03-11T04:35:25.008+0000] {logging_mixin.py:120} INFO - [2023-03-11T04:35:25.008+0000] {dag.py:3340} INFO - Setting next_dagrun for example_nested_branch_dag to 2023-03-10T00:00:00+00:00, run_after=2023-03-11T00:00:00+00:00
[2023-03-11T04:35:25.021+0000] {processor.py:176} INFO - Processing /home/airflow/.local/lib/python3.7/site-packages/airflow/example_dags/example_nested_branch_dag.py took 0.125 seconds
[2023-03-11T05:41:14.757+0000] {processor.py:154} INFO - Started process (PID=35418) to work on /home/airflow/.local/lib/python3.7/site-packages/airflow/example_dags/example_nested_branch_dag.py
[2023-03-11T05:41:14.758+0000] {processor.py:756} INFO - Processing file /home/airflow/.local/lib/python3.7/site-packages/airflow/example_dags/example_nested_branch_dag.py for tasks to queue
[2023-03-11T05:41:14.761+0000] {logging_mixin.py:120} INFO - [2023-03-11T05:41:14.760+0000] {dagbag.py:537} INFO - Filling up the DagBag from /home/airflow/.local/lib/python3.7/site-packages/airflow/example_dags/example_nested_branch_dag.py
[2023-03-11T05:41:14.859+0000] {processor.py:766} INFO - DAG(s) dict_keys(['example_nested_branch_dag']) retrieved from /home/airflow/.local/lib/python3.7/site-packages/airflow/example_dags/example_nested_branch_dag.py
[2023-03-11T05:41:14.902+0000] {logging_mixin.py:120} INFO - [2023-03-11T05:41:14.902+0000] {dag.py:2585} INFO - Sync 1 DAGs
[2023-03-11T05:41:14.923+0000] {logging_mixin.py:120} INFO - [2023-03-11T05:41:14.923+0000] {dag.py:3340} INFO - Setting next_dagrun for example_nested_branch_dag to 2023-03-10T00:00:00+00:00, run_after=2023-03-11T00:00:00+00:00
[2023-03-11T05:41:14.948+0000] {processor.py:176} INFO - Processing /home/airflow/.local/lib/python3.7/site-packages/airflow/example_dags/example_nested_branch_dag.py took 0.195 seconds
[2023-03-11T06:48:03.549+0000] {processor.py:154} INFO - Started process (PID=35481) to work on /home/airflow/.local/lib/python3.7/site-packages/airflow/example_dags/example_nested_branch_dag.py
[2023-03-11T06:48:03.551+0000] {processor.py:756} INFO - Processing file /home/airflow/.local/lib/python3.7/site-packages/airflow/example_dags/example_nested_branch_dag.py for tasks to queue
[2023-03-11T06:48:03.553+0000] {logging_mixin.py:120} INFO - [2023-03-11T06:48:03.553+0000] {dagbag.py:537} INFO - Filling up the DagBag from /home/airflow/.local/lib/python3.7/site-packages/airflow/example_dags/example_nested_branch_dag.py
[2023-03-11T06:48:03.572+0000] {processor.py:766} INFO - DAG(s) dict_keys(['example_nested_branch_dag']) retrieved from /home/airflow/.local/lib/python3.7/site-packages/airflow/example_dags/example_nested_branch_dag.py
[2023-03-11T06:48:03.603+0000] {logging_mixin.py:120} INFO - [2023-03-11T06:48:03.603+0000] {dag.py:2585} INFO - Sync 1 DAGs
[2023-03-11T06:48:03.625+0000] {logging_mixin.py:120} INFO - [2023-03-11T06:48:03.624+0000] {dag.py:3340} INFO - Setting next_dagrun for example_nested_branch_dag to 2023-03-10T00:00:00+00:00, run_after=2023-03-11T00:00:00+00:00
[2023-03-11T06:48:03.636+0000] {processor.py:176} INFO - Processing /home/airflow/.local/lib/python3.7/site-packages/airflow/example_dags/example_nested_branch_dag.py took 0.091 seconds
[2023-03-11T07:54:07.186+0000] {processor.py:154} INFO - Started process (PID=35544) to work on /home/airflow/.local/lib/python3.7/site-packages/airflow/example_dags/example_nested_branch_dag.py
[2023-03-11T07:54:07.187+0000] {processor.py:756} INFO - Processing file /home/airflow/.local/lib/python3.7/site-packages/airflow/example_dags/example_nested_branch_dag.py for tasks to queue
[2023-03-11T07:54:07.188+0000] {logging_mixin.py:120} INFO - [2023-03-11T07:54:07.188+0000] {dagbag.py:537} INFO - Filling up the DagBag from /home/airflow/.local/lib/python3.7/site-packages/airflow/example_dags/example_nested_branch_dag.py
[2023-03-11T07:54:07.204+0000] {processor.py:766} INFO - DAG(s) dict_keys(['example_nested_branch_dag']) retrieved from /home/airflow/.local/lib/python3.7/site-packages/airflow/example_dags/example_nested_branch_dag.py
[2023-03-11T07:54:07.261+0000] {logging_mixin.py:120} INFO - [2023-03-11T07:54:07.261+0000] {dag.py:2585} INFO - Sync 1 DAGs
[2023-03-11T07:54:07.306+0000] {logging_mixin.py:120} INFO - [2023-03-11T07:54:07.306+0000] {dag.py:3340} INFO - Setting next_dagrun for example_nested_branch_dag to 2023-03-10T00:00:00+00:00, run_after=2023-03-11T00:00:00+00:00
[2023-03-11T07:54:07.322+0000] {processor.py:176} INFO - Processing /home/airflow/.local/lib/python3.7/site-packages/airflow/example_dags/example_nested_branch_dag.py took 0.146 seconds
[2023-03-11T09:00:25.169+0000] {processor.py:154} INFO - Started process (PID=35598) to work on /home/airflow/.local/lib/python3.7/site-packages/airflow/example_dags/example_nested_branch_dag.py
[2023-03-11T09:00:25.173+0000] {processor.py:756} INFO - Processing file /home/airflow/.local/lib/python3.7/site-packages/airflow/example_dags/example_nested_branch_dag.py for tasks to queue
[2023-03-11T09:00:25.175+0000] {logging_mixin.py:120} INFO - [2023-03-11T09:00:25.175+0000] {dagbag.py:537} INFO - Filling up the DagBag from /home/airflow/.local/lib/python3.7/site-packages/airflow/example_dags/example_nested_branch_dag.py
[2023-03-11T09:00:25.203+0000] {processor.py:766} INFO - DAG(s) dict_keys(['example_nested_branch_dag']) retrieved from /home/airflow/.local/lib/python3.7/site-packages/airflow/example_dags/example_nested_branch_dag.py
[2023-03-11T09:00:25.251+0000] {logging_mixin.py:120} INFO - [2023-03-11T09:00:25.251+0000] {dag.py:2585} INFO - Sync 1 DAGs
[2023-03-11T09:00:25.270+0000] {logging_mixin.py:120} INFO - [2023-03-11T09:00:25.270+0000] {dag.py:3340} INFO - Setting next_dagrun for example_nested_branch_dag to 2023-03-10T00:00:00+00:00, run_after=2023-03-11T00:00:00+00:00
[2023-03-11T09:00:25.284+0000] {processor.py:176} INFO - Processing /home/airflow/.local/lib/python3.7/site-packages/airflow/example_dags/example_nested_branch_dag.py took 0.118 seconds
[2023-03-11T10:06:57.604+0000] {processor.py:154} INFO - Started process (PID=35661) to work on /home/airflow/.local/lib/python3.7/site-packages/airflow/example_dags/example_nested_branch_dag.py
[2023-03-11T10:06:57.608+0000] {processor.py:756} INFO - Processing file /home/airflow/.local/lib/python3.7/site-packages/airflow/example_dags/example_nested_branch_dag.py for tasks to queue
[2023-03-11T10:06:57.609+0000] {logging_mixin.py:120} INFO - [2023-03-11T10:06:57.609+0000] {dagbag.py:537} INFO - Filling up the DagBag from /home/airflow/.local/lib/python3.7/site-packages/airflow/example_dags/example_nested_branch_dag.py
[2023-03-11T10:06:57.626+0000] {processor.py:766} INFO - DAG(s) dict_keys(['example_nested_branch_dag']) retrieved from /home/airflow/.local/lib/python3.7/site-packages/airflow/example_dags/example_nested_branch_dag.py
[2023-03-11T10:06:57.684+0000] {logging_mixin.py:120} INFO - [2023-03-11T10:06:57.684+0000] {dag.py:2585} INFO - Sync 1 DAGs
[2023-03-11T10:06:57.709+0000] {logging_mixin.py:120} INFO - [2023-03-11T10:06:57.709+0000] {dag.py:3340} INFO - Setting next_dagrun for example_nested_branch_dag to 2023-03-10T00:00:00+00:00, run_after=2023-03-11T00:00:00+00:00
[2023-03-11T10:06:57.727+0000] {processor.py:176} INFO - Processing /home/airflow/.local/lib/python3.7/site-packages/airflow/example_dags/example_nested_branch_dag.py took 0.125 seconds
[2023-03-11T11:31:10.556+0000] {processor.py:154} INFO - Started process (PID=35724) to work on /home/airflow/.local/lib/python3.7/site-packages/airflow/example_dags/example_nested_branch_dag.py
[2023-03-11T11:31:10.557+0000] {processor.py:756} INFO - Processing file /home/airflow/.local/lib/python3.7/site-packages/airflow/example_dags/example_nested_branch_dag.py for tasks to queue
[2023-03-11T11:31:10.558+0000] {logging_mixin.py:120} INFO - [2023-03-11T11:31:10.558+0000] {dagbag.py:537} INFO - Filling up the DagBag from /home/airflow/.local/lib/python3.7/site-packages/airflow/example_dags/example_nested_branch_dag.py
[2023-03-11T11:31:10.577+0000] {processor.py:766} INFO - DAG(s) dict_keys(['example_nested_branch_dag']) retrieved from /home/airflow/.local/lib/python3.7/site-packages/airflow/example_dags/example_nested_branch_dag.py
[2023-03-11T11:31:10.611+0000] {logging_mixin.py:120} INFO - [2023-03-11T11:31:10.611+0000] {dag.py:2585} INFO - Sync 1 DAGs
[2023-03-11T11:31:10.627+0000] {logging_mixin.py:120} INFO - [2023-03-11T11:31:10.627+0000] {dag.py:3340} INFO - Setting next_dagrun for example_nested_branch_dag to 2023-03-10T00:00:00+00:00, run_after=2023-03-11T00:00:00+00:00
[2023-03-11T11:31:10.639+0000] {processor.py:176} INFO - Processing /home/airflow/.local/lib/python3.7/site-packages/airflow/example_dags/example_nested_branch_dag.py took 0.085 seconds
[2023-03-11T12:37:40.782+0000] {processor.py:154} INFO - Started process (PID=35787) to work on /home/airflow/.local/lib/python3.7/site-packages/airflow/example_dags/example_nested_branch_dag.py
[2023-03-11T12:37:40.783+0000] {processor.py:756} INFO - Processing file /home/airflow/.local/lib/python3.7/site-packages/airflow/example_dags/example_nested_branch_dag.py for tasks to queue
[2023-03-11T12:37:40.784+0000] {logging_mixin.py:120} INFO - [2023-03-11T12:37:40.784+0000] {dagbag.py:537} INFO - Filling up the DagBag from /home/airflow/.local/lib/python3.7/site-packages/airflow/example_dags/example_nested_branch_dag.py
[2023-03-11T12:37:40.809+0000] {processor.py:766} INFO - DAG(s) dict_keys(['example_nested_branch_dag']) retrieved from /home/airflow/.local/lib/python3.7/site-packages/airflow/example_dags/example_nested_branch_dag.py
[2023-03-11T12:37:40.846+0000] {logging_mixin.py:120} INFO - [2023-03-11T12:37:40.846+0000] {dag.py:2585} INFO - Sync 1 DAGs
[2023-03-11T12:37:40.866+0000] {logging_mixin.py:120} INFO - [2023-03-11T12:37:40.866+0000] {dag.py:3340} INFO - Setting next_dagrun for example_nested_branch_dag to 2023-03-10T00:00:00+00:00, run_after=2023-03-11T00:00:00+00:00
[2023-03-11T12:37:40.891+0000] {processor.py:176} INFO - Processing /home/airflow/.local/lib/python3.7/site-packages/airflow/example_dags/example_nested_branch_dag.py took 0.112 seconds
[2023-03-11T13:38:01.490+0000] {processor.py:154} INFO - Started process (PID=35849) to work on /home/airflow/.local/lib/python3.7/site-packages/airflow/example_dags/example_nested_branch_dag.py
[2023-03-11T13:38:01.491+0000] {processor.py:756} INFO - Processing file /home/airflow/.local/lib/python3.7/site-packages/airflow/example_dags/example_nested_branch_dag.py for tasks to queue
[2023-03-11T13:38:01.810+0000] {logging_mixin.py:120} INFO - [2023-03-11T13:38:01.810+0000] {dagbag.py:537} INFO - Filling up the DagBag from /home/airflow/.local/lib/python3.7/site-packages/airflow/example_dags/example_nested_branch_dag.py
[2023-03-11T13:38:01.872+0000] {processor.py:766} INFO - DAG(s) dict_keys(['example_nested_branch_dag']) retrieved from /home/airflow/.local/lib/python3.7/site-packages/airflow/example_dags/example_nested_branch_dag.py
[2023-03-11T13:38:01.941+0000] {logging_mixin.py:120} INFO - [2023-03-11T13:38:01.941+0000] {dag.py:2585} INFO - Sync 1 DAGs
[2023-03-11T13:38:01.960+0000] {logging_mixin.py:120} INFO - [2023-03-11T13:38:01.959+0000] {dag.py:3340} INFO - Setting next_dagrun for example_nested_branch_dag to 2023-03-10T00:00:00+00:00, run_after=2023-03-11T00:00:00+00:00
[2023-03-11T13:38:01.972+0000] {processor.py:176} INFO - Processing /home/airflow/.local/lib/python3.7/site-packages/airflow/example_dags/example_nested_branch_dag.py took 0.485 seconds
[2023-03-11T14:47:59.566+0000] {processor.py:154} INFO - Started process (PID=35903) to work on /home/airflow/.local/lib/python3.7/site-packages/airflow/example_dags/example_nested_branch_dag.py
[2023-03-11T14:47:59.568+0000] {processor.py:756} INFO - Processing file /home/airflow/.local/lib/python3.7/site-packages/airflow/example_dags/example_nested_branch_dag.py for tasks to queue
[2023-03-11T14:47:59.569+0000] {logging_mixin.py:120} INFO - [2023-03-11T14:47:59.569+0000] {dagbag.py:537} INFO - Filling up the DagBag from /home/airflow/.local/lib/python3.7/site-packages/airflow/example_dags/example_nested_branch_dag.py
[2023-03-11T14:47:59.588+0000] {processor.py:766} INFO - DAG(s) dict_keys(['example_nested_branch_dag']) retrieved from /home/airflow/.local/lib/python3.7/site-packages/airflow/example_dags/example_nested_branch_dag.py
[2023-03-11T14:47:59.618+0000] {logging_mixin.py:120} INFO - [2023-03-11T14:47:59.618+0000] {dag.py:2585} INFO - Sync 1 DAGs
[2023-03-11T14:47:59.646+0000] {logging_mixin.py:120} INFO - [2023-03-11T14:47:59.646+0000] {dag.py:3340} INFO - Setting next_dagrun for example_nested_branch_dag to 2023-03-10T00:00:00+00:00, run_after=2023-03-11T00:00:00+00:00
[2023-03-11T14:47:59.662+0000] {processor.py:176} INFO - Processing /home/airflow/.local/lib/python3.7/site-packages/airflow/example_dags/example_nested_branch_dag.py took 0.102 seconds
[2023-03-11T16:07:41.701+0000] {processor.py:154} INFO - Started process (PID=35966) to work on /home/airflow/.local/lib/python3.7/site-packages/airflow/example_dags/example_nested_branch_dag.py
[2023-03-11T16:07:41.702+0000] {processor.py:756} INFO - Processing file /home/airflow/.local/lib/python3.7/site-packages/airflow/example_dags/example_nested_branch_dag.py for tasks to queue
[2023-03-11T16:07:41.703+0000] {logging_mixin.py:120} INFO - [2023-03-11T16:07:41.703+0000] {dagbag.py:537} INFO - Filling up the DagBag from /home/airflow/.local/lib/python3.7/site-packages/airflow/example_dags/example_nested_branch_dag.py
[2023-03-11T16:07:41.724+0000] {processor.py:766} INFO - DAG(s) dict_keys(['example_nested_branch_dag']) retrieved from /home/airflow/.local/lib/python3.7/site-packages/airflow/example_dags/example_nested_branch_dag.py
[2023-03-11T16:07:41.775+0000] {logging_mixin.py:120} INFO - [2023-03-11T16:07:41.774+0000] {dag.py:2585} INFO - Sync 1 DAGs
[2023-03-11T16:07:41.799+0000] {logging_mixin.py:120} INFO - [2023-03-11T16:07:41.798+0000] {dag.py:3340} INFO - Setting next_dagrun for example_nested_branch_dag to 2023-03-10T00:00:00+00:00, run_after=2023-03-11T00:00:00+00:00
[2023-03-11T16:07:41.817+0000] {processor.py:176} INFO - Processing /home/airflow/.local/lib/python3.7/site-packages/airflow/example_dags/example_nested_branch_dag.py took 0.123 seconds
[2023-03-11T17:14:06.527+0000] {processor.py:154} INFO - Started process (PID=36029) to work on /home/airflow/.local/lib/python3.7/site-packages/airflow/example_dags/example_nested_branch_dag.py
[2023-03-11T17:14:06.528+0000] {processor.py:756} INFO - Processing file /home/airflow/.local/lib/python3.7/site-packages/airflow/example_dags/example_nested_branch_dag.py for tasks to queue
[2023-03-11T17:14:06.529+0000] {logging_mixin.py:120} INFO - [2023-03-11T17:14:06.529+0000] {dagbag.py:537} INFO - Filling up the DagBag from /home/airflow/.local/lib/python3.7/site-packages/airflow/example_dags/example_nested_branch_dag.py
[2023-03-11T17:14:06.554+0000] {processor.py:766} INFO - DAG(s) dict_keys(['example_nested_branch_dag']) retrieved from /home/airflow/.local/lib/python3.7/site-packages/airflow/example_dags/example_nested_branch_dag.py
[2023-03-11T17:14:06.597+0000] {logging_mixin.py:120} INFO - [2023-03-11T17:14:06.597+0000] {dag.py:2585} INFO - Sync 1 DAGs
[2023-03-11T17:14:06.616+0000] {logging_mixin.py:120} INFO - [2023-03-11T17:14:06.616+0000] {dag.py:3340} INFO - Setting next_dagrun for example_nested_branch_dag to 2023-03-10T00:00:00+00:00, run_after=2023-03-11T00:00:00+00:00
[2023-03-11T17:14:06.631+0000] {processor.py:176} INFO - Processing /home/airflow/.local/lib/python3.7/site-packages/airflow/example_dags/example_nested_branch_dag.py took 0.106 seconds
[2023-03-11T18:22:30.878+0000] {processor.py:154} INFO - Started process (PID=36091) to work on /home/airflow/.local/lib/python3.7/site-packages/airflow/example_dags/example_nested_branch_dag.py
[2023-03-11T18:22:30.879+0000] {processor.py:756} INFO - Processing file /home/airflow/.local/lib/python3.7/site-packages/airflow/example_dags/example_nested_branch_dag.py for tasks to queue
[2023-03-11T18:22:30.880+0000] {logging_mixin.py:120} INFO - [2023-03-11T18:22:30.880+0000] {dagbag.py:537} INFO - Filling up the DagBag from /home/airflow/.local/lib/python3.7/site-packages/airflow/example_dags/example_nested_branch_dag.py
[2023-03-11T18:22:30.901+0000] {processor.py:766} INFO - DAG(s) dict_keys(['example_nested_branch_dag']) retrieved from /home/airflow/.local/lib/python3.7/site-packages/airflow/example_dags/example_nested_branch_dag.py
[2023-03-11T18:22:30.945+0000] {logging_mixin.py:120} INFO - [2023-03-11T18:22:30.945+0000] {dag.py:2585} INFO - Sync 1 DAGs
[2023-03-11T18:22:30.966+0000] {logging_mixin.py:120} INFO - [2023-03-11T18:22:30.966+0000] {dag.py:3340} INFO - Setting next_dagrun for example_nested_branch_dag to 2023-03-10T00:00:00+00:00, run_after=2023-03-11T00:00:00+00:00
[2023-03-11T18:22:30.987+0000] {processor.py:176} INFO - Processing /home/airflow/.local/lib/python3.7/site-packages/airflow/example_dags/example_nested_branch_dag.py took 0.110 seconds
[2023-03-11T19:27:37.185+0000] {processor.py:154} INFO - Started process (PID=36145) to work on /home/airflow/.local/lib/python3.7/site-packages/airflow/example_dags/example_nested_branch_dag.py
[2023-03-11T19:27:37.186+0000] {processor.py:756} INFO - Processing file /home/airflow/.local/lib/python3.7/site-packages/airflow/example_dags/example_nested_branch_dag.py for tasks to queue
[2023-03-11T19:27:37.187+0000] {logging_mixin.py:120} INFO - [2023-03-11T19:27:37.187+0000] {dagbag.py:537} INFO - Filling up the DagBag from /home/airflow/.local/lib/python3.7/site-packages/airflow/example_dags/example_nested_branch_dag.py
[2023-03-11T19:27:37.203+0000] {processor.py:766} INFO - DAG(s) dict_keys(['example_nested_branch_dag']) retrieved from /home/airflow/.local/lib/python3.7/site-packages/airflow/example_dags/example_nested_branch_dag.py
[2023-03-11T19:27:37.231+0000] {logging_mixin.py:120} INFO - [2023-03-11T19:27:37.231+0000] {dag.py:2585} INFO - Sync 1 DAGs
[2023-03-11T19:27:37.247+0000] {logging_mixin.py:120} INFO - [2023-03-11T19:27:37.247+0000] {dag.py:3340} INFO - Setting next_dagrun for example_nested_branch_dag to 2023-03-10T00:00:00+00:00, run_after=2023-03-11T00:00:00+00:00
[2023-03-11T19:27:37.259+0000] {processor.py:176} INFO - Processing /home/airflow/.local/lib/python3.7/site-packages/airflow/example_dags/example_nested_branch_dag.py took 0.077 seconds
[2023-03-11T20:33:22.343+0000] {processor.py:154} INFO - Started process (PID=36208) to work on /home/airflow/.local/lib/python3.7/site-packages/airflow/example_dags/example_nested_branch_dag.py
[2023-03-11T20:33:22.343+0000] {processor.py:756} INFO - Processing file /home/airflow/.local/lib/python3.7/site-packages/airflow/example_dags/example_nested_branch_dag.py for tasks to queue
[2023-03-11T20:33:22.344+0000] {logging_mixin.py:120} INFO - [2023-03-11T20:33:22.344+0000] {dagbag.py:537} INFO - Filling up the DagBag from /home/airflow/.local/lib/python3.7/site-packages/airflow/example_dags/example_nested_branch_dag.py
[2023-03-11T20:33:22.360+0000] {processor.py:766} INFO - DAG(s) dict_keys(['example_nested_branch_dag']) retrieved from /home/airflow/.local/lib/python3.7/site-packages/airflow/example_dags/example_nested_branch_dag.py
[2023-03-11T20:33:22.389+0000] {logging_mixin.py:120} INFO - [2023-03-11T20:33:22.389+0000] {dag.py:2585} INFO - Sync 1 DAGs
[2023-03-11T20:33:22.405+0000] {logging_mixin.py:120} INFO - [2023-03-11T20:33:22.405+0000] {dag.py:3340} INFO - Setting next_dagrun for example_nested_branch_dag to 2023-03-10T00:00:00+00:00, run_after=2023-03-11T00:00:00+00:00
[2023-03-11T20:33:22.421+0000] {processor.py:176} INFO - Processing /home/airflow/.local/lib/python3.7/site-packages/airflow/example_dags/example_nested_branch_dag.py took 0.081 seconds
[2023-03-11T21:49:21.456+0000] {processor.py:154} INFO - Started process (PID=36271) to work on /home/airflow/.local/lib/python3.7/site-packages/airflow/example_dags/example_nested_branch_dag.py
[2023-03-11T21:49:21.464+0000] {processor.py:756} INFO - Processing file /home/airflow/.local/lib/python3.7/site-packages/airflow/example_dags/example_nested_branch_dag.py for tasks to queue
[2023-03-11T21:49:21.465+0000] {logging_mixin.py:120} INFO - [2023-03-11T21:49:21.465+0000] {dagbag.py:537} INFO - Filling up the DagBag from /home/airflow/.local/lib/python3.7/site-packages/airflow/example_dags/example_nested_branch_dag.py
[2023-03-11T21:49:21.515+0000] {processor.py:766} INFO - DAG(s) dict_keys(['example_nested_branch_dag']) retrieved from /home/airflow/.local/lib/python3.7/site-packages/airflow/example_dags/example_nested_branch_dag.py
[2023-03-11T21:49:21.597+0000] {logging_mixin.py:120} INFO - [2023-03-11T21:49:21.597+0000] {dag.py:2585} INFO - Sync 1 DAGs
[2023-03-11T21:49:21.621+0000] {logging_mixin.py:120} INFO - [2023-03-11T21:49:21.621+0000] {dag.py:3340} INFO - Setting next_dagrun for example_nested_branch_dag to 2023-03-10T00:00:00+00:00, run_after=2023-03-11T00:00:00+00:00
[2023-03-11T21:49:21.640+0000] {processor.py:176} INFO - Processing /home/airflow/.local/lib/python3.7/site-packages/airflow/example_dags/example_nested_branch_dag.py took 0.188 seconds
[2023-03-11T22:58:03.718+0000] {processor.py:154} INFO - Started process (PID=36334) to work on /home/airflow/.local/lib/python3.7/site-packages/airflow/example_dags/example_nested_branch_dag.py
[2023-03-11T22:58:03.720+0000] {processor.py:756} INFO - Processing file /home/airflow/.local/lib/python3.7/site-packages/airflow/example_dags/example_nested_branch_dag.py for tasks to queue
[2023-03-11T22:58:03.720+0000] {logging_mixin.py:120} INFO - [2023-03-11T22:58:03.720+0000] {dagbag.py:537} INFO - Filling up the DagBag from /home/airflow/.local/lib/python3.7/site-packages/airflow/example_dags/example_nested_branch_dag.py
[2023-03-11T22:58:03.738+0000] {processor.py:766} INFO - DAG(s) dict_keys(['example_nested_branch_dag']) retrieved from /home/airflow/.local/lib/python3.7/site-packages/airflow/example_dags/example_nested_branch_dag.py
[2023-03-11T22:58:03.770+0000] {logging_mixin.py:120} INFO - [2023-03-11T22:58:03.770+0000] {dag.py:2585} INFO - Sync 1 DAGs
[2023-03-11T22:58:03.788+0000] {logging_mixin.py:120} INFO - [2023-03-11T22:58:03.788+0000] {dag.py:3340} INFO - Setting next_dagrun for example_nested_branch_dag to 2023-03-10T00:00:00+00:00, run_after=2023-03-11T00:00:00+00:00
[2023-03-11T22:58:03.807+0000] {processor.py:176} INFO - Processing /home/airflow/.local/lib/python3.7/site-packages/airflow/example_dags/example_nested_branch_dag.py took 0.091 seconds
