[2023-03-11T00:06:56.671+0000] {processor.py:154} INFO - Started process (PID=35120) to work on /home/airflow/.local/lib/python3.7/site-packages/airflow/example_dags/example_branch_operator_decorator.py
[2023-03-11T00:06:56.672+0000] {processor.py:756} INFO - Processing file /home/airflow/.local/lib/python3.7/site-packages/airflow/example_dags/example_branch_operator_decorator.py for tasks to queue
[2023-03-11T00:06:56.673+0000] {logging_mixin.py:120} INFO - [2023-03-11T00:06:56.673+0000] {dagbag.py:537} INFO - Filling up the DagBag from /home/airflow/.local/lib/python3.7/site-packages/airflow/example_dags/example_branch_operator_decorator.py
[2023-03-11T00:06:56.699+0000] {processor.py:766} INFO - DAG(s) dict_keys(['example_branch_python_operator_decorator']) retrieved from /home/airflow/.local/lib/python3.7/site-packages/airflow/example_dags/example_branch_operator_decorator.py
[2023-03-11T00:06:56.751+0000] {logging_mixin.py:120} INFO - [2023-03-11T00:06:56.750+0000] {dag.py:2585} INFO - Sync 1 DAGs
[2023-03-11T00:06:56.785+0000] {logging_mixin.py:120} INFO - [2023-03-11T00:06:56.785+0000] {dag.py:3340} INFO - Setting next_dagrun for example_branch_python_operator_decorator to 2023-03-10T00:00:00+00:00, run_after=2023-03-11T00:00:00+00:00
[2023-03-11T00:06:56.803+0000] {processor.py:176} INFO - Processing /home/airflow/.local/lib/python3.7/site-packages/airflow/example_dags/example_branch_operator_decorator.py took 0.134 seconds
[2023-03-11T01:13:28.455+0000] {processor.py:154} INFO - Started process (PID=35183) to work on /home/airflow/.local/lib/python3.7/site-packages/airflow/example_dags/example_branch_operator_decorator.py
[2023-03-11T01:13:28.458+0000] {processor.py:756} INFO - Processing file /home/airflow/.local/lib/python3.7/site-packages/airflow/example_dags/example_branch_operator_decorator.py for tasks to queue
[2023-03-11T01:13:28.461+0000] {logging_mixin.py:120} INFO - [2023-03-11T01:13:28.461+0000] {dagbag.py:537} INFO - Filling up the DagBag from /home/airflow/.local/lib/python3.7/site-packages/airflow/example_dags/example_branch_operator_decorator.py
[2023-03-11T01:13:28.486+0000] {processor.py:766} INFO - DAG(s) dict_keys(['example_branch_python_operator_decorator']) retrieved from /home/airflow/.local/lib/python3.7/site-packages/airflow/example_dags/example_branch_operator_decorator.py
[2023-03-11T01:13:28.538+0000] {logging_mixin.py:120} INFO - [2023-03-11T01:13:28.538+0000] {dag.py:2585} INFO - Sync 1 DAGs
[2023-03-11T01:13:28.559+0000] {logging_mixin.py:120} INFO - [2023-03-11T01:13:28.559+0000] {dag.py:3340} INFO - Setting next_dagrun for example_branch_python_operator_decorator to 2023-03-10T00:00:00+00:00, run_after=2023-03-11T00:00:00+00:00
[2023-03-11T01:13:28.575+0000] {processor.py:176} INFO - Processing /home/airflow/.local/lib/python3.7/site-packages/airflow/example_dags/example_branch_operator_decorator.py took 0.123 seconds
[2023-03-11T02:21:51.537+0000] {processor.py:154} INFO - Started process (PID=35247) to work on /home/airflow/.local/lib/python3.7/site-packages/airflow/example_dags/example_branch_operator_decorator.py
[2023-03-11T02:21:51.540+0000] {processor.py:756} INFO - Processing file /home/airflow/.local/lib/python3.7/site-packages/airflow/example_dags/example_branch_operator_decorator.py for tasks to queue
[2023-03-11T02:21:51.541+0000] {logging_mixin.py:120} INFO - [2023-03-11T02:21:51.541+0000] {dagbag.py:537} INFO - Filling up the DagBag from /home/airflow/.local/lib/python3.7/site-packages/airflow/example_dags/example_branch_operator_decorator.py
[2023-03-11T02:21:52.101+0000] {processor.py:766} INFO - DAG(s) dict_keys(['example_branch_python_operator_decorator']) retrieved from /home/airflow/.local/lib/python3.7/site-packages/airflow/example_dags/example_branch_operator_decorator.py
[2023-03-11T02:21:52.158+0000] {logging_mixin.py:120} INFO - [2023-03-11T02:21:52.158+0000] {dag.py:2585} INFO - Sync 1 DAGs
[2023-03-11T02:21:52.180+0000] {logging_mixin.py:120} INFO - [2023-03-11T02:21:52.179+0000] {dag.py:3340} INFO - Setting next_dagrun for example_branch_python_operator_decorator to 2023-03-10T00:00:00+00:00, run_after=2023-03-11T00:00:00+00:00
[2023-03-11T02:21:52.198+0000] {processor.py:176} INFO - Processing /home/airflow/.local/lib/python3.7/site-packages/airflow/example_dags/example_branch_operator_decorator.py took 0.663 seconds
[2023-03-11T03:28:23.592+0000] {processor.py:154} INFO - Started process (PID=35311) to work on /home/airflow/.local/lib/python3.7/site-packages/airflow/example_dags/example_branch_operator_decorator.py
[2023-03-11T03:28:23.594+0000] {processor.py:756} INFO - Processing file /home/airflow/.local/lib/python3.7/site-packages/airflow/example_dags/example_branch_operator_decorator.py for tasks to queue
[2023-03-11T03:28:23.596+0000] {logging_mixin.py:120} INFO - [2023-03-11T03:28:23.596+0000] {dagbag.py:537} INFO - Filling up the DagBag from /home/airflow/.local/lib/python3.7/site-packages/airflow/example_dags/example_branch_operator_decorator.py
[2023-03-11T03:28:23.634+0000] {processor.py:766} INFO - DAG(s) dict_keys(['example_branch_python_operator_decorator']) retrieved from /home/airflow/.local/lib/python3.7/site-packages/airflow/example_dags/example_branch_operator_decorator.py
[2023-03-11T03:28:23.688+0000] {logging_mixin.py:120} INFO - [2023-03-11T03:28:23.688+0000] {dag.py:2585} INFO - Sync 1 DAGs
[2023-03-11T03:28:23.721+0000] {logging_mixin.py:120} INFO - [2023-03-11T03:28:23.721+0000] {dag.py:3340} INFO - Setting next_dagrun for example_branch_python_operator_decorator to 2023-03-10T00:00:00+00:00, run_after=2023-03-11T00:00:00+00:00
[2023-03-11T03:28:23.740+0000] {processor.py:176} INFO - Processing /home/airflow/.local/lib/python3.7/site-packages/airflow/example_dags/example_branch_operator_decorator.py took 0.154 seconds
[2023-03-11T04:35:25.831+0000] {processor.py:154} INFO - Started process (PID=35365) to work on /home/airflow/.local/lib/python3.7/site-packages/airflow/example_dags/example_branch_operator_decorator.py
[2023-03-11T04:35:25.832+0000] {processor.py:756} INFO - Processing file /home/airflow/.local/lib/python3.7/site-packages/airflow/example_dags/example_branch_operator_decorator.py for tasks to queue
[2023-03-11T04:35:25.832+0000] {logging_mixin.py:120} INFO - [2023-03-11T04:35:25.832+0000] {dagbag.py:537} INFO - Filling up the DagBag from /home/airflow/.local/lib/python3.7/site-packages/airflow/example_dags/example_branch_operator_decorator.py
[2023-03-11T04:35:25.872+0000] {processor.py:766} INFO - DAG(s) dict_keys(['example_branch_python_operator_decorator']) retrieved from /home/airflow/.local/lib/python3.7/site-packages/airflow/example_dags/example_branch_operator_decorator.py
[2023-03-11T04:35:25.925+0000] {logging_mixin.py:120} INFO - [2023-03-11T04:35:25.925+0000] {dag.py:2585} INFO - Sync 1 DAGs
[2023-03-11T04:35:25.949+0000] {logging_mixin.py:120} INFO - [2023-03-11T04:35:25.949+0000] {dag.py:3340} INFO - Setting next_dagrun for example_branch_python_operator_decorator to 2023-03-10T00:00:00+00:00, run_after=2023-03-11T00:00:00+00:00
[2023-03-11T04:35:25.972+0000] {processor.py:176} INFO - Processing /home/airflow/.local/lib/python3.7/site-packages/airflow/example_dags/example_branch_operator_decorator.py took 0.144 seconds
[2023-03-11T05:41:15.592+0000] {processor.py:154} INFO - Started process (PID=35428) to work on /home/airflow/.local/lib/python3.7/site-packages/airflow/example_dags/example_branch_operator_decorator.py
[2023-03-11T05:41:15.594+0000] {processor.py:756} INFO - Processing file /home/airflow/.local/lib/python3.7/site-packages/airflow/example_dags/example_branch_operator_decorator.py for tasks to queue
[2023-03-11T05:41:15.597+0000] {logging_mixin.py:120} INFO - [2023-03-11T05:41:15.596+0000] {dagbag.py:537} INFO - Filling up the DagBag from /home/airflow/.local/lib/python3.7/site-packages/airflow/example_dags/example_branch_operator_decorator.py
[2023-03-11T05:41:15.617+0000] {processor.py:766} INFO - DAG(s) dict_keys(['example_branch_python_operator_decorator']) retrieved from /home/airflow/.local/lib/python3.7/site-packages/airflow/example_dags/example_branch_operator_decorator.py
[2023-03-11T05:41:15.656+0000] {logging_mixin.py:120} INFO - [2023-03-11T05:41:15.656+0000] {dag.py:2585} INFO - Sync 1 DAGs
[2023-03-11T05:41:15.679+0000] {logging_mixin.py:120} INFO - [2023-03-11T05:41:15.679+0000] {dag.py:3340} INFO - Setting next_dagrun for example_branch_python_operator_decorator to 2023-03-10T00:00:00+00:00, run_after=2023-03-11T00:00:00+00:00
[2023-03-11T05:41:15.698+0000] {processor.py:176} INFO - Processing /home/airflow/.local/lib/python3.7/site-packages/airflow/example_dags/example_branch_operator_decorator.py took 0.108 seconds
[2023-03-11T06:48:04.359+0000] {processor.py:154} INFO - Started process (PID=35491) to work on /home/airflow/.local/lib/python3.7/site-packages/airflow/example_dags/example_branch_operator_decorator.py
[2023-03-11T06:48:04.360+0000] {processor.py:756} INFO - Processing file /home/airflow/.local/lib/python3.7/site-packages/airflow/example_dags/example_branch_operator_decorator.py for tasks to queue
[2023-03-11T06:48:04.363+0000] {logging_mixin.py:120} INFO - [2023-03-11T06:48:04.363+0000] {dagbag.py:537} INFO - Filling up the DagBag from /home/airflow/.local/lib/python3.7/site-packages/airflow/example_dags/example_branch_operator_decorator.py
[2023-03-11T06:48:04.380+0000] {processor.py:766} INFO - DAG(s) dict_keys(['example_branch_python_operator_decorator']) retrieved from /home/airflow/.local/lib/python3.7/site-packages/airflow/example_dags/example_branch_operator_decorator.py
[2023-03-11T06:48:04.410+0000] {logging_mixin.py:120} INFO - [2023-03-11T06:48:04.410+0000] {dag.py:2585} INFO - Sync 1 DAGs
[2023-03-11T06:48:04.426+0000] {logging_mixin.py:120} INFO - [2023-03-11T06:48:04.426+0000] {dag.py:3340} INFO - Setting next_dagrun for example_branch_python_operator_decorator to 2023-03-10T00:00:00+00:00, run_after=2023-03-11T00:00:00+00:00
[2023-03-11T06:48:04.435+0000] {processor.py:176} INFO - Processing /home/airflow/.local/lib/python3.7/site-packages/airflow/example_dags/example_branch_operator_decorator.py took 0.079 seconds
[2023-03-11T07:54:08.554+0000] {processor.py:154} INFO - Started process (PID=35554) to work on /home/airflow/.local/lib/python3.7/site-packages/airflow/example_dags/example_branch_operator_decorator.py
[2023-03-11T07:54:08.558+0000] {processor.py:756} INFO - Processing file /home/airflow/.local/lib/python3.7/site-packages/airflow/example_dags/example_branch_operator_decorator.py for tasks to queue
[2023-03-11T07:54:08.559+0000] {logging_mixin.py:120} INFO - [2023-03-11T07:54:08.559+0000] {dagbag.py:537} INFO - Filling up the DagBag from /home/airflow/.local/lib/python3.7/site-packages/airflow/example_dags/example_branch_operator_decorator.py
[2023-03-11T07:54:08.586+0000] {processor.py:766} INFO - DAG(s) dict_keys(['example_branch_python_operator_decorator']) retrieved from /home/airflow/.local/lib/python3.7/site-packages/airflow/example_dags/example_branch_operator_decorator.py
[2023-03-11T07:54:08.632+0000] {logging_mixin.py:120} INFO - [2023-03-11T07:54:08.632+0000] {dag.py:2585} INFO - Sync 1 DAGs
[2023-03-11T07:54:08.654+0000] {logging_mixin.py:120} INFO - [2023-03-11T07:54:08.654+0000] {dag.py:3340} INFO - Setting next_dagrun for example_branch_python_operator_decorator to 2023-03-10T00:00:00+00:00, run_after=2023-03-11T00:00:00+00:00
[2023-03-11T07:54:08.670+0000] {processor.py:176} INFO - Processing /home/airflow/.local/lib/python3.7/site-packages/airflow/example_dags/example_branch_operator_decorator.py took 0.119 seconds
[2023-03-11T09:00:26.128+0000] {processor.py:154} INFO - Started process (PID=35615) to work on /home/airflow/.local/lib/python3.7/site-packages/airflow/example_dags/example_branch_operator_decorator.py
[2023-03-11T09:00:26.132+0000] {processor.py:756} INFO - Processing file /home/airflow/.local/lib/python3.7/site-packages/airflow/example_dags/example_branch_operator_decorator.py for tasks to queue
[2023-03-11T09:00:26.133+0000] {logging_mixin.py:120} INFO - [2023-03-11T09:00:26.133+0000] {dagbag.py:537} INFO - Filling up the DagBag from /home/airflow/.local/lib/python3.7/site-packages/airflow/example_dags/example_branch_operator_decorator.py
[2023-03-11T09:00:26.153+0000] {processor.py:766} INFO - DAG(s) dict_keys(['example_branch_python_operator_decorator']) retrieved from /home/airflow/.local/lib/python3.7/site-packages/airflow/example_dags/example_branch_operator_decorator.py
[2023-03-11T09:00:26.218+0000] {logging_mixin.py:120} INFO - [2023-03-11T09:00:26.218+0000] {dag.py:2585} INFO - Sync 1 DAGs
[2023-03-11T09:00:26.243+0000] {logging_mixin.py:120} INFO - [2023-03-11T09:00:26.243+0000] {dag.py:3340} INFO - Setting next_dagrun for example_branch_python_operator_decorator to 2023-03-10T00:00:00+00:00, run_after=2023-03-11T00:00:00+00:00
[2023-03-11T09:00:26.274+0000] {processor.py:176} INFO - Processing /home/airflow/.local/lib/python3.7/site-packages/airflow/example_dags/example_branch_operator_decorator.py took 0.149 seconds
[2023-03-11T10:06:58.529+0000] {processor.py:154} INFO - Started process (PID=35671) to work on /home/airflow/.local/lib/python3.7/site-packages/airflow/example_dags/example_branch_operator_decorator.py
[2023-03-11T10:06:58.530+0000] {processor.py:756} INFO - Processing file /home/airflow/.local/lib/python3.7/site-packages/airflow/example_dags/example_branch_operator_decorator.py for tasks to queue
[2023-03-11T10:06:58.533+0000] {logging_mixin.py:120} INFO - [2023-03-11T10:06:58.533+0000] {dagbag.py:537} INFO - Filling up the DagBag from /home/airflow/.local/lib/python3.7/site-packages/airflow/example_dags/example_branch_operator_decorator.py
[2023-03-11T10:06:58.554+0000] {processor.py:766} INFO - DAG(s) dict_keys(['example_branch_python_operator_decorator']) retrieved from /home/airflow/.local/lib/python3.7/site-packages/airflow/example_dags/example_branch_operator_decorator.py
[2023-03-11T10:06:58.598+0000] {logging_mixin.py:120} INFO - [2023-03-11T10:06:58.598+0000] {dag.py:2585} INFO - Sync 1 DAGs
[2023-03-11T10:06:58.621+0000] {logging_mixin.py:120} INFO - [2023-03-11T10:06:58.621+0000] {dag.py:3340} INFO - Setting next_dagrun for example_branch_python_operator_decorator to 2023-03-10T00:00:00+00:00, run_after=2023-03-11T00:00:00+00:00
[2023-03-11T10:06:58.633+0000] {processor.py:176} INFO - Processing /home/airflow/.local/lib/python3.7/site-packages/airflow/example_dags/example_branch_operator_decorator.py took 0.107 seconds
[2023-03-11T11:31:11.354+0000] {processor.py:154} INFO - Started process (PID=35734) to work on /home/airflow/.local/lib/python3.7/site-packages/airflow/example_dags/example_branch_operator_decorator.py
[2023-03-11T11:31:11.358+0000] {processor.py:756} INFO - Processing file /home/airflow/.local/lib/python3.7/site-packages/airflow/example_dags/example_branch_operator_decorator.py for tasks to queue
[2023-03-11T11:31:11.359+0000] {logging_mixin.py:120} INFO - [2023-03-11T11:31:11.359+0000] {dagbag.py:537} INFO - Filling up the DagBag from /home/airflow/.local/lib/python3.7/site-packages/airflow/example_dags/example_branch_operator_decorator.py
[2023-03-11T11:31:11.385+0000] {processor.py:766} INFO - DAG(s) dict_keys(['example_branch_python_operator_decorator']) retrieved from /home/airflow/.local/lib/python3.7/site-packages/airflow/example_dags/example_branch_operator_decorator.py
[2023-03-11T11:31:11.424+0000] {logging_mixin.py:120} INFO - [2023-03-11T11:31:11.424+0000] {dag.py:2585} INFO - Sync 1 DAGs
[2023-03-11T11:31:11.446+0000] {logging_mixin.py:120} INFO - [2023-03-11T11:31:11.446+0000] {dag.py:3340} INFO - Setting next_dagrun for example_branch_python_operator_decorator to 2023-03-10T00:00:00+00:00, run_after=2023-03-11T00:00:00+00:00
[2023-03-11T11:31:11.461+0000] {processor.py:176} INFO - Processing /home/airflow/.local/lib/python3.7/site-packages/airflow/example_dags/example_branch_operator_decorator.py took 0.110 seconds
[2023-03-11T12:37:41.634+0000] {processor.py:154} INFO - Started process (PID=35797) to work on /home/airflow/.local/lib/python3.7/site-packages/airflow/example_dags/example_branch_operator_decorator.py
[2023-03-11T12:37:41.637+0000] {processor.py:756} INFO - Processing file /home/airflow/.local/lib/python3.7/site-packages/airflow/example_dags/example_branch_operator_decorator.py for tasks to queue
[2023-03-11T12:37:41.638+0000] {logging_mixin.py:120} INFO - [2023-03-11T12:37:41.638+0000] {dagbag.py:537} INFO - Filling up the DagBag from /home/airflow/.local/lib/python3.7/site-packages/airflow/example_dags/example_branch_operator_decorator.py
[2023-03-11T12:37:41.658+0000] {processor.py:766} INFO - DAG(s) dict_keys(['example_branch_python_operator_decorator']) retrieved from /home/airflow/.local/lib/python3.7/site-packages/airflow/example_dags/example_branch_operator_decorator.py
[2023-03-11T12:37:41.699+0000] {logging_mixin.py:120} INFO - [2023-03-11T12:37:41.699+0000] {dag.py:2585} INFO - Sync 1 DAGs
[2023-03-11T12:37:41.722+0000] {logging_mixin.py:120} INFO - [2023-03-11T12:37:41.722+0000] {dag.py:3340} INFO - Setting next_dagrun for example_branch_python_operator_decorator to 2023-03-10T00:00:00+00:00, run_after=2023-03-11T00:00:00+00:00
[2023-03-11T12:37:41.757+0000] {processor.py:176} INFO - Processing /home/airflow/.local/lib/python3.7/site-packages/airflow/example_dags/example_branch_operator_decorator.py took 0.125 seconds
[2023-03-11T13:38:02.945+0000] {processor.py:154} INFO - Started process (PID=35859) to work on /home/airflow/.local/lib/python3.7/site-packages/airflow/example_dags/example_branch_operator_decorator.py
[2023-03-11T13:38:02.947+0000] {processor.py:756} INFO - Processing file /home/airflow/.local/lib/python3.7/site-packages/airflow/example_dags/example_branch_operator_decorator.py for tasks to queue
[2023-03-11T13:38:02.948+0000] {logging_mixin.py:120} INFO - [2023-03-11T13:38:02.948+0000] {dagbag.py:537} INFO - Filling up the DagBag from /home/airflow/.local/lib/python3.7/site-packages/airflow/example_dags/example_branch_operator_decorator.py
[2023-03-11T13:38:02.983+0000] {processor.py:766} INFO - DAG(s) dict_keys(['example_branch_python_operator_decorator']) retrieved from /home/airflow/.local/lib/python3.7/site-packages/airflow/example_dags/example_branch_operator_decorator.py
[2023-03-11T13:38:03.050+0000] {logging_mixin.py:120} INFO - [2023-03-11T13:38:03.050+0000] {dag.py:2585} INFO - Sync 1 DAGs
[2023-03-11T13:38:03.084+0000] {logging_mixin.py:120} INFO - [2023-03-11T13:38:03.084+0000] {dag.py:3340} INFO - Setting next_dagrun for example_branch_python_operator_decorator to 2023-03-10T00:00:00+00:00, run_after=2023-03-11T00:00:00+00:00
[2023-03-11T13:38:03.109+0000] {processor.py:176} INFO - Processing /home/airflow/.local/lib/python3.7/site-packages/airflow/example_dags/example_branch_operator_decorator.py took 0.166 seconds
[2023-03-11T14:48:00.476+0000] {processor.py:154} INFO - Started process (PID=35913) to work on /home/airflow/.local/lib/python3.7/site-packages/airflow/example_dags/example_branch_operator_decorator.py
[2023-03-11T14:48:00.478+0000] {processor.py:756} INFO - Processing file /home/airflow/.local/lib/python3.7/site-packages/airflow/example_dags/example_branch_operator_decorator.py for tasks to queue
[2023-03-11T14:48:00.479+0000] {logging_mixin.py:120} INFO - [2023-03-11T14:48:00.479+0000] {dagbag.py:537} INFO - Filling up the DagBag from /home/airflow/.local/lib/python3.7/site-packages/airflow/example_dags/example_branch_operator_decorator.py
[2023-03-11T14:48:00.509+0000] {processor.py:766} INFO - DAG(s) dict_keys(['example_branch_python_operator_decorator']) retrieved from /home/airflow/.local/lib/python3.7/site-packages/airflow/example_dags/example_branch_operator_decorator.py
[2023-03-11T14:48:00.548+0000] {logging_mixin.py:120} INFO - [2023-03-11T14:48:00.548+0000] {dag.py:2585} INFO - Sync 1 DAGs
[2023-03-11T14:48:00.574+0000] {logging_mixin.py:120} INFO - [2023-03-11T14:48:00.574+0000] {dag.py:3340} INFO - Setting next_dagrun for example_branch_python_operator_decorator to 2023-03-10T00:00:00+00:00, run_after=2023-03-11T00:00:00+00:00
[2023-03-11T14:48:00.590+0000] {processor.py:176} INFO - Processing /home/airflow/.local/lib/python3.7/site-packages/airflow/example_dags/example_branch_operator_decorator.py took 0.116 seconds
[2023-03-11T16:07:42.554+0000] {processor.py:154} INFO - Started process (PID=35976) to work on /home/airflow/.local/lib/python3.7/site-packages/airflow/example_dags/example_branch_operator_decorator.py
[2023-03-11T16:07:42.560+0000] {processor.py:756} INFO - Processing file /home/airflow/.local/lib/python3.7/site-packages/airflow/example_dags/example_branch_operator_decorator.py for tasks to queue
[2023-03-11T16:07:42.561+0000] {logging_mixin.py:120} INFO - [2023-03-11T16:07:42.561+0000] {dagbag.py:537} INFO - Filling up the DagBag from /home/airflow/.local/lib/python3.7/site-packages/airflow/example_dags/example_branch_operator_decorator.py
[2023-03-11T16:07:42.588+0000] {processor.py:766} INFO - DAG(s) dict_keys(['example_branch_python_operator_decorator']) retrieved from /home/airflow/.local/lib/python3.7/site-packages/airflow/example_dags/example_branch_operator_decorator.py
[2023-03-11T16:07:42.628+0000] {logging_mixin.py:120} INFO - [2023-03-11T16:07:42.628+0000] {dag.py:2585} INFO - Sync 1 DAGs
[2023-03-11T16:07:42.651+0000] {logging_mixin.py:120} INFO - [2023-03-11T16:07:42.651+0000] {dag.py:3340} INFO - Setting next_dagrun for example_branch_python_operator_decorator to 2023-03-10T00:00:00+00:00, run_after=2023-03-11T00:00:00+00:00
[2023-03-11T16:07:42.667+0000] {processor.py:176} INFO - Processing /home/airflow/.local/lib/python3.7/site-packages/airflow/example_dags/example_branch_operator_decorator.py took 0.116 seconds
[2023-03-11T17:14:07.362+0000] {processor.py:154} INFO - Started process (PID=36039) to work on /home/airflow/.local/lib/python3.7/site-packages/airflow/example_dags/example_branch_operator_decorator.py
[2023-03-11T17:14:07.365+0000] {processor.py:756} INFO - Processing file /home/airflow/.local/lib/python3.7/site-packages/airflow/example_dags/example_branch_operator_decorator.py for tasks to queue
[2023-03-11T17:14:07.366+0000] {logging_mixin.py:120} INFO - [2023-03-11T17:14:07.366+0000] {dagbag.py:537} INFO - Filling up the DagBag from /home/airflow/.local/lib/python3.7/site-packages/airflow/example_dags/example_branch_operator_decorator.py
[2023-03-11T17:14:07.393+0000] {processor.py:766} INFO - DAG(s) dict_keys(['example_branch_python_operator_decorator']) retrieved from /home/airflow/.local/lib/python3.7/site-packages/airflow/example_dags/example_branch_operator_decorator.py
[2023-03-11T17:14:07.432+0000] {logging_mixin.py:120} INFO - [2023-03-11T17:14:07.432+0000] {dag.py:2585} INFO - Sync 1 DAGs
[2023-03-11T17:14:07.449+0000] {logging_mixin.py:120} INFO - [2023-03-11T17:14:07.449+0000] {dag.py:3340} INFO - Setting next_dagrun for example_branch_python_operator_decorator to 2023-03-10T00:00:00+00:00, run_after=2023-03-11T00:00:00+00:00
[2023-03-11T17:14:07.463+0000] {processor.py:176} INFO - Processing /home/airflow/.local/lib/python3.7/site-packages/airflow/example_dags/example_branch_operator_decorator.py took 0.104 seconds
[2023-03-11T18:22:31.626+0000] {processor.py:154} INFO - Started process (PID=36101) to work on /home/airflow/.local/lib/python3.7/site-packages/airflow/example_dags/example_branch_operator_decorator.py
[2023-03-11T18:22:31.632+0000] {processor.py:756} INFO - Processing file /home/airflow/.local/lib/python3.7/site-packages/airflow/example_dags/example_branch_operator_decorator.py for tasks to queue
[2023-03-11T18:22:31.633+0000] {logging_mixin.py:120} INFO - [2023-03-11T18:22:31.633+0000] {dagbag.py:537} INFO - Filling up the DagBag from /home/airflow/.local/lib/python3.7/site-packages/airflow/example_dags/example_branch_operator_decorator.py
[2023-03-11T18:22:31.659+0000] {processor.py:766} INFO - DAG(s) dict_keys(['example_branch_python_operator_decorator']) retrieved from /home/airflow/.local/lib/python3.7/site-packages/airflow/example_dags/example_branch_operator_decorator.py
[2023-03-11T18:22:31.712+0000] {logging_mixin.py:120} INFO - [2023-03-11T18:22:31.712+0000] {dag.py:2585} INFO - Sync 1 DAGs
[2023-03-11T18:22:31.737+0000] {logging_mixin.py:120} INFO - [2023-03-11T18:22:31.737+0000] {dag.py:3340} INFO - Setting next_dagrun for example_branch_python_operator_decorator to 2023-03-10T00:00:00+00:00, run_after=2023-03-11T00:00:00+00:00
[2023-03-11T18:22:31.766+0000] {processor.py:176} INFO - Processing /home/airflow/.local/lib/python3.7/site-packages/airflow/example_dags/example_branch_operator_decorator.py took 0.143 seconds
[2023-03-11T19:27:38.032+0000] {processor.py:154} INFO - Started process (PID=36164) to work on /home/airflow/.local/lib/python3.7/site-packages/airflow/example_dags/example_branch_operator_decorator.py
[2023-03-11T19:27:38.037+0000] {processor.py:756} INFO - Processing file /home/airflow/.local/lib/python3.7/site-packages/airflow/example_dags/example_branch_operator_decorator.py for tasks to queue
[2023-03-11T19:27:38.039+0000] {logging_mixin.py:120} INFO - [2023-03-11T19:27:38.038+0000] {dagbag.py:537} INFO - Filling up the DagBag from /home/airflow/.local/lib/python3.7/site-packages/airflow/example_dags/example_branch_operator_decorator.py
[2023-03-11T19:27:38.070+0000] {processor.py:766} INFO - DAG(s) dict_keys(['example_branch_python_operator_decorator']) retrieved from /home/airflow/.local/lib/python3.7/site-packages/airflow/example_dags/example_branch_operator_decorator.py
[2023-03-11T19:27:38.134+0000] {logging_mixin.py:120} INFO - [2023-03-11T19:27:38.134+0000] {dag.py:2585} INFO - Sync 1 DAGs
[2023-03-11T19:27:38.164+0000] {logging_mixin.py:120} INFO - [2023-03-11T19:27:38.163+0000] {dag.py:3340} INFO - Setting next_dagrun for example_branch_python_operator_decorator to 2023-03-10T00:00:00+00:00, run_after=2023-03-11T00:00:00+00:00
[2023-03-11T19:27:38.208+0000] {processor.py:176} INFO - Processing /home/airflow/.local/lib/python3.7/site-packages/airflow/example_dags/example_branch_operator_decorator.py took 0.179 seconds
[2023-03-11T20:33:23.168+0000] {processor.py:154} INFO - Started process (PID=36218) to work on /home/airflow/.local/lib/python3.7/site-packages/airflow/example_dags/example_branch_operator_decorator.py
[2023-03-11T20:33:23.179+0000] {processor.py:756} INFO - Processing file /home/airflow/.local/lib/python3.7/site-packages/airflow/example_dags/example_branch_operator_decorator.py for tasks to queue
[2023-03-11T20:33:23.180+0000] {logging_mixin.py:120} INFO - [2023-03-11T20:33:23.180+0000] {dagbag.py:537} INFO - Filling up the DagBag from /home/airflow/.local/lib/python3.7/site-packages/airflow/example_dags/example_branch_operator_decorator.py
[2023-03-11T20:33:23.214+0000] {processor.py:766} INFO - DAG(s) dict_keys(['example_branch_python_operator_decorator']) retrieved from /home/airflow/.local/lib/python3.7/site-packages/airflow/example_dags/example_branch_operator_decorator.py
[2023-03-11T20:33:23.243+0000] {logging_mixin.py:120} INFO - [2023-03-11T20:33:23.243+0000] {dag.py:2585} INFO - Sync 1 DAGs
[2023-03-11T20:33:23.261+0000] {logging_mixin.py:120} INFO - [2023-03-11T20:33:23.261+0000] {dag.py:3340} INFO - Setting next_dagrun for example_branch_python_operator_decorator to 2023-03-10T00:00:00+00:00, run_after=2023-03-11T00:00:00+00:00
[2023-03-11T20:33:23.274+0000] {processor.py:176} INFO - Processing /home/airflow/.local/lib/python3.7/site-packages/airflow/example_dags/example_branch_operator_decorator.py took 0.111 seconds
[2023-03-11T21:49:22.394+0000] {processor.py:154} INFO - Started process (PID=36281) to work on /home/airflow/.local/lib/python3.7/site-packages/airflow/example_dags/example_branch_operator_decorator.py
[2023-03-11T21:49:22.395+0000] {processor.py:756} INFO - Processing file /home/airflow/.local/lib/python3.7/site-packages/airflow/example_dags/example_branch_operator_decorator.py for tasks to queue
[2023-03-11T21:49:22.398+0000] {logging_mixin.py:120} INFO - [2023-03-11T21:49:22.398+0000] {dagbag.py:537} INFO - Filling up the DagBag from /home/airflow/.local/lib/python3.7/site-packages/airflow/example_dags/example_branch_operator_decorator.py
[2023-03-11T21:49:22.426+0000] {processor.py:766} INFO - DAG(s) dict_keys(['example_branch_python_operator_decorator']) retrieved from /home/airflow/.local/lib/python3.7/site-packages/airflow/example_dags/example_branch_operator_decorator.py
[2023-03-11T21:49:22.478+0000] {logging_mixin.py:120} INFO - [2023-03-11T21:49:22.478+0000] {dag.py:2585} INFO - Sync 1 DAGs
[2023-03-11T21:49:22.498+0000] {logging_mixin.py:120} INFO - [2023-03-11T21:49:22.498+0000] {dag.py:3340} INFO - Setting next_dagrun for example_branch_python_operator_decorator to 2023-03-10T00:00:00+00:00, run_after=2023-03-11T00:00:00+00:00
[2023-03-11T21:49:22.512+0000] {processor.py:176} INFO - Processing /home/airflow/.local/lib/python3.7/site-packages/airflow/example_dags/example_branch_operator_decorator.py took 0.121 seconds
[2023-03-11T22:58:04.570+0000] {processor.py:154} INFO - Started process (PID=36344) to work on /home/airflow/.local/lib/python3.7/site-packages/airflow/example_dags/example_branch_operator_decorator.py
[2023-03-11T22:58:04.574+0000] {processor.py:756} INFO - Processing file /home/airflow/.local/lib/python3.7/site-packages/airflow/example_dags/example_branch_operator_decorator.py for tasks to queue
[2023-03-11T22:58:04.575+0000] {logging_mixin.py:120} INFO - [2023-03-11T22:58:04.575+0000] {dagbag.py:537} INFO - Filling up the DagBag from /home/airflow/.local/lib/python3.7/site-packages/airflow/example_dags/example_branch_operator_decorator.py
[2023-03-11T22:58:04.599+0000] {processor.py:766} INFO - DAG(s) dict_keys(['example_branch_python_operator_decorator']) retrieved from /home/airflow/.local/lib/python3.7/site-packages/airflow/example_dags/example_branch_operator_decorator.py
[2023-03-11T22:58:04.643+0000] {logging_mixin.py:120} INFO - [2023-03-11T22:58:04.643+0000] {dag.py:2585} INFO - Sync 1 DAGs
[2023-03-11T22:58:04.669+0000] {logging_mixin.py:120} INFO - [2023-03-11T22:58:04.669+0000] {dag.py:3340} INFO - Setting next_dagrun for example_branch_python_operator_decorator to 2023-03-10T00:00:00+00:00, run_after=2023-03-11T00:00:00+00:00
[2023-03-11T22:58:04.689+0000] {processor.py:176} INFO - Processing /home/airflow/.local/lib/python3.7/site-packages/airflow/example_dags/example_branch_operator_decorator.py took 0.122 seconds
