[2023-03-11T00:06:54.340+0000] {processor.py:154} INFO - Started process (PID=35095) to work on /home/airflow/.local/lib/python3.7/site-packages/airflow/example_dags/example_trigger_target_dag.py
[2023-03-11T00:06:54.345+0000] {processor.py:756} INFO - Processing file /home/airflow/.local/lib/python3.7/site-packages/airflow/example_dags/example_trigger_target_dag.py for tasks to queue
[2023-03-11T00:06:54.346+0000] {logging_mixin.py:120} INFO - [2023-03-11T00:06:54.346+0000] {dagbag.py:537} INFO - Filling up the DagBag from /home/airflow/.local/lib/python3.7/site-packages/airflow/example_dags/example_trigger_target_dag.py
[2023-03-11T00:06:54.372+0000] {processor.py:766} INFO - DAG(s) dict_keys(['example_trigger_target_dag']) retrieved from /home/airflow/.local/lib/python3.7/site-packages/airflow/example_dags/example_trigger_target_dag.py
[2023-03-11T00:06:54.432+0000] {logging_mixin.py:120} INFO - [2023-03-11T00:06:54.432+0000] {dag.py:2585} INFO - Sync 1 DAGs
[2023-03-11T00:06:54.453+0000] {logging_mixin.py:120} INFO - [2023-03-11T00:06:54.453+0000] {dag.py:3340} INFO - Setting next_dagrun for example_trigger_target_dag to None, run_after=None
[2023-03-11T00:06:54.472+0000] {processor.py:176} INFO - Processing /home/airflow/.local/lib/python3.7/site-packages/airflow/example_dags/example_trigger_target_dag.py took 0.135 seconds
[2023-03-11T01:13:26.307+0000] {processor.py:154} INFO - Started process (PID=35158) to work on /home/airflow/.local/lib/python3.7/site-packages/airflow/example_dags/example_trigger_target_dag.py
[2023-03-11T01:13:26.308+0000] {processor.py:756} INFO - Processing file /home/airflow/.local/lib/python3.7/site-packages/airflow/example_dags/example_trigger_target_dag.py for tasks to queue
[2023-03-11T01:13:26.309+0000] {logging_mixin.py:120} INFO - [2023-03-11T01:13:26.309+0000] {dagbag.py:537} INFO - Filling up the DagBag from /home/airflow/.local/lib/python3.7/site-packages/airflow/example_dags/example_trigger_target_dag.py
[2023-03-11T01:13:26.323+0000] {processor.py:766} INFO - DAG(s) dict_keys(['example_trigger_target_dag']) retrieved from /home/airflow/.local/lib/python3.7/site-packages/airflow/example_dags/example_trigger_target_dag.py
[2023-03-11T01:13:26.354+0000] {logging_mixin.py:120} INFO - [2023-03-11T01:13:26.354+0000] {dag.py:2585} INFO - Sync 1 DAGs
[2023-03-11T01:13:26.368+0000] {logging_mixin.py:120} INFO - [2023-03-11T01:13:26.368+0000] {dag.py:3340} INFO - Setting next_dagrun for example_trigger_target_dag to None, run_after=None
[2023-03-11T01:13:26.380+0000] {processor.py:176} INFO - Processing /home/airflow/.local/lib/python3.7/site-packages/airflow/example_dags/example_trigger_target_dag.py took 0.075 seconds
[2023-03-11T02:21:49.409+0000] {processor.py:154} INFO - Started process (PID=35222) to work on /home/airflow/.local/lib/python3.7/site-packages/airflow/example_dags/example_trigger_target_dag.py
[2023-03-11T02:21:49.415+0000] {processor.py:756} INFO - Processing file /home/airflow/.local/lib/python3.7/site-packages/airflow/example_dags/example_trigger_target_dag.py for tasks to queue
[2023-03-11T02:21:49.417+0000] {logging_mixin.py:120} INFO - [2023-03-11T02:21:49.417+0000] {dagbag.py:537} INFO - Filling up the DagBag from /home/airflow/.local/lib/python3.7/site-packages/airflow/example_dags/example_trigger_target_dag.py
[2023-03-11T02:21:49.461+0000] {processor.py:766} INFO - DAG(s) dict_keys(['example_trigger_target_dag']) retrieved from /home/airflow/.local/lib/python3.7/site-packages/airflow/example_dags/example_trigger_target_dag.py
[2023-03-11T02:21:49.546+0000] {logging_mixin.py:120} INFO - [2023-03-11T02:21:49.546+0000] {dag.py:2585} INFO - Sync 1 DAGs
[2023-03-11T02:21:49.583+0000] {logging_mixin.py:120} INFO - [2023-03-11T02:21:49.583+0000] {dag.py:3340} INFO - Setting next_dagrun for example_trigger_target_dag to None, run_after=None
[2023-03-11T02:21:49.610+0000] {processor.py:176} INFO - Processing /home/airflow/.local/lib/python3.7/site-packages/airflow/example_dags/example_trigger_target_dag.py took 0.209 seconds
[2023-03-11T03:28:20.691+0000] {processor.py:154} INFO - Started process (PID=35276) to work on /home/airflow/.local/lib/python3.7/site-packages/airflow/example_dags/example_trigger_target_dag.py
[2023-03-11T03:28:20.693+0000] {processor.py:756} INFO - Processing file /home/airflow/.local/lib/python3.7/site-packages/airflow/example_dags/example_trigger_target_dag.py for tasks to queue
[2023-03-11T03:28:20.694+0000] {logging_mixin.py:120} INFO - [2023-03-11T03:28:20.694+0000] {dagbag.py:537} INFO - Filling up the DagBag from /home/airflow/.local/lib/python3.7/site-packages/airflow/example_dags/example_trigger_target_dag.py
[2023-03-11T03:28:20.708+0000] {processor.py:766} INFO - DAG(s) dict_keys(['example_trigger_target_dag']) retrieved from /home/airflow/.local/lib/python3.7/site-packages/airflow/example_dags/example_trigger_target_dag.py
[2023-03-11T03:28:20.735+0000] {logging_mixin.py:120} INFO - [2023-03-11T03:28:20.735+0000] {dag.py:2585} INFO - Sync 1 DAGs
[2023-03-11T03:28:20.750+0000] {logging_mixin.py:120} INFO - [2023-03-11T03:28:20.750+0000] {dag.py:3340} INFO - Setting next_dagrun for example_trigger_target_dag to None, run_after=None
[2023-03-11T03:28:20.762+0000] {processor.py:176} INFO - Processing /home/airflow/.local/lib/python3.7/site-packages/airflow/example_dags/example_trigger_target_dag.py took 0.073 seconds
[2023-03-11T04:35:23.609+0000] {processor.py:154} INFO - Started process (PID=35340) to work on /home/airflow/.local/lib/python3.7/site-packages/airflow/example_dags/example_trigger_target_dag.py
[2023-03-11T04:35:23.614+0000] {processor.py:756} INFO - Processing file /home/airflow/.local/lib/python3.7/site-packages/airflow/example_dags/example_trigger_target_dag.py for tasks to queue
[2023-03-11T04:35:23.615+0000] {logging_mixin.py:120} INFO - [2023-03-11T04:35:23.615+0000] {dagbag.py:537} INFO - Filling up the DagBag from /home/airflow/.local/lib/python3.7/site-packages/airflow/example_dags/example_trigger_target_dag.py
[2023-03-11T04:35:23.646+0000] {processor.py:766} INFO - DAG(s) dict_keys(['example_trigger_target_dag']) retrieved from /home/airflow/.local/lib/python3.7/site-packages/airflow/example_dags/example_trigger_target_dag.py
[2023-03-11T04:35:23.713+0000] {logging_mixin.py:120} INFO - [2023-03-11T04:35:23.713+0000] {dag.py:2585} INFO - Sync 1 DAGs
[2023-03-11T04:35:23.746+0000] {logging_mixin.py:120} INFO - [2023-03-11T04:35:23.746+0000] {dag.py:3340} INFO - Setting next_dagrun for example_trigger_target_dag to None, run_after=None
[2023-03-11T04:35:23.765+0000] {processor.py:176} INFO - Processing /home/airflow/.local/lib/python3.7/site-packages/airflow/example_dags/example_trigger_target_dag.py took 0.161 seconds
[2023-03-11T05:41:13.519+0000] {processor.py:154} INFO - Started process (PID=35403) to work on /home/airflow/.local/lib/python3.7/site-packages/airflow/example_dags/example_trigger_target_dag.py
[2023-03-11T05:41:13.520+0000] {processor.py:756} INFO - Processing file /home/airflow/.local/lib/python3.7/site-packages/airflow/example_dags/example_trigger_target_dag.py for tasks to queue
[2023-03-11T05:41:13.521+0000] {logging_mixin.py:120} INFO - [2023-03-11T05:41:13.521+0000] {dagbag.py:537} INFO - Filling up the DagBag from /home/airflow/.local/lib/python3.7/site-packages/airflow/example_dags/example_trigger_target_dag.py
[2023-03-11T05:41:13.535+0000] {processor.py:766} INFO - DAG(s) dict_keys(['example_trigger_target_dag']) retrieved from /home/airflow/.local/lib/python3.7/site-packages/airflow/example_dags/example_trigger_target_dag.py
[2023-03-11T05:41:13.563+0000] {logging_mixin.py:120} INFO - [2023-03-11T05:41:13.563+0000] {dag.py:2585} INFO - Sync 1 DAGs
[2023-03-11T05:41:13.578+0000] {logging_mixin.py:120} INFO - [2023-03-11T05:41:13.578+0000] {dag.py:3340} INFO - Setting next_dagrun for example_trigger_target_dag to None, run_after=None
[2023-03-11T05:41:13.589+0000] {processor.py:176} INFO - Processing /home/airflow/.local/lib/python3.7/site-packages/airflow/example_dags/example_trigger_target_dag.py took 0.072 seconds
[2023-03-11T06:48:02.308+0000] {processor.py:154} INFO - Started process (PID=35466) to work on /home/airflow/.local/lib/python3.7/site-packages/airflow/example_dags/example_trigger_target_dag.py
[2023-03-11T06:48:02.310+0000] {processor.py:756} INFO - Processing file /home/airflow/.local/lib/python3.7/site-packages/airflow/example_dags/example_trigger_target_dag.py for tasks to queue
[2023-03-11T06:48:02.310+0000] {logging_mixin.py:120} INFO - [2023-03-11T06:48:02.310+0000] {dagbag.py:537} INFO - Filling up the DagBag from /home/airflow/.local/lib/python3.7/site-packages/airflow/example_dags/example_trigger_target_dag.py
[2023-03-11T06:48:02.334+0000] {processor.py:766} INFO - DAG(s) dict_keys(['example_trigger_target_dag']) retrieved from /home/airflow/.local/lib/python3.7/site-packages/airflow/example_dags/example_trigger_target_dag.py
[2023-03-11T06:48:02.403+0000] {logging_mixin.py:120} INFO - [2023-03-11T06:48:02.403+0000] {dag.py:2585} INFO - Sync 1 DAGs
[2023-03-11T06:48:02.429+0000] {logging_mixin.py:120} INFO - [2023-03-11T06:48:02.429+0000] {dag.py:3340} INFO - Setting next_dagrun for example_trigger_target_dag to None, run_after=None
[2023-03-11T06:48:02.448+0000] {processor.py:176} INFO - Processing /home/airflow/.local/lib/python3.7/site-packages/airflow/example_dags/example_trigger_target_dag.py took 0.143 seconds
[2023-03-11T07:54:05.497+0000] {processor.py:154} INFO - Started process (PID=35520) to work on /home/airflow/.local/lib/python3.7/site-packages/airflow/example_dags/example_trigger_target_dag.py
[2023-03-11T07:54:05.502+0000] {processor.py:756} INFO - Processing file /home/airflow/.local/lib/python3.7/site-packages/airflow/example_dags/example_trigger_target_dag.py for tasks to queue
[2023-03-11T07:54:05.503+0000] {logging_mixin.py:120} INFO - [2023-03-11T07:54:05.503+0000] {dagbag.py:537} INFO - Filling up the DagBag from /home/airflow/.local/lib/python3.7/site-packages/airflow/example_dags/example_trigger_target_dag.py
[2023-03-11T07:54:05.536+0000] {processor.py:766} INFO - DAG(s) dict_keys(['example_trigger_target_dag']) retrieved from /home/airflow/.local/lib/python3.7/site-packages/airflow/example_dags/example_trigger_target_dag.py
[2023-03-11T07:54:05.605+0000] {logging_mixin.py:120} INFO - [2023-03-11T07:54:05.605+0000] {dag.py:2585} INFO - Sync 1 DAGs
[2023-03-11T07:54:05.636+0000] {logging_mixin.py:120} INFO - [2023-03-11T07:54:05.635+0000] {dag.py:3340} INFO - Setting next_dagrun for example_trigger_target_dag to None, run_after=None
[2023-03-11T07:54:05.663+0000] {processor.py:176} INFO - Processing /home/airflow/.local/lib/python3.7/site-packages/airflow/example_dags/example_trigger_target_dag.py took 0.170 seconds
[2023-03-11T09:00:23.487+0000] {processor.py:154} INFO - Started process (PID=35583) to work on /home/airflow/.local/lib/python3.7/site-packages/airflow/example_dags/example_trigger_target_dag.py
[2023-03-11T09:00:23.489+0000] {processor.py:756} INFO - Processing file /home/airflow/.local/lib/python3.7/site-packages/airflow/example_dags/example_trigger_target_dag.py for tasks to queue
[2023-03-11T09:00:23.490+0000] {logging_mixin.py:120} INFO - [2023-03-11T09:00:23.490+0000] {dagbag.py:537} INFO - Filling up the DagBag from /home/airflow/.local/lib/python3.7/site-packages/airflow/example_dags/example_trigger_target_dag.py
[2023-03-11T09:00:23.515+0000] {processor.py:766} INFO - DAG(s) dict_keys(['example_trigger_target_dag']) retrieved from /home/airflow/.local/lib/python3.7/site-packages/airflow/example_dags/example_trigger_target_dag.py
[2023-03-11T09:00:23.558+0000] {logging_mixin.py:120} INFO - [2023-03-11T09:00:23.558+0000] {dag.py:2585} INFO - Sync 1 DAGs
[2023-03-11T09:00:23.578+0000] {logging_mixin.py:120} INFO - [2023-03-11T09:00:23.578+0000] {dag.py:3340} INFO - Setting next_dagrun for example_trigger_target_dag to None, run_after=None
[2023-03-11T09:00:23.589+0000] {processor.py:176} INFO - Processing /home/airflow/.local/lib/python3.7/site-packages/airflow/example_dags/example_trigger_target_dag.py took 0.108 seconds
[2023-03-11T10:06:56.267+0000] {processor.py:154} INFO - Started process (PID=35646) to work on /home/airflow/.local/lib/python3.7/site-packages/airflow/example_dags/example_trigger_target_dag.py
[2023-03-11T10:06:56.272+0000] {processor.py:756} INFO - Processing file /home/airflow/.local/lib/python3.7/site-packages/airflow/example_dags/example_trigger_target_dag.py for tasks to queue
[2023-03-11T10:06:56.273+0000] {logging_mixin.py:120} INFO - [2023-03-11T10:06:56.272+0000] {dagbag.py:537} INFO - Filling up the DagBag from /home/airflow/.local/lib/python3.7/site-packages/airflow/example_dags/example_trigger_target_dag.py
[2023-03-11T10:06:56.302+0000] {processor.py:766} INFO - DAG(s) dict_keys(['example_trigger_target_dag']) retrieved from /home/airflow/.local/lib/python3.7/site-packages/airflow/example_dags/example_trigger_target_dag.py
[2023-03-11T10:06:56.368+0000] {logging_mixin.py:120} INFO - [2023-03-11T10:06:56.368+0000] {dag.py:2585} INFO - Sync 1 DAGs
[2023-03-11T10:06:56.389+0000] {logging_mixin.py:120} INFO - [2023-03-11T10:06:56.388+0000] {dag.py:3340} INFO - Setting next_dagrun for example_trigger_target_dag to None, run_after=None
[2023-03-11T10:06:56.404+0000] {processor.py:176} INFO - Processing /home/airflow/.local/lib/python3.7/site-packages/airflow/example_dags/example_trigger_target_dag.py took 0.140 seconds
[2023-03-11T11:31:09.336+0000] {processor.py:154} INFO - Started process (PID=35709) to work on /home/airflow/.local/lib/python3.7/site-packages/airflow/example_dags/example_trigger_target_dag.py
[2023-03-11T11:31:09.342+0000] {processor.py:756} INFO - Processing file /home/airflow/.local/lib/python3.7/site-packages/airflow/example_dags/example_trigger_target_dag.py for tasks to queue
[2023-03-11T11:31:09.343+0000] {logging_mixin.py:120} INFO - [2023-03-11T11:31:09.343+0000] {dagbag.py:537} INFO - Filling up the DagBag from /home/airflow/.local/lib/python3.7/site-packages/airflow/example_dags/example_trigger_target_dag.py
[2023-03-11T11:31:09.369+0000] {processor.py:766} INFO - DAG(s) dict_keys(['example_trigger_target_dag']) retrieved from /home/airflow/.local/lib/python3.7/site-packages/airflow/example_dags/example_trigger_target_dag.py
[2023-03-11T11:31:09.425+0000] {logging_mixin.py:120} INFO - [2023-03-11T11:31:09.425+0000] {dag.py:2585} INFO - Sync 1 DAGs
[2023-03-11T11:31:09.445+0000] {logging_mixin.py:120} INFO - [2023-03-11T11:31:09.445+0000] {dag.py:3340} INFO - Setting next_dagrun for example_trigger_target_dag to None, run_after=None
[2023-03-11T11:31:09.462+0000] {processor.py:176} INFO - Processing /home/airflow/.local/lib/python3.7/site-packages/airflow/example_dags/example_trigger_target_dag.py took 0.131 seconds
[2023-03-11T12:37:39.456+0000] {processor.py:154} INFO - Started process (PID=35772) to work on /home/airflow/.local/lib/python3.7/site-packages/airflow/example_dags/example_trigger_target_dag.py
[2023-03-11T12:37:39.458+0000] {processor.py:756} INFO - Processing file /home/airflow/.local/lib/python3.7/site-packages/airflow/example_dags/example_trigger_target_dag.py for tasks to queue
[2023-03-11T12:37:39.459+0000] {logging_mixin.py:120} INFO - [2023-03-11T12:37:39.459+0000] {dagbag.py:537} INFO - Filling up the DagBag from /home/airflow/.local/lib/python3.7/site-packages/airflow/example_dags/example_trigger_target_dag.py
[2023-03-11T12:37:39.485+0000] {processor.py:766} INFO - DAG(s) dict_keys(['example_trigger_target_dag']) retrieved from /home/airflow/.local/lib/python3.7/site-packages/airflow/example_dags/example_trigger_target_dag.py
[2023-03-11T12:37:39.519+0000] {logging_mixin.py:120} INFO - [2023-03-11T12:37:39.519+0000] {dag.py:2585} INFO - Sync 1 DAGs
[2023-03-11T12:37:39.553+0000] {logging_mixin.py:120} INFO - [2023-03-11T12:37:39.553+0000] {dag.py:3340} INFO - Setting next_dagrun for example_trigger_target_dag to None, run_after=None
[2023-03-11T12:37:39.581+0000] {processor.py:176} INFO - Processing /home/airflow/.local/lib/python3.7/site-packages/airflow/example_dags/example_trigger_target_dag.py took 0.132 seconds
[2023-03-11T13:38:00.158+0000] {processor.py:154} INFO - Started process (PID=35826) to work on /home/airflow/.local/lib/python3.7/site-packages/airflow/example_dags/example_trigger_target_dag.py
[2023-03-11T13:38:00.162+0000] {processor.py:756} INFO - Processing file /home/airflow/.local/lib/python3.7/site-packages/airflow/example_dags/example_trigger_target_dag.py for tasks to queue
[2023-03-11T13:38:00.163+0000] {logging_mixin.py:120} INFO - [2023-03-11T13:38:00.163+0000] {dagbag.py:537} INFO - Filling up the DagBag from /home/airflow/.local/lib/python3.7/site-packages/airflow/example_dags/example_trigger_target_dag.py
[2023-03-11T13:38:00.188+0000] {processor.py:766} INFO - DAG(s) dict_keys(['example_trigger_target_dag']) retrieved from /home/airflow/.local/lib/python3.7/site-packages/airflow/example_dags/example_trigger_target_dag.py
[2023-03-11T13:38:00.235+0000] {logging_mixin.py:120} INFO - [2023-03-11T13:38:00.235+0000] {dag.py:2585} INFO - Sync 1 DAGs
[2023-03-11T13:38:00.266+0000] {logging_mixin.py:120} INFO - [2023-03-11T13:38:00.266+0000] {dag.py:3340} INFO - Setting next_dagrun for example_trigger_target_dag to None, run_after=None
[2023-03-11T13:38:00.282+0000] {processor.py:176} INFO - Processing /home/airflow/.local/lib/python3.7/site-packages/airflow/example_dags/example_trigger_target_dag.py took 0.127 seconds
[2023-03-11T14:47:58.248+0000] {processor.py:154} INFO - Started process (PID=35888) to work on /home/airflow/.local/lib/python3.7/site-packages/airflow/example_dags/example_trigger_target_dag.py
[2023-03-11T14:47:58.249+0000] {processor.py:756} INFO - Processing file /home/airflow/.local/lib/python3.7/site-packages/airflow/example_dags/example_trigger_target_dag.py for tasks to queue
[2023-03-11T14:47:58.250+0000] {logging_mixin.py:120} INFO - [2023-03-11T14:47:58.250+0000] {dagbag.py:537} INFO - Filling up the DagBag from /home/airflow/.local/lib/python3.7/site-packages/airflow/example_dags/example_trigger_target_dag.py
[2023-03-11T14:47:58.265+0000] {processor.py:766} INFO - DAG(s) dict_keys(['example_trigger_target_dag']) retrieved from /home/airflow/.local/lib/python3.7/site-packages/airflow/example_dags/example_trigger_target_dag.py
[2023-03-11T14:47:58.299+0000] {logging_mixin.py:120} INFO - [2023-03-11T14:47:58.299+0000] {dag.py:2585} INFO - Sync 1 DAGs
[2023-03-11T14:47:58.317+0000] {logging_mixin.py:120} INFO - [2023-03-11T14:47:58.316+0000] {dag.py:3340} INFO - Setting next_dagrun for example_trigger_target_dag to None, run_after=None
[2023-03-11T14:47:58.328+0000] {processor.py:176} INFO - Processing /home/airflow/.local/lib/python3.7/site-packages/airflow/example_dags/example_trigger_target_dag.py took 0.083 seconds
[2023-03-11T16:07:40.374+0000] {processor.py:154} INFO - Started process (PID=35951) to work on /home/airflow/.local/lib/python3.7/site-packages/airflow/example_dags/example_trigger_target_dag.py
[2023-03-11T16:07:40.381+0000] {processor.py:756} INFO - Processing file /home/airflow/.local/lib/python3.7/site-packages/airflow/example_dags/example_trigger_target_dag.py for tasks to queue
[2023-03-11T16:07:40.382+0000] {logging_mixin.py:120} INFO - [2023-03-11T16:07:40.382+0000] {dagbag.py:537} INFO - Filling up the DagBag from /home/airflow/.local/lib/python3.7/site-packages/airflow/example_dags/example_trigger_target_dag.py
[2023-03-11T16:07:40.416+0000] {processor.py:766} INFO - DAG(s) dict_keys(['example_trigger_target_dag']) retrieved from /home/airflow/.local/lib/python3.7/site-packages/airflow/example_dags/example_trigger_target_dag.py
[2023-03-11T16:07:40.480+0000] {logging_mixin.py:120} INFO - [2023-03-11T16:07:40.480+0000] {dag.py:2585} INFO - Sync 1 DAGs
[2023-03-11T16:07:40.505+0000] {logging_mixin.py:120} INFO - [2023-03-11T16:07:40.505+0000] {dag.py:3340} INFO - Setting next_dagrun for example_trigger_target_dag to None, run_after=None
[2023-03-11T16:07:40.521+0000] {processor.py:176} INFO - Processing /home/airflow/.local/lib/python3.7/site-packages/airflow/example_dags/example_trigger_target_dag.py took 0.149 seconds
[2023-03-11T17:14:05.332+0000] {processor.py:154} INFO - Started process (PID=36014) to work on /home/airflow/.local/lib/python3.7/site-packages/airflow/example_dags/example_trigger_target_dag.py
[2023-03-11T17:14:05.333+0000] {processor.py:756} INFO - Processing file /home/airflow/.local/lib/python3.7/site-packages/airflow/example_dags/example_trigger_target_dag.py for tasks to queue
[2023-03-11T17:14:05.335+0000] {logging_mixin.py:120} INFO - [2023-03-11T17:14:05.335+0000] {dagbag.py:537} INFO - Filling up the DagBag from /home/airflow/.local/lib/python3.7/site-packages/airflow/example_dags/example_trigger_target_dag.py
[2023-03-11T17:14:05.359+0000] {processor.py:766} INFO - DAG(s) dict_keys(['example_trigger_target_dag']) retrieved from /home/airflow/.local/lib/python3.7/site-packages/airflow/example_dags/example_trigger_target_dag.py
[2023-03-11T17:14:05.415+0000] {logging_mixin.py:120} INFO - [2023-03-11T17:14:05.415+0000] {dag.py:2585} INFO - Sync 1 DAGs
[2023-03-11T17:14:05.429+0000] {logging_mixin.py:120} INFO - [2023-03-11T17:14:05.429+0000] {dag.py:3340} INFO - Setting next_dagrun for example_trigger_target_dag to None, run_after=None
[2023-03-11T17:14:05.441+0000] {processor.py:176} INFO - Processing /home/airflow/.local/lib/python3.7/site-packages/airflow/example_dags/example_trigger_target_dag.py took 0.112 seconds
[2023-03-11T18:22:29.289+0000] {processor.py:154} INFO - Started process (PID=36068) to work on /home/airflow/.local/lib/python3.7/site-packages/airflow/example_dags/example_trigger_target_dag.py
[2023-03-11T18:22:29.291+0000] {processor.py:756} INFO - Processing file /home/airflow/.local/lib/python3.7/site-packages/airflow/example_dags/example_trigger_target_dag.py for tasks to queue
[2023-03-11T18:22:29.292+0000] {logging_mixin.py:120} INFO - [2023-03-11T18:22:29.291+0000] {dagbag.py:537} INFO - Filling up the DagBag from /home/airflow/.local/lib/python3.7/site-packages/airflow/example_dags/example_trigger_target_dag.py
[2023-03-11T18:22:29.325+0000] {processor.py:766} INFO - DAG(s) dict_keys(['example_trigger_target_dag']) retrieved from /home/airflow/.local/lib/python3.7/site-packages/airflow/example_dags/example_trigger_target_dag.py
[2023-03-11T18:22:29.382+0000] {logging_mixin.py:120} INFO - [2023-03-11T18:22:29.382+0000] {dag.py:2585} INFO - Sync 1 DAGs
[2023-03-11T18:22:29.407+0000] {logging_mixin.py:120} INFO - [2023-03-11T18:22:29.407+0000] {dag.py:3340} INFO - Setting next_dagrun for example_trigger_target_dag to None, run_after=None
[2023-03-11T18:22:29.425+0000] {processor.py:176} INFO - Processing /home/airflow/.local/lib/python3.7/site-packages/airflow/example_dags/example_trigger_target_dag.py took 0.143 seconds
[2023-03-11T19:27:35.473+0000] {processor.py:154} INFO - Started process (PID=36130) to work on /home/airflow/.local/lib/python3.7/site-packages/airflow/example_dags/example_trigger_target_dag.py
[2023-03-11T19:27:35.474+0000] {processor.py:756} INFO - Processing file /home/airflow/.local/lib/python3.7/site-packages/airflow/example_dags/example_trigger_target_dag.py for tasks to queue
[2023-03-11T19:27:35.475+0000] {logging_mixin.py:120} INFO - [2023-03-11T19:27:35.475+0000] {dagbag.py:537} INFO - Filling up the DagBag from /home/airflow/.local/lib/python3.7/site-packages/airflow/example_dags/example_trigger_target_dag.py
[2023-03-11T19:27:35.495+0000] {processor.py:766} INFO - DAG(s) dict_keys(['example_trigger_target_dag']) retrieved from /home/airflow/.local/lib/python3.7/site-packages/airflow/example_dags/example_trigger_target_dag.py
[2023-03-11T19:27:35.531+0000] {logging_mixin.py:120} INFO - [2023-03-11T19:27:35.531+0000] {dag.py:2585} INFO - Sync 1 DAGs
[2023-03-11T19:27:35.547+0000] {logging_mixin.py:120} INFO - [2023-03-11T19:27:35.547+0000] {dag.py:3340} INFO - Setting next_dagrun for example_trigger_target_dag to None, run_after=None
[2023-03-11T19:27:35.560+0000] {processor.py:176} INFO - Processing /home/airflow/.local/lib/python3.7/site-packages/airflow/example_dags/example_trigger_target_dag.py took 0.092 seconds
[2023-03-11T20:33:21.114+0000] {processor.py:154} INFO - Started process (PID=36193) to work on /home/airflow/.local/lib/python3.7/site-packages/airflow/example_dags/example_trigger_target_dag.py
[2023-03-11T20:33:21.116+0000] {processor.py:756} INFO - Processing file /home/airflow/.local/lib/python3.7/site-packages/airflow/example_dags/example_trigger_target_dag.py for tasks to queue
[2023-03-11T20:33:21.118+0000] {logging_mixin.py:120} INFO - [2023-03-11T20:33:21.118+0000] {dagbag.py:537} INFO - Filling up the DagBag from /home/airflow/.local/lib/python3.7/site-packages/airflow/example_dags/example_trigger_target_dag.py
[2023-03-11T20:33:21.141+0000] {processor.py:766} INFO - DAG(s) dict_keys(['example_trigger_target_dag']) retrieved from /home/airflow/.local/lib/python3.7/site-packages/airflow/example_dags/example_trigger_target_dag.py
[2023-03-11T20:33:21.177+0000] {logging_mixin.py:120} INFO - [2023-03-11T20:33:21.176+0000] {dag.py:2585} INFO - Sync 1 DAGs
[2023-03-11T20:33:21.202+0000] {logging_mixin.py:120} INFO - [2023-03-11T20:33:21.202+0000] {dag.py:3340} INFO - Setting next_dagrun for example_trigger_target_dag to None, run_after=None
[2023-03-11T20:33:21.236+0000] {processor.py:176} INFO - Processing /home/airflow/.local/lib/python3.7/site-packages/airflow/example_dags/example_trigger_target_dag.py took 0.124 seconds
[2023-03-11T21:49:20.231+0000] {processor.py:154} INFO - Started process (PID=36256) to work on /home/airflow/.local/lib/python3.7/site-packages/airflow/example_dags/example_trigger_target_dag.py
[2023-03-11T21:49:20.233+0000] {processor.py:756} INFO - Processing file /home/airflow/.local/lib/python3.7/site-packages/airflow/example_dags/example_trigger_target_dag.py for tasks to queue
[2023-03-11T21:49:20.233+0000] {logging_mixin.py:120} INFO - [2023-03-11T21:49:20.233+0000] {dagbag.py:537} INFO - Filling up the DagBag from /home/airflow/.local/lib/python3.7/site-packages/airflow/example_dags/example_trigger_target_dag.py
[2023-03-11T21:49:20.247+0000] {processor.py:766} INFO - DAG(s) dict_keys(['example_trigger_target_dag']) retrieved from /home/airflow/.local/lib/python3.7/site-packages/airflow/example_dags/example_trigger_target_dag.py
[2023-03-11T21:49:20.276+0000] {logging_mixin.py:120} INFO - [2023-03-11T21:49:20.276+0000] {dag.py:2585} INFO - Sync 1 DAGs
[2023-03-11T21:49:20.291+0000] {logging_mixin.py:120} INFO - [2023-03-11T21:49:20.291+0000] {dag.py:3340} INFO - Setting next_dagrun for example_trigger_target_dag to None, run_after=None
[2023-03-11T21:49:20.302+0000] {processor.py:176} INFO - Processing /home/airflow/.local/lib/python3.7/site-packages/airflow/example_dags/example_trigger_target_dag.py took 0.073 seconds
[2023-03-11T22:58:02.470+0000] {processor.py:154} INFO - Started process (PID=36319) to work on /home/airflow/.local/lib/python3.7/site-packages/airflow/example_dags/example_trigger_target_dag.py
[2023-03-11T22:58:02.472+0000] {processor.py:756} INFO - Processing file /home/airflow/.local/lib/python3.7/site-packages/airflow/example_dags/example_trigger_target_dag.py for tasks to queue
[2023-03-11T22:58:02.473+0000] {logging_mixin.py:120} INFO - [2023-03-11T22:58:02.473+0000] {dagbag.py:537} INFO - Filling up the DagBag from /home/airflow/.local/lib/python3.7/site-packages/airflow/example_dags/example_trigger_target_dag.py
[2023-03-11T22:58:02.509+0000] {processor.py:766} INFO - DAG(s) dict_keys(['example_trigger_target_dag']) retrieved from /home/airflow/.local/lib/python3.7/site-packages/airflow/example_dags/example_trigger_target_dag.py
[2023-03-11T22:58:02.558+0000] {logging_mixin.py:120} INFO - [2023-03-11T22:58:02.558+0000] {dag.py:2585} INFO - Sync 1 DAGs
[2023-03-11T22:58:02.578+0000] {logging_mixin.py:120} INFO - [2023-03-11T22:58:02.578+0000] {dag.py:3340} INFO - Setting next_dagrun for example_trigger_target_dag to None, run_after=None
[2023-03-11T22:58:02.599+0000] {processor.py:176} INFO - Processing /home/airflow/.local/lib/python3.7/site-packages/airflow/example_dags/example_trigger_target_dag.py took 0.141 seconds
