[2023-03-11T00:06:55.541+0000] {processor.py:154} INFO - Started process (PID=35107) to work on /home/airflow/.local/lib/python3.7/site-packages/airflow/example_dags/example_python_operator.py
[2023-03-11T00:06:55.546+0000] {processor.py:756} INFO - Processing file /home/airflow/.local/lib/python3.7/site-packages/airflow/example_dags/example_python_operator.py for tasks to queue
[2023-03-11T00:06:55.547+0000] {logging_mixin.py:120} INFO - [2023-03-11T00:06:55.547+0000] {dagbag.py:537} INFO - Filling up the DagBag from /home/airflow/.local/lib/python3.7/site-packages/airflow/example_dags/example_python_operator.py
[2023-03-11T00:06:55.563+0000] {logging_mixin.py:120} INFO - [2023-03-11T00:06:55.563+0000] {taskmixin.py:205} WARNING - Dependency <Task(_PythonDecoratedOperator): print_the_context>, log_sql_query already registered for DAG: example_python_operator
[2023-03-11T00:06:55.564+0000] {logging_mixin.py:120} INFO - [2023-03-11T00:06:55.564+0000] {taskmixin.py:205} WARNING - Dependency <Task(_PythonDecoratedOperator): log_sql_query>, print_the_context already registered for DAG: example_python_operator
[2023-03-11T00:06:55.564+0000] {logging_mixin.py:120} INFO - [2023-03-11T00:06:55.564+0000] {taskmixin.py:205} WARNING - Dependency <Task(_PythonDecoratedOperator): print_the_context>, log_sql_query already registered for DAG: example_python_operator
[2023-03-11T00:06:55.565+0000] {logging_mixin.py:120} INFO - [2023-03-11T00:06:55.565+0000] {taskmixin.py:205} WARNING - Dependency <Task(_PythonDecoratedOperator): log_sql_query>, print_the_context already registered for DAG: example_python_operator
[2023-03-11T00:06:55.565+0000] {logging_mixin.py:120} INFO - [2023-03-11T00:06:55.565+0000] {taskmixin.py:205} WARNING - Dependency <Task(_PythonDecoratedOperator): print_the_context>, log_sql_query already registered for DAG: example_python_operator
[2023-03-11T00:06:55.566+0000] {logging_mixin.py:120} INFO - [2023-03-11T00:06:55.566+0000] {taskmixin.py:205} WARNING - Dependency <Task(_PythonDecoratedOperator): log_sql_query>, print_the_context already registered for DAG: example_python_operator
[2023-03-11T00:06:55.566+0000] {logging_mixin.py:120} INFO - [2023-03-11T00:06:55.566+0000] {taskmixin.py:205} WARNING - Dependency <Task(_PythonDecoratedOperator): print_the_context>, log_sql_query already registered for DAG: example_python_operator
[2023-03-11T00:06:55.567+0000] {logging_mixin.py:120} INFO - [2023-03-11T00:06:55.567+0000] {taskmixin.py:205} WARNING - Dependency <Task(_PythonDecoratedOperator): log_sql_query>, print_the_context already registered for DAG: example_python_operator
[2023-03-11T00:06:55.572+0000] {processor.py:766} INFO - DAG(s) dict_keys(['example_python_operator']) retrieved from /home/airflow/.local/lib/python3.7/site-packages/airflow/example_dags/example_python_operator.py
[2023-03-11T00:06:55.620+0000] {logging_mixin.py:120} INFO - [2023-03-11T00:06:55.620+0000] {dag.py:2585} INFO - Sync 1 DAGs
[2023-03-11T00:06:55.643+0000] {logging_mixin.py:120} INFO - [2023-03-11T00:06:55.643+0000] {dag.py:3340} INFO - Setting next_dagrun for example_python_operator to None, run_after=None
[2023-03-11T00:06:55.662+0000] {processor.py:176} INFO - Processing /home/airflow/.local/lib/python3.7/site-packages/airflow/example_dags/example_python_operator.py took 0.124 seconds
[2023-03-11T01:13:27.121+0000] {processor.py:154} INFO - Started process (PID=35170) to work on /home/airflow/.local/lib/python3.7/site-packages/airflow/example_dags/example_python_operator.py
[2023-03-11T01:13:27.122+0000] {processor.py:756} INFO - Processing file /home/airflow/.local/lib/python3.7/site-packages/airflow/example_dags/example_python_operator.py for tasks to queue
[2023-03-11T01:13:27.122+0000] {logging_mixin.py:120} INFO - [2023-03-11T01:13:27.122+0000] {dagbag.py:537} INFO - Filling up the DagBag from /home/airflow/.local/lib/python3.7/site-packages/airflow/example_dags/example_python_operator.py
[2023-03-11T01:13:27.141+0000] {logging_mixin.py:120} INFO - [2023-03-11T01:13:27.141+0000] {taskmixin.py:205} WARNING - Dependency <Task(_PythonDecoratedOperator): print_the_context>, log_sql_query already registered for DAG: example_python_operator
[2023-03-11T01:13:27.142+0000] {logging_mixin.py:120} INFO - [2023-03-11T01:13:27.142+0000] {taskmixin.py:205} WARNING - Dependency <Task(_PythonDecoratedOperator): log_sql_query>, print_the_context already registered for DAG: example_python_operator
[2023-03-11T01:13:27.143+0000] {logging_mixin.py:120} INFO - [2023-03-11T01:13:27.143+0000] {taskmixin.py:205} WARNING - Dependency <Task(_PythonDecoratedOperator): print_the_context>, log_sql_query already registered for DAG: example_python_operator
[2023-03-11T01:13:27.143+0000] {logging_mixin.py:120} INFO - [2023-03-11T01:13:27.143+0000] {taskmixin.py:205} WARNING - Dependency <Task(_PythonDecoratedOperator): log_sql_query>, print_the_context already registered for DAG: example_python_operator
[2023-03-11T01:13:27.144+0000] {logging_mixin.py:120} INFO - [2023-03-11T01:13:27.144+0000] {taskmixin.py:205} WARNING - Dependency <Task(_PythonDecoratedOperator): print_the_context>, log_sql_query already registered for DAG: example_python_operator
[2023-03-11T01:13:27.144+0000] {logging_mixin.py:120} INFO - [2023-03-11T01:13:27.144+0000] {taskmixin.py:205} WARNING - Dependency <Task(_PythonDecoratedOperator): log_sql_query>, print_the_context already registered for DAG: example_python_operator
[2023-03-11T01:13:27.145+0000] {logging_mixin.py:120} INFO - [2023-03-11T01:13:27.145+0000] {taskmixin.py:205} WARNING - Dependency <Task(_PythonDecoratedOperator): print_the_context>, log_sql_query already registered for DAG: example_python_operator
[2023-03-11T01:13:27.145+0000] {logging_mixin.py:120} INFO - [2023-03-11T01:13:27.145+0000] {taskmixin.py:205} WARNING - Dependency <Task(_PythonDecoratedOperator): log_sql_query>, print_the_context already registered for DAG: example_python_operator
[2023-03-11T01:13:27.154+0000] {processor.py:766} INFO - DAG(s) dict_keys(['example_python_operator']) retrieved from /home/airflow/.local/lib/python3.7/site-packages/airflow/example_dags/example_python_operator.py
[2023-03-11T01:13:27.240+0000] {logging_mixin.py:120} INFO - [2023-03-11T01:13:27.240+0000] {dag.py:2585} INFO - Sync 1 DAGs
[2023-03-11T01:13:27.267+0000] {logging_mixin.py:120} INFO - [2023-03-11T01:13:27.267+0000] {dag.py:3340} INFO - Setting next_dagrun for example_python_operator to None, run_after=None
[2023-03-11T01:13:27.288+0000] {processor.py:176} INFO - Processing /home/airflow/.local/lib/python3.7/site-packages/airflow/example_dags/example_python_operator.py took 0.175 seconds
[2023-03-11T02:21:50.467+0000] {processor.py:154} INFO - Started process (PID=35234) to work on /home/airflow/.local/lib/python3.7/site-packages/airflow/example_dags/example_python_operator.py
[2023-03-11T02:21:50.469+0000] {processor.py:756} INFO - Processing file /home/airflow/.local/lib/python3.7/site-packages/airflow/example_dags/example_python_operator.py for tasks to queue
[2023-03-11T02:21:50.470+0000] {logging_mixin.py:120} INFO - [2023-03-11T02:21:50.470+0000] {dagbag.py:537} INFO - Filling up the DagBag from /home/airflow/.local/lib/python3.7/site-packages/airflow/example_dags/example_python_operator.py
[2023-03-11T02:21:50.482+0000] {logging_mixin.py:120} INFO - [2023-03-11T02:21:50.482+0000] {taskmixin.py:205} WARNING - Dependency <Task(_PythonDecoratedOperator): print_the_context>, log_sql_query already registered for DAG: example_python_operator
[2023-03-11T02:21:50.484+0000] {logging_mixin.py:120} INFO - [2023-03-11T02:21:50.484+0000] {taskmixin.py:205} WARNING - Dependency <Task(_PythonDecoratedOperator): log_sql_query>, print_the_context already registered for DAG: example_python_operator
[2023-03-11T02:21:50.488+0000] {logging_mixin.py:120} INFO - [2023-03-11T02:21:50.488+0000] {taskmixin.py:205} WARNING - Dependency <Task(_PythonDecoratedOperator): print_the_context>, log_sql_query already registered for DAG: example_python_operator
[2023-03-11T02:21:50.490+0000] {logging_mixin.py:120} INFO - [2023-03-11T02:21:50.490+0000] {taskmixin.py:205} WARNING - Dependency <Task(_PythonDecoratedOperator): log_sql_query>, print_the_context already registered for DAG: example_python_operator
[2023-03-11T02:21:50.494+0000] {logging_mixin.py:120} INFO - [2023-03-11T02:21:50.494+0000] {taskmixin.py:205} WARNING - Dependency <Task(_PythonDecoratedOperator): print_the_context>, log_sql_query already registered for DAG: example_python_operator
[2023-03-11T02:21:50.495+0000] {logging_mixin.py:120} INFO - [2023-03-11T02:21:50.495+0000] {taskmixin.py:205} WARNING - Dependency <Task(_PythonDecoratedOperator): log_sql_query>, print_the_context already registered for DAG: example_python_operator
[2023-03-11T02:21:50.496+0000] {logging_mixin.py:120} INFO - [2023-03-11T02:21:50.496+0000] {taskmixin.py:205} WARNING - Dependency <Task(_PythonDecoratedOperator): print_the_context>, log_sql_query already registered for DAG: example_python_operator
[2023-03-11T02:21:50.497+0000] {logging_mixin.py:120} INFO - [2023-03-11T02:21:50.497+0000] {taskmixin.py:205} WARNING - Dependency <Task(_PythonDecoratedOperator): log_sql_query>, print_the_context already registered for DAG: example_python_operator
[2023-03-11T02:21:50.512+0000] {processor.py:766} INFO - DAG(s) dict_keys(['example_python_operator']) retrieved from /home/airflow/.local/lib/python3.7/site-packages/airflow/example_dags/example_python_operator.py
[2023-03-11T02:21:50.564+0000] {logging_mixin.py:120} INFO - [2023-03-11T02:21:50.564+0000] {dag.py:2585} INFO - Sync 1 DAGs
[2023-03-11T02:21:50.583+0000] {logging_mixin.py:120} INFO - [2023-03-11T02:21:50.582+0000] {dag.py:3340} INFO - Setting next_dagrun for example_python_operator to None, run_after=None
[2023-03-11T02:21:50.603+0000] {processor.py:176} INFO - Processing /home/airflow/.local/lib/python3.7/site-packages/airflow/example_dags/example_python_operator.py took 0.139 seconds
[2023-03-11T03:28:22.129+0000] {processor.py:154} INFO - Started process (PID=35288) to work on /home/airflow/.local/lib/python3.7/site-packages/airflow/example_dags/example_python_operator.py
[2023-03-11T03:28:22.130+0000] {processor.py:756} INFO - Processing file /home/airflow/.local/lib/python3.7/site-packages/airflow/example_dags/example_python_operator.py for tasks to queue
[2023-03-11T03:28:22.131+0000] {logging_mixin.py:120} INFO - [2023-03-11T03:28:22.131+0000] {dagbag.py:537} INFO - Filling up the DagBag from /home/airflow/.local/lib/python3.7/site-packages/airflow/example_dags/example_python_operator.py
[2023-03-11T03:28:22.150+0000] {logging_mixin.py:120} INFO - [2023-03-11T03:28:22.149+0000] {taskmixin.py:205} WARNING - Dependency <Task(_PythonDecoratedOperator): print_the_context>, log_sql_query already registered for DAG: example_python_operator
[2023-03-11T03:28:22.150+0000] {logging_mixin.py:120} INFO - [2023-03-11T03:28:22.150+0000] {taskmixin.py:205} WARNING - Dependency <Task(_PythonDecoratedOperator): log_sql_query>, print_the_context already registered for DAG: example_python_operator
[2023-03-11T03:28:22.151+0000] {logging_mixin.py:120} INFO - [2023-03-11T03:28:22.151+0000] {taskmixin.py:205} WARNING - Dependency <Task(_PythonDecoratedOperator): print_the_context>, log_sql_query already registered for DAG: example_python_operator
[2023-03-11T03:28:22.152+0000] {logging_mixin.py:120} INFO - [2023-03-11T03:28:22.152+0000] {taskmixin.py:205} WARNING - Dependency <Task(_PythonDecoratedOperator): log_sql_query>, print_the_context already registered for DAG: example_python_operator
[2023-03-11T03:28:22.152+0000] {logging_mixin.py:120} INFO - [2023-03-11T03:28:22.152+0000] {taskmixin.py:205} WARNING - Dependency <Task(_PythonDecoratedOperator): print_the_context>, log_sql_query already registered for DAG: example_python_operator
[2023-03-11T03:28:22.153+0000] {logging_mixin.py:120} INFO - [2023-03-11T03:28:22.153+0000] {taskmixin.py:205} WARNING - Dependency <Task(_PythonDecoratedOperator): log_sql_query>, print_the_context already registered for DAG: example_python_operator
[2023-03-11T03:28:22.153+0000] {logging_mixin.py:120} INFO - [2023-03-11T03:28:22.153+0000] {taskmixin.py:205} WARNING - Dependency <Task(_PythonDecoratedOperator): print_the_context>, log_sql_query already registered for DAG: example_python_operator
[2023-03-11T03:28:22.154+0000] {logging_mixin.py:120} INFO - [2023-03-11T03:28:22.154+0000] {taskmixin.py:205} WARNING - Dependency <Task(_PythonDecoratedOperator): log_sql_query>, print_the_context already registered for DAG: example_python_operator
[2023-03-11T03:28:22.159+0000] {processor.py:766} INFO - DAG(s) dict_keys(['example_python_operator']) retrieved from /home/airflow/.local/lib/python3.7/site-packages/airflow/example_dags/example_python_operator.py
[2023-03-11T03:28:22.194+0000] {logging_mixin.py:120} INFO - [2023-03-11T03:28:22.194+0000] {dag.py:2585} INFO - Sync 1 DAGs
[2023-03-11T03:28:22.213+0000] {logging_mixin.py:120} INFO - [2023-03-11T03:28:22.213+0000] {dag.py:3340} INFO - Setting next_dagrun for example_python_operator to None, run_after=None
[2023-03-11T03:28:22.227+0000] {processor.py:176} INFO - Processing /home/airflow/.local/lib/python3.7/site-packages/airflow/example_dags/example_python_operator.py took 0.111 seconds
[2023-03-11T04:35:24.579+0000] {processor.py:154} INFO - Started process (PID=35352) to work on /home/airflow/.local/lib/python3.7/site-packages/airflow/example_dags/example_python_operator.py
[2023-03-11T04:35:24.581+0000] {processor.py:756} INFO - Processing file /home/airflow/.local/lib/python3.7/site-packages/airflow/example_dags/example_python_operator.py for tasks to queue
[2023-03-11T04:35:24.584+0000] {logging_mixin.py:120} INFO - [2023-03-11T04:35:24.584+0000] {dagbag.py:537} INFO - Filling up the DagBag from /home/airflow/.local/lib/python3.7/site-packages/airflow/example_dags/example_python_operator.py
[2023-03-11T04:35:24.606+0000] {logging_mixin.py:120} INFO - [2023-03-11T04:35:24.606+0000] {taskmixin.py:205} WARNING - Dependency <Task(_PythonDecoratedOperator): print_the_context>, log_sql_query already registered for DAG: example_python_operator
[2023-03-11T04:35:24.607+0000] {logging_mixin.py:120} INFO - [2023-03-11T04:35:24.607+0000] {taskmixin.py:205} WARNING - Dependency <Task(_PythonDecoratedOperator): log_sql_query>, print_the_context already registered for DAG: example_python_operator
[2023-03-11T04:35:24.608+0000] {logging_mixin.py:120} INFO - [2023-03-11T04:35:24.608+0000] {taskmixin.py:205} WARNING - Dependency <Task(_PythonDecoratedOperator): print_the_context>, log_sql_query already registered for DAG: example_python_operator
[2023-03-11T04:35:24.608+0000] {logging_mixin.py:120} INFO - [2023-03-11T04:35:24.608+0000] {taskmixin.py:205} WARNING - Dependency <Task(_PythonDecoratedOperator): log_sql_query>, print_the_context already registered for DAG: example_python_operator
[2023-03-11T04:35:24.609+0000] {logging_mixin.py:120} INFO - [2023-03-11T04:35:24.609+0000] {taskmixin.py:205} WARNING - Dependency <Task(_PythonDecoratedOperator): print_the_context>, log_sql_query already registered for DAG: example_python_operator
[2023-03-11T04:35:24.609+0000] {logging_mixin.py:120} INFO - [2023-03-11T04:35:24.609+0000] {taskmixin.py:205} WARNING - Dependency <Task(_PythonDecoratedOperator): log_sql_query>, print_the_context already registered for DAG: example_python_operator
[2023-03-11T04:35:24.610+0000] {logging_mixin.py:120} INFO - [2023-03-11T04:35:24.610+0000] {taskmixin.py:205} WARNING - Dependency <Task(_PythonDecoratedOperator): print_the_context>, log_sql_query already registered for DAG: example_python_operator
[2023-03-11T04:35:24.610+0000] {logging_mixin.py:120} INFO - [2023-03-11T04:35:24.610+0000] {taskmixin.py:205} WARNING - Dependency <Task(_PythonDecoratedOperator): log_sql_query>, print_the_context already registered for DAG: example_python_operator
[2023-03-11T04:35:24.622+0000] {processor.py:766} INFO - DAG(s) dict_keys(['example_python_operator']) retrieved from /home/airflow/.local/lib/python3.7/site-packages/airflow/example_dags/example_python_operator.py
[2023-03-11T04:35:24.672+0000] {logging_mixin.py:120} INFO - [2023-03-11T04:35:24.672+0000] {dag.py:2585} INFO - Sync 1 DAGs
[2023-03-11T04:35:24.695+0000] {logging_mixin.py:120} INFO - [2023-03-11T04:35:24.695+0000] {dag.py:3340} INFO - Setting next_dagrun for example_python_operator to None, run_after=None
[2023-03-11T04:35:24.713+0000] {processor.py:176} INFO - Processing /home/airflow/.local/lib/python3.7/site-packages/airflow/example_dags/example_python_operator.py took 0.138 seconds
[2023-03-11T05:41:14.448+0000] {processor.py:154} INFO - Started process (PID=35415) to work on /home/airflow/.local/lib/python3.7/site-packages/airflow/example_dags/example_python_operator.py
[2023-03-11T05:41:14.452+0000] {processor.py:756} INFO - Processing file /home/airflow/.local/lib/python3.7/site-packages/airflow/example_dags/example_python_operator.py for tasks to queue
[2023-03-11T05:41:14.453+0000] {logging_mixin.py:120} INFO - [2023-03-11T05:41:14.453+0000] {dagbag.py:537} INFO - Filling up the DagBag from /home/airflow/.local/lib/python3.7/site-packages/airflow/example_dags/example_python_operator.py
[2023-03-11T05:41:14.468+0000] {logging_mixin.py:120} INFO - [2023-03-11T05:41:14.468+0000] {taskmixin.py:205} WARNING - Dependency <Task(_PythonDecoratedOperator): print_the_context>, log_sql_query already registered for DAG: example_python_operator
[2023-03-11T05:41:14.470+0000] {logging_mixin.py:120} INFO - [2023-03-11T05:41:14.470+0000] {taskmixin.py:205} WARNING - Dependency <Task(_PythonDecoratedOperator): log_sql_query>, print_the_context already registered for DAG: example_python_operator
[2023-03-11T05:41:14.471+0000] {logging_mixin.py:120} INFO - [2023-03-11T05:41:14.471+0000] {taskmixin.py:205} WARNING - Dependency <Task(_PythonDecoratedOperator): print_the_context>, log_sql_query already registered for DAG: example_python_operator
[2023-03-11T05:41:14.471+0000] {logging_mixin.py:120} INFO - [2023-03-11T05:41:14.471+0000] {taskmixin.py:205} WARNING - Dependency <Task(_PythonDecoratedOperator): log_sql_query>, print_the_context already registered for DAG: example_python_operator
[2023-03-11T05:41:14.472+0000] {logging_mixin.py:120} INFO - [2023-03-11T05:41:14.472+0000] {taskmixin.py:205} WARNING - Dependency <Task(_PythonDecoratedOperator): print_the_context>, log_sql_query already registered for DAG: example_python_operator
[2023-03-11T05:41:14.473+0000] {logging_mixin.py:120} INFO - [2023-03-11T05:41:14.473+0000] {taskmixin.py:205} WARNING - Dependency <Task(_PythonDecoratedOperator): log_sql_query>, print_the_context already registered for DAG: example_python_operator
[2023-03-11T05:41:14.474+0000] {logging_mixin.py:120} INFO - [2023-03-11T05:41:14.474+0000] {taskmixin.py:205} WARNING - Dependency <Task(_PythonDecoratedOperator): print_the_context>, log_sql_query already registered for DAG: example_python_operator
[2023-03-11T05:41:14.474+0000] {logging_mixin.py:120} INFO - [2023-03-11T05:41:14.474+0000] {taskmixin.py:205} WARNING - Dependency <Task(_PythonDecoratedOperator): log_sql_query>, print_the_context already registered for DAG: example_python_operator
[2023-03-11T05:41:14.481+0000] {processor.py:766} INFO - DAG(s) dict_keys(['example_python_operator']) retrieved from /home/airflow/.local/lib/python3.7/site-packages/airflow/example_dags/example_python_operator.py
[2023-03-11T05:41:14.517+0000] {logging_mixin.py:120} INFO - [2023-03-11T05:41:14.517+0000] {dag.py:2585} INFO - Sync 1 DAGs
[2023-03-11T05:41:14.535+0000] {logging_mixin.py:120} INFO - [2023-03-11T05:41:14.535+0000] {dag.py:3340} INFO - Setting next_dagrun for example_python_operator to None, run_after=None
[2023-03-11T05:41:14.547+0000] {processor.py:176} INFO - Processing /home/airflow/.local/lib/python3.7/site-packages/airflow/example_dags/example_python_operator.py took 0.102 seconds
[2023-03-11T06:48:03.222+0000] {processor.py:154} INFO - Started process (PID=35478) to work on /home/airflow/.local/lib/python3.7/site-packages/airflow/example_dags/example_python_operator.py
[2023-03-11T06:48:03.224+0000] {processor.py:756} INFO - Processing file /home/airflow/.local/lib/python3.7/site-packages/airflow/example_dags/example_python_operator.py for tasks to queue
[2023-03-11T06:48:03.225+0000] {logging_mixin.py:120} INFO - [2023-03-11T06:48:03.225+0000] {dagbag.py:537} INFO - Filling up the DagBag from /home/airflow/.local/lib/python3.7/site-packages/airflow/example_dags/example_python_operator.py
[2023-03-11T06:48:03.247+0000] {logging_mixin.py:120} INFO - [2023-03-11T06:48:03.247+0000] {taskmixin.py:205} WARNING - Dependency <Task(_PythonDecoratedOperator): print_the_context>, log_sql_query already registered for DAG: example_python_operator
[2023-03-11T06:48:03.253+0000] {logging_mixin.py:120} INFO - [2023-03-11T06:48:03.253+0000] {taskmixin.py:205} WARNING - Dependency <Task(_PythonDecoratedOperator): log_sql_query>, print_the_context already registered for DAG: example_python_operator
[2023-03-11T06:48:03.254+0000] {logging_mixin.py:120} INFO - [2023-03-11T06:48:03.254+0000] {taskmixin.py:205} WARNING - Dependency <Task(_PythonDecoratedOperator): print_the_context>, log_sql_query already registered for DAG: example_python_operator
[2023-03-11T06:48:03.255+0000] {logging_mixin.py:120} INFO - [2023-03-11T06:48:03.255+0000] {taskmixin.py:205} WARNING - Dependency <Task(_PythonDecoratedOperator): log_sql_query>, print_the_context already registered for DAG: example_python_operator
[2023-03-11T06:48:03.255+0000] {logging_mixin.py:120} INFO - [2023-03-11T06:48:03.255+0000] {taskmixin.py:205} WARNING - Dependency <Task(_PythonDecoratedOperator): print_the_context>, log_sql_query already registered for DAG: example_python_operator
[2023-03-11T06:48:03.256+0000] {logging_mixin.py:120} INFO - [2023-03-11T06:48:03.256+0000] {taskmixin.py:205} WARNING - Dependency <Task(_PythonDecoratedOperator): log_sql_query>, print_the_context already registered for DAG: example_python_operator
[2023-03-11T06:48:03.256+0000] {logging_mixin.py:120} INFO - [2023-03-11T06:48:03.256+0000] {taskmixin.py:205} WARNING - Dependency <Task(_PythonDecoratedOperator): print_the_context>, log_sql_query already registered for DAG: example_python_operator
[2023-03-11T06:48:03.257+0000] {logging_mixin.py:120} INFO - [2023-03-11T06:48:03.257+0000] {taskmixin.py:205} WARNING - Dependency <Task(_PythonDecoratedOperator): log_sql_query>, print_the_context already registered for DAG: example_python_operator
[2023-03-11T06:48:03.263+0000] {processor.py:766} INFO - DAG(s) dict_keys(['example_python_operator']) retrieved from /home/airflow/.local/lib/python3.7/site-packages/airflow/example_dags/example_python_operator.py
[2023-03-11T06:48:03.327+0000] {logging_mixin.py:120} INFO - [2023-03-11T06:48:03.326+0000] {dag.py:2585} INFO - Sync 1 DAGs
[2023-03-11T06:48:03.349+0000] {logging_mixin.py:120} INFO - [2023-03-11T06:48:03.349+0000] {dag.py:3340} INFO - Setting next_dagrun for example_python_operator to None, run_after=None
[2023-03-11T06:48:03.368+0000] {processor.py:176} INFO - Processing /home/airflow/.local/lib/python3.7/site-packages/airflow/example_dags/example_python_operator.py took 0.162 seconds
[2023-03-11T07:54:06.726+0000] {processor.py:154} INFO - Started process (PID=35541) to work on /home/airflow/.local/lib/python3.7/site-packages/airflow/example_dags/example_python_operator.py
[2023-03-11T07:54:06.729+0000] {processor.py:756} INFO - Processing file /home/airflow/.local/lib/python3.7/site-packages/airflow/example_dags/example_python_operator.py for tasks to queue
[2023-03-11T07:54:06.735+0000] {logging_mixin.py:120} INFO - [2023-03-11T07:54:06.735+0000] {dagbag.py:537} INFO - Filling up the DagBag from /home/airflow/.local/lib/python3.7/site-packages/airflow/example_dags/example_python_operator.py
[2023-03-11T07:54:06.770+0000] {logging_mixin.py:120} INFO - [2023-03-11T07:54:06.770+0000] {taskmixin.py:205} WARNING - Dependency <Task(_PythonDecoratedOperator): print_the_context>, log_sql_query already registered for DAG: example_python_operator
[2023-03-11T07:54:06.771+0000] {logging_mixin.py:120} INFO - [2023-03-11T07:54:06.771+0000] {taskmixin.py:205} WARNING - Dependency <Task(_PythonDecoratedOperator): log_sql_query>, print_the_context already registered for DAG: example_python_operator
[2023-03-11T07:54:06.772+0000] {logging_mixin.py:120} INFO - [2023-03-11T07:54:06.772+0000] {taskmixin.py:205} WARNING - Dependency <Task(_PythonDecoratedOperator): print_the_context>, log_sql_query already registered for DAG: example_python_operator
[2023-03-11T07:54:06.773+0000] {logging_mixin.py:120} INFO - [2023-03-11T07:54:06.773+0000] {taskmixin.py:205} WARNING - Dependency <Task(_PythonDecoratedOperator): log_sql_query>, print_the_context already registered for DAG: example_python_operator
[2023-03-11T07:54:06.775+0000] {logging_mixin.py:120} INFO - [2023-03-11T07:54:06.775+0000] {taskmixin.py:205} WARNING - Dependency <Task(_PythonDecoratedOperator): print_the_context>, log_sql_query already registered for DAG: example_python_operator
[2023-03-11T07:54:06.775+0000] {logging_mixin.py:120} INFO - [2023-03-11T07:54:06.775+0000] {taskmixin.py:205} WARNING - Dependency <Task(_PythonDecoratedOperator): log_sql_query>, print_the_context already registered for DAG: example_python_operator
[2023-03-11T07:54:06.777+0000] {logging_mixin.py:120} INFO - [2023-03-11T07:54:06.777+0000] {taskmixin.py:205} WARNING - Dependency <Task(_PythonDecoratedOperator): print_the_context>, log_sql_query already registered for DAG: example_python_operator
[2023-03-11T07:54:06.777+0000] {logging_mixin.py:120} INFO - [2023-03-11T07:54:06.777+0000] {taskmixin.py:205} WARNING - Dependency <Task(_PythonDecoratedOperator): log_sql_query>, print_the_context already registered for DAG: example_python_operator
[2023-03-11T07:54:06.792+0000] {processor.py:766} INFO - DAG(s) dict_keys(['example_python_operator']) retrieved from /home/airflow/.local/lib/python3.7/site-packages/airflow/example_dags/example_python_operator.py
[2023-03-11T07:54:06.837+0000] {logging_mixin.py:120} INFO - [2023-03-11T07:54:06.837+0000] {dag.py:2585} INFO - Sync 1 DAGs
[2023-03-11T07:54:06.853+0000] {logging_mixin.py:120} INFO - [2023-03-11T07:54:06.853+0000] {dag.py:3340} INFO - Setting next_dagrun for example_python_operator to None, run_after=None
[2023-03-11T07:54:06.864+0000] {processor.py:176} INFO - Processing /home/airflow/.local/lib/python3.7/site-packages/airflow/example_dags/example_python_operator.py took 0.147 seconds
[2023-03-11T09:00:24.846+0000] {processor.py:154} INFO - Started process (PID=35595) to work on /home/airflow/.local/lib/python3.7/site-packages/airflow/example_dags/example_python_operator.py
[2023-03-11T09:00:24.847+0000] {processor.py:756} INFO - Processing file /home/airflow/.local/lib/python3.7/site-packages/airflow/example_dags/example_python_operator.py for tasks to queue
[2023-03-11T09:00:24.850+0000] {logging_mixin.py:120} INFO - [2023-03-11T09:00:24.850+0000] {dagbag.py:537} INFO - Filling up the DagBag from /home/airflow/.local/lib/python3.7/site-packages/airflow/example_dags/example_python_operator.py
[2023-03-11T09:00:24.866+0000] {logging_mixin.py:120} INFO - [2023-03-11T09:00:24.866+0000] {taskmixin.py:205} WARNING - Dependency <Task(_PythonDecoratedOperator): print_the_context>, log_sql_query already registered for DAG: example_python_operator
[2023-03-11T09:00:24.867+0000] {logging_mixin.py:120} INFO - [2023-03-11T09:00:24.867+0000] {taskmixin.py:205} WARNING - Dependency <Task(_PythonDecoratedOperator): log_sql_query>, print_the_context already registered for DAG: example_python_operator
[2023-03-11T09:00:24.867+0000] {logging_mixin.py:120} INFO - [2023-03-11T09:00:24.867+0000] {taskmixin.py:205} WARNING - Dependency <Task(_PythonDecoratedOperator): print_the_context>, log_sql_query already registered for DAG: example_python_operator
[2023-03-11T09:00:24.868+0000] {logging_mixin.py:120} INFO - [2023-03-11T09:00:24.868+0000] {taskmixin.py:205} WARNING - Dependency <Task(_PythonDecoratedOperator): log_sql_query>, print_the_context already registered for DAG: example_python_operator
[2023-03-11T09:00:24.868+0000] {logging_mixin.py:120} INFO - [2023-03-11T09:00:24.868+0000] {taskmixin.py:205} WARNING - Dependency <Task(_PythonDecoratedOperator): print_the_context>, log_sql_query already registered for DAG: example_python_operator
[2023-03-11T09:00:24.869+0000] {logging_mixin.py:120} INFO - [2023-03-11T09:00:24.869+0000] {taskmixin.py:205} WARNING - Dependency <Task(_PythonDecoratedOperator): log_sql_query>, print_the_context already registered for DAG: example_python_operator
[2023-03-11T09:00:24.870+0000] {logging_mixin.py:120} INFO - [2023-03-11T09:00:24.870+0000] {taskmixin.py:205} WARNING - Dependency <Task(_PythonDecoratedOperator): print_the_context>, log_sql_query already registered for DAG: example_python_operator
[2023-03-11T09:00:24.870+0000] {logging_mixin.py:120} INFO - [2023-03-11T09:00:24.870+0000] {taskmixin.py:205} WARNING - Dependency <Task(_PythonDecoratedOperator): log_sql_query>, print_the_context already registered for DAG: example_python_operator
[2023-03-11T09:00:24.875+0000] {processor.py:766} INFO - DAG(s) dict_keys(['example_python_operator']) retrieved from /home/airflow/.local/lib/python3.7/site-packages/airflow/example_dags/example_python_operator.py
[2023-03-11T09:00:24.925+0000] {logging_mixin.py:120} INFO - [2023-03-11T09:00:24.925+0000] {dag.py:2585} INFO - Sync 1 DAGs
[2023-03-11T09:00:24.946+0000] {logging_mixin.py:120} INFO - [2023-03-11T09:00:24.946+0000] {dag.py:3340} INFO - Setting next_dagrun for example_python_operator to None, run_after=None
[2023-03-11T09:00:24.968+0000] {processor.py:176} INFO - Processing /home/airflow/.local/lib/python3.7/site-packages/airflow/example_dags/example_python_operator.py took 0.125 seconds
[2023-03-11T10:06:57.257+0000] {processor.py:154} INFO - Started process (PID=35658) to work on /home/airflow/.local/lib/python3.7/site-packages/airflow/example_dags/example_python_operator.py
[2023-03-11T10:06:57.260+0000] {processor.py:756} INFO - Processing file /home/airflow/.local/lib/python3.7/site-packages/airflow/example_dags/example_python_operator.py for tasks to queue
[2023-03-11T10:06:57.261+0000] {logging_mixin.py:120} INFO - [2023-03-11T10:06:57.261+0000] {dagbag.py:537} INFO - Filling up the DagBag from /home/airflow/.local/lib/python3.7/site-packages/airflow/example_dags/example_python_operator.py
[2023-03-11T10:06:57.295+0000] {logging_mixin.py:120} INFO - [2023-03-11T10:06:57.294+0000] {taskmixin.py:205} WARNING - Dependency <Task(_PythonDecoratedOperator): print_the_context>, log_sql_query already registered for DAG: example_python_operator
[2023-03-11T10:06:57.301+0000] {logging_mixin.py:120} INFO - [2023-03-11T10:06:57.301+0000] {taskmixin.py:205} WARNING - Dependency <Task(_PythonDecoratedOperator): log_sql_query>, print_the_context already registered for DAG: example_python_operator
[2023-03-11T10:06:57.304+0000] {logging_mixin.py:120} INFO - [2023-03-11T10:06:57.304+0000] {taskmixin.py:205} WARNING - Dependency <Task(_PythonDecoratedOperator): print_the_context>, log_sql_query already registered for DAG: example_python_operator
[2023-03-11T10:06:57.305+0000] {logging_mixin.py:120} INFO - [2023-03-11T10:06:57.305+0000] {taskmixin.py:205} WARNING - Dependency <Task(_PythonDecoratedOperator): log_sql_query>, print_the_context already registered for DAG: example_python_operator
[2023-03-11T10:06:57.306+0000] {logging_mixin.py:120} INFO - [2023-03-11T10:06:57.306+0000] {taskmixin.py:205} WARNING - Dependency <Task(_PythonDecoratedOperator): print_the_context>, log_sql_query already registered for DAG: example_python_operator
[2023-03-11T10:06:57.309+0000] {logging_mixin.py:120} INFO - [2023-03-11T10:06:57.309+0000] {taskmixin.py:205} WARNING - Dependency <Task(_PythonDecoratedOperator): log_sql_query>, print_the_context already registered for DAG: example_python_operator
[2023-03-11T10:06:57.310+0000] {logging_mixin.py:120} INFO - [2023-03-11T10:06:57.310+0000] {taskmixin.py:205} WARNING - Dependency <Task(_PythonDecoratedOperator): print_the_context>, log_sql_query already registered for DAG: example_python_operator
[2023-03-11T10:06:57.310+0000] {logging_mixin.py:120} INFO - [2023-03-11T10:06:57.310+0000] {taskmixin.py:205} WARNING - Dependency <Task(_PythonDecoratedOperator): log_sql_query>, print_the_context already registered for DAG: example_python_operator
[2023-03-11T10:06:57.320+0000] {processor.py:766} INFO - DAG(s) dict_keys(['example_python_operator']) retrieved from /home/airflow/.local/lib/python3.7/site-packages/airflow/example_dags/example_python_operator.py
[2023-03-11T10:06:57.395+0000] {logging_mixin.py:120} INFO - [2023-03-11T10:06:57.394+0000] {dag.py:2585} INFO - Sync 1 DAGs
[2023-03-11T10:06:57.414+0000] {logging_mixin.py:120} INFO - [2023-03-11T10:06:57.414+0000] {dag.py:3340} INFO - Setting next_dagrun for example_python_operator to None, run_after=None
[2023-03-11T10:06:57.430+0000] {processor.py:176} INFO - Processing /home/airflow/.local/lib/python3.7/site-packages/airflow/example_dags/example_python_operator.py took 0.180 seconds
[2023-03-11T11:31:10.277+0000] {processor.py:154} INFO - Started process (PID=35721) to work on /home/airflow/.local/lib/python3.7/site-packages/airflow/example_dags/example_python_operator.py
[2023-03-11T11:31:10.281+0000] {processor.py:756} INFO - Processing file /home/airflow/.local/lib/python3.7/site-packages/airflow/example_dags/example_python_operator.py for tasks to queue
[2023-03-11T11:31:10.282+0000] {logging_mixin.py:120} INFO - [2023-03-11T11:31:10.282+0000] {dagbag.py:537} INFO - Filling up the DagBag from /home/airflow/.local/lib/python3.7/site-packages/airflow/example_dags/example_python_operator.py
[2023-03-11T11:31:10.300+0000] {logging_mixin.py:120} INFO - [2023-03-11T11:31:10.300+0000] {taskmixin.py:205} WARNING - Dependency <Task(_PythonDecoratedOperator): print_the_context>, log_sql_query already registered for DAG: example_python_operator
[2023-03-11T11:31:10.301+0000] {logging_mixin.py:120} INFO - [2023-03-11T11:31:10.301+0000] {taskmixin.py:205} WARNING - Dependency <Task(_PythonDecoratedOperator): log_sql_query>, print_the_context already registered for DAG: example_python_operator
[2023-03-11T11:31:10.302+0000] {logging_mixin.py:120} INFO - [2023-03-11T11:31:10.302+0000] {taskmixin.py:205} WARNING - Dependency <Task(_PythonDecoratedOperator): print_the_context>, log_sql_query already registered for DAG: example_python_operator
[2023-03-11T11:31:10.303+0000] {logging_mixin.py:120} INFO - [2023-03-11T11:31:10.303+0000] {taskmixin.py:205} WARNING - Dependency <Task(_PythonDecoratedOperator): log_sql_query>, print_the_context already registered for DAG: example_python_operator
[2023-03-11T11:31:10.304+0000] {logging_mixin.py:120} INFO - [2023-03-11T11:31:10.304+0000] {taskmixin.py:205} WARNING - Dependency <Task(_PythonDecoratedOperator): print_the_context>, log_sql_query already registered for DAG: example_python_operator
[2023-03-11T11:31:10.305+0000] {logging_mixin.py:120} INFO - [2023-03-11T11:31:10.305+0000] {taskmixin.py:205} WARNING - Dependency <Task(_PythonDecoratedOperator): log_sql_query>, print_the_context already registered for DAG: example_python_operator
[2023-03-11T11:31:10.306+0000] {logging_mixin.py:120} INFO - [2023-03-11T11:31:10.306+0000] {taskmixin.py:205} WARNING - Dependency <Task(_PythonDecoratedOperator): print_the_context>, log_sql_query already registered for DAG: example_python_operator
[2023-03-11T11:31:10.306+0000] {logging_mixin.py:120} INFO - [2023-03-11T11:31:10.306+0000] {taskmixin.py:205} WARNING - Dependency <Task(_PythonDecoratedOperator): log_sql_query>, print_the_context already registered for DAG: example_python_operator
[2023-03-11T11:31:10.312+0000] {processor.py:766} INFO - DAG(s) dict_keys(['example_python_operator']) retrieved from /home/airflow/.local/lib/python3.7/site-packages/airflow/example_dags/example_python_operator.py
[2023-03-11T11:31:10.347+0000] {logging_mixin.py:120} INFO - [2023-03-11T11:31:10.347+0000] {dag.py:2585} INFO - Sync 1 DAGs
[2023-03-11T11:31:10.370+0000] {logging_mixin.py:120} INFO - [2023-03-11T11:31:10.370+0000] {dag.py:3340} INFO - Setting next_dagrun for example_python_operator to None, run_after=None
[2023-03-11T11:31:10.382+0000] {processor.py:176} INFO - Processing /home/airflow/.local/lib/python3.7/site-packages/airflow/example_dags/example_python_operator.py took 0.108 seconds
[2023-03-11T12:37:40.440+0000] {processor.py:154} INFO - Started process (PID=35784) to work on /home/airflow/.local/lib/python3.7/site-packages/airflow/example_dags/example_python_operator.py
[2023-03-11T12:37:40.442+0000] {processor.py:756} INFO - Processing file /home/airflow/.local/lib/python3.7/site-packages/airflow/example_dags/example_python_operator.py for tasks to queue
[2023-03-11T12:37:40.442+0000] {logging_mixin.py:120} INFO - [2023-03-11T12:37:40.442+0000] {dagbag.py:537} INFO - Filling up the DagBag from /home/airflow/.local/lib/python3.7/site-packages/airflow/example_dags/example_python_operator.py
[2023-03-11T12:37:40.453+0000] {logging_mixin.py:120} INFO - [2023-03-11T12:37:40.453+0000] {taskmixin.py:205} WARNING - Dependency <Task(_PythonDecoratedOperator): print_the_context>, log_sql_query already registered for DAG: example_python_operator
[2023-03-11T12:37:40.472+0000] {logging_mixin.py:120} INFO - [2023-03-11T12:37:40.472+0000] {taskmixin.py:205} WARNING - Dependency <Task(_PythonDecoratedOperator): log_sql_query>, print_the_context already registered for DAG: example_python_operator
[2023-03-11T12:37:40.473+0000] {logging_mixin.py:120} INFO - [2023-03-11T12:37:40.473+0000] {taskmixin.py:205} WARNING - Dependency <Task(_PythonDecoratedOperator): print_the_context>, log_sql_query already registered for DAG: example_python_operator
[2023-03-11T12:37:40.473+0000] {logging_mixin.py:120} INFO - [2023-03-11T12:37:40.473+0000] {taskmixin.py:205} WARNING - Dependency <Task(_PythonDecoratedOperator): log_sql_query>, print_the_context already registered for DAG: example_python_operator
[2023-03-11T12:37:40.474+0000] {logging_mixin.py:120} INFO - [2023-03-11T12:37:40.474+0000] {taskmixin.py:205} WARNING - Dependency <Task(_PythonDecoratedOperator): print_the_context>, log_sql_query already registered for DAG: example_python_operator
[2023-03-11T12:37:40.474+0000] {logging_mixin.py:120} INFO - [2023-03-11T12:37:40.474+0000] {taskmixin.py:205} WARNING - Dependency <Task(_PythonDecoratedOperator): log_sql_query>, print_the_context already registered for DAG: example_python_operator
[2023-03-11T12:37:40.475+0000] {logging_mixin.py:120} INFO - [2023-03-11T12:37:40.475+0000] {taskmixin.py:205} WARNING - Dependency <Task(_PythonDecoratedOperator): print_the_context>, log_sql_query already registered for DAG: example_python_operator
[2023-03-11T12:37:40.475+0000] {logging_mixin.py:120} INFO - [2023-03-11T12:37:40.475+0000] {taskmixin.py:205} WARNING - Dependency <Task(_PythonDecoratedOperator): log_sql_query>, print_the_context already registered for DAG: example_python_operator
[2023-03-11T12:37:40.480+0000] {processor.py:766} INFO - DAG(s) dict_keys(['example_python_operator']) retrieved from /home/airflow/.local/lib/python3.7/site-packages/airflow/example_dags/example_python_operator.py
[2023-03-11T12:37:40.530+0000] {logging_mixin.py:120} INFO - [2023-03-11T12:37:40.530+0000] {dag.py:2585} INFO - Sync 1 DAGs
[2023-03-11T12:37:40.550+0000] {logging_mixin.py:120} INFO - [2023-03-11T12:37:40.550+0000] {dag.py:3340} INFO - Setting next_dagrun for example_python_operator to None, run_after=None
[2023-03-11T12:37:40.566+0000] {processor.py:176} INFO - Processing /home/airflow/.local/lib/python3.7/site-packages/airflow/example_dags/example_python_operator.py took 0.132 seconds
[2023-03-11T13:38:01.124+0000] {processor.py:154} INFO - Started process (PID=35838) to work on /home/airflow/.local/lib/python3.7/site-packages/airflow/example_dags/example_python_operator.py
[2023-03-11T13:38:01.126+0000] {processor.py:756} INFO - Processing file /home/airflow/.local/lib/python3.7/site-packages/airflow/example_dags/example_python_operator.py for tasks to queue
[2023-03-11T13:38:01.127+0000] {logging_mixin.py:120} INFO - [2023-03-11T13:38:01.127+0000] {dagbag.py:537} INFO - Filling up the DagBag from /home/airflow/.local/lib/python3.7/site-packages/airflow/example_dags/example_python_operator.py
[2023-03-11T13:38:01.142+0000] {logging_mixin.py:120} INFO - [2023-03-11T13:38:01.142+0000] {taskmixin.py:205} WARNING - Dependency <Task(_PythonDecoratedOperator): print_the_context>, log_sql_query already registered for DAG: example_python_operator
[2023-03-11T13:38:01.144+0000] {logging_mixin.py:120} INFO - [2023-03-11T13:38:01.144+0000] {taskmixin.py:205} WARNING - Dependency <Task(_PythonDecoratedOperator): log_sql_query>, print_the_context already registered for DAG: example_python_operator
[2023-03-11T13:38:01.150+0000] {logging_mixin.py:120} INFO - [2023-03-11T13:38:01.150+0000] {taskmixin.py:205} WARNING - Dependency <Task(_PythonDecoratedOperator): print_the_context>, log_sql_query already registered for DAG: example_python_operator
[2023-03-11T13:38:01.150+0000] {logging_mixin.py:120} INFO - [2023-03-11T13:38:01.150+0000] {taskmixin.py:205} WARNING - Dependency <Task(_PythonDecoratedOperator): log_sql_query>, print_the_context already registered for DAG: example_python_operator
[2023-03-11T13:38:01.154+0000] {logging_mixin.py:120} INFO - [2023-03-11T13:38:01.154+0000] {taskmixin.py:205} WARNING - Dependency <Task(_PythonDecoratedOperator): print_the_context>, log_sql_query already registered for DAG: example_python_operator
[2023-03-11T13:38:01.156+0000] {logging_mixin.py:120} INFO - [2023-03-11T13:38:01.156+0000] {taskmixin.py:205} WARNING - Dependency <Task(_PythonDecoratedOperator): log_sql_query>, print_the_context already registered for DAG: example_python_operator
[2023-03-11T13:38:01.161+0000] {logging_mixin.py:120} INFO - [2023-03-11T13:38:01.161+0000] {taskmixin.py:205} WARNING - Dependency <Task(_PythonDecoratedOperator): print_the_context>, log_sql_query already registered for DAG: example_python_operator
[2023-03-11T13:38:01.167+0000] {logging_mixin.py:120} INFO - [2023-03-11T13:38:01.166+0000] {taskmixin.py:205} WARNING - Dependency <Task(_PythonDecoratedOperator): log_sql_query>, print_the_context already registered for DAG: example_python_operator
[2023-03-11T13:38:01.176+0000] {processor.py:766} INFO - DAG(s) dict_keys(['example_python_operator']) retrieved from /home/airflow/.local/lib/python3.7/site-packages/airflow/example_dags/example_python_operator.py
[2023-03-11T13:38:01.237+0000] {logging_mixin.py:120} INFO - [2023-03-11T13:38:01.237+0000] {dag.py:2585} INFO - Sync 1 DAGs
[2023-03-11T13:38:01.256+0000] {logging_mixin.py:120} INFO - [2023-03-11T13:38:01.256+0000] {dag.py:3340} INFO - Setting next_dagrun for example_python_operator to None, run_after=None
[2023-03-11T13:38:01.283+0000] {processor.py:176} INFO - Processing /home/airflow/.local/lib/python3.7/site-packages/airflow/example_dags/example_python_operator.py took 0.161 seconds
[2023-03-11T14:47:59.234+0000] {processor.py:154} INFO - Started process (PID=35900) to work on /home/airflow/.local/lib/python3.7/site-packages/airflow/example_dags/example_python_operator.py
[2023-03-11T14:47:59.236+0000] {processor.py:756} INFO - Processing file /home/airflow/.local/lib/python3.7/site-packages/airflow/example_dags/example_python_operator.py for tasks to queue
[2023-03-11T14:47:59.236+0000] {logging_mixin.py:120} INFO - [2023-03-11T14:47:59.236+0000] {dagbag.py:537} INFO - Filling up the DagBag from /home/airflow/.local/lib/python3.7/site-packages/airflow/example_dags/example_python_operator.py
[2023-03-11T14:47:59.249+0000] {logging_mixin.py:120} INFO - [2023-03-11T14:47:59.248+0000] {taskmixin.py:205} WARNING - Dependency <Task(_PythonDecoratedOperator): print_the_context>, log_sql_query already registered for DAG: example_python_operator
[2023-03-11T14:47:59.249+0000] {logging_mixin.py:120} INFO - [2023-03-11T14:47:59.249+0000] {taskmixin.py:205} WARNING - Dependency <Task(_PythonDecoratedOperator): log_sql_query>, print_the_context already registered for DAG: example_python_operator
[2023-03-11T14:47:59.250+0000] {logging_mixin.py:120} INFO - [2023-03-11T14:47:59.250+0000] {taskmixin.py:205} WARNING - Dependency <Task(_PythonDecoratedOperator): print_the_context>, log_sql_query already registered for DAG: example_python_operator
[2023-03-11T14:47:59.251+0000] {logging_mixin.py:120} INFO - [2023-03-11T14:47:59.251+0000] {taskmixin.py:205} WARNING - Dependency <Task(_PythonDecoratedOperator): log_sql_query>, print_the_context already registered for DAG: example_python_operator
[2023-03-11T14:47:59.252+0000] {logging_mixin.py:120} INFO - [2023-03-11T14:47:59.252+0000] {taskmixin.py:205} WARNING - Dependency <Task(_PythonDecoratedOperator): print_the_context>, log_sql_query already registered for DAG: example_python_operator
[2023-03-11T14:47:59.254+0000] {logging_mixin.py:120} INFO - [2023-03-11T14:47:59.253+0000] {taskmixin.py:205} WARNING - Dependency <Task(_PythonDecoratedOperator): log_sql_query>, print_the_context already registered for DAG: example_python_operator
[2023-03-11T14:47:59.254+0000] {logging_mixin.py:120} INFO - [2023-03-11T14:47:59.254+0000] {taskmixin.py:205} WARNING - Dependency <Task(_PythonDecoratedOperator): print_the_context>, log_sql_query already registered for DAG: example_python_operator
[2023-03-11T14:47:59.255+0000] {logging_mixin.py:120} INFO - [2023-03-11T14:47:59.255+0000] {taskmixin.py:205} WARNING - Dependency <Task(_PythonDecoratedOperator): log_sql_query>, print_the_context already registered for DAG: example_python_operator
[2023-03-11T14:47:59.260+0000] {processor.py:766} INFO - DAG(s) dict_keys(['example_python_operator']) retrieved from /home/airflow/.local/lib/python3.7/site-packages/airflow/example_dags/example_python_operator.py
[2023-03-11T14:47:59.302+0000] {logging_mixin.py:120} INFO - [2023-03-11T14:47:59.302+0000] {dag.py:2585} INFO - Sync 1 DAGs
[2023-03-11T14:47:59.325+0000] {logging_mixin.py:120} INFO - [2023-03-11T14:47:59.325+0000] {dag.py:3340} INFO - Setting next_dagrun for example_python_operator to None, run_after=None
[2023-03-11T14:47:59.339+0000] {processor.py:176} INFO - Processing /home/airflow/.local/lib/python3.7/site-packages/airflow/example_dags/example_python_operator.py took 0.107 seconds
[2023-03-11T16:07:41.374+0000] {processor.py:154} INFO - Started process (PID=35963) to work on /home/airflow/.local/lib/python3.7/site-packages/airflow/example_dags/example_python_operator.py
[2023-03-11T16:07:41.378+0000] {processor.py:756} INFO - Processing file /home/airflow/.local/lib/python3.7/site-packages/airflow/example_dags/example_python_operator.py for tasks to queue
[2023-03-11T16:07:41.379+0000] {logging_mixin.py:120} INFO - [2023-03-11T16:07:41.379+0000] {dagbag.py:537} INFO - Filling up the DagBag from /home/airflow/.local/lib/python3.7/site-packages/airflow/example_dags/example_python_operator.py
[2023-03-11T16:07:41.393+0000] {logging_mixin.py:120} INFO - [2023-03-11T16:07:41.393+0000] {taskmixin.py:205} WARNING - Dependency <Task(_PythonDecoratedOperator): print_the_context>, log_sql_query already registered for DAG: example_python_operator
[2023-03-11T16:07:41.394+0000] {logging_mixin.py:120} INFO - [2023-03-11T16:07:41.394+0000] {taskmixin.py:205} WARNING - Dependency <Task(_PythonDecoratedOperator): log_sql_query>, print_the_context already registered for DAG: example_python_operator
[2023-03-11T16:07:41.395+0000] {logging_mixin.py:120} INFO - [2023-03-11T16:07:41.395+0000] {taskmixin.py:205} WARNING - Dependency <Task(_PythonDecoratedOperator): print_the_context>, log_sql_query already registered for DAG: example_python_operator
[2023-03-11T16:07:41.395+0000] {logging_mixin.py:120} INFO - [2023-03-11T16:07:41.395+0000] {taskmixin.py:205} WARNING - Dependency <Task(_PythonDecoratedOperator): log_sql_query>, print_the_context already registered for DAG: example_python_operator
[2023-03-11T16:07:41.396+0000] {logging_mixin.py:120} INFO - [2023-03-11T16:07:41.396+0000] {taskmixin.py:205} WARNING - Dependency <Task(_PythonDecoratedOperator): print_the_context>, log_sql_query already registered for DAG: example_python_operator
[2023-03-11T16:07:41.396+0000] {logging_mixin.py:120} INFO - [2023-03-11T16:07:41.396+0000] {taskmixin.py:205} WARNING - Dependency <Task(_PythonDecoratedOperator): log_sql_query>, print_the_context already registered for DAG: example_python_operator
[2023-03-11T16:07:41.397+0000] {logging_mixin.py:120} INFO - [2023-03-11T16:07:41.397+0000] {taskmixin.py:205} WARNING - Dependency <Task(_PythonDecoratedOperator): print_the_context>, log_sql_query already registered for DAG: example_python_operator
[2023-03-11T16:07:41.397+0000] {logging_mixin.py:120} INFO - [2023-03-11T16:07:41.397+0000] {taskmixin.py:205} WARNING - Dependency <Task(_PythonDecoratedOperator): log_sql_query>, print_the_context already registered for DAG: example_python_operator
[2023-03-11T16:07:41.403+0000] {processor.py:766} INFO - DAG(s) dict_keys(['example_python_operator']) retrieved from /home/airflow/.local/lib/python3.7/site-packages/airflow/example_dags/example_python_operator.py
[2023-03-11T16:07:41.458+0000] {logging_mixin.py:120} INFO - [2023-03-11T16:07:41.458+0000] {dag.py:2585} INFO - Sync 1 DAGs
[2023-03-11T16:07:41.476+0000] {logging_mixin.py:120} INFO - [2023-03-11T16:07:41.476+0000] {dag.py:3340} INFO - Setting next_dagrun for example_python_operator to None, run_after=None
[2023-03-11T16:07:41.487+0000] {processor.py:176} INFO - Processing /home/airflow/.local/lib/python3.7/site-packages/airflow/example_dags/example_python_operator.py took 0.117 seconds
[2023-03-11T17:14:06.212+0000] {processor.py:154} INFO - Started process (PID=36026) to work on /home/airflow/.local/lib/python3.7/site-packages/airflow/example_dags/example_python_operator.py
[2023-03-11T17:14:06.213+0000] {processor.py:756} INFO - Processing file /home/airflow/.local/lib/python3.7/site-packages/airflow/example_dags/example_python_operator.py for tasks to queue
[2023-03-11T17:14:06.214+0000] {logging_mixin.py:120} INFO - [2023-03-11T17:14:06.214+0000] {dagbag.py:537} INFO - Filling up the DagBag from /home/airflow/.local/lib/python3.7/site-packages/airflow/example_dags/example_python_operator.py
[2023-03-11T17:14:06.227+0000] {logging_mixin.py:120} INFO - [2023-03-11T17:14:06.227+0000] {taskmixin.py:205} WARNING - Dependency <Task(_PythonDecoratedOperator): print_the_context>, log_sql_query already registered for DAG: example_python_operator
[2023-03-11T17:14:06.228+0000] {logging_mixin.py:120} INFO - [2023-03-11T17:14:06.228+0000] {taskmixin.py:205} WARNING - Dependency <Task(_PythonDecoratedOperator): log_sql_query>, print_the_context already registered for DAG: example_python_operator
[2023-03-11T17:14:06.229+0000] {logging_mixin.py:120} INFO - [2023-03-11T17:14:06.229+0000] {taskmixin.py:205} WARNING - Dependency <Task(_PythonDecoratedOperator): print_the_context>, log_sql_query already registered for DAG: example_python_operator
[2023-03-11T17:14:06.229+0000] {logging_mixin.py:120} INFO - [2023-03-11T17:14:06.229+0000] {taskmixin.py:205} WARNING - Dependency <Task(_PythonDecoratedOperator): log_sql_query>, print_the_context already registered for DAG: example_python_operator
[2023-03-11T17:14:06.231+0000] {logging_mixin.py:120} INFO - [2023-03-11T17:14:06.231+0000] {taskmixin.py:205} WARNING - Dependency <Task(_PythonDecoratedOperator): print_the_context>, log_sql_query already registered for DAG: example_python_operator
[2023-03-11T17:14:06.232+0000] {logging_mixin.py:120} INFO - [2023-03-11T17:14:06.232+0000] {taskmixin.py:205} WARNING - Dependency <Task(_PythonDecoratedOperator): log_sql_query>, print_the_context already registered for DAG: example_python_operator
[2023-03-11T17:14:06.239+0000] {logging_mixin.py:120} INFO - [2023-03-11T17:14:06.239+0000] {taskmixin.py:205} WARNING - Dependency <Task(_PythonDecoratedOperator): print_the_context>, log_sql_query already registered for DAG: example_python_operator
[2023-03-11T17:14:06.241+0000] {logging_mixin.py:120} INFO - [2023-03-11T17:14:06.241+0000] {taskmixin.py:205} WARNING - Dependency <Task(_PythonDecoratedOperator): log_sql_query>, print_the_context already registered for DAG: example_python_operator
[2023-03-11T17:14:06.252+0000] {processor.py:766} INFO - DAG(s) dict_keys(['example_python_operator']) retrieved from /home/airflow/.local/lib/python3.7/site-packages/airflow/example_dags/example_python_operator.py
[2023-03-11T17:14:06.303+0000] {logging_mixin.py:120} INFO - [2023-03-11T17:14:06.303+0000] {dag.py:2585} INFO - Sync 1 DAGs
[2023-03-11T17:14:06.328+0000] {logging_mixin.py:120} INFO - [2023-03-11T17:14:06.328+0000] {dag.py:3340} INFO - Setting next_dagrun for example_python_operator to None, run_after=None
[2023-03-11T17:14:06.350+0000] {processor.py:176} INFO - Processing /home/airflow/.local/lib/python3.7/site-packages/airflow/example_dags/example_python_operator.py took 0.142 seconds
[2023-03-11T18:22:30.538+0000] {processor.py:154} INFO - Started process (PID=36088) to work on /home/airflow/.local/lib/python3.7/site-packages/airflow/example_dags/example_python_operator.py
[2023-03-11T18:22:30.539+0000] {processor.py:756} INFO - Processing file /home/airflow/.local/lib/python3.7/site-packages/airflow/example_dags/example_python_operator.py for tasks to queue
[2023-03-11T18:22:30.541+0000] {logging_mixin.py:120} INFO - [2023-03-11T18:22:30.541+0000] {dagbag.py:537} INFO - Filling up the DagBag from /home/airflow/.local/lib/python3.7/site-packages/airflow/example_dags/example_python_operator.py
[2023-03-11T18:22:30.563+0000] {logging_mixin.py:120} INFO - [2023-03-11T18:22:30.562+0000] {taskmixin.py:205} WARNING - Dependency <Task(_PythonDecoratedOperator): print_the_context>, log_sql_query already registered for DAG: example_python_operator
[2023-03-11T18:22:30.563+0000] {logging_mixin.py:120} INFO - [2023-03-11T18:22:30.563+0000] {taskmixin.py:205} WARNING - Dependency <Task(_PythonDecoratedOperator): log_sql_query>, print_the_context already registered for DAG: example_python_operator
[2023-03-11T18:22:30.564+0000] {logging_mixin.py:120} INFO - [2023-03-11T18:22:30.564+0000] {taskmixin.py:205} WARNING - Dependency <Task(_PythonDecoratedOperator): print_the_context>, log_sql_query already registered for DAG: example_python_operator
[2023-03-11T18:22:30.564+0000] {logging_mixin.py:120} INFO - [2023-03-11T18:22:30.564+0000] {taskmixin.py:205} WARNING - Dependency <Task(_PythonDecoratedOperator): log_sql_query>, print_the_context already registered for DAG: example_python_operator
[2023-03-11T18:22:30.565+0000] {logging_mixin.py:120} INFO - [2023-03-11T18:22:30.565+0000] {taskmixin.py:205} WARNING - Dependency <Task(_PythonDecoratedOperator): print_the_context>, log_sql_query already registered for DAG: example_python_operator
[2023-03-11T18:22:30.565+0000] {logging_mixin.py:120} INFO - [2023-03-11T18:22:30.565+0000] {taskmixin.py:205} WARNING - Dependency <Task(_PythonDecoratedOperator): log_sql_query>, print_the_context already registered for DAG: example_python_operator
[2023-03-11T18:22:30.566+0000] {logging_mixin.py:120} INFO - [2023-03-11T18:22:30.566+0000] {taskmixin.py:205} WARNING - Dependency <Task(_PythonDecoratedOperator): print_the_context>, log_sql_query already registered for DAG: example_python_operator
[2023-03-11T18:22:30.566+0000] {logging_mixin.py:120} INFO - [2023-03-11T18:22:30.566+0000] {taskmixin.py:205} WARNING - Dependency <Task(_PythonDecoratedOperator): log_sql_query>, print_the_context already registered for DAG: example_python_operator
[2023-03-11T18:22:30.574+0000] {processor.py:766} INFO - DAG(s) dict_keys(['example_python_operator']) retrieved from /home/airflow/.local/lib/python3.7/site-packages/airflow/example_dags/example_python_operator.py
[2023-03-11T18:22:30.638+0000] {logging_mixin.py:120} INFO - [2023-03-11T18:22:30.638+0000] {dag.py:2585} INFO - Sync 1 DAGs
[2023-03-11T18:22:30.686+0000] {logging_mixin.py:120} INFO - [2023-03-11T18:22:30.686+0000] {dag.py:3340} INFO - Setting next_dagrun for example_python_operator to None, run_after=None
[2023-03-11T18:22:30.701+0000] {processor.py:176} INFO - Processing /home/airflow/.local/lib/python3.7/site-packages/airflow/example_dags/example_python_operator.py took 0.166 seconds
[2023-03-11T19:27:36.447+0000] {processor.py:154} INFO - Started process (PID=36142) to work on /home/airflow/.local/lib/python3.7/site-packages/airflow/example_dags/example_python_operator.py
[2023-03-11T19:27:36.448+0000] {processor.py:756} INFO - Processing file /home/airflow/.local/lib/python3.7/site-packages/airflow/example_dags/example_python_operator.py for tasks to queue
[2023-03-11T19:27:36.449+0000] {logging_mixin.py:120} INFO - [2023-03-11T19:27:36.449+0000] {dagbag.py:537} INFO - Filling up the DagBag from /home/airflow/.local/lib/python3.7/site-packages/airflow/example_dags/example_python_operator.py
[2023-03-11T19:27:36.461+0000] {logging_mixin.py:120} INFO - [2023-03-11T19:27:36.461+0000] {taskmixin.py:205} WARNING - Dependency <Task(_PythonDecoratedOperator): print_the_context>, log_sql_query already registered for DAG: example_python_operator
[2023-03-11T19:27:36.462+0000] {logging_mixin.py:120} INFO - [2023-03-11T19:27:36.462+0000] {taskmixin.py:205} WARNING - Dependency <Task(_PythonDecoratedOperator): log_sql_query>, print_the_context already registered for DAG: example_python_operator
[2023-03-11T19:27:36.463+0000] {logging_mixin.py:120} INFO - [2023-03-11T19:27:36.463+0000] {taskmixin.py:205} WARNING - Dependency <Task(_PythonDecoratedOperator): print_the_context>, log_sql_query already registered for DAG: example_python_operator
[2023-03-11T19:27:36.464+0000] {logging_mixin.py:120} INFO - [2023-03-11T19:27:36.464+0000] {taskmixin.py:205} WARNING - Dependency <Task(_PythonDecoratedOperator): log_sql_query>, print_the_context already registered for DAG: example_python_operator
[2023-03-11T19:27:36.466+0000] {logging_mixin.py:120} INFO - [2023-03-11T19:27:36.465+0000] {taskmixin.py:205} WARNING - Dependency <Task(_PythonDecoratedOperator): print_the_context>, log_sql_query already registered for DAG: example_python_operator
[2023-03-11T19:27:36.466+0000] {logging_mixin.py:120} INFO - [2023-03-11T19:27:36.466+0000] {taskmixin.py:205} WARNING - Dependency <Task(_PythonDecoratedOperator): log_sql_query>, print_the_context already registered for DAG: example_python_operator
[2023-03-11T19:27:36.467+0000] {logging_mixin.py:120} INFO - [2023-03-11T19:27:36.467+0000] {taskmixin.py:205} WARNING - Dependency <Task(_PythonDecoratedOperator): print_the_context>, log_sql_query already registered for DAG: example_python_operator
[2023-03-11T19:27:36.468+0000] {logging_mixin.py:120} INFO - [2023-03-11T19:27:36.468+0000] {taskmixin.py:205} WARNING - Dependency <Task(_PythonDecoratedOperator): log_sql_query>, print_the_context already registered for DAG: example_python_operator
[2023-03-11T19:27:36.474+0000] {processor.py:766} INFO - DAG(s) dict_keys(['example_python_operator']) retrieved from /home/airflow/.local/lib/python3.7/site-packages/airflow/example_dags/example_python_operator.py
[2023-03-11T19:27:36.509+0000] {logging_mixin.py:120} INFO - [2023-03-11T19:27:36.509+0000] {dag.py:2585} INFO - Sync 1 DAGs
[2023-03-11T19:27:36.526+0000] {logging_mixin.py:120} INFO - [2023-03-11T19:27:36.526+0000] {dag.py:3340} INFO - Setting next_dagrun for example_python_operator to None, run_after=None
[2023-03-11T19:27:36.543+0000] {processor.py:176} INFO - Processing /home/airflow/.local/lib/python3.7/site-packages/airflow/example_dags/example_python_operator.py took 0.099 seconds
[2023-03-11T20:33:22.080+0000] {processor.py:154} INFO - Started process (PID=36205) to work on /home/airflow/.local/lib/python3.7/site-packages/airflow/example_dags/example_python_operator.py
[2023-03-11T20:33:22.080+0000] {processor.py:756} INFO - Processing file /home/airflow/.local/lib/python3.7/site-packages/airflow/example_dags/example_python_operator.py for tasks to queue
[2023-03-11T20:33:22.081+0000] {logging_mixin.py:120} INFO - [2023-03-11T20:33:22.081+0000] {dagbag.py:537} INFO - Filling up the DagBag from /home/airflow/.local/lib/python3.7/site-packages/airflow/example_dags/example_python_operator.py
[2023-03-11T20:33:22.104+0000] {logging_mixin.py:120} INFO - [2023-03-11T20:33:22.104+0000] {taskmixin.py:205} WARNING - Dependency <Task(_PythonDecoratedOperator): print_the_context>, log_sql_query already registered for DAG: example_python_operator
[2023-03-11T20:33:22.113+0000] {logging_mixin.py:120} INFO - [2023-03-11T20:33:22.113+0000] {taskmixin.py:205} WARNING - Dependency <Task(_PythonDecoratedOperator): log_sql_query>, print_the_context already registered for DAG: example_python_operator
[2023-03-11T20:33:22.114+0000] {logging_mixin.py:120} INFO - [2023-03-11T20:33:22.114+0000] {taskmixin.py:205} WARNING - Dependency <Task(_PythonDecoratedOperator): print_the_context>, log_sql_query already registered for DAG: example_python_operator
[2023-03-11T20:33:22.115+0000] {logging_mixin.py:120} INFO - [2023-03-11T20:33:22.115+0000] {taskmixin.py:205} WARNING - Dependency <Task(_PythonDecoratedOperator): log_sql_query>, print_the_context already registered for DAG: example_python_operator
[2023-03-11T20:33:22.116+0000] {logging_mixin.py:120} INFO - [2023-03-11T20:33:22.116+0000] {taskmixin.py:205} WARNING - Dependency <Task(_PythonDecoratedOperator): print_the_context>, log_sql_query already registered for DAG: example_python_operator
[2023-03-11T20:33:22.117+0000] {logging_mixin.py:120} INFO - [2023-03-11T20:33:22.117+0000] {taskmixin.py:205} WARNING - Dependency <Task(_PythonDecoratedOperator): log_sql_query>, print_the_context already registered for DAG: example_python_operator
[2023-03-11T20:33:22.118+0000] {logging_mixin.py:120} INFO - [2023-03-11T20:33:22.118+0000] {taskmixin.py:205} WARNING - Dependency <Task(_PythonDecoratedOperator): print_the_context>, log_sql_query already registered for DAG: example_python_operator
[2023-03-11T20:33:22.119+0000] {logging_mixin.py:120} INFO - [2023-03-11T20:33:22.119+0000] {taskmixin.py:205} WARNING - Dependency <Task(_PythonDecoratedOperator): log_sql_query>, print_the_context already registered for DAG: example_python_operator
[2023-03-11T20:33:22.126+0000] {processor.py:766} INFO - DAG(s) dict_keys(['example_python_operator']) retrieved from /home/airflow/.local/lib/python3.7/site-packages/airflow/example_dags/example_python_operator.py
[2023-03-11T20:33:22.164+0000] {logging_mixin.py:120} INFO - [2023-03-11T20:33:22.164+0000] {dag.py:2585} INFO - Sync 1 DAGs
[2023-03-11T20:33:22.179+0000] {logging_mixin.py:120} INFO - [2023-03-11T20:33:22.179+0000] {dag.py:3340} INFO - Setting next_dagrun for example_python_operator to None, run_after=None
[2023-03-11T20:33:22.190+0000] {processor.py:176} INFO - Processing /home/airflow/.local/lib/python3.7/site-packages/airflow/example_dags/example_python_operator.py took 0.116 seconds
[2023-03-11T21:49:21.064+0000] {processor.py:154} INFO - Started process (PID=36268) to work on /home/airflow/.local/lib/python3.7/site-packages/airflow/example_dags/example_python_operator.py
[2023-03-11T21:49:21.066+0000] {processor.py:756} INFO - Processing file /home/airflow/.local/lib/python3.7/site-packages/airflow/example_dags/example_python_operator.py for tasks to queue
[2023-03-11T21:49:21.067+0000] {logging_mixin.py:120} INFO - [2023-03-11T21:49:21.067+0000] {dagbag.py:537} INFO - Filling up the DagBag from /home/airflow/.local/lib/python3.7/site-packages/airflow/example_dags/example_python_operator.py
[2023-03-11T21:49:21.089+0000] {logging_mixin.py:120} INFO - [2023-03-11T21:49:21.089+0000] {taskmixin.py:205} WARNING - Dependency <Task(_PythonDecoratedOperator): print_the_context>, log_sql_query already registered for DAG: example_python_operator
[2023-03-11T21:49:21.090+0000] {logging_mixin.py:120} INFO - [2023-03-11T21:49:21.090+0000] {taskmixin.py:205} WARNING - Dependency <Task(_PythonDecoratedOperator): log_sql_query>, print_the_context already registered for DAG: example_python_operator
[2023-03-11T21:49:21.091+0000] {logging_mixin.py:120} INFO - [2023-03-11T21:49:21.091+0000] {taskmixin.py:205} WARNING - Dependency <Task(_PythonDecoratedOperator): print_the_context>, log_sql_query already registered for DAG: example_python_operator
[2023-03-11T21:49:21.091+0000] {logging_mixin.py:120} INFO - [2023-03-11T21:49:21.091+0000] {taskmixin.py:205} WARNING - Dependency <Task(_PythonDecoratedOperator): log_sql_query>, print_the_context already registered for DAG: example_python_operator
[2023-03-11T21:49:21.092+0000] {logging_mixin.py:120} INFO - [2023-03-11T21:49:21.092+0000] {taskmixin.py:205} WARNING - Dependency <Task(_PythonDecoratedOperator): print_the_context>, log_sql_query already registered for DAG: example_python_operator
[2023-03-11T21:49:21.093+0000] {logging_mixin.py:120} INFO - [2023-03-11T21:49:21.092+0000] {taskmixin.py:205} WARNING - Dependency <Task(_PythonDecoratedOperator): log_sql_query>, print_the_context already registered for DAG: example_python_operator
[2023-03-11T21:49:21.094+0000] {logging_mixin.py:120} INFO - [2023-03-11T21:49:21.093+0000] {taskmixin.py:205} WARNING - Dependency <Task(_PythonDecoratedOperator): print_the_context>, log_sql_query already registered for DAG: example_python_operator
[2023-03-11T21:49:21.094+0000] {logging_mixin.py:120} INFO - [2023-03-11T21:49:21.094+0000] {taskmixin.py:205} WARNING - Dependency <Task(_PythonDecoratedOperator): log_sql_query>, print_the_context already registered for DAG: example_python_operator
[2023-03-11T21:49:21.104+0000] {processor.py:766} INFO - DAG(s) dict_keys(['example_python_operator']) retrieved from /home/airflow/.local/lib/python3.7/site-packages/airflow/example_dags/example_python_operator.py
[2023-03-11T21:49:21.164+0000] {logging_mixin.py:120} INFO - [2023-03-11T21:49:21.164+0000] {dag.py:2585} INFO - Sync 1 DAGs
[2023-03-11T21:49:21.194+0000] {logging_mixin.py:120} INFO - [2023-03-11T21:49:21.194+0000] {dag.py:3340} INFO - Setting next_dagrun for example_python_operator to None, run_after=None
[2023-03-11T21:49:21.209+0000] {processor.py:176} INFO - Processing /home/airflow/.local/lib/python3.7/site-packages/airflow/example_dags/example_python_operator.py took 0.153 seconds
[2023-03-11T22:58:03.391+0000] {processor.py:154} INFO - Started process (PID=36331) to work on /home/airflow/.local/lib/python3.7/site-packages/airflow/example_dags/example_python_operator.py
[2023-03-11T22:58:03.392+0000] {processor.py:756} INFO - Processing file /home/airflow/.local/lib/python3.7/site-packages/airflow/example_dags/example_python_operator.py for tasks to queue
[2023-03-11T22:58:03.394+0000] {logging_mixin.py:120} INFO - [2023-03-11T22:58:03.394+0000] {dagbag.py:537} INFO - Filling up the DagBag from /home/airflow/.local/lib/python3.7/site-packages/airflow/example_dags/example_python_operator.py
[2023-03-11T22:58:03.415+0000] {logging_mixin.py:120} INFO - [2023-03-11T22:58:03.415+0000] {taskmixin.py:205} WARNING - Dependency <Task(_PythonDecoratedOperator): print_the_context>, log_sql_query already registered for DAG: example_python_operator
[2023-03-11T22:58:03.416+0000] {logging_mixin.py:120} INFO - [2023-03-11T22:58:03.416+0000] {taskmixin.py:205} WARNING - Dependency <Task(_PythonDecoratedOperator): log_sql_query>, print_the_context already registered for DAG: example_python_operator
[2023-03-11T22:58:03.417+0000] {logging_mixin.py:120} INFO - [2023-03-11T22:58:03.417+0000] {taskmixin.py:205} WARNING - Dependency <Task(_PythonDecoratedOperator): print_the_context>, log_sql_query already registered for DAG: example_python_operator
[2023-03-11T22:58:03.417+0000] {logging_mixin.py:120} INFO - [2023-03-11T22:58:03.417+0000] {taskmixin.py:205} WARNING - Dependency <Task(_PythonDecoratedOperator): log_sql_query>, print_the_context already registered for DAG: example_python_operator
[2023-03-11T22:58:03.418+0000] {logging_mixin.py:120} INFO - [2023-03-11T22:58:03.418+0000] {taskmixin.py:205} WARNING - Dependency <Task(_PythonDecoratedOperator): print_the_context>, log_sql_query already registered for DAG: example_python_operator
[2023-03-11T22:58:03.418+0000] {logging_mixin.py:120} INFO - [2023-03-11T22:58:03.418+0000] {taskmixin.py:205} WARNING - Dependency <Task(_PythonDecoratedOperator): log_sql_query>, print_the_context already registered for DAG: example_python_operator
[2023-03-11T22:58:03.419+0000] {logging_mixin.py:120} INFO - [2023-03-11T22:58:03.419+0000] {taskmixin.py:205} WARNING - Dependency <Task(_PythonDecoratedOperator): print_the_context>, log_sql_query already registered for DAG: example_python_operator
[2023-03-11T22:58:03.419+0000] {logging_mixin.py:120} INFO - [2023-03-11T22:58:03.419+0000] {taskmixin.py:205} WARNING - Dependency <Task(_PythonDecoratedOperator): log_sql_query>, print_the_context already registered for DAG: example_python_operator
[2023-03-11T22:58:03.425+0000] {processor.py:766} INFO - DAG(s) dict_keys(['example_python_operator']) retrieved from /home/airflow/.local/lib/python3.7/site-packages/airflow/example_dags/example_python_operator.py
[2023-03-11T22:58:03.478+0000] {logging_mixin.py:120} INFO - [2023-03-11T22:58:03.478+0000] {dag.py:2585} INFO - Sync 1 DAGs
[2023-03-11T22:58:03.497+0000] {logging_mixin.py:120} INFO - [2023-03-11T22:58:03.497+0000] {dag.py:3340} INFO - Setting next_dagrun for example_python_operator to None, run_after=None
[2023-03-11T22:58:03.523+0000] {processor.py:176} INFO - Processing /home/airflow/.local/lib/python3.7/site-packages/airflow/example_dags/example_python_operator.py took 0.136 seconds
