[2023-03-11T00:06:54.112+0000] {processor.py:154} INFO - Started process (PID=35092) to work on /home/airflow/.local/lib/python3.7/site-packages/airflow/example_dags/example_datasets.py
[2023-03-11T00:06:54.117+0000] {processor.py:756} INFO - Processing file /home/airflow/.local/lib/python3.7/site-packages/airflow/example_dags/example_datasets.py for tasks to queue
[2023-03-11T00:06:54.118+0000] {logging_mixin.py:120} INFO - [2023-03-11T00:06:54.118+0000] {dagbag.py:537} INFO - Filling up the DagBag from /home/airflow/.local/lib/python3.7/site-packages/airflow/example_dags/example_datasets.py
[2023-03-11T00:06:54.142+0000] {processor.py:766} INFO - DAG(s) dict_keys(['dataset_produces_1', 'dataset_produces_2', 'dataset_consumes_1_and_2', 'dataset_consumes_1', 'dataset_consumes_unknown_never_scheduled', 'dataset_consumes_1_never_scheduled']) retrieved from /home/airflow/.local/lib/python3.7/site-packages/airflow/example_dags/example_datasets.py
[2023-03-11T00:06:54.224+0000] {logging_mixin.py:120} INFO - [2023-03-11T00:06:54.224+0000] {dag.py:2585} INFO - Sync 6 DAGs
[2023-03-11T00:06:54.248+0000] {logging_mixin.py:120} INFO - [2023-03-11T00:06:54.248+0000] {dag.py:3340} INFO - Setting next_dagrun for dataset_consumes_1 to None, run_after=None
[2023-03-11T00:06:54.251+0000] {logging_mixin.py:120} INFO - [2023-03-11T00:06:54.250+0000] {dag.py:3340} INFO - Setting next_dagrun for dataset_consumes_1_and_2 to None, run_after=None
[2023-03-11T00:06:54.254+0000] {logging_mixin.py:120} INFO - [2023-03-11T00:06:54.254+0000] {dag.py:3340} INFO - Setting next_dagrun for dataset_consumes_1_never_scheduled to None, run_after=None
[2023-03-11T00:06:54.255+0000] {logging_mixin.py:120} INFO - [2023-03-11T00:06:54.255+0000] {dag.py:3340} INFO - Setting next_dagrun for dataset_consumes_unknown_never_scheduled to None, run_after=None
[2023-03-11T00:06:54.257+0000] {logging_mixin.py:120} INFO - [2023-03-11T00:06:54.257+0000] {dag.py:3340} INFO - Setting next_dagrun for dataset_produces_1 to 2023-03-10T00:00:00+00:00, run_after=2023-03-11T00:00:00+00:00
[2023-03-11T00:06:54.259+0000] {logging_mixin.py:120} INFO - [2023-03-11T00:06:54.258+0000] {dag.py:3340} INFO - Setting next_dagrun for dataset_produces_2 to None, run_after=None
[2023-03-11T00:06:54.289+0000] {processor.py:176} INFO - Processing /home/airflow/.local/lib/python3.7/site-packages/airflow/example_dags/example_datasets.py took 0.181 seconds
[2023-03-11T01:13:26.107+0000] {processor.py:154} INFO - Started process (PID=35155) to work on /home/airflow/.local/lib/python3.7/site-packages/airflow/example_dags/example_datasets.py
[2023-03-11T01:13:26.108+0000] {processor.py:756} INFO - Processing file /home/airflow/.local/lib/python3.7/site-packages/airflow/example_dags/example_datasets.py for tasks to queue
[2023-03-11T01:13:26.109+0000] {logging_mixin.py:120} INFO - [2023-03-11T01:13:26.109+0000] {dagbag.py:537} INFO - Filling up the DagBag from /home/airflow/.local/lib/python3.7/site-packages/airflow/example_dags/example_datasets.py
[2023-03-11T01:13:26.120+0000] {processor.py:766} INFO - DAG(s) dict_keys(['dataset_produces_1', 'dataset_produces_2', 'dataset_consumes_unknown_never_scheduled', 'dataset_consumes_1_and_2', 'dataset_consumes_1', 'dataset_consumes_1_never_scheduled']) retrieved from /home/airflow/.local/lib/python3.7/site-packages/airflow/example_dags/example_datasets.py
[2023-03-11T01:13:26.155+0000] {logging_mixin.py:120} INFO - [2023-03-11T01:13:26.155+0000] {dag.py:2585} INFO - Sync 6 DAGs
[2023-03-11T01:13:26.170+0000] {logging_mixin.py:120} INFO - [2023-03-11T01:13:26.170+0000] {dag.py:3340} INFO - Setting next_dagrun for dataset_consumes_1 to None, run_after=None
[2023-03-11T01:13:26.172+0000] {logging_mixin.py:120} INFO - [2023-03-11T01:13:26.172+0000] {dag.py:3340} INFO - Setting next_dagrun for dataset_consumes_1_and_2 to None, run_after=None
[2023-03-11T01:13:26.173+0000] {logging_mixin.py:120} INFO - [2023-03-11T01:13:26.173+0000] {dag.py:3340} INFO - Setting next_dagrun for dataset_consumes_1_never_scheduled to None, run_after=None
[2023-03-11T01:13:26.174+0000] {logging_mixin.py:120} INFO - [2023-03-11T01:13:26.174+0000] {dag.py:3340} INFO - Setting next_dagrun for dataset_consumes_unknown_never_scheduled to None, run_after=None
[2023-03-11T01:13:26.177+0000] {logging_mixin.py:120} INFO - [2023-03-11T01:13:26.177+0000] {dag.py:3340} INFO - Setting next_dagrun for dataset_produces_1 to 2023-03-10T00:00:00+00:00, run_after=2023-03-11T00:00:00+00:00
[2023-03-11T01:13:26.178+0000] {logging_mixin.py:120} INFO - [2023-03-11T01:13:26.178+0000] {dag.py:3340} INFO - Setting next_dagrun for dataset_produces_2 to None, run_after=None
[2023-03-11T01:13:26.191+0000] {processor.py:176} INFO - Processing /home/airflow/.local/lib/python3.7/site-packages/airflow/example_dags/example_datasets.py took 0.087 seconds
[2023-03-11T02:21:49.106+0000] {processor.py:154} INFO - Started process (PID=35219) to work on /home/airflow/.local/lib/python3.7/site-packages/airflow/example_dags/example_datasets.py
[2023-03-11T02:21:49.108+0000] {processor.py:756} INFO - Processing file /home/airflow/.local/lib/python3.7/site-packages/airflow/example_dags/example_datasets.py for tasks to queue
[2023-03-11T02:21:49.109+0000] {logging_mixin.py:120} INFO - [2023-03-11T02:21:49.109+0000] {dagbag.py:537} INFO - Filling up the DagBag from /home/airflow/.local/lib/python3.7/site-packages/airflow/example_dags/example_datasets.py
[2023-03-11T02:21:49.136+0000] {processor.py:766} INFO - DAG(s) dict_keys(['dataset_consumes_1_never_scheduled', 'dataset_produces_1', 'dataset_consumes_1_and_2', 'dataset_produces_2', 'dataset_consumes_1', 'dataset_consumes_unknown_never_scheduled']) retrieved from /home/airflow/.local/lib/python3.7/site-packages/airflow/example_dags/example_datasets.py
[2023-03-11T02:21:49.220+0000] {logging_mixin.py:120} INFO - [2023-03-11T02:21:49.219+0000] {dag.py:2585} INFO - Sync 6 DAGs
[2023-03-11T02:21:49.261+0000] {logging_mixin.py:120} INFO - [2023-03-11T02:21:49.261+0000] {dag.py:3340} INFO - Setting next_dagrun for dataset_consumes_1 to None, run_after=None
[2023-03-11T02:21:49.269+0000] {logging_mixin.py:120} INFO - [2023-03-11T02:21:49.269+0000] {dag.py:3340} INFO - Setting next_dagrun for dataset_consumes_1_and_2 to None, run_after=None
[2023-03-11T02:21:49.270+0000] {logging_mixin.py:120} INFO - [2023-03-11T02:21:49.270+0000] {dag.py:3340} INFO - Setting next_dagrun for dataset_consumes_1_never_scheduled to None, run_after=None
[2023-03-11T02:21:49.272+0000] {logging_mixin.py:120} INFO - [2023-03-11T02:21:49.271+0000] {dag.py:3340} INFO - Setting next_dagrun for dataset_consumes_unknown_never_scheduled to None, run_after=None
[2023-03-11T02:21:49.277+0000] {logging_mixin.py:120} INFO - [2023-03-11T02:21:49.277+0000] {dag.py:3340} INFO - Setting next_dagrun for dataset_produces_1 to 2023-03-10T00:00:00+00:00, run_after=2023-03-11T00:00:00+00:00
[2023-03-11T02:21:49.282+0000] {logging_mixin.py:120} INFO - [2023-03-11T02:21:49.282+0000] {dag.py:3340} INFO - Setting next_dagrun for dataset_produces_2 to None, run_after=None
[2023-03-11T02:21:49.323+0000] {processor.py:176} INFO - Processing /home/airflow/.local/lib/python3.7/site-packages/airflow/example_dags/example_datasets.py took 0.224 seconds
[2023-03-11T03:28:20.489+0000] {processor.py:154} INFO - Started process (PID=35273) to work on /home/airflow/.local/lib/python3.7/site-packages/airflow/example_dags/example_datasets.py
[2023-03-11T03:28:20.490+0000] {processor.py:756} INFO - Processing file /home/airflow/.local/lib/python3.7/site-packages/airflow/example_dags/example_datasets.py for tasks to queue
[2023-03-11T03:28:20.491+0000] {logging_mixin.py:120} INFO - [2023-03-11T03:28:20.491+0000] {dagbag.py:537} INFO - Filling up the DagBag from /home/airflow/.local/lib/python3.7/site-packages/airflow/example_dags/example_datasets.py
[2023-03-11T03:28:20.502+0000] {processor.py:766} INFO - DAG(s) dict_keys(['dataset_produces_2', 'dataset_consumes_1_and_2', 'dataset_consumes_1', 'dataset_produces_1', 'dataset_consumes_unknown_never_scheduled', 'dataset_consumes_1_never_scheduled']) retrieved from /home/airflow/.local/lib/python3.7/site-packages/airflow/example_dags/example_datasets.py
[2023-03-11T03:28:20.536+0000] {logging_mixin.py:120} INFO - [2023-03-11T03:28:20.536+0000] {dag.py:2585} INFO - Sync 6 DAGs
[2023-03-11T03:28:20.552+0000] {logging_mixin.py:120} INFO - [2023-03-11T03:28:20.552+0000] {dag.py:3340} INFO - Setting next_dagrun for dataset_consumes_1 to None, run_after=None
[2023-03-11T03:28:20.555+0000] {logging_mixin.py:120} INFO - [2023-03-11T03:28:20.555+0000] {dag.py:3340} INFO - Setting next_dagrun for dataset_consumes_1_and_2 to None, run_after=None
[2023-03-11T03:28:20.556+0000] {logging_mixin.py:120} INFO - [2023-03-11T03:28:20.556+0000] {dag.py:3340} INFO - Setting next_dagrun for dataset_consumes_1_never_scheduled to None, run_after=None
[2023-03-11T03:28:20.557+0000] {logging_mixin.py:120} INFO - [2023-03-11T03:28:20.557+0000] {dag.py:3340} INFO - Setting next_dagrun for dataset_consumes_unknown_never_scheduled to None, run_after=None
[2023-03-11T03:28:20.559+0000] {logging_mixin.py:120} INFO - [2023-03-11T03:28:20.559+0000] {dag.py:3340} INFO - Setting next_dagrun for dataset_produces_1 to 2023-03-10T00:00:00+00:00, run_after=2023-03-11T00:00:00+00:00
[2023-03-11T03:28:20.560+0000] {logging_mixin.py:120} INFO - [2023-03-11T03:28:20.560+0000] {dag.py:3340} INFO - Setting next_dagrun for dataset_produces_2 to None, run_after=None
[2023-03-11T03:28:20.575+0000] {processor.py:176} INFO - Processing /home/airflow/.local/lib/python3.7/site-packages/airflow/example_dags/example_datasets.py took 0.089 seconds
[2023-03-11T04:35:23.248+0000] {processor.py:154} INFO - Started process (PID=35337) to work on /home/airflow/.local/lib/python3.7/site-packages/airflow/example_dags/example_datasets.py
[2023-03-11T04:35:23.250+0000] {processor.py:756} INFO - Processing file /home/airflow/.local/lib/python3.7/site-packages/airflow/example_dags/example_datasets.py for tasks to queue
[2023-03-11T04:35:23.251+0000] {logging_mixin.py:120} INFO - [2023-03-11T04:35:23.251+0000] {dagbag.py:537} INFO - Filling up the DagBag from /home/airflow/.local/lib/python3.7/site-packages/airflow/example_dags/example_datasets.py
[2023-03-11T04:35:23.272+0000] {processor.py:766} INFO - DAG(s) dict_keys(['dataset_produces_2', 'dataset_consumes_1_and_2', 'dataset_consumes_1_never_scheduled', 'dataset_consumes_unknown_never_scheduled', 'dataset_consumes_1', 'dataset_produces_1']) retrieved from /home/airflow/.local/lib/python3.7/site-packages/airflow/example_dags/example_datasets.py
[2023-03-11T04:35:23.331+0000] {logging_mixin.py:120} INFO - [2023-03-11T04:35:23.331+0000] {dag.py:2585} INFO - Sync 6 DAGs
[2023-03-11T04:35:23.361+0000] {logging_mixin.py:120} INFO - [2023-03-11T04:35:23.361+0000] {dag.py:3340} INFO - Setting next_dagrun for dataset_consumes_1 to None, run_after=None
[2023-03-11T04:35:23.365+0000] {logging_mixin.py:120} INFO - [2023-03-11T04:35:23.364+0000] {dag.py:3340} INFO - Setting next_dagrun for dataset_consumes_1_and_2 to None, run_after=None
[2023-03-11T04:35:23.366+0000] {logging_mixin.py:120} INFO - [2023-03-11T04:35:23.366+0000] {dag.py:3340} INFO - Setting next_dagrun for dataset_consumes_1_never_scheduled to None, run_after=None
[2023-03-11T04:35:23.367+0000] {logging_mixin.py:120} INFO - [2023-03-11T04:35:23.367+0000] {dag.py:3340} INFO - Setting next_dagrun for dataset_consumes_unknown_never_scheduled to None, run_after=None
[2023-03-11T04:35:23.371+0000] {logging_mixin.py:120} INFO - [2023-03-11T04:35:23.370+0000] {dag.py:3340} INFO - Setting next_dagrun for dataset_produces_1 to 2023-03-10T00:00:00+00:00, run_after=2023-03-11T00:00:00+00:00
[2023-03-11T04:35:23.372+0000] {logging_mixin.py:120} INFO - [2023-03-11T04:35:23.372+0000] {dag.py:3340} INFO - Setting next_dagrun for dataset_produces_2 to None, run_after=None
[2023-03-11T04:35:23.391+0000] {processor.py:176} INFO - Processing /home/airflow/.local/lib/python3.7/site-packages/airflow/example_dags/example_datasets.py took 0.148 seconds
[2023-03-11T05:41:13.407+0000] {processor.py:154} INFO - Started process (PID=35400) to work on /home/airflow/.local/lib/python3.7/site-packages/airflow/example_dags/example_datasets.py
[2023-03-11T05:41:13.408+0000] {processor.py:756} INFO - Processing file /home/airflow/.local/lib/python3.7/site-packages/airflow/example_dags/example_datasets.py for tasks to queue
[2023-03-11T05:41:13.409+0000] {logging_mixin.py:120} INFO - [2023-03-11T05:41:13.409+0000] {dagbag.py:537} INFO - Filling up the DagBag from /home/airflow/.local/lib/python3.7/site-packages/airflow/example_dags/example_datasets.py
[2023-03-11T05:41:13.421+0000] {processor.py:766} INFO - DAG(s) dict_keys(['dataset_produces_2', 'dataset_produces_1', 'dataset_consumes_1_never_scheduled', 'dataset_consumes_1', 'dataset_consumes_unknown_never_scheduled', 'dataset_consumes_1_and_2']) retrieved from /home/airflow/.local/lib/python3.7/site-packages/airflow/example_dags/example_datasets.py
[2023-03-11T05:41:13.457+0000] {logging_mixin.py:120} INFO - [2023-03-11T05:41:13.457+0000] {dag.py:2585} INFO - Sync 6 DAGs
[2023-03-11T05:41:13.472+0000] {logging_mixin.py:120} INFO - [2023-03-11T05:41:13.472+0000] {dag.py:3340} INFO - Setting next_dagrun for dataset_consumes_1 to None, run_after=None
[2023-03-11T05:41:13.474+0000] {logging_mixin.py:120} INFO - [2023-03-11T05:41:13.474+0000] {dag.py:3340} INFO - Setting next_dagrun for dataset_consumes_1_and_2 to None, run_after=None
[2023-03-11T05:41:13.475+0000] {logging_mixin.py:120} INFO - [2023-03-11T05:41:13.475+0000] {dag.py:3340} INFO - Setting next_dagrun for dataset_consumes_1_never_scheduled to None, run_after=None
[2023-03-11T05:41:13.476+0000] {logging_mixin.py:120} INFO - [2023-03-11T05:41:13.476+0000] {dag.py:3340} INFO - Setting next_dagrun for dataset_consumes_unknown_never_scheduled to None, run_after=None
[2023-03-11T05:41:13.477+0000] {logging_mixin.py:120} INFO - [2023-03-11T05:41:13.477+0000] {dag.py:3340} INFO - Setting next_dagrun for dataset_produces_1 to 2023-03-10T00:00:00+00:00, run_after=2023-03-11T00:00:00+00:00
[2023-03-11T05:41:13.478+0000] {logging_mixin.py:120} INFO - [2023-03-11T05:41:13.478+0000] {dag.py:3340} INFO - Setting next_dagrun for dataset_produces_2 to None, run_after=None
[2023-03-11T05:41:13.494+0000] {processor.py:176} INFO - Processing /home/airflow/.local/lib/python3.7/site-packages/airflow/example_dags/example_datasets.py took 0.090 seconds
[2023-03-11T06:48:02.016+0000] {processor.py:154} INFO - Started process (PID=35463) to work on /home/airflow/.local/lib/python3.7/site-packages/airflow/example_dags/example_datasets.py
[2023-03-11T06:48:02.023+0000] {processor.py:756} INFO - Processing file /home/airflow/.local/lib/python3.7/site-packages/airflow/example_dags/example_datasets.py for tasks to queue
[2023-03-11T06:48:02.027+0000] {logging_mixin.py:120} INFO - [2023-03-11T06:48:02.026+0000] {dagbag.py:537} INFO - Filling up the DagBag from /home/airflow/.local/lib/python3.7/site-packages/airflow/example_dags/example_datasets.py
[2023-03-11T06:48:02.075+0000] {processor.py:766} INFO - DAG(s) dict_keys(['dataset_consumes_1_and_2', 'dataset_consumes_unknown_never_scheduled', 'dataset_consumes_1', 'dataset_consumes_1_never_scheduled', 'dataset_produces_2', 'dataset_produces_1']) retrieved from /home/airflow/.local/lib/python3.7/site-packages/airflow/example_dags/example_datasets.py
[2023-03-11T06:48:02.189+0000] {logging_mixin.py:120} INFO - [2023-03-11T06:48:02.189+0000] {dag.py:2585} INFO - Sync 6 DAGs
[2023-03-11T06:48:02.217+0000] {logging_mixin.py:120} INFO - [2023-03-11T06:48:02.217+0000] {dag.py:3340} INFO - Setting next_dagrun for dataset_consumes_1 to None, run_after=None
[2023-03-11T06:48:02.220+0000] {logging_mixin.py:120} INFO - [2023-03-11T06:48:02.220+0000] {dag.py:3340} INFO - Setting next_dagrun for dataset_consumes_1_and_2 to None, run_after=None
[2023-03-11T06:48:02.221+0000] {logging_mixin.py:120} INFO - [2023-03-11T06:48:02.221+0000] {dag.py:3340} INFO - Setting next_dagrun for dataset_consumes_1_never_scheduled to None, run_after=None
[2023-03-11T06:48:02.222+0000] {logging_mixin.py:120} INFO - [2023-03-11T06:48:02.222+0000] {dag.py:3340} INFO - Setting next_dagrun for dataset_consumes_unknown_never_scheduled to None, run_after=None
[2023-03-11T06:48:02.224+0000] {logging_mixin.py:120} INFO - [2023-03-11T06:48:02.224+0000] {dag.py:3340} INFO - Setting next_dagrun for dataset_produces_1 to 2023-03-10T00:00:00+00:00, run_after=2023-03-11T00:00:00+00:00
[2023-03-11T06:48:02.225+0000] {logging_mixin.py:120} INFO - [2023-03-11T06:48:02.225+0000] {dag.py:3340} INFO - Setting next_dagrun for dataset_produces_2 to None, run_after=None
[2023-03-11T06:48:02.272+0000] {processor.py:176} INFO - Processing /home/airflow/.local/lib/python3.7/site-packages/airflow/example_dags/example_datasets.py took 0.260 seconds
[2023-03-11T07:54:05.117+0000] {processor.py:154} INFO - Started process (PID=35517) to work on /home/airflow/.local/lib/python3.7/site-packages/airflow/example_dags/example_datasets.py
[2023-03-11T07:54:05.118+0000] {processor.py:756} INFO - Processing file /home/airflow/.local/lib/python3.7/site-packages/airflow/example_dags/example_datasets.py for tasks to queue
[2023-03-11T07:54:05.119+0000] {logging_mixin.py:120} INFO - [2023-03-11T07:54:05.119+0000] {dagbag.py:537} INFO - Filling up the DagBag from /home/airflow/.local/lib/python3.7/site-packages/airflow/example_dags/example_datasets.py
[2023-03-11T07:54:05.150+0000] {processor.py:766} INFO - DAG(s) dict_keys(['dataset_consumes_1', 'dataset_produces_2', 'dataset_consumes_unknown_never_scheduled', 'dataset_consumes_1_never_scheduled', 'dataset_produces_1', 'dataset_consumes_1_and_2']) retrieved from /home/airflow/.local/lib/python3.7/site-packages/airflow/example_dags/example_datasets.py
[2023-03-11T07:54:05.228+0000] {logging_mixin.py:120} INFO - [2023-03-11T07:54:05.227+0000] {dag.py:2585} INFO - Sync 6 DAGs
[2023-03-11T07:54:05.255+0000] {logging_mixin.py:120} INFO - [2023-03-11T07:54:05.255+0000] {dag.py:3340} INFO - Setting next_dagrun for dataset_consumes_1 to None, run_after=None
[2023-03-11T07:54:05.260+0000] {logging_mixin.py:120} INFO - [2023-03-11T07:54:05.260+0000] {dag.py:3340} INFO - Setting next_dagrun for dataset_consumes_1_and_2 to None, run_after=None
[2023-03-11T07:54:05.261+0000] {logging_mixin.py:120} INFO - [2023-03-11T07:54:05.261+0000] {dag.py:3340} INFO - Setting next_dagrun for dataset_consumes_1_never_scheduled to None, run_after=None
[2023-03-11T07:54:05.262+0000] {logging_mixin.py:120} INFO - [2023-03-11T07:54:05.262+0000] {dag.py:3340} INFO - Setting next_dagrun for dataset_consumes_unknown_never_scheduled to None, run_after=None
[2023-03-11T07:54:05.263+0000] {logging_mixin.py:120} INFO - [2023-03-11T07:54:05.263+0000] {dag.py:3340} INFO - Setting next_dagrun for dataset_produces_1 to 2023-03-10T00:00:00+00:00, run_after=2023-03-11T00:00:00+00:00
[2023-03-11T07:54:05.264+0000] {logging_mixin.py:120} INFO - [2023-03-11T07:54:05.264+0000] {dag.py:3340} INFO - Setting next_dagrun for dataset_produces_2 to None, run_after=None
[2023-03-11T07:54:05.289+0000] {processor.py:176} INFO - Processing /home/airflow/.local/lib/python3.7/site-packages/airflow/example_dags/example_datasets.py took 0.175 seconds
[2023-03-11T09:00:23.125+0000] {processor.py:154} INFO - Started process (PID=35580) to work on /home/airflow/.local/lib/python3.7/site-packages/airflow/example_dags/example_datasets.py
[2023-03-11T09:00:23.129+0000] {processor.py:756} INFO - Processing file /home/airflow/.local/lib/python3.7/site-packages/airflow/example_dags/example_datasets.py for tasks to queue
[2023-03-11T09:00:23.131+0000] {logging_mixin.py:120} INFO - [2023-03-11T09:00:23.130+0000] {dagbag.py:537} INFO - Filling up the DagBag from /home/airflow/.local/lib/python3.7/site-packages/airflow/example_dags/example_datasets.py
[2023-03-11T09:00:23.160+0000] {processor.py:766} INFO - DAG(s) dict_keys(['dataset_consumes_1_and_2', 'dataset_consumes_1_never_scheduled', 'dataset_produces_2', 'dataset_produces_1', 'dataset_consumes_1', 'dataset_consumes_unknown_never_scheduled']) retrieved from /home/airflow/.local/lib/python3.7/site-packages/airflow/example_dags/example_datasets.py
[2023-03-11T09:00:23.232+0000] {logging_mixin.py:120} INFO - [2023-03-11T09:00:23.232+0000] {dag.py:2585} INFO - Sync 6 DAGs
[2023-03-11T09:00:23.250+0000] {logging_mixin.py:120} INFO - [2023-03-11T09:00:23.250+0000] {dag.py:3340} INFO - Setting next_dagrun for dataset_consumes_1 to None, run_after=None
[2023-03-11T09:00:23.253+0000] {logging_mixin.py:120} INFO - [2023-03-11T09:00:23.253+0000] {dag.py:3340} INFO - Setting next_dagrun for dataset_consumes_1_and_2 to None, run_after=None
[2023-03-11T09:00:23.254+0000] {logging_mixin.py:120} INFO - [2023-03-11T09:00:23.254+0000] {dag.py:3340} INFO - Setting next_dagrun for dataset_consumes_1_never_scheduled to None, run_after=None
[2023-03-11T09:00:23.255+0000] {logging_mixin.py:120} INFO - [2023-03-11T09:00:23.255+0000] {dag.py:3340} INFO - Setting next_dagrun for dataset_consumes_unknown_never_scheduled to None, run_after=None
[2023-03-11T09:00:23.257+0000] {logging_mixin.py:120} INFO - [2023-03-11T09:00:23.257+0000] {dag.py:3340} INFO - Setting next_dagrun for dataset_produces_1 to 2023-03-10T00:00:00+00:00, run_after=2023-03-11T00:00:00+00:00
[2023-03-11T09:00:23.258+0000] {logging_mixin.py:120} INFO - [2023-03-11T09:00:23.258+0000] {dag.py:3340} INFO - Setting next_dagrun for dataset_produces_2 to None, run_after=None
[2023-03-11T09:00:23.275+0000] {processor.py:176} INFO - Processing /home/airflow/.local/lib/python3.7/site-packages/airflow/example_dags/example_datasets.py took 0.158 seconds
[2023-03-11T10:06:55.912+0000] {processor.py:154} INFO - Started process (PID=35643) to work on /home/airflow/.local/lib/python3.7/site-packages/airflow/example_dags/example_datasets.py
[2023-03-11T10:06:55.918+0000] {processor.py:756} INFO - Processing file /home/airflow/.local/lib/python3.7/site-packages/airflow/example_dags/example_datasets.py for tasks to queue
[2023-03-11T10:06:55.920+0000] {logging_mixin.py:120} INFO - [2023-03-11T10:06:55.919+0000] {dagbag.py:537} INFO - Filling up the DagBag from /home/airflow/.local/lib/python3.7/site-packages/airflow/example_dags/example_datasets.py
[2023-03-11T10:06:55.945+0000] {processor.py:766} INFO - DAG(s) dict_keys(['dataset_produces_2', 'dataset_consumes_unknown_never_scheduled', 'dataset_produces_1', 'dataset_consumes_1', 'dataset_consumes_1_and_2', 'dataset_consumes_1_never_scheduled']) retrieved from /home/airflow/.local/lib/python3.7/site-packages/airflow/example_dags/example_datasets.py
[2023-03-11T10:06:56.039+0000] {logging_mixin.py:120} INFO - [2023-03-11T10:06:56.038+0000] {dag.py:2585} INFO - Sync 6 DAGs
[2023-03-11T10:06:56.059+0000] {logging_mixin.py:120} INFO - [2023-03-11T10:06:56.059+0000] {dag.py:3340} INFO - Setting next_dagrun for dataset_consumes_1 to None, run_after=None
[2023-03-11T10:06:56.062+0000] {logging_mixin.py:120} INFO - [2023-03-11T10:06:56.062+0000] {dag.py:3340} INFO - Setting next_dagrun for dataset_consumes_1_and_2 to None, run_after=None
[2023-03-11T10:06:56.063+0000] {logging_mixin.py:120} INFO - [2023-03-11T10:06:56.063+0000] {dag.py:3340} INFO - Setting next_dagrun for dataset_consumes_1_never_scheduled to None, run_after=None
[2023-03-11T10:06:56.064+0000] {logging_mixin.py:120} INFO - [2023-03-11T10:06:56.064+0000] {dag.py:3340} INFO - Setting next_dagrun for dataset_consumes_unknown_never_scheduled to None, run_after=None
[2023-03-11T10:06:56.066+0000] {logging_mixin.py:120} INFO - [2023-03-11T10:06:56.066+0000] {dag.py:3340} INFO - Setting next_dagrun for dataset_produces_1 to 2023-03-10T00:00:00+00:00, run_after=2023-03-11T00:00:00+00:00
[2023-03-11T10:06:56.067+0000] {logging_mixin.py:120} INFO - [2023-03-11T10:06:56.067+0000] {dag.py:3340} INFO - Setting next_dagrun for dataset_produces_2 to None, run_after=None
[2023-03-11T10:06:56.084+0000] {processor.py:176} INFO - Processing /home/airflow/.local/lib/python3.7/site-packages/airflow/example_dags/example_datasets.py took 0.179 seconds
[2023-03-11T11:31:08.977+0000] {processor.py:154} INFO - Started process (PID=35706) to work on /home/airflow/.local/lib/python3.7/site-packages/airflow/example_dags/example_datasets.py
[2023-03-11T11:31:08.980+0000] {processor.py:756} INFO - Processing file /home/airflow/.local/lib/python3.7/site-packages/airflow/example_dags/example_datasets.py for tasks to queue
[2023-03-11T11:31:08.982+0000] {logging_mixin.py:120} INFO - [2023-03-11T11:31:08.982+0000] {dagbag.py:537} INFO - Filling up the DagBag from /home/airflow/.local/lib/python3.7/site-packages/airflow/example_dags/example_datasets.py
[2023-03-11T11:31:09.011+0000] {processor.py:766} INFO - DAG(s) dict_keys(['dataset_consumes_1_and_2', 'dataset_consumes_unknown_never_scheduled', 'dataset_produces_1', 'dataset_consumes_1_never_scheduled', 'dataset_consumes_1', 'dataset_produces_2']) retrieved from /home/airflow/.local/lib/python3.7/site-packages/airflow/example_dags/example_datasets.py
[2023-03-11T11:31:09.082+0000] {logging_mixin.py:120} INFO - [2023-03-11T11:31:09.082+0000] {dag.py:2585} INFO - Sync 6 DAGs
[2023-03-11T11:31:09.108+0000] {logging_mixin.py:120} INFO - [2023-03-11T11:31:09.107+0000] {dag.py:3340} INFO - Setting next_dagrun for dataset_consumes_1 to None, run_after=None
[2023-03-11T11:31:09.112+0000] {logging_mixin.py:120} INFO - [2023-03-11T11:31:09.112+0000] {dag.py:3340} INFO - Setting next_dagrun for dataset_consumes_1_and_2 to None, run_after=None
[2023-03-11T11:31:09.113+0000] {logging_mixin.py:120} INFO - [2023-03-11T11:31:09.113+0000] {dag.py:3340} INFO - Setting next_dagrun for dataset_consumes_1_never_scheduled to None, run_after=None
[2023-03-11T11:31:09.114+0000] {logging_mixin.py:120} INFO - [2023-03-11T11:31:09.114+0000] {dag.py:3340} INFO - Setting next_dagrun for dataset_consumes_unknown_never_scheduled to None, run_after=None
[2023-03-11T11:31:09.116+0000] {logging_mixin.py:120} INFO - [2023-03-11T11:31:09.116+0000] {dag.py:3340} INFO - Setting next_dagrun for dataset_produces_1 to 2023-03-10T00:00:00+00:00, run_after=2023-03-11T00:00:00+00:00
[2023-03-11T11:31:09.117+0000] {logging_mixin.py:120} INFO - [2023-03-11T11:31:09.117+0000] {dag.py:3340} INFO - Setting next_dagrun for dataset_produces_2 to None, run_after=None
[2023-03-11T11:31:09.145+0000] {processor.py:176} INFO - Processing /home/airflow/.local/lib/python3.7/site-packages/airflow/example_dags/example_datasets.py took 0.175 seconds
[2023-03-11T12:37:39.095+0000] {processor.py:154} INFO - Started process (PID=35769) to work on /home/airflow/.local/lib/python3.7/site-packages/airflow/example_dags/example_datasets.py
[2023-03-11T12:37:39.096+0000] {processor.py:756} INFO - Processing file /home/airflow/.local/lib/python3.7/site-packages/airflow/example_dags/example_datasets.py for tasks to queue
[2023-03-11T12:37:39.097+0000] {logging_mixin.py:120} INFO - [2023-03-11T12:37:39.097+0000] {dagbag.py:537} INFO - Filling up the DagBag from /home/airflow/.local/lib/python3.7/site-packages/airflow/example_dags/example_datasets.py
[2023-03-11T12:37:39.121+0000] {processor.py:766} INFO - DAG(s) dict_keys(['dataset_produces_2', 'dataset_consumes_1_and_2', 'dataset_produces_1', 'dataset_consumes_unknown_never_scheduled', 'dataset_consumes_1', 'dataset_consumes_1_never_scheduled']) retrieved from /home/airflow/.local/lib/python3.7/site-packages/airflow/example_dags/example_datasets.py
[2023-03-11T12:37:39.201+0000] {logging_mixin.py:120} INFO - [2023-03-11T12:37:39.200+0000] {dag.py:2585} INFO - Sync 6 DAGs
[2023-03-11T12:37:39.223+0000] {logging_mixin.py:120} INFO - [2023-03-11T12:37:39.223+0000] {dag.py:3340} INFO - Setting next_dagrun for dataset_consumes_1 to None, run_after=None
[2023-03-11T12:37:39.228+0000] {logging_mixin.py:120} INFO - [2023-03-11T12:37:39.228+0000] {dag.py:3340} INFO - Setting next_dagrun for dataset_consumes_1_and_2 to None, run_after=None
[2023-03-11T12:37:39.230+0000] {logging_mixin.py:120} INFO - [2023-03-11T12:37:39.229+0000] {dag.py:3340} INFO - Setting next_dagrun for dataset_consumes_1_never_scheduled to None, run_after=None
[2023-03-11T12:37:39.230+0000] {logging_mixin.py:120} INFO - [2023-03-11T12:37:39.230+0000] {dag.py:3340} INFO - Setting next_dagrun for dataset_consumes_unknown_never_scheduled to None, run_after=None
[2023-03-11T12:37:39.232+0000] {logging_mixin.py:120} INFO - [2023-03-11T12:37:39.232+0000] {dag.py:3340} INFO - Setting next_dagrun for dataset_produces_1 to 2023-03-10T00:00:00+00:00, run_after=2023-03-11T00:00:00+00:00
[2023-03-11T12:37:39.233+0000] {logging_mixin.py:120} INFO - [2023-03-11T12:37:39.233+0000] {dag.py:3340} INFO - Setting next_dagrun for dataset_produces_2 to None, run_after=None
[2023-03-11T12:37:39.252+0000] {processor.py:176} INFO - Processing /home/airflow/.local/lib/python3.7/site-packages/airflow/example_dags/example_datasets.py took 0.163 seconds
[2023-03-11T13:38:00.003+0000] {processor.py:154} INFO - Started process (PID=35823) to work on /home/airflow/.local/lib/python3.7/site-packages/airflow/example_dags/example_datasets.py
[2023-03-11T13:38:00.009+0000] {processor.py:756} INFO - Processing file /home/airflow/.local/lib/python3.7/site-packages/airflow/example_dags/example_datasets.py for tasks to queue
[2023-03-11T13:38:00.010+0000] {logging_mixin.py:120} INFO - [2023-03-11T13:38:00.010+0000] {dagbag.py:537} INFO - Filling up the DagBag from /home/airflow/.local/lib/python3.7/site-packages/airflow/example_dags/example_datasets.py
[2023-03-11T13:38:00.036+0000] {processor.py:766} INFO - DAG(s) dict_keys(['dataset_produces_2', 'dataset_consumes_unknown_never_scheduled', 'dataset_consumes_1_never_scheduled', 'dataset_produces_1', 'dataset_consumes_1', 'dataset_consumes_1_and_2']) retrieved from /home/airflow/.local/lib/python3.7/site-packages/airflow/example_dags/example_datasets.py
[2023-03-11T13:38:00.073+0000] {logging_mixin.py:120} INFO - [2023-03-11T13:38:00.073+0000] {dag.py:2585} INFO - Sync 6 DAGs
[2023-03-11T13:38:00.089+0000] {logging_mixin.py:120} INFO - [2023-03-11T13:38:00.089+0000] {dag.py:3340} INFO - Setting next_dagrun for dataset_consumes_1 to None, run_after=None
[2023-03-11T13:38:00.092+0000] {logging_mixin.py:120} INFO - [2023-03-11T13:38:00.092+0000] {dag.py:3340} INFO - Setting next_dagrun for dataset_consumes_1_and_2 to None, run_after=None
[2023-03-11T13:38:00.093+0000] {logging_mixin.py:120} INFO - [2023-03-11T13:38:00.093+0000] {dag.py:3340} INFO - Setting next_dagrun for dataset_consumes_1_never_scheduled to None, run_after=None
[2023-03-11T13:38:00.094+0000] {logging_mixin.py:120} INFO - [2023-03-11T13:38:00.094+0000] {dag.py:3340} INFO - Setting next_dagrun for dataset_consumes_unknown_never_scheduled to None, run_after=None
[2023-03-11T13:38:00.096+0000] {logging_mixin.py:120} INFO - [2023-03-11T13:38:00.096+0000] {dag.py:3340} INFO - Setting next_dagrun for dataset_produces_1 to 2023-03-10T00:00:00+00:00, run_after=2023-03-11T00:00:00+00:00
[2023-03-11T13:38:00.098+0000] {logging_mixin.py:120} INFO - [2023-03-11T13:38:00.097+0000] {dag.py:3340} INFO - Setting next_dagrun for dataset_produces_2 to None, run_after=None
[2023-03-11T13:38:00.123+0000] {processor.py:176} INFO - Processing /home/airflow/.local/lib/python3.7/site-packages/airflow/example_dags/example_datasets.py took 0.123 seconds
[2023-03-11T14:47:57.537+0000] {processor.py:154} INFO - Started process (PID=35885) to work on /home/airflow/.local/lib/python3.7/site-packages/airflow/example_dags/example_datasets.py
[2023-03-11T14:47:57.542+0000] {processor.py:756} INFO - Processing file /home/airflow/.local/lib/python3.7/site-packages/airflow/example_dags/example_datasets.py for tasks to queue
[2023-03-11T14:47:57.544+0000] {logging_mixin.py:120} INFO - [2023-03-11T14:47:57.544+0000] {dagbag.py:537} INFO - Filling up the DagBag from /home/airflow/.local/lib/python3.7/site-packages/airflow/example_dags/example_datasets.py
[2023-03-11T14:47:57.918+0000] {processor.py:766} INFO - DAG(s) dict_keys(['dataset_consumes_1', 'dataset_produces_1', 'dataset_consumes_1_and_2', 'dataset_consumes_unknown_never_scheduled', 'dataset_consumes_1_never_scheduled', 'dataset_produces_2']) retrieved from /home/airflow/.local/lib/python3.7/site-packages/airflow/example_dags/example_datasets.py
[2023-03-11T14:47:58.006+0000] {logging_mixin.py:120} INFO - [2023-03-11T14:47:58.006+0000] {dag.py:2585} INFO - Sync 6 DAGs
[2023-03-11T14:47:58.029+0000] {logging_mixin.py:120} INFO - [2023-03-11T14:47:58.029+0000] {dag.py:3340} INFO - Setting next_dagrun for dataset_consumes_1 to None, run_after=None
[2023-03-11T14:47:58.034+0000] {logging_mixin.py:120} INFO - [2023-03-11T14:47:58.034+0000] {dag.py:3340} INFO - Setting next_dagrun for dataset_consumes_1_and_2 to None, run_after=None
[2023-03-11T14:47:58.036+0000] {logging_mixin.py:120} INFO - [2023-03-11T14:47:58.036+0000] {dag.py:3340} INFO - Setting next_dagrun for dataset_consumes_1_never_scheduled to None, run_after=None
[2023-03-11T14:47:58.037+0000] {logging_mixin.py:120} INFO - [2023-03-11T14:47:58.037+0000] {dag.py:3340} INFO - Setting next_dagrun for dataset_consumes_unknown_never_scheduled to None, run_after=None
[2023-03-11T14:47:58.039+0000] {logging_mixin.py:120} INFO - [2023-03-11T14:47:58.039+0000] {dag.py:3340} INFO - Setting next_dagrun for dataset_produces_1 to 2023-03-10T00:00:00+00:00, run_after=2023-03-11T00:00:00+00:00
[2023-03-11T14:47:58.041+0000] {logging_mixin.py:120} INFO - [2023-03-11T14:47:58.041+0000] {dag.py:3340} INFO - Setting next_dagrun for dataset_produces_2 to None, run_after=None
[2023-03-11T14:47:58.060+0000] {processor.py:176} INFO - Processing /home/airflow/.local/lib/python3.7/site-packages/airflow/example_dags/example_datasets.py took 0.529 seconds
[2023-03-11T16:07:40.034+0000] {processor.py:154} INFO - Started process (PID=35948) to work on /home/airflow/.local/lib/python3.7/site-packages/airflow/example_dags/example_datasets.py
[2023-03-11T16:07:40.038+0000] {processor.py:756} INFO - Processing file /home/airflow/.local/lib/python3.7/site-packages/airflow/example_dags/example_datasets.py for tasks to queue
[2023-03-11T16:07:40.039+0000] {logging_mixin.py:120} INFO - [2023-03-11T16:07:40.039+0000] {dagbag.py:537} INFO - Filling up the DagBag from /home/airflow/.local/lib/python3.7/site-packages/airflow/example_dags/example_datasets.py
[2023-03-11T16:07:40.068+0000] {processor.py:766} INFO - DAG(s) dict_keys(['dataset_consumes_unknown_never_scheduled', 'dataset_consumes_1', 'dataset_consumes_1_never_scheduled', 'dataset_produces_1', 'dataset_consumes_1_and_2', 'dataset_produces_2']) retrieved from /home/airflow/.local/lib/python3.7/site-packages/airflow/example_dags/example_datasets.py
[2023-03-11T16:07:40.141+0000] {logging_mixin.py:120} INFO - [2023-03-11T16:07:40.141+0000] {dag.py:2585} INFO - Sync 6 DAGs
[2023-03-11T16:07:40.159+0000] {logging_mixin.py:120} INFO - [2023-03-11T16:07:40.159+0000] {dag.py:3340} INFO - Setting next_dagrun for dataset_consumes_1 to None, run_after=None
[2023-03-11T16:07:40.161+0000] {logging_mixin.py:120} INFO - [2023-03-11T16:07:40.161+0000] {dag.py:3340} INFO - Setting next_dagrun for dataset_consumes_1_and_2 to None, run_after=None
[2023-03-11T16:07:40.162+0000] {logging_mixin.py:120} INFO - [2023-03-11T16:07:40.162+0000] {dag.py:3340} INFO - Setting next_dagrun for dataset_consumes_1_never_scheduled to None, run_after=None
[2023-03-11T16:07:40.163+0000] {logging_mixin.py:120} INFO - [2023-03-11T16:07:40.163+0000] {dag.py:3340} INFO - Setting next_dagrun for dataset_consumes_unknown_never_scheduled to None, run_after=None
[2023-03-11T16:07:40.165+0000] {logging_mixin.py:120} INFO - [2023-03-11T16:07:40.165+0000] {dag.py:3340} INFO - Setting next_dagrun for dataset_produces_1 to 2023-03-10T00:00:00+00:00, run_after=2023-03-11T00:00:00+00:00
[2023-03-11T16:07:40.165+0000] {logging_mixin.py:120} INFO - [2023-03-11T16:07:40.165+0000] {dag.py:3340} INFO - Setting next_dagrun for dataset_produces_2 to None, run_after=None
[2023-03-11T16:07:40.180+0000] {processor.py:176} INFO - Processing /home/airflow/.local/lib/python3.7/site-packages/airflow/example_dags/example_datasets.py took 0.154 seconds
[2023-03-11T17:14:05.036+0000] {processor.py:154} INFO - Started process (PID=36011) to work on /home/airflow/.local/lib/python3.7/site-packages/airflow/example_dags/example_datasets.py
[2023-03-11T17:14:05.038+0000] {processor.py:756} INFO - Processing file /home/airflow/.local/lib/python3.7/site-packages/airflow/example_dags/example_datasets.py for tasks to queue
[2023-03-11T17:14:05.038+0000] {logging_mixin.py:120} INFO - [2023-03-11T17:14:05.038+0000] {dagbag.py:537} INFO - Filling up the DagBag from /home/airflow/.local/lib/python3.7/site-packages/airflow/example_dags/example_datasets.py
[2023-03-11T17:14:05.063+0000] {processor.py:766} INFO - DAG(s) dict_keys(['dataset_consumes_1_never_scheduled', 'dataset_consumes_1_and_2', 'dataset_produces_2', 'dataset_produces_1', 'dataset_consumes_1', 'dataset_consumes_unknown_never_scheduled']) retrieved from /home/airflow/.local/lib/python3.7/site-packages/airflow/example_dags/example_datasets.py
[2023-03-11T17:14:05.120+0000] {logging_mixin.py:120} INFO - [2023-03-11T17:14:05.120+0000] {dag.py:2585} INFO - Sync 6 DAGs
[2023-03-11T17:14:05.142+0000] {logging_mixin.py:120} INFO - [2023-03-11T17:14:05.142+0000] {dag.py:3340} INFO - Setting next_dagrun for dataset_consumes_1 to None, run_after=None
[2023-03-11T17:14:05.145+0000] {logging_mixin.py:120} INFO - [2023-03-11T17:14:05.145+0000] {dag.py:3340} INFO - Setting next_dagrun for dataset_consumes_1_and_2 to None, run_after=None
[2023-03-11T17:14:05.146+0000] {logging_mixin.py:120} INFO - [2023-03-11T17:14:05.146+0000] {dag.py:3340} INFO - Setting next_dagrun for dataset_consumes_1_never_scheduled to None, run_after=None
[2023-03-11T17:14:05.146+0000] {logging_mixin.py:120} INFO - [2023-03-11T17:14:05.146+0000] {dag.py:3340} INFO - Setting next_dagrun for dataset_consumes_unknown_never_scheduled to None, run_after=None
[2023-03-11T17:14:05.148+0000] {logging_mixin.py:120} INFO - [2023-03-11T17:14:05.148+0000] {dag.py:3340} INFO - Setting next_dagrun for dataset_produces_1 to 2023-03-10T00:00:00+00:00, run_after=2023-03-11T00:00:00+00:00
[2023-03-11T17:14:05.149+0000] {logging_mixin.py:120} INFO - [2023-03-11T17:14:05.149+0000] {dag.py:3340} INFO - Setting next_dagrun for dataset_produces_2 to None, run_after=None
[2023-03-11T17:14:05.171+0000] {processor.py:176} INFO - Processing /home/airflow/.local/lib/python3.7/site-packages/airflow/example_dags/example_datasets.py took 0.137 seconds
[2023-03-11T18:22:29.061+0000] {processor.py:154} INFO - Started process (PID=36065) to work on /home/airflow/.local/lib/python3.7/site-packages/airflow/example_dags/example_datasets.py
[2023-03-11T18:22:29.064+0000] {processor.py:756} INFO - Processing file /home/airflow/.local/lib/python3.7/site-packages/airflow/example_dags/example_datasets.py for tasks to queue
[2023-03-11T18:22:29.065+0000] {logging_mixin.py:120} INFO - [2023-03-11T18:22:29.065+0000] {dagbag.py:537} INFO - Filling up the DagBag from /home/airflow/.local/lib/python3.7/site-packages/airflow/example_dags/example_datasets.py
[2023-03-11T18:22:29.088+0000] {processor.py:766} INFO - DAG(s) dict_keys(['dataset_consumes_1_and_2', 'dataset_consumes_1_never_scheduled', 'dataset_produces_2', 'dataset_consumes_1', 'dataset_produces_1', 'dataset_consumes_unknown_never_scheduled']) retrieved from /home/airflow/.local/lib/python3.7/site-packages/airflow/example_dags/example_datasets.py
[2023-03-11T18:22:29.172+0000] {logging_mixin.py:120} INFO - [2023-03-11T18:22:29.172+0000] {dag.py:2585} INFO - Sync 6 DAGs
[2023-03-11T18:22:29.202+0000] {logging_mixin.py:120} INFO - [2023-03-11T18:22:29.202+0000] {dag.py:3340} INFO - Setting next_dagrun for dataset_consumes_1 to None, run_after=None
[2023-03-11T18:22:29.208+0000] {logging_mixin.py:120} INFO - [2023-03-11T18:22:29.208+0000] {dag.py:3340} INFO - Setting next_dagrun for dataset_consumes_1_and_2 to None, run_after=None
[2023-03-11T18:22:29.209+0000] {logging_mixin.py:120} INFO - [2023-03-11T18:22:29.209+0000] {dag.py:3340} INFO - Setting next_dagrun for dataset_consumes_1_never_scheduled to None, run_after=None
[2023-03-11T18:22:29.210+0000] {logging_mixin.py:120} INFO - [2023-03-11T18:22:29.210+0000] {dag.py:3340} INFO - Setting next_dagrun for dataset_consumes_unknown_never_scheduled to None, run_after=None
[2023-03-11T18:22:29.212+0000] {logging_mixin.py:120} INFO - [2023-03-11T18:22:29.212+0000] {dag.py:3340} INFO - Setting next_dagrun for dataset_produces_1 to 2023-03-10T00:00:00+00:00, run_after=2023-03-11T00:00:00+00:00
[2023-03-11T18:22:29.213+0000] {logging_mixin.py:120} INFO - [2023-03-11T18:22:29.213+0000] {dag.py:3340} INFO - Setting next_dagrun for dataset_produces_2 to None, run_after=None
[2023-03-11T18:22:29.239+0000] {processor.py:176} INFO - Processing /home/airflow/.local/lib/python3.7/site-packages/airflow/example_dags/example_datasets.py took 0.181 seconds
[2023-03-11T19:27:35.116+0000] {processor.py:154} INFO - Started process (PID=36127) to work on /home/airflow/.local/lib/python3.7/site-packages/airflow/example_dags/example_datasets.py
[2023-03-11T19:27:35.123+0000] {processor.py:756} INFO - Processing file /home/airflow/.local/lib/python3.7/site-packages/airflow/example_dags/example_datasets.py for tasks to queue
[2023-03-11T19:27:35.124+0000] {logging_mixin.py:120} INFO - [2023-03-11T19:27:35.124+0000] {dagbag.py:537} INFO - Filling up the DagBag from /home/airflow/.local/lib/python3.7/site-packages/airflow/example_dags/example_datasets.py
[2023-03-11T19:27:35.146+0000] {processor.py:766} INFO - DAG(s) dict_keys(['dataset_produces_1', 'dataset_produces_2', 'dataset_consumes_unknown_never_scheduled', 'dataset_consumes_1_never_scheduled', 'dataset_consumes_1', 'dataset_consumes_1_and_2']) retrieved from /home/airflow/.local/lib/python3.7/site-packages/airflow/example_dags/example_datasets.py
[2023-03-11T19:27:35.211+0000] {logging_mixin.py:120} INFO - [2023-03-11T19:27:35.211+0000] {dag.py:2585} INFO - Sync 6 DAGs
[2023-03-11T19:27:35.230+0000] {logging_mixin.py:120} INFO - [2023-03-11T19:27:35.230+0000] {dag.py:3340} INFO - Setting next_dagrun for dataset_consumes_1 to None, run_after=None
[2023-03-11T19:27:35.234+0000] {logging_mixin.py:120} INFO - [2023-03-11T19:27:35.234+0000] {dag.py:3340} INFO - Setting next_dagrun for dataset_consumes_1_and_2 to None, run_after=None
[2023-03-11T19:27:35.235+0000] {logging_mixin.py:120} INFO - [2023-03-11T19:27:35.235+0000] {dag.py:3340} INFO - Setting next_dagrun for dataset_consumes_1_never_scheduled to None, run_after=None
[2023-03-11T19:27:35.236+0000] {logging_mixin.py:120} INFO - [2023-03-11T19:27:35.236+0000] {dag.py:3340} INFO - Setting next_dagrun for dataset_consumes_unknown_never_scheduled to None, run_after=None
[2023-03-11T19:27:35.238+0000] {logging_mixin.py:120} INFO - [2023-03-11T19:27:35.238+0000] {dag.py:3340} INFO - Setting next_dagrun for dataset_produces_1 to 2023-03-10T00:00:00+00:00, run_after=2023-03-11T00:00:00+00:00
[2023-03-11T19:27:35.239+0000] {logging_mixin.py:120} INFO - [2023-03-11T19:27:35.239+0000] {dag.py:3340} INFO - Setting next_dagrun for dataset_produces_2 to None, run_after=None
[2023-03-11T19:27:35.256+0000] {processor.py:176} INFO - Processing /home/airflow/.local/lib/python3.7/site-packages/airflow/example_dags/example_datasets.py took 0.144 seconds
[2023-03-11T20:33:20.534+0000] {processor.py:154} INFO - Started process (PID=36190) to work on /home/airflow/.local/lib/python3.7/site-packages/airflow/example_dags/example_datasets.py
[2023-03-11T20:33:20.536+0000] {processor.py:756} INFO - Processing file /home/airflow/.local/lib/python3.7/site-packages/airflow/example_dags/example_datasets.py for tasks to queue
[2023-03-11T20:33:20.537+0000] {logging_mixin.py:120} INFO - [2023-03-11T20:33:20.537+0000] {dagbag.py:537} INFO - Filling up the DagBag from /home/airflow/.local/lib/python3.7/site-packages/airflow/example_dags/example_datasets.py
[2023-03-11T20:33:20.551+0000] {processor.py:766} INFO - DAG(s) dict_keys(['dataset_consumes_1', 'dataset_produces_1', 'dataset_produces_2', 'dataset_consumes_1_and_2', 'dataset_consumes_unknown_never_scheduled', 'dataset_consumes_1_never_scheduled']) retrieved from /home/airflow/.local/lib/python3.7/site-packages/airflow/example_dags/example_datasets.py
[2023-03-11T20:33:20.599+0000] {logging_mixin.py:120} INFO - [2023-03-11T20:33:20.599+0000] {dag.py:2585} INFO - Sync 6 DAGs
[2023-03-11T20:33:20.864+0000] {logging_mixin.py:120} INFO - [2023-03-11T20:33:20.864+0000] {dag.py:3340} INFO - Setting next_dagrun for dataset_consumes_1 to None, run_after=None
[2023-03-11T20:33:20.873+0000] {logging_mixin.py:120} INFO - [2023-03-11T20:33:20.873+0000] {dag.py:3340} INFO - Setting next_dagrun for dataset_consumes_1_and_2 to None, run_after=None
[2023-03-11T20:33:20.877+0000] {logging_mixin.py:120} INFO - [2023-03-11T20:33:20.877+0000] {dag.py:3340} INFO - Setting next_dagrun for dataset_consumes_1_never_scheduled to None, run_after=None
[2023-03-11T20:33:20.879+0000] {logging_mixin.py:120} INFO - [2023-03-11T20:33:20.879+0000] {dag.py:3340} INFO - Setting next_dagrun for dataset_consumes_unknown_never_scheduled to None, run_after=None
[2023-03-11T20:33:20.883+0000] {logging_mixin.py:120} INFO - [2023-03-11T20:33:20.882+0000] {dag.py:3340} INFO - Setting next_dagrun for dataset_produces_1 to 2023-03-10T00:00:00+00:00, run_after=2023-03-11T00:00:00+00:00
[2023-03-11T20:33:20.884+0000] {logging_mixin.py:120} INFO - [2023-03-11T20:33:20.884+0000] {dag.py:3340} INFO - Setting next_dagrun for dataset_produces_2 to None, run_after=None
[2023-03-11T20:33:20.939+0000] {processor.py:176} INFO - Processing /home/airflow/.local/lib/python3.7/site-packages/airflow/example_dags/example_datasets.py took 0.408 seconds
[2023-03-11T21:49:20.022+0000] {processor.py:154} INFO - Started process (PID=36253) to work on /home/airflow/.local/lib/python3.7/site-packages/airflow/example_dags/example_datasets.py
[2023-03-11T21:49:20.023+0000] {processor.py:756} INFO - Processing file /home/airflow/.local/lib/python3.7/site-packages/airflow/example_dags/example_datasets.py for tasks to queue
[2023-03-11T21:49:20.024+0000] {logging_mixin.py:120} INFO - [2023-03-11T21:49:20.024+0000] {dagbag.py:537} INFO - Filling up the DagBag from /home/airflow/.local/lib/python3.7/site-packages/airflow/example_dags/example_datasets.py
[2023-03-11T21:49:20.037+0000] {processor.py:766} INFO - DAG(s) dict_keys(['dataset_consumes_1', 'dataset_consumes_unknown_never_scheduled', 'dataset_consumes_1_and_2', 'dataset_produces_1', 'dataset_produces_2', 'dataset_consumes_1_never_scheduled']) retrieved from /home/airflow/.local/lib/python3.7/site-packages/airflow/example_dags/example_datasets.py
[2023-03-11T21:49:20.072+0000] {logging_mixin.py:120} INFO - [2023-03-11T21:49:20.072+0000] {dag.py:2585} INFO - Sync 6 DAGs
[2023-03-11T21:49:20.087+0000] {logging_mixin.py:120} INFO - [2023-03-11T21:49:20.087+0000] {dag.py:3340} INFO - Setting next_dagrun for dataset_consumes_1 to None, run_after=None
[2023-03-11T21:49:20.089+0000] {logging_mixin.py:120} INFO - [2023-03-11T21:49:20.089+0000] {dag.py:3340} INFO - Setting next_dagrun for dataset_consumes_1_and_2 to None, run_after=None
[2023-03-11T21:49:20.091+0000] {logging_mixin.py:120} INFO - [2023-03-11T21:49:20.091+0000] {dag.py:3340} INFO - Setting next_dagrun for dataset_consumes_1_never_scheduled to None, run_after=None
[2023-03-11T21:49:20.092+0000] {logging_mixin.py:120} INFO - [2023-03-11T21:49:20.092+0000] {dag.py:3340} INFO - Setting next_dagrun for dataset_consumes_unknown_never_scheduled to None, run_after=None
[2023-03-11T21:49:20.094+0000] {logging_mixin.py:120} INFO - [2023-03-11T21:49:20.093+0000] {dag.py:3340} INFO - Setting next_dagrun for dataset_produces_1 to 2023-03-10T00:00:00+00:00, run_after=2023-03-11T00:00:00+00:00
[2023-03-11T21:49:20.095+0000] {logging_mixin.py:120} INFO - [2023-03-11T21:49:20.095+0000] {dag.py:3340} INFO - Setting next_dagrun for dataset_produces_2 to None, run_after=None
[2023-03-11T21:49:20.109+0000] {processor.py:176} INFO - Processing /home/airflow/.local/lib/python3.7/site-packages/airflow/example_dags/example_datasets.py took 0.090 seconds
[2023-03-11T22:58:02.137+0000] {processor.py:154} INFO - Started process (PID=36316) to work on /home/airflow/.local/lib/python3.7/site-packages/airflow/example_dags/example_datasets.py
[2023-03-11T22:58:02.139+0000] {processor.py:756} INFO - Processing file /home/airflow/.local/lib/python3.7/site-packages/airflow/example_dags/example_datasets.py for tasks to queue
[2023-03-11T22:58:02.140+0000] {logging_mixin.py:120} INFO - [2023-03-11T22:58:02.140+0000] {dagbag.py:537} INFO - Filling up the DagBag from /home/airflow/.local/lib/python3.7/site-packages/airflow/example_dags/example_datasets.py
[2023-03-11T22:58:02.164+0000] {processor.py:766} INFO - DAG(s) dict_keys(['dataset_consumes_1_never_scheduled', 'dataset_consumes_1', 'dataset_produces_1', 'dataset_consumes_unknown_never_scheduled', 'dataset_consumes_1_and_2', 'dataset_produces_2']) retrieved from /home/airflow/.local/lib/python3.7/site-packages/airflow/example_dags/example_datasets.py
[2023-03-11T22:58:02.228+0000] {logging_mixin.py:120} INFO - [2023-03-11T22:58:02.227+0000] {dag.py:2585} INFO - Sync 6 DAGs
[2023-03-11T22:58:02.247+0000] {logging_mixin.py:120} INFO - [2023-03-11T22:58:02.246+0000] {dag.py:3340} INFO - Setting next_dagrun for dataset_consumes_1 to None, run_after=None
[2023-03-11T22:58:02.249+0000] {logging_mixin.py:120} INFO - [2023-03-11T22:58:02.249+0000] {dag.py:3340} INFO - Setting next_dagrun for dataset_consumes_1_and_2 to None, run_after=None
[2023-03-11T22:58:02.250+0000] {logging_mixin.py:120} INFO - [2023-03-11T22:58:02.250+0000] {dag.py:3340} INFO - Setting next_dagrun for dataset_consumes_1_never_scheduled to None, run_after=None
[2023-03-11T22:58:02.251+0000] {logging_mixin.py:120} INFO - [2023-03-11T22:58:02.251+0000] {dag.py:3340} INFO - Setting next_dagrun for dataset_consumes_unknown_never_scheduled to None, run_after=None
[2023-03-11T22:58:02.253+0000] {logging_mixin.py:120} INFO - [2023-03-11T22:58:02.253+0000] {dag.py:3340} INFO - Setting next_dagrun for dataset_produces_1 to 2023-03-10T00:00:00+00:00, run_after=2023-03-11T00:00:00+00:00
[2023-03-11T22:58:02.253+0000] {logging_mixin.py:120} INFO - [2023-03-11T22:58:02.253+0000] {dag.py:3340} INFO - Setting next_dagrun for dataset_produces_2 to None, run_after=None
[2023-03-11T22:58:02.272+0000] {processor.py:176} INFO - Processing /home/airflow/.local/lib/python3.7/site-packages/airflow/example_dags/example_datasets.py took 0.144 seconds
