[2023-03-11T00:06:56.501+0000] {processor.py:154} INFO - Started process (PID=35118) to work on /home/airflow/.local/lib/python3.7/site-packages/airflow/example_dags/example_skip_dag.py
[2023-03-11T00:06:56.502+0000] {processor.py:756} INFO - Processing file /home/airflow/.local/lib/python3.7/site-packages/airflow/example_dags/example_skip_dag.py for tasks to queue
[2023-03-11T00:06:56.502+0000] {logging_mixin.py:120} INFO - [2023-03-11T00:06:56.502+0000] {dagbag.py:537} INFO - Filling up the DagBag from /home/airflow/.local/lib/python3.7/site-packages/airflow/example_dags/example_skip_dag.py
[2023-03-11T00:06:56.520+0000] {processor.py:766} INFO - DAG(s) dict_keys(['example_skip_dag']) retrieved from /home/airflow/.local/lib/python3.7/site-packages/airflow/example_dags/example_skip_dag.py
[2023-03-11T00:06:56.572+0000] {logging_mixin.py:120} INFO - [2023-03-11T00:06:56.572+0000] {dag.py:2585} INFO - Sync 1 DAGs
[2023-03-11T00:06:56.596+0000] {logging_mixin.py:120} INFO - [2023-03-11T00:06:56.596+0000] {dag.py:3340} INFO - Setting next_dagrun for example_skip_dag to 2023-03-10T00:06:56.596620+00:00, run_after=2023-03-11T00:06:56.596620+00:00
[2023-03-11T00:06:56.625+0000] {processor.py:176} INFO - Processing /home/airflow/.local/lib/python3.7/site-packages/airflow/example_dags/example_skip_dag.py took 0.126 seconds
[2023-03-11T01:13:28.308+0000] {processor.py:154} INFO - Started process (PID=35181) to work on /home/airflow/.local/lib/python3.7/site-packages/airflow/example_dags/example_skip_dag.py
[2023-03-11T01:13:28.311+0000] {processor.py:756} INFO - Processing file /home/airflow/.local/lib/python3.7/site-packages/airflow/example_dags/example_skip_dag.py for tasks to queue
[2023-03-11T01:13:28.312+0000] {logging_mixin.py:120} INFO - [2023-03-11T01:13:28.312+0000] {dagbag.py:537} INFO - Filling up the DagBag from /home/airflow/.local/lib/python3.7/site-packages/airflow/example_dags/example_skip_dag.py
[2023-03-11T01:13:28.323+0000] {processor.py:766} INFO - DAG(s) dict_keys(['example_skip_dag']) retrieved from /home/airflow/.local/lib/python3.7/site-packages/airflow/example_dags/example_skip_dag.py
[2023-03-11T01:13:28.379+0000] {logging_mixin.py:120} INFO - [2023-03-11T01:13:28.379+0000] {dag.py:2585} INFO - Sync 1 DAGs
[2023-03-11T01:13:28.396+0000] {logging_mixin.py:120} INFO - [2023-03-11T01:13:28.396+0000] {dag.py:3340} INFO - Setting next_dagrun for example_skip_dag to 2023-03-10T01:13:28.396411+00:00, run_after=2023-03-11T01:13:28.396411+00:00
[2023-03-11T01:13:28.413+0000] {processor.py:176} INFO - Processing /home/airflow/.local/lib/python3.7/site-packages/airflow/example_dags/example_skip_dag.py took 0.108 seconds
[2023-03-11T02:21:51.405+0000] {processor.py:154} INFO - Started process (PID=35245) to work on /home/airflow/.local/lib/python3.7/site-packages/airflow/example_dags/example_skip_dag.py
[2023-03-11T02:21:51.406+0000] {processor.py:756} INFO - Processing file /home/airflow/.local/lib/python3.7/site-packages/airflow/example_dags/example_skip_dag.py for tasks to queue
[2023-03-11T02:21:51.407+0000] {logging_mixin.py:120} INFO - [2023-03-11T02:21:51.407+0000] {dagbag.py:537} INFO - Filling up the DagBag from /home/airflow/.local/lib/python3.7/site-packages/airflow/example_dags/example_skip_dag.py
[2023-03-11T02:21:51.417+0000] {processor.py:766} INFO - DAG(s) dict_keys(['example_skip_dag']) retrieved from /home/airflow/.local/lib/python3.7/site-packages/airflow/example_dags/example_skip_dag.py
[2023-03-11T02:21:51.465+0000] {logging_mixin.py:120} INFO - [2023-03-11T02:21:51.464+0000] {dag.py:2585} INFO - Sync 1 DAGs
[2023-03-11T02:21:51.484+0000] {logging_mixin.py:120} INFO - [2023-03-11T02:21:51.484+0000] {dag.py:3340} INFO - Setting next_dagrun for example_skip_dag to 2023-03-10T02:21:51.484301+00:00, run_after=2023-03-11T02:21:51.484301+00:00
[2023-03-11T02:21:51.504+0000] {processor.py:176} INFO - Processing /home/airflow/.local/lib/python3.7/site-packages/airflow/example_dags/example_skip_dag.py took 0.102 seconds
[2023-03-11T03:28:23.403+0000] {processor.py:154} INFO - Started process (PID=35309) to work on /home/airflow/.local/lib/python3.7/site-packages/airflow/example_dags/example_skip_dag.py
[2023-03-11T03:28:23.409+0000] {processor.py:756} INFO - Processing file /home/airflow/.local/lib/python3.7/site-packages/airflow/example_dags/example_skip_dag.py for tasks to queue
[2023-03-11T03:28:23.411+0000] {logging_mixin.py:120} INFO - [2023-03-11T03:28:23.411+0000] {dagbag.py:537} INFO - Filling up the DagBag from /home/airflow/.local/lib/python3.7/site-packages/airflow/example_dags/example_skip_dag.py
[2023-03-11T03:28:23.423+0000] {processor.py:766} INFO - DAG(s) dict_keys(['example_skip_dag']) retrieved from /home/airflow/.local/lib/python3.7/site-packages/airflow/example_dags/example_skip_dag.py
[2023-03-11T03:28:23.494+0000] {logging_mixin.py:120} INFO - [2023-03-11T03:28:23.494+0000] {dag.py:2585} INFO - Sync 1 DAGs
[2023-03-11T03:28:23.522+0000] {logging_mixin.py:120} INFO - [2023-03-11T03:28:23.521+0000] {dag.py:3340} INFO - Setting next_dagrun for example_skip_dag to 2023-03-10T03:28:23.521441+00:00, run_after=2023-03-11T03:28:23.521441+00:00
[2023-03-11T03:28:23.547+0000] {processor.py:176} INFO - Processing /home/airflow/.local/lib/python3.7/site-packages/airflow/example_dags/example_skip_dag.py took 0.152 seconds
[2023-03-11T04:35:25.642+0000] {processor.py:154} INFO - Started process (PID=35363) to work on /home/airflow/.local/lib/python3.7/site-packages/airflow/example_dags/example_skip_dag.py
[2023-03-11T04:35:25.653+0000] {processor.py:756} INFO - Processing file /home/airflow/.local/lib/python3.7/site-packages/airflow/example_dags/example_skip_dag.py for tasks to queue
[2023-03-11T04:35:25.654+0000] {logging_mixin.py:120} INFO - [2023-03-11T04:35:25.654+0000] {dagbag.py:537} INFO - Filling up the DagBag from /home/airflow/.local/lib/python3.7/site-packages/airflow/example_dags/example_skip_dag.py
[2023-03-11T04:35:25.668+0000] {processor.py:766} INFO - DAG(s) dict_keys(['example_skip_dag']) retrieved from /home/airflow/.local/lib/python3.7/site-packages/airflow/example_dags/example_skip_dag.py
[2023-03-11T04:35:25.722+0000] {logging_mixin.py:120} INFO - [2023-03-11T04:35:25.722+0000] {dag.py:2585} INFO - Sync 1 DAGs
[2023-03-11T04:35:25.746+0000] {logging_mixin.py:120} INFO - [2023-03-11T04:35:25.746+0000] {dag.py:3340} INFO - Setting next_dagrun for example_skip_dag to 2023-03-10T04:35:25.745848+00:00, run_after=2023-03-11T04:35:25.745848+00:00
[2023-03-11T04:35:25.778+0000] {processor.py:176} INFO - Processing /home/airflow/.local/lib/python3.7/site-packages/airflow/example_dags/example_skip_dag.py took 0.139 seconds
[2023-03-11T05:41:15.435+0000] {processor.py:154} INFO - Started process (PID=35426) to work on /home/airflow/.local/lib/python3.7/site-packages/airflow/example_dags/example_skip_dag.py
[2023-03-11T05:41:15.437+0000] {processor.py:756} INFO - Processing file /home/airflow/.local/lib/python3.7/site-packages/airflow/example_dags/example_skip_dag.py for tasks to queue
[2023-03-11T05:41:15.438+0000] {logging_mixin.py:120} INFO - [2023-03-11T05:41:15.438+0000] {dagbag.py:537} INFO - Filling up the DagBag from /home/airflow/.local/lib/python3.7/site-packages/airflow/example_dags/example_skip_dag.py
[2023-03-11T05:41:15.452+0000] {processor.py:766} INFO - DAG(s) dict_keys(['example_skip_dag']) retrieved from /home/airflow/.local/lib/python3.7/site-packages/airflow/example_dags/example_skip_dag.py
[2023-03-11T05:41:15.511+0000] {logging_mixin.py:120} INFO - [2023-03-11T05:41:15.511+0000] {dag.py:2585} INFO - Sync 1 DAGs
[2023-03-11T05:41:15.535+0000] {logging_mixin.py:120} INFO - [2023-03-11T05:41:15.535+0000] {dag.py:3340} INFO - Setting next_dagrun for example_skip_dag to 2023-03-10T05:41:15.535514+00:00, run_after=2023-03-11T05:41:15.535514+00:00
[2023-03-11T05:41:15.560+0000] {processor.py:176} INFO - Processing /home/airflow/.local/lib/python3.7/site-packages/airflow/example_dags/example_skip_dag.py took 0.129 seconds
[2023-03-11T06:48:04.241+0000] {processor.py:154} INFO - Started process (PID=35489) to work on /home/airflow/.local/lib/python3.7/site-packages/airflow/example_dags/example_skip_dag.py
[2023-03-11T06:48:04.243+0000] {processor.py:756} INFO - Processing file /home/airflow/.local/lib/python3.7/site-packages/airflow/example_dags/example_skip_dag.py for tasks to queue
[2023-03-11T06:48:04.244+0000] {logging_mixin.py:120} INFO - [2023-03-11T06:48:04.244+0000] {dagbag.py:537} INFO - Filling up the DagBag from /home/airflow/.local/lib/python3.7/site-packages/airflow/example_dags/example_skip_dag.py
[2023-03-11T06:48:04.255+0000] {processor.py:766} INFO - DAG(s) dict_keys(['example_skip_dag']) retrieved from /home/airflow/.local/lib/python3.7/site-packages/airflow/example_dags/example_skip_dag.py
[2023-03-11T06:48:04.284+0000] {logging_mixin.py:120} INFO - [2023-03-11T06:48:04.283+0000] {dag.py:2585} INFO - Sync 1 DAGs
[2023-03-11T06:48:04.299+0000] {logging_mixin.py:120} INFO - [2023-03-11T06:48:04.299+0000] {dag.py:3340} INFO - Setting next_dagrun for example_skip_dag to 2023-03-10T06:48:04.298945+00:00, run_after=2023-03-11T06:48:04.298945+00:00
[2023-03-11T06:48:04.318+0000] {processor.py:176} INFO - Processing /home/airflow/.local/lib/python3.7/site-packages/airflow/example_dags/example_skip_dag.py took 0.079 seconds
[2023-03-11T07:54:08.382+0000] {processor.py:154} INFO - Started process (PID=35552) to work on /home/airflow/.local/lib/python3.7/site-packages/airflow/example_dags/example_skip_dag.py
[2023-03-11T07:54:08.383+0000] {processor.py:756} INFO - Processing file /home/airflow/.local/lib/python3.7/site-packages/airflow/example_dags/example_skip_dag.py for tasks to queue
[2023-03-11T07:54:08.384+0000] {logging_mixin.py:120} INFO - [2023-03-11T07:54:08.384+0000] {dagbag.py:537} INFO - Filling up the DagBag from /home/airflow/.local/lib/python3.7/site-packages/airflow/example_dags/example_skip_dag.py
[2023-03-11T07:54:08.400+0000] {processor.py:766} INFO - DAG(s) dict_keys(['example_skip_dag']) retrieved from /home/airflow/.local/lib/python3.7/site-packages/airflow/example_dags/example_skip_dag.py
[2023-03-11T07:54:08.450+0000] {logging_mixin.py:120} INFO - [2023-03-11T07:54:08.450+0000] {dag.py:2585} INFO - Sync 1 DAGs
[2023-03-11T07:54:08.483+0000] {logging_mixin.py:120} INFO - [2023-03-11T07:54:08.483+0000] {dag.py:3340} INFO - Setting next_dagrun for example_skip_dag to 2023-03-10T07:54:08.483583+00:00, run_after=2023-03-11T07:54:08.483583+00:00
[2023-03-11T07:54:08.502+0000] {processor.py:176} INFO - Processing /home/airflow/.local/lib/python3.7/site-packages/airflow/example_dags/example_skip_dag.py took 0.123 seconds
[2023-03-11T09:00:25.932+0000] {processor.py:154} INFO - Started process (PID=35606) to work on /home/airflow/.local/lib/python3.7/site-packages/airflow/example_dags/example_skip_dag.py
[2023-03-11T09:00:25.933+0000] {processor.py:756} INFO - Processing file /home/airflow/.local/lib/python3.7/site-packages/airflow/example_dags/example_skip_dag.py for tasks to queue
[2023-03-11T09:00:25.934+0000] {logging_mixin.py:120} INFO - [2023-03-11T09:00:25.934+0000] {dagbag.py:537} INFO - Filling up the DagBag from /home/airflow/.local/lib/python3.7/site-packages/airflow/example_dags/example_skip_dag.py
[2023-03-11T09:00:25.954+0000] {processor.py:766} INFO - DAG(s) dict_keys(['example_skip_dag']) retrieved from /home/airflow/.local/lib/python3.7/site-packages/airflow/example_dags/example_skip_dag.py
[2023-03-11T09:00:26.000+0000] {logging_mixin.py:120} INFO - [2023-03-11T09:00:26.000+0000] {dag.py:2585} INFO - Sync 1 DAGs
[2023-03-11T09:00:26.036+0000] {logging_mixin.py:120} INFO - [2023-03-11T09:00:26.036+0000] {dag.py:3340} INFO - Setting next_dagrun for example_skip_dag to 2023-03-10T09:00:26.036533+00:00, run_after=2023-03-11T09:00:26.036533+00:00
[2023-03-11T09:00:26.084+0000] {processor.py:176} INFO - Processing /home/airflow/.local/lib/python3.7/site-packages/airflow/example_dags/example_skip_dag.py took 0.154 seconds
[2023-03-11T10:06:58.331+0000] {processor.py:154} INFO - Started process (PID=35669) to work on /home/airflow/.local/lib/python3.7/site-packages/airflow/example_dags/example_skip_dag.py
[2023-03-11T10:06:58.342+0000] {processor.py:756} INFO - Processing file /home/airflow/.local/lib/python3.7/site-packages/airflow/example_dags/example_skip_dag.py for tasks to queue
[2023-03-11T10:06:58.343+0000] {logging_mixin.py:120} INFO - [2023-03-11T10:06:58.343+0000] {dagbag.py:537} INFO - Filling up the DagBag from /home/airflow/.local/lib/python3.7/site-packages/airflow/example_dags/example_skip_dag.py
[2023-03-11T10:06:58.359+0000] {processor.py:766} INFO - DAG(s) dict_keys(['example_skip_dag']) retrieved from /home/airflow/.local/lib/python3.7/site-packages/airflow/example_dags/example_skip_dag.py
[2023-03-11T10:06:58.434+0000] {logging_mixin.py:120} INFO - [2023-03-11T10:06:58.432+0000] {dag.py:2585} INFO - Sync 1 DAGs
[2023-03-11T10:06:58.473+0000] {logging_mixin.py:120} INFO - [2023-03-11T10:06:58.473+0000] {dag.py:3340} INFO - Setting next_dagrun for example_skip_dag to 2023-03-10T10:06:58.473209+00:00, run_after=2023-03-11T10:06:58.473209+00:00
[2023-03-11T10:06:58.489+0000] {processor.py:176} INFO - Processing /home/airflow/.local/lib/python3.7/site-packages/airflow/example_dags/example_skip_dag.py took 0.160 seconds
[2023-03-11T11:31:11.218+0000] {processor.py:154} INFO - Started process (PID=35732) to work on /home/airflow/.local/lib/python3.7/site-packages/airflow/example_dags/example_skip_dag.py
[2023-03-11T11:31:11.219+0000] {processor.py:756} INFO - Processing file /home/airflow/.local/lib/python3.7/site-packages/airflow/example_dags/example_skip_dag.py for tasks to queue
[2023-03-11T11:31:11.220+0000] {logging_mixin.py:120} INFO - [2023-03-11T11:31:11.220+0000] {dagbag.py:537} INFO - Filling up the DagBag from /home/airflow/.local/lib/python3.7/site-packages/airflow/example_dags/example_skip_dag.py
[2023-03-11T11:31:11.235+0000] {processor.py:766} INFO - DAG(s) dict_keys(['example_skip_dag']) retrieved from /home/airflow/.local/lib/python3.7/site-packages/airflow/example_dags/example_skip_dag.py
[2023-03-11T11:31:11.277+0000] {logging_mixin.py:120} INFO - [2023-03-11T11:31:11.277+0000] {dag.py:2585} INFO - Sync 1 DAGs
[2023-03-11T11:31:11.300+0000] {logging_mixin.py:120} INFO - [2023-03-11T11:31:11.300+0000] {dag.py:3340} INFO - Setting next_dagrun for example_skip_dag to 2023-03-10T11:31:11.299838+00:00, run_after=2023-03-11T11:31:11.299838+00:00
[2023-03-11T11:31:11.315+0000] {processor.py:176} INFO - Processing /home/airflow/.local/lib/python3.7/site-packages/airflow/example_dags/example_skip_dag.py took 0.100 seconds
[2023-03-11T12:37:41.476+0000] {processor.py:154} INFO - Started process (PID=35795) to work on /home/airflow/.local/lib/python3.7/site-packages/airflow/example_dags/example_skip_dag.py
[2023-03-11T12:37:41.478+0000] {processor.py:756} INFO - Processing file /home/airflow/.local/lib/python3.7/site-packages/airflow/example_dags/example_skip_dag.py for tasks to queue
[2023-03-11T12:37:41.479+0000] {logging_mixin.py:120} INFO - [2023-03-11T12:37:41.479+0000] {dagbag.py:537} INFO - Filling up the DagBag from /home/airflow/.local/lib/python3.7/site-packages/airflow/example_dags/example_skip_dag.py
[2023-03-11T12:37:41.498+0000] {processor.py:766} INFO - DAG(s) dict_keys(['example_skip_dag']) retrieved from /home/airflow/.local/lib/python3.7/site-packages/airflow/example_dags/example_skip_dag.py
[2023-03-11T12:37:41.557+0000] {logging_mixin.py:120} INFO - [2023-03-11T12:37:41.557+0000] {dag.py:2585} INFO - Sync 1 DAGs
[2023-03-11T12:37:41.583+0000] {logging_mixin.py:120} INFO - [2023-03-11T12:37:41.582+0000] {dag.py:3340} INFO - Setting next_dagrun for example_skip_dag to 2023-03-10T12:37:41.578312+00:00, run_after=2023-03-11T12:37:41.578312+00:00
[2023-03-11T12:37:41.600+0000] {processor.py:176} INFO - Processing /home/airflow/.local/lib/python3.7/site-packages/airflow/example_dags/example_skip_dag.py took 0.128 seconds
[2023-03-11T13:38:02.796+0000] {processor.py:154} INFO - Started process (PID=35857) to work on /home/airflow/.local/lib/python3.7/site-packages/airflow/example_dags/example_skip_dag.py
[2023-03-11T13:38:02.798+0000] {processor.py:756} INFO - Processing file /home/airflow/.local/lib/python3.7/site-packages/airflow/example_dags/example_skip_dag.py for tasks to queue
[2023-03-11T13:38:02.799+0000] {logging_mixin.py:120} INFO - [2023-03-11T13:38:02.799+0000] {dagbag.py:537} INFO - Filling up the DagBag from /home/airflow/.local/lib/python3.7/site-packages/airflow/example_dags/example_skip_dag.py
[2023-03-11T13:38:02.823+0000] {processor.py:766} INFO - DAG(s) dict_keys(['example_skip_dag']) retrieved from /home/airflow/.local/lib/python3.7/site-packages/airflow/example_dags/example_skip_dag.py
[2023-03-11T13:38:02.870+0000] {logging_mixin.py:120} INFO - [2023-03-11T13:38:02.870+0000] {dag.py:2585} INFO - Sync 1 DAGs
[2023-03-11T13:38:02.893+0000] {logging_mixin.py:120} INFO - [2023-03-11T13:38:02.893+0000] {dag.py:3340} INFO - Setting next_dagrun for example_skip_dag to 2023-03-10T13:38:02.892960+00:00, run_after=2023-03-11T13:38:02.892960+00:00
[2023-03-11T13:38:02.909+0000] {processor.py:176} INFO - Processing /home/airflow/.local/lib/python3.7/site-packages/airflow/example_dags/example_skip_dag.py took 0.116 seconds
[2023-03-11T14:48:00.335+0000] {processor.py:154} INFO - Started process (PID=35911) to work on /home/airflow/.local/lib/python3.7/site-packages/airflow/example_dags/example_skip_dag.py
[2023-03-11T14:48:00.336+0000] {processor.py:756} INFO - Processing file /home/airflow/.local/lib/python3.7/site-packages/airflow/example_dags/example_skip_dag.py for tasks to queue
[2023-03-11T14:48:00.337+0000] {logging_mixin.py:120} INFO - [2023-03-11T14:48:00.337+0000] {dagbag.py:537} INFO - Filling up the DagBag from /home/airflow/.local/lib/python3.7/site-packages/airflow/example_dags/example_skip_dag.py
[2023-03-11T14:48:00.355+0000] {processor.py:766} INFO - DAG(s) dict_keys(['example_skip_dag']) retrieved from /home/airflow/.local/lib/python3.7/site-packages/airflow/example_dags/example_skip_dag.py
[2023-03-11T14:48:00.399+0000] {logging_mixin.py:120} INFO - [2023-03-11T14:48:00.398+0000] {dag.py:2585} INFO - Sync 1 DAGs
[2023-03-11T14:48:00.420+0000] {logging_mixin.py:120} INFO - [2023-03-11T14:48:00.420+0000] {dag.py:3340} INFO - Setting next_dagrun for example_skip_dag to 2023-03-10T14:48:00.420637+00:00, run_after=2023-03-11T14:48:00.420637+00:00
[2023-03-11T14:48:00.441+0000] {processor.py:176} INFO - Processing /home/airflow/.local/lib/python3.7/site-packages/airflow/example_dags/example_skip_dag.py took 0.111 seconds
[2023-03-11T16:07:42.369+0000] {processor.py:154} INFO - Started process (PID=35974) to work on /home/airflow/.local/lib/python3.7/site-packages/airflow/example_dags/example_skip_dag.py
[2023-03-11T16:07:42.370+0000] {processor.py:756} INFO - Processing file /home/airflow/.local/lib/python3.7/site-packages/airflow/example_dags/example_skip_dag.py for tasks to queue
[2023-03-11T16:07:42.374+0000] {logging_mixin.py:120} INFO - [2023-03-11T16:07:42.374+0000] {dagbag.py:537} INFO - Filling up the DagBag from /home/airflow/.local/lib/python3.7/site-packages/airflow/example_dags/example_skip_dag.py
[2023-03-11T16:07:42.387+0000] {processor.py:766} INFO - DAG(s) dict_keys(['example_skip_dag']) retrieved from /home/airflow/.local/lib/python3.7/site-packages/airflow/example_dags/example_skip_dag.py
[2023-03-11T16:07:42.431+0000] {logging_mixin.py:120} INFO - [2023-03-11T16:07:42.431+0000] {dag.py:2585} INFO - Sync 1 DAGs
[2023-03-11T16:07:42.452+0000] {logging_mixin.py:120} INFO - [2023-03-11T16:07:42.452+0000] {dag.py:3340} INFO - Setting next_dagrun for example_skip_dag to 2023-03-10T16:07:42.451893+00:00, run_after=2023-03-11T16:07:42.451893+00:00
[2023-03-11T16:07:42.509+0000] {processor.py:176} INFO - Processing /home/airflow/.local/lib/python3.7/site-packages/airflow/example_dags/example_skip_dag.py took 0.142 seconds
[2023-03-11T17:14:07.233+0000] {processor.py:154} INFO - Started process (PID=36037) to work on /home/airflow/.local/lib/python3.7/site-packages/airflow/example_dags/example_skip_dag.py
[2023-03-11T17:14:07.235+0000] {processor.py:756} INFO - Processing file /home/airflow/.local/lib/python3.7/site-packages/airflow/example_dags/example_skip_dag.py for tasks to queue
[2023-03-11T17:14:07.236+0000] {logging_mixin.py:120} INFO - [2023-03-11T17:14:07.236+0000] {dagbag.py:537} INFO - Filling up the DagBag from /home/airflow/.local/lib/python3.7/site-packages/airflow/example_dags/example_skip_dag.py
[2023-03-11T17:14:07.247+0000] {processor.py:766} INFO - DAG(s) dict_keys(['example_skip_dag']) retrieved from /home/airflow/.local/lib/python3.7/site-packages/airflow/example_dags/example_skip_dag.py
[2023-03-11T17:14:07.299+0000] {logging_mixin.py:120} INFO - [2023-03-11T17:14:07.299+0000] {dag.py:2585} INFO - Sync 1 DAGs
[2023-03-11T17:14:07.319+0000] {logging_mixin.py:120} INFO - [2023-03-11T17:14:07.319+0000] {dag.py:3340} INFO - Setting next_dagrun for example_skip_dag to 2023-03-10T17:14:07.319439+00:00, run_after=2023-03-11T17:14:07.319439+00:00
[2023-03-11T17:14:07.332+0000] {processor.py:176} INFO - Processing /home/airflow/.local/lib/python3.7/site-packages/airflow/example_dags/example_skip_dag.py took 0.102 seconds
[2023-03-11T18:22:31.519+0000] {processor.py:154} INFO - Started process (PID=36099) to work on /home/airflow/.local/lib/python3.7/site-packages/airflow/example_dags/example_skip_dag.py
[2023-03-11T18:22:31.520+0000] {processor.py:756} INFO - Processing file /home/airflow/.local/lib/python3.7/site-packages/airflow/example_dags/example_skip_dag.py for tasks to queue
[2023-03-11T18:22:31.521+0000] {logging_mixin.py:120} INFO - [2023-03-11T18:22:31.521+0000] {dagbag.py:537} INFO - Filling up the DagBag from /home/airflow/.local/lib/python3.7/site-packages/airflow/example_dags/example_skip_dag.py
[2023-03-11T18:22:31.531+0000] {processor.py:766} INFO - DAG(s) dict_keys(['example_skip_dag']) retrieved from /home/airflow/.local/lib/python3.7/site-packages/airflow/example_dags/example_skip_dag.py
[2023-03-11T18:22:31.571+0000] {logging_mixin.py:120} INFO - [2023-03-11T18:22:31.571+0000] {dag.py:2585} INFO - Sync 1 DAGs
[2023-03-11T18:22:31.586+0000] {logging_mixin.py:120} INFO - [2023-03-11T18:22:31.586+0000] {dag.py:3340} INFO - Setting next_dagrun for example_skip_dag to 2023-03-10T18:22:31.586044+00:00, run_after=2023-03-11T18:22:31.586044+00:00
[2023-03-11T18:22:31.596+0000] {processor.py:176} INFO - Processing /home/airflow/.local/lib/python3.7/site-packages/airflow/example_dags/example_skip_dag.py took 0.080 seconds
[2023-03-11T19:27:37.891+0000] {processor.py:154} INFO - Started process (PID=36162) to work on /home/airflow/.local/lib/python3.7/site-packages/airflow/example_dags/example_skip_dag.py
[2023-03-11T19:27:37.892+0000] {processor.py:756} INFO - Processing file /home/airflow/.local/lib/python3.7/site-packages/airflow/example_dags/example_skip_dag.py for tasks to queue
[2023-03-11T19:27:37.893+0000] {logging_mixin.py:120} INFO - [2023-03-11T19:27:37.893+0000] {dagbag.py:537} INFO - Filling up the DagBag from /home/airflow/.local/lib/python3.7/site-packages/airflow/example_dags/example_skip_dag.py
[2023-03-11T19:27:37.904+0000] {processor.py:766} INFO - DAG(s) dict_keys(['example_skip_dag']) retrieved from /home/airflow/.local/lib/python3.7/site-packages/airflow/example_dags/example_skip_dag.py
[2023-03-11T19:27:37.935+0000] {logging_mixin.py:120} INFO - [2023-03-11T19:27:37.935+0000] {dag.py:2585} INFO - Sync 1 DAGs
[2023-03-11T19:27:37.951+0000] {logging_mixin.py:120} INFO - [2023-03-11T19:27:37.951+0000] {dag.py:3340} INFO - Setting next_dagrun for example_skip_dag to 2023-03-10T19:27:37.951466+00:00, run_after=2023-03-11T19:27:37.951466+00:00
[2023-03-11T19:27:37.978+0000] {processor.py:176} INFO - Processing /home/airflow/.local/lib/python3.7/site-packages/airflow/example_dags/example_skip_dag.py took 0.091 seconds
[2023-03-11T20:33:23.033+0000] {processor.py:154} INFO - Started process (PID=36216) to work on /home/airflow/.local/lib/python3.7/site-packages/airflow/example_dags/example_skip_dag.py
[2023-03-11T20:33:23.034+0000] {processor.py:756} INFO - Processing file /home/airflow/.local/lib/python3.7/site-packages/airflow/example_dags/example_skip_dag.py for tasks to queue
[2023-03-11T20:33:23.035+0000] {logging_mixin.py:120} INFO - [2023-03-11T20:33:23.034+0000] {dagbag.py:537} INFO - Filling up the DagBag from /home/airflow/.local/lib/python3.7/site-packages/airflow/example_dags/example_skip_dag.py
[2023-03-11T20:33:23.046+0000] {processor.py:766} INFO - DAG(s) dict_keys(['example_skip_dag']) retrieved from /home/airflow/.local/lib/python3.7/site-packages/airflow/example_dags/example_skip_dag.py
[2023-03-11T20:33:23.081+0000] {logging_mixin.py:120} INFO - [2023-03-11T20:33:23.081+0000] {dag.py:2585} INFO - Sync 1 DAGs
[2023-03-11T20:33:23.101+0000] {logging_mixin.py:120} INFO - [2023-03-11T20:33:23.101+0000] {dag.py:3340} INFO - Setting next_dagrun for example_skip_dag to 2023-03-10T20:33:23.100625+00:00, run_after=2023-03-11T20:33:23.100625+00:00
[2023-03-11T20:33:23.124+0000] {processor.py:176} INFO - Processing /home/airflow/.local/lib/python3.7/site-packages/airflow/example_dags/example_skip_dag.py took 0.096 seconds
[2023-03-11T21:49:22.266+0000] {processor.py:154} INFO - Started process (PID=36279) to work on /home/airflow/.local/lib/python3.7/site-packages/airflow/example_dags/example_skip_dag.py
[2023-03-11T21:49:22.267+0000] {processor.py:756} INFO - Processing file /home/airflow/.local/lib/python3.7/site-packages/airflow/example_dags/example_skip_dag.py for tasks to queue
[2023-03-11T21:49:22.268+0000] {logging_mixin.py:120} INFO - [2023-03-11T21:49:22.268+0000] {dagbag.py:537} INFO - Filling up the DagBag from /home/airflow/.local/lib/python3.7/site-packages/airflow/example_dags/example_skip_dag.py
[2023-03-11T21:49:22.282+0000] {processor.py:766} INFO - DAG(s) dict_keys(['example_skip_dag']) retrieved from /home/airflow/.local/lib/python3.7/site-packages/airflow/example_dags/example_skip_dag.py
[2023-03-11T21:49:22.318+0000] {logging_mixin.py:120} INFO - [2023-03-11T21:49:22.318+0000] {dag.py:2585} INFO - Sync 1 DAGs
[2023-03-11T21:49:22.339+0000] {logging_mixin.py:120} INFO - [2023-03-11T21:49:22.339+0000] {dag.py:3340} INFO - Setting next_dagrun for example_skip_dag to 2023-03-10T21:49:22.338792+00:00, run_after=2023-03-11T21:49:22.338792+00:00
[2023-03-11T21:49:22.355+0000] {processor.py:176} INFO - Processing /home/airflow/.local/lib/python3.7/site-packages/airflow/example_dags/example_skip_dag.py took 0.092 seconds
[2023-03-11T22:58:04.423+0000] {processor.py:154} INFO - Started process (PID=36342) to work on /home/airflow/.local/lib/python3.7/site-packages/airflow/example_dags/example_skip_dag.py
[2023-03-11T22:58:04.424+0000] {processor.py:756} INFO - Processing file /home/airflow/.local/lib/python3.7/site-packages/airflow/example_dags/example_skip_dag.py for tasks to queue
[2023-03-11T22:58:04.425+0000] {logging_mixin.py:120} INFO - [2023-03-11T22:58:04.425+0000] {dagbag.py:537} INFO - Filling up the DagBag from /home/airflow/.local/lib/python3.7/site-packages/airflow/example_dags/example_skip_dag.py
[2023-03-11T22:58:04.440+0000] {processor.py:766} INFO - DAG(s) dict_keys(['example_skip_dag']) retrieved from /home/airflow/.local/lib/python3.7/site-packages/airflow/example_dags/example_skip_dag.py
[2023-03-11T22:58:04.489+0000] {logging_mixin.py:120} INFO - [2023-03-11T22:58:04.489+0000] {dag.py:2585} INFO - Sync 1 DAGs
[2023-03-11T22:58:04.512+0000] {logging_mixin.py:120} INFO - [2023-03-11T22:58:04.511+0000] {dag.py:3340} INFO - Setting next_dagrun for example_skip_dag to 2023-03-10T22:58:04.511736+00:00, run_after=2023-03-11T22:58:04.511736+00:00
[2023-03-11T22:58:04.537+0000] {processor.py:176} INFO - Processing /home/airflow/.local/lib/python3.7/site-packages/airflow/example_dags/example_skip_dag.py took 0.116 seconds
