[2023-03-11T00:06:56.235+0000] {processor.py:154} INFO - Started process (PID=35115) to work on /home/airflow/.local/lib/python3.7/site-packages/airflow/example_dags/example_subdag_operator.py
[2023-03-11T00:06:56.239+0000] {processor.py:756} INFO - Processing file /home/airflow/.local/lib/python3.7/site-packages/airflow/example_dags/example_subdag_operator.py for tasks to queue
[2023-03-11T00:06:56.240+0000] {logging_mixin.py:120} INFO - [2023-03-11T00:06:56.240+0000] {dagbag.py:537} INFO - Filling up the DagBag from /home/airflow/.local/lib/python3.7/site-packages/airflow/example_dags/example_subdag_operator.py
[2023-03-11T00:06:56.282+0000] {processor.py:766} INFO - DAG(s) dict_keys(['example_subdag_operator.section-1', 'example_subdag_operator.section-2', 'example_subdag_operator']) retrieved from /home/airflow/.local/lib/python3.7/site-packages/airflow/example_dags/example_subdag_operator.py
[2023-03-11T00:06:56.404+0000] {logging_mixin.py:120} INFO - [2023-03-11T00:06:56.404+0000] {dag.py:2585} INFO - Sync 3 DAGs
[2023-03-11T00:06:56.420+0000] {logging_mixin.py:120} INFO - [2023-03-11T00:06:56.420+0000] {dag.py:3340} INFO - Setting next_dagrun for example_subdag_operator to 2022-01-01T00:00:00+00:00, run_after=2022-01-01T00:00:00+00:00
[2023-03-11T00:06:56.424+0000] {logging_mixin.py:120} INFO - [2023-03-11T00:06:56.424+0000] {dag.py:3340} INFO - Setting next_dagrun for example_subdag_operator.section-1 to None, run_after=None
[2023-03-11T00:06:56.425+0000] {logging_mixin.py:120} INFO - [2023-03-11T00:06:56.425+0000] {dag.py:3340} INFO - Setting next_dagrun for example_subdag_operator.section-2 to None, run_after=None
[2023-03-11T00:06:56.429+0000] {logging_mixin.py:120} INFO - [2023-03-11T00:06:56.429+0000] {dag.py:2585} INFO - Sync 2 DAGs
[2023-03-11T00:06:56.432+0000] {logging_mixin.py:120} INFO - [2023-03-11T00:06:56.432+0000] {dag.py:3340} INFO - Setting next_dagrun for example_subdag_operator.section-1 to None, run_after=None
[2023-03-11T00:06:56.433+0000] {logging_mixin.py:120} INFO - [2023-03-11T00:06:56.433+0000] {dag.py:3340} INFO - Setting next_dagrun for example_subdag_operator.section-2 to None, run_after=None
[2023-03-11T00:06:56.441+0000] {processor.py:176} INFO - Processing /home/airflow/.local/lib/python3.7/site-packages/airflow/example_dags/example_subdag_operator.py took 0.209 seconds
[2023-03-11T01:13:27.960+0000] {processor.py:154} INFO - Started process (PID=35178) to work on /home/airflow/.local/lib/python3.7/site-packages/airflow/example_dags/example_subdag_operator.py
[2023-03-11T01:13:27.965+0000] {processor.py:756} INFO - Processing file /home/airflow/.local/lib/python3.7/site-packages/airflow/example_dags/example_subdag_operator.py for tasks to queue
[2023-03-11T01:13:27.966+0000] {logging_mixin.py:120} INFO - [2023-03-11T01:13:27.966+0000] {dagbag.py:537} INFO - Filling up the DagBag from /home/airflow/.local/lib/python3.7/site-packages/airflow/example_dags/example_subdag_operator.py
[2023-03-11T01:13:27.995+0000] {processor.py:766} INFO - DAG(s) dict_keys(['example_subdag_operator.section-1', 'example_subdag_operator.section-2', 'example_subdag_operator']) retrieved from /home/airflow/.local/lib/python3.7/site-packages/airflow/example_dags/example_subdag_operator.py
[2023-03-11T01:13:28.099+0000] {logging_mixin.py:120} INFO - [2023-03-11T01:13:28.099+0000] {dag.py:2585} INFO - Sync 3 DAGs
[2023-03-11T01:13:28.115+0000] {logging_mixin.py:120} INFO - [2023-03-11T01:13:28.115+0000] {dag.py:3340} INFO - Setting next_dagrun for example_subdag_operator to 2022-01-01T00:00:00+00:00, run_after=2022-01-01T00:00:00+00:00
[2023-03-11T01:13:28.119+0000] {logging_mixin.py:120} INFO - [2023-03-11T01:13:28.119+0000] {dag.py:3340} INFO - Setting next_dagrun for example_subdag_operator.section-1 to None, run_after=None
[2023-03-11T01:13:28.121+0000] {logging_mixin.py:120} INFO - [2023-03-11T01:13:28.120+0000] {dag.py:3340} INFO - Setting next_dagrun for example_subdag_operator.section-2 to None, run_after=None
[2023-03-11T01:13:28.127+0000] {logging_mixin.py:120} INFO - [2023-03-11T01:13:28.127+0000] {dag.py:2585} INFO - Sync 2 DAGs
[2023-03-11T01:13:28.132+0000] {logging_mixin.py:120} INFO - [2023-03-11T01:13:28.132+0000] {dag.py:3340} INFO - Setting next_dagrun for example_subdag_operator.section-1 to None, run_after=None
[2023-03-11T01:13:28.133+0000] {logging_mixin.py:120} INFO - [2023-03-11T01:13:28.132+0000] {dag.py:3340} INFO - Setting next_dagrun for example_subdag_operator.section-2 to None, run_after=None
[2023-03-11T01:13:28.139+0000] {processor.py:176} INFO - Processing /home/airflow/.local/lib/python3.7/site-packages/airflow/example_dags/example_subdag_operator.py took 0.182 seconds
[2023-03-11T02:21:51.121+0000] {processor.py:154} INFO - Started process (PID=35242) to work on /home/airflow/.local/lib/python3.7/site-packages/airflow/example_dags/example_subdag_operator.py
[2023-03-11T02:21:51.122+0000] {processor.py:756} INFO - Processing file /home/airflow/.local/lib/python3.7/site-packages/airflow/example_dags/example_subdag_operator.py for tasks to queue
[2023-03-11T02:21:51.123+0000] {logging_mixin.py:120} INFO - [2023-03-11T02:21:51.123+0000] {dagbag.py:537} INFO - Filling up the DagBag from /home/airflow/.local/lib/python3.7/site-packages/airflow/example_dags/example_subdag_operator.py
[2023-03-11T02:21:51.155+0000] {processor.py:766} INFO - DAG(s) dict_keys(['example_subdag_operator.section-1', 'example_subdag_operator.section-2', 'example_subdag_operator']) retrieved from /home/airflow/.local/lib/python3.7/site-packages/airflow/example_dags/example_subdag_operator.py
[2023-03-11T02:21:51.254+0000] {logging_mixin.py:120} INFO - [2023-03-11T02:21:51.254+0000] {dag.py:2585} INFO - Sync 3 DAGs
[2023-03-11T02:21:51.269+0000] {logging_mixin.py:120} INFO - [2023-03-11T02:21:51.269+0000] {dag.py:3340} INFO - Setting next_dagrun for example_subdag_operator to 2022-01-01T00:00:00+00:00, run_after=2022-01-01T00:00:00+00:00
[2023-03-11T02:21:51.271+0000] {logging_mixin.py:120} INFO - [2023-03-11T02:21:51.271+0000] {dag.py:3340} INFO - Setting next_dagrun for example_subdag_operator.section-1 to None, run_after=None
[2023-03-11T02:21:51.273+0000] {logging_mixin.py:120} INFO - [2023-03-11T02:21:51.273+0000] {dag.py:3340} INFO - Setting next_dagrun for example_subdag_operator.section-2 to None, run_after=None
[2023-03-11T02:21:51.279+0000] {logging_mixin.py:120} INFO - [2023-03-11T02:21:51.279+0000] {dag.py:2585} INFO - Sync 2 DAGs
[2023-03-11T02:21:51.282+0000] {logging_mixin.py:120} INFO - [2023-03-11T02:21:51.282+0000] {dag.py:3340} INFO - Setting next_dagrun for example_subdag_operator.section-1 to None, run_after=None
[2023-03-11T02:21:51.283+0000] {logging_mixin.py:120} INFO - [2023-03-11T02:21:51.283+0000] {dag.py:3340} INFO - Setting next_dagrun for example_subdag_operator.section-2 to None, run_after=None
[2023-03-11T02:21:51.290+0000] {processor.py:176} INFO - Processing /home/airflow/.local/lib/python3.7/site-packages/airflow/example_dags/example_subdag_operator.py took 0.171 seconds
[2023-03-11T03:28:22.902+0000] {processor.py:154} INFO - Started process (PID=35306) to work on /home/airflow/.local/lib/python3.7/site-packages/airflow/example_dags/example_subdag_operator.py
[2023-03-11T03:28:22.903+0000] {processor.py:756} INFO - Processing file /home/airflow/.local/lib/python3.7/site-packages/airflow/example_dags/example_subdag_operator.py for tasks to queue
[2023-03-11T03:28:22.904+0000] {logging_mixin.py:120} INFO - [2023-03-11T03:28:22.904+0000] {dagbag.py:537} INFO - Filling up the DagBag from /home/airflow/.local/lib/python3.7/site-packages/airflow/example_dags/example_subdag_operator.py
[2023-03-11T03:28:22.949+0000] {processor.py:766} INFO - DAG(s) dict_keys(['example_subdag_operator.section-1', 'example_subdag_operator.section-2', 'example_subdag_operator']) retrieved from /home/airflow/.local/lib/python3.7/site-packages/airflow/example_dags/example_subdag_operator.py
[2023-03-11T03:28:23.152+0000] {logging_mixin.py:120} INFO - [2023-03-11T03:28:23.152+0000] {dag.py:2585} INFO - Sync 3 DAGs
[2023-03-11T03:28:23.188+0000] {logging_mixin.py:120} INFO - [2023-03-11T03:28:23.188+0000] {dag.py:3340} INFO - Setting next_dagrun for example_subdag_operator to 2022-01-01T00:00:00+00:00, run_after=2022-01-01T00:00:00+00:00
[2023-03-11T03:28:23.191+0000] {logging_mixin.py:120} INFO - [2023-03-11T03:28:23.191+0000] {dag.py:3340} INFO - Setting next_dagrun for example_subdag_operator.section-1 to None, run_after=None
[2023-03-11T03:28:23.193+0000] {logging_mixin.py:120} INFO - [2023-03-11T03:28:23.193+0000] {dag.py:3340} INFO - Setting next_dagrun for example_subdag_operator.section-2 to None, run_after=None
[2023-03-11T03:28:23.202+0000] {logging_mixin.py:120} INFO - [2023-03-11T03:28:23.202+0000] {dag.py:2585} INFO - Sync 2 DAGs
[2023-03-11T03:28:23.214+0000] {logging_mixin.py:120} INFO - [2023-03-11T03:28:23.214+0000] {dag.py:3340} INFO - Setting next_dagrun for example_subdag_operator.section-1 to None, run_after=None
[2023-03-11T03:28:23.218+0000] {logging_mixin.py:120} INFO - [2023-03-11T03:28:23.218+0000] {dag.py:3340} INFO - Setting next_dagrun for example_subdag_operator.section-2 to None, run_after=None
[2023-03-11T03:28:23.225+0000] {processor.py:176} INFO - Processing /home/airflow/.local/lib/python3.7/site-packages/airflow/example_dags/example_subdag_operator.py took 0.326 seconds
[2023-03-11T04:35:25.347+0000] {processor.py:154} INFO - Started process (PID=35360) to work on /home/airflow/.local/lib/python3.7/site-packages/airflow/example_dags/example_subdag_operator.py
[2023-03-11T04:35:25.348+0000] {processor.py:756} INFO - Processing file /home/airflow/.local/lib/python3.7/site-packages/airflow/example_dags/example_subdag_operator.py for tasks to queue
[2023-03-11T04:35:25.349+0000] {logging_mixin.py:120} INFO - [2023-03-11T04:35:25.349+0000] {dagbag.py:537} INFO - Filling up the DagBag from /home/airflow/.local/lib/python3.7/site-packages/airflow/example_dags/example_subdag_operator.py
[2023-03-11T04:35:25.384+0000] {processor.py:766} INFO - DAG(s) dict_keys(['example_subdag_operator.section-1', 'example_subdag_operator.section-2', 'example_subdag_operator']) retrieved from /home/airflow/.local/lib/python3.7/site-packages/airflow/example_dags/example_subdag_operator.py
[2023-03-11T04:35:25.525+0000] {logging_mixin.py:120} INFO - [2023-03-11T04:35:25.524+0000] {dag.py:2585} INFO - Sync 3 DAGs
[2023-03-11T04:35:25.544+0000] {logging_mixin.py:120} INFO - [2023-03-11T04:35:25.544+0000] {dag.py:3340} INFO - Setting next_dagrun for example_subdag_operator to 2022-01-01T00:00:00+00:00, run_after=2022-01-01T00:00:00+00:00
[2023-03-11T04:35:25.546+0000] {logging_mixin.py:120} INFO - [2023-03-11T04:35:25.546+0000] {dag.py:3340} INFO - Setting next_dagrun for example_subdag_operator.section-1 to None, run_after=None
[2023-03-11T04:35:25.547+0000] {logging_mixin.py:120} INFO - [2023-03-11T04:35:25.547+0000] {dag.py:3340} INFO - Setting next_dagrun for example_subdag_operator.section-2 to None, run_after=None
[2023-03-11T04:35:25.555+0000] {logging_mixin.py:120} INFO - [2023-03-11T04:35:25.555+0000] {dag.py:2585} INFO - Sync 2 DAGs
[2023-03-11T04:35:25.558+0000] {logging_mixin.py:120} INFO - [2023-03-11T04:35:25.558+0000] {dag.py:3340} INFO - Setting next_dagrun for example_subdag_operator.section-1 to None, run_after=None
[2023-03-11T04:35:25.559+0000] {logging_mixin.py:120} INFO - [2023-03-11T04:35:25.559+0000] {dag.py:3340} INFO - Setting next_dagrun for example_subdag_operator.section-2 to None, run_after=None
[2023-03-11T04:35:25.566+0000] {processor.py:176} INFO - Processing /home/airflow/.local/lib/python3.7/site-packages/airflow/example_dags/example_subdag_operator.py took 0.222 seconds
[2023-03-11T05:41:15.105+0000] {processor.py:154} INFO - Started process (PID=35423) to work on /home/airflow/.local/lib/python3.7/site-packages/airflow/example_dags/example_subdag_operator.py
[2023-03-11T05:41:15.107+0000] {processor.py:756} INFO - Processing file /home/airflow/.local/lib/python3.7/site-packages/airflow/example_dags/example_subdag_operator.py for tasks to queue
[2023-03-11T05:41:15.108+0000] {logging_mixin.py:120} INFO - [2023-03-11T05:41:15.108+0000] {dagbag.py:537} INFO - Filling up the DagBag from /home/airflow/.local/lib/python3.7/site-packages/airflow/example_dags/example_subdag_operator.py
[2023-03-11T05:41:15.132+0000] {processor.py:766} INFO - DAG(s) dict_keys(['example_subdag_operator.section-1', 'example_subdag_operator.section-2', 'example_subdag_operator']) retrieved from /home/airflow/.local/lib/python3.7/site-packages/airflow/example_dags/example_subdag_operator.py
[2023-03-11T05:41:15.229+0000] {logging_mixin.py:120} INFO - [2023-03-11T05:41:15.229+0000] {dag.py:2585} INFO - Sync 3 DAGs
[2023-03-11T05:41:15.250+0000] {logging_mixin.py:120} INFO - [2023-03-11T05:41:15.250+0000] {dag.py:3340} INFO - Setting next_dagrun for example_subdag_operator to 2022-01-01T00:00:00+00:00, run_after=2022-01-01T00:00:00+00:00
[2023-03-11T05:41:15.255+0000] {logging_mixin.py:120} INFO - [2023-03-11T05:41:15.255+0000] {dag.py:3340} INFO - Setting next_dagrun for example_subdag_operator.section-1 to None, run_after=None
[2023-03-11T05:41:15.257+0000] {logging_mixin.py:120} INFO - [2023-03-11T05:41:15.257+0000] {dag.py:3340} INFO - Setting next_dagrun for example_subdag_operator.section-2 to None, run_after=None
[2023-03-11T05:41:15.262+0000] {logging_mixin.py:120} INFO - [2023-03-11T05:41:15.262+0000] {dag.py:2585} INFO - Sync 2 DAGs
[2023-03-11T05:41:15.269+0000] {logging_mixin.py:120} INFO - [2023-03-11T05:41:15.269+0000] {dag.py:3340} INFO - Setting next_dagrun for example_subdag_operator.section-1 to None, run_after=None
[2023-03-11T05:41:15.270+0000] {logging_mixin.py:120} INFO - [2023-03-11T05:41:15.270+0000] {dag.py:3340} INFO - Setting next_dagrun for example_subdag_operator.section-2 to None, run_after=None
[2023-03-11T05:41:15.278+0000] {processor.py:176} INFO - Processing /home/airflow/.local/lib/python3.7/site-packages/airflow/example_dags/example_subdag_operator.py took 0.175 seconds
[2023-03-11T06:48:03.929+0000] {processor.py:154} INFO - Started process (PID=35486) to work on /home/airflow/.local/lib/python3.7/site-packages/airflow/example_dags/example_subdag_operator.py
[2023-03-11T06:48:03.932+0000] {processor.py:756} INFO - Processing file /home/airflow/.local/lib/python3.7/site-packages/airflow/example_dags/example_subdag_operator.py for tasks to queue
[2023-03-11T06:48:03.933+0000] {logging_mixin.py:120} INFO - [2023-03-11T06:48:03.933+0000] {dagbag.py:537} INFO - Filling up the DagBag from /home/airflow/.local/lib/python3.7/site-packages/airflow/example_dags/example_subdag_operator.py
[2023-03-11T06:48:03.964+0000] {processor.py:766} INFO - DAG(s) dict_keys(['example_subdag_operator.section-1', 'example_subdag_operator.section-2', 'example_subdag_operator']) retrieved from /home/airflow/.local/lib/python3.7/site-packages/airflow/example_dags/example_subdag_operator.py
[2023-03-11T06:48:04.099+0000] {logging_mixin.py:120} INFO - [2023-03-11T06:48:04.099+0000] {dag.py:2585} INFO - Sync 3 DAGs
[2023-03-11T06:48:04.120+0000] {logging_mixin.py:120} INFO - [2023-03-11T06:48:04.120+0000] {dag.py:3340} INFO - Setting next_dagrun for example_subdag_operator to 2022-01-01T00:00:00+00:00, run_after=2022-01-01T00:00:00+00:00
[2023-03-11T06:48:04.122+0000] {logging_mixin.py:120} INFO - [2023-03-11T06:48:04.122+0000] {dag.py:3340} INFO - Setting next_dagrun for example_subdag_operator.section-1 to None, run_after=None
[2023-03-11T06:48:04.123+0000] {logging_mixin.py:120} INFO - [2023-03-11T06:48:04.123+0000] {dag.py:3340} INFO - Setting next_dagrun for example_subdag_operator.section-2 to None, run_after=None
[2023-03-11T06:48:04.128+0000] {logging_mixin.py:120} INFO - [2023-03-11T06:48:04.128+0000] {dag.py:2585} INFO - Sync 2 DAGs
[2023-03-11T06:48:04.132+0000] {logging_mixin.py:120} INFO - [2023-03-11T06:48:04.132+0000] {dag.py:3340} INFO - Setting next_dagrun for example_subdag_operator.section-1 to None, run_after=None
[2023-03-11T06:48:04.132+0000] {logging_mixin.py:120} INFO - [2023-03-11T06:48:04.132+0000] {dag.py:3340} INFO - Setting next_dagrun for example_subdag_operator.section-2 to None, run_after=None
[2023-03-11T06:48:04.142+0000] {processor.py:176} INFO - Processing /home/airflow/.local/lib/python3.7/site-packages/airflow/example_dags/example_subdag_operator.py took 0.215 seconds
[2023-03-11T07:54:08.050+0000] {processor.py:154} INFO - Started process (PID=35549) to work on /home/airflow/.local/lib/python3.7/site-packages/airflow/example_dags/example_subdag_operator.py
[2023-03-11T07:54:08.057+0000] {processor.py:756} INFO - Processing file /home/airflow/.local/lib/python3.7/site-packages/airflow/example_dags/example_subdag_operator.py for tasks to queue
[2023-03-11T07:54:08.069+0000] {logging_mixin.py:120} INFO - [2023-03-11T07:54:08.069+0000] {dagbag.py:537} INFO - Filling up the DagBag from /home/airflow/.local/lib/python3.7/site-packages/airflow/example_dags/example_subdag_operator.py
[2023-03-11T07:54:08.114+0000] {processor.py:766} INFO - DAG(s) dict_keys(['example_subdag_operator.section-1', 'example_subdag_operator.section-2', 'example_subdag_operator']) retrieved from /home/airflow/.local/lib/python3.7/site-packages/airflow/example_dags/example_subdag_operator.py
[2023-03-11T07:54:08.261+0000] {logging_mixin.py:120} INFO - [2023-03-11T07:54:08.261+0000] {dag.py:2585} INFO - Sync 3 DAGs
[2023-03-11T07:54:08.281+0000] {logging_mixin.py:120} INFO - [2023-03-11T07:54:08.281+0000] {dag.py:3340} INFO - Setting next_dagrun for example_subdag_operator to 2022-01-01T00:00:00+00:00, run_after=2022-01-01T00:00:00+00:00
[2023-03-11T07:54:08.284+0000] {logging_mixin.py:120} INFO - [2023-03-11T07:54:08.283+0000] {dag.py:3340} INFO - Setting next_dagrun for example_subdag_operator.section-1 to None, run_after=None
[2023-03-11T07:54:08.284+0000] {logging_mixin.py:120} INFO - [2023-03-11T07:54:08.284+0000] {dag.py:3340} INFO - Setting next_dagrun for example_subdag_operator.section-2 to None, run_after=None
[2023-03-11T07:54:08.291+0000] {logging_mixin.py:120} INFO - [2023-03-11T07:54:08.291+0000] {dag.py:2585} INFO - Sync 2 DAGs
[2023-03-11T07:54:08.294+0000] {logging_mixin.py:120} INFO - [2023-03-11T07:54:08.294+0000] {dag.py:3340} INFO - Setting next_dagrun for example_subdag_operator.section-1 to None, run_after=None
[2023-03-11T07:54:08.295+0000] {logging_mixin.py:120} INFO - [2023-03-11T07:54:08.294+0000] {dag.py:3340} INFO - Setting next_dagrun for example_subdag_operator.section-2 to None, run_after=None
[2023-03-11T07:54:08.303+0000] {processor.py:176} INFO - Processing /home/airflow/.local/lib/python3.7/site-packages/airflow/example_dags/example_subdag_operator.py took 0.258 seconds
[2023-03-11T09:00:25.591+0000] {processor.py:154} INFO - Started process (PID=35603) to work on /home/airflow/.local/lib/python3.7/site-packages/airflow/example_dags/example_subdag_operator.py
[2023-03-11T09:00:25.592+0000] {processor.py:756} INFO - Processing file /home/airflow/.local/lib/python3.7/site-packages/airflow/example_dags/example_subdag_operator.py for tasks to queue
[2023-03-11T09:00:25.593+0000] {logging_mixin.py:120} INFO - [2023-03-11T09:00:25.593+0000] {dagbag.py:537} INFO - Filling up the DagBag from /home/airflow/.local/lib/python3.7/site-packages/airflow/example_dags/example_subdag_operator.py
[2023-03-11T09:00:25.621+0000] {processor.py:766} INFO - DAG(s) dict_keys(['example_subdag_operator.section-1', 'example_subdag_operator.section-2', 'example_subdag_operator']) retrieved from /home/airflow/.local/lib/python3.7/site-packages/airflow/example_dags/example_subdag_operator.py
[2023-03-11T09:00:25.730+0000] {logging_mixin.py:120} INFO - [2023-03-11T09:00:25.730+0000] {dag.py:2585} INFO - Sync 3 DAGs
[2023-03-11T09:00:25.745+0000] {logging_mixin.py:120} INFO - [2023-03-11T09:00:25.745+0000] {dag.py:3340} INFO - Setting next_dagrun for example_subdag_operator to 2022-01-01T00:00:00+00:00, run_after=2022-01-01T00:00:00+00:00
[2023-03-11T09:00:25.752+0000] {logging_mixin.py:120} INFO - [2023-03-11T09:00:25.752+0000] {dag.py:3340} INFO - Setting next_dagrun for example_subdag_operator.section-1 to None, run_after=None
[2023-03-11T09:00:25.753+0000] {logging_mixin.py:120} INFO - [2023-03-11T09:00:25.753+0000] {dag.py:3340} INFO - Setting next_dagrun for example_subdag_operator.section-2 to None, run_after=None
[2023-03-11T09:00:25.757+0000] {logging_mixin.py:120} INFO - [2023-03-11T09:00:25.757+0000] {dag.py:2585} INFO - Sync 2 DAGs
[2023-03-11T09:00:25.761+0000] {logging_mixin.py:120} INFO - [2023-03-11T09:00:25.760+0000] {dag.py:3340} INFO - Setting next_dagrun for example_subdag_operator.section-1 to None, run_after=None
[2023-03-11T09:00:25.761+0000] {logging_mixin.py:120} INFO - [2023-03-11T09:00:25.761+0000] {dag.py:3340} INFO - Setting next_dagrun for example_subdag_operator.section-2 to None, run_after=None
[2023-03-11T09:00:25.768+0000] {processor.py:176} INFO - Processing /home/airflow/.local/lib/python3.7/site-packages/airflow/example_dags/example_subdag_operator.py took 0.180 seconds
[2023-03-11T10:06:58.063+0000] {processor.py:154} INFO - Started process (PID=35666) to work on /home/airflow/.local/lib/python3.7/site-packages/airflow/example_dags/example_subdag_operator.py
[2023-03-11T10:06:58.066+0000] {processor.py:756} INFO - Processing file /home/airflow/.local/lib/python3.7/site-packages/airflow/example_dags/example_subdag_operator.py for tasks to queue
[2023-03-11T10:06:58.067+0000] {logging_mixin.py:120} INFO - [2023-03-11T10:06:58.066+0000] {dagbag.py:537} INFO - Filling up the DagBag from /home/airflow/.local/lib/python3.7/site-packages/airflow/example_dags/example_subdag_operator.py
[2023-03-11T10:06:58.102+0000] {processor.py:766} INFO - DAG(s) dict_keys(['example_subdag_operator.section-1', 'example_subdag_operator.section-2', 'example_subdag_operator']) retrieved from /home/airflow/.local/lib/python3.7/site-packages/airflow/example_dags/example_subdag_operator.py
[2023-03-11T10:06:58.210+0000] {logging_mixin.py:120} INFO - [2023-03-11T10:06:58.209+0000] {dag.py:2585} INFO - Sync 3 DAGs
[2023-03-11T10:06:58.229+0000] {logging_mixin.py:120} INFO - [2023-03-11T10:06:58.229+0000] {dag.py:3340} INFO - Setting next_dagrun for example_subdag_operator to 2022-01-01T00:00:00+00:00, run_after=2022-01-01T00:00:00+00:00
[2023-03-11T10:06:58.232+0000] {logging_mixin.py:120} INFO - [2023-03-11T10:06:58.232+0000] {dag.py:3340} INFO - Setting next_dagrun for example_subdag_operator.section-1 to None, run_after=None
[2023-03-11T10:06:58.233+0000] {logging_mixin.py:120} INFO - [2023-03-11T10:06:58.233+0000] {dag.py:3340} INFO - Setting next_dagrun for example_subdag_operator.section-2 to None, run_after=None
[2023-03-11T10:06:58.238+0000] {logging_mixin.py:120} INFO - [2023-03-11T10:06:58.238+0000] {dag.py:2585} INFO - Sync 2 DAGs
[2023-03-11T10:06:58.242+0000] {logging_mixin.py:120} INFO - [2023-03-11T10:06:58.242+0000] {dag.py:3340} INFO - Setting next_dagrun for example_subdag_operator.section-1 to None, run_after=None
[2023-03-11T10:06:58.243+0000] {logging_mixin.py:120} INFO - [2023-03-11T10:06:58.243+0000] {dag.py:3340} INFO - Setting next_dagrun for example_subdag_operator.section-2 to None, run_after=None
[2023-03-11T10:06:58.250+0000] {processor.py:176} INFO - Processing /home/airflow/.local/lib/python3.7/site-packages/airflow/example_dags/example_subdag_operator.py took 0.190 seconds
[2023-03-11T11:31:10.915+0000] {processor.py:154} INFO - Started process (PID=35729) to work on /home/airflow/.local/lib/python3.7/site-packages/airflow/example_dags/example_subdag_operator.py
[2023-03-11T11:31:10.917+0000] {processor.py:756} INFO - Processing file /home/airflow/.local/lib/python3.7/site-packages/airflow/example_dags/example_subdag_operator.py for tasks to queue
[2023-03-11T11:31:10.918+0000] {logging_mixin.py:120} INFO - [2023-03-11T11:31:10.918+0000] {dagbag.py:537} INFO - Filling up the DagBag from /home/airflow/.local/lib/python3.7/site-packages/airflow/example_dags/example_subdag_operator.py
[2023-03-11T11:31:10.944+0000] {processor.py:766} INFO - DAG(s) dict_keys(['example_subdag_operator.section-1', 'example_subdag_operator.section-2', 'example_subdag_operator']) retrieved from /home/airflow/.local/lib/python3.7/site-packages/airflow/example_dags/example_subdag_operator.py
[2023-03-11T11:31:11.046+0000] {logging_mixin.py:120} INFO - [2023-03-11T11:31:11.045+0000] {dag.py:2585} INFO - Sync 3 DAGs
[2023-03-11T11:31:11.061+0000] {logging_mixin.py:120} INFO - [2023-03-11T11:31:11.061+0000] {dag.py:3340} INFO - Setting next_dagrun for example_subdag_operator to 2022-01-01T00:00:00+00:00, run_after=2022-01-01T00:00:00+00:00
[2023-03-11T11:31:11.064+0000] {logging_mixin.py:120} INFO - [2023-03-11T11:31:11.064+0000] {dag.py:3340} INFO - Setting next_dagrun for example_subdag_operator.section-1 to None, run_after=None
[2023-03-11T11:31:11.066+0000] {logging_mixin.py:120} INFO - [2023-03-11T11:31:11.066+0000] {dag.py:3340} INFO - Setting next_dagrun for example_subdag_operator.section-2 to None, run_after=None
[2023-03-11T11:31:11.071+0000] {logging_mixin.py:120} INFO - [2023-03-11T11:31:11.071+0000] {dag.py:2585} INFO - Sync 2 DAGs
[2023-03-11T11:31:11.076+0000] {logging_mixin.py:120} INFO - [2023-03-11T11:31:11.076+0000] {dag.py:3340} INFO - Setting next_dagrun for example_subdag_operator.section-1 to None, run_after=None
[2023-03-11T11:31:11.077+0000] {logging_mixin.py:120} INFO - [2023-03-11T11:31:11.076+0000] {dag.py:3340} INFO - Setting next_dagrun for example_subdag_operator.section-2 to None, run_after=None
[2023-03-11T11:31:11.087+0000] {processor.py:176} INFO - Processing /home/airflow/.local/lib/python3.7/site-packages/airflow/example_dags/example_subdag_operator.py took 0.175 seconds
[2023-03-11T12:37:41.218+0000] {processor.py:154} INFO - Started process (PID=35792) to work on /home/airflow/.local/lib/python3.7/site-packages/airflow/example_dags/example_subdag_operator.py
[2023-03-11T12:37:41.222+0000] {processor.py:756} INFO - Processing file /home/airflow/.local/lib/python3.7/site-packages/airflow/example_dags/example_subdag_operator.py for tasks to queue
[2023-03-11T12:37:41.224+0000] {logging_mixin.py:120} INFO - [2023-03-11T12:37:41.223+0000] {dagbag.py:537} INFO - Filling up the DagBag from /home/airflow/.local/lib/python3.7/site-packages/airflow/example_dags/example_subdag_operator.py
[2023-03-11T12:37:41.284+0000] {processor.py:766} INFO - DAG(s) dict_keys(['example_subdag_operator.section-1', 'example_subdag_operator.section-2', 'example_subdag_operator']) retrieved from /home/airflow/.local/lib/python3.7/site-packages/airflow/example_dags/example_subdag_operator.py
[2023-03-11T12:37:41.393+0000] {logging_mixin.py:120} INFO - [2023-03-11T12:37:41.393+0000] {dag.py:2585} INFO - Sync 3 DAGs
[2023-03-11T12:37:41.408+0000] {logging_mixin.py:120} INFO - [2023-03-11T12:37:41.408+0000] {dag.py:3340} INFO - Setting next_dagrun for example_subdag_operator to 2022-01-01T00:00:00+00:00, run_after=2022-01-01T00:00:00+00:00
[2023-03-11T12:37:41.411+0000] {logging_mixin.py:120} INFO - [2023-03-11T12:37:41.411+0000] {dag.py:3340} INFO - Setting next_dagrun for example_subdag_operator.section-1 to None, run_after=None
[2023-03-11T12:37:41.412+0000] {logging_mixin.py:120} INFO - [2023-03-11T12:37:41.412+0000] {dag.py:3340} INFO - Setting next_dagrun for example_subdag_operator.section-2 to None, run_after=None
[2023-03-11T12:37:41.417+0000] {logging_mixin.py:120} INFO - [2023-03-11T12:37:41.417+0000] {dag.py:2585} INFO - Sync 2 DAGs
[2023-03-11T12:37:41.420+0000] {logging_mixin.py:120} INFO - [2023-03-11T12:37:41.420+0000] {dag.py:3340} INFO - Setting next_dagrun for example_subdag_operator.section-1 to None, run_after=None
[2023-03-11T12:37:41.421+0000] {logging_mixin.py:120} INFO - [2023-03-11T12:37:41.421+0000] {dag.py:3340} INFO - Setting next_dagrun for example_subdag_operator.section-2 to None, run_after=None
[2023-03-11T12:37:41.435+0000] {processor.py:176} INFO - Processing /home/airflow/.local/lib/python3.7/site-packages/airflow/example_dags/example_subdag_operator.py took 0.222 seconds
[2023-03-11T13:38:02.372+0000] {processor.py:154} INFO - Started process (PID=35854) to work on /home/airflow/.local/lib/python3.7/site-packages/airflow/example_dags/example_subdag_operator.py
[2023-03-11T13:38:02.376+0000] {processor.py:756} INFO - Processing file /home/airflow/.local/lib/python3.7/site-packages/airflow/example_dags/example_subdag_operator.py for tasks to queue
[2023-03-11T13:38:02.379+0000] {logging_mixin.py:120} INFO - [2023-03-11T13:38:02.379+0000] {dagbag.py:537} INFO - Filling up the DagBag from /home/airflow/.local/lib/python3.7/site-packages/airflow/example_dags/example_subdag_operator.py
[2023-03-11T13:38:02.415+0000] {processor.py:766} INFO - DAG(s) dict_keys(['example_subdag_operator.section-1', 'example_subdag_operator.section-2', 'example_subdag_operator']) retrieved from /home/airflow/.local/lib/python3.7/site-packages/airflow/example_dags/example_subdag_operator.py
[2023-03-11T13:38:02.546+0000] {logging_mixin.py:120} INFO - [2023-03-11T13:38:02.546+0000] {dag.py:2585} INFO - Sync 3 DAGs
[2023-03-11T13:38:02.571+0000] {logging_mixin.py:120} INFO - [2023-03-11T13:38:02.571+0000] {dag.py:3340} INFO - Setting next_dagrun for example_subdag_operator to 2022-01-01T00:00:00+00:00, run_after=2022-01-01T00:00:00+00:00
[2023-03-11T13:38:02.575+0000] {logging_mixin.py:120} INFO - [2023-03-11T13:38:02.575+0000] {dag.py:3340} INFO - Setting next_dagrun for example_subdag_operator.section-1 to None, run_after=None
[2023-03-11T13:38:02.577+0000] {logging_mixin.py:120} INFO - [2023-03-11T13:38:02.577+0000] {dag.py:3340} INFO - Setting next_dagrun for example_subdag_operator.section-2 to None, run_after=None
[2023-03-11T13:38:02.586+0000] {logging_mixin.py:120} INFO - [2023-03-11T13:38:02.586+0000] {dag.py:2585} INFO - Sync 2 DAGs
[2023-03-11T13:38:02.591+0000] {logging_mixin.py:120} INFO - [2023-03-11T13:38:02.590+0000] {dag.py:3340} INFO - Setting next_dagrun for example_subdag_operator.section-1 to None, run_after=None
[2023-03-11T13:38:02.591+0000] {logging_mixin.py:120} INFO - [2023-03-11T13:38:02.591+0000] {dag.py:3340} INFO - Setting next_dagrun for example_subdag_operator.section-2 to None, run_after=None
[2023-03-11T13:38:02.604+0000] {processor.py:176} INFO - Processing /home/airflow/.local/lib/python3.7/site-packages/airflow/example_dags/example_subdag_operator.py took 0.234 seconds
[2023-03-11T14:47:59.985+0000] {processor.py:154} INFO - Started process (PID=35908) to work on /home/airflow/.local/lib/python3.7/site-packages/airflow/example_dags/example_subdag_operator.py
[2023-03-11T14:47:59.988+0000] {processor.py:756} INFO - Processing file /home/airflow/.local/lib/python3.7/site-packages/airflow/example_dags/example_subdag_operator.py for tasks to queue
[2023-03-11T14:47:59.989+0000] {logging_mixin.py:120} INFO - [2023-03-11T14:47:59.989+0000] {dagbag.py:537} INFO - Filling up the DagBag from /home/airflow/.local/lib/python3.7/site-packages/airflow/example_dags/example_subdag_operator.py
[2023-03-11T14:48:00.013+0000] {processor.py:766} INFO - DAG(s) dict_keys(['example_subdag_operator.section-1', 'example_subdag_operator.section-2', 'example_subdag_operator']) retrieved from /home/airflow/.local/lib/python3.7/site-packages/airflow/example_dags/example_subdag_operator.py
[2023-03-11T14:48:00.107+0000] {logging_mixin.py:120} INFO - [2023-03-11T14:48:00.107+0000] {dag.py:2585} INFO - Sync 3 DAGs
[2023-03-11T14:48:00.122+0000] {logging_mixin.py:120} INFO - [2023-03-11T14:48:00.122+0000] {dag.py:3340} INFO - Setting next_dagrun for example_subdag_operator to 2022-01-01T00:00:00+00:00, run_after=2022-01-01T00:00:00+00:00
[2023-03-11T14:48:00.125+0000] {logging_mixin.py:120} INFO - [2023-03-11T14:48:00.125+0000] {dag.py:3340} INFO - Setting next_dagrun for example_subdag_operator.section-1 to None, run_after=None
[2023-03-11T14:48:00.126+0000] {logging_mixin.py:120} INFO - [2023-03-11T14:48:00.126+0000] {dag.py:3340} INFO - Setting next_dagrun for example_subdag_operator.section-2 to None, run_after=None
[2023-03-11T14:48:00.131+0000] {logging_mixin.py:120} INFO - [2023-03-11T14:48:00.131+0000] {dag.py:2585} INFO - Sync 2 DAGs
[2023-03-11T14:48:00.135+0000] {logging_mixin.py:120} INFO - [2023-03-11T14:48:00.135+0000] {dag.py:3340} INFO - Setting next_dagrun for example_subdag_operator.section-1 to None, run_after=None
[2023-03-11T14:48:00.135+0000] {logging_mixin.py:120} INFO - [2023-03-11T14:48:00.135+0000] {dag.py:3340} INFO - Setting next_dagrun for example_subdag_operator.section-2 to None, run_after=None
[2023-03-11T14:48:00.146+0000] {processor.py:176} INFO - Processing /home/airflow/.local/lib/python3.7/site-packages/airflow/example_dags/example_subdag_operator.py took 0.164 seconds
[2023-03-11T16:07:42.083+0000] {processor.py:154} INFO - Started process (PID=35971) to work on /home/airflow/.local/lib/python3.7/site-packages/airflow/example_dags/example_subdag_operator.py
[2023-03-11T16:07:42.084+0000] {processor.py:756} INFO - Processing file /home/airflow/.local/lib/python3.7/site-packages/airflow/example_dags/example_subdag_operator.py for tasks to queue
[2023-03-11T16:07:42.085+0000] {logging_mixin.py:120} INFO - [2023-03-11T16:07:42.085+0000] {dagbag.py:537} INFO - Filling up the DagBag from /home/airflow/.local/lib/python3.7/site-packages/airflow/example_dags/example_subdag_operator.py
[2023-03-11T16:07:42.127+0000] {processor.py:766} INFO - DAG(s) dict_keys(['example_subdag_operator.section-1', 'example_subdag_operator.section-2', 'example_subdag_operator']) retrieved from /home/airflow/.local/lib/python3.7/site-packages/airflow/example_dags/example_subdag_operator.py
[2023-03-11T16:07:42.273+0000] {logging_mixin.py:120} INFO - [2023-03-11T16:07:42.273+0000] {dag.py:2585} INFO - Sync 3 DAGs
[2023-03-11T16:07:42.291+0000] {logging_mixin.py:120} INFO - [2023-03-11T16:07:42.291+0000] {dag.py:3340} INFO - Setting next_dagrun for example_subdag_operator to 2022-01-01T00:00:00+00:00, run_after=2022-01-01T00:00:00+00:00
[2023-03-11T16:07:42.294+0000] {logging_mixin.py:120} INFO - [2023-03-11T16:07:42.294+0000] {dag.py:3340} INFO - Setting next_dagrun for example_subdag_operator.section-1 to None, run_after=None
[2023-03-11T16:07:42.295+0000] {logging_mixin.py:120} INFO - [2023-03-11T16:07:42.294+0000] {dag.py:3340} INFO - Setting next_dagrun for example_subdag_operator.section-2 to None, run_after=None
[2023-03-11T16:07:42.299+0000] {logging_mixin.py:120} INFO - [2023-03-11T16:07:42.299+0000] {dag.py:2585} INFO - Sync 2 DAGs
[2023-03-11T16:07:42.304+0000] {logging_mixin.py:120} INFO - [2023-03-11T16:07:42.304+0000] {dag.py:3340} INFO - Setting next_dagrun for example_subdag_operator.section-1 to None, run_after=None
[2023-03-11T16:07:42.305+0000] {logging_mixin.py:120} INFO - [2023-03-11T16:07:42.305+0000] {dag.py:3340} INFO - Setting next_dagrun for example_subdag_operator.section-2 to None, run_after=None
[2023-03-11T16:07:42.316+0000] {processor.py:176} INFO - Processing /home/airflow/.local/lib/python3.7/site-packages/airflow/example_dags/example_subdag_operator.py took 0.236 seconds
[2023-03-11T17:14:06.828+0000] {processor.py:154} INFO - Started process (PID=36034) to work on /home/airflow/.local/lib/python3.7/site-packages/airflow/example_dags/example_subdag_operator.py
[2023-03-11T17:14:06.829+0000] {processor.py:756} INFO - Processing file /home/airflow/.local/lib/python3.7/site-packages/airflow/example_dags/example_subdag_operator.py for tasks to queue
[2023-03-11T17:14:06.830+0000] {logging_mixin.py:120} INFO - [2023-03-11T17:14:06.830+0000] {dagbag.py:537} INFO - Filling up the DagBag from /home/airflow/.local/lib/python3.7/site-packages/airflow/example_dags/example_subdag_operator.py
[2023-03-11T17:14:06.869+0000] {processor.py:766} INFO - DAG(s) dict_keys(['example_subdag_operator.section-1', 'example_subdag_operator.section-2', 'example_subdag_operator']) retrieved from /home/airflow/.local/lib/python3.7/site-packages/airflow/example_dags/example_subdag_operator.py
[2023-03-11T17:14:07.022+0000] {logging_mixin.py:120} INFO - [2023-03-11T17:14:07.022+0000] {dag.py:2585} INFO - Sync 3 DAGs
[2023-03-11T17:14:07.044+0000] {logging_mixin.py:120} INFO - [2023-03-11T17:14:07.044+0000] {dag.py:3340} INFO - Setting next_dagrun for example_subdag_operator to 2022-01-01T00:00:00+00:00, run_after=2022-01-01T00:00:00+00:00
[2023-03-11T17:14:07.048+0000] {logging_mixin.py:120} INFO - [2023-03-11T17:14:07.047+0000] {dag.py:3340} INFO - Setting next_dagrun for example_subdag_operator.section-1 to None, run_after=None
[2023-03-11T17:14:07.049+0000] {logging_mixin.py:120} INFO - [2023-03-11T17:14:07.049+0000] {dag.py:3340} INFO - Setting next_dagrun for example_subdag_operator.section-2 to None, run_after=None
[2023-03-11T17:14:07.056+0000] {logging_mixin.py:120} INFO - [2023-03-11T17:14:07.056+0000] {dag.py:2585} INFO - Sync 2 DAGs
[2023-03-11T17:14:07.061+0000] {logging_mixin.py:120} INFO - [2023-03-11T17:14:07.061+0000] {dag.py:3340} INFO - Setting next_dagrun for example_subdag_operator.section-1 to None, run_after=None
[2023-03-11T17:14:07.061+0000] {logging_mixin.py:120} INFO - [2023-03-11T17:14:07.061+0000] {dag.py:3340} INFO - Setting next_dagrun for example_subdag_operator.section-2 to None, run_after=None
[2023-03-11T17:14:07.072+0000] {processor.py:176} INFO - Processing /home/airflow/.local/lib/python3.7/site-packages/airflow/example_dags/example_subdag_operator.py took 0.249 seconds
[2023-03-11T18:22:31.170+0000] {processor.py:154} INFO - Started process (PID=36096) to work on /home/airflow/.local/lib/python3.7/site-packages/airflow/example_dags/example_subdag_operator.py
[2023-03-11T18:22:31.174+0000] {processor.py:756} INFO - Processing file /home/airflow/.local/lib/python3.7/site-packages/airflow/example_dags/example_subdag_operator.py for tasks to queue
[2023-03-11T18:22:31.175+0000] {logging_mixin.py:120} INFO - [2023-03-11T18:22:31.175+0000] {dagbag.py:537} INFO - Filling up the DagBag from /home/airflow/.local/lib/python3.7/site-packages/airflow/example_dags/example_subdag_operator.py
[2023-03-11T18:22:31.212+0000] {processor.py:766} INFO - DAG(s) dict_keys(['example_subdag_operator.section-1', 'example_subdag_operator.section-2', 'example_subdag_operator']) retrieved from /home/airflow/.local/lib/python3.7/site-packages/airflow/example_dags/example_subdag_operator.py
[2023-03-11T18:22:31.336+0000] {logging_mixin.py:120} INFO - [2023-03-11T18:22:31.336+0000] {dag.py:2585} INFO - Sync 3 DAGs
[2023-03-11T18:22:31.353+0000] {logging_mixin.py:120} INFO - [2023-03-11T18:22:31.352+0000] {dag.py:3340} INFO - Setting next_dagrun for example_subdag_operator to 2022-01-01T00:00:00+00:00, run_after=2022-01-01T00:00:00+00:00
[2023-03-11T18:22:31.356+0000] {logging_mixin.py:120} INFO - [2023-03-11T18:22:31.356+0000] {dag.py:3340} INFO - Setting next_dagrun for example_subdag_operator.section-1 to None, run_after=None
[2023-03-11T18:22:31.359+0000] {logging_mixin.py:120} INFO - [2023-03-11T18:22:31.359+0000] {dag.py:3340} INFO - Setting next_dagrun for example_subdag_operator.section-2 to None, run_after=None
[2023-03-11T18:22:31.365+0000] {logging_mixin.py:120} INFO - [2023-03-11T18:22:31.365+0000] {dag.py:2585} INFO - Sync 2 DAGs
[2023-03-11T18:22:31.370+0000] {logging_mixin.py:120} INFO - [2023-03-11T18:22:31.370+0000] {dag.py:3340} INFO - Setting next_dagrun for example_subdag_operator.section-1 to None, run_after=None
[2023-03-11T18:22:31.371+0000] {logging_mixin.py:120} INFO - [2023-03-11T18:22:31.371+0000] {dag.py:3340} INFO - Setting next_dagrun for example_subdag_operator.section-2 to None, run_after=None
[2023-03-11T18:22:31.383+0000] {processor.py:176} INFO - Processing /home/airflow/.local/lib/python3.7/site-packages/airflow/example_dags/example_subdag_operator.py took 0.215 seconds
[2023-03-11T19:27:37.522+0000] {processor.py:154} INFO - Started process (PID=36150) to work on /home/airflow/.local/lib/python3.7/site-packages/airflow/example_dags/example_subdag_operator.py
[2023-03-11T19:27:37.524+0000] {processor.py:756} INFO - Processing file /home/airflow/.local/lib/python3.7/site-packages/airflow/example_dags/example_subdag_operator.py for tasks to queue
[2023-03-11T19:27:37.524+0000] {logging_mixin.py:120} INFO - [2023-03-11T19:27:37.524+0000] {dagbag.py:537} INFO - Filling up the DagBag from /home/airflow/.local/lib/python3.7/site-packages/airflow/example_dags/example_subdag_operator.py
[2023-03-11T19:27:37.564+0000] {processor.py:766} INFO - DAG(s) dict_keys(['example_subdag_operator.section-1', 'example_subdag_operator.section-2', 'example_subdag_operator']) retrieved from /home/airflow/.local/lib/python3.7/site-packages/airflow/example_dags/example_subdag_operator.py
[2023-03-11T19:27:37.682+0000] {logging_mixin.py:120} INFO - [2023-03-11T19:27:37.681+0000] {dag.py:2585} INFO - Sync 3 DAGs
[2023-03-11T19:27:37.706+0000] {logging_mixin.py:120} INFO - [2023-03-11T19:27:37.706+0000] {dag.py:3340} INFO - Setting next_dagrun for example_subdag_operator to 2022-01-01T00:00:00+00:00, run_after=2022-01-01T00:00:00+00:00
[2023-03-11T19:27:37.709+0000] {logging_mixin.py:120} INFO - [2023-03-11T19:27:37.708+0000] {dag.py:3340} INFO - Setting next_dagrun for example_subdag_operator.section-1 to None, run_after=None
[2023-03-11T19:27:37.710+0000] {logging_mixin.py:120} INFO - [2023-03-11T19:27:37.709+0000] {dag.py:3340} INFO - Setting next_dagrun for example_subdag_operator.section-2 to None, run_after=None
[2023-03-11T19:27:37.716+0000] {logging_mixin.py:120} INFO - [2023-03-11T19:27:37.716+0000] {dag.py:2585} INFO - Sync 2 DAGs
[2023-03-11T19:27:37.722+0000] {logging_mixin.py:120} INFO - [2023-03-11T19:27:37.722+0000] {dag.py:3340} INFO - Setting next_dagrun for example_subdag_operator.section-1 to None, run_after=None
[2023-03-11T19:27:37.722+0000] {logging_mixin.py:120} INFO - [2023-03-11T19:27:37.722+0000] {dag.py:3340} INFO - Setting next_dagrun for example_subdag_operator.section-2 to None, run_after=None
[2023-03-11T19:27:37.730+0000] {processor.py:176} INFO - Processing /home/airflow/.local/lib/python3.7/site-packages/airflow/example_dags/example_subdag_operator.py took 0.211 seconds
[2023-03-11T20:33:22.741+0000] {processor.py:154} INFO - Started process (PID=36213) to work on /home/airflow/.local/lib/python3.7/site-packages/airflow/example_dags/example_subdag_operator.py
[2023-03-11T20:33:22.745+0000] {processor.py:756} INFO - Processing file /home/airflow/.local/lib/python3.7/site-packages/airflow/example_dags/example_subdag_operator.py for tasks to queue
[2023-03-11T20:33:22.745+0000] {logging_mixin.py:120} INFO - [2023-03-11T20:33:22.745+0000] {dagbag.py:537} INFO - Filling up the DagBag from /home/airflow/.local/lib/python3.7/site-packages/airflow/example_dags/example_subdag_operator.py
[2023-03-11T20:33:22.788+0000] {processor.py:766} INFO - DAG(s) dict_keys(['example_subdag_operator.section-1', 'example_subdag_operator.section-2', 'example_subdag_operator']) retrieved from /home/airflow/.local/lib/python3.7/site-packages/airflow/example_dags/example_subdag_operator.py
[2023-03-11T20:33:22.895+0000] {logging_mixin.py:120} INFO - [2023-03-11T20:33:22.895+0000] {dag.py:2585} INFO - Sync 3 DAGs
[2023-03-11T20:33:22.921+0000] {logging_mixin.py:120} INFO - [2023-03-11T20:33:22.921+0000] {dag.py:3340} INFO - Setting next_dagrun for example_subdag_operator to 2022-01-01T00:00:00+00:00, run_after=2022-01-01T00:00:00+00:00
[2023-03-11T20:33:22.924+0000] {logging_mixin.py:120} INFO - [2023-03-11T20:33:22.924+0000] {dag.py:3340} INFO - Setting next_dagrun for example_subdag_operator.section-1 to None, run_after=None
[2023-03-11T20:33:22.926+0000] {logging_mixin.py:120} INFO - [2023-03-11T20:33:22.926+0000] {dag.py:3340} INFO - Setting next_dagrun for example_subdag_operator.section-2 to None, run_after=None
[2023-03-11T20:33:22.933+0000] {logging_mixin.py:120} INFO - [2023-03-11T20:33:22.933+0000] {dag.py:2585} INFO - Sync 2 DAGs
[2023-03-11T20:33:22.937+0000] {logging_mixin.py:120} INFO - [2023-03-11T20:33:22.937+0000] {dag.py:3340} INFO - Setting next_dagrun for example_subdag_operator.section-1 to None, run_after=None
[2023-03-11T20:33:22.937+0000] {logging_mixin.py:120} INFO - [2023-03-11T20:33:22.937+0000] {dag.py:3340} INFO - Setting next_dagrun for example_subdag_operator.section-2 to None, run_after=None
[2023-03-11T20:33:22.946+0000] {processor.py:176} INFO - Processing /home/airflow/.local/lib/python3.7/site-packages/airflow/example_dags/example_subdag_operator.py took 0.210 seconds
[2023-03-11T21:49:21.896+0000] {processor.py:154} INFO - Started process (PID=36276) to work on /home/airflow/.local/lib/python3.7/site-packages/airflow/example_dags/example_subdag_operator.py
[2023-03-11T21:49:21.898+0000] {processor.py:756} INFO - Processing file /home/airflow/.local/lib/python3.7/site-packages/airflow/example_dags/example_subdag_operator.py for tasks to queue
[2023-03-11T21:49:21.899+0000] {logging_mixin.py:120} INFO - [2023-03-11T21:49:21.899+0000] {dagbag.py:537} INFO - Filling up the DagBag from /home/airflow/.local/lib/python3.7/site-packages/airflow/example_dags/example_subdag_operator.py
[2023-03-11T21:49:21.935+0000] {processor.py:766} INFO - DAG(s) dict_keys(['example_subdag_operator.section-1', 'example_subdag_operator.section-2', 'example_subdag_operator']) retrieved from /home/airflow/.local/lib/python3.7/site-packages/airflow/example_dags/example_subdag_operator.py
[2023-03-11T21:49:22.061+0000] {logging_mixin.py:120} INFO - [2023-03-11T21:49:22.061+0000] {dag.py:2585} INFO - Sync 3 DAGs
[2023-03-11T21:49:22.075+0000] {logging_mixin.py:120} INFO - [2023-03-11T21:49:22.075+0000] {dag.py:3340} INFO - Setting next_dagrun for example_subdag_operator to 2022-01-01T00:00:00+00:00, run_after=2022-01-01T00:00:00+00:00
[2023-03-11T21:49:22.082+0000] {logging_mixin.py:120} INFO - [2023-03-11T21:49:22.082+0000] {dag.py:3340} INFO - Setting next_dagrun for example_subdag_operator.section-1 to None, run_after=None
[2023-03-11T21:49:22.084+0000] {logging_mixin.py:120} INFO - [2023-03-11T21:49:22.084+0000] {dag.py:3340} INFO - Setting next_dagrun for example_subdag_operator.section-2 to None, run_after=None
[2023-03-11T21:49:22.088+0000] {logging_mixin.py:120} INFO - [2023-03-11T21:49:22.088+0000] {dag.py:2585} INFO - Sync 2 DAGs
[2023-03-11T21:49:22.095+0000] {logging_mixin.py:120} INFO - [2023-03-11T21:49:22.095+0000] {dag.py:3340} INFO - Setting next_dagrun for example_subdag_operator.section-1 to None, run_after=None
[2023-03-11T21:49:22.095+0000] {logging_mixin.py:120} INFO - [2023-03-11T21:49:22.095+0000] {dag.py:3340} INFO - Setting next_dagrun for example_subdag_operator.section-2 to None, run_after=None
[2023-03-11T21:49:22.101+0000] {processor.py:176} INFO - Processing /home/airflow/.local/lib/python3.7/site-packages/airflow/example_dags/example_subdag_operator.py took 0.210 seconds
[2023-03-11T22:58:04.113+0000] {processor.py:154} INFO - Started process (PID=36339) to work on /home/airflow/.local/lib/python3.7/site-packages/airflow/example_dags/example_subdag_operator.py
[2023-03-11T22:58:04.115+0000] {processor.py:756} INFO - Processing file /home/airflow/.local/lib/python3.7/site-packages/airflow/example_dags/example_subdag_operator.py for tasks to queue
[2023-03-11T22:58:04.116+0000] {logging_mixin.py:120} INFO - [2023-03-11T22:58:04.116+0000] {dagbag.py:537} INFO - Filling up the DagBag from /home/airflow/.local/lib/python3.7/site-packages/airflow/example_dags/example_subdag_operator.py
[2023-03-11T22:58:04.163+0000] {processor.py:766} INFO - DAG(s) dict_keys(['example_subdag_operator.section-1', 'example_subdag_operator.section-2', 'example_subdag_operator']) retrieved from /home/airflow/.local/lib/python3.7/site-packages/airflow/example_dags/example_subdag_operator.py
[2023-03-11T22:58:04.346+0000] {logging_mixin.py:120} INFO - [2023-03-11T22:58:04.346+0000] {dag.py:2585} INFO - Sync 3 DAGs
[2023-03-11T22:58:04.369+0000] {logging_mixin.py:120} INFO - [2023-03-11T22:58:04.369+0000] {dag.py:3340} INFO - Setting next_dagrun for example_subdag_operator to 2022-01-01T00:00:00+00:00, run_after=2022-01-01T00:00:00+00:00
[2023-03-11T22:58:04.371+0000] {logging_mixin.py:120} INFO - [2023-03-11T22:58:04.371+0000] {dag.py:3340} INFO - Setting next_dagrun for example_subdag_operator.section-1 to None, run_after=None
[2023-03-11T22:58:04.372+0000] {logging_mixin.py:120} INFO - [2023-03-11T22:58:04.372+0000] {dag.py:3340} INFO - Setting next_dagrun for example_subdag_operator.section-2 to None, run_after=None
[2023-03-11T22:58:04.379+0000] {logging_mixin.py:120} INFO - [2023-03-11T22:58:04.379+0000] {dag.py:2585} INFO - Sync 2 DAGs
[2023-03-11T22:58:04.383+0000] {logging_mixin.py:120} INFO - [2023-03-11T22:58:04.383+0000] {dag.py:3340} INFO - Setting next_dagrun for example_subdag_operator.section-1 to None, run_after=None
[2023-03-11T22:58:04.383+0000] {logging_mixin.py:120} INFO - [2023-03-11T22:58:04.383+0000] {dag.py:3340} INFO - Setting next_dagrun for example_subdag_operator.section-2 to None, run_after=None
[2023-03-11T22:58:04.390+0000] {processor.py:176} INFO - Processing /home/airflow/.local/lib/python3.7/site-packages/airflow/example_dags/example_subdag_operator.py took 0.292 seconds
