[2023-03-11T00:06:56.476+0000] {processor.py:154} INFO - Started process (PID=35117) to work on /home/airflow/.local/lib/python3.7/site-packages/airflow/example_dags/example_local_kubernetes_executor.py
[2023-03-11T00:06:56.478+0000] {processor.py:756} INFO - Processing file /home/airflow/.local/lib/python3.7/site-packages/airflow/example_dags/example_local_kubernetes_executor.py for tasks to queue
[2023-03-11T00:06:56.478+0000] {logging_mixin.py:120} INFO - [2023-03-11T00:06:56.478+0000] {dagbag.py:537} INFO - Filling up the DagBag from /home/airflow/.local/lib/python3.7/site-packages/airflow/example_dags/example_local_kubernetes_executor.py
[2023-03-11T00:06:56.508+0000] {processor.py:766} INFO - DAG(s) dict_keys(['example_local_kubernetes_executor']) retrieved from /home/airflow/.local/lib/python3.7/site-packages/airflow/example_dags/example_local_kubernetes_executor.py
[2023-03-11T00:06:56.555+0000] {logging_mixin.py:120} INFO - [2023-03-11T00:06:56.552+0000] {dag.py:2585} INFO - Sync 1 DAGs
[2023-03-11T00:06:56.585+0000] {logging_mixin.py:120} INFO - [2023-03-11T00:06:56.585+0000] {dag.py:3340} INFO - Setting next_dagrun for example_local_kubernetes_executor to None, run_after=None
[2023-03-11T00:06:56.603+0000] {processor.py:176} INFO - Processing /home/airflow/.local/lib/python3.7/site-packages/airflow/example_dags/example_local_kubernetes_executor.py took 0.129 seconds
[2023-03-11T01:13:28.170+0000] {processor.py:154} INFO - Started process (PID=35180) to work on /home/airflow/.local/lib/python3.7/site-packages/airflow/example_dags/example_local_kubernetes_executor.py
[2023-03-11T01:13:28.173+0000] {processor.py:756} INFO - Processing file /home/airflow/.local/lib/python3.7/site-packages/airflow/example_dags/example_local_kubernetes_executor.py for tasks to queue
[2023-03-11T01:13:28.174+0000] {logging_mixin.py:120} INFO - [2023-03-11T01:13:28.174+0000] {dagbag.py:537} INFO - Filling up the DagBag from /home/airflow/.local/lib/python3.7/site-packages/airflow/example_dags/example_local_kubernetes_executor.py
[2023-03-11T01:13:28.195+0000] {processor.py:766} INFO - DAG(s) dict_keys(['example_local_kubernetes_executor']) retrieved from /home/airflow/.local/lib/python3.7/site-packages/airflow/example_dags/example_local_kubernetes_executor.py
[2023-03-11T01:13:28.236+0000] {logging_mixin.py:120} INFO - [2023-03-11T01:13:28.236+0000] {dag.py:2585} INFO - Sync 1 DAGs
[2023-03-11T01:13:28.256+0000] {logging_mixin.py:120} INFO - [2023-03-11T01:13:28.256+0000] {dag.py:3340} INFO - Setting next_dagrun for example_local_kubernetes_executor to None, run_after=None
[2023-03-11T01:13:28.273+0000] {processor.py:176} INFO - Processing /home/airflow/.local/lib/python3.7/site-packages/airflow/example_dags/example_local_kubernetes_executor.py took 0.106 seconds
[2023-03-11T02:21:51.326+0000] {processor.py:154} INFO - Started process (PID=35244) to work on /home/airflow/.local/lib/python3.7/site-packages/airflow/example_dags/example_local_kubernetes_executor.py
[2023-03-11T02:21:51.328+0000] {processor.py:756} INFO - Processing file /home/airflow/.local/lib/python3.7/site-packages/airflow/example_dags/example_local_kubernetes_executor.py for tasks to queue
[2023-03-11T02:21:51.329+0000] {logging_mixin.py:120} INFO - [2023-03-11T02:21:51.329+0000] {dagbag.py:537} INFO - Filling up the DagBag from /home/airflow/.local/lib/python3.7/site-packages/airflow/example_dags/example_local_kubernetes_executor.py
[2023-03-11T02:21:51.353+0000] {processor.py:766} INFO - DAG(s) dict_keys(['example_local_kubernetes_executor']) retrieved from /home/airflow/.local/lib/python3.7/site-packages/airflow/example_dags/example_local_kubernetes_executor.py
[2023-03-11T02:21:51.400+0000] {logging_mixin.py:120} INFO - [2023-03-11T02:21:51.400+0000] {dag.py:2585} INFO - Sync 1 DAGs
[2023-03-11T02:21:51.423+0000] {logging_mixin.py:120} INFO - [2023-03-11T02:21:51.423+0000] {dag.py:3340} INFO - Setting next_dagrun for example_local_kubernetes_executor to None, run_after=None
[2023-03-11T02:21:51.439+0000] {processor.py:176} INFO - Processing /home/airflow/.local/lib/python3.7/site-packages/airflow/example_dags/example_local_kubernetes_executor.py took 0.117 seconds
[2023-03-11T03:28:23.283+0000] {processor.py:154} INFO - Started process (PID=35308) to work on /home/airflow/.local/lib/python3.7/site-packages/airflow/example_dags/example_local_kubernetes_executor.py
[2023-03-11T03:28:23.287+0000] {processor.py:756} INFO - Processing file /home/airflow/.local/lib/python3.7/site-packages/airflow/example_dags/example_local_kubernetes_executor.py for tasks to queue
[2023-03-11T03:28:23.292+0000] {logging_mixin.py:120} INFO - [2023-03-11T03:28:23.292+0000] {dagbag.py:537} INFO - Filling up the DagBag from /home/airflow/.local/lib/python3.7/site-packages/airflow/example_dags/example_local_kubernetes_executor.py
[2023-03-11T03:28:23.341+0000] {processor.py:766} INFO - DAG(s) dict_keys(['example_local_kubernetes_executor']) retrieved from /home/airflow/.local/lib/python3.7/site-packages/airflow/example_dags/example_local_kubernetes_executor.py
[2023-03-11T03:28:23.403+0000] {logging_mixin.py:120} INFO - [2023-03-11T03:28:23.403+0000] {dag.py:2585} INFO - Sync 1 DAGs
[2023-03-11T03:28:23.440+0000] {logging_mixin.py:120} INFO - [2023-03-11T03:28:23.440+0000] {dag.py:3340} INFO - Setting next_dagrun for example_local_kubernetes_executor to None, run_after=None
[2023-03-11T03:28:23.463+0000] {processor.py:176} INFO - Processing /home/airflow/.local/lib/python3.7/site-packages/airflow/example_dags/example_local_kubernetes_executor.py took 0.184 seconds
[2023-03-11T04:35:25.596+0000] {processor.py:154} INFO - Started process (PID=35362) to work on /home/airflow/.local/lib/python3.7/site-packages/airflow/example_dags/example_local_kubernetes_executor.py
[2023-03-11T04:35:25.597+0000] {processor.py:756} INFO - Processing file /home/airflow/.local/lib/python3.7/site-packages/airflow/example_dags/example_local_kubernetes_executor.py for tasks to queue
[2023-03-11T04:35:25.598+0000] {logging_mixin.py:120} INFO - [2023-03-11T04:35:25.598+0000] {dagbag.py:537} INFO - Filling up the DagBag from /home/airflow/.local/lib/python3.7/site-packages/airflow/example_dags/example_local_kubernetes_executor.py
[2023-03-11T04:35:25.630+0000] {processor.py:766} INFO - DAG(s) dict_keys(['example_local_kubernetes_executor']) retrieved from /home/airflow/.local/lib/python3.7/site-packages/airflow/example_dags/example_local_kubernetes_executor.py
[2023-03-11T04:35:25.690+0000] {logging_mixin.py:120} INFO - [2023-03-11T04:35:25.690+0000] {dag.py:2585} INFO - Sync 1 DAGs
[2023-03-11T04:35:25.711+0000] {logging_mixin.py:120} INFO - [2023-03-11T04:35:25.710+0000] {dag.py:3340} INFO - Setting next_dagrun for example_local_kubernetes_executor to None, run_after=None
[2023-03-11T04:35:25.721+0000] {processor.py:176} INFO - Processing /home/airflow/.local/lib/python3.7/site-packages/airflow/example_dags/example_local_kubernetes_executor.py took 0.128 seconds
[2023-03-11T05:41:15.314+0000] {processor.py:154} INFO - Started process (PID=35425) to work on /home/airflow/.local/lib/python3.7/site-packages/airflow/example_dags/example_local_kubernetes_executor.py
[2023-03-11T05:41:15.316+0000] {processor.py:756} INFO - Processing file /home/airflow/.local/lib/python3.7/site-packages/airflow/example_dags/example_local_kubernetes_executor.py for tasks to queue
[2023-03-11T05:41:15.317+0000] {logging_mixin.py:120} INFO - [2023-03-11T05:41:15.316+0000] {dagbag.py:537} INFO - Filling up the DagBag from /home/airflow/.local/lib/python3.7/site-packages/airflow/example_dags/example_local_kubernetes_executor.py
[2023-03-11T05:41:15.341+0000] {processor.py:766} INFO - DAG(s) dict_keys(['example_local_kubernetes_executor']) retrieved from /home/airflow/.local/lib/python3.7/site-packages/airflow/example_dags/example_local_kubernetes_executor.py
[2023-03-11T05:41:15.388+0000] {logging_mixin.py:120} INFO - [2023-03-11T05:41:15.388+0000] {dag.py:2585} INFO - Sync 1 DAGs
[2023-03-11T05:41:15.409+0000] {logging_mixin.py:120} INFO - [2023-03-11T05:41:15.409+0000] {dag.py:3340} INFO - Setting next_dagrun for example_local_kubernetes_executor to None, run_after=None
[2023-03-11T05:41:15.426+0000] {processor.py:176} INFO - Processing /home/airflow/.local/lib/python3.7/site-packages/airflow/example_dags/example_local_kubernetes_executor.py took 0.116 seconds
[2023-03-11T06:48:04.174+0000] {processor.py:154} INFO - Started process (PID=35488) to work on /home/airflow/.local/lib/python3.7/site-packages/airflow/example_dags/example_local_kubernetes_executor.py
[2023-03-11T06:48:04.175+0000] {processor.py:756} INFO - Processing file /home/airflow/.local/lib/python3.7/site-packages/airflow/example_dags/example_local_kubernetes_executor.py for tasks to queue
[2023-03-11T06:48:04.176+0000] {logging_mixin.py:120} INFO - [2023-03-11T06:48:04.176+0000] {dagbag.py:537} INFO - Filling up the DagBag from /home/airflow/.local/lib/python3.7/site-packages/airflow/example_dags/example_local_kubernetes_executor.py
[2023-03-11T06:48:04.196+0000] {processor.py:766} INFO - DAG(s) dict_keys(['example_local_kubernetes_executor']) retrieved from /home/airflow/.local/lib/python3.7/site-packages/airflow/example_dags/example_local_kubernetes_executor.py
[2023-03-11T06:48:04.222+0000] {logging_mixin.py:120} INFO - [2023-03-11T06:48:04.222+0000] {dag.py:2585} INFO - Sync 1 DAGs
[2023-03-11T06:48:04.242+0000] {logging_mixin.py:120} INFO - [2023-03-11T06:48:04.242+0000] {dag.py:3340} INFO - Setting next_dagrun for example_local_kubernetes_executor to None, run_after=None
[2023-03-11T06:48:04.258+0000] {processor.py:176} INFO - Processing /home/airflow/.local/lib/python3.7/site-packages/airflow/example_dags/example_local_kubernetes_executor.py took 0.086 seconds
[2023-03-11T07:54:08.338+0000] {processor.py:154} INFO - Started process (PID=35551) to work on /home/airflow/.local/lib/python3.7/site-packages/airflow/example_dags/example_local_kubernetes_executor.py
[2023-03-11T07:54:08.339+0000] {processor.py:756} INFO - Processing file /home/airflow/.local/lib/python3.7/site-packages/airflow/example_dags/example_local_kubernetes_executor.py for tasks to queue
[2023-03-11T07:54:08.341+0000] {logging_mixin.py:120} INFO - [2023-03-11T07:54:08.340+0000] {dagbag.py:537} INFO - Filling up the DagBag from /home/airflow/.local/lib/python3.7/site-packages/airflow/example_dags/example_local_kubernetes_executor.py
[2023-03-11T07:54:08.364+0000] {processor.py:766} INFO - DAG(s) dict_keys(['example_local_kubernetes_executor']) retrieved from /home/airflow/.local/lib/python3.7/site-packages/airflow/example_dags/example_local_kubernetes_executor.py
[2023-03-11T07:54:08.415+0000] {logging_mixin.py:120} INFO - [2023-03-11T07:54:08.415+0000] {dag.py:2585} INFO - Sync 1 DAGs
[2023-03-11T07:54:08.440+0000] {logging_mixin.py:120} INFO - [2023-03-11T07:54:08.440+0000] {dag.py:3340} INFO - Setting next_dagrun for example_local_kubernetes_executor to None, run_after=None
[2023-03-11T07:54:08.467+0000] {processor.py:176} INFO - Processing /home/airflow/.local/lib/python3.7/site-packages/airflow/example_dags/example_local_kubernetes_executor.py took 0.132 seconds
[2023-03-11T09:00:25.804+0000] {processor.py:154} INFO - Started process (PID=35605) to work on /home/airflow/.local/lib/python3.7/site-packages/airflow/example_dags/example_local_kubernetes_executor.py
[2023-03-11T09:00:25.807+0000] {processor.py:756} INFO - Processing file /home/airflow/.local/lib/python3.7/site-packages/airflow/example_dags/example_local_kubernetes_executor.py for tasks to queue
[2023-03-11T09:00:25.808+0000] {logging_mixin.py:120} INFO - [2023-03-11T09:00:25.808+0000] {dagbag.py:537} INFO - Filling up the DagBag from /home/airflow/.local/lib/python3.7/site-packages/airflow/example_dags/example_local_kubernetes_executor.py
[2023-03-11T09:00:25.836+0000] {processor.py:766} INFO - DAG(s) dict_keys(['example_local_kubernetes_executor']) retrieved from /home/airflow/.local/lib/python3.7/site-packages/airflow/example_dags/example_local_kubernetes_executor.py
[2023-03-11T09:00:25.868+0000] {logging_mixin.py:120} INFO - [2023-03-11T09:00:25.868+0000] {dag.py:2585} INFO - Sync 1 DAGs
[2023-03-11T09:00:25.884+0000] {logging_mixin.py:120} INFO - [2023-03-11T09:00:25.884+0000] {dag.py:3340} INFO - Setting next_dagrun for example_local_kubernetes_executor to None, run_after=None
[2023-03-11T09:00:25.900+0000] {processor.py:176} INFO - Processing /home/airflow/.local/lib/python3.7/site-packages/airflow/example_dags/example_local_kubernetes_executor.py took 0.102 seconds
[2023-03-11T10:06:58.287+0000] {processor.py:154} INFO - Started process (PID=35668) to work on /home/airflow/.local/lib/python3.7/site-packages/airflow/example_dags/example_local_kubernetes_executor.py
[2023-03-11T10:06:58.288+0000] {processor.py:756} INFO - Processing file /home/airflow/.local/lib/python3.7/site-packages/airflow/example_dags/example_local_kubernetes_executor.py for tasks to queue
[2023-03-11T10:06:58.289+0000] {logging_mixin.py:120} INFO - [2023-03-11T10:06:58.289+0000] {dagbag.py:537} INFO - Filling up the DagBag from /home/airflow/.local/lib/python3.7/site-packages/airflow/example_dags/example_local_kubernetes_executor.py
[2023-03-11T10:06:58.314+0000] {processor.py:766} INFO - DAG(s) dict_keys(['example_local_kubernetes_executor']) retrieved from /home/airflow/.local/lib/python3.7/site-packages/airflow/example_dags/example_local_kubernetes_executor.py
[2023-03-11T10:06:58.382+0000] {logging_mixin.py:120} INFO - [2023-03-11T10:06:58.382+0000] {dag.py:2585} INFO - Sync 1 DAGs
[2023-03-11T10:06:58.422+0000] {logging_mixin.py:120} INFO - [2023-03-11T10:06:58.421+0000] {dag.py:3340} INFO - Setting next_dagrun for example_local_kubernetes_executor to None, run_after=None
[2023-03-11T10:06:58.451+0000] {processor.py:176} INFO - Processing /home/airflow/.local/lib/python3.7/site-packages/airflow/example_dags/example_local_kubernetes_executor.py took 0.166 seconds
[2023-03-11T11:31:11.123+0000] {processor.py:154} INFO - Started process (PID=35731) to work on /home/airflow/.local/lib/python3.7/site-packages/airflow/example_dags/example_local_kubernetes_executor.py
[2023-03-11T11:31:11.124+0000] {processor.py:756} INFO - Processing file /home/airflow/.local/lib/python3.7/site-packages/airflow/example_dags/example_local_kubernetes_executor.py for tasks to queue
[2023-03-11T11:31:11.125+0000] {logging_mixin.py:120} INFO - [2023-03-11T11:31:11.125+0000] {dagbag.py:537} INFO - Filling up the DagBag from /home/airflow/.local/lib/python3.7/site-packages/airflow/example_dags/example_local_kubernetes_executor.py
[2023-03-11T11:31:11.147+0000] {processor.py:766} INFO - DAG(s) dict_keys(['example_local_kubernetes_executor']) retrieved from /home/airflow/.local/lib/python3.7/site-packages/airflow/example_dags/example_local_kubernetes_executor.py
[2023-03-11T11:31:11.179+0000] {logging_mixin.py:120} INFO - [2023-03-11T11:31:11.179+0000] {dag.py:2585} INFO - Sync 1 DAGs
[2023-03-11T11:31:11.199+0000] {logging_mixin.py:120} INFO - [2023-03-11T11:31:11.198+0000] {dag.py:3340} INFO - Setting next_dagrun for example_local_kubernetes_executor to None, run_after=None
[2023-03-11T11:31:11.208+0000] {processor.py:176} INFO - Processing /home/airflow/.local/lib/python3.7/site-packages/airflow/example_dags/example_local_kubernetes_executor.py took 0.088 seconds
[2023-03-11T12:37:41.411+0000] {processor.py:154} INFO - Started process (PID=35794) to work on /home/airflow/.local/lib/python3.7/site-packages/airflow/example_dags/example_local_kubernetes_executor.py
[2023-03-11T12:37:41.412+0000] {processor.py:756} INFO - Processing file /home/airflow/.local/lib/python3.7/site-packages/airflow/example_dags/example_local_kubernetes_executor.py for tasks to queue
[2023-03-11T12:37:41.413+0000] {logging_mixin.py:120} INFO - [2023-03-11T12:37:41.413+0000] {dagbag.py:537} INFO - Filling up the DagBag from /home/airflow/.local/lib/python3.7/site-packages/airflow/example_dags/example_local_kubernetes_executor.py
[2023-03-11T12:37:41.430+0000] {processor.py:766} INFO - DAG(s) dict_keys(['example_local_kubernetes_executor']) retrieved from /home/airflow/.local/lib/python3.7/site-packages/airflow/example_dags/example_local_kubernetes_executor.py
[2023-03-11T12:37:41.476+0000] {logging_mixin.py:120} INFO - [2023-03-11T12:37:41.476+0000] {dag.py:2585} INFO - Sync 1 DAGs
[2023-03-11T12:37:41.501+0000] {logging_mixin.py:120} INFO - [2023-03-11T12:37:41.501+0000] {dag.py:3340} INFO - Setting next_dagrun for example_local_kubernetes_executor to None, run_after=None
[2023-03-11T12:37:41.524+0000] {processor.py:176} INFO - Processing /home/airflow/.local/lib/python3.7/site-packages/airflow/example_dags/example_local_kubernetes_executor.py took 0.116 seconds
[2023-03-11T13:38:02.647+0000] {processor.py:154} INFO - Started process (PID=35856) to work on /home/airflow/.local/lib/python3.7/site-packages/airflow/example_dags/example_local_kubernetes_executor.py
[2023-03-11T13:38:02.651+0000] {processor.py:756} INFO - Processing file /home/airflow/.local/lib/python3.7/site-packages/airflow/example_dags/example_local_kubernetes_executor.py for tasks to queue
[2023-03-11T13:38:02.651+0000] {logging_mixin.py:120} INFO - [2023-03-11T13:38:02.651+0000] {dagbag.py:537} INFO - Filling up the DagBag from /home/airflow/.local/lib/python3.7/site-packages/airflow/example_dags/example_local_kubernetes_executor.py
[2023-03-11T13:38:02.672+0000] {processor.py:766} INFO - DAG(s) dict_keys(['example_local_kubernetes_executor']) retrieved from /home/airflow/.local/lib/python3.7/site-packages/airflow/example_dags/example_local_kubernetes_executor.py
[2023-03-11T13:38:02.712+0000] {logging_mixin.py:120} INFO - [2023-03-11T13:38:02.711+0000] {dag.py:2585} INFO - Sync 1 DAGs
[2023-03-11T13:38:02.729+0000] {logging_mixin.py:120} INFO - [2023-03-11T13:38:02.729+0000] {dag.py:3340} INFO - Setting next_dagrun for example_local_kubernetes_executor to None, run_after=None
[2023-03-11T13:38:02.745+0000] {processor.py:176} INFO - Processing /home/airflow/.local/lib/python3.7/site-packages/airflow/example_dags/example_local_kubernetes_executor.py took 0.100 seconds
[2023-03-11T14:48:00.197+0000] {processor.py:154} INFO - Started process (PID=35910) to work on /home/airflow/.local/lib/python3.7/site-packages/airflow/example_dags/example_local_kubernetes_executor.py
[2023-03-11T14:48:00.207+0000] {processor.py:756} INFO - Processing file /home/airflow/.local/lib/python3.7/site-packages/airflow/example_dags/example_local_kubernetes_executor.py for tasks to queue
[2023-03-11T14:48:00.208+0000] {logging_mixin.py:120} INFO - [2023-03-11T14:48:00.208+0000] {dagbag.py:537} INFO - Filling up the DagBag from /home/airflow/.local/lib/python3.7/site-packages/airflow/example_dags/example_local_kubernetes_executor.py
[2023-03-11T14:48:00.237+0000] {processor.py:766} INFO - DAG(s) dict_keys(['example_local_kubernetes_executor']) retrieved from /home/airflow/.local/lib/python3.7/site-packages/airflow/example_dags/example_local_kubernetes_executor.py
[2023-03-11T14:48:00.262+0000] {logging_mixin.py:120} INFO - [2023-03-11T14:48:00.262+0000] {dag.py:2585} INFO - Sync 1 DAGs
[2023-03-11T14:48:00.277+0000] {logging_mixin.py:120} INFO - [2023-03-11T14:48:00.277+0000] {dag.py:3340} INFO - Setting next_dagrun for example_local_kubernetes_executor to None, run_after=None
[2023-03-11T14:48:00.297+0000] {processor.py:176} INFO - Processing /home/airflow/.local/lib/python3.7/site-packages/airflow/example_dags/example_local_kubernetes_executor.py took 0.104 seconds
[2023-03-11T16:07:42.354+0000] {processor.py:154} INFO - Started process (PID=35973) to work on /home/airflow/.local/lib/python3.7/site-packages/airflow/example_dags/example_local_kubernetes_executor.py
[2023-03-11T16:07:42.356+0000] {processor.py:756} INFO - Processing file /home/airflow/.local/lib/python3.7/site-packages/airflow/example_dags/example_local_kubernetes_executor.py for tasks to queue
[2023-03-11T16:07:42.358+0000] {logging_mixin.py:120} INFO - [2023-03-11T16:07:42.358+0000] {dagbag.py:537} INFO - Filling up the DagBag from /home/airflow/.local/lib/python3.7/site-packages/airflow/example_dags/example_local_kubernetes_executor.py
[2023-03-11T16:07:42.380+0000] {processor.py:766} INFO - DAG(s) dict_keys(['example_local_kubernetes_executor']) retrieved from /home/airflow/.local/lib/python3.7/site-packages/airflow/example_dags/example_local_kubernetes_executor.py
[2023-03-11T16:07:42.419+0000] {logging_mixin.py:120} INFO - [2023-03-11T16:07:42.419+0000] {dag.py:2585} INFO - Sync 1 DAGs
[2023-03-11T16:07:42.438+0000] {logging_mixin.py:120} INFO - [2023-03-11T16:07:42.438+0000] {dag.py:3340} INFO - Setting next_dagrun for example_local_kubernetes_executor to None, run_after=None
[2023-03-11T16:07:42.451+0000] {processor.py:176} INFO - Processing /home/airflow/.local/lib/python3.7/site-packages/airflow/example_dags/example_local_kubernetes_executor.py took 0.099 seconds
[2023-03-11T17:14:07.116+0000] {processor.py:154} INFO - Started process (PID=36036) to work on /home/airflow/.local/lib/python3.7/site-packages/airflow/example_dags/example_local_kubernetes_executor.py
[2023-03-11T17:14:07.117+0000] {processor.py:756} INFO - Processing file /home/airflow/.local/lib/python3.7/site-packages/airflow/example_dags/example_local_kubernetes_executor.py for tasks to queue
[2023-03-11T17:14:07.118+0000] {logging_mixin.py:120} INFO - [2023-03-11T17:14:07.118+0000] {dagbag.py:537} INFO - Filling up the DagBag from /home/airflow/.local/lib/python3.7/site-packages/airflow/example_dags/example_local_kubernetes_executor.py
[2023-03-11T17:14:07.143+0000] {processor.py:766} INFO - DAG(s) dict_keys(['example_local_kubernetes_executor']) retrieved from /home/airflow/.local/lib/python3.7/site-packages/airflow/example_dags/example_local_kubernetes_executor.py
[2023-03-11T17:14:07.189+0000] {logging_mixin.py:120} INFO - [2023-03-11T17:14:07.189+0000] {dag.py:2585} INFO - Sync 1 DAGs
[2023-03-11T17:14:07.204+0000] {logging_mixin.py:120} INFO - [2023-03-11T17:14:07.204+0000] {dag.py:3340} INFO - Setting next_dagrun for example_local_kubernetes_executor to None, run_after=None
[2023-03-11T17:14:07.217+0000] {processor.py:176} INFO - Processing /home/airflow/.local/lib/python3.7/site-packages/airflow/example_dags/example_local_kubernetes_executor.py took 0.106 seconds
[2023-03-11T18:22:31.419+0000] {processor.py:154} INFO - Started process (PID=36098) to work on /home/airflow/.local/lib/python3.7/site-packages/airflow/example_dags/example_local_kubernetes_executor.py
[2023-03-11T18:22:31.421+0000] {processor.py:756} INFO - Processing file /home/airflow/.local/lib/python3.7/site-packages/airflow/example_dags/example_local_kubernetes_executor.py for tasks to queue
[2023-03-11T18:22:31.422+0000] {logging_mixin.py:120} INFO - [2023-03-11T18:22:31.422+0000] {dagbag.py:537} INFO - Filling up the DagBag from /home/airflow/.local/lib/python3.7/site-packages/airflow/example_dags/example_local_kubernetes_executor.py
[2023-03-11T18:22:31.449+0000] {processor.py:766} INFO - DAG(s) dict_keys(['example_local_kubernetes_executor']) retrieved from /home/airflow/.local/lib/python3.7/site-packages/airflow/example_dags/example_local_kubernetes_executor.py
[2023-03-11T18:22:31.486+0000] {logging_mixin.py:120} INFO - [2023-03-11T18:22:31.486+0000] {dag.py:2585} INFO - Sync 1 DAGs
[2023-03-11T18:22:31.509+0000] {logging_mixin.py:120} INFO - [2023-03-11T18:22:31.508+0000] {dag.py:3340} INFO - Setting next_dagrun for example_local_kubernetes_executor to None, run_after=None
[2023-03-11T18:22:31.536+0000] {processor.py:176} INFO - Processing /home/airflow/.local/lib/python3.7/site-packages/airflow/example_dags/example_local_kubernetes_executor.py took 0.122 seconds
[2023-03-11T19:27:37.778+0000] {processor.py:154} INFO - Started process (PID=36159) to work on /home/airflow/.local/lib/python3.7/site-packages/airflow/example_dags/example_local_kubernetes_executor.py
[2023-03-11T19:27:37.779+0000] {processor.py:756} INFO - Processing file /home/airflow/.local/lib/python3.7/site-packages/airflow/example_dags/example_local_kubernetes_executor.py for tasks to queue
[2023-03-11T19:27:37.780+0000] {logging_mixin.py:120} INFO - [2023-03-11T19:27:37.780+0000] {dagbag.py:537} INFO - Filling up the DagBag from /home/airflow/.local/lib/python3.7/site-packages/airflow/example_dags/example_local_kubernetes_executor.py
[2023-03-11T19:27:37.804+0000] {processor.py:766} INFO - DAG(s) dict_keys(['example_local_kubernetes_executor']) retrieved from /home/airflow/.local/lib/python3.7/site-packages/airflow/example_dags/example_local_kubernetes_executor.py
[2023-03-11T19:27:37.853+0000] {logging_mixin.py:120} INFO - [2023-03-11T19:27:37.853+0000] {dag.py:2585} INFO - Sync 1 DAGs
[2023-03-11T19:27:37.883+0000] {logging_mixin.py:120} INFO - [2023-03-11T19:27:37.883+0000] {dag.py:3340} INFO - Setting next_dagrun for example_local_kubernetes_executor to None, run_after=None
[2023-03-11T19:27:37.899+0000] {processor.py:176} INFO - Processing /home/airflow/.local/lib/python3.7/site-packages/airflow/example_dags/example_local_kubernetes_executor.py took 0.130 seconds
[2023-03-11T20:33:22.989+0000] {processor.py:154} INFO - Started process (PID=36215) to work on /home/airflow/.local/lib/python3.7/site-packages/airflow/example_dags/example_local_kubernetes_executor.py
[2023-03-11T20:33:22.990+0000] {processor.py:756} INFO - Processing file /home/airflow/.local/lib/python3.7/site-packages/airflow/example_dags/example_local_kubernetes_executor.py for tasks to queue
[2023-03-11T20:33:22.991+0000] {logging_mixin.py:120} INFO - [2023-03-11T20:33:22.991+0000] {dagbag.py:537} INFO - Filling up the DagBag from /home/airflow/.local/lib/python3.7/site-packages/airflow/example_dags/example_local_kubernetes_executor.py
[2023-03-11T20:33:23.012+0000] {processor.py:766} INFO - DAG(s) dict_keys(['example_local_kubernetes_executor']) retrieved from /home/airflow/.local/lib/python3.7/site-packages/airflow/example_dags/example_local_kubernetes_executor.py
[2023-03-11T20:33:23.043+0000] {logging_mixin.py:120} INFO - [2023-03-11T20:33:23.043+0000] {dag.py:2585} INFO - Sync 1 DAGs
[2023-03-11T20:33:23.055+0000] {logging_mixin.py:120} INFO - [2023-03-11T20:33:23.055+0000] {dag.py:3340} INFO - Setting next_dagrun for example_local_kubernetes_executor to None, run_after=None
[2023-03-11T20:33:23.068+0000] {processor.py:176} INFO - Processing /home/airflow/.local/lib/python3.7/site-packages/airflow/example_dags/example_local_kubernetes_executor.py took 0.082 seconds
[2023-03-11T21:49:22.136+0000] {processor.py:154} INFO - Started process (PID=36278) to work on /home/airflow/.local/lib/python3.7/site-packages/airflow/example_dags/example_local_kubernetes_executor.py
[2023-03-11T21:49:22.137+0000] {processor.py:756} INFO - Processing file /home/airflow/.local/lib/python3.7/site-packages/airflow/example_dags/example_local_kubernetes_executor.py for tasks to queue
[2023-03-11T21:49:22.148+0000] {logging_mixin.py:120} INFO - [2023-03-11T21:49:22.148+0000] {dagbag.py:537} INFO - Filling up the DagBag from /home/airflow/.local/lib/python3.7/site-packages/airflow/example_dags/example_local_kubernetes_executor.py
[2023-03-11T21:49:22.174+0000] {processor.py:766} INFO - DAG(s) dict_keys(['example_local_kubernetes_executor']) retrieved from /home/airflow/.local/lib/python3.7/site-packages/airflow/example_dags/example_local_kubernetes_executor.py
[2023-03-11T21:49:22.213+0000] {logging_mixin.py:120} INFO - [2023-03-11T21:49:22.213+0000] {dag.py:2585} INFO - Sync 1 DAGs
[2023-03-11T21:49:22.239+0000] {logging_mixin.py:120} INFO - [2023-03-11T21:49:22.238+0000] {dag.py:3340} INFO - Setting next_dagrun for example_local_kubernetes_executor to None, run_after=None
[2023-03-11T21:49:22.255+0000] {processor.py:176} INFO - Processing /home/airflow/.local/lib/python3.7/site-packages/airflow/example_dags/example_local_kubernetes_executor.py took 0.122 seconds
[2023-03-11T22:58:04.363+0000] {processor.py:154} INFO - Started process (PID=36341) to work on /home/airflow/.local/lib/python3.7/site-packages/airflow/example_dags/example_local_kubernetes_executor.py
[2023-03-11T22:58:04.364+0000] {processor.py:756} INFO - Processing file /home/airflow/.local/lib/python3.7/site-packages/airflow/example_dags/example_local_kubernetes_executor.py for tasks to queue
[2023-03-11T22:58:04.364+0000] {logging_mixin.py:120} INFO - [2023-03-11T22:58:04.364+0000] {dagbag.py:537} INFO - Filling up the DagBag from /home/airflow/.local/lib/python3.7/site-packages/airflow/example_dags/example_local_kubernetes_executor.py
[2023-03-11T22:58:04.389+0000] {processor.py:766} INFO - DAG(s) dict_keys(['example_local_kubernetes_executor']) retrieved from /home/airflow/.local/lib/python3.7/site-packages/airflow/example_dags/example_local_kubernetes_executor.py
[2023-03-11T22:58:04.429+0000] {logging_mixin.py:120} INFO - [2023-03-11T22:58:04.429+0000] {dag.py:2585} INFO - Sync 1 DAGs
[2023-03-11T22:58:04.453+0000] {logging_mixin.py:120} INFO - [2023-03-11T22:58:04.453+0000] {dag.py:3340} INFO - Setting next_dagrun for example_local_kubernetes_executor to None, run_after=None
[2023-03-11T22:58:04.481+0000] {processor.py:176} INFO - Processing /home/airflow/.local/lib/python3.7/site-packages/airflow/example_dags/example_local_kubernetes_executor.py took 0.124 seconds
