[2023-03-11T00:06:55.582+0000] {processor.py:154} INFO - Started process (PID=35108) to work on /home/airflow/.local/lib/python3.7/site-packages/airflow/example_dags/example_time_delta_sensor_async.py
[2023-03-11T00:06:55.583+0000] {processor.py:756} INFO - Processing file /home/airflow/.local/lib/python3.7/site-packages/airflow/example_dags/example_time_delta_sensor_async.py for tasks to queue
[2023-03-11T00:06:55.585+0000] {logging_mixin.py:120} INFO - [2023-03-11T00:06:55.585+0000] {dagbag.py:537} INFO - Filling up the DagBag from /home/airflow/.local/lib/python3.7/site-packages/airflow/example_dags/example_time_delta_sensor_async.py
[2023-03-11T00:06:55.601+0000] {processor.py:766} INFO - DAG(s) dict_keys(['example_time_delta_sensor_async']) retrieved from /home/airflow/.local/lib/python3.7/site-packages/airflow/example_dags/example_time_delta_sensor_async.py
[2023-03-11T00:06:55.753+0000] {logging_mixin.py:120} INFO - [2023-03-11T00:06:55.753+0000] {dag.py:2585} INFO - Sync 1 DAGs
[2023-03-11T00:06:55.772+0000] {logging_mixin.py:120} INFO - [2023-03-11T00:06:55.772+0000] {dag.py:3340} INFO - Setting next_dagrun for example_time_delta_sensor_async to None, run_after=None
[2023-03-11T00:06:55.793+0000] {processor.py:176} INFO - Processing /home/airflow/.local/lib/python3.7/site-packages/airflow/example_dags/example_time_delta_sensor_async.py took 0.214 seconds
[2023-03-11T01:13:27.305+0000] {processor.py:154} INFO - Started process (PID=35171) to work on /home/airflow/.local/lib/python3.7/site-packages/airflow/example_dags/example_time_delta_sensor_async.py
[2023-03-11T01:13:27.320+0000] {processor.py:756} INFO - Processing file /home/airflow/.local/lib/python3.7/site-packages/airflow/example_dags/example_time_delta_sensor_async.py for tasks to queue
[2023-03-11T01:13:27.321+0000] {logging_mixin.py:120} INFO - [2023-03-11T01:13:27.321+0000] {dagbag.py:537} INFO - Filling up the DagBag from /home/airflow/.local/lib/python3.7/site-packages/airflow/example_dags/example_time_delta_sensor_async.py
[2023-03-11T01:13:27.336+0000] {processor.py:766} INFO - DAG(s) dict_keys(['example_time_delta_sensor_async']) retrieved from /home/airflow/.local/lib/python3.7/site-packages/airflow/example_dags/example_time_delta_sensor_async.py
[2023-03-11T01:13:27.461+0000] {logging_mixin.py:120} INFO - [2023-03-11T01:13:27.461+0000] {dag.py:2585} INFO - Sync 1 DAGs
[2023-03-11T01:13:27.478+0000] {logging_mixin.py:120} INFO - [2023-03-11T01:13:27.478+0000] {dag.py:3340} INFO - Setting next_dagrun for example_time_delta_sensor_async to None, run_after=None
[2023-03-11T01:13:27.500+0000] {processor.py:176} INFO - Processing /home/airflow/.local/lib/python3.7/site-packages/airflow/example_dags/example_time_delta_sensor_async.py took 0.210 seconds
[2023-03-11T02:21:50.551+0000] {processor.py:154} INFO - Started process (PID=35235) to work on /home/airflow/.local/lib/python3.7/site-packages/airflow/example_dags/example_time_delta_sensor_async.py
[2023-03-11T02:21:50.553+0000] {processor.py:756} INFO - Processing file /home/airflow/.local/lib/python3.7/site-packages/airflow/example_dags/example_time_delta_sensor_async.py for tasks to queue
[2023-03-11T02:21:50.554+0000] {logging_mixin.py:120} INFO - [2023-03-11T02:21:50.554+0000] {dagbag.py:537} INFO - Filling up the DagBag from /home/airflow/.local/lib/python3.7/site-packages/airflow/example_dags/example_time_delta_sensor_async.py
[2023-03-11T02:21:50.569+0000] {processor.py:766} INFO - DAG(s) dict_keys(['example_time_delta_sensor_async']) retrieved from /home/airflow/.local/lib/python3.7/site-packages/airflow/example_dags/example_time_delta_sensor_async.py
[2023-03-11T02:21:50.674+0000] {logging_mixin.py:120} INFO - [2023-03-11T02:21:50.674+0000] {dag.py:2585} INFO - Sync 1 DAGs
[2023-03-11T02:21:50.695+0000] {logging_mixin.py:120} INFO - [2023-03-11T02:21:50.694+0000] {dag.py:3340} INFO - Setting next_dagrun for example_time_delta_sensor_async to None, run_after=None
[2023-03-11T02:21:50.714+0000] {processor.py:176} INFO - Processing /home/airflow/.local/lib/python3.7/site-packages/airflow/example_dags/example_time_delta_sensor_async.py took 0.167 seconds
[2023-03-11T03:28:22.148+0000] {processor.py:154} INFO - Started process (PID=35289) to work on /home/airflow/.local/lib/python3.7/site-packages/airflow/example_dags/example_time_delta_sensor_async.py
[2023-03-11T03:28:22.149+0000] {processor.py:756} INFO - Processing file /home/airflow/.local/lib/python3.7/site-packages/airflow/example_dags/example_time_delta_sensor_async.py for tasks to queue
[2023-03-11T03:28:22.150+0000] {logging_mixin.py:120} INFO - [2023-03-11T03:28:22.150+0000] {dagbag.py:537} INFO - Filling up the DagBag from /home/airflow/.local/lib/python3.7/site-packages/airflow/example_dags/example_time_delta_sensor_async.py
[2023-03-11T03:28:22.160+0000] {processor.py:766} INFO - DAG(s) dict_keys(['example_time_delta_sensor_async']) retrieved from /home/airflow/.local/lib/python3.7/site-packages/airflow/example_dags/example_time_delta_sensor_async.py
[2023-03-11T03:28:22.303+0000] {logging_mixin.py:120} INFO - [2023-03-11T03:28:22.303+0000] {dag.py:2585} INFO - Sync 1 DAGs
[2023-03-11T03:28:22.325+0000] {logging_mixin.py:120} INFO - [2023-03-11T03:28:22.325+0000] {dag.py:3340} INFO - Setting next_dagrun for example_time_delta_sensor_async to None, run_after=None
[2023-03-11T03:28:22.356+0000] {processor.py:176} INFO - Processing /home/airflow/.local/lib/python3.7/site-packages/airflow/example_dags/example_time_delta_sensor_async.py took 0.212 seconds
[2023-03-11T04:35:24.719+0000] {processor.py:154} INFO - Started process (PID=35353) to work on /home/airflow/.local/lib/python3.7/site-packages/airflow/example_dags/example_time_delta_sensor_async.py
[2023-03-11T04:35:24.721+0000] {processor.py:756} INFO - Processing file /home/airflow/.local/lib/python3.7/site-packages/airflow/example_dags/example_time_delta_sensor_async.py for tasks to queue
[2023-03-11T04:35:24.722+0000] {logging_mixin.py:120} INFO - [2023-03-11T04:35:24.722+0000] {dagbag.py:537} INFO - Filling up the DagBag from /home/airflow/.local/lib/python3.7/site-packages/airflow/example_dags/example_time_delta_sensor_async.py
[2023-03-11T04:35:24.731+0000] {processor.py:766} INFO - DAG(s) dict_keys(['example_time_delta_sensor_async']) retrieved from /home/airflow/.local/lib/python3.7/site-packages/airflow/example_dags/example_time_delta_sensor_async.py
[2023-03-11T04:35:24.902+0000] {logging_mixin.py:120} INFO - [2023-03-11T04:35:24.901+0000] {dag.py:2585} INFO - Sync 1 DAGs
[2023-03-11T04:35:24.925+0000] {logging_mixin.py:120} INFO - [2023-03-11T04:35:24.925+0000] {dag.py:3340} INFO - Setting next_dagrun for example_time_delta_sensor_async to None, run_after=None
[2023-03-11T04:35:24.954+0000] {processor.py:176} INFO - Processing /home/airflow/.local/lib/python3.7/site-packages/airflow/example_dags/example_time_delta_sensor_async.py took 0.241 seconds
[2023-03-11T05:41:14.477+0000] {processor.py:154} INFO - Started process (PID=35416) to work on /home/airflow/.local/lib/python3.7/site-packages/airflow/example_dags/example_time_delta_sensor_async.py
[2023-03-11T05:41:14.481+0000] {processor.py:756} INFO - Processing file /home/airflow/.local/lib/python3.7/site-packages/airflow/example_dags/example_time_delta_sensor_async.py for tasks to queue
[2023-03-11T05:41:14.482+0000] {logging_mixin.py:120} INFO - [2023-03-11T05:41:14.482+0000] {dagbag.py:537} INFO - Filling up the DagBag from /home/airflow/.local/lib/python3.7/site-packages/airflow/example_dags/example_time_delta_sensor_async.py
[2023-03-11T05:41:14.498+0000] {processor.py:766} INFO - DAG(s) dict_keys(['example_time_delta_sensor_async']) retrieved from /home/airflow/.local/lib/python3.7/site-packages/airflow/example_dags/example_time_delta_sensor_async.py
[2023-03-11T05:41:14.688+0000] {logging_mixin.py:120} INFO - [2023-03-11T05:41:14.688+0000] {dag.py:2585} INFO - Sync 1 DAGs
[2023-03-11T05:41:14.709+0000] {logging_mixin.py:120} INFO - [2023-03-11T05:41:14.709+0000] {dag.py:3340} INFO - Setting next_dagrun for example_time_delta_sensor_async to None, run_after=None
[2023-03-11T05:41:14.724+0000] {processor.py:176} INFO - Processing /home/airflow/.local/lib/python3.7/site-packages/airflow/example_dags/example_time_delta_sensor_async.py took 0.250 seconds
[2023-03-11T06:48:03.336+0000] {processor.py:154} INFO - Started process (PID=35479) to work on /home/airflow/.local/lib/python3.7/site-packages/airflow/example_dags/example_time_delta_sensor_async.py
[2023-03-11T06:48:03.337+0000] {processor.py:756} INFO - Processing file /home/airflow/.local/lib/python3.7/site-packages/airflow/example_dags/example_time_delta_sensor_async.py for tasks to queue
[2023-03-11T06:48:03.338+0000] {logging_mixin.py:120} INFO - [2023-03-11T06:48:03.337+0000] {dagbag.py:537} INFO - Filling up the DagBag from /home/airflow/.local/lib/python3.7/site-packages/airflow/example_dags/example_time_delta_sensor_async.py
[2023-03-11T06:48:03.354+0000] {processor.py:766} INFO - DAG(s) dict_keys(['example_time_delta_sensor_async']) retrieved from /home/airflow/.local/lib/python3.7/site-packages/airflow/example_dags/example_time_delta_sensor_async.py
[2023-03-11T06:48:03.472+0000] {logging_mixin.py:120} INFO - [2023-03-11T06:48:03.472+0000] {dag.py:2585} INFO - Sync 1 DAGs
[2023-03-11T06:48:03.497+0000] {logging_mixin.py:120} INFO - [2023-03-11T06:48:03.497+0000] {dag.py:3340} INFO - Setting next_dagrun for example_time_delta_sensor_async to None, run_after=None
[2023-03-11T06:48:03.517+0000] {processor.py:176} INFO - Processing /home/airflow/.local/lib/python3.7/site-packages/airflow/example_dags/example_time_delta_sensor_async.py took 0.184 seconds
[2023-03-11T07:54:06.887+0000] {processor.py:154} INFO - Started process (PID=35542) to work on /home/airflow/.local/lib/python3.7/site-packages/airflow/example_dags/example_time_delta_sensor_async.py
[2023-03-11T07:54:06.889+0000] {processor.py:756} INFO - Processing file /home/airflow/.local/lib/python3.7/site-packages/airflow/example_dags/example_time_delta_sensor_async.py for tasks to queue
[2023-03-11T07:54:06.890+0000] {logging_mixin.py:120} INFO - [2023-03-11T07:54:06.890+0000] {dagbag.py:537} INFO - Filling up the DagBag from /home/airflow/.local/lib/python3.7/site-packages/airflow/example_dags/example_time_delta_sensor_async.py
[2023-03-11T07:54:06.899+0000] {processor.py:766} INFO - DAG(s) dict_keys(['example_time_delta_sensor_async']) retrieved from /home/airflow/.local/lib/python3.7/site-packages/airflow/example_dags/example_time_delta_sensor_async.py
[2023-03-11T07:54:07.108+0000] {logging_mixin.py:120} INFO - [2023-03-11T07:54:07.108+0000] {dag.py:2585} INFO - Sync 1 DAGs
[2023-03-11T07:54:07.144+0000] {logging_mixin.py:120} INFO - [2023-03-11T07:54:07.144+0000] {dag.py:3340} INFO - Setting next_dagrun for example_time_delta_sensor_async to None, run_after=None
[2023-03-11T07:54:07.162+0000] {processor.py:176} INFO - Processing /home/airflow/.local/lib/python3.7/site-packages/airflow/example_dags/example_time_delta_sensor_async.py took 0.277 seconds
[2023-03-11T09:00:24.990+0000] {processor.py:154} INFO - Started process (PID=35596) to work on /home/airflow/.local/lib/python3.7/site-packages/airflow/example_dags/example_time_delta_sensor_async.py
[2023-03-11T09:00:24.991+0000] {processor.py:756} INFO - Processing file /home/airflow/.local/lib/python3.7/site-packages/airflow/example_dags/example_time_delta_sensor_async.py for tasks to queue
[2023-03-11T09:00:24.993+0000] {logging_mixin.py:120} INFO - [2023-03-11T09:00:24.993+0000] {dagbag.py:537} INFO - Filling up the DagBag from /home/airflow/.local/lib/python3.7/site-packages/airflow/example_dags/example_time_delta_sensor_async.py
[2023-03-11T09:00:25.009+0000] {processor.py:766} INFO - DAG(s) dict_keys(['example_time_delta_sensor_async']) retrieved from /home/airflow/.local/lib/python3.7/site-packages/airflow/example_dags/example_time_delta_sensor_async.py
[2023-03-11T09:00:25.122+0000] {logging_mixin.py:120} INFO - [2023-03-11T09:00:25.122+0000] {dag.py:2585} INFO - Sync 1 DAGs
[2023-03-11T09:00:25.144+0000] {logging_mixin.py:120} INFO - [2023-03-11T09:00:25.143+0000] {dag.py:3340} INFO - Setting next_dagrun for example_time_delta_sensor_async to None, run_after=None
[2023-03-11T09:00:25.163+0000] {processor.py:176} INFO - Processing /home/airflow/.local/lib/python3.7/site-packages/airflow/example_dags/example_time_delta_sensor_async.py took 0.179 seconds
[2023-03-11T10:06:57.400+0000] {processor.py:154} INFO - Started process (PID=35659) to work on /home/airflow/.local/lib/python3.7/site-packages/airflow/example_dags/example_time_delta_sensor_async.py
[2023-03-11T10:06:57.401+0000] {processor.py:756} INFO - Processing file /home/airflow/.local/lib/python3.7/site-packages/airflow/example_dags/example_time_delta_sensor_async.py for tasks to queue
[2023-03-11T10:06:57.402+0000] {logging_mixin.py:120} INFO - [2023-03-11T10:06:57.402+0000] {dagbag.py:537} INFO - Filling up the DagBag from /home/airflow/.local/lib/python3.7/site-packages/airflow/example_dags/example_time_delta_sensor_async.py
[2023-03-11T10:06:57.416+0000] {processor.py:766} INFO - DAG(s) dict_keys(['example_time_delta_sensor_async']) retrieved from /home/airflow/.local/lib/python3.7/site-packages/airflow/example_dags/example_time_delta_sensor_async.py
[2023-03-11T10:06:57.568+0000] {logging_mixin.py:120} INFO - [2023-03-11T10:06:57.568+0000] {dag.py:2585} INFO - Sync 1 DAGs
[2023-03-11T10:06:57.584+0000] {logging_mixin.py:120} INFO - [2023-03-11T10:06:57.584+0000] {dag.py:3340} INFO - Setting next_dagrun for example_time_delta_sensor_async to None, run_after=None
[2023-03-11T10:06:57.595+0000] {processor.py:176} INFO - Processing /home/airflow/.local/lib/python3.7/site-packages/airflow/example_dags/example_time_delta_sensor_async.py took 0.198 seconds
[2023-03-11T11:31:10.315+0000] {processor.py:154} INFO - Started process (PID=35722) to work on /home/airflow/.local/lib/python3.7/site-packages/airflow/example_dags/example_time_delta_sensor_async.py
[2023-03-11T11:31:10.318+0000] {processor.py:756} INFO - Processing file /home/airflow/.local/lib/python3.7/site-packages/airflow/example_dags/example_time_delta_sensor_async.py for tasks to queue
[2023-03-11T11:31:10.319+0000] {logging_mixin.py:120} INFO - [2023-03-11T11:31:10.319+0000] {dagbag.py:537} INFO - Filling up the DagBag from /home/airflow/.local/lib/python3.7/site-packages/airflow/example_dags/example_time_delta_sensor_async.py
[2023-03-11T11:31:10.335+0000] {processor.py:766} INFO - DAG(s) dict_keys(['example_time_delta_sensor_async']) retrieved from /home/airflow/.local/lib/python3.7/site-packages/airflow/example_dags/example_time_delta_sensor_async.py
[2023-03-11T11:31:10.481+0000] {logging_mixin.py:120} INFO - [2023-03-11T11:31:10.481+0000] {dag.py:2585} INFO - Sync 1 DAGs
[2023-03-11T11:31:10.508+0000] {logging_mixin.py:120} INFO - [2023-03-11T11:31:10.508+0000] {dag.py:3340} INFO - Setting next_dagrun for example_time_delta_sensor_async to None, run_after=None
[2023-03-11T11:31:10.525+0000] {processor.py:176} INFO - Processing /home/airflow/.local/lib/python3.7/site-packages/airflow/example_dags/example_time_delta_sensor_async.py took 0.213 seconds
[2023-03-11T12:37:40.514+0000] {processor.py:154} INFO - Started process (PID=35785) to work on /home/airflow/.local/lib/python3.7/site-packages/airflow/example_dags/example_time_delta_sensor_async.py
[2023-03-11T12:37:40.515+0000] {processor.py:756} INFO - Processing file /home/airflow/.local/lib/python3.7/site-packages/airflow/example_dags/example_time_delta_sensor_async.py for tasks to queue
[2023-03-11T12:37:40.516+0000] {logging_mixin.py:120} INFO - [2023-03-11T12:37:40.516+0000] {dagbag.py:537} INFO - Filling up the DagBag from /home/airflow/.local/lib/python3.7/site-packages/airflow/example_dags/example_time_delta_sensor_async.py
[2023-03-11T12:37:40.529+0000] {processor.py:766} INFO - DAG(s) dict_keys(['example_time_delta_sensor_async']) retrieved from /home/airflow/.local/lib/python3.7/site-packages/airflow/example_dags/example_time_delta_sensor_async.py
[2023-03-11T12:37:40.695+0000] {logging_mixin.py:120} INFO - [2023-03-11T12:37:40.695+0000] {dag.py:2585} INFO - Sync 1 DAGs
[2023-03-11T12:37:40.724+0000] {logging_mixin.py:120} INFO - [2023-03-11T12:37:40.724+0000] {dag.py:3340} INFO - Setting next_dagrun for example_time_delta_sensor_async to None, run_after=None
[2023-03-11T12:37:40.742+0000] {processor.py:176} INFO - Processing /home/airflow/.local/lib/python3.7/site-packages/airflow/example_dags/example_time_delta_sensor_async.py took 0.232 seconds
[2023-03-11T13:38:01.278+0000] {processor.py:154} INFO - Started process (PID=35845) to work on /home/airflow/.local/lib/python3.7/site-packages/airflow/example_dags/example_time_delta_sensor_async.py
[2023-03-11T13:38:01.283+0000] {processor.py:756} INFO - Processing file /home/airflow/.local/lib/python3.7/site-packages/airflow/example_dags/example_time_delta_sensor_async.py for tasks to queue
[2023-03-11T13:38:01.284+0000] {logging_mixin.py:120} INFO - [2023-03-11T13:38:01.284+0000] {dagbag.py:537} INFO - Filling up the DagBag from /home/airflow/.local/lib/python3.7/site-packages/airflow/example_dags/example_time_delta_sensor_async.py
[2023-03-11T13:38:01.298+0000] {processor.py:766} INFO - DAG(s) dict_keys(['example_time_delta_sensor_async']) retrieved from /home/airflow/.local/lib/python3.7/site-packages/airflow/example_dags/example_time_delta_sensor_async.py
[2023-03-11T13:38:01.853+0000] {logging_mixin.py:120} INFO - [2023-03-11T13:38:01.853+0000] {dag.py:2585} INFO - Sync 1 DAGs
[2023-03-11T13:38:01.897+0000] {logging_mixin.py:120} INFO - [2023-03-11T13:38:01.897+0000] {dag.py:3340} INFO - Setting next_dagrun for example_time_delta_sensor_async to None, run_after=None
[2023-03-11T13:38:01.935+0000] {processor.py:176} INFO - Processing /home/airflow/.local/lib/python3.7/site-packages/airflow/example_dags/example_time_delta_sensor_async.py took 0.659 seconds
[2023-03-11T14:47:59.370+0000] {processor.py:154} INFO - Started process (PID=35901) to work on /home/airflow/.local/lib/python3.7/site-packages/airflow/example_dags/example_time_delta_sensor_async.py
[2023-03-11T14:47:59.372+0000] {processor.py:756} INFO - Processing file /home/airflow/.local/lib/python3.7/site-packages/airflow/example_dags/example_time_delta_sensor_async.py for tasks to queue
[2023-03-11T14:47:59.372+0000] {logging_mixin.py:120} INFO - [2023-03-11T14:47:59.372+0000] {dagbag.py:537} INFO - Filling up the DagBag from /home/airflow/.local/lib/python3.7/site-packages/airflow/example_dags/example_time_delta_sensor_async.py
[2023-03-11T14:47:59.385+0000] {processor.py:766} INFO - DAG(s) dict_keys(['example_time_delta_sensor_async']) retrieved from /home/airflow/.local/lib/python3.7/site-packages/airflow/example_dags/example_time_delta_sensor_async.py
[2023-03-11T14:47:59.497+0000] {logging_mixin.py:120} INFO - [2023-03-11T14:47:59.497+0000] {dag.py:2585} INFO - Sync 1 DAGs
[2023-03-11T14:47:59.516+0000] {logging_mixin.py:120} INFO - [2023-03-11T14:47:59.516+0000] {dag.py:3340} INFO - Setting next_dagrun for example_time_delta_sensor_async to None, run_after=None
[2023-03-11T14:47:59.530+0000] {processor.py:176} INFO - Processing /home/airflow/.local/lib/python3.7/site-packages/airflow/example_dags/example_time_delta_sensor_async.py took 0.162 seconds
[2023-03-11T16:07:41.518+0000] {processor.py:154} INFO - Started process (PID=35964) to work on /home/airflow/.local/lib/python3.7/site-packages/airflow/example_dags/example_time_delta_sensor_async.py
[2023-03-11T16:07:41.519+0000] {processor.py:756} INFO - Processing file /home/airflow/.local/lib/python3.7/site-packages/airflow/example_dags/example_time_delta_sensor_async.py for tasks to queue
[2023-03-11T16:07:41.520+0000] {logging_mixin.py:120} INFO - [2023-03-11T16:07:41.520+0000] {dagbag.py:537} INFO - Filling up the DagBag from /home/airflow/.local/lib/python3.7/site-packages/airflow/example_dags/example_time_delta_sensor_async.py
[2023-03-11T16:07:41.539+0000] {processor.py:766} INFO - DAG(s) dict_keys(['example_time_delta_sensor_async']) retrieved from /home/airflow/.local/lib/python3.7/site-packages/airflow/example_dags/example_time_delta_sensor_async.py
[2023-03-11T16:07:41.648+0000] {logging_mixin.py:120} INFO - [2023-03-11T16:07:41.648+0000] {dag.py:2585} INFO - Sync 1 DAGs
[2023-03-11T16:07:41.667+0000] {logging_mixin.py:120} INFO - [2023-03-11T16:07:41.667+0000] {dag.py:3340} INFO - Setting next_dagrun for example_time_delta_sensor_async to None, run_after=None
[2023-03-11T16:07:41.682+0000] {processor.py:176} INFO - Processing /home/airflow/.local/lib/python3.7/site-packages/airflow/example_dags/example_time_delta_sensor_async.py took 0.167 seconds
[2023-03-11T17:14:06.289+0000] {processor.py:154} INFO - Started process (PID=36027) to work on /home/airflow/.local/lib/python3.7/site-packages/airflow/example_dags/example_time_delta_sensor_async.py
[2023-03-11T17:14:06.290+0000] {processor.py:756} INFO - Processing file /home/airflow/.local/lib/python3.7/site-packages/airflow/example_dags/example_time_delta_sensor_async.py for tasks to queue
[2023-03-11T17:14:06.291+0000] {logging_mixin.py:120} INFO - [2023-03-11T17:14:06.291+0000] {dagbag.py:537} INFO - Filling up the DagBag from /home/airflow/.local/lib/python3.7/site-packages/airflow/example_dags/example_time_delta_sensor_async.py
[2023-03-11T17:14:06.301+0000] {processor.py:766} INFO - DAG(s) dict_keys(['example_time_delta_sensor_async']) retrieved from /home/airflow/.local/lib/python3.7/site-packages/airflow/example_dags/example_time_delta_sensor_async.py
[2023-03-11T17:14:06.451+0000] {logging_mixin.py:120} INFO - [2023-03-11T17:14:06.451+0000] {dag.py:2585} INFO - Sync 1 DAGs
[2023-03-11T17:14:06.478+0000] {logging_mixin.py:120} INFO - [2023-03-11T17:14:06.478+0000] {dag.py:3340} INFO - Setting next_dagrun for example_time_delta_sensor_async to None, run_after=None
[2023-03-11T17:14:06.497+0000] {processor.py:176} INFO - Processing /home/airflow/.local/lib/python3.7/site-packages/airflow/example_dags/example_time_delta_sensor_async.py took 0.212 seconds
[2023-03-11T18:22:30.705+0000] {processor.py:154} INFO - Started process (PID=36089) to work on /home/airflow/.local/lib/python3.7/site-packages/airflow/example_dags/example_time_delta_sensor_async.py
[2023-03-11T18:22:30.706+0000] {processor.py:756} INFO - Processing file /home/airflow/.local/lib/python3.7/site-packages/airflow/example_dags/example_time_delta_sensor_async.py for tasks to queue
[2023-03-11T18:22:30.707+0000] {logging_mixin.py:120} INFO - [2023-03-11T18:22:30.707+0000] {dagbag.py:537} INFO - Filling up the DagBag from /home/airflow/.local/lib/python3.7/site-packages/airflow/example_dags/example_time_delta_sensor_async.py
[2023-03-11T18:22:30.721+0000] {processor.py:766} INFO - DAG(s) dict_keys(['example_time_delta_sensor_async']) retrieved from /home/airflow/.local/lib/python3.7/site-packages/airflow/example_dags/example_time_delta_sensor_async.py
[2023-03-11T18:22:30.818+0000] {logging_mixin.py:120} INFO - [2023-03-11T18:22:30.818+0000] {dag.py:2585} INFO - Sync 1 DAGs
[2023-03-11T18:22:30.833+0000] {logging_mixin.py:120} INFO - [2023-03-11T18:22:30.833+0000] {dag.py:3340} INFO - Setting next_dagrun for example_time_delta_sensor_async to None, run_after=None
[2023-03-11T18:22:30.845+0000] {processor.py:176} INFO - Processing /home/airflow/.local/lib/python3.7/site-packages/airflow/example_dags/example_time_delta_sensor_async.py took 0.142 seconds
[2023-03-11T19:27:36.980+0000] {processor.py:154} INFO - Started process (PID=36143) to work on /home/airflow/.local/lib/python3.7/site-packages/airflow/example_dags/example_time_delta_sensor_async.py
[2023-03-11T19:27:36.983+0000] {processor.py:756} INFO - Processing file /home/airflow/.local/lib/python3.7/site-packages/airflow/example_dags/example_time_delta_sensor_async.py for tasks to queue
[2023-03-11T19:27:36.986+0000] {logging_mixin.py:120} INFO - [2023-03-11T19:27:36.986+0000] {dagbag.py:537} INFO - Filling up the DagBag from /home/airflow/.local/lib/python3.7/site-packages/airflow/example_dags/example_time_delta_sensor_async.py
[2023-03-11T19:27:37.005+0000] {processor.py:766} INFO - DAG(s) dict_keys(['example_time_delta_sensor_async']) retrieved from /home/airflow/.local/lib/python3.7/site-packages/airflow/example_dags/example_time_delta_sensor_async.py
[2023-03-11T19:27:37.112+0000] {logging_mixin.py:120} INFO - [2023-03-11T19:27:37.111+0000] {dag.py:2585} INFO - Sync 1 DAGs
[2023-03-11T19:27:37.131+0000] {logging_mixin.py:120} INFO - [2023-03-11T19:27:37.130+0000] {dag.py:3340} INFO - Setting next_dagrun for example_time_delta_sensor_async to None, run_after=None
[2023-03-11T19:27:37.145+0000] {processor.py:176} INFO - Processing /home/airflow/.local/lib/python3.7/site-packages/airflow/example_dags/example_time_delta_sensor_async.py took 0.171 seconds
[2023-03-11T20:33:22.077+0000] {processor.py:154} INFO - Started process (PID=36206) to work on /home/airflow/.local/lib/python3.7/site-packages/airflow/example_dags/example_time_delta_sensor_async.py
[2023-03-11T20:33:22.080+0000] {processor.py:756} INFO - Processing file /home/airflow/.local/lib/python3.7/site-packages/airflow/example_dags/example_time_delta_sensor_async.py for tasks to queue
[2023-03-11T20:33:22.085+0000] {logging_mixin.py:120} INFO - [2023-03-11T20:33:22.082+0000] {dagbag.py:537} INFO - Filling up the DagBag from /home/airflow/.local/lib/python3.7/site-packages/airflow/example_dags/example_time_delta_sensor_async.py
[2023-03-11T20:33:22.098+0000] {processor.py:766} INFO - DAG(s) dict_keys(['example_time_delta_sensor_async']) retrieved from /home/airflow/.local/lib/python3.7/site-packages/airflow/example_dags/example_time_delta_sensor_async.py
[2023-03-11T20:33:22.280+0000] {logging_mixin.py:120} INFO - [2023-03-11T20:33:22.280+0000] {dag.py:2585} INFO - Sync 1 DAGs
[2023-03-11T20:33:22.300+0000] {logging_mixin.py:120} INFO - [2023-03-11T20:33:22.299+0000] {dag.py:3340} INFO - Setting next_dagrun for example_time_delta_sensor_async to None, run_after=None
[2023-03-11T20:33:22.313+0000] {processor.py:176} INFO - Processing /home/airflow/.local/lib/python3.7/site-packages/airflow/example_dags/example_time_delta_sensor_async.py took 0.239 seconds
[2023-03-11T21:49:21.227+0000] {processor.py:154} INFO - Started process (PID=36269) to work on /home/airflow/.local/lib/python3.7/site-packages/airflow/example_dags/example_time_delta_sensor_async.py
[2023-03-11T21:49:21.240+0000] {processor.py:756} INFO - Processing file /home/airflow/.local/lib/python3.7/site-packages/airflow/example_dags/example_time_delta_sensor_async.py for tasks to queue
[2023-03-11T21:49:21.241+0000] {logging_mixin.py:120} INFO - [2023-03-11T21:49:21.241+0000] {dagbag.py:537} INFO - Filling up the DagBag from /home/airflow/.local/lib/python3.7/site-packages/airflow/example_dags/example_time_delta_sensor_async.py
[2023-03-11T21:49:21.257+0000] {processor.py:766} INFO - DAG(s) dict_keys(['example_time_delta_sensor_async']) retrieved from /home/airflow/.local/lib/python3.7/site-packages/airflow/example_dags/example_time_delta_sensor_async.py
[2023-03-11T21:49:21.417+0000] {logging_mixin.py:120} INFO - [2023-03-11T21:49:21.417+0000] {dag.py:2585} INFO - Sync 1 DAGs
[2023-03-11T21:49:21.440+0000] {logging_mixin.py:120} INFO - [2023-03-11T21:49:21.440+0000] {dag.py:3340} INFO - Setting next_dagrun for example_time_delta_sensor_async to None, run_after=None
[2023-03-11T21:49:21.478+0000] {processor.py:176} INFO - Processing /home/airflow/.local/lib/python3.7/site-packages/airflow/example_dags/example_time_delta_sensor_async.py took 0.256 seconds
[2023-03-11T22:58:03.466+0000] {processor.py:154} INFO - Started process (PID=36332) to work on /home/airflow/.local/lib/python3.7/site-packages/airflow/example_dags/example_time_delta_sensor_async.py
[2023-03-11T22:58:03.468+0000] {processor.py:756} INFO - Processing file /home/airflow/.local/lib/python3.7/site-packages/airflow/example_dags/example_time_delta_sensor_async.py for tasks to queue
[2023-03-11T22:58:03.469+0000] {logging_mixin.py:120} INFO - [2023-03-11T22:58:03.469+0000] {dagbag.py:537} INFO - Filling up the DagBag from /home/airflow/.local/lib/python3.7/site-packages/airflow/example_dags/example_time_delta_sensor_async.py
[2023-03-11T22:58:03.483+0000] {processor.py:766} INFO - DAG(s) dict_keys(['example_time_delta_sensor_async']) retrieved from /home/airflow/.local/lib/python3.7/site-packages/airflow/example_dags/example_time_delta_sensor_async.py
[2023-03-11T22:58:03.641+0000] {logging_mixin.py:120} INFO - [2023-03-11T22:58:03.641+0000] {dag.py:2585} INFO - Sync 1 DAGs
[2023-03-11T22:58:03.667+0000] {logging_mixin.py:120} INFO - [2023-03-11T22:58:03.667+0000] {dag.py:3340} INFO - Setting next_dagrun for example_time_delta_sensor_async to None, run_after=None
[2023-03-11T22:58:03.683+0000] {processor.py:176} INFO - Processing /home/airflow/.local/lib/python3.7/site-packages/airflow/example_dags/example_time_delta_sensor_async.py took 0.219 seconds
