[2023-03-11T00:06:55.968+0000] {processor.py:154} INFO - Started process (PID=35112) to work on /home/airflow/.local/lib/python3.7/site-packages/airflow/example_dags/example_short_circuit_decorator.py
[2023-03-11T00:06:55.972+0000] {processor.py:756} INFO - Processing file /home/airflow/.local/lib/python3.7/site-packages/airflow/example_dags/example_short_circuit_decorator.py for tasks to queue
[2023-03-11T00:06:55.973+0000] {logging_mixin.py:120} INFO - [2023-03-11T00:06:55.973+0000] {dagbag.py:537} INFO - Filling up the DagBag from /home/airflow/.local/lib/python3.7/site-packages/airflow/example_dags/example_short_circuit_decorator.py
[2023-03-11T00:06:55.991+0000] {processor.py:766} INFO - DAG(s) dict_keys(['example_short_circuit_decorator']) retrieved from /home/airflow/.local/lib/python3.7/site-packages/airflow/example_dags/example_short_circuit_decorator.py
[2023-03-11T00:06:56.036+0000] {logging_mixin.py:120} INFO - [2023-03-11T00:06:56.036+0000] {dag.py:2585} INFO - Sync 1 DAGs
[2023-03-11T00:06:56.058+0000] {logging_mixin.py:120} INFO - [2023-03-11T00:06:56.058+0000] {dag.py:3340} INFO - Setting next_dagrun for example_short_circuit_decorator to 2023-03-10T00:06:56.058412+00:00, run_after=2023-03-11T00:06:56.058412+00:00
[2023-03-11T00:06:56.079+0000] {processor.py:176} INFO - Processing /home/airflow/.local/lib/python3.7/site-packages/airflow/example_dags/example_short_circuit_decorator.py took 0.115 seconds
[2023-03-11T01:13:27.679+0000] {processor.py:154} INFO - Started process (PID=35175) to work on /home/airflow/.local/lib/python3.7/site-packages/airflow/example_dags/example_short_circuit_decorator.py
[2023-03-11T01:13:27.681+0000] {processor.py:756} INFO - Processing file /home/airflow/.local/lib/python3.7/site-packages/airflow/example_dags/example_short_circuit_decorator.py for tasks to queue
[2023-03-11T01:13:27.682+0000] {logging_mixin.py:120} INFO - [2023-03-11T01:13:27.682+0000] {dagbag.py:537} INFO - Filling up the DagBag from /home/airflow/.local/lib/python3.7/site-packages/airflow/example_dags/example_short_circuit_decorator.py
[2023-03-11T01:13:27.706+0000] {processor.py:766} INFO - DAG(s) dict_keys(['example_short_circuit_decorator']) retrieved from /home/airflow/.local/lib/python3.7/site-packages/airflow/example_dags/example_short_circuit_decorator.py
[2023-03-11T01:13:27.734+0000] {logging_mixin.py:120} INFO - [2023-03-11T01:13:27.734+0000] {dag.py:2585} INFO - Sync 1 DAGs
[2023-03-11T01:13:27.748+0000] {logging_mixin.py:120} INFO - [2023-03-11T01:13:27.748+0000] {dag.py:3340} INFO - Setting next_dagrun for example_short_circuit_decorator to 2023-03-10T01:13:27.748097+00:00, run_after=2023-03-11T01:13:27.748097+00:00
[2023-03-11T01:13:27.764+0000] {processor.py:176} INFO - Processing /home/airflow/.local/lib/python3.7/site-packages/airflow/example_dags/example_short_circuit_decorator.py took 0.088 seconds
[2023-03-11T02:21:50.883+0000] {processor.py:154} INFO - Started process (PID=35239) to work on /home/airflow/.local/lib/python3.7/site-packages/airflow/example_dags/example_short_circuit_decorator.py
[2023-03-11T02:21:50.884+0000] {processor.py:756} INFO - Processing file /home/airflow/.local/lib/python3.7/site-packages/airflow/example_dags/example_short_circuit_decorator.py for tasks to queue
[2023-03-11T02:21:50.885+0000] {logging_mixin.py:120} INFO - [2023-03-11T02:21:50.885+0000] {dagbag.py:537} INFO - Filling up the DagBag from /home/airflow/.local/lib/python3.7/site-packages/airflow/example_dags/example_short_circuit_decorator.py
[2023-03-11T02:21:50.910+0000] {processor.py:766} INFO - DAG(s) dict_keys(['example_short_circuit_decorator']) retrieved from /home/airflow/.local/lib/python3.7/site-packages/airflow/example_dags/example_short_circuit_decorator.py
[2023-03-11T02:21:50.956+0000] {logging_mixin.py:120} INFO - [2023-03-11T02:21:50.956+0000] {dag.py:2585} INFO - Sync 1 DAGs
[2023-03-11T02:21:50.980+0000] {logging_mixin.py:120} INFO - [2023-03-11T02:21:50.979+0000] {dag.py:3340} INFO - Setting next_dagrun for example_short_circuit_decorator to 2023-03-10T02:21:50.979801+00:00, run_after=2023-03-11T02:21:50.979801+00:00
[2023-03-11T02:21:50.995+0000] {processor.py:176} INFO - Processing /home/airflow/.local/lib/python3.7/site-packages/airflow/example_dags/example_short_circuit_decorator.py took 0.117 seconds
[2023-03-11T03:28:22.613+0000] {processor.py:154} INFO - Started process (PID=35301) to work on /home/airflow/.local/lib/python3.7/site-packages/airflow/example_dags/example_short_circuit_decorator.py
[2023-03-11T03:28:22.621+0000] {processor.py:756} INFO - Processing file /home/airflow/.local/lib/python3.7/site-packages/airflow/example_dags/example_short_circuit_decorator.py for tasks to queue
[2023-03-11T03:28:22.622+0000] {logging_mixin.py:120} INFO - [2023-03-11T03:28:22.622+0000] {dagbag.py:537} INFO - Filling up the DagBag from /home/airflow/.local/lib/python3.7/site-packages/airflow/example_dags/example_short_circuit_decorator.py
[2023-03-11T03:28:22.650+0000] {processor.py:766} INFO - DAG(s) dict_keys(['example_short_circuit_decorator']) retrieved from /home/airflow/.local/lib/python3.7/site-packages/airflow/example_dags/example_short_circuit_decorator.py
[2023-03-11T03:28:22.700+0000] {logging_mixin.py:120} INFO - [2023-03-11T03:28:22.700+0000] {dag.py:2585} INFO - Sync 1 DAGs
[2023-03-11T03:28:22.736+0000] {logging_mixin.py:120} INFO - [2023-03-11T03:28:22.736+0000] {dag.py:3340} INFO - Setting next_dagrun for example_short_circuit_decorator to 2023-03-10T03:28:22.735920+00:00, run_after=2023-03-11T03:28:22.735920+00:00
[2023-03-11T03:28:22.756+0000] {processor.py:176} INFO - Processing /home/airflow/.local/lib/python3.7/site-packages/airflow/example_dags/example_short_circuit_decorator.py took 0.146 seconds
[2023-03-11T04:35:25.064+0000] {processor.py:154} INFO - Started process (PID=35357) to work on /home/airflow/.local/lib/python3.7/site-packages/airflow/example_dags/example_short_circuit_decorator.py
[2023-03-11T04:35:25.065+0000] {processor.py:756} INFO - Processing file /home/airflow/.local/lib/python3.7/site-packages/airflow/example_dags/example_short_circuit_decorator.py for tasks to queue
[2023-03-11T04:35:25.066+0000] {logging_mixin.py:120} INFO - [2023-03-11T04:35:25.066+0000] {dagbag.py:537} INFO - Filling up the DagBag from /home/airflow/.local/lib/python3.7/site-packages/airflow/example_dags/example_short_circuit_decorator.py
[2023-03-11T04:35:25.107+0000] {processor.py:766} INFO - DAG(s) dict_keys(['example_short_circuit_decorator']) retrieved from /home/airflow/.local/lib/python3.7/site-packages/airflow/example_dags/example_short_circuit_decorator.py
[2023-03-11T04:35:25.167+0000] {logging_mixin.py:120} INFO - [2023-03-11T04:35:25.166+0000] {dag.py:2585} INFO - Sync 1 DAGs
[2023-03-11T04:35:25.191+0000] {logging_mixin.py:120} INFO - [2023-03-11T04:35:25.191+0000] {dag.py:3340} INFO - Setting next_dagrun for example_short_circuit_decorator to 2023-03-10T04:35:25.191438+00:00, run_after=2023-03-11T04:35:25.191438+00:00
[2023-03-11T04:35:25.214+0000] {processor.py:176} INFO - Processing /home/airflow/.local/lib/python3.7/site-packages/airflow/example_dags/example_short_circuit_decorator.py took 0.155 seconds
[2023-03-11T05:41:14.948+0000] {processor.py:154} INFO - Started process (PID=35420) to work on /home/airflow/.local/lib/python3.7/site-packages/airflow/example_dags/example_short_circuit_decorator.py
[2023-03-11T05:41:14.949+0000] {processor.py:756} INFO - Processing file /home/airflow/.local/lib/python3.7/site-packages/airflow/example_dags/example_short_circuit_decorator.py for tasks to queue
[2023-03-11T05:41:14.950+0000] {logging_mixin.py:120} INFO - [2023-03-11T05:41:14.950+0000] {dagbag.py:537} INFO - Filling up the DagBag from /home/airflow/.local/lib/python3.7/site-packages/airflow/example_dags/example_short_circuit_decorator.py
[2023-03-11T05:41:14.976+0000] {processor.py:766} INFO - DAG(s) dict_keys(['example_short_circuit_decorator']) retrieved from /home/airflow/.local/lib/python3.7/site-packages/airflow/example_dags/example_short_circuit_decorator.py
[2023-03-11T05:41:15.022+0000] {logging_mixin.py:120} INFO - [2023-03-11T05:41:15.022+0000] {dag.py:2585} INFO - Sync 1 DAGs
[2023-03-11T05:41:15.041+0000] {logging_mixin.py:120} INFO - [2023-03-11T05:41:15.041+0000] {dag.py:3340} INFO - Setting next_dagrun for example_short_circuit_decorator to 2023-03-10T05:41:15.041278+00:00, run_after=2023-03-11T05:41:15.041278+00:00
[2023-03-11T05:41:15.057+0000] {processor.py:176} INFO - Processing /home/airflow/.local/lib/python3.7/site-packages/airflow/example_dags/example_short_circuit_decorator.py took 0.115 seconds
[2023-03-11T06:48:03.669+0000] {processor.py:154} INFO - Started process (PID=35483) to work on /home/airflow/.local/lib/python3.7/site-packages/airflow/example_dags/example_short_circuit_decorator.py
[2023-03-11T06:48:03.670+0000] {processor.py:756} INFO - Processing file /home/airflow/.local/lib/python3.7/site-packages/airflow/example_dags/example_short_circuit_decorator.py for tasks to queue
[2023-03-11T06:48:03.671+0000] {logging_mixin.py:120} INFO - [2023-03-11T06:48:03.671+0000] {dagbag.py:537} INFO - Filling up the DagBag from /home/airflow/.local/lib/python3.7/site-packages/airflow/example_dags/example_short_circuit_decorator.py
[2023-03-11T06:48:03.694+0000] {processor.py:766} INFO - DAG(s) dict_keys(['example_short_circuit_decorator']) retrieved from /home/airflow/.local/lib/python3.7/site-packages/airflow/example_dags/example_short_circuit_decorator.py
[2023-03-11T06:48:03.738+0000] {logging_mixin.py:120} INFO - [2023-03-11T06:48:03.738+0000] {dag.py:2585} INFO - Sync 1 DAGs
[2023-03-11T06:48:03.760+0000] {logging_mixin.py:120} INFO - [2023-03-11T06:48:03.760+0000] {dag.py:3340} INFO - Setting next_dagrun for example_short_circuit_decorator to 2023-03-10T06:48:03.759913+00:00, run_after=2023-03-11T06:48:03.759913+00:00
[2023-03-11T06:48:03.779+0000] {processor.py:176} INFO - Processing /home/airflow/.local/lib/python3.7/site-packages/airflow/example_dags/example_short_circuit_decorator.py took 0.116 seconds
[2023-03-11T07:54:07.368+0000] {processor.py:154} INFO - Started process (PID=35546) to work on /home/airflow/.local/lib/python3.7/site-packages/airflow/example_dags/example_short_circuit_decorator.py
[2023-03-11T07:54:07.370+0000] {processor.py:756} INFO - Processing file /home/airflow/.local/lib/python3.7/site-packages/airflow/example_dags/example_short_circuit_decorator.py for tasks to queue
[2023-03-11T07:54:07.370+0000] {logging_mixin.py:120} INFO - [2023-03-11T07:54:07.370+0000] {dagbag.py:537} INFO - Filling up the DagBag from /home/airflow/.local/lib/python3.7/site-packages/airflow/example_dags/example_short_circuit_decorator.py
[2023-03-11T07:54:07.396+0000] {processor.py:766} INFO - DAG(s) dict_keys(['example_short_circuit_decorator']) retrieved from /home/airflow/.local/lib/python3.7/site-packages/airflow/example_dags/example_short_circuit_decorator.py
[2023-03-11T07:54:07.426+0000] {logging_mixin.py:120} INFO - [2023-03-11T07:54:07.426+0000] {dag.py:2585} INFO - Sync 1 DAGs
[2023-03-11T07:54:07.442+0000] {logging_mixin.py:120} INFO - [2023-03-11T07:54:07.442+0000] {dag.py:3340} INFO - Setting next_dagrun for example_short_circuit_decorator to 2023-03-10T07:54:07.442551+00:00, run_after=2023-03-11T07:54:07.442551+00:00
[2023-03-11T07:54:07.453+0000] {processor.py:176} INFO - Processing /home/airflow/.local/lib/python3.7/site-packages/airflow/example_dags/example_short_circuit_decorator.py took 0.088 seconds
[2023-03-11T09:00:25.320+0000] {processor.py:154} INFO - Started process (PID=35600) to work on /home/airflow/.local/lib/python3.7/site-packages/airflow/example_dags/example_short_circuit_decorator.py
[2023-03-11T09:00:25.321+0000] {processor.py:756} INFO - Processing file /home/airflow/.local/lib/python3.7/site-packages/airflow/example_dags/example_short_circuit_decorator.py for tasks to queue
[2023-03-11T09:00:25.323+0000] {logging_mixin.py:120} INFO - [2023-03-11T09:00:25.323+0000] {dagbag.py:537} INFO - Filling up the DagBag from /home/airflow/.local/lib/python3.7/site-packages/airflow/example_dags/example_short_circuit_decorator.py
[2023-03-11T09:00:25.348+0000] {processor.py:766} INFO - DAG(s) dict_keys(['example_short_circuit_decorator']) retrieved from /home/airflow/.local/lib/python3.7/site-packages/airflow/example_dags/example_short_circuit_decorator.py
[2023-03-11T09:00:25.386+0000] {logging_mixin.py:120} INFO - [2023-03-11T09:00:25.386+0000] {dag.py:2585} INFO - Sync 1 DAGs
[2023-03-11T09:00:25.403+0000] {logging_mixin.py:120} INFO - [2023-03-11T09:00:25.402+0000] {dag.py:3340} INFO - Setting next_dagrun for example_short_circuit_decorator to 2023-03-10T09:00:25.402789+00:00, run_after=2023-03-11T09:00:25.402789+00:00
[2023-03-11T09:00:25.415+0000] {processor.py:176} INFO - Processing /home/airflow/.local/lib/python3.7/site-packages/airflow/example_dags/example_short_circuit_decorator.py took 0.098 seconds
[2023-03-11T10:06:57.773+0000] {processor.py:154} INFO - Started process (PID=35663) to work on /home/airflow/.local/lib/python3.7/site-packages/airflow/example_dags/example_short_circuit_decorator.py
[2023-03-11T10:06:57.774+0000] {processor.py:756} INFO - Processing file /home/airflow/.local/lib/python3.7/site-packages/airflow/example_dags/example_short_circuit_decorator.py for tasks to queue
[2023-03-11T10:06:57.775+0000] {logging_mixin.py:120} INFO - [2023-03-11T10:06:57.775+0000] {dagbag.py:537} INFO - Filling up the DagBag from /home/airflow/.local/lib/python3.7/site-packages/airflow/example_dags/example_short_circuit_decorator.py
[2023-03-11T10:06:57.810+0000] {processor.py:766} INFO - DAG(s) dict_keys(['example_short_circuit_decorator']) retrieved from /home/airflow/.local/lib/python3.7/site-packages/airflow/example_dags/example_short_circuit_decorator.py
[2023-03-11T10:06:57.856+0000] {logging_mixin.py:120} INFO - [2023-03-11T10:06:57.856+0000] {dag.py:2585} INFO - Sync 1 DAGs
[2023-03-11T10:06:57.901+0000] {logging_mixin.py:120} INFO - [2023-03-11T10:06:57.900+0000] {dag.py:3340} INFO - Setting next_dagrun for example_short_circuit_decorator to 2023-03-10T10:06:57.900755+00:00, run_after=2023-03-11T10:06:57.900755+00:00
[2023-03-11T10:06:57.917+0000] {processor.py:176} INFO - Processing /home/airflow/.local/lib/python3.7/site-packages/airflow/example_dags/example_short_circuit_decorator.py took 0.147 seconds
[2023-03-11T11:31:10.669+0000] {processor.py:154} INFO - Started process (PID=35726) to work on /home/airflow/.local/lib/python3.7/site-packages/airflow/example_dags/example_short_circuit_decorator.py
[2023-03-11T11:31:10.670+0000] {processor.py:756} INFO - Processing file /home/airflow/.local/lib/python3.7/site-packages/airflow/example_dags/example_short_circuit_decorator.py for tasks to queue
[2023-03-11T11:31:10.671+0000] {logging_mixin.py:120} INFO - [2023-03-11T11:31:10.671+0000] {dagbag.py:537} INFO - Filling up the DagBag from /home/airflow/.local/lib/python3.7/site-packages/airflow/example_dags/example_short_circuit_decorator.py
[2023-03-11T11:31:10.693+0000] {processor.py:766} INFO - DAG(s) dict_keys(['example_short_circuit_decorator']) retrieved from /home/airflow/.local/lib/python3.7/site-packages/airflow/example_dags/example_short_circuit_decorator.py
[2023-03-11T11:31:10.734+0000] {logging_mixin.py:120} INFO - [2023-03-11T11:31:10.734+0000] {dag.py:2585} INFO - Sync 1 DAGs
[2023-03-11T11:31:10.757+0000] {logging_mixin.py:120} INFO - [2023-03-11T11:31:10.757+0000] {dag.py:3340} INFO - Setting next_dagrun for example_short_circuit_decorator to 2023-03-10T11:31:10.757399+00:00, run_after=2023-03-11T11:31:10.757399+00:00
[2023-03-11T11:31:10.786+0000] {processor.py:176} INFO - Processing /home/airflow/.local/lib/python3.7/site-packages/airflow/example_dags/example_short_circuit_decorator.py took 0.120 seconds
[2023-03-11T12:37:40.941+0000] {processor.py:154} INFO - Started process (PID=35789) to work on /home/airflow/.local/lib/python3.7/site-packages/airflow/example_dags/example_short_circuit_decorator.py
[2023-03-11T12:37:40.942+0000] {processor.py:756} INFO - Processing file /home/airflow/.local/lib/python3.7/site-packages/airflow/example_dags/example_short_circuit_decorator.py for tasks to queue
[2023-03-11T12:37:40.943+0000] {logging_mixin.py:120} INFO - [2023-03-11T12:37:40.943+0000] {dagbag.py:537} INFO - Filling up the DagBag from /home/airflow/.local/lib/python3.7/site-packages/airflow/example_dags/example_short_circuit_decorator.py
[2023-03-11T12:37:40.970+0000] {processor.py:766} INFO - DAG(s) dict_keys(['example_short_circuit_decorator']) retrieved from /home/airflow/.local/lib/python3.7/site-packages/airflow/example_dags/example_short_circuit_decorator.py
[2023-03-11T12:37:41.023+0000] {logging_mixin.py:120} INFO - [2023-03-11T12:37:41.023+0000] {dag.py:2585} INFO - Sync 1 DAGs
[2023-03-11T12:37:41.047+0000] {logging_mixin.py:120} INFO - [2023-03-11T12:37:41.047+0000] {dag.py:3340} INFO - Setting next_dagrun for example_short_circuit_decorator to 2023-03-10T12:37:41.047647+00:00, run_after=2023-03-11T12:37:41.047647+00:00
[2023-03-11T12:37:41.063+0000] {processor.py:176} INFO - Processing /home/airflow/.local/lib/python3.7/site-packages/airflow/example_dags/example_short_circuit_decorator.py took 0.126 seconds
[2023-03-11T13:38:02.024+0000] {processor.py:154} INFO - Started process (PID=35851) to work on /home/airflow/.local/lib/python3.7/site-packages/airflow/example_dags/example_short_circuit_decorator.py
[2023-03-11T13:38:02.026+0000] {processor.py:756} INFO - Processing file /home/airflow/.local/lib/python3.7/site-packages/airflow/example_dags/example_short_circuit_decorator.py for tasks to queue
[2023-03-11T13:38:02.027+0000] {logging_mixin.py:120} INFO - [2023-03-11T13:38:02.027+0000] {dagbag.py:537} INFO - Filling up the DagBag from /home/airflow/.local/lib/python3.7/site-packages/airflow/example_dags/example_short_circuit_decorator.py
[2023-03-11T13:38:02.070+0000] {processor.py:766} INFO - DAG(s) dict_keys(['example_short_circuit_decorator']) retrieved from /home/airflow/.local/lib/python3.7/site-packages/airflow/example_dags/example_short_circuit_decorator.py
[2023-03-11T13:38:02.127+0000] {logging_mixin.py:120} INFO - [2023-03-11T13:38:02.127+0000] {dag.py:2585} INFO - Sync 1 DAGs
[2023-03-11T13:38:02.151+0000] {logging_mixin.py:120} INFO - [2023-03-11T13:38:02.150+0000] {dag.py:3340} INFO - Setting next_dagrun for example_short_circuit_decorator to 2023-03-10T13:38:02.150687+00:00, run_after=2023-03-11T13:38:02.150687+00:00
[2023-03-11T13:38:02.163+0000] {processor.py:176} INFO - Processing /home/airflow/.local/lib/python3.7/site-packages/airflow/example_dags/example_short_circuit_decorator.py took 0.143 seconds
[2023-03-11T14:47:59.729+0000] {processor.py:154} INFO - Started process (PID=35905) to work on /home/airflow/.local/lib/python3.7/site-packages/airflow/example_dags/example_short_circuit_decorator.py
[2023-03-11T14:47:59.732+0000] {processor.py:756} INFO - Processing file /home/airflow/.local/lib/python3.7/site-packages/airflow/example_dags/example_short_circuit_decorator.py for tasks to queue
[2023-03-11T14:47:59.733+0000] {logging_mixin.py:120} INFO - [2023-03-11T14:47:59.733+0000] {dagbag.py:537} INFO - Filling up the DagBag from /home/airflow/.local/lib/python3.7/site-packages/airflow/example_dags/example_short_circuit_decorator.py
[2023-03-11T14:47:59.757+0000] {processor.py:766} INFO - DAG(s) dict_keys(['example_short_circuit_decorator']) retrieved from /home/airflow/.local/lib/python3.7/site-packages/airflow/example_dags/example_short_circuit_decorator.py
[2023-03-11T14:47:59.795+0000] {logging_mixin.py:120} INFO - [2023-03-11T14:47:59.795+0000] {dag.py:2585} INFO - Sync 1 DAGs
[2023-03-11T14:47:59.810+0000] {logging_mixin.py:120} INFO - [2023-03-11T14:47:59.810+0000] {dag.py:3340} INFO - Setting next_dagrun for example_short_circuit_decorator to 2023-03-10T14:47:59.810412+00:00, run_after=2023-03-11T14:47:59.810412+00:00
[2023-03-11T14:47:59.821+0000] {processor.py:176} INFO - Processing /home/airflow/.local/lib/python3.7/site-packages/airflow/example_dags/example_short_circuit_decorator.py took 0.095 seconds
[2023-03-11T16:07:41.853+0000] {processor.py:154} INFO - Started process (PID=35968) to work on /home/airflow/.local/lib/python3.7/site-packages/airflow/example_dags/example_short_circuit_decorator.py
[2023-03-11T16:07:41.856+0000] {processor.py:756} INFO - Processing file /home/airflow/.local/lib/python3.7/site-packages/airflow/example_dags/example_short_circuit_decorator.py for tasks to queue
[2023-03-11T16:07:41.857+0000] {logging_mixin.py:120} INFO - [2023-03-11T16:07:41.857+0000] {dagbag.py:537} INFO - Filling up the DagBag from /home/airflow/.local/lib/python3.7/site-packages/airflow/example_dags/example_short_circuit_decorator.py
[2023-03-11T16:07:41.880+0000] {processor.py:766} INFO - DAG(s) dict_keys(['example_short_circuit_decorator']) retrieved from /home/airflow/.local/lib/python3.7/site-packages/airflow/example_dags/example_short_circuit_decorator.py
[2023-03-11T16:07:41.944+0000] {logging_mixin.py:120} INFO - [2023-03-11T16:07:41.943+0000] {dag.py:2585} INFO - Sync 1 DAGs
[2023-03-11T16:07:41.963+0000] {logging_mixin.py:120} INFO - [2023-03-11T16:07:41.963+0000] {dag.py:3340} INFO - Setting next_dagrun for example_short_circuit_decorator to 2023-03-10T16:07:41.963393+00:00, run_after=2023-03-11T16:07:41.963393+00:00
[2023-03-11T16:07:41.995+0000] {processor.py:176} INFO - Processing /home/airflow/.local/lib/python3.7/site-packages/airflow/example_dags/example_short_circuit_decorator.py took 0.146 seconds
[2023-03-11T17:14:06.669+0000] {processor.py:154} INFO - Started process (PID=36031) to work on /home/airflow/.local/lib/python3.7/site-packages/airflow/example_dags/example_short_circuit_decorator.py
[2023-03-11T17:14:06.670+0000] {processor.py:756} INFO - Processing file /home/airflow/.local/lib/python3.7/site-packages/airflow/example_dags/example_short_circuit_decorator.py for tasks to queue
[2023-03-11T17:14:06.671+0000] {logging_mixin.py:120} INFO - [2023-03-11T17:14:06.671+0000] {dagbag.py:537} INFO - Filling up the DagBag from /home/airflow/.local/lib/python3.7/site-packages/airflow/example_dags/example_short_circuit_decorator.py
[2023-03-11T17:14:06.694+0000] {processor.py:766} INFO - DAG(s) dict_keys(['example_short_circuit_decorator']) retrieved from /home/airflow/.local/lib/python3.7/site-packages/airflow/example_dags/example_short_circuit_decorator.py
[2023-03-11T17:14:06.735+0000] {logging_mixin.py:120} INFO - [2023-03-11T17:14:06.735+0000] {dag.py:2585} INFO - Sync 1 DAGs
[2023-03-11T17:14:06.754+0000] {logging_mixin.py:120} INFO - [2023-03-11T17:14:06.754+0000] {dag.py:3340} INFO - Setting next_dagrun for example_short_circuit_decorator to 2023-03-10T17:14:06.754359+00:00, run_after=2023-03-11T17:14:06.754359+00:00
[2023-03-11T17:14:06.773+0000] {processor.py:176} INFO - Processing /home/airflow/.local/lib/python3.7/site-packages/airflow/example_dags/example_short_circuit_decorator.py took 0.110 seconds
[2023-03-11T18:22:31.019+0000] {processor.py:154} INFO - Started process (PID=36093) to work on /home/airflow/.local/lib/python3.7/site-packages/airflow/example_dags/example_short_circuit_decorator.py
[2023-03-11T18:22:31.020+0000] {processor.py:756} INFO - Processing file /home/airflow/.local/lib/python3.7/site-packages/airflow/example_dags/example_short_circuit_decorator.py for tasks to queue
[2023-03-11T18:22:31.021+0000] {logging_mixin.py:120} INFO - [2023-03-11T18:22:31.021+0000] {dagbag.py:537} INFO - Filling up the DagBag from /home/airflow/.local/lib/python3.7/site-packages/airflow/example_dags/example_short_circuit_decorator.py
[2023-03-11T18:22:31.039+0000] {processor.py:766} INFO - DAG(s) dict_keys(['example_short_circuit_decorator']) retrieved from /home/airflow/.local/lib/python3.7/site-packages/airflow/example_dags/example_short_circuit_decorator.py
[2023-03-11T18:22:31.086+0000] {logging_mixin.py:120} INFO - [2023-03-11T18:22:31.086+0000] {dag.py:2585} INFO - Sync 1 DAGs
[2023-03-11T18:22:31.103+0000] {logging_mixin.py:120} INFO - [2023-03-11T18:22:31.103+0000] {dag.py:3340} INFO - Setting next_dagrun for example_short_circuit_decorator to 2023-03-10T18:22:31.103640+00:00, run_after=2023-03-11T18:22:31.103640+00:00
[2023-03-11T18:22:31.136+0000] {processor.py:176} INFO - Processing /home/airflow/.local/lib/python3.7/site-packages/airflow/example_dags/example_short_circuit_decorator.py took 0.120 seconds
[2023-03-11T19:27:37.289+0000] {processor.py:154} INFO - Started process (PID=36147) to work on /home/airflow/.local/lib/python3.7/site-packages/airflow/example_dags/example_short_circuit_decorator.py
[2023-03-11T19:27:37.292+0000] {processor.py:756} INFO - Processing file /home/airflow/.local/lib/python3.7/site-packages/airflow/example_dags/example_short_circuit_decorator.py for tasks to queue
[2023-03-11T19:27:37.293+0000] {logging_mixin.py:120} INFO - [2023-03-11T19:27:37.293+0000] {dagbag.py:537} INFO - Filling up the DagBag from /home/airflow/.local/lib/python3.7/site-packages/airflow/example_dags/example_short_circuit_decorator.py
[2023-03-11T19:27:37.317+0000] {processor.py:766} INFO - DAG(s) dict_keys(['example_short_circuit_decorator']) retrieved from /home/airflow/.local/lib/python3.7/site-packages/airflow/example_dags/example_short_circuit_decorator.py
[2023-03-11T19:27:37.357+0000] {logging_mixin.py:120} INFO - [2023-03-11T19:27:37.357+0000] {dag.py:2585} INFO - Sync 1 DAGs
[2023-03-11T19:27:37.376+0000] {logging_mixin.py:120} INFO - [2023-03-11T19:27:37.376+0000] {dag.py:3340} INFO - Setting next_dagrun for example_short_circuit_decorator to 2023-03-10T19:27:37.376069+00:00, run_after=2023-03-11T19:27:37.376069+00:00
[2023-03-11T19:27:37.395+0000] {processor.py:176} INFO - Processing /home/airflow/.local/lib/python3.7/site-packages/airflow/example_dags/example_short_circuit_decorator.py took 0.109 seconds
[2023-03-11T20:33:22.453+0000] {processor.py:154} INFO - Started process (PID=36210) to work on /home/airflow/.local/lib/python3.7/site-packages/airflow/example_dags/example_short_circuit_decorator.py
[2023-03-11T20:33:22.455+0000] {processor.py:756} INFO - Processing file /home/airflow/.local/lib/python3.7/site-packages/airflow/example_dags/example_short_circuit_decorator.py for tasks to queue
[2023-03-11T20:33:22.457+0000] {logging_mixin.py:120} INFO - [2023-03-11T20:33:22.457+0000] {dagbag.py:537} INFO - Filling up the DagBag from /home/airflow/.local/lib/python3.7/site-packages/airflow/example_dags/example_short_circuit_decorator.py
[2023-03-11T20:33:22.484+0000] {processor.py:766} INFO - DAG(s) dict_keys(['example_short_circuit_decorator']) retrieved from /home/airflow/.local/lib/python3.7/site-packages/airflow/example_dags/example_short_circuit_decorator.py
[2023-03-11T20:33:22.524+0000] {logging_mixin.py:120} INFO - [2023-03-11T20:33:22.524+0000] {dag.py:2585} INFO - Sync 1 DAGs
[2023-03-11T20:33:22.540+0000] {logging_mixin.py:120} INFO - [2023-03-11T20:33:22.540+0000] {dag.py:3340} INFO - Setting next_dagrun for example_short_circuit_decorator to 2023-03-10T20:33:22.540591+00:00, run_after=2023-03-11T20:33:22.540591+00:00
[2023-03-11T20:33:22.563+0000] {processor.py:176} INFO - Processing /home/airflow/.local/lib/python3.7/site-packages/airflow/example_dags/example_short_circuit_decorator.py took 0.114 seconds
[2023-03-11T21:49:21.686+0000] {processor.py:154} INFO - Started process (PID=36273) to work on /home/airflow/.local/lib/python3.7/site-packages/airflow/example_dags/example_short_circuit_decorator.py
[2023-03-11T21:49:21.690+0000] {processor.py:756} INFO - Processing file /home/airflow/.local/lib/python3.7/site-packages/airflow/example_dags/example_short_circuit_decorator.py for tasks to queue
[2023-03-11T21:49:21.691+0000] {logging_mixin.py:120} INFO - [2023-03-11T21:49:21.691+0000] {dagbag.py:537} INFO - Filling up the DagBag from /home/airflow/.local/lib/python3.7/site-packages/airflow/example_dags/example_short_circuit_decorator.py
[2023-03-11T21:49:21.722+0000] {processor.py:766} INFO - DAG(s) dict_keys(['example_short_circuit_decorator']) retrieved from /home/airflow/.local/lib/python3.7/site-packages/airflow/example_dags/example_short_circuit_decorator.py
[2023-03-11T21:49:21.763+0000] {logging_mixin.py:120} INFO - [2023-03-11T21:49:21.763+0000] {dag.py:2585} INFO - Sync 1 DAGs
[2023-03-11T21:49:21.786+0000] {logging_mixin.py:120} INFO - [2023-03-11T21:49:21.786+0000] {dag.py:3340} INFO - Setting next_dagrun for example_short_circuit_decorator to 2023-03-10T21:49:21.786556+00:00, run_after=2023-03-11T21:49:21.786556+00:00
[2023-03-11T21:49:21.804+0000] {processor.py:176} INFO - Processing /home/airflow/.local/lib/python3.7/site-packages/airflow/example_dags/example_short_circuit_decorator.py took 0.124 seconds
[2023-03-11T22:58:03.838+0000] {processor.py:154} INFO - Started process (PID=36336) to work on /home/airflow/.local/lib/python3.7/site-packages/airflow/example_dags/example_short_circuit_decorator.py
[2023-03-11T22:58:03.839+0000] {processor.py:756} INFO - Processing file /home/airflow/.local/lib/python3.7/site-packages/airflow/example_dags/example_short_circuit_decorator.py for tasks to queue
[2023-03-11T22:58:03.840+0000] {logging_mixin.py:120} INFO - [2023-03-11T22:58:03.840+0000] {dagbag.py:537} INFO - Filling up the DagBag from /home/airflow/.local/lib/python3.7/site-packages/airflow/example_dags/example_short_circuit_decorator.py
[2023-03-11T22:58:03.867+0000] {processor.py:766} INFO - DAG(s) dict_keys(['example_short_circuit_decorator']) retrieved from /home/airflow/.local/lib/python3.7/site-packages/airflow/example_dags/example_short_circuit_decorator.py
[2023-03-11T22:58:03.907+0000] {logging_mixin.py:120} INFO - [2023-03-11T22:58:03.907+0000] {dag.py:2585} INFO - Sync 1 DAGs
[2023-03-11T22:58:03.932+0000] {logging_mixin.py:120} INFO - [2023-03-11T22:58:03.932+0000] {dag.py:3340} INFO - Setting next_dagrun for example_short_circuit_decorator to 2023-03-10T22:58:03.932195+00:00, run_after=2023-03-11T22:58:03.932195+00:00
[2023-03-11T22:58:03.946+0000] {processor.py:176} INFO - Processing /home/airflow/.local/lib/python3.7/site-packages/airflow/example_dags/example_short_circuit_decorator.py took 0.113 seconds
