[2023-03-11T00:06:56.270+0000] {processor.py:154} INFO - Started process (PID=35116) to work on /home/airflow/.local/lib/python3.7/site-packages/airflow/example_dags/example_external_task_marker_dag.py
[2023-03-11T00:06:56.271+0000] {processor.py:756} INFO - Processing file /home/airflow/.local/lib/python3.7/site-packages/airflow/example_dags/example_external_task_marker_dag.py for tasks to queue
[2023-03-11T00:06:56.272+0000] {logging_mixin.py:120} INFO - [2023-03-11T00:06:56.272+0000] {dagbag.py:537} INFO - Filling up the DagBag from /home/airflow/.local/lib/python3.7/site-packages/airflow/example_dags/example_external_task_marker_dag.py
[2023-03-11T00:06:56.286+0000] {processor.py:766} INFO - DAG(s) dict_keys(['example_external_task_marker_parent', 'example_external_task_marker_child']) retrieved from /home/airflow/.local/lib/python3.7/site-packages/airflow/example_dags/example_external_task_marker_dag.py
[2023-03-11T00:06:56.411+0000] {logging_mixin.py:120} INFO - [2023-03-11T00:06:56.411+0000] {dag.py:2585} INFO - Sync 2 DAGs
[2023-03-11T00:06:56.430+0000] {logging_mixin.py:120} INFO - [2023-03-11T00:06:56.429+0000] {dag.py:3340} INFO - Setting next_dagrun for example_external_task_marker_child to None, run_after=None
[2023-03-11T00:06:56.432+0000] {logging_mixin.py:120} INFO - [2023-03-11T00:06:56.432+0000] {dag.py:3340} INFO - Setting next_dagrun for example_external_task_marker_parent to None, run_after=None
[2023-03-11T00:06:56.446+0000] {processor.py:176} INFO - Processing /home/airflow/.local/lib/python3.7/site-packages/airflow/example_dags/example_external_task_marker_dag.py took 0.179 seconds
[2023-03-11T01:13:28.171+0000] {processor.py:154} INFO - Started process (PID=35179) to work on /home/airflow/.local/lib/python3.7/site-packages/airflow/example_dags/example_external_task_marker_dag.py
[2023-03-11T01:13:28.172+0000] {processor.py:756} INFO - Processing file /home/airflow/.local/lib/python3.7/site-packages/airflow/example_dags/example_external_task_marker_dag.py for tasks to queue
[2023-03-11T01:13:28.173+0000] {logging_mixin.py:120} INFO - [2023-03-11T01:13:28.172+0000] {dagbag.py:537} INFO - Filling up the DagBag from /home/airflow/.local/lib/python3.7/site-packages/airflow/example_dags/example_external_task_marker_dag.py
[2023-03-11T01:13:28.185+0000] {processor.py:766} INFO - DAG(s) dict_keys(['example_external_task_marker_parent', 'example_external_task_marker_child']) retrieved from /home/airflow/.local/lib/python3.7/site-packages/airflow/example_dags/example_external_task_marker_dag.py
[2023-03-11T01:13:28.338+0000] {logging_mixin.py:120} INFO - [2023-03-11T01:13:28.337+0000] {dag.py:2585} INFO - Sync 2 DAGs
[2023-03-11T01:13:28.358+0000] {logging_mixin.py:120} INFO - [2023-03-11T01:13:28.358+0000] {dag.py:3340} INFO - Setting next_dagrun for example_external_task_marker_child to None, run_after=None
[2023-03-11T01:13:28.363+0000] {logging_mixin.py:120} INFO - [2023-03-11T01:13:28.363+0000] {dag.py:3340} INFO - Setting next_dagrun for example_external_task_marker_parent to None, run_after=None
[2023-03-11T01:13:28.378+0000] {processor.py:176} INFO - Processing /home/airflow/.local/lib/python3.7/site-packages/airflow/example_dags/example_external_task_marker_dag.py took 0.211 seconds
[2023-03-11T02:21:51.174+0000] {processor.py:154} INFO - Started process (PID=35243) to work on /home/airflow/.local/lib/python3.7/site-packages/airflow/example_dags/example_external_task_marker_dag.py
[2023-03-11T02:21:51.175+0000] {processor.py:756} INFO - Processing file /home/airflow/.local/lib/python3.7/site-packages/airflow/example_dags/example_external_task_marker_dag.py for tasks to queue
[2023-03-11T02:21:51.176+0000] {logging_mixin.py:120} INFO - [2023-03-11T02:21:51.176+0000] {dagbag.py:537} INFO - Filling up the DagBag from /home/airflow/.local/lib/python3.7/site-packages/airflow/example_dags/example_external_task_marker_dag.py
[2023-03-11T02:21:51.195+0000] {processor.py:766} INFO - DAG(s) dict_keys(['example_external_task_marker_parent', 'example_external_task_marker_child']) retrieved from /home/airflow/.local/lib/python3.7/site-packages/airflow/example_dags/example_external_task_marker_dag.py
[2023-03-11T02:21:51.339+0000] {logging_mixin.py:120} INFO - [2023-03-11T02:21:51.339+0000] {dag.py:2585} INFO - Sync 2 DAGs
[2023-03-11T02:21:51.356+0000] {logging_mixin.py:120} INFO - [2023-03-11T02:21:51.356+0000] {dag.py:3340} INFO - Setting next_dagrun for example_external_task_marker_child to None, run_after=None
[2023-03-11T02:21:51.360+0000] {logging_mixin.py:120} INFO - [2023-03-11T02:21:51.360+0000] {dag.py:3340} INFO - Setting next_dagrun for example_external_task_marker_parent to None, run_after=None
[2023-03-11T02:21:51.375+0000] {processor.py:176} INFO - Processing /home/airflow/.local/lib/python3.7/site-packages/airflow/example_dags/example_external_task_marker_dag.py took 0.204 seconds
[2023-03-11T03:28:22.994+0000] {processor.py:154} INFO - Started process (PID=35307) to work on /home/airflow/.local/lib/python3.7/site-packages/airflow/example_dags/example_external_task_marker_dag.py
[2023-03-11T03:28:22.995+0000] {processor.py:756} INFO - Processing file /home/airflow/.local/lib/python3.7/site-packages/airflow/example_dags/example_external_task_marker_dag.py for tasks to queue
[2023-03-11T03:28:22.997+0000] {logging_mixin.py:120} INFO - [2023-03-11T03:28:22.997+0000] {dagbag.py:537} INFO - Filling up the DagBag from /home/airflow/.local/lib/python3.7/site-packages/airflow/example_dags/example_external_task_marker_dag.py
[2023-03-11T03:28:23.026+0000] {processor.py:766} INFO - DAG(s) dict_keys(['example_external_task_marker_parent', 'example_external_task_marker_child']) retrieved from /home/airflow/.local/lib/python3.7/site-packages/airflow/example_dags/example_external_task_marker_dag.py
[2023-03-11T03:28:23.271+0000] {logging_mixin.py:120} INFO - [2023-03-11T03:28:23.262+0000] {dag.py:2585} INFO - Sync 2 DAGs
[2023-03-11T03:28:23.302+0000] {logging_mixin.py:120} INFO - [2023-03-11T03:28:23.302+0000] {dag.py:3340} INFO - Setting next_dagrun for example_external_task_marker_child to None, run_after=None
[2023-03-11T03:28:23.308+0000] {logging_mixin.py:120} INFO - [2023-03-11T03:28:23.308+0000] {dag.py:3340} INFO - Setting next_dagrun for example_external_task_marker_parent to None, run_after=None
[2023-03-11T03:28:23.344+0000] {processor.py:176} INFO - Processing /home/airflow/.local/lib/python3.7/site-packages/airflow/example_dags/example_external_task_marker_dag.py took 0.354 seconds
[2023-03-11T04:35:25.399+0000] {processor.py:154} INFO - Started process (PID=35361) to work on /home/airflow/.local/lib/python3.7/site-packages/airflow/example_dags/example_external_task_marker_dag.py
[2023-03-11T04:35:25.402+0000] {processor.py:756} INFO - Processing file /home/airflow/.local/lib/python3.7/site-packages/airflow/example_dags/example_external_task_marker_dag.py for tasks to queue
[2023-03-11T04:35:25.402+0000] {logging_mixin.py:120} INFO - [2023-03-11T04:35:25.402+0000] {dagbag.py:537} INFO - Filling up the DagBag from /home/airflow/.local/lib/python3.7/site-packages/airflow/example_dags/example_external_task_marker_dag.py
[2023-03-11T04:35:25.412+0000] {processor.py:766} INFO - DAG(s) dict_keys(['example_external_task_marker_parent', 'example_external_task_marker_child']) retrieved from /home/airflow/.local/lib/python3.7/site-packages/airflow/example_dags/example_external_task_marker_dag.py
[2023-03-11T04:35:25.543+0000] {logging_mixin.py:120} INFO - [2023-03-11T04:35:25.543+0000] {dag.py:2585} INFO - Sync 2 DAGs
[2023-03-11T04:35:25.566+0000] {logging_mixin.py:120} INFO - [2023-03-11T04:35:25.566+0000] {dag.py:3340} INFO - Setting next_dagrun for example_external_task_marker_child to None, run_after=None
[2023-03-11T04:35:25.572+0000] {logging_mixin.py:120} INFO - [2023-03-11T04:35:25.572+0000] {dag.py:3340} INFO - Setting next_dagrun for example_external_task_marker_parent to None, run_after=None
[2023-03-11T04:35:25.595+0000] {processor.py:176} INFO - Processing /home/airflow/.local/lib/python3.7/site-packages/airflow/example_dags/example_external_task_marker_dag.py took 0.198 seconds
[2023-03-11T05:41:15.225+0000] {processor.py:154} INFO - Started process (PID=35424) to work on /home/airflow/.local/lib/python3.7/site-packages/airflow/example_dags/example_external_task_marker_dag.py
[2023-03-11T05:41:15.229+0000] {processor.py:756} INFO - Processing file /home/airflow/.local/lib/python3.7/site-packages/airflow/example_dags/example_external_task_marker_dag.py for tasks to queue
[2023-03-11T05:41:15.230+0000] {logging_mixin.py:120} INFO - [2023-03-11T05:41:15.230+0000] {dagbag.py:537} INFO - Filling up the DagBag from /home/airflow/.local/lib/python3.7/site-packages/airflow/example_dags/example_external_task_marker_dag.py
[2023-03-11T05:41:15.241+0000] {processor.py:766} INFO - DAG(s) dict_keys(['example_external_task_marker_parent', 'example_external_task_marker_child']) retrieved from /home/airflow/.local/lib/python3.7/site-packages/airflow/example_dags/example_external_task_marker_dag.py
[2023-03-11T05:41:15.359+0000] {logging_mixin.py:120} INFO - [2023-03-11T05:41:15.359+0000] {dag.py:2585} INFO - Sync 2 DAGs
[2023-03-11T05:41:15.382+0000] {logging_mixin.py:120} INFO - [2023-03-11T05:41:15.382+0000] {dag.py:3340} INFO - Setting next_dagrun for example_external_task_marker_child to None, run_after=None
[2023-03-11T05:41:15.385+0000] {logging_mixin.py:120} INFO - [2023-03-11T05:41:15.385+0000] {dag.py:3340} INFO - Setting next_dagrun for example_external_task_marker_parent to None, run_after=None
[2023-03-11T05:41:15.403+0000] {processor.py:176} INFO - Processing /home/airflow/.local/lib/python3.7/site-packages/airflow/example_dags/example_external_task_marker_dag.py took 0.181 seconds
[2023-03-11T06:48:04.049+0000] {processor.py:154} INFO - Started process (PID=35487) to work on /home/airflow/.local/lib/python3.7/site-packages/airflow/example_dags/example_external_task_marker_dag.py
[2023-03-11T06:48:04.050+0000] {processor.py:756} INFO - Processing file /home/airflow/.local/lib/python3.7/site-packages/airflow/example_dags/example_external_task_marker_dag.py for tasks to queue
[2023-03-11T06:48:04.051+0000] {logging_mixin.py:120} INFO - [2023-03-11T06:48:04.051+0000] {dagbag.py:537} INFO - Filling up the DagBag from /home/airflow/.local/lib/python3.7/site-packages/airflow/example_dags/example_external_task_marker_dag.py
[2023-03-11T06:48:04.062+0000] {processor.py:766} INFO - DAG(s) dict_keys(['example_external_task_marker_child', 'example_external_task_marker_parent']) retrieved from /home/airflow/.local/lib/python3.7/site-packages/airflow/example_dags/example_external_task_marker_dag.py
[2023-03-11T06:48:04.174+0000] {logging_mixin.py:120} INFO - [2023-03-11T06:48:04.173+0000] {dag.py:2585} INFO - Sync 2 DAGs
[2023-03-11T06:48:04.189+0000] {logging_mixin.py:120} INFO - [2023-03-11T06:48:04.189+0000] {dag.py:3340} INFO - Setting next_dagrun for example_external_task_marker_child to None, run_after=None
[2023-03-11T06:48:04.192+0000] {logging_mixin.py:120} INFO - [2023-03-11T06:48:04.192+0000] {dag.py:3340} INFO - Setting next_dagrun for example_external_task_marker_parent to None, run_after=None
[2023-03-11T06:48:04.208+0000] {processor.py:176} INFO - Processing /home/airflow/.local/lib/python3.7/site-packages/airflow/example_dags/example_external_task_marker_dag.py took 0.162 seconds
[2023-03-11T07:54:08.108+0000] {processor.py:154} INFO - Started process (PID=35550) to work on /home/airflow/.local/lib/python3.7/site-packages/airflow/example_dags/example_external_task_marker_dag.py
[2023-03-11T07:54:08.110+0000] {processor.py:756} INFO - Processing file /home/airflow/.local/lib/python3.7/site-packages/airflow/example_dags/example_external_task_marker_dag.py for tasks to queue
[2023-03-11T07:54:08.110+0000] {logging_mixin.py:120} INFO - [2023-03-11T07:54:08.110+0000] {dagbag.py:537} INFO - Filling up the DagBag from /home/airflow/.local/lib/python3.7/site-packages/airflow/example_dags/example_external_task_marker_dag.py
[2023-03-11T07:54:08.139+0000] {processor.py:766} INFO - DAG(s) dict_keys(['example_external_task_marker_parent', 'example_external_task_marker_child']) retrieved from /home/airflow/.local/lib/python3.7/site-packages/airflow/example_dags/example_external_task_marker_dag.py
[2023-03-11T07:54:08.302+0000] {logging_mixin.py:120} INFO - [2023-03-11T07:54:08.302+0000] {dag.py:2585} INFO - Sync 2 DAGs
[2023-03-11T07:54:08.319+0000] {logging_mixin.py:120} INFO - [2023-03-11T07:54:08.319+0000] {dag.py:3340} INFO - Setting next_dagrun for example_external_task_marker_child to None, run_after=None
[2023-03-11T07:54:08.322+0000] {logging_mixin.py:120} INFO - [2023-03-11T07:54:08.322+0000] {dag.py:3340} INFO - Setting next_dagrun for example_external_task_marker_parent to None, run_after=None
[2023-03-11T07:54:08.332+0000] {processor.py:176} INFO - Processing /home/airflow/.local/lib/python3.7/site-packages/airflow/example_dags/example_external_task_marker_dag.py took 0.227 seconds
[2023-03-11T09:00:25.805+0000] {processor.py:154} INFO - Started process (PID=35604) to work on /home/airflow/.local/lib/python3.7/site-packages/airflow/example_dags/example_external_task_marker_dag.py
[2023-03-11T09:00:25.807+0000] {processor.py:756} INFO - Processing file /home/airflow/.local/lib/python3.7/site-packages/airflow/example_dags/example_external_task_marker_dag.py for tasks to queue
[2023-03-11T09:00:25.808+0000] {logging_mixin.py:120} INFO - [2023-03-11T09:00:25.808+0000] {dagbag.py:537} INFO - Filling up the DagBag from /home/airflow/.local/lib/python3.7/site-packages/airflow/example_dags/example_external_task_marker_dag.py
[2023-03-11T09:00:25.826+0000] {processor.py:766} INFO - DAG(s) dict_keys(['example_external_task_marker_parent', 'example_external_task_marker_child']) retrieved from /home/airflow/.local/lib/python3.7/site-packages/airflow/example_dags/example_external_task_marker_dag.py
[2023-03-11T09:00:25.949+0000] {logging_mixin.py:120} INFO - [2023-03-11T09:00:25.948+0000] {dag.py:2585} INFO - Sync 2 DAGs
[2023-03-11T09:00:25.965+0000] {logging_mixin.py:120} INFO - [2023-03-11T09:00:25.965+0000] {dag.py:3340} INFO - Setting next_dagrun for example_external_task_marker_child to None, run_after=None
[2023-03-11T09:00:25.974+0000] {logging_mixin.py:120} INFO - [2023-03-11T09:00:25.974+0000] {dag.py:3340} INFO - Setting next_dagrun for example_external_task_marker_parent to None, run_after=None
[2023-03-11T09:00:25.986+0000] {processor.py:176} INFO - Processing /home/airflow/.local/lib/python3.7/site-packages/airflow/example_dags/example_external_task_marker_dag.py took 0.188 seconds
[2023-03-11T10:06:58.075+0000] {processor.py:154} INFO - Started process (PID=35667) to work on /home/airflow/.local/lib/python3.7/site-packages/airflow/example_dags/example_external_task_marker_dag.py
[2023-03-11T10:06:58.079+0000] {processor.py:756} INFO - Processing file /home/airflow/.local/lib/python3.7/site-packages/airflow/example_dags/example_external_task_marker_dag.py for tasks to queue
[2023-03-11T10:06:58.080+0000] {logging_mixin.py:120} INFO - [2023-03-11T10:06:58.080+0000] {dagbag.py:537} INFO - Filling up the DagBag from /home/airflow/.local/lib/python3.7/site-packages/airflow/example_dags/example_external_task_marker_dag.py
[2023-03-11T10:06:58.090+0000] {processor.py:766} INFO - DAG(s) dict_keys(['example_external_task_marker_child', 'example_external_task_marker_parent']) retrieved from /home/airflow/.local/lib/python3.7/site-packages/airflow/example_dags/example_external_task_marker_dag.py
[2023-03-11T10:06:58.243+0000] {logging_mixin.py:120} INFO - [2023-03-11T10:06:58.243+0000] {dag.py:2585} INFO - Sync 2 DAGs
[2023-03-11T10:06:58.266+0000] {logging_mixin.py:120} INFO - [2023-03-11T10:06:58.265+0000] {dag.py:3340} INFO - Setting next_dagrun for example_external_task_marker_child to None, run_after=None
[2023-03-11T10:06:58.268+0000] {logging_mixin.py:120} INFO - [2023-03-11T10:06:58.268+0000] {dag.py:3340} INFO - Setting next_dagrun for example_external_task_marker_parent to None, run_after=None
[2023-03-11T10:06:58.287+0000] {processor.py:176} INFO - Processing /home/airflow/.local/lib/python3.7/site-packages/airflow/example_dags/example_external_task_marker_dag.py took 0.214 seconds
[2023-03-11T11:31:10.959+0000] {processor.py:154} INFO - Started process (PID=35730) to work on /home/airflow/.local/lib/python3.7/site-packages/airflow/example_dags/example_external_task_marker_dag.py
[2023-03-11T11:31:10.961+0000] {processor.py:756} INFO - Processing file /home/airflow/.local/lib/python3.7/site-packages/airflow/example_dags/example_external_task_marker_dag.py for tasks to queue
[2023-03-11T11:31:10.961+0000] {logging_mixin.py:120} INFO - [2023-03-11T11:31:10.961+0000] {dagbag.py:537} INFO - Filling up the DagBag from /home/airflow/.local/lib/python3.7/site-packages/airflow/example_dags/example_external_task_marker_dag.py
[2023-03-11T11:31:10.974+0000] {processor.py:766} INFO - DAG(s) dict_keys(['example_external_task_marker_child', 'example_external_task_marker_parent']) retrieved from /home/airflow/.local/lib/python3.7/site-packages/airflow/example_dags/example_external_task_marker_dag.py
[2023-03-11T11:31:11.149+0000] {logging_mixin.py:120} INFO - [2023-03-11T11:31:11.149+0000] {dag.py:2585} INFO - Sync 2 DAGs
[2023-03-11T11:31:11.168+0000] {logging_mixin.py:120} INFO - [2023-03-11T11:31:11.167+0000] {dag.py:3340} INFO - Setting next_dagrun for example_external_task_marker_child to None, run_after=None
[2023-03-11T11:31:11.170+0000] {logging_mixin.py:120} INFO - [2023-03-11T11:31:11.170+0000] {dag.py:3340} INFO - Setting next_dagrun for example_external_task_marker_parent to None, run_after=None
[2023-03-11T11:31:11.184+0000] {processor.py:176} INFO - Processing /home/airflow/.local/lib/python3.7/site-packages/airflow/example_dags/example_external_task_marker_dag.py took 0.228 seconds
[2023-03-11T12:37:41.239+0000] {processor.py:154} INFO - Started process (PID=35793) to work on /home/airflow/.local/lib/python3.7/site-packages/airflow/example_dags/example_external_task_marker_dag.py
[2023-03-11T12:37:41.240+0000] {processor.py:756} INFO - Processing file /home/airflow/.local/lib/python3.7/site-packages/airflow/example_dags/example_external_task_marker_dag.py for tasks to queue
[2023-03-11T12:37:41.241+0000] {logging_mixin.py:120} INFO - [2023-03-11T12:37:41.241+0000] {dagbag.py:537} INFO - Filling up the DagBag from /home/airflow/.local/lib/python3.7/site-packages/airflow/example_dags/example_external_task_marker_dag.py
[2023-03-11T12:37:41.254+0000] {processor.py:766} INFO - DAG(s) dict_keys(['example_external_task_marker_child', 'example_external_task_marker_parent']) retrieved from /home/airflow/.local/lib/python3.7/site-packages/airflow/example_dags/example_external_task_marker_dag.py
[2023-03-11T12:37:41.353+0000] {logging_mixin.py:120} INFO - [2023-03-11T12:37:41.352+0000] {dag.py:2585} INFO - Sync 2 DAGs
[2023-03-11T12:37:41.368+0000] {logging_mixin.py:120} INFO - [2023-03-11T12:37:41.368+0000] {dag.py:3340} INFO - Setting next_dagrun for example_external_task_marker_child to None, run_after=None
[2023-03-11T12:37:41.370+0000] {logging_mixin.py:120} INFO - [2023-03-11T12:37:41.370+0000] {dag.py:3340} INFO - Setting next_dagrun for example_external_task_marker_parent to None, run_after=None
[2023-03-11T12:37:41.380+0000] {processor.py:176} INFO - Processing /home/airflow/.local/lib/python3.7/site-packages/airflow/example_dags/example_external_task_marker_dag.py took 0.144 seconds
[2023-03-11T13:38:02.651+0000] {processor.py:154} INFO - Started process (PID=35855) to work on /home/airflow/.local/lib/python3.7/site-packages/airflow/example_dags/example_external_task_marker_dag.py
[2023-03-11T13:38:02.652+0000] {processor.py:756} INFO - Processing file /home/airflow/.local/lib/python3.7/site-packages/airflow/example_dags/example_external_task_marker_dag.py for tasks to queue
[2023-03-11T13:38:02.653+0000] {logging_mixin.py:120} INFO - [2023-03-11T13:38:02.653+0000] {dagbag.py:537} INFO - Filling up the DagBag from /home/airflow/.local/lib/python3.7/site-packages/airflow/example_dags/example_external_task_marker_dag.py
[2023-03-11T13:38:02.663+0000] {processor.py:766} INFO - DAG(s) dict_keys(['example_external_task_marker_parent', 'example_external_task_marker_child']) retrieved from /home/airflow/.local/lib/python3.7/site-packages/airflow/example_dags/example_external_task_marker_dag.py
[2023-03-11T13:38:02.780+0000] {logging_mixin.py:120} INFO - [2023-03-11T13:38:02.780+0000] {dag.py:2585} INFO - Sync 2 DAGs
[2023-03-11T13:38:02.803+0000] {logging_mixin.py:120} INFO - [2023-03-11T13:38:02.803+0000] {dag.py:3340} INFO - Setting next_dagrun for example_external_task_marker_child to None, run_after=None
[2023-03-11T13:38:02.807+0000] {logging_mixin.py:120} INFO - [2023-03-11T13:38:02.807+0000] {dag.py:3340} INFO - Setting next_dagrun for example_external_task_marker_parent to None, run_after=None
[2023-03-11T13:38:02.830+0000] {processor.py:176} INFO - Processing /home/airflow/.local/lib/python3.7/site-packages/airflow/example_dags/example_external_task_marker_dag.py took 0.182 seconds
[2023-03-11T14:48:00.106+0000] {processor.py:154} INFO - Started process (PID=35909) to work on /home/airflow/.local/lib/python3.7/site-packages/airflow/example_dags/example_external_task_marker_dag.py
[2023-03-11T14:48:00.108+0000] {processor.py:756} INFO - Processing file /home/airflow/.local/lib/python3.7/site-packages/airflow/example_dags/example_external_task_marker_dag.py for tasks to queue
[2023-03-11T14:48:00.109+0000] {logging_mixin.py:120} INFO - [2023-03-11T14:48:00.109+0000] {dagbag.py:537} INFO - Filling up the DagBag from /home/airflow/.local/lib/python3.7/site-packages/airflow/example_dags/example_external_task_marker_dag.py
[2023-03-11T14:48:00.119+0000] {processor.py:766} INFO - DAG(s) dict_keys(['example_external_task_marker_child', 'example_external_task_marker_parent']) retrieved from /home/airflow/.local/lib/python3.7/site-packages/airflow/example_dags/example_external_task_marker_dag.py
[2023-03-11T14:48:00.291+0000] {logging_mixin.py:120} INFO - [2023-03-11T14:48:00.291+0000] {dag.py:2585} INFO - Sync 2 DAGs
[2023-03-11T14:48:00.306+0000] {logging_mixin.py:120} INFO - [2023-03-11T14:48:00.306+0000] {dag.py:3340} INFO - Setting next_dagrun for example_external_task_marker_child to None, run_after=None
[2023-03-11T14:48:00.308+0000] {logging_mixin.py:120} INFO - [2023-03-11T14:48:00.308+0000] {dag.py:3340} INFO - Setting next_dagrun for example_external_task_marker_parent to None, run_after=None
[2023-03-11T14:48:00.326+0000] {processor.py:176} INFO - Processing /home/airflow/.local/lib/python3.7/site-packages/airflow/example_dags/example_external_task_marker_dag.py took 0.223 seconds
[2023-03-11T16:07:42.172+0000] {processor.py:154} INFO - Started process (PID=35972) to work on /home/airflow/.local/lib/python3.7/site-packages/airflow/example_dags/example_external_task_marker_dag.py
[2023-03-11T16:07:42.174+0000] {processor.py:756} INFO - Processing file /home/airflow/.local/lib/python3.7/site-packages/airflow/example_dags/example_external_task_marker_dag.py for tasks to queue
[2023-03-11T16:07:42.175+0000] {logging_mixin.py:120} INFO - [2023-03-11T16:07:42.175+0000] {dagbag.py:537} INFO - Filling up the DagBag from /home/airflow/.local/lib/python3.7/site-packages/airflow/example_dags/example_external_task_marker_dag.py
[2023-03-11T16:07:42.188+0000] {processor.py:766} INFO - DAG(s) dict_keys(['example_external_task_marker_parent', 'example_external_task_marker_child']) retrieved from /home/airflow/.local/lib/python3.7/site-packages/airflow/example_dags/example_external_task_marker_dag.py
[2023-03-11T16:07:42.301+0000] {logging_mixin.py:120} INFO - [2023-03-11T16:07:42.301+0000] {dag.py:2585} INFO - Sync 2 DAGs
[2023-03-11T16:07:42.318+0000] {logging_mixin.py:120} INFO - [2023-03-11T16:07:42.318+0000] {dag.py:3340} INFO - Setting next_dagrun for example_external_task_marker_child to None, run_after=None
[2023-03-11T16:07:42.321+0000] {logging_mixin.py:120} INFO - [2023-03-11T16:07:42.321+0000] {dag.py:3340} INFO - Setting next_dagrun for example_external_task_marker_parent to None, run_after=None
[2023-03-11T16:07:42.333+0000] {processor.py:176} INFO - Processing /home/airflow/.local/lib/python3.7/site-packages/airflow/example_dags/example_external_task_marker_dag.py took 0.163 seconds
[2023-03-11T17:14:06.955+0000] {processor.py:154} INFO - Started process (PID=36035) to work on /home/airflow/.local/lib/python3.7/site-packages/airflow/example_dags/example_external_task_marker_dag.py
[2023-03-11T17:14:06.958+0000] {processor.py:756} INFO - Processing file /home/airflow/.local/lib/python3.7/site-packages/airflow/example_dags/example_external_task_marker_dag.py for tasks to queue
[2023-03-11T17:14:06.958+0000] {logging_mixin.py:120} INFO - [2023-03-11T17:14:06.958+0000] {dagbag.py:537} INFO - Filling up the DagBag from /home/airflow/.local/lib/python3.7/site-packages/airflow/example_dags/example_external_task_marker_dag.py
[2023-03-11T17:14:06.975+0000] {processor.py:766} INFO - DAG(s) dict_keys(['example_external_task_marker_child', 'example_external_task_marker_parent']) retrieved from /home/airflow/.local/lib/python3.7/site-packages/airflow/example_dags/example_external_task_marker_dag.py
[2023-03-11T17:14:07.144+0000] {logging_mixin.py:120} INFO - [2023-03-11T17:14:07.144+0000] {dag.py:2585} INFO - Sync 2 DAGs
[2023-03-11T17:14:07.166+0000] {logging_mixin.py:120} INFO - [2023-03-11T17:14:07.166+0000] {dag.py:3340} INFO - Setting next_dagrun for example_external_task_marker_child to None, run_after=None
[2023-03-11T17:14:07.171+0000] {logging_mixin.py:120} INFO - [2023-03-11T17:14:07.171+0000] {dag.py:3340} INFO - Setting next_dagrun for example_external_task_marker_parent to None, run_after=None
[2023-03-11T17:14:07.188+0000] {processor.py:176} INFO - Processing /home/airflow/.local/lib/python3.7/site-packages/airflow/example_dags/example_external_task_marker_dag.py took 0.238 seconds
[2023-03-11T18:22:31.273+0000] {processor.py:154} INFO - Started process (PID=36097) to work on /home/airflow/.local/lib/python3.7/site-packages/airflow/example_dags/example_external_task_marker_dag.py
[2023-03-11T18:22:31.274+0000] {processor.py:756} INFO - Processing file /home/airflow/.local/lib/python3.7/site-packages/airflow/example_dags/example_external_task_marker_dag.py for tasks to queue
[2023-03-11T18:22:31.275+0000] {logging_mixin.py:120} INFO - [2023-03-11T18:22:31.275+0000] {dagbag.py:537} INFO - Filling up the DagBag from /home/airflow/.local/lib/python3.7/site-packages/airflow/example_dags/example_external_task_marker_dag.py
[2023-03-11T18:22:31.289+0000] {processor.py:766} INFO - DAG(s) dict_keys(['example_external_task_marker_child', 'example_external_task_marker_parent']) retrieved from /home/airflow/.local/lib/python3.7/site-packages/airflow/example_dags/example_external_task_marker_dag.py
[2023-03-11T18:22:31.449+0000] {logging_mixin.py:120} INFO - [2023-03-11T18:22:31.449+0000] {dag.py:2585} INFO - Sync 2 DAGs
[2023-03-11T18:22:31.467+0000] {logging_mixin.py:120} INFO - [2023-03-11T18:22:31.467+0000] {dag.py:3340} INFO - Setting next_dagrun for example_external_task_marker_child to None, run_after=None
[2023-03-11T18:22:31.469+0000] {logging_mixin.py:120} INFO - [2023-03-11T18:22:31.469+0000] {dag.py:3340} INFO - Setting next_dagrun for example_external_task_marker_parent to None, run_after=None
[2023-03-11T18:22:31.484+0000] {processor.py:176} INFO - Processing /home/airflow/.local/lib/python3.7/site-packages/airflow/example_dags/example_external_task_marker_dag.py took 0.213 seconds
[2023-03-11T19:27:37.556+0000] {processor.py:154} INFO - Started process (PID=36151) to work on /home/airflow/.local/lib/python3.7/site-packages/airflow/example_dags/example_external_task_marker_dag.py
[2023-03-11T19:27:37.560+0000] {processor.py:756} INFO - Processing file /home/airflow/.local/lib/python3.7/site-packages/airflow/example_dags/example_external_task_marker_dag.py for tasks to queue
[2023-03-11T19:27:37.561+0000] {logging_mixin.py:120} INFO - [2023-03-11T19:27:37.560+0000] {dagbag.py:537} INFO - Filling up the DagBag from /home/airflow/.local/lib/python3.7/site-packages/airflow/example_dags/example_external_task_marker_dag.py
[2023-03-11T19:27:37.571+0000] {processor.py:766} INFO - DAG(s) dict_keys(['example_external_task_marker_child', 'example_external_task_marker_parent']) retrieved from /home/airflow/.local/lib/python3.7/site-packages/airflow/example_dags/example_external_task_marker_dag.py
[2023-03-11T19:27:37.762+0000] {logging_mixin.py:120} INFO - [2023-03-11T19:27:37.762+0000] {dag.py:2585} INFO - Sync 2 DAGs
[2023-03-11T19:27:37.793+0000] {logging_mixin.py:120} INFO - [2023-03-11T19:27:37.793+0000] {dag.py:3340} INFO - Setting next_dagrun for example_external_task_marker_child to None, run_after=None
[2023-03-11T19:27:37.798+0000] {logging_mixin.py:120} INFO - [2023-03-11T19:27:37.798+0000] {dag.py:3340} INFO - Setting next_dagrun for example_external_task_marker_parent to None, run_after=None
[2023-03-11T19:27:37.845+0000] {processor.py:176} INFO - Processing /home/airflow/.local/lib/python3.7/site-packages/airflow/example_dags/example_external_task_marker_dag.py took 0.291 seconds
[2023-03-11T20:33:22.784+0000] {processor.py:154} INFO - Started process (PID=36214) to work on /home/airflow/.local/lib/python3.7/site-packages/airflow/example_dags/example_external_task_marker_dag.py
[2023-03-11T20:33:22.788+0000] {processor.py:756} INFO - Processing file /home/airflow/.local/lib/python3.7/site-packages/airflow/example_dags/example_external_task_marker_dag.py for tasks to queue
[2023-03-11T20:33:22.788+0000] {logging_mixin.py:120} INFO - [2023-03-11T20:33:22.788+0000] {dagbag.py:537} INFO - Filling up the DagBag from /home/airflow/.local/lib/python3.7/site-packages/airflow/example_dags/example_external_task_marker_dag.py
[2023-03-11T20:33:22.798+0000] {processor.py:766} INFO - DAG(s) dict_keys(['example_external_task_marker_child', 'example_external_task_marker_parent']) retrieved from /home/airflow/.local/lib/python3.7/site-packages/airflow/example_dags/example_external_task_marker_dag.py
[2023-03-11T20:33:22.962+0000] {logging_mixin.py:120} INFO - [2023-03-11T20:33:22.962+0000] {dag.py:2585} INFO - Sync 2 DAGs
[2023-03-11T20:33:22.981+0000] {logging_mixin.py:120} INFO - [2023-03-11T20:33:22.981+0000] {dag.py:3340} INFO - Setting next_dagrun for example_external_task_marker_child to None, run_after=None
[2023-03-11T20:33:22.984+0000] {logging_mixin.py:120} INFO - [2023-03-11T20:33:22.984+0000] {dag.py:3340} INFO - Setting next_dagrun for example_external_task_marker_parent to None, run_after=None
[2023-03-11T20:33:22.993+0000] {processor.py:176} INFO - Processing /home/airflow/.local/lib/python3.7/site-packages/airflow/example_dags/example_external_task_marker_dag.py took 0.213 seconds
[2023-03-11T21:49:21.987+0000] {processor.py:154} INFO - Started process (PID=36277) to work on /home/airflow/.local/lib/python3.7/site-packages/airflow/example_dags/example_external_task_marker_dag.py
[2023-03-11T21:49:21.992+0000] {processor.py:756} INFO - Processing file /home/airflow/.local/lib/python3.7/site-packages/airflow/example_dags/example_external_task_marker_dag.py for tasks to queue
[2023-03-11T21:49:21.993+0000] {logging_mixin.py:120} INFO - [2023-03-11T21:49:21.993+0000] {dagbag.py:537} INFO - Filling up the DagBag from /home/airflow/.local/lib/python3.7/site-packages/airflow/example_dags/example_external_task_marker_dag.py
[2023-03-11T21:49:22.007+0000] {processor.py:766} INFO - DAG(s) dict_keys(['example_external_task_marker_parent', 'example_external_task_marker_child']) retrieved from /home/airflow/.local/lib/python3.7/site-packages/airflow/example_dags/example_external_task_marker_dag.py
[2023-03-11T21:49:22.187+0000] {logging_mixin.py:120} INFO - [2023-03-11T21:49:22.187+0000] {dag.py:2585} INFO - Sync 2 DAGs
[2023-03-11T21:49:22.213+0000] {logging_mixin.py:120} INFO - [2023-03-11T21:49:22.212+0000] {dag.py:3340} INFO - Setting next_dagrun for example_external_task_marker_child to None, run_after=None
[2023-03-11T21:49:22.215+0000] {logging_mixin.py:120} INFO - [2023-03-11T21:49:22.215+0000] {dag.py:3340} INFO - Setting next_dagrun for example_external_task_marker_parent to None, run_after=None
[2023-03-11T21:49:22.233+0000] {processor.py:176} INFO - Processing /home/airflow/.local/lib/python3.7/site-packages/airflow/example_dags/example_external_task_marker_dag.py took 0.249 seconds
[2023-03-11T22:58:04.145+0000] {processor.py:154} INFO - Started process (PID=36340) to work on /home/airflow/.local/lib/python3.7/site-packages/airflow/example_dags/example_external_task_marker_dag.py
[2023-03-11T22:58:04.147+0000] {processor.py:756} INFO - Processing file /home/airflow/.local/lib/python3.7/site-packages/airflow/example_dags/example_external_task_marker_dag.py for tasks to queue
[2023-03-11T22:58:04.150+0000] {logging_mixin.py:120} INFO - [2023-03-11T22:58:04.149+0000] {dagbag.py:537} INFO - Filling up the DagBag from /home/airflow/.local/lib/python3.7/site-packages/airflow/example_dags/example_external_task_marker_dag.py
[2023-03-11T22:58:04.162+0000] {processor.py:766} INFO - DAG(s) dict_keys(['example_external_task_marker_child', 'example_external_task_marker_parent']) retrieved from /home/airflow/.local/lib/python3.7/site-packages/airflow/example_dags/example_external_task_marker_dag.py
[2023-03-11T22:58:04.284+0000] {logging_mixin.py:120} INFO - [2023-03-11T22:58:04.284+0000] {dag.py:2585} INFO - Sync 2 DAGs
[2023-03-11T22:58:04.309+0000] {logging_mixin.py:120} INFO - [2023-03-11T22:58:04.309+0000] {dag.py:3340} INFO - Setting next_dagrun for example_external_task_marker_child to None, run_after=None
[2023-03-11T22:58:04.312+0000] {logging_mixin.py:120} INFO - [2023-03-11T22:58:04.312+0000] {dag.py:3340} INFO - Setting next_dagrun for example_external_task_marker_parent to None, run_after=None
[2023-03-11T22:58:04.332+0000] {processor.py:176} INFO - Processing /home/airflow/.local/lib/python3.7/site-packages/airflow/example_dags/example_external_task_marker_dag.py took 0.190 seconds
