[2023-03-11T00:06:55.428+0000] {processor.py:154} INFO - Started process (PID=35106) to work on /home/airflow/.local/lib/python3.7/site-packages/airflow/example_dags/example_branch_datetime_operator.py
[2023-03-11T00:06:55.432+0000] {processor.py:756} INFO - Processing file /home/airflow/.local/lib/python3.7/site-packages/airflow/example_dags/example_branch_datetime_operator.py for tasks to queue
[2023-03-11T00:06:55.433+0000] {logging_mixin.py:120} INFO - [2023-03-11T00:06:55.433+0000] {dagbag.py:537} INFO - Filling up the DagBag from /home/airflow/.local/lib/python3.7/site-packages/airflow/example_dags/example_branch_datetime_operator.py
[2023-03-11T00:06:55.448+0000] {processor.py:766} INFO - DAG(s) dict_keys(['example_branch_datetime_operator_2', 'example_branch_datetime_operator', 'example_branch_datetime_operator_3']) retrieved from /home/airflow/.local/lib/python3.7/site-packages/airflow/example_dags/example_branch_datetime_operator.py
[2023-03-11T00:06:55.501+0000] {logging_mixin.py:120} INFO - [2023-03-11T00:06:55.501+0000] {dag.py:2585} INFO - Sync 3 DAGs
[2023-03-11T00:06:55.522+0000] {logging_mixin.py:120} INFO - [2023-03-11T00:06:55.522+0000] {dag.py:3340} INFO - Setting next_dagrun for example_branch_datetime_operator to 2023-03-10T00:00:00+00:00, run_after=2023-03-11T00:00:00+00:00
[2023-03-11T00:06:55.525+0000] {logging_mixin.py:120} INFO - [2023-03-11T00:06:55.525+0000] {dag.py:3340} INFO - Setting next_dagrun for example_branch_datetime_operator_2 to 2023-03-10T00:00:00+00:00, run_after=2023-03-11T00:00:00+00:00
[2023-03-11T00:06:55.527+0000] {logging_mixin.py:120} INFO - [2023-03-11T00:06:55.526+0000] {dag.py:3340} INFO - Setting next_dagrun for example_branch_datetime_operator_3 to 2023-03-10T00:00:00+00:00, run_after=2023-03-11T00:00:00+00:00
[2023-03-11T00:06:55.543+0000] {processor.py:176} INFO - Processing /home/airflow/.local/lib/python3.7/site-packages/airflow/example_dags/example_branch_datetime_operator.py took 0.117 seconds
[2023-03-11T01:13:27.115+0000] {processor.py:154} INFO - Started process (PID=35169) to work on /home/airflow/.local/lib/python3.7/site-packages/airflow/example_dags/example_branch_datetime_operator.py
[2023-03-11T01:13:27.118+0000] {processor.py:756} INFO - Processing file /home/airflow/.local/lib/python3.7/site-packages/airflow/example_dags/example_branch_datetime_operator.py for tasks to queue
[2023-03-11T01:13:27.119+0000] {logging_mixin.py:120} INFO - [2023-03-11T01:13:27.119+0000] {dagbag.py:537} INFO - Filling up the DagBag from /home/airflow/.local/lib/python3.7/site-packages/airflow/example_dags/example_branch_datetime_operator.py
[2023-03-11T01:13:27.138+0000] {processor.py:766} INFO - DAG(s) dict_keys(['example_branch_datetime_operator_2', 'example_branch_datetime_operator', 'example_branch_datetime_operator_3']) retrieved from /home/airflow/.local/lib/python3.7/site-packages/airflow/example_dags/example_branch_datetime_operator.py
[2023-03-11T01:13:27.205+0000] {logging_mixin.py:120} INFO - [2023-03-11T01:13:27.205+0000] {dag.py:2585} INFO - Sync 3 DAGs
[2023-03-11T01:13:27.232+0000] {logging_mixin.py:120} INFO - [2023-03-11T01:13:27.231+0000] {dag.py:3340} INFO - Setting next_dagrun for example_branch_datetime_operator to 2023-03-10T00:00:00+00:00, run_after=2023-03-11T00:00:00+00:00
[2023-03-11T01:13:27.237+0000] {logging_mixin.py:120} INFO - [2023-03-11T01:13:27.237+0000] {dag.py:3340} INFO - Setting next_dagrun for example_branch_datetime_operator_2 to 2023-03-10T00:00:00+00:00, run_after=2023-03-11T00:00:00+00:00
[2023-03-11T01:13:27.239+0000] {logging_mixin.py:120} INFO - [2023-03-11T01:13:27.239+0000] {dag.py:3340} INFO - Setting next_dagrun for example_branch_datetime_operator_3 to 2023-03-10T00:00:00+00:00, run_after=2023-03-11T00:00:00+00:00
[2023-03-11T01:13:27.257+0000] {processor.py:176} INFO - Processing /home/airflow/.local/lib/python3.7/site-packages/airflow/example_dags/example_branch_datetime_operator.py took 0.152 seconds
[2023-03-11T02:21:50.388+0000] {processor.py:154} INFO - Started process (PID=35233) to work on /home/airflow/.local/lib/python3.7/site-packages/airflow/example_dags/example_branch_datetime_operator.py
[2023-03-11T02:21:50.389+0000] {processor.py:756} INFO - Processing file /home/airflow/.local/lib/python3.7/site-packages/airflow/example_dags/example_branch_datetime_operator.py for tasks to queue
[2023-03-11T02:21:50.390+0000] {logging_mixin.py:120} INFO - [2023-03-11T02:21:50.390+0000] {dagbag.py:537} INFO - Filling up the DagBag from /home/airflow/.local/lib/python3.7/site-packages/airflow/example_dags/example_branch_datetime_operator.py
[2023-03-11T02:21:50.404+0000] {processor.py:766} INFO - DAG(s) dict_keys(['example_branch_datetime_operator_2', 'example_branch_datetime_operator_3', 'example_branch_datetime_operator']) retrieved from /home/airflow/.local/lib/python3.7/site-packages/airflow/example_dags/example_branch_datetime_operator.py
[2023-03-11T02:21:50.447+0000] {logging_mixin.py:120} INFO - [2023-03-11T02:21:50.447+0000] {dag.py:2585} INFO - Sync 3 DAGs
[2023-03-11T02:21:50.484+0000] {logging_mixin.py:120} INFO - [2023-03-11T02:21:50.484+0000] {dag.py:3340} INFO - Setting next_dagrun for example_branch_datetime_operator to 2023-03-10T00:00:00+00:00, run_after=2023-03-11T00:00:00+00:00
[2023-03-11T02:21:50.488+0000] {logging_mixin.py:120} INFO - [2023-03-11T02:21:50.487+0000] {dag.py:3340} INFO - Setting next_dagrun for example_branch_datetime_operator_2 to 2023-03-10T00:00:00+00:00, run_after=2023-03-11T00:00:00+00:00
[2023-03-11T02:21:50.490+0000] {logging_mixin.py:120} INFO - [2023-03-11T02:21:50.490+0000] {dag.py:3340} INFO - Setting next_dagrun for example_branch_datetime_operator_3 to 2023-03-10T00:00:00+00:00, run_after=2023-03-11T00:00:00+00:00
[2023-03-11T02:21:50.508+0000] {processor.py:176} INFO - Processing /home/airflow/.local/lib/python3.7/site-packages/airflow/example_dags/example_branch_datetime_operator.py took 0.123 seconds
[2023-03-11T03:28:21.556+0000] {processor.py:154} INFO - Started process (PID=35287) to work on /home/airflow/.local/lib/python3.7/site-packages/airflow/example_dags/example_branch_datetime_operator.py
[2023-03-11T03:28:21.558+0000] {processor.py:756} INFO - Processing file /home/airflow/.local/lib/python3.7/site-packages/airflow/example_dags/example_branch_datetime_operator.py for tasks to queue
[2023-03-11T03:28:21.559+0000] {logging_mixin.py:120} INFO - [2023-03-11T03:28:21.558+0000] {dagbag.py:537} INFO - Filling up the DagBag from /home/airflow/.local/lib/python3.7/site-packages/airflow/example_dags/example_branch_datetime_operator.py
[2023-03-11T03:28:21.572+0000] {processor.py:766} INFO - DAG(s) dict_keys(['example_branch_datetime_operator_3', 'example_branch_datetime_operator', 'example_branch_datetime_operator_2']) retrieved from /home/airflow/.local/lib/python3.7/site-packages/airflow/example_dags/example_branch_datetime_operator.py
[2023-03-11T03:28:22.046+0000] {logging_mixin.py:120} INFO - [2023-03-11T03:28:22.046+0000] {dag.py:2585} INFO - Sync 3 DAGs
[2023-03-11T03:28:22.085+0000] {logging_mixin.py:120} INFO - [2023-03-11T03:28:22.085+0000] {dag.py:3340} INFO - Setting next_dagrun for example_branch_datetime_operator to 2023-03-10T00:00:00+00:00, run_after=2023-03-11T00:00:00+00:00
[2023-03-11T03:28:22.091+0000] {logging_mixin.py:120} INFO - [2023-03-11T03:28:22.091+0000] {dag.py:3340} INFO - Setting next_dagrun for example_branch_datetime_operator_2 to 2023-03-10T00:00:00+00:00, run_after=2023-03-11T00:00:00+00:00
[2023-03-11T03:28:22.093+0000] {logging_mixin.py:120} INFO - [2023-03-11T03:28:22.093+0000] {dag.py:3340} INFO - Setting next_dagrun for example_branch_datetime_operator_3 to 2023-03-10T00:00:00+00:00, run_after=2023-03-11T00:00:00+00:00
[2023-03-11T03:28:22.109+0000] {processor.py:176} INFO - Processing /home/airflow/.local/lib/python3.7/site-packages/airflow/example_dags/example_branch_datetime_operator.py took 0.558 seconds
[2023-03-11T04:35:24.524+0000] {processor.py:154} INFO - Started process (PID=35351) to work on /home/airflow/.local/lib/python3.7/site-packages/airflow/example_dags/example_branch_datetime_operator.py
[2023-03-11T04:35:24.526+0000] {processor.py:756} INFO - Processing file /home/airflow/.local/lib/python3.7/site-packages/airflow/example_dags/example_branch_datetime_operator.py for tasks to queue
[2023-03-11T04:35:24.527+0000] {logging_mixin.py:120} INFO - [2023-03-11T04:35:24.527+0000] {dagbag.py:537} INFO - Filling up the DagBag from /home/airflow/.local/lib/python3.7/site-packages/airflow/example_dags/example_branch_datetime_operator.py
[2023-03-11T04:35:24.550+0000] {processor.py:766} INFO - DAG(s) dict_keys(['example_branch_datetime_operator', 'example_branch_datetime_operator_3', 'example_branch_datetime_operator_2']) retrieved from /home/airflow/.local/lib/python3.7/site-packages/airflow/example_dags/example_branch_datetime_operator.py
[2023-03-11T04:35:24.640+0000] {logging_mixin.py:120} INFO - [2023-03-11T04:35:24.639+0000] {dag.py:2585} INFO - Sync 3 DAGs
[2023-03-11T04:35:24.664+0000] {logging_mixin.py:120} INFO - [2023-03-11T04:35:24.663+0000] {dag.py:3340} INFO - Setting next_dagrun for example_branch_datetime_operator to 2023-03-10T00:00:00+00:00, run_after=2023-03-11T00:00:00+00:00
[2023-03-11T04:35:24.669+0000] {logging_mixin.py:120} INFO - [2023-03-11T04:35:24.669+0000] {dag.py:3340} INFO - Setting next_dagrun for example_branch_datetime_operator_2 to 2023-03-10T00:00:00+00:00, run_after=2023-03-11T00:00:00+00:00
[2023-03-11T04:35:24.670+0000] {logging_mixin.py:120} INFO - [2023-03-11T04:35:24.670+0000] {dag.py:3340} INFO - Setting next_dagrun for example_branch_datetime_operator_3 to 2023-03-10T00:00:00+00:00, run_after=2023-03-11T00:00:00+00:00
[2023-03-11T04:35:24.687+0000] {processor.py:176} INFO - Processing /home/airflow/.local/lib/python3.7/site-packages/airflow/example_dags/example_branch_datetime_operator.py took 0.166 seconds
[2023-03-11T05:41:14.345+0000] {processor.py:154} INFO - Started process (PID=35414) to work on /home/airflow/.local/lib/python3.7/site-packages/airflow/example_dags/example_branch_datetime_operator.py
[2023-03-11T05:41:14.349+0000] {processor.py:756} INFO - Processing file /home/airflow/.local/lib/python3.7/site-packages/airflow/example_dags/example_branch_datetime_operator.py for tasks to queue
[2023-03-11T05:41:14.350+0000] {logging_mixin.py:120} INFO - [2023-03-11T05:41:14.350+0000] {dagbag.py:537} INFO - Filling up the DagBag from /home/airflow/.local/lib/python3.7/site-packages/airflow/example_dags/example_branch_datetime_operator.py
[2023-03-11T05:41:14.364+0000] {processor.py:766} INFO - DAG(s) dict_keys(['example_branch_datetime_operator', 'example_branch_datetime_operator_2', 'example_branch_datetime_operator_3']) retrieved from /home/airflow/.local/lib/python3.7/site-packages/airflow/example_dags/example_branch_datetime_operator.py
[2023-03-11T05:41:14.406+0000] {logging_mixin.py:120} INFO - [2023-03-11T05:41:14.406+0000] {dag.py:2585} INFO - Sync 3 DAGs
[2023-03-11T05:41:14.423+0000] {logging_mixin.py:120} INFO - [2023-03-11T05:41:14.423+0000] {dag.py:3340} INFO - Setting next_dagrun for example_branch_datetime_operator to 2023-03-10T00:00:00+00:00, run_after=2023-03-11T00:00:00+00:00
[2023-03-11T05:41:14.427+0000] {logging_mixin.py:120} INFO - [2023-03-11T05:41:14.427+0000] {dag.py:3340} INFO - Setting next_dagrun for example_branch_datetime_operator_2 to 2023-03-10T00:00:00+00:00, run_after=2023-03-11T00:00:00+00:00
[2023-03-11T05:41:14.429+0000] {logging_mixin.py:120} INFO - [2023-03-11T05:41:14.428+0000] {dag.py:3340} INFO - Setting next_dagrun for example_branch_datetime_operator_3 to 2023-03-10T00:00:00+00:00, run_after=2023-03-11T00:00:00+00:00
[2023-03-11T05:41:14.440+0000] {processor.py:176} INFO - Processing /home/airflow/.local/lib/python3.7/site-packages/airflow/example_dags/example_branch_datetime_operator.py took 0.100 seconds
[2023-03-11T06:48:03.142+0000] {processor.py:154} INFO - Started process (PID=35477) to work on /home/airflow/.local/lib/python3.7/site-packages/airflow/example_dags/example_branch_datetime_operator.py
[2023-03-11T06:48:03.145+0000] {processor.py:756} INFO - Processing file /home/airflow/.local/lib/python3.7/site-packages/airflow/example_dags/example_branch_datetime_operator.py for tasks to queue
[2023-03-11T06:48:03.147+0000] {logging_mixin.py:120} INFO - [2023-03-11T06:48:03.147+0000] {dagbag.py:537} INFO - Filling up the DagBag from /home/airflow/.local/lib/python3.7/site-packages/airflow/example_dags/example_branch_datetime_operator.py
[2023-03-11T06:48:03.164+0000] {processor.py:766} INFO - DAG(s) dict_keys(['example_branch_datetime_operator', 'example_branch_datetime_operator_3', 'example_branch_datetime_operator_2']) retrieved from /home/airflow/.local/lib/python3.7/site-packages/airflow/example_dags/example_branch_datetime_operator.py
[2023-03-11T06:48:03.238+0000] {logging_mixin.py:120} INFO - [2023-03-11T06:48:03.238+0000] {dag.py:2585} INFO - Sync 3 DAGs
[2023-03-11T06:48:03.266+0000] {logging_mixin.py:120} INFO - [2023-03-11T06:48:03.266+0000] {dag.py:3340} INFO - Setting next_dagrun for example_branch_datetime_operator to 2023-03-10T00:00:00+00:00, run_after=2023-03-11T00:00:00+00:00
[2023-03-11T06:48:03.278+0000] {logging_mixin.py:120} INFO - [2023-03-11T06:48:03.278+0000] {dag.py:3340} INFO - Setting next_dagrun for example_branch_datetime_operator_2 to 2023-03-10T00:00:00+00:00, run_after=2023-03-11T00:00:00+00:00
[2023-03-11T06:48:03.280+0000] {logging_mixin.py:120} INFO - [2023-03-11T06:48:03.280+0000] {dag.py:3340} INFO - Setting next_dagrun for example_branch_datetime_operator_3 to 2023-03-10T00:00:00+00:00, run_after=2023-03-11T00:00:00+00:00
[2023-03-11T06:48:03.295+0000] {processor.py:176} INFO - Processing /home/airflow/.local/lib/python3.7/site-packages/airflow/example_dags/example_branch_datetime_operator.py took 0.156 seconds
[2023-03-11T07:54:06.635+0000] {processor.py:154} INFO - Started process (PID=35540) to work on /home/airflow/.local/lib/python3.7/site-packages/airflow/example_dags/example_branch_datetime_operator.py
[2023-03-11T07:54:06.641+0000] {processor.py:756} INFO - Processing file /home/airflow/.local/lib/python3.7/site-packages/airflow/example_dags/example_branch_datetime_operator.py for tasks to queue
[2023-03-11T07:54:06.642+0000] {logging_mixin.py:120} INFO - [2023-03-11T07:54:06.642+0000] {dagbag.py:537} INFO - Filling up the DagBag from /home/airflow/.local/lib/python3.7/site-packages/airflow/example_dags/example_branch_datetime_operator.py
[2023-03-11T07:54:06.665+0000] {processor.py:766} INFO - DAG(s) dict_keys(['example_branch_datetime_operator_3', 'example_branch_datetime_operator_2', 'example_branch_datetime_operator']) retrieved from /home/airflow/.local/lib/python3.7/site-packages/airflow/example_dags/example_branch_datetime_operator.py
[2023-03-11T07:54:06.734+0000] {logging_mixin.py:120} INFO - [2023-03-11T07:54:06.734+0000] {dag.py:2585} INFO - Sync 3 DAGs
[2023-03-11T07:54:06.787+0000] {logging_mixin.py:120} INFO - [2023-03-11T07:54:06.787+0000] {dag.py:3340} INFO - Setting next_dagrun for example_branch_datetime_operator to 2023-03-10T00:00:00+00:00, run_after=2023-03-11T00:00:00+00:00
[2023-03-11T07:54:06.794+0000] {logging_mixin.py:120} INFO - [2023-03-11T07:54:06.794+0000] {dag.py:3340} INFO - Setting next_dagrun for example_branch_datetime_operator_2 to 2023-03-10T00:00:00+00:00, run_after=2023-03-11T00:00:00+00:00
[2023-03-11T07:54:06.797+0000] {logging_mixin.py:120} INFO - [2023-03-11T07:54:06.797+0000] {dag.py:3340} INFO - Setting next_dagrun for example_branch_datetime_operator_3 to 2023-03-10T00:00:00+00:00, run_after=2023-03-11T00:00:00+00:00
[2023-03-11T07:54:06.834+0000] {processor.py:176} INFO - Processing /home/airflow/.local/lib/python3.7/site-packages/airflow/example_dags/example_branch_datetime_operator.py took 0.204 seconds
[2023-03-11T09:00:24.848+0000] {processor.py:154} INFO - Started process (PID=35594) to work on /home/airflow/.local/lib/python3.7/site-packages/airflow/example_dags/example_branch_datetime_operator.py
[2023-03-11T09:00:24.849+0000] {processor.py:756} INFO - Processing file /home/airflow/.local/lib/python3.7/site-packages/airflow/example_dags/example_branch_datetime_operator.py for tasks to queue
[2023-03-11T09:00:24.850+0000] {logging_mixin.py:120} INFO - [2023-03-11T09:00:24.850+0000] {dagbag.py:537} INFO - Filling up the DagBag from /home/airflow/.local/lib/python3.7/site-packages/airflow/example_dags/example_branch_datetime_operator.py
[2023-03-11T09:00:24.865+0000] {processor.py:766} INFO - DAG(s) dict_keys(['example_branch_datetime_operator', 'example_branch_datetime_operator_3', 'example_branch_datetime_operator_2']) retrieved from /home/airflow/.local/lib/python3.7/site-packages/airflow/example_dags/example_branch_datetime_operator.py
[2023-03-11T09:00:24.918+0000] {logging_mixin.py:120} INFO - [2023-03-11T09:00:24.918+0000] {dag.py:2585} INFO - Sync 3 DAGs
[2023-03-11T09:00:24.936+0000] {logging_mixin.py:120} INFO - [2023-03-11T09:00:24.936+0000] {dag.py:3340} INFO - Setting next_dagrun for example_branch_datetime_operator to 2023-03-10T00:00:00+00:00, run_after=2023-03-11T00:00:00+00:00
[2023-03-11T09:00:24.940+0000] {logging_mixin.py:120} INFO - [2023-03-11T09:00:24.940+0000] {dag.py:3340} INFO - Setting next_dagrun for example_branch_datetime_operator_2 to 2023-03-10T00:00:00+00:00, run_after=2023-03-11T00:00:00+00:00
[2023-03-11T09:00:24.942+0000] {logging_mixin.py:120} INFO - [2023-03-11T09:00:24.942+0000] {dag.py:3340} INFO - Setting next_dagrun for example_branch_datetime_operator_3 to 2023-03-10T00:00:00+00:00, run_after=2023-03-11T00:00:00+00:00
[2023-03-11T09:00:24.956+0000] {processor.py:176} INFO - Processing /home/airflow/.local/lib/python3.7/site-packages/airflow/example_dags/example_branch_datetime_operator.py took 0.110 seconds
[2023-03-11T10:06:57.196+0000] {processor.py:154} INFO - Started process (PID=35657) to work on /home/airflow/.local/lib/python3.7/site-packages/airflow/example_dags/example_branch_datetime_operator.py
[2023-03-11T10:06:57.199+0000] {processor.py:756} INFO - Processing file /home/airflow/.local/lib/python3.7/site-packages/airflow/example_dags/example_branch_datetime_operator.py for tasks to queue
[2023-03-11T10:06:57.200+0000] {logging_mixin.py:120} INFO - [2023-03-11T10:06:57.200+0000] {dagbag.py:537} INFO - Filling up the DagBag from /home/airflow/.local/lib/python3.7/site-packages/airflow/example_dags/example_branch_datetime_operator.py
[2023-03-11T10:06:57.216+0000] {processor.py:766} INFO - DAG(s) dict_keys(['example_branch_datetime_operator', 'example_branch_datetime_operator_2', 'example_branch_datetime_operator_3']) retrieved from /home/airflow/.local/lib/python3.7/site-packages/airflow/example_dags/example_branch_datetime_operator.py
[2023-03-11T10:06:57.287+0000] {logging_mixin.py:120} INFO - [2023-03-11T10:06:57.287+0000] {dag.py:2585} INFO - Sync 3 DAGs
[2023-03-11T10:06:57.334+0000] {logging_mixin.py:120} INFO - [2023-03-11T10:06:57.334+0000] {dag.py:3340} INFO - Setting next_dagrun for example_branch_datetime_operator to 2023-03-10T00:00:00+00:00, run_after=2023-03-11T00:00:00+00:00
[2023-03-11T10:06:57.337+0000] {logging_mixin.py:120} INFO - [2023-03-11T10:06:57.337+0000] {dag.py:3340} INFO - Setting next_dagrun for example_branch_datetime_operator_2 to 2023-03-10T00:00:00+00:00, run_after=2023-03-11T00:00:00+00:00
[2023-03-11T10:06:57.345+0000] {logging_mixin.py:120} INFO - [2023-03-11T10:06:57.345+0000] {dag.py:3340} INFO - Setting next_dagrun for example_branch_datetime_operator_3 to 2023-03-10T00:00:00+00:00, run_after=2023-03-11T00:00:00+00:00
[2023-03-11T10:06:57.362+0000] {processor.py:176} INFO - Processing /home/airflow/.local/lib/python3.7/site-packages/airflow/example_dags/example_branch_datetime_operator.py took 0.169 seconds
[2023-03-11T11:31:10.156+0000] {processor.py:154} INFO - Started process (PID=35720) to work on /home/airflow/.local/lib/python3.7/site-packages/airflow/example_dags/example_branch_datetime_operator.py
[2023-03-11T11:31:10.157+0000] {processor.py:756} INFO - Processing file /home/airflow/.local/lib/python3.7/site-packages/airflow/example_dags/example_branch_datetime_operator.py for tasks to queue
[2023-03-11T11:31:10.158+0000] {logging_mixin.py:120} INFO - [2023-03-11T11:31:10.158+0000] {dagbag.py:537} INFO - Filling up the DagBag from /home/airflow/.local/lib/python3.7/site-packages/airflow/example_dags/example_branch_datetime_operator.py
[2023-03-11T11:31:10.171+0000] {processor.py:766} INFO - DAG(s) dict_keys(['example_branch_datetime_operator', 'example_branch_datetime_operator_3', 'example_branch_datetime_operator_2']) retrieved from /home/airflow/.local/lib/python3.7/site-packages/airflow/example_dags/example_branch_datetime_operator.py
[2023-03-11T11:31:10.225+0000] {logging_mixin.py:120} INFO - [2023-03-11T11:31:10.225+0000] {dag.py:2585} INFO - Sync 3 DAGs
[2023-03-11T11:31:10.257+0000] {logging_mixin.py:120} INFO - [2023-03-11T11:31:10.257+0000] {dag.py:3340} INFO - Setting next_dagrun for example_branch_datetime_operator to 2023-03-10T00:00:00+00:00, run_after=2023-03-11T00:00:00+00:00
[2023-03-11T11:31:10.262+0000] {logging_mixin.py:120} INFO - [2023-03-11T11:31:10.262+0000] {dag.py:3340} INFO - Setting next_dagrun for example_branch_datetime_operator_2 to 2023-03-10T00:00:00+00:00, run_after=2023-03-11T00:00:00+00:00
[2023-03-11T11:31:10.269+0000] {logging_mixin.py:120} INFO - [2023-03-11T11:31:10.269+0000] {dag.py:3340} INFO - Setting next_dagrun for example_branch_datetime_operator_3 to 2023-03-10T00:00:00+00:00, run_after=2023-03-11T00:00:00+00:00
[2023-03-11T11:31:10.280+0000] {processor.py:176} INFO - Processing /home/airflow/.local/lib/python3.7/site-packages/airflow/example_dags/example_branch_datetime_operator.py took 0.128 seconds
[2023-03-11T12:37:40.390+0000] {processor.py:154} INFO - Started process (PID=35783) to work on /home/airflow/.local/lib/python3.7/site-packages/airflow/example_dags/example_branch_datetime_operator.py
[2023-03-11T12:37:40.391+0000] {processor.py:756} INFO - Processing file /home/airflow/.local/lib/python3.7/site-packages/airflow/example_dags/example_branch_datetime_operator.py for tasks to queue
[2023-03-11T12:37:40.392+0000] {logging_mixin.py:120} INFO - [2023-03-11T12:37:40.391+0000] {dagbag.py:537} INFO - Filling up the DagBag from /home/airflow/.local/lib/python3.7/site-packages/airflow/example_dags/example_branch_datetime_operator.py
[2023-03-11T12:37:40.404+0000] {processor.py:766} INFO - DAG(s) dict_keys(['example_branch_datetime_operator', 'example_branch_datetime_operator_2', 'example_branch_datetime_operator_3']) retrieved from /home/airflow/.local/lib/python3.7/site-packages/airflow/example_dags/example_branch_datetime_operator.py
[2023-03-11T12:37:40.445+0000] {logging_mixin.py:120} INFO - [2023-03-11T12:37:40.445+0000] {dag.py:2585} INFO - Sync 3 DAGs
[2023-03-11T12:37:40.464+0000] {logging_mixin.py:120} INFO - [2023-03-11T12:37:40.464+0000] {dag.py:3340} INFO - Setting next_dagrun for example_branch_datetime_operator to 2023-03-10T00:00:00+00:00, run_after=2023-03-11T00:00:00+00:00
[2023-03-11T12:37:40.468+0000] {logging_mixin.py:120} INFO - [2023-03-11T12:37:40.468+0000] {dag.py:3340} INFO - Setting next_dagrun for example_branch_datetime_operator_2 to 2023-03-10T00:00:00+00:00, run_after=2023-03-11T00:00:00+00:00
[2023-03-11T12:37:40.470+0000] {logging_mixin.py:120} INFO - [2023-03-11T12:37:40.470+0000] {dag.py:3340} INFO - Setting next_dagrun for example_branch_datetime_operator_3 to 2023-03-10T00:00:00+00:00, run_after=2023-03-11T00:00:00+00:00
[2023-03-11T12:37:40.482+0000] {processor.py:176} INFO - Processing /home/airflow/.local/lib/python3.7/site-packages/airflow/example_dags/example_branch_datetime_operator.py took 0.095 seconds
[2023-03-11T13:38:01.102+0000] {processor.py:154} INFO - Started process (PID=35837) to work on /home/airflow/.local/lib/python3.7/site-packages/airflow/example_dags/example_branch_datetime_operator.py
[2023-03-11T13:38:01.106+0000] {processor.py:756} INFO - Processing file /home/airflow/.local/lib/python3.7/site-packages/airflow/example_dags/example_branch_datetime_operator.py for tasks to queue
[2023-03-11T13:38:01.107+0000] {logging_mixin.py:120} INFO - [2023-03-11T13:38:01.107+0000] {dagbag.py:537} INFO - Filling up the DagBag from /home/airflow/.local/lib/python3.7/site-packages/airflow/example_dags/example_branch_datetime_operator.py
[2023-03-11T13:38:01.126+0000] {processor.py:766} INFO - DAG(s) dict_keys(['example_branch_datetime_operator_2', 'example_branch_datetime_operator_3', 'example_branch_datetime_operator']) retrieved from /home/airflow/.local/lib/python3.7/site-packages/airflow/example_dags/example_branch_datetime_operator.py
[2023-03-11T13:38:01.193+0000] {logging_mixin.py:120} INFO - [2023-03-11T13:38:01.192+0000] {dag.py:2585} INFO - Sync 3 DAGs
[2023-03-11T13:38:01.213+0000] {logging_mixin.py:120} INFO - [2023-03-11T13:38:01.213+0000] {dag.py:3340} INFO - Setting next_dagrun for example_branch_datetime_operator to 2023-03-10T00:00:00+00:00, run_after=2023-03-11T00:00:00+00:00
[2023-03-11T13:38:01.220+0000] {logging_mixin.py:120} INFO - [2023-03-11T13:38:01.219+0000] {dag.py:3340} INFO - Setting next_dagrun for example_branch_datetime_operator_2 to 2023-03-10T00:00:00+00:00, run_after=2023-03-11T00:00:00+00:00
[2023-03-11T13:38:01.227+0000] {logging_mixin.py:120} INFO - [2023-03-11T13:38:01.227+0000] {dag.py:3340} INFO - Setting next_dagrun for example_branch_datetime_operator_3 to 2023-03-10T00:00:00+00:00, run_after=2023-03-11T00:00:00+00:00
[2023-03-11T13:38:01.241+0000] {processor.py:176} INFO - Processing /home/airflow/.local/lib/python3.7/site-packages/airflow/example_dags/example_branch_datetime_operator.py took 0.142 seconds
[2023-03-11T14:47:59.228+0000] {processor.py:154} INFO - Started process (PID=35899) to work on /home/airflow/.local/lib/python3.7/site-packages/airflow/example_dags/example_branch_datetime_operator.py
[2023-03-11T14:47:59.231+0000] {processor.py:756} INFO - Processing file /home/airflow/.local/lib/python3.7/site-packages/airflow/example_dags/example_branch_datetime_operator.py for tasks to queue
[2023-03-11T14:47:59.232+0000] {logging_mixin.py:120} INFO - [2023-03-11T14:47:59.232+0000] {dagbag.py:537} INFO - Filling up the DagBag from /home/airflow/.local/lib/python3.7/site-packages/airflow/example_dags/example_branch_datetime_operator.py
[2023-03-11T14:47:59.245+0000] {processor.py:766} INFO - DAG(s) dict_keys(['example_branch_datetime_operator', 'example_branch_datetime_operator_2', 'example_branch_datetime_operator_3']) retrieved from /home/airflow/.local/lib/python3.7/site-packages/airflow/example_dags/example_branch_datetime_operator.py
[2023-03-11T14:47:59.295+0000] {logging_mixin.py:120} INFO - [2023-03-11T14:47:59.295+0000] {dag.py:2585} INFO - Sync 3 DAGs
[2023-03-11T14:47:59.317+0000] {logging_mixin.py:120} INFO - [2023-03-11T14:47:59.317+0000] {dag.py:3340} INFO - Setting next_dagrun for example_branch_datetime_operator to 2023-03-10T00:00:00+00:00, run_after=2023-03-11T00:00:00+00:00
[2023-03-11T14:47:59.321+0000] {logging_mixin.py:120} INFO - [2023-03-11T14:47:59.321+0000] {dag.py:3340} INFO - Setting next_dagrun for example_branch_datetime_operator_2 to 2023-03-10T00:00:00+00:00, run_after=2023-03-11T00:00:00+00:00
[2023-03-11T14:47:59.323+0000] {logging_mixin.py:120} INFO - [2023-03-11T14:47:59.323+0000] {dag.py:3340} INFO - Setting next_dagrun for example_branch_datetime_operator_3 to 2023-03-10T00:00:00+00:00, run_after=2023-03-11T00:00:00+00:00
[2023-03-11T14:47:59.339+0000] {processor.py:176} INFO - Processing /home/airflow/.local/lib/python3.7/site-packages/airflow/example_dags/example_branch_datetime_operator.py took 0.114 seconds
[2023-03-11T16:07:41.251+0000] {processor.py:154} INFO - Started process (PID=35962) to work on /home/airflow/.local/lib/python3.7/site-packages/airflow/example_dags/example_branch_datetime_operator.py
[2023-03-11T16:07:41.252+0000] {processor.py:756} INFO - Processing file /home/airflow/.local/lib/python3.7/site-packages/airflow/example_dags/example_branch_datetime_operator.py for tasks to queue
[2023-03-11T16:07:41.253+0000] {logging_mixin.py:120} INFO - [2023-03-11T16:07:41.253+0000] {dagbag.py:537} INFO - Filling up the DagBag from /home/airflow/.local/lib/python3.7/site-packages/airflow/example_dags/example_branch_datetime_operator.py
[2023-03-11T16:07:41.273+0000] {processor.py:766} INFO - DAG(s) dict_keys(['example_branch_datetime_operator_3', 'example_branch_datetime_operator_2', 'example_branch_datetime_operator']) retrieved from /home/airflow/.local/lib/python3.7/site-packages/airflow/example_dags/example_branch_datetime_operator.py
[2023-03-11T16:07:41.312+0000] {logging_mixin.py:120} INFO - [2023-03-11T16:07:41.312+0000] {dag.py:2585} INFO - Sync 3 DAGs
[2023-03-11T16:07:41.327+0000] {logging_mixin.py:120} INFO - [2023-03-11T16:07:41.327+0000] {dag.py:3340} INFO - Setting next_dagrun for example_branch_datetime_operator to 2023-03-10T00:00:00+00:00, run_after=2023-03-11T00:00:00+00:00
[2023-03-11T16:07:41.330+0000] {logging_mixin.py:120} INFO - [2023-03-11T16:07:41.330+0000] {dag.py:3340} INFO - Setting next_dagrun for example_branch_datetime_operator_2 to 2023-03-10T00:00:00+00:00, run_after=2023-03-11T00:00:00+00:00
[2023-03-11T16:07:41.331+0000] {logging_mixin.py:120} INFO - [2023-03-11T16:07:41.331+0000] {dag.py:3340} INFO - Setting next_dagrun for example_branch_datetime_operator_3 to 2023-03-10T00:00:00+00:00, run_after=2023-03-11T00:00:00+00:00
[2023-03-11T16:07:41.346+0000] {processor.py:176} INFO - Processing /home/airflow/.local/lib/python3.7/site-packages/airflow/example_dags/example_branch_datetime_operator.py took 0.103 seconds
[2023-03-11T17:14:06.138+0000] {processor.py:154} INFO - Started process (PID=36025) to work on /home/airflow/.local/lib/python3.7/site-packages/airflow/example_dags/example_branch_datetime_operator.py
[2023-03-11T17:14:06.141+0000] {processor.py:756} INFO - Processing file /home/airflow/.local/lib/python3.7/site-packages/airflow/example_dags/example_branch_datetime_operator.py for tasks to queue
[2023-03-11T17:14:06.142+0000] {logging_mixin.py:120} INFO - [2023-03-11T17:14:06.142+0000] {dagbag.py:537} INFO - Filling up the DagBag from /home/airflow/.local/lib/python3.7/site-packages/airflow/example_dags/example_branch_datetime_operator.py
[2023-03-11T17:14:06.154+0000] {processor.py:766} INFO - DAG(s) dict_keys(['example_branch_datetime_operator', 'example_branch_datetime_operator_2', 'example_branch_datetime_operator_3']) retrieved from /home/airflow/.local/lib/python3.7/site-packages/airflow/example_dags/example_branch_datetime_operator.py
[2023-03-11T17:14:06.201+0000] {logging_mixin.py:120} INFO - [2023-03-11T17:14:06.201+0000] {dag.py:2585} INFO - Sync 3 DAGs
[2023-03-11T17:14:06.222+0000] {logging_mixin.py:120} INFO - [2023-03-11T17:14:06.222+0000] {dag.py:3340} INFO - Setting next_dagrun for example_branch_datetime_operator to 2023-03-10T00:00:00+00:00, run_after=2023-03-11T00:00:00+00:00
[2023-03-11T17:14:06.227+0000] {logging_mixin.py:120} INFO - [2023-03-11T17:14:06.227+0000] {dag.py:3340} INFO - Setting next_dagrun for example_branch_datetime_operator_2 to 2023-03-10T00:00:00+00:00, run_after=2023-03-11T00:00:00+00:00
[2023-03-11T17:14:06.229+0000] {logging_mixin.py:120} INFO - [2023-03-11T17:14:06.229+0000] {dag.py:3340} INFO - Setting next_dagrun for example_branch_datetime_operator_3 to 2023-03-10T00:00:00+00:00, run_after=2023-03-11T00:00:00+00:00
[2023-03-11T17:14:06.246+0000] {processor.py:176} INFO - Processing /home/airflow/.local/lib/python3.7/site-packages/airflow/example_dags/example_branch_datetime_operator.py took 0.112 seconds
[2023-03-11T18:22:30.516+0000] {processor.py:154} INFO - Started process (PID=36087) to work on /home/airflow/.local/lib/python3.7/site-packages/airflow/example_dags/example_branch_datetime_operator.py
[2023-03-11T18:22:30.517+0000] {processor.py:756} INFO - Processing file /home/airflow/.local/lib/python3.7/site-packages/airflow/example_dags/example_branch_datetime_operator.py for tasks to queue
[2023-03-11T18:22:30.520+0000] {logging_mixin.py:120} INFO - [2023-03-11T18:22:30.520+0000] {dagbag.py:537} INFO - Filling up the DagBag from /home/airflow/.local/lib/python3.7/site-packages/airflow/example_dags/example_branch_datetime_operator.py
[2023-03-11T18:22:30.553+0000] {processor.py:766} INFO - DAG(s) dict_keys(['example_branch_datetime_operator_3', 'example_branch_datetime_operator', 'example_branch_datetime_operator_2']) retrieved from /home/airflow/.local/lib/python3.7/site-packages/airflow/example_dags/example_branch_datetime_operator.py
[2023-03-11T18:22:30.594+0000] {logging_mixin.py:120} INFO - [2023-03-11T18:22:30.594+0000] {dag.py:2585} INFO - Sync 3 DAGs
[2023-03-11T18:22:30.614+0000] {logging_mixin.py:120} INFO - [2023-03-11T18:22:30.614+0000] {dag.py:3340} INFO - Setting next_dagrun for example_branch_datetime_operator to 2023-03-10T00:00:00+00:00, run_after=2023-03-11T00:00:00+00:00
[2023-03-11T18:22:30.618+0000] {logging_mixin.py:120} INFO - [2023-03-11T18:22:30.618+0000] {dag.py:3340} INFO - Setting next_dagrun for example_branch_datetime_operator_2 to 2023-03-10T00:00:00+00:00, run_after=2023-03-11T00:00:00+00:00
[2023-03-11T18:22:30.626+0000] {logging_mixin.py:120} INFO - [2023-03-11T18:22:30.626+0000] {dag.py:3340} INFO - Setting next_dagrun for example_branch_datetime_operator_3 to 2023-03-10T00:00:00+00:00, run_after=2023-03-11T00:00:00+00:00
[2023-03-11T18:22:30.648+0000] {processor.py:176} INFO - Processing /home/airflow/.local/lib/python3.7/site-packages/airflow/example_dags/example_branch_datetime_operator.py took 0.135 seconds
[2023-03-11T19:27:36.446+0000] {processor.py:154} INFO - Started process (PID=36141) to work on /home/airflow/.local/lib/python3.7/site-packages/airflow/example_dags/example_branch_datetime_operator.py
[2023-03-11T19:27:36.448+0000] {processor.py:756} INFO - Processing file /home/airflow/.local/lib/python3.7/site-packages/airflow/example_dags/example_branch_datetime_operator.py for tasks to queue
[2023-03-11T19:27:36.448+0000] {logging_mixin.py:120} INFO - [2023-03-11T19:27:36.448+0000] {dagbag.py:537} INFO - Filling up the DagBag from /home/airflow/.local/lib/python3.7/site-packages/airflow/example_dags/example_branch_datetime_operator.py
[2023-03-11T19:27:36.463+0000] {processor.py:766} INFO - DAG(s) dict_keys(['example_branch_datetime_operator_2', 'example_branch_datetime_operator', 'example_branch_datetime_operator_3']) retrieved from /home/airflow/.local/lib/python3.7/site-packages/airflow/example_dags/example_branch_datetime_operator.py
[2023-03-11T19:27:36.509+0000] {logging_mixin.py:120} INFO - [2023-03-11T19:27:36.509+0000] {dag.py:2585} INFO - Sync 3 DAGs
[2023-03-11T19:27:36.527+0000] {logging_mixin.py:120} INFO - [2023-03-11T19:27:36.527+0000] {dag.py:3340} INFO - Setting next_dagrun for example_branch_datetime_operator to 2023-03-10T00:00:00+00:00, run_after=2023-03-11T00:00:00+00:00
[2023-03-11T19:27:36.532+0000] {logging_mixin.py:120} INFO - [2023-03-11T19:27:36.532+0000] {dag.py:3340} INFO - Setting next_dagrun for example_branch_datetime_operator_2 to 2023-03-10T00:00:00+00:00, run_after=2023-03-11T00:00:00+00:00
[2023-03-11T19:27:36.537+0000] {logging_mixin.py:120} INFO - [2023-03-11T19:27:36.537+0000] {dag.py:3340} INFO - Setting next_dagrun for example_branch_datetime_operator_3 to 2023-03-10T00:00:00+00:00, run_after=2023-03-11T00:00:00+00:00
[2023-03-11T19:27:37.002+0000] {processor.py:176} INFO - Processing /home/airflow/.local/lib/python3.7/site-packages/airflow/example_dags/example_branch_datetime_operator.py took 0.559 seconds
[2023-03-11T20:33:21.950+0000] {processor.py:154} INFO - Started process (PID=36204) to work on /home/airflow/.local/lib/python3.7/site-packages/airflow/example_dags/example_branch_datetime_operator.py
[2023-03-11T20:33:21.952+0000] {processor.py:756} INFO - Processing file /home/airflow/.local/lib/python3.7/site-packages/airflow/example_dags/example_branch_datetime_operator.py for tasks to queue
[2023-03-11T20:33:21.952+0000] {logging_mixin.py:120} INFO - [2023-03-11T20:33:21.952+0000] {dagbag.py:537} INFO - Filling up the DagBag from /home/airflow/.local/lib/python3.7/site-packages/airflow/example_dags/example_branch_datetime_operator.py
[2023-03-11T20:33:21.969+0000] {processor.py:766} INFO - DAG(s) dict_keys(['example_branch_datetime_operator_2', 'example_branch_datetime_operator_3', 'example_branch_datetime_operator']) retrieved from /home/airflow/.local/lib/python3.7/site-packages/airflow/example_dags/example_branch_datetime_operator.py
[2023-03-11T20:33:22.009+0000] {logging_mixin.py:120} INFO - [2023-03-11T20:33:22.009+0000] {dag.py:2585} INFO - Sync 3 DAGs
[2023-03-11T20:33:22.025+0000] {logging_mixin.py:120} INFO - [2023-03-11T20:33:22.025+0000] {dag.py:3340} INFO - Setting next_dagrun for example_branch_datetime_operator to 2023-03-10T00:00:00+00:00, run_after=2023-03-11T00:00:00+00:00
[2023-03-11T20:33:22.029+0000] {logging_mixin.py:120} INFO - [2023-03-11T20:33:22.029+0000] {dag.py:3340} INFO - Setting next_dagrun for example_branch_datetime_operator_2 to 2023-03-10T00:00:00+00:00, run_after=2023-03-11T00:00:00+00:00
[2023-03-11T20:33:22.030+0000] {logging_mixin.py:120} INFO - [2023-03-11T20:33:22.030+0000] {dag.py:3340} INFO - Setting next_dagrun for example_branch_datetime_operator_3 to 2023-03-10T00:00:00+00:00, run_after=2023-03-11T00:00:00+00:00
[2023-03-11T20:33:22.044+0000] {processor.py:176} INFO - Processing /home/airflow/.local/lib/python3.7/site-packages/airflow/example_dags/example_branch_datetime_operator.py took 0.098 seconds
[2023-03-11T21:49:21.029+0000] {processor.py:154} INFO - Started process (PID=36267) to work on /home/airflow/.local/lib/python3.7/site-packages/airflow/example_dags/example_branch_datetime_operator.py
[2023-03-11T21:49:21.033+0000] {processor.py:756} INFO - Processing file /home/airflow/.local/lib/python3.7/site-packages/airflow/example_dags/example_branch_datetime_operator.py for tasks to queue
[2023-03-11T21:49:21.034+0000] {logging_mixin.py:120} INFO - [2023-03-11T21:49:21.034+0000] {dagbag.py:537} INFO - Filling up the DagBag from /home/airflow/.local/lib/python3.7/site-packages/airflow/example_dags/example_branch_datetime_operator.py
[2023-03-11T21:49:21.060+0000] {processor.py:766} INFO - DAG(s) dict_keys(['example_branch_datetime_operator_2', 'example_branch_datetime_operator', 'example_branch_datetime_operator_3']) retrieved from /home/airflow/.local/lib/python3.7/site-packages/airflow/example_dags/example_branch_datetime_operator.py
[2023-03-11T21:49:21.133+0000] {logging_mixin.py:120} INFO - [2023-03-11T21:49:21.133+0000] {dag.py:2585} INFO - Sync 3 DAGs
[2023-03-11T21:49:21.160+0000] {logging_mixin.py:120} INFO - [2023-03-11T21:49:21.160+0000] {dag.py:3340} INFO - Setting next_dagrun for example_branch_datetime_operator to 2023-03-10T00:00:00+00:00, run_after=2023-03-11T00:00:00+00:00
[2023-03-11T21:49:21.164+0000] {logging_mixin.py:120} INFO - [2023-03-11T21:49:21.163+0000] {dag.py:3340} INFO - Setting next_dagrun for example_branch_datetime_operator_2 to 2023-03-10T00:00:00+00:00, run_after=2023-03-11T00:00:00+00:00
[2023-03-11T21:49:21.165+0000] {logging_mixin.py:120} INFO - [2023-03-11T21:49:21.165+0000] {dag.py:3340} INFO - Setting next_dagrun for example_branch_datetime_operator_3 to 2023-03-10T00:00:00+00:00, run_after=2023-03-11T00:00:00+00:00
[2023-03-11T21:49:21.184+0000] {processor.py:176} INFO - Processing /home/airflow/.local/lib/python3.7/site-packages/airflow/example_dags/example_branch_datetime_operator.py took 0.158 seconds
[2023-03-11T22:58:03.292+0000] {processor.py:154} INFO - Started process (PID=36330) to work on /home/airflow/.local/lib/python3.7/site-packages/airflow/example_dags/example_branch_datetime_operator.py
[2023-03-11T22:58:03.294+0000] {processor.py:756} INFO - Processing file /home/airflow/.local/lib/python3.7/site-packages/airflow/example_dags/example_branch_datetime_operator.py for tasks to queue
[2023-03-11T22:58:03.295+0000] {logging_mixin.py:120} INFO - [2023-03-11T22:58:03.295+0000] {dagbag.py:537} INFO - Filling up the DagBag from /home/airflow/.local/lib/python3.7/site-packages/airflow/example_dags/example_branch_datetime_operator.py
[2023-03-11T22:58:03.312+0000] {processor.py:766} INFO - DAG(s) dict_keys(['example_branch_datetime_operator_3', 'example_branch_datetime_operator', 'example_branch_datetime_operator_2']) retrieved from /home/airflow/.local/lib/python3.7/site-packages/airflow/example_dags/example_branch_datetime_operator.py
[2023-03-11T22:58:03.377+0000] {logging_mixin.py:120} INFO - [2023-03-11T22:58:03.377+0000] {dag.py:2585} INFO - Sync 3 DAGs
[2023-03-11T22:58:03.401+0000] {logging_mixin.py:120} INFO - [2023-03-11T22:58:03.401+0000] {dag.py:3340} INFO - Setting next_dagrun for example_branch_datetime_operator to 2023-03-10T00:00:00+00:00, run_after=2023-03-11T00:00:00+00:00
[2023-03-11T22:58:03.406+0000] {logging_mixin.py:120} INFO - [2023-03-11T22:58:03.406+0000] {dag.py:3340} INFO - Setting next_dagrun for example_branch_datetime_operator_2 to 2023-03-10T00:00:00+00:00, run_after=2023-03-11T00:00:00+00:00
[2023-03-11T22:58:03.408+0000] {logging_mixin.py:120} INFO - [2023-03-11T22:58:03.408+0000] {dag.py:3340} INFO - Setting next_dagrun for example_branch_datetime_operator_3 to 2023-03-10T00:00:00+00:00, run_after=2023-03-11T00:00:00+00:00
[2023-03-11T22:58:03.426+0000] {processor.py:176} INFO - Processing /home/airflow/.local/lib/python3.7/site-packages/airflow/example_dags/example_branch_datetime_operator.py took 0.137 seconds
