[2023-03-11T00:06:54.134+0000] {processor.py:154} INFO - Started process (PID=35093) to work on /home/airflow/.local/lib/python3.7/site-packages/airflow/example_dags/example_latest_only_with_trigger.py
[2023-03-11T00:06:54.138+0000] {processor.py:756} INFO - Processing file /home/airflow/.local/lib/python3.7/site-packages/airflow/example_dags/example_latest_only_with_trigger.py for tasks to queue
[2023-03-11T00:06:54.139+0000] {logging_mixin.py:120} INFO - [2023-03-11T00:06:54.139+0000] {dagbag.py:537} INFO - Filling up the DagBag from /home/airflow/.local/lib/python3.7/site-packages/airflow/example_dags/example_latest_only_with_trigger.py
[2023-03-11T00:06:54.161+0000] {processor.py:766} INFO - DAG(s) dict_keys(['latest_only_with_trigger']) retrieved from /home/airflow/.local/lib/python3.7/site-packages/airflow/example_dags/example_latest_only_with_trigger.py
[2023-03-11T00:06:54.218+0000] {logging_mixin.py:120} INFO - [2023-03-11T00:06:54.218+0000] {dag.py:2585} INFO - Sync 1 DAGs
[2023-03-11T00:06:54.243+0000] {logging_mixin.py:120} INFO - [2023-03-11T00:06:54.243+0000] {dag.py:3340} INFO - Setting next_dagrun for latest_only_with_trigger to 2023-03-10T20:06:54.242820+00:00, run_after=2023-03-11T00:06:54.242820+00:00
[2023-03-11T00:06:54.264+0000] {processor.py:176} INFO - Processing /home/airflow/.local/lib/python3.7/site-packages/airflow/example_dags/example_latest_only_with_trigger.py took 0.134 seconds
[2023-03-11T01:13:26.215+0000] {processor.py:154} INFO - Started process (PID=35156) to work on /home/airflow/.local/lib/python3.7/site-packages/airflow/example_dags/example_latest_only_with_trigger.py
[2023-03-11T01:13:26.216+0000] {processor.py:756} INFO - Processing file /home/airflow/.local/lib/python3.7/site-packages/airflow/example_dags/example_latest_only_with_trigger.py for tasks to queue
[2023-03-11T01:13:26.217+0000] {logging_mixin.py:120} INFO - [2023-03-11T01:13:26.217+0000] {dagbag.py:537} INFO - Filling up the DagBag from /home/airflow/.local/lib/python3.7/site-packages/airflow/example_dags/example_latest_only_with_trigger.py
[2023-03-11T01:13:26.229+0000] {processor.py:766} INFO - DAG(s) dict_keys(['latest_only_with_trigger']) retrieved from /home/airflow/.local/lib/python3.7/site-packages/airflow/example_dags/example_latest_only_with_trigger.py
[2023-03-11T01:13:26.257+0000] {logging_mixin.py:120} INFO - [2023-03-11T01:13:26.256+0000] {dag.py:2585} INFO - Sync 1 DAGs
[2023-03-11T01:13:26.271+0000] {logging_mixin.py:120} INFO - [2023-03-11T01:13:26.271+0000] {dag.py:3340} INFO - Setting next_dagrun for latest_only_with_trigger to 2023-03-10T21:13:26.270937+00:00, run_after=2023-03-11T01:13:26.270937+00:00
[2023-03-11T01:13:26.282+0000] {processor.py:176} INFO - Processing /home/airflow/.local/lib/python3.7/site-packages/airflow/example_dags/example_latest_only_with_trigger.py took 0.070 seconds
[2023-03-11T02:21:49.166+0000] {processor.py:154} INFO - Started process (PID=35220) to work on /home/airflow/.local/lib/python3.7/site-packages/airflow/example_dags/example_latest_only_with_trigger.py
[2023-03-11T02:21:49.171+0000] {processor.py:756} INFO - Processing file /home/airflow/.local/lib/python3.7/site-packages/airflow/example_dags/example_latest_only_with_trigger.py for tasks to queue
[2023-03-11T02:21:49.174+0000] {logging_mixin.py:120} INFO - [2023-03-11T02:21:49.174+0000] {dagbag.py:537} INFO - Filling up the DagBag from /home/airflow/.local/lib/python3.7/site-packages/airflow/example_dags/example_latest_only_with_trigger.py
[2023-03-11T02:21:49.211+0000] {processor.py:766} INFO - DAG(s) dict_keys(['latest_only_with_trigger']) retrieved from /home/airflow/.local/lib/python3.7/site-packages/airflow/example_dags/example_latest_only_with_trigger.py
[2023-03-11T02:21:49.290+0000] {logging_mixin.py:120} INFO - [2023-03-11T02:21:49.290+0000] {dag.py:2585} INFO - Sync 1 DAGs
[2023-03-11T02:21:49.319+0000] {logging_mixin.py:120} INFO - [2023-03-11T02:21:49.319+0000] {dag.py:3340} INFO - Setting next_dagrun for latest_only_with_trigger to 2023-03-10T22:21:49.319340+00:00, run_after=2023-03-11T02:21:49.319340+00:00
[2023-03-11T02:21:49.343+0000] {processor.py:176} INFO - Processing /home/airflow/.local/lib/python3.7/site-packages/airflow/example_dags/example_latest_only_with_trigger.py took 0.180 seconds
[2023-03-11T03:28:20.599+0000] {processor.py:154} INFO - Started process (PID=35274) to work on /home/airflow/.local/lib/python3.7/site-packages/airflow/example_dags/example_latest_only_with_trigger.py
[2023-03-11T03:28:20.600+0000] {processor.py:756} INFO - Processing file /home/airflow/.local/lib/python3.7/site-packages/airflow/example_dags/example_latest_only_with_trigger.py for tasks to queue
[2023-03-11T03:28:20.601+0000] {logging_mixin.py:120} INFO - [2023-03-11T03:28:20.601+0000] {dagbag.py:537} INFO - Filling up the DagBag from /home/airflow/.local/lib/python3.7/site-packages/airflow/example_dags/example_latest_only_with_trigger.py
[2023-03-11T03:28:20.612+0000] {processor.py:766} INFO - DAG(s) dict_keys(['latest_only_with_trigger']) retrieved from /home/airflow/.local/lib/python3.7/site-packages/airflow/example_dags/example_latest_only_with_trigger.py
[2023-03-11T03:28:20.639+0000] {logging_mixin.py:120} INFO - [2023-03-11T03:28:20.639+0000] {dag.py:2585} INFO - Sync 1 DAGs
[2023-03-11T03:28:20.654+0000] {logging_mixin.py:120} INFO - [2023-03-11T03:28:20.654+0000] {dag.py:3340} INFO - Setting next_dagrun for latest_only_with_trigger to 2023-03-10T23:28:20.654522+00:00, run_after=2023-03-11T03:28:20.654522+00:00
[2023-03-11T03:28:20.666+0000] {processor.py:176} INFO - Processing /home/airflow/.local/lib/python3.7/site-packages/airflow/example_dags/example_latest_only_with_trigger.py took 0.070 seconds
[2023-03-11T04:35:23.445+0000] {processor.py:154} INFO - Started process (PID=35338) to work on /home/airflow/.local/lib/python3.7/site-packages/airflow/example_dags/example_latest_only_with_trigger.py
[2023-03-11T04:35:23.447+0000] {processor.py:756} INFO - Processing file /home/airflow/.local/lib/python3.7/site-packages/airflow/example_dags/example_latest_only_with_trigger.py for tasks to queue
[2023-03-11T04:35:23.448+0000] {logging_mixin.py:120} INFO - [2023-03-11T04:35:23.448+0000] {dagbag.py:537} INFO - Filling up the DagBag from /home/airflow/.local/lib/python3.7/site-packages/airflow/example_dags/example_latest_only_with_trigger.py
[2023-03-11T04:35:23.461+0000] {processor.py:766} INFO - DAG(s) dict_keys(['latest_only_with_trigger']) retrieved from /home/airflow/.local/lib/python3.7/site-packages/airflow/example_dags/example_latest_only_with_trigger.py
[2023-03-11T04:35:23.494+0000] {logging_mixin.py:120} INFO - [2023-03-11T04:35:23.494+0000] {dag.py:2585} INFO - Sync 1 DAGs
[2023-03-11T04:35:23.531+0000] {logging_mixin.py:120} INFO - [2023-03-11T04:35:23.531+0000] {dag.py:3340} INFO - Setting next_dagrun for latest_only_with_trigger to 2023-03-11T00:35:23.531051+00:00, run_after=2023-03-11T04:35:23.531051+00:00
[2023-03-11T04:35:23.560+0000] {processor.py:176} INFO - Processing /home/airflow/.local/lib/python3.7/site-packages/airflow/example_dags/example_latest_only_with_trigger.py took 0.119 seconds
[2023-03-11T05:41:13.410+0000] {processor.py:154} INFO - Started process (PID=35401) to work on /home/airflow/.local/lib/python3.7/site-packages/airflow/example_dags/example_latest_only_with_trigger.py
[2023-03-11T05:41:13.411+0000] {processor.py:756} INFO - Processing file /home/airflow/.local/lib/python3.7/site-packages/airflow/example_dags/example_latest_only_with_trigger.py for tasks to queue
[2023-03-11T05:41:13.412+0000] {logging_mixin.py:120} INFO - [2023-03-11T05:41:13.412+0000] {dagbag.py:537} INFO - Filling up the DagBag from /home/airflow/.local/lib/python3.7/site-packages/airflow/example_dags/example_latest_only_with_trigger.py
[2023-03-11T05:41:13.422+0000] {processor.py:766} INFO - DAG(s) dict_keys(['latest_only_with_trigger']) retrieved from /home/airflow/.local/lib/python3.7/site-packages/airflow/example_dags/example_latest_only_with_trigger.py
[2023-03-11T05:41:13.449+0000] {logging_mixin.py:120} INFO - [2023-03-11T05:41:13.449+0000] {dag.py:2585} INFO - Sync 1 DAGs
[2023-03-11T05:41:13.463+0000] {logging_mixin.py:120} INFO - [2023-03-11T05:41:13.463+0000] {dag.py:3340} INFO - Setting next_dagrun for latest_only_with_trigger to 2023-03-11T01:41:13.463331+00:00, run_after=2023-03-11T05:41:13.463331+00:00
[2023-03-11T05:41:13.475+0000] {processor.py:176} INFO - Processing /home/airflow/.local/lib/python3.7/site-packages/airflow/example_dags/example_latest_only_with_trigger.py took 0.067 seconds
[2023-03-11T06:48:02.063+0000] {processor.py:154} INFO - Started process (PID=35464) to work on /home/airflow/.local/lib/python3.7/site-packages/airflow/example_dags/example_latest_only_with_trigger.py
[2023-03-11T06:48:02.067+0000] {processor.py:756} INFO - Processing file /home/airflow/.local/lib/python3.7/site-packages/airflow/example_dags/example_latest_only_with_trigger.py for tasks to queue
[2023-03-11T06:48:02.068+0000] {logging_mixin.py:120} INFO - [2023-03-11T06:48:02.068+0000] {dagbag.py:537} INFO - Filling up the DagBag from /home/airflow/.local/lib/python3.7/site-packages/airflow/example_dags/example_latest_only_with_trigger.py
[2023-03-11T06:48:02.085+0000] {processor.py:766} INFO - DAG(s) dict_keys(['latest_only_with_trigger']) retrieved from /home/airflow/.local/lib/python3.7/site-packages/airflow/example_dags/example_latest_only_with_trigger.py
[2023-03-11T06:48:02.144+0000] {logging_mixin.py:120} INFO - [2023-03-11T06:48:02.144+0000] {dag.py:2585} INFO - Sync 1 DAGs
[2023-03-11T06:48:02.171+0000] {logging_mixin.py:120} INFO - [2023-03-11T06:48:02.171+0000] {dag.py:3340} INFO - Setting next_dagrun for latest_only_with_trigger to 2023-03-11T02:48:02.170782+00:00, run_after=2023-03-11T06:48:02.170782+00:00
[2023-03-11T06:48:02.192+0000] {processor.py:176} INFO - Processing /home/airflow/.local/lib/python3.7/site-packages/airflow/example_dags/example_latest_only_with_trigger.py took 0.132 seconds
[2023-03-11T07:54:05.149+0000] {processor.py:154} INFO - Started process (PID=35518) to work on /home/airflow/.local/lib/python3.7/site-packages/airflow/example_dags/example_latest_only_with_trigger.py
[2023-03-11T07:54:05.156+0000] {processor.py:756} INFO - Processing file /home/airflow/.local/lib/python3.7/site-packages/airflow/example_dags/example_latest_only_with_trigger.py for tasks to queue
[2023-03-11T07:54:05.157+0000] {logging_mixin.py:120} INFO - [2023-03-11T07:54:05.157+0000] {dagbag.py:537} INFO - Filling up the DagBag from /home/airflow/.local/lib/python3.7/site-packages/airflow/example_dags/example_latest_only_with_trigger.py
[2023-03-11T07:54:05.181+0000] {processor.py:766} INFO - DAG(s) dict_keys(['latest_only_with_trigger']) retrieved from /home/airflow/.local/lib/python3.7/site-packages/airflow/example_dags/example_latest_only_with_trigger.py
[2023-03-11T07:54:05.246+0000] {logging_mixin.py:120} INFO - [2023-03-11T07:54:05.246+0000] {dag.py:2585} INFO - Sync 1 DAGs
[2023-03-11T07:54:05.272+0000] {logging_mixin.py:120} INFO - [2023-03-11T07:54:05.272+0000] {dag.py:3340} INFO - Setting next_dagrun for latest_only_with_trigger to 2023-03-11T03:54:05.271898+00:00, run_after=2023-03-11T07:54:05.271898+00:00
[2023-03-11T07:54:05.286+0000] {processor.py:176} INFO - Processing /home/airflow/.local/lib/python3.7/site-packages/airflow/example_dags/example_latest_only_with_trigger.py took 0.146 seconds
[2023-03-11T09:00:23.308+0000] {processor.py:154} INFO - Started process (PID=35581) to work on /home/airflow/.local/lib/python3.7/site-packages/airflow/example_dags/example_latest_only_with_trigger.py
[2023-03-11T09:00:23.310+0000] {processor.py:756} INFO - Processing file /home/airflow/.local/lib/python3.7/site-packages/airflow/example_dags/example_latest_only_with_trigger.py for tasks to queue
[2023-03-11T09:00:23.311+0000] {logging_mixin.py:120} INFO - [2023-03-11T09:00:23.311+0000] {dagbag.py:537} INFO - Filling up the DagBag from /home/airflow/.local/lib/python3.7/site-packages/airflow/example_dags/example_latest_only_with_trigger.py
[2023-03-11T09:00:23.332+0000] {processor.py:766} INFO - DAG(s) dict_keys(['latest_only_with_trigger']) retrieved from /home/airflow/.local/lib/python3.7/site-packages/airflow/example_dags/example_latest_only_with_trigger.py
[2023-03-11T09:00:23.394+0000] {logging_mixin.py:120} INFO - [2023-03-11T09:00:23.394+0000] {dag.py:2585} INFO - Sync 1 DAGs
[2023-03-11T09:00:23.415+0000] {logging_mixin.py:120} INFO - [2023-03-11T09:00:23.414+0000] {dag.py:3340} INFO - Setting next_dagrun for latest_only_with_trigger to 2023-03-11T05:00:23.414791+00:00, run_after=2023-03-11T09:00:23.414791+00:00
[2023-03-11T09:00:23.435+0000] {processor.py:176} INFO - Processing /home/airflow/.local/lib/python3.7/site-packages/airflow/example_dags/example_latest_only_with_trigger.py took 0.131 seconds
[2023-03-11T10:06:55.926+0000] {processor.py:154} INFO - Started process (PID=35644) to work on /home/airflow/.local/lib/python3.7/site-packages/airflow/example_dags/example_latest_only_with_trigger.py
[2023-03-11T10:06:55.927+0000] {processor.py:756} INFO - Processing file /home/airflow/.local/lib/python3.7/site-packages/airflow/example_dags/example_latest_only_with_trigger.py for tasks to queue
[2023-03-11T10:06:55.929+0000] {logging_mixin.py:120} INFO - [2023-03-11T10:06:55.929+0000] {dagbag.py:537} INFO - Filling up the DagBag from /home/airflow/.local/lib/python3.7/site-packages/airflow/example_dags/example_latest_only_with_trigger.py
[2023-03-11T10:06:55.942+0000] {processor.py:766} INFO - DAG(s) dict_keys(['latest_only_with_trigger']) retrieved from /home/airflow/.local/lib/python3.7/site-packages/airflow/example_dags/example_latest_only_with_trigger.py
[2023-03-11T10:06:56.014+0000] {logging_mixin.py:120} INFO - [2023-03-11T10:06:56.014+0000] {dag.py:2585} INFO - Sync 1 DAGs
[2023-03-11T10:06:56.049+0000] {logging_mixin.py:120} INFO - [2023-03-11T10:06:56.049+0000] {dag.py:3340} INFO - Setting next_dagrun for latest_only_with_trigger to 2023-03-11T06:06:56.049178+00:00, run_after=2023-03-11T10:06:56.049178+00:00
[2023-03-11T10:06:56.072+0000] {processor.py:176} INFO - Processing /home/airflow/.local/lib/python3.7/site-packages/airflow/example_dags/example_latest_only_with_trigger.py took 0.152 seconds
[2023-03-11T11:31:08.999+0000] {processor.py:154} INFO - Started process (PID=35707) to work on /home/airflow/.local/lib/python3.7/site-packages/airflow/example_dags/example_latest_only_with_trigger.py
[2023-03-11T11:31:09.004+0000] {processor.py:756} INFO - Processing file /home/airflow/.local/lib/python3.7/site-packages/airflow/example_dags/example_latest_only_with_trigger.py for tasks to queue
[2023-03-11T11:31:09.007+0000] {logging_mixin.py:120} INFO - [2023-03-11T11:31:09.007+0000] {dagbag.py:537} INFO - Filling up the DagBag from /home/airflow/.local/lib/python3.7/site-packages/airflow/example_dags/example_latest_only_with_trigger.py
[2023-03-11T11:31:09.032+0000] {processor.py:766} INFO - DAG(s) dict_keys(['latest_only_with_trigger']) retrieved from /home/airflow/.local/lib/python3.7/site-packages/airflow/example_dags/example_latest_only_with_trigger.py
[2023-03-11T11:31:09.088+0000] {logging_mixin.py:120} INFO - [2023-03-11T11:31:09.088+0000] {dag.py:2585} INFO - Sync 1 DAGs
[2023-03-11T11:31:09.113+0000] {logging_mixin.py:120} INFO - [2023-03-11T11:31:09.113+0000] {dag.py:3340} INFO - Setting next_dagrun for latest_only_with_trigger to 2023-03-11T07:31:09.113466+00:00, run_after=2023-03-11T11:31:09.113466+00:00
[2023-03-11T11:31:09.132+0000] {processor.py:176} INFO - Processing /home/airflow/.local/lib/python3.7/site-packages/airflow/example_dags/example_latest_only_with_trigger.py took 0.138 seconds
[2023-03-11T12:37:39.289+0000] {processor.py:154} INFO - Started process (PID=35770) to work on /home/airflow/.local/lib/python3.7/site-packages/airflow/example_dags/example_latest_only_with_trigger.py
[2023-03-11T12:37:39.294+0000] {processor.py:756} INFO - Processing file /home/airflow/.local/lib/python3.7/site-packages/airflow/example_dags/example_latest_only_with_trigger.py for tasks to queue
[2023-03-11T12:37:39.295+0000] {logging_mixin.py:120} INFO - [2023-03-11T12:37:39.295+0000] {dagbag.py:537} INFO - Filling up the DagBag from /home/airflow/.local/lib/python3.7/site-packages/airflow/example_dags/example_latest_only_with_trigger.py
[2023-03-11T12:37:39.325+0000] {processor.py:766} INFO - DAG(s) dict_keys(['latest_only_with_trigger']) retrieved from /home/airflow/.local/lib/python3.7/site-packages/airflow/example_dags/example_latest_only_with_trigger.py
[2023-03-11T12:37:39.388+0000] {logging_mixin.py:120} INFO - [2023-03-11T12:37:39.388+0000] {dag.py:2585} INFO - Sync 1 DAGs
[2023-03-11T12:37:39.413+0000] {logging_mixin.py:120} INFO - [2023-03-11T12:37:39.413+0000] {dag.py:3340} INFO - Setting next_dagrun for latest_only_with_trigger to 2023-03-11T08:37:39.412736+00:00, run_after=2023-03-11T12:37:39.412736+00:00
[2023-03-11T12:37:39.437+0000] {processor.py:176} INFO - Processing /home/airflow/.local/lib/python3.7/site-packages/airflow/example_dags/example_latest_only_with_trigger.py took 0.151 seconds
[2023-03-11T13:38:00.032+0000] {processor.py:154} INFO - Started process (PID=35824) to work on /home/airflow/.local/lib/python3.7/site-packages/airflow/example_dags/example_latest_only_with_trigger.py
[2023-03-11T13:38:00.033+0000] {processor.py:756} INFO - Processing file /home/airflow/.local/lib/python3.7/site-packages/airflow/example_dags/example_latest_only_with_trigger.py for tasks to queue
[2023-03-11T13:38:00.034+0000] {logging_mixin.py:120} INFO - [2023-03-11T13:38:00.034+0000] {dagbag.py:537} INFO - Filling up the DagBag from /home/airflow/.local/lib/python3.7/site-packages/airflow/example_dags/example_latest_only_with_trigger.py
[2023-03-11T13:38:00.045+0000] {processor.py:766} INFO - DAG(s) dict_keys(['latest_only_with_trigger']) retrieved from /home/airflow/.local/lib/python3.7/site-packages/airflow/example_dags/example_latest_only_with_trigger.py
[2023-03-11T13:38:00.074+0000] {logging_mixin.py:120} INFO - [2023-03-11T13:38:00.074+0000] {dag.py:2585} INFO - Sync 1 DAGs
[2023-03-11T13:38:00.089+0000] {logging_mixin.py:120} INFO - [2023-03-11T13:38:00.089+0000] {dag.py:3340} INFO - Setting next_dagrun for latest_only_with_trigger to 2023-03-11T09:38:00.089098+00:00, run_after=2023-03-11T13:38:00.089098+00:00
[2023-03-11T13:38:00.100+0000] {processor.py:176} INFO - Processing /home/airflow/.local/lib/python3.7/site-packages/airflow/example_dags/example_latest_only_with_trigger.py took 0.071 seconds
[2023-03-11T14:47:58.089+0000] {processor.py:154} INFO - Started process (PID=35886) to work on /home/airflow/.local/lib/python3.7/site-packages/airflow/example_dags/example_latest_only_with_trigger.py
[2023-03-11T14:47:58.091+0000] {processor.py:756} INFO - Processing file /home/airflow/.local/lib/python3.7/site-packages/airflow/example_dags/example_latest_only_with_trigger.py for tasks to queue
[2023-03-11T14:47:58.092+0000] {logging_mixin.py:120} INFO - [2023-03-11T14:47:58.092+0000] {dagbag.py:537} INFO - Filling up the DagBag from /home/airflow/.local/lib/python3.7/site-packages/airflow/example_dags/example_latest_only_with_trigger.py
[2023-03-11T14:47:58.123+0000] {processor.py:766} INFO - DAG(s) dict_keys(['latest_only_with_trigger']) retrieved from /home/airflow/.local/lib/python3.7/site-packages/airflow/example_dags/example_latest_only_with_trigger.py
[2023-03-11T14:47:58.176+0000] {logging_mixin.py:120} INFO - [2023-03-11T14:47:58.176+0000] {dag.py:2585} INFO - Sync 1 DAGs
[2023-03-11T14:47:58.202+0000] {logging_mixin.py:120} INFO - [2023-03-11T14:47:58.202+0000] {dag.py:3340} INFO - Setting next_dagrun for latest_only_with_trigger to 2023-03-11T10:47:58.202633+00:00, run_after=2023-03-11T14:47:58.202633+00:00
[2023-03-11T14:47:58.222+0000] {processor.py:176} INFO - Processing /home/airflow/.local/lib/python3.7/site-packages/airflow/example_dags/example_latest_only_with_trigger.py took 0.137 seconds
[2023-03-11T16:07:40.221+0000] {processor.py:154} INFO - Started process (PID=35949) to work on /home/airflow/.local/lib/python3.7/site-packages/airflow/example_dags/example_latest_only_with_trigger.py
[2023-03-11T16:07:40.226+0000] {processor.py:756} INFO - Processing file /home/airflow/.local/lib/python3.7/site-packages/airflow/example_dags/example_latest_only_with_trigger.py for tasks to queue
[2023-03-11T16:07:40.227+0000] {logging_mixin.py:120} INFO - [2023-03-11T16:07:40.227+0000] {dagbag.py:537} INFO - Filling up the DagBag from /home/airflow/.local/lib/python3.7/site-packages/airflow/example_dags/example_latest_only_with_trigger.py
[2023-03-11T16:07:40.250+0000] {processor.py:766} INFO - DAG(s) dict_keys(['latest_only_with_trigger']) retrieved from /home/airflow/.local/lib/python3.7/site-packages/airflow/example_dags/example_latest_only_with_trigger.py
[2023-03-11T16:07:40.291+0000] {logging_mixin.py:120} INFO - [2023-03-11T16:07:40.291+0000] {dag.py:2585} INFO - Sync 1 DAGs
[2023-03-11T16:07:40.320+0000] {logging_mixin.py:120} INFO - [2023-03-11T16:07:40.320+0000] {dag.py:3340} INFO - Setting next_dagrun for latest_only_with_trigger to 2023-03-11T12:07:40.320312+00:00, run_after=2023-03-11T16:07:40.320312+00:00
[2023-03-11T16:07:40.335+0000] {processor.py:176} INFO - Processing /home/airflow/.local/lib/python3.7/site-packages/airflow/example_dags/example_latest_only_with_trigger.py took 0.120 seconds
[2023-03-11T17:14:05.055+0000] {processor.py:154} INFO - Started process (PID=36012) to work on /home/airflow/.local/lib/python3.7/site-packages/airflow/example_dags/example_latest_only_with_trigger.py
[2023-03-11T17:14:05.059+0000] {processor.py:756} INFO - Processing file /home/airflow/.local/lib/python3.7/site-packages/airflow/example_dags/example_latest_only_with_trigger.py for tasks to queue
[2023-03-11T17:14:05.060+0000] {logging_mixin.py:120} INFO - [2023-03-11T17:14:05.060+0000] {dagbag.py:537} INFO - Filling up the DagBag from /home/airflow/.local/lib/python3.7/site-packages/airflow/example_dags/example_latest_only_with_trigger.py
[2023-03-11T17:14:05.076+0000] {processor.py:766} INFO - DAG(s) dict_keys(['latest_only_with_trigger']) retrieved from /home/airflow/.local/lib/python3.7/site-packages/airflow/example_dags/example_latest_only_with_trigger.py
[2023-03-11T17:14:05.119+0000] {logging_mixin.py:120} INFO - [2023-03-11T17:14:05.119+0000] {dag.py:2585} INFO - Sync 1 DAGs
[2023-03-11T17:14:05.142+0000] {logging_mixin.py:120} INFO - [2023-03-11T17:14:05.142+0000] {dag.py:3340} INFO - Setting next_dagrun for latest_only_with_trigger to 2023-03-11T13:14:05.142360+00:00, run_after=2023-03-11T17:14:05.142360+00:00
[2023-03-11T17:14:05.164+0000] {processor.py:176} INFO - Processing /home/airflow/.local/lib/python3.7/site-packages/airflow/example_dags/example_latest_only_with_trigger.py took 0.113 seconds
[2023-03-11T18:22:29.084+0000] {processor.py:154} INFO - Started process (PID=36066) to work on /home/airflow/.local/lib/python3.7/site-packages/airflow/example_dags/example_latest_only_with_trigger.py
[2023-03-11T18:22:29.086+0000] {processor.py:756} INFO - Processing file /home/airflow/.local/lib/python3.7/site-packages/airflow/example_dags/example_latest_only_with_trigger.py for tasks to queue
[2023-03-11T18:22:29.087+0000] {logging_mixin.py:120} INFO - [2023-03-11T18:22:29.087+0000] {dagbag.py:537} INFO - Filling up the DagBag from /home/airflow/.local/lib/python3.7/site-packages/airflow/example_dags/example_latest_only_with_trigger.py
[2023-03-11T18:22:29.115+0000] {processor.py:766} INFO - DAG(s) dict_keys(['latest_only_with_trigger']) retrieved from /home/airflow/.local/lib/python3.7/site-packages/airflow/example_dags/example_latest_only_with_trigger.py
[2023-03-11T18:22:29.183+0000] {logging_mixin.py:120} INFO - [2023-03-11T18:22:29.182+0000] {dag.py:2585} INFO - Sync 1 DAGs
[2023-03-11T18:22:29.208+0000] {logging_mixin.py:120} INFO - [2023-03-11T18:22:29.208+0000] {dag.py:3340} INFO - Setting next_dagrun for latest_only_with_trigger to 2023-03-11T14:22:29.207852+00:00, run_after=2023-03-11T18:22:29.207852+00:00
[2023-03-11T18:22:29.227+0000] {processor.py:176} INFO - Processing /home/airflow/.local/lib/python3.7/site-packages/airflow/example_dags/example_latest_only_with_trigger.py took 0.151 seconds
[2023-03-11T19:27:35.293+0000] {processor.py:154} INFO - Started process (PID=36128) to work on /home/airflow/.local/lib/python3.7/site-packages/airflow/example_dags/example_latest_only_with_trigger.py
[2023-03-11T19:27:35.300+0000] {processor.py:756} INFO - Processing file /home/airflow/.local/lib/python3.7/site-packages/airflow/example_dags/example_latest_only_with_trigger.py for tasks to queue
[2023-03-11T19:27:35.305+0000] {logging_mixin.py:120} INFO - [2023-03-11T19:27:35.305+0000] {dagbag.py:537} INFO - Filling up the DagBag from /home/airflow/.local/lib/python3.7/site-packages/airflow/example_dags/example_latest_only_with_trigger.py
[2023-03-11T19:27:35.332+0000] {processor.py:766} INFO - DAG(s) dict_keys(['latest_only_with_trigger']) retrieved from /home/airflow/.local/lib/python3.7/site-packages/airflow/example_dags/example_latest_only_with_trigger.py
[2023-03-11T19:27:35.394+0000] {logging_mixin.py:120} INFO - [2023-03-11T19:27:35.394+0000] {dag.py:2585} INFO - Sync 1 DAGs
[2023-03-11T19:27:35.420+0000] {logging_mixin.py:120} INFO - [2023-03-11T19:27:35.420+0000] {dag.py:3340} INFO - Setting next_dagrun for latest_only_with_trigger to 2023-03-11T15:27:35.420316+00:00, run_after=2023-03-11T19:27:35.420316+00:00
[2023-03-11T19:27:35.440+0000] {processor.py:176} INFO - Processing /home/airflow/.local/lib/python3.7/site-packages/airflow/example_dags/example_latest_only_with_trigger.py took 0.150 seconds
[2023-03-11T20:33:20.971+0000] {processor.py:154} INFO - Started process (PID=36191) to work on /home/airflow/.local/lib/python3.7/site-packages/airflow/example_dags/example_latest_only_with_trigger.py
[2023-03-11T20:33:20.975+0000] {processor.py:756} INFO - Processing file /home/airflow/.local/lib/python3.7/site-packages/airflow/example_dags/example_latest_only_with_trigger.py for tasks to queue
[2023-03-11T20:33:20.976+0000] {logging_mixin.py:120} INFO - [2023-03-11T20:33:20.976+0000] {dagbag.py:537} INFO - Filling up the DagBag from /home/airflow/.local/lib/python3.7/site-packages/airflow/example_dags/example_latest_only_with_trigger.py
[2023-03-11T20:33:20.994+0000] {processor.py:766} INFO - DAG(s) dict_keys(['latest_only_with_trigger']) retrieved from /home/airflow/.local/lib/python3.7/site-packages/airflow/example_dags/example_latest_only_with_trigger.py
[2023-03-11T20:33:21.032+0000] {logging_mixin.py:120} INFO - [2023-03-11T20:33:21.032+0000] {dag.py:2585} INFO - Sync 1 DAGs
[2023-03-11T20:33:21.049+0000] {logging_mixin.py:120} INFO - [2023-03-11T20:33:21.049+0000] {dag.py:3340} INFO - Setting next_dagrun for latest_only_with_trigger to 2023-03-11T16:33:21.049039+00:00, run_after=2023-03-11T20:33:21.049039+00:00
[2023-03-11T20:33:21.068+0000] {processor.py:176} INFO - Processing /home/airflow/.local/lib/python3.7/site-packages/airflow/example_dags/example_latest_only_with_trigger.py took 0.099 seconds
[2023-03-11T21:49:20.134+0000] {processor.py:154} INFO - Started process (PID=36254) to work on /home/airflow/.local/lib/python3.7/site-packages/airflow/example_dags/example_latest_only_with_trigger.py
[2023-03-11T21:49:20.135+0000] {processor.py:756} INFO - Processing file /home/airflow/.local/lib/python3.7/site-packages/airflow/example_dags/example_latest_only_with_trigger.py for tasks to queue
[2023-03-11T21:49:20.136+0000] {logging_mixin.py:120} INFO - [2023-03-11T21:49:20.136+0000] {dagbag.py:537} INFO - Filling up the DagBag from /home/airflow/.local/lib/python3.7/site-packages/airflow/example_dags/example_latest_only_with_trigger.py
[2023-03-11T21:49:20.147+0000] {processor.py:766} INFO - DAG(s) dict_keys(['latest_only_with_trigger']) retrieved from /home/airflow/.local/lib/python3.7/site-packages/airflow/example_dags/example_latest_only_with_trigger.py
[2023-03-11T21:49:20.177+0000] {logging_mixin.py:120} INFO - [2023-03-11T21:49:20.177+0000] {dag.py:2585} INFO - Sync 1 DAGs
[2023-03-11T21:49:20.193+0000] {logging_mixin.py:120} INFO - [2023-03-11T21:49:20.193+0000] {dag.py:3340} INFO - Setting next_dagrun for latest_only_with_trigger to 2023-03-11T17:49:20.193027+00:00, run_after=2023-03-11T21:49:20.193027+00:00
[2023-03-11T21:49:20.205+0000] {processor.py:176} INFO - Processing /home/airflow/.local/lib/python3.7/site-packages/airflow/example_dags/example_latest_only_with_trigger.py took 0.075 seconds
[2023-03-11T22:58:02.313+0000] {processor.py:154} INFO - Started process (PID=36317) to work on /home/airflow/.local/lib/python3.7/site-packages/airflow/example_dags/example_latest_only_with_trigger.py
[2023-03-11T22:58:02.316+0000] {processor.py:756} INFO - Processing file /home/airflow/.local/lib/python3.7/site-packages/airflow/example_dags/example_latest_only_with_trigger.py for tasks to queue
[2023-03-11T22:58:02.317+0000] {logging_mixin.py:120} INFO - [2023-03-11T22:58:02.316+0000] {dagbag.py:537} INFO - Filling up the DagBag from /home/airflow/.local/lib/python3.7/site-packages/airflow/example_dags/example_latest_only_with_trigger.py
[2023-03-11T22:58:02.330+0000] {processor.py:766} INFO - DAG(s) dict_keys(['latest_only_with_trigger']) retrieved from /home/airflow/.local/lib/python3.7/site-packages/airflow/example_dags/example_latest_only_with_trigger.py
[2023-03-11T22:58:02.379+0000] {logging_mixin.py:120} INFO - [2023-03-11T22:58:02.379+0000] {dag.py:2585} INFO - Sync 1 DAGs
[2023-03-11T22:58:02.407+0000] {logging_mixin.py:120} INFO - [2023-03-11T22:58:02.407+0000] {dag.py:3340} INFO - Setting next_dagrun for latest_only_with_trigger to 2023-03-11T18:58:02.407089+00:00, run_after=2023-03-11T22:58:02.407089+00:00
[2023-03-11T22:58:02.429+0000] {processor.py:176} INFO - Processing /home/airflow/.local/lib/python3.7/site-packages/airflow/example_dags/example_latest_only_with_trigger.py took 0.124 seconds
