[2023-03-11T00:06:56.091+0000] {processor.py:154} INFO - Started process (PID=35113) to work on /home/airflow/.local/lib/python3.7/site-packages/airflow/example_dags/example_task_group_decorator.py
[2023-03-11T00:06:56.095+0000] {processor.py:756} INFO - Processing file /home/airflow/.local/lib/python3.7/site-packages/airflow/example_dags/example_task_group_decorator.py for tasks to queue
[2023-03-11T00:06:56.096+0000] {logging_mixin.py:120} INFO - [2023-03-11T00:06:56.096+0000] {dagbag.py:537} INFO - Filling up the DagBag from /home/airflow/.local/lib/python3.7/site-packages/airflow/example_dags/example_task_group_decorator.py
[2023-03-11T00:06:56.121+0000] {processor.py:766} INFO - DAG(s) dict_keys(['example_task_group_decorator']) retrieved from /home/airflow/.local/lib/python3.7/site-packages/airflow/example_dags/example_task_group_decorator.py
[2023-03-11T00:06:56.169+0000] {logging_mixin.py:120} INFO - [2023-03-11T00:06:56.169+0000] {dag.py:2585} INFO - Sync 1 DAGs
[2023-03-11T00:06:56.190+0000] {logging_mixin.py:120} INFO - [2023-03-11T00:06:56.190+0000] {dag.py:3340} INFO - Setting next_dagrun for example_task_group_decorator to 2023-03-10T00:06:56.190280+00:00, run_after=2023-03-11T00:06:56.190280+00:00
[2023-03-11T00:06:56.205+0000] {processor.py:176} INFO - Processing /home/airflow/.local/lib/python3.7/site-packages/airflow/example_dags/example_task_group_decorator.py took 0.117 seconds
[2023-03-11T01:13:27.800+0000] {processor.py:154} INFO - Started process (PID=35176) to work on /home/airflow/.local/lib/python3.7/site-packages/airflow/example_dags/example_task_group_decorator.py
[2023-03-11T01:13:27.804+0000] {processor.py:756} INFO - Processing file /home/airflow/.local/lib/python3.7/site-packages/airflow/example_dags/example_task_group_decorator.py for tasks to queue
[2023-03-11T01:13:27.805+0000] {logging_mixin.py:120} INFO - [2023-03-11T01:13:27.805+0000] {dagbag.py:537} INFO - Filling up the DagBag from /home/airflow/.local/lib/python3.7/site-packages/airflow/example_dags/example_task_group_decorator.py
[2023-03-11T01:13:27.829+0000] {processor.py:766} INFO - DAG(s) dict_keys(['example_task_group_decorator']) retrieved from /home/airflow/.local/lib/python3.7/site-packages/airflow/example_dags/example_task_group_decorator.py
[2023-03-11T01:13:27.886+0000] {logging_mixin.py:120} INFO - [2023-03-11T01:13:27.886+0000] {dag.py:2585} INFO - Sync 1 DAGs
[2023-03-11T01:13:27.911+0000] {logging_mixin.py:120} INFO - [2023-03-11T01:13:27.911+0000] {dag.py:3340} INFO - Setting next_dagrun for example_task_group_decorator to 2023-03-10T01:13:27.911016+00:00, run_after=2023-03-11T01:13:27.911016+00:00
[2023-03-11T01:13:27.928+0000] {processor.py:176} INFO - Processing /home/airflow/.local/lib/python3.7/site-packages/airflow/example_dags/example_task_group_decorator.py took 0.131 seconds
[2023-03-11T02:21:50.959+0000] {processor.py:154} INFO - Started process (PID=35240) to work on /home/airflow/.local/lib/python3.7/site-packages/airflow/example_dags/example_task_group_decorator.py
[2023-03-11T02:21:50.968+0000] {processor.py:756} INFO - Processing file /home/airflow/.local/lib/python3.7/site-packages/airflow/example_dags/example_task_group_decorator.py for tasks to queue
[2023-03-11T02:21:50.969+0000] {logging_mixin.py:120} INFO - [2023-03-11T02:21:50.969+0000] {dagbag.py:537} INFO - Filling up the DagBag from /home/airflow/.local/lib/python3.7/site-packages/airflow/example_dags/example_task_group_decorator.py
[2023-03-11T02:21:51.001+0000] {processor.py:766} INFO - DAG(s) dict_keys(['example_task_group_decorator']) retrieved from /home/airflow/.local/lib/python3.7/site-packages/airflow/example_dags/example_task_group_decorator.py
[2023-03-11T02:21:51.042+0000] {logging_mixin.py:120} INFO - [2023-03-11T02:21:51.042+0000] {dag.py:2585} INFO - Sync 1 DAGs
[2023-03-11T02:21:51.070+0000] {logging_mixin.py:120} INFO - [2023-03-11T02:21:51.069+0000] {dag.py:3340} INFO - Setting next_dagrun for example_task_group_decorator to 2023-03-10T02:21:51.069757+00:00, run_after=2023-03-11T02:21:51.069757+00:00
[2023-03-11T02:21:51.088+0000] {processor.py:176} INFO - Processing /home/airflow/.local/lib/python3.7/site-packages/airflow/example_dags/example_task_group_decorator.py took 0.136 seconds
[2023-03-11T03:28:22.645+0000] {processor.py:154} INFO - Started process (PID=35302) to work on /home/airflow/.local/lib/python3.7/site-packages/airflow/example_dags/example_task_group_decorator.py
[2023-03-11T03:28:22.649+0000] {processor.py:756} INFO - Processing file /home/airflow/.local/lib/python3.7/site-packages/airflow/example_dags/example_task_group_decorator.py for tasks to queue
[2023-03-11T03:28:22.651+0000] {logging_mixin.py:120} INFO - [2023-03-11T03:28:22.650+0000] {dagbag.py:537} INFO - Filling up the DagBag from /home/airflow/.local/lib/python3.7/site-packages/airflow/example_dags/example_task_group_decorator.py
[2023-03-11T03:28:22.690+0000] {processor.py:766} INFO - DAG(s) dict_keys(['example_task_group_decorator']) retrieved from /home/airflow/.local/lib/python3.7/site-packages/airflow/example_dags/example_task_group_decorator.py
[2023-03-11T03:28:22.773+0000] {logging_mixin.py:120} INFO - [2023-03-11T03:28:22.773+0000] {dag.py:2585} INFO - Sync 1 DAGs
[2023-03-11T03:28:22.805+0000] {logging_mixin.py:120} INFO - [2023-03-11T03:28:22.805+0000] {dag.py:3340} INFO - Setting next_dagrun for example_task_group_decorator to 2023-03-10T03:28:22.804888+00:00, run_after=2023-03-11T03:28:22.804888+00:00
[2023-03-11T03:28:22.856+0000] {processor.py:176} INFO - Processing /home/airflow/.local/lib/python3.7/site-packages/airflow/example_dags/example_task_group_decorator.py took 0.214 seconds
[2023-03-11T04:35:25.181+0000] {processor.py:154} INFO - Started process (PID=35358) to work on /home/airflow/.local/lib/python3.7/site-packages/airflow/example_dags/example_task_group_decorator.py
[2023-03-11T04:35:25.183+0000] {processor.py:756} INFO - Processing file /home/airflow/.local/lib/python3.7/site-packages/airflow/example_dags/example_task_group_decorator.py for tasks to queue
[2023-03-11T04:35:25.183+0000] {logging_mixin.py:120} INFO - [2023-03-11T04:35:25.183+0000] {dagbag.py:537} INFO - Filling up the DagBag from /home/airflow/.local/lib/python3.7/site-packages/airflow/example_dags/example_task_group_decorator.py
[2023-03-11T04:35:25.212+0000] {processor.py:766} INFO - DAG(s) dict_keys(['example_task_group_decorator']) retrieved from /home/airflow/.local/lib/python3.7/site-packages/airflow/example_dags/example_task_group_decorator.py
[2023-03-11T04:35:25.251+0000] {logging_mixin.py:120} INFO - [2023-03-11T04:35:25.251+0000] {dag.py:2585} INFO - Sync 1 DAGs
[2023-03-11T04:35:25.281+0000] {logging_mixin.py:120} INFO - [2023-03-11T04:35:25.281+0000] {dag.py:3340} INFO - Setting next_dagrun for example_task_group_decorator to 2023-03-10T04:35:25.281164+00:00, run_after=2023-03-11T04:35:25.281164+00:00
[2023-03-11T04:35:25.304+0000] {processor.py:176} INFO - Processing /home/airflow/.local/lib/python3.7/site-packages/airflow/example_dags/example_task_group_decorator.py took 0.128 seconds
[2023-03-11T05:41:14.987+0000] {processor.py:154} INFO - Started process (PID=35421) to work on /home/airflow/.local/lib/python3.7/site-packages/airflow/example_dags/example_task_group_decorator.py
[2023-03-11T05:41:14.988+0000] {processor.py:756} INFO - Processing file /home/airflow/.local/lib/python3.7/site-packages/airflow/example_dags/example_task_group_decorator.py for tasks to queue
[2023-03-11T05:41:14.989+0000] {logging_mixin.py:120} INFO - [2023-03-11T05:41:14.989+0000] {dagbag.py:537} INFO - Filling up the DagBag from /home/airflow/.local/lib/python3.7/site-packages/airflow/example_dags/example_task_group_decorator.py
[2023-03-11T05:41:15.007+0000] {processor.py:766} INFO - DAG(s) dict_keys(['example_task_group_decorator']) retrieved from /home/airflow/.local/lib/python3.7/site-packages/airflow/example_dags/example_task_group_decorator.py
[2023-03-11T05:41:15.043+0000] {logging_mixin.py:120} INFO - [2023-03-11T05:41:15.043+0000] {dag.py:2585} INFO - Sync 1 DAGs
[2023-03-11T05:41:15.059+0000] {logging_mixin.py:120} INFO - [2023-03-11T05:41:15.059+0000] {dag.py:3340} INFO - Setting next_dagrun for example_task_group_decorator to 2023-03-10T05:41:15.059613+00:00, run_after=2023-03-11T05:41:15.059613+00:00
[2023-03-11T05:41:15.073+0000] {processor.py:176} INFO - Processing /home/airflow/.local/lib/python3.7/site-packages/airflow/example_dags/example_task_group_decorator.py took 0.089 seconds
[2023-03-11T06:48:03.809+0000] {processor.py:154} INFO - Started process (PID=35484) to work on /home/airflow/.local/lib/python3.7/site-packages/airflow/example_dags/example_task_group_decorator.py
[2023-03-11T06:48:03.810+0000] {processor.py:756} INFO - Processing file /home/airflow/.local/lib/python3.7/site-packages/airflow/example_dags/example_task_group_decorator.py for tasks to queue
[2023-03-11T06:48:03.811+0000] {logging_mixin.py:120} INFO - [2023-03-11T06:48:03.811+0000] {dagbag.py:537} INFO - Filling up the DagBag from /home/airflow/.local/lib/python3.7/site-packages/airflow/example_dags/example_task_group_decorator.py
[2023-03-11T06:48:03.829+0000] {processor.py:766} INFO - DAG(s) dict_keys(['example_task_group_decorator']) retrieved from /home/airflow/.local/lib/python3.7/site-packages/airflow/example_dags/example_task_group_decorator.py
[2023-03-11T06:48:03.859+0000] {logging_mixin.py:120} INFO - [2023-03-11T06:48:03.859+0000] {dag.py:2585} INFO - Sync 1 DAGs
[2023-03-11T06:48:03.875+0000] {logging_mixin.py:120} INFO - [2023-03-11T06:48:03.875+0000] {dag.py:3340} INFO - Setting next_dagrun for example_task_group_decorator to 2023-03-10T06:48:03.874839+00:00, run_after=2023-03-11T06:48:03.874839+00:00
[2023-03-11T06:48:03.894+0000] {processor.py:176} INFO - Processing /home/airflow/.local/lib/python3.7/site-packages/airflow/example_dags/example_task_group_decorator.py took 0.089 seconds
[2023-03-11T07:54:07.485+0000] {processor.py:154} INFO - Started process (PID=35547) to work on /home/airflow/.local/lib/python3.7/site-packages/airflow/example_dags/example_task_group_decorator.py
[2023-03-11T07:54:07.489+0000] {processor.py:756} INFO - Processing file /home/airflow/.local/lib/python3.7/site-packages/airflow/example_dags/example_task_group_decorator.py for tasks to queue
[2023-03-11T07:54:07.489+0000] {logging_mixin.py:120} INFO - [2023-03-11T07:54:07.489+0000] {dagbag.py:537} INFO - Filling up the DagBag from /home/airflow/.local/lib/python3.7/site-packages/airflow/example_dags/example_task_group_decorator.py
[2023-03-11T07:54:07.513+0000] {processor.py:766} INFO - DAG(s) dict_keys(['example_task_group_decorator']) retrieved from /home/airflow/.local/lib/python3.7/site-packages/airflow/example_dags/example_task_group_decorator.py
[2023-03-11T07:54:07.555+0000] {logging_mixin.py:120} INFO - [2023-03-11T07:54:07.555+0000] {dag.py:2585} INFO - Sync 1 DAGs
[2023-03-11T07:54:07.577+0000] {logging_mixin.py:120} INFO - [2023-03-11T07:54:07.577+0000] {dag.py:3340} INFO - Setting next_dagrun for example_task_group_decorator to 2023-03-10T07:54:07.577101+00:00, run_after=2023-03-11T07:54:07.577101+00:00
[2023-03-11T07:54:07.966+0000] {processor.py:176} INFO - Processing /home/airflow/.local/lib/python3.7/site-packages/airflow/example_dags/example_task_group_decorator.py took 0.483 seconds
[2023-03-11T09:00:25.442+0000] {processor.py:154} INFO - Started process (PID=35601) to work on /home/airflow/.local/lib/python3.7/site-packages/airflow/example_dags/example_task_group_decorator.py
[2023-03-11T09:00:25.444+0000] {processor.py:756} INFO - Processing file /home/airflow/.local/lib/python3.7/site-packages/airflow/example_dags/example_task_group_decorator.py for tasks to queue
[2023-03-11T09:00:25.445+0000] {logging_mixin.py:120} INFO - [2023-03-11T09:00:25.445+0000] {dagbag.py:537} INFO - Filling up the DagBag from /home/airflow/.local/lib/python3.7/site-packages/airflow/example_dags/example_task_group_decorator.py
[2023-03-11T09:00:25.475+0000] {processor.py:766} INFO - DAG(s) dict_keys(['example_task_group_decorator']) retrieved from /home/airflow/.local/lib/python3.7/site-packages/airflow/example_dags/example_task_group_decorator.py
[2023-03-11T09:00:25.520+0000] {logging_mixin.py:120} INFO - [2023-03-11T09:00:25.520+0000] {dag.py:2585} INFO - Sync 1 DAGs
[2023-03-11T09:00:25.542+0000] {logging_mixin.py:120} INFO - [2023-03-11T09:00:25.542+0000] {dag.py:3340} INFO - Setting next_dagrun for example_task_group_decorator to 2023-03-10T09:00:25.542025+00:00, run_after=2023-03-11T09:00:25.542025+00:00
[2023-03-11T09:00:25.560+0000] {processor.py:176} INFO - Processing /home/airflow/.local/lib/python3.7/site-packages/airflow/example_dags/example_task_group_decorator.py took 0.120 seconds
[2023-03-11T10:06:57.798+0000] {processor.py:154} INFO - Started process (PID=35664) to work on /home/airflow/.local/lib/python3.7/site-packages/airflow/example_dags/example_task_group_decorator.py
[2023-03-11T10:06:57.799+0000] {processor.py:756} INFO - Processing file /home/airflow/.local/lib/python3.7/site-packages/airflow/example_dags/example_task_group_decorator.py for tasks to queue
[2023-03-11T10:06:57.800+0000] {logging_mixin.py:120} INFO - [2023-03-11T10:06:57.800+0000] {dagbag.py:537} INFO - Filling up the DagBag from /home/airflow/.local/lib/python3.7/site-packages/airflow/example_dags/example_task_group_decorator.py
[2023-03-11T10:06:57.833+0000] {processor.py:766} INFO - DAG(s) dict_keys(['example_task_group_decorator']) retrieved from /home/airflow/.local/lib/python3.7/site-packages/airflow/example_dags/example_task_group_decorator.py
[2023-03-11T10:06:57.886+0000] {logging_mixin.py:120} INFO - [2023-03-11T10:06:57.886+0000] {dag.py:2585} INFO - Sync 1 DAGs
[2023-03-11T10:06:57.904+0000] {logging_mixin.py:120} INFO - [2023-03-11T10:06:57.904+0000] {dag.py:3340} INFO - Setting next_dagrun for example_task_group_decorator to 2023-03-10T10:06:57.904570+00:00, run_after=2023-03-11T10:06:57.904570+00:00
[2023-03-11T10:06:57.916+0000] {processor.py:176} INFO - Processing /home/airflow/.local/lib/python3.7/site-packages/airflow/example_dags/example_task_group_decorator.py took 0.127 seconds
[2023-03-11T11:31:10.765+0000] {processor.py:154} INFO - Started process (PID=35727) to work on /home/airflow/.local/lib/python3.7/site-packages/airflow/example_dags/example_task_group_decorator.py
[2023-03-11T11:31:10.766+0000] {processor.py:756} INFO - Processing file /home/airflow/.local/lib/python3.7/site-packages/airflow/example_dags/example_task_group_decorator.py for tasks to queue
[2023-03-11T11:31:10.767+0000] {logging_mixin.py:120} INFO - [2023-03-11T11:31:10.767+0000] {dagbag.py:537} INFO - Filling up the DagBag from /home/airflow/.local/lib/python3.7/site-packages/airflow/example_dags/example_task_group_decorator.py
[2023-03-11T11:31:10.786+0000] {processor.py:766} INFO - DAG(s) dict_keys(['example_task_group_decorator']) retrieved from /home/airflow/.local/lib/python3.7/site-packages/airflow/example_dags/example_task_group_decorator.py
[2023-03-11T11:31:10.830+0000] {logging_mixin.py:120} INFO - [2023-03-11T11:31:10.830+0000] {dag.py:2585} INFO - Sync 1 DAGs
[2023-03-11T11:31:10.857+0000] {logging_mixin.py:120} INFO - [2023-03-11T11:31:10.857+0000] {dag.py:3340} INFO - Setting next_dagrun for example_task_group_decorator to 2023-03-10T11:31:10.857440+00:00, run_after=2023-03-11T11:31:10.857440+00:00
[2023-03-11T11:31:10.875+0000] {processor.py:176} INFO - Processing /home/airflow/.local/lib/python3.7/site-packages/airflow/example_dags/example_task_group_decorator.py took 0.113 seconds
[2023-03-11T12:37:41.062+0000] {processor.py:154} INFO - Started process (PID=35790) to work on /home/airflow/.local/lib/python3.7/site-packages/airflow/example_dags/example_task_group_decorator.py
[2023-03-11T12:37:41.064+0000] {processor.py:756} INFO - Processing file /home/airflow/.local/lib/python3.7/site-packages/airflow/example_dags/example_task_group_decorator.py for tasks to queue
[2023-03-11T12:37:41.065+0000] {logging_mixin.py:120} INFO - [2023-03-11T12:37:41.065+0000] {dagbag.py:537} INFO - Filling up the DagBag from /home/airflow/.local/lib/python3.7/site-packages/airflow/example_dags/example_task_group_decorator.py
[2023-03-11T12:37:41.095+0000] {processor.py:766} INFO - DAG(s) dict_keys(['example_task_group_decorator']) retrieved from /home/airflow/.local/lib/python3.7/site-packages/airflow/example_dags/example_task_group_decorator.py
[2023-03-11T12:37:41.156+0000] {logging_mixin.py:120} INFO - [2023-03-11T12:37:41.156+0000] {dag.py:2585} INFO - Sync 1 DAGs
[2023-03-11T12:37:41.183+0000] {logging_mixin.py:120} INFO - [2023-03-11T12:37:41.183+0000] {dag.py:3340} INFO - Setting next_dagrun for example_task_group_decorator to 2023-03-10T12:37:41.182540+00:00, run_after=2023-03-11T12:37:41.182540+00:00
[2023-03-11T12:37:41.212+0000] {processor.py:176} INFO - Processing /home/airflow/.local/lib/python3.7/site-packages/airflow/example_dags/example_task_group_decorator.py took 0.153 seconds
[2023-03-11T13:38:02.149+0000] {processor.py:154} INFO - Started process (PID=35852) to work on /home/airflow/.local/lib/python3.7/site-packages/airflow/example_dags/example_task_group_decorator.py
[2023-03-11T13:38:02.158+0000] {processor.py:756} INFO - Processing file /home/airflow/.local/lib/python3.7/site-packages/airflow/example_dags/example_task_group_decorator.py for tasks to queue
[2023-03-11T13:38:02.159+0000] {logging_mixin.py:120} INFO - [2023-03-11T13:38:02.159+0000] {dagbag.py:537} INFO - Filling up the DagBag from /home/airflow/.local/lib/python3.7/site-packages/airflow/example_dags/example_task_group_decorator.py
[2023-03-11T13:38:02.205+0000] {processor.py:766} INFO - DAG(s) dict_keys(['example_task_group_decorator']) retrieved from /home/airflow/.local/lib/python3.7/site-packages/airflow/example_dags/example_task_group_decorator.py
[2023-03-11T13:38:02.271+0000] {logging_mixin.py:120} INFO - [2023-03-11T13:38:02.271+0000] {dag.py:2585} INFO - Sync 1 DAGs
[2023-03-11T13:38:02.294+0000] {logging_mixin.py:120} INFO - [2023-03-11T13:38:02.294+0000] {dag.py:3340} INFO - Setting next_dagrun for example_task_group_decorator to 2023-03-10T13:38:02.294100+00:00, run_after=2023-03-11T13:38:02.294100+00:00
[2023-03-11T13:38:02.325+0000] {processor.py:176} INFO - Processing /home/airflow/.local/lib/python3.7/site-packages/airflow/example_dags/example_task_group_decorator.py took 0.178 seconds
[2023-03-11T14:47:59.854+0000] {processor.py:154} INFO - Started process (PID=35906) to work on /home/airflow/.local/lib/python3.7/site-packages/airflow/example_dags/example_task_group_decorator.py
[2023-03-11T14:47:59.855+0000] {processor.py:756} INFO - Processing file /home/airflow/.local/lib/python3.7/site-packages/airflow/example_dags/example_task_group_decorator.py for tasks to queue
[2023-03-11T14:47:59.856+0000] {logging_mixin.py:120} INFO - [2023-03-11T14:47:59.856+0000] {dagbag.py:537} INFO - Filling up the DagBag from /home/airflow/.local/lib/python3.7/site-packages/airflow/example_dags/example_task_group_decorator.py
[2023-03-11T14:47:59.877+0000] {processor.py:766} INFO - DAG(s) dict_keys(['example_task_group_decorator']) retrieved from /home/airflow/.local/lib/python3.7/site-packages/airflow/example_dags/example_task_group_decorator.py
[2023-03-11T14:47:59.909+0000] {logging_mixin.py:120} INFO - [2023-03-11T14:47:59.908+0000] {dag.py:2585} INFO - Sync 1 DAGs
[2023-03-11T14:47:59.931+0000] {logging_mixin.py:120} INFO - [2023-03-11T14:47:59.931+0000] {dag.py:3340} INFO - Setting next_dagrun for example_task_group_decorator to 2023-03-10T14:47:59.930906+00:00, run_after=2023-03-11T14:47:59.930906+00:00
[2023-03-11T14:47:59.951+0000] {processor.py:176} INFO - Processing /home/airflow/.local/lib/python3.7/site-packages/airflow/example_dags/example_task_group_decorator.py took 0.100 seconds
[2023-03-11T16:07:41.880+0000] {processor.py:154} INFO - Started process (PID=35969) to work on /home/airflow/.local/lib/python3.7/site-packages/airflow/example_dags/example_task_group_decorator.py
[2023-03-11T16:07:41.881+0000] {processor.py:756} INFO - Processing file /home/airflow/.local/lib/python3.7/site-packages/airflow/example_dags/example_task_group_decorator.py for tasks to queue
[2023-03-11T16:07:41.885+0000] {logging_mixin.py:120} INFO - [2023-03-11T16:07:41.885+0000] {dagbag.py:537} INFO - Filling up the DagBag from /home/airflow/.local/lib/python3.7/site-packages/airflow/example_dags/example_task_group_decorator.py
[2023-03-11T16:07:41.929+0000] {processor.py:766} INFO - DAG(s) dict_keys(['example_task_group_decorator']) retrieved from /home/airflow/.local/lib/python3.7/site-packages/airflow/example_dags/example_task_group_decorator.py
[2023-03-11T16:07:41.982+0000] {logging_mixin.py:120} INFO - [2023-03-11T16:07:41.982+0000] {dag.py:2585} INFO - Sync 1 DAGs
[2023-03-11T16:07:42.017+0000] {logging_mixin.py:120} INFO - [2023-03-11T16:07:42.017+0000] {dag.py:3340} INFO - Setting next_dagrun for example_task_group_decorator to 2023-03-10T16:07:42.017114+00:00, run_after=2023-03-11T16:07:42.017114+00:00
[2023-03-11T16:07:42.038+0000] {processor.py:176} INFO - Processing /home/airflow/.local/lib/python3.7/site-packages/airflow/example_dags/example_task_group_decorator.py took 0.163 seconds
[2023-03-11T17:14:06.682+0000] {processor.py:154} INFO - Started process (PID=36032) to work on /home/airflow/.local/lib/python3.7/site-packages/airflow/example_dags/example_task_group_decorator.py
[2023-03-11T17:14:06.683+0000] {processor.py:756} INFO - Processing file /home/airflow/.local/lib/python3.7/site-packages/airflow/example_dags/example_task_group_decorator.py for tasks to queue
[2023-03-11T17:14:06.684+0000] {logging_mixin.py:120} INFO - [2023-03-11T17:14:06.684+0000] {dagbag.py:537} INFO - Filling up the DagBag from /home/airflow/.local/lib/python3.7/site-packages/airflow/example_dags/example_task_group_decorator.py
[2023-03-11T17:14:06.710+0000] {processor.py:766} INFO - DAG(s) dict_keys(['example_task_group_decorator']) retrieved from /home/airflow/.local/lib/python3.7/site-packages/airflow/example_dags/example_task_group_decorator.py
[2023-03-11T17:14:06.755+0000] {logging_mixin.py:120} INFO - [2023-03-11T17:14:06.755+0000] {dag.py:2585} INFO - Sync 1 DAGs
[2023-03-11T17:14:06.775+0000] {logging_mixin.py:120} INFO - [2023-03-11T17:14:06.775+0000] {dag.py:3340} INFO - Setting next_dagrun for example_task_group_decorator to 2023-03-10T17:14:06.775003+00:00, run_after=2023-03-11T17:14:06.775003+00:00
[2023-03-11T17:14:06.790+0000] {processor.py:176} INFO - Processing /home/airflow/.local/lib/python3.7/site-packages/airflow/example_dags/example_task_group_decorator.py took 0.110 seconds
[2023-03-11T18:22:31.033+0000] {processor.py:154} INFO - Started process (PID=36094) to work on /home/airflow/.local/lib/python3.7/site-packages/airflow/example_dags/example_task_group_decorator.py
[2023-03-11T18:22:31.034+0000] {processor.py:756} INFO - Processing file /home/airflow/.local/lib/python3.7/site-packages/airflow/example_dags/example_task_group_decorator.py for tasks to queue
[2023-03-11T18:22:31.035+0000] {logging_mixin.py:120} INFO - [2023-03-11T18:22:31.035+0000] {dagbag.py:537} INFO - Filling up the DagBag from /home/airflow/.local/lib/python3.7/site-packages/airflow/example_dags/example_task_group_decorator.py
[2023-03-11T18:22:31.052+0000] {processor.py:766} INFO - DAG(s) dict_keys(['example_task_group_decorator']) retrieved from /home/airflow/.local/lib/python3.7/site-packages/airflow/example_dags/example_task_group_decorator.py
[2023-03-11T18:22:31.086+0000] {logging_mixin.py:120} INFO - [2023-03-11T18:22:31.086+0000] {dag.py:2585} INFO - Sync 1 DAGs
[2023-03-11T18:22:31.104+0000] {logging_mixin.py:120} INFO - [2023-03-11T18:22:31.104+0000] {dag.py:3340} INFO - Setting next_dagrun for example_task_group_decorator to 2023-03-10T18:22:31.104222+00:00, run_after=2023-03-11T18:22:31.104222+00:00
[2023-03-11T18:22:31.120+0000] {processor.py:176} INFO - Processing /home/airflow/.local/lib/python3.7/site-packages/airflow/example_dags/example_task_group_decorator.py took 0.092 seconds
[2023-03-11T19:27:37.399+0000] {processor.py:154} INFO - Started process (PID=36148) to work on /home/airflow/.local/lib/python3.7/site-packages/airflow/example_dags/example_task_group_decorator.py
[2023-03-11T19:27:37.404+0000] {processor.py:756} INFO - Processing file /home/airflow/.local/lib/python3.7/site-packages/airflow/example_dags/example_task_group_decorator.py for tasks to queue
[2023-03-11T19:27:37.405+0000] {logging_mixin.py:120} INFO - [2023-03-11T19:27:37.405+0000] {dagbag.py:537} INFO - Filling up the DagBag from /home/airflow/.local/lib/python3.7/site-packages/airflow/example_dags/example_task_group_decorator.py
[2023-03-11T19:27:37.431+0000] {processor.py:766} INFO - DAG(s) dict_keys(['example_task_group_decorator']) retrieved from /home/airflow/.local/lib/python3.7/site-packages/airflow/example_dags/example_task_group_decorator.py
[2023-03-11T19:27:37.460+0000] {logging_mixin.py:120} INFO - [2023-03-11T19:27:37.460+0000] {dag.py:2585} INFO - Sync 1 DAGs
[2023-03-11T19:27:37.478+0000] {logging_mixin.py:120} INFO - [2023-03-11T19:27:37.478+0000] {dag.py:3340} INFO - Setting next_dagrun for example_task_group_decorator to 2023-03-10T19:27:37.478004+00:00, run_after=2023-03-11T19:27:37.478004+00:00
[2023-03-11T19:27:37.490+0000] {processor.py:176} INFO - Processing /home/airflow/.local/lib/python3.7/site-packages/airflow/example_dags/example_task_group_decorator.py took 0.094 seconds
[2023-03-11T20:33:22.576+0000] {processor.py:154} INFO - Started process (PID=36211) to work on /home/airflow/.local/lib/python3.7/site-packages/airflow/example_dags/example_task_group_decorator.py
[2023-03-11T20:33:22.582+0000] {processor.py:756} INFO - Processing file /home/airflow/.local/lib/python3.7/site-packages/airflow/example_dags/example_task_group_decorator.py for tasks to queue
[2023-03-11T20:33:22.583+0000] {logging_mixin.py:120} INFO - [2023-03-11T20:33:22.583+0000] {dagbag.py:537} INFO - Filling up the DagBag from /home/airflow/.local/lib/python3.7/site-packages/airflow/example_dags/example_task_group_decorator.py
[2023-03-11T20:33:22.610+0000] {processor.py:766} INFO - DAG(s) dict_keys(['example_task_group_decorator']) retrieved from /home/airflow/.local/lib/python3.7/site-packages/airflow/example_dags/example_task_group_decorator.py
[2023-03-11T20:33:22.658+0000] {logging_mixin.py:120} INFO - [2023-03-11T20:33:22.658+0000] {dag.py:2585} INFO - Sync 1 DAGs
[2023-03-11T20:33:22.682+0000] {logging_mixin.py:120} INFO - [2023-03-11T20:33:22.682+0000] {dag.py:3340} INFO - Setting next_dagrun for example_task_group_decorator to 2023-03-10T20:33:22.681824+00:00, run_after=2023-03-11T20:33:22.681824+00:00
[2023-03-11T20:33:22.702+0000] {processor.py:176} INFO - Processing /home/airflow/.local/lib/python3.7/site-packages/airflow/example_dags/example_task_group_decorator.py took 0.130 seconds
[2023-03-11T21:49:21.710+0000] {processor.py:154} INFO - Started process (PID=36274) to work on /home/airflow/.local/lib/python3.7/site-packages/airflow/example_dags/example_task_group_decorator.py
[2023-03-11T21:49:21.716+0000] {processor.py:756} INFO - Processing file /home/airflow/.local/lib/python3.7/site-packages/airflow/example_dags/example_task_group_decorator.py for tasks to queue
[2023-03-11T21:49:21.717+0000] {logging_mixin.py:120} INFO - [2023-03-11T21:49:21.717+0000] {dagbag.py:537} INFO - Filling up the DagBag from /home/airflow/.local/lib/python3.7/site-packages/airflow/example_dags/example_task_group_decorator.py
[2023-03-11T21:49:21.751+0000] {processor.py:766} INFO - DAG(s) dict_keys(['example_task_group_decorator']) retrieved from /home/airflow/.local/lib/python3.7/site-packages/airflow/example_dags/example_task_group_decorator.py
[2023-03-11T21:49:21.806+0000] {logging_mixin.py:120} INFO - [2023-03-11T21:49:21.806+0000] {dag.py:2585} INFO - Sync 1 DAGs
[2023-03-11T21:49:21.832+0000] {logging_mixin.py:120} INFO - [2023-03-11T21:49:21.832+0000] {dag.py:3340} INFO - Setting next_dagrun for example_task_group_decorator to 2023-03-10T21:49:21.831767+00:00, run_after=2023-03-11T21:49:21.831767+00:00
[2023-03-11T21:49:21.850+0000] {processor.py:176} INFO - Processing /home/airflow/.local/lib/python3.7/site-packages/airflow/example_dags/example_task_group_decorator.py took 0.146 seconds
[2023-03-11T22:58:03.965+0000] {processor.py:154} INFO - Started process (PID=36337) to work on /home/airflow/.local/lib/python3.7/site-packages/airflow/example_dags/example_task_group_decorator.py
[2023-03-11T22:58:03.967+0000] {processor.py:756} INFO - Processing file /home/airflow/.local/lib/python3.7/site-packages/airflow/example_dags/example_task_group_decorator.py for tasks to queue
[2023-03-11T22:58:03.968+0000] {logging_mixin.py:120} INFO - [2023-03-11T22:58:03.968+0000] {dagbag.py:537} INFO - Filling up the DagBag from /home/airflow/.local/lib/python3.7/site-packages/airflow/example_dags/example_task_group_decorator.py
[2023-03-11T22:58:03.993+0000] {processor.py:766} INFO - DAG(s) dict_keys(['example_task_group_decorator']) retrieved from /home/airflow/.local/lib/python3.7/site-packages/airflow/example_dags/example_task_group_decorator.py
[2023-03-11T22:58:04.038+0000] {logging_mixin.py:120} INFO - [2023-03-11T22:58:04.038+0000] {dag.py:2585} INFO - Sync 1 DAGs
[2023-03-11T22:58:04.061+0000] {logging_mixin.py:120} INFO - [2023-03-11T22:58:04.061+0000] {dag.py:3340} INFO - Setting next_dagrun for example_task_group_decorator to 2023-03-10T22:58:04.060970+00:00, run_after=2023-03-11T22:58:04.060970+00:00
[2023-03-11T22:58:04.080+0000] {processor.py:176} INFO - Processing /home/airflow/.local/lib/python3.7/site-packages/airflow/example_dags/example_task_group_decorator.py took 0.117 seconds
