[2023-03-11T00:06:56.971+0000] {processor.py:154} INFO - Started process (PID=35123) to work on /home/airflow/.local/lib/python3.7/site-packages/airflow/example_dags/example_branch_day_of_week_operator.py
[2023-03-11T00:06:56.973+0000] {processor.py:756} INFO - Processing file /home/airflow/.local/lib/python3.7/site-packages/airflow/example_dags/example_branch_day_of_week_operator.py for tasks to queue
[2023-03-11T00:06:56.974+0000] {logging_mixin.py:120} INFO - [2023-03-11T00:06:56.974+0000] {dagbag.py:537} INFO - Filling up the DagBag from /home/airflow/.local/lib/python3.7/site-packages/airflow/example_dags/example_branch_day_of_week_operator.py
[2023-03-11T00:06:56.991+0000] {processor.py:766} INFO - DAG(s) dict_keys(['example_weekday_branch_operator']) retrieved from /home/airflow/.local/lib/python3.7/site-packages/airflow/example_dags/example_branch_day_of_week_operator.py
[2023-03-11T00:06:57.033+0000] {logging_mixin.py:120} INFO - [2023-03-11T00:06:57.033+0000] {dag.py:2585} INFO - Sync 1 DAGs
[2023-03-11T00:06:57.049+0000] {logging_mixin.py:120} INFO - [2023-03-11T00:06:57.049+0000] {dag.py:3340} INFO - Setting next_dagrun for example_weekday_branch_operator to 2023-03-10T00:00:00+00:00, run_after=2023-03-11T00:00:00+00:00
[2023-03-11T00:06:57.071+0000] {processor.py:176} INFO - Processing /home/airflow/.local/lib/python3.7/site-packages/airflow/example_dags/example_branch_day_of_week_operator.py took 0.106 seconds
[2023-03-11T01:13:28.755+0000] {processor.py:154} INFO - Started process (PID=35186) to work on /home/airflow/.local/lib/python3.7/site-packages/airflow/example_dags/example_branch_day_of_week_operator.py
[2023-03-11T01:13:28.755+0000] {processor.py:756} INFO - Processing file /home/airflow/.local/lib/python3.7/site-packages/airflow/example_dags/example_branch_day_of_week_operator.py for tasks to queue
[2023-03-11T01:13:28.756+0000] {logging_mixin.py:120} INFO - [2023-03-11T01:13:28.756+0000] {dagbag.py:537} INFO - Filling up the DagBag from /home/airflow/.local/lib/python3.7/site-packages/airflow/example_dags/example_branch_day_of_week_operator.py
[2023-03-11T01:13:28.772+0000] {processor.py:766} INFO - DAG(s) dict_keys(['example_weekday_branch_operator']) retrieved from /home/airflow/.local/lib/python3.7/site-packages/airflow/example_dags/example_branch_day_of_week_operator.py
[2023-03-11T01:13:28.816+0000] {logging_mixin.py:120} INFO - [2023-03-11T01:13:28.816+0000] {dag.py:2585} INFO - Sync 1 DAGs
[2023-03-11T01:13:28.839+0000] {logging_mixin.py:120} INFO - [2023-03-11T01:13:28.839+0000] {dag.py:3340} INFO - Setting next_dagrun for example_weekday_branch_operator to 2023-03-10T00:00:00+00:00, run_after=2023-03-11T00:00:00+00:00
[2023-03-11T01:13:28.852+0000] {processor.py:176} INFO - Processing /home/airflow/.local/lib/python3.7/site-packages/airflow/example_dags/example_branch_day_of_week_operator.py took 0.100 seconds
[2023-03-11T02:21:52.338+0000] {processor.py:154} INFO - Started process (PID=35250) to work on /home/airflow/.local/lib/python3.7/site-packages/airflow/example_dags/example_branch_day_of_week_operator.py
[2023-03-11T02:21:52.340+0000] {processor.py:756} INFO - Processing file /home/airflow/.local/lib/python3.7/site-packages/airflow/example_dags/example_branch_day_of_week_operator.py for tasks to queue
[2023-03-11T02:21:52.341+0000] {logging_mixin.py:120} INFO - [2023-03-11T02:21:52.340+0000] {dagbag.py:537} INFO - Filling up the DagBag from /home/airflow/.local/lib/python3.7/site-packages/airflow/example_dags/example_branch_day_of_week_operator.py
[2023-03-11T02:21:52.359+0000] {processor.py:766} INFO - DAG(s) dict_keys(['example_weekday_branch_operator']) retrieved from /home/airflow/.local/lib/python3.7/site-packages/airflow/example_dags/example_branch_day_of_week_operator.py
[2023-03-11T02:21:52.414+0000] {logging_mixin.py:120} INFO - [2023-03-11T02:21:52.414+0000] {dag.py:2585} INFO - Sync 1 DAGs
[2023-03-11T02:21:52.436+0000] {logging_mixin.py:120} INFO - [2023-03-11T02:21:52.436+0000] {dag.py:3340} INFO - Setting next_dagrun for example_weekday_branch_operator to 2023-03-10T00:00:00+00:00, run_after=2023-03-11T00:00:00+00:00
[2023-03-11T02:21:52.461+0000] {processor.py:176} INFO - Processing /home/airflow/.local/lib/python3.7/site-packages/airflow/example_dags/example_branch_day_of_week_operator.py took 0.125 seconds
[2023-03-11T03:28:24.002+0000] {processor.py:154} INFO - Started process (PID=35314) to work on /home/airflow/.local/lib/python3.7/site-packages/airflow/example_dags/example_branch_day_of_week_operator.py
[2023-03-11T03:28:24.010+0000] {processor.py:756} INFO - Processing file /home/airflow/.local/lib/python3.7/site-packages/airflow/example_dags/example_branch_day_of_week_operator.py for tasks to queue
[2023-03-11T03:28:24.011+0000] {logging_mixin.py:120} INFO - [2023-03-11T03:28:24.011+0000] {dagbag.py:537} INFO - Filling up the DagBag from /home/airflow/.local/lib/python3.7/site-packages/airflow/example_dags/example_branch_day_of_week_operator.py
[2023-03-11T03:28:24.050+0000] {processor.py:766} INFO - DAG(s) dict_keys(['example_weekday_branch_operator']) retrieved from /home/airflow/.local/lib/python3.7/site-packages/airflow/example_dags/example_branch_day_of_week_operator.py
[2023-03-11T03:28:24.126+0000] {logging_mixin.py:120} INFO - [2023-03-11T03:28:24.126+0000] {dag.py:2585} INFO - Sync 1 DAGs
[2023-03-11T03:28:24.151+0000] {logging_mixin.py:120} INFO - [2023-03-11T03:28:24.151+0000] {dag.py:3340} INFO - Setting next_dagrun for example_weekday_branch_operator to 2023-03-10T00:00:00+00:00, run_after=2023-03-11T00:00:00+00:00
[2023-03-11T03:28:24.170+0000] {processor.py:176} INFO - Processing /home/airflow/.local/lib/python3.7/site-packages/airflow/example_dags/example_branch_day_of_week_operator.py took 0.171 seconds
[2023-03-11T04:35:26.140+0000] {processor.py:154} INFO - Started process (PID=35368) to work on /home/airflow/.local/lib/python3.7/site-packages/airflow/example_dags/example_branch_day_of_week_operator.py
[2023-03-11T04:35:26.141+0000] {processor.py:756} INFO - Processing file /home/airflow/.local/lib/python3.7/site-packages/airflow/example_dags/example_branch_day_of_week_operator.py for tasks to queue
[2023-03-11T04:35:26.142+0000] {logging_mixin.py:120} INFO - [2023-03-11T04:35:26.142+0000] {dagbag.py:537} INFO - Filling up the DagBag from /home/airflow/.local/lib/python3.7/site-packages/airflow/example_dags/example_branch_day_of_week_operator.py
[2023-03-11T04:35:26.159+0000] {processor.py:766} INFO - DAG(s) dict_keys(['example_weekday_branch_operator']) retrieved from /home/airflow/.local/lib/python3.7/site-packages/airflow/example_dags/example_branch_day_of_week_operator.py
[2023-03-11T04:35:26.189+0000] {logging_mixin.py:120} INFO - [2023-03-11T04:35:26.189+0000] {dag.py:2585} INFO - Sync 1 DAGs
[2023-03-11T04:35:26.211+0000] {logging_mixin.py:120} INFO - [2023-03-11T04:35:26.211+0000] {dag.py:3340} INFO - Setting next_dagrun for example_weekday_branch_operator to 2023-03-10T00:00:00+00:00, run_after=2023-03-11T00:00:00+00:00
[2023-03-11T04:35:26.228+0000] {processor.py:176} INFO - Processing /home/airflow/.local/lib/python3.7/site-packages/airflow/example_dags/example_branch_day_of_week_operator.py took 0.090 seconds
[2023-03-11T05:41:15.781+0000] {processor.py:154} INFO - Started process (PID=35431) to work on /home/airflow/.local/lib/python3.7/site-packages/airflow/example_dags/example_branch_day_of_week_operator.py
[2023-03-11T05:41:15.782+0000] {processor.py:756} INFO - Processing file /home/airflow/.local/lib/python3.7/site-packages/airflow/example_dags/example_branch_day_of_week_operator.py for tasks to queue
[2023-03-11T05:41:15.783+0000] {logging_mixin.py:120} INFO - [2023-03-11T05:41:15.783+0000] {dagbag.py:537} INFO - Filling up the DagBag from /home/airflow/.local/lib/python3.7/site-packages/airflow/example_dags/example_branch_day_of_week_operator.py
[2023-03-11T05:41:15.796+0000] {processor.py:766} INFO - DAG(s) dict_keys(['example_weekday_branch_operator']) retrieved from /home/airflow/.local/lib/python3.7/site-packages/airflow/example_dags/example_branch_day_of_week_operator.py
[2023-03-11T05:41:15.848+0000] {logging_mixin.py:120} INFO - [2023-03-11T05:41:15.848+0000] {dag.py:2585} INFO - Sync 1 DAGs
[2023-03-11T05:41:15.871+0000] {logging_mixin.py:120} INFO - [2023-03-11T05:41:15.871+0000] {dag.py:3340} INFO - Setting next_dagrun for example_weekday_branch_operator to 2023-03-10T00:00:00+00:00, run_after=2023-03-11T00:00:00+00:00
[2023-03-11T05:41:15.887+0000] {processor.py:176} INFO - Processing /home/airflow/.local/lib/python3.7/site-packages/airflow/example_dags/example_branch_day_of_week_operator.py took 0.109 seconds
[2023-03-11T06:48:04.556+0000] {processor.py:154} INFO - Started process (PID=35494) to work on /home/airflow/.local/lib/python3.7/site-packages/airflow/example_dags/example_branch_day_of_week_operator.py
[2023-03-11T06:48:04.559+0000] {processor.py:756} INFO - Processing file /home/airflow/.local/lib/python3.7/site-packages/airflow/example_dags/example_branch_day_of_week_operator.py for tasks to queue
[2023-03-11T06:48:04.560+0000] {logging_mixin.py:120} INFO - [2023-03-11T06:48:04.560+0000] {dagbag.py:537} INFO - Filling up the DagBag from /home/airflow/.local/lib/python3.7/site-packages/airflow/example_dags/example_branch_day_of_week_operator.py
[2023-03-11T06:48:04.573+0000] {processor.py:766} INFO - DAG(s) dict_keys(['example_weekday_branch_operator']) retrieved from /home/airflow/.local/lib/python3.7/site-packages/airflow/example_dags/example_branch_day_of_week_operator.py
[2023-03-11T06:48:04.616+0000] {logging_mixin.py:120} INFO - [2023-03-11T06:48:04.616+0000] {dag.py:2585} INFO - Sync 1 DAGs
[2023-03-11T06:48:04.636+0000] {logging_mixin.py:120} INFO - [2023-03-11T06:48:04.636+0000] {dag.py:3340} INFO - Setting next_dagrun for example_weekday_branch_operator to 2023-03-10T00:00:00+00:00, run_after=2023-03-11T00:00:00+00:00
[2023-03-11T06:48:04.658+0000] {processor.py:176} INFO - Processing /home/airflow/.local/lib/python3.7/site-packages/airflow/example_dags/example_branch_day_of_week_operator.py took 0.105 seconds
[2023-03-11T07:54:08.848+0000] {processor.py:154} INFO - Started process (PID=35557) to work on /home/airflow/.local/lib/python3.7/site-packages/airflow/example_dags/example_branch_day_of_week_operator.py
[2023-03-11T07:54:08.849+0000] {processor.py:756} INFO - Processing file /home/airflow/.local/lib/python3.7/site-packages/airflow/example_dags/example_branch_day_of_week_operator.py for tasks to queue
[2023-03-11T07:54:08.850+0000] {logging_mixin.py:120} INFO - [2023-03-11T07:54:08.850+0000] {dagbag.py:537} INFO - Filling up the DagBag from /home/airflow/.local/lib/python3.7/site-packages/airflow/example_dags/example_branch_day_of_week_operator.py
[2023-03-11T07:54:08.863+0000] {processor.py:766} INFO - DAG(s) dict_keys(['example_weekday_branch_operator']) retrieved from /home/airflow/.local/lib/python3.7/site-packages/airflow/example_dags/example_branch_day_of_week_operator.py
[2023-03-11T07:54:08.901+0000] {logging_mixin.py:120} INFO - [2023-03-11T07:54:08.901+0000] {dag.py:2585} INFO - Sync 1 DAGs
[2023-03-11T07:54:08.919+0000] {logging_mixin.py:120} INFO - [2023-03-11T07:54:08.919+0000] {dag.py:3340} INFO - Setting next_dagrun for example_weekday_branch_operator to 2023-03-10T00:00:00+00:00, run_after=2023-03-11T00:00:00+00:00
[2023-03-11T07:54:08.932+0000] {processor.py:176} INFO - Processing /home/airflow/.local/lib/python3.7/site-packages/airflow/example_dags/example_branch_day_of_week_operator.py took 0.089 seconds
[2023-03-11T09:00:26.472+0000] {processor.py:154} INFO - Started process (PID=35620) to work on /home/airflow/.local/lib/python3.7/site-packages/airflow/example_dags/example_branch_day_of_week_operator.py
[2023-03-11T09:00:26.474+0000] {processor.py:756} INFO - Processing file /home/airflow/.local/lib/python3.7/site-packages/airflow/example_dags/example_branch_day_of_week_operator.py for tasks to queue
[2023-03-11T09:00:26.475+0000] {logging_mixin.py:120} INFO - [2023-03-11T09:00:26.475+0000] {dagbag.py:537} INFO - Filling up the DagBag from /home/airflow/.local/lib/python3.7/site-packages/airflow/example_dags/example_branch_day_of_week_operator.py
[2023-03-11T09:00:26.511+0000] {processor.py:766} INFO - DAG(s) dict_keys(['example_weekday_branch_operator']) retrieved from /home/airflow/.local/lib/python3.7/site-packages/airflow/example_dags/example_branch_day_of_week_operator.py
[2023-03-11T09:00:26.571+0000] {logging_mixin.py:120} INFO - [2023-03-11T09:00:26.571+0000] {dag.py:2585} INFO - Sync 1 DAGs
[2023-03-11T09:00:26.597+0000] {logging_mixin.py:120} INFO - [2023-03-11T09:00:26.597+0000] {dag.py:3340} INFO - Setting next_dagrun for example_weekday_branch_operator to 2023-03-10T00:00:00+00:00, run_after=2023-03-11T00:00:00+00:00
[2023-03-11T09:00:26.635+0000] {processor.py:176} INFO - Processing /home/airflow/.local/lib/python3.7/site-packages/airflow/example_dags/example_branch_day_of_week_operator.py took 0.165 seconds
[2023-03-11T10:06:58.792+0000] {processor.py:154} INFO - Started process (PID=35674) to work on /home/airflow/.local/lib/python3.7/site-packages/airflow/example_dags/example_branch_day_of_week_operator.py
[2023-03-11T10:06:58.793+0000] {processor.py:756} INFO - Processing file /home/airflow/.local/lib/python3.7/site-packages/airflow/example_dags/example_branch_day_of_week_operator.py for tasks to queue
[2023-03-11T10:06:58.794+0000] {logging_mixin.py:120} INFO - [2023-03-11T10:06:58.794+0000] {dagbag.py:537} INFO - Filling up the DagBag from /home/airflow/.local/lib/python3.7/site-packages/airflow/example_dags/example_branch_day_of_week_operator.py
[2023-03-11T10:06:58.809+0000] {processor.py:766} INFO - DAG(s) dict_keys(['example_weekday_branch_operator']) retrieved from /home/airflow/.local/lib/python3.7/site-packages/airflow/example_dags/example_branch_day_of_week_operator.py
[2023-03-11T10:06:58.861+0000] {logging_mixin.py:120} INFO - [2023-03-11T10:06:58.861+0000] {dag.py:2585} INFO - Sync 1 DAGs
[2023-03-11T10:06:58.889+0000] {logging_mixin.py:120} INFO - [2023-03-11T10:06:58.889+0000] {dag.py:3340} INFO - Setting next_dagrun for example_weekday_branch_operator to 2023-03-10T00:00:00+00:00, run_after=2023-03-11T00:00:00+00:00
[2023-03-11T10:06:58.908+0000] {processor.py:176} INFO - Processing /home/airflow/.local/lib/python3.7/site-packages/airflow/example_dags/example_branch_day_of_week_operator.py took 0.118 seconds
[2023-03-11T11:31:11.555+0000] {processor.py:154} INFO - Started process (PID=35737) to work on /home/airflow/.local/lib/python3.7/site-packages/airflow/example_dags/example_branch_day_of_week_operator.py
[2023-03-11T11:31:11.556+0000] {processor.py:756} INFO - Processing file /home/airflow/.local/lib/python3.7/site-packages/airflow/example_dags/example_branch_day_of_week_operator.py for tasks to queue
[2023-03-11T11:31:11.557+0000] {logging_mixin.py:120} INFO - [2023-03-11T11:31:11.557+0000] {dagbag.py:537} INFO - Filling up the DagBag from /home/airflow/.local/lib/python3.7/site-packages/airflow/example_dags/example_branch_day_of_week_operator.py
[2023-03-11T11:31:11.575+0000] {processor.py:766} INFO - DAG(s) dict_keys(['example_weekday_branch_operator']) retrieved from /home/airflow/.local/lib/python3.7/site-packages/airflow/example_dags/example_branch_day_of_week_operator.py
[2023-03-11T11:31:11.642+0000] {logging_mixin.py:120} INFO - [2023-03-11T11:31:11.642+0000] {dag.py:2585} INFO - Sync 1 DAGs
[2023-03-11T11:31:11.662+0000] {logging_mixin.py:120} INFO - [2023-03-11T11:31:11.662+0000] {dag.py:3340} INFO - Setting next_dagrun for example_weekday_branch_operator to 2023-03-10T00:00:00+00:00, run_after=2023-03-11T00:00:00+00:00
[2023-03-11T11:31:11.684+0000] {processor.py:176} INFO - Processing /home/airflow/.local/lib/python3.7/site-packages/airflow/example_dags/example_branch_day_of_week_operator.py took 0.134 seconds
[2023-03-11T12:37:41.918+0000] {processor.py:154} INFO - Started process (PID=35800) to work on /home/airflow/.local/lib/python3.7/site-packages/airflow/example_dags/example_branch_day_of_week_operator.py
[2023-03-11T12:37:41.920+0000] {processor.py:756} INFO - Processing file /home/airflow/.local/lib/python3.7/site-packages/airflow/example_dags/example_branch_day_of_week_operator.py for tasks to queue
[2023-03-11T12:37:41.920+0000] {logging_mixin.py:120} INFO - [2023-03-11T12:37:41.920+0000] {dagbag.py:537} INFO - Filling up the DagBag from /home/airflow/.local/lib/python3.7/site-packages/airflow/example_dags/example_branch_day_of_week_operator.py
[2023-03-11T12:37:41.944+0000] {processor.py:766} INFO - DAG(s) dict_keys(['example_weekday_branch_operator']) retrieved from /home/airflow/.local/lib/python3.7/site-packages/airflow/example_dags/example_branch_day_of_week_operator.py
[2023-03-11T12:37:41.991+0000] {logging_mixin.py:120} INFO - [2023-03-11T12:37:41.991+0000] {dag.py:2585} INFO - Sync 1 DAGs
[2023-03-11T12:37:42.026+0000] {logging_mixin.py:120} INFO - [2023-03-11T12:37:42.020+0000] {dag.py:3340} INFO - Setting next_dagrun for example_weekday_branch_operator to 2023-03-10T00:00:00+00:00, run_after=2023-03-11T00:00:00+00:00
[2023-03-11T12:37:42.057+0000] {processor.py:176} INFO - Processing /home/airflow/.local/lib/python3.7/site-packages/airflow/example_dags/example_branch_day_of_week_operator.py took 0.141 seconds
[2023-03-11T13:38:03.262+0000] {processor.py:154} INFO - Started process (PID=35862) to work on /home/airflow/.local/lib/python3.7/site-packages/airflow/example_dags/example_branch_day_of_week_operator.py
[2023-03-11T13:38:03.267+0000] {processor.py:756} INFO - Processing file /home/airflow/.local/lib/python3.7/site-packages/airflow/example_dags/example_branch_day_of_week_operator.py for tasks to queue
[2023-03-11T13:38:03.267+0000] {logging_mixin.py:120} INFO - [2023-03-11T13:38:03.267+0000] {dagbag.py:537} INFO - Filling up the DagBag from /home/airflow/.local/lib/python3.7/site-packages/airflow/example_dags/example_branch_day_of_week_operator.py
[2023-03-11T13:38:03.282+0000] {processor.py:766} INFO - DAG(s) dict_keys(['example_weekday_branch_operator']) retrieved from /home/airflow/.local/lib/python3.7/site-packages/airflow/example_dags/example_branch_day_of_week_operator.py
[2023-03-11T13:38:03.324+0000] {logging_mixin.py:120} INFO - [2023-03-11T13:38:03.324+0000] {dag.py:2585} INFO - Sync 1 DAGs
[2023-03-11T13:38:03.349+0000] {logging_mixin.py:120} INFO - [2023-03-11T13:38:03.349+0000] {dag.py:3340} INFO - Setting next_dagrun for example_weekday_branch_operator to 2023-03-10T00:00:00+00:00, run_after=2023-03-11T00:00:00+00:00
[2023-03-11T13:38:03.361+0000] {processor.py:176} INFO - Processing /home/airflow/.local/lib/python3.7/site-packages/airflow/example_dags/example_branch_day_of_week_operator.py took 0.101 seconds
[2023-03-11T14:48:00.693+0000] {processor.py:154} INFO - Started process (PID=35916) to work on /home/airflow/.local/lib/python3.7/site-packages/airflow/example_dags/example_branch_day_of_week_operator.py
[2023-03-11T14:48:00.694+0000] {processor.py:756} INFO - Processing file /home/airflow/.local/lib/python3.7/site-packages/airflow/example_dags/example_branch_day_of_week_operator.py for tasks to queue
[2023-03-11T14:48:00.695+0000] {logging_mixin.py:120} INFO - [2023-03-11T14:48:00.695+0000] {dagbag.py:537} INFO - Filling up the DagBag from /home/airflow/.local/lib/python3.7/site-packages/airflow/example_dags/example_branch_day_of_week_operator.py
[2023-03-11T14:48:00.707+0000] {processor.py:766} INFO - DAG(s) dict_keys(['example_weekday_branch_operator']) retrieved from /home/airflow/.local/lib/python3.7/site-packages/airflow/example_dags/example_branch_day_of_week_operator.py
[2023-03-11T14:48:00.738+0000] {logging_mixin.py:120} INFO - [2023-03-11T14:48:00.738+0000] {dag.py:2585} INFO - Sync 1 DAGs
[2023-03-11T14:48:00.753+0000] {logging_mixin.py:120} INFO - [2023-03-11T14:48:00.753+0000] {dag.py:3340} INFO - Setting next_dagrun for example_weekday_branch_operator to 2023-03-10T00:00:00+00:00, run_after=2023-03-11T00:00:00+00:00
[2023-03-11T14:48:00.767+0000] {processor.py:176} INFO - Processing /home/airflow/.local/lib/python3.7/site-packages/airflow/example_dags/example_branch_day_of_week_operator.py took 0.076 seconds
[2023-03-11T16:07:42.806+0000] {processor.py:154} INFO - Started process (PID=35979) to work on /home/airflow/.local/lib/python3.7/site-packages/airflow/example_dags/example_branch_day_of_week_operator.py
[2023-03-11T16:07:42.811+0000] {processor.py:756} INFO - Processing file /home/airflow/.local/lib/python3.7/site-packages/airflow/example_dags/example_branch_day_of_week_operator.py for tasks to queue
[2023-03-11T16:07:42.812+0000] {logging_mixin.py:120} INFO - [2023-03-11T16:07:42.811+0000] {dagbag.py:537} INFO - Filling up the DagBag from /home/airflow/.local/lib/python3.7/site-packages/airflow/example_dags/example_branch_day_of_week_operator.py
[2023-03-11T16:07:42.828+0000] {processor.py:766} INFO - DAG(s) dict_keys(['example_weekday_branch_operator']) retrieved from /home/airflow/.local/lib/python3.7/site-packages/airflow/example_dags/example_branch_day_of_week_operator.py
[2023-03-11T16:07:42.909+0000] {logging_mixin.py:120} INFO - [2023-03-11T16:07:42.909+0000] {dag.py:2585} INFO - Sync 1 DAGs
[2023-03-11T16:07:42.930+0000] {logging_mixin.py:120} INFO - [2023-03-11T16:07:42.930+0000] {dag.py:3340} INFO - Setting next_dagrun for example_weekday_branch_operator to 2023-03-10T00:00:00+00:00, run_after=2023-03-11T00:00:00+00:00
[2023-03-11T16:07:42.973+0000] {processor.py:176} INFO - Processing /home/airflow/.local/lib/python3.7/site-packages/airflow/example_dags/example_branch_day_of_week_operator.py took 0.169 seconds
[2023-03-11T17:14:07.609+0000] {processor.py:154} INFO - Started process (PID=36042) to work on /home/airflow/.local/lib/python3.7/site-packages/airflow/example_dags/example_branch_day_of_week_operator.py
[2023-03-11T17:14:07.611+0000] {processor.py:756} INFO - Processing file /home/airflow/.local/lib/python3.7/site-packages/airflow/example_dags/example_branch_day_of_week_operator.py for tasks to queue
[2023-03-11T17:14:07.612+0000] {logging_mixin.py:120} INFO - [2023-03-11T17:14:07.612+0000] {dagbag.py:537} INFO - Filling up the DagBag from /home/airflow/.local/lib/python3.7/site-packages/airflow/example_dags/example_branch_day_of_week_operator.py
[2023-03-11T17:14:07.632+0000] {processor.py:766} INFO - DAG(s) dict_keys(['example_weekday_branch_operator']) retrieved from /home/airflow/.local/lib/python3.7/site-packages/airflow/example_dags/example_branch_day_of_week_operator.py
[2023-03-11T17:14:07.676+0000] {logging_mixin.py:120} INFO - [2023-03-11T17:14:07.676+0000] {dag.py:2585} INFO - Sync 1 DAGs
[2023-03-11T17:14:07.703+0000] {logging_mixin.py:120} INFO - [2023-03-11T17:14:07.703+0000] {dag.py:3340} INFO - Setting next_dagrun for example_weekday_branch_operator to 2023-03-10T00:00:00+00:00, run_after=2023-03-11T00:00:00+00:00
[2023-03-11T17:14:07.720+0000] {processor.py:176} INFO - Processing /home/airflow/.local/lib/python3.7/site-packages/airflow/example_dags/example_branch_day_of_week_operator.py took 0.114 seconds
[2023-03-11T18:22:31.911+0000] {processor.py:154} INFO - Started process (PID=36104) to work on /home/airflow/.local/lib/python3.7/site-packages/airflow/example_dags/example_branch_day_of_week_operator.py
[2023-03-11T18:22:31.912+0000] {processor.py:756} INFO - Processing file /home/airflow/.local/lib/python3.7/site-packages/airflow/example_dags/example_branch_day_of_week_operator.py for tasks to queue
[2023-03-11T18:22:31.913+0000] {logging_mixin.py:120} INFO - [2023-03-11T18:22:31.913+0000] {dagbag.py:537} INFO - Filling up the DagBag from /home/airflow/.local/lib/python3.7/site-packages/airflow/example_dags/example_branch_day_of_week_operator.py
[2023-03-11T18:22:31.927+0000] {processor.py:766} INFO - DAG(s) dict_keys(['example_weekday_branch_operator']) retrieved from /home/airflow/.local/lib/python3.7/site-packages/airflow/example_dags/example_branch_day_of_week_operator.py
[2023-03-11T18:22:31.959+0000] {logging_mixin.py:120} INFO - [2023-03-11T18:22:31.959+0000] {dag.py:2585} INFO - Sync 1 DAGs
[2023-03-11T18:22:31.973+0000] {logging_mixin.py:120} INFO - [2023-03-11T18:22:31.973+0000] {dag.py:3340} INFO - Setting next_dagrun for example_weekday_branch_operator to 2023-03-10T00:00:00+00:00, run_after=2023-03-11T00:00:00+00:00
[2023-03-11T18:22:31.984+0000] {processor.py:176} INFO - Processing /home/airflow/.local/lib/python3.7/site-packages/airflow/example_dags/example_branch_day_of_week_operator.py took 0.076 seconds
[2023-03-11T19:27:38.349+0000] {processor.py:154} INFO - Started process (PID=36167) to work on /home/airflow/.local/lib/python3.7/site-packages/airflow/example_dags/example_branch_day_of_week_operator.py
[2023-03-11T19:27:38.350+0000] {processor.py:756} INFO - Processing file /home/airflow/.local/lib/python3.7/site-packages/airflow/example_dags/example_branch_day_of_week_operator.py for tasks to queue
[2023-03-11T19:27:38.351+0000] {logging_mixin.py:120} INFO - [2023-03-11T19:27:38.351+0000] {dagbag.py:537} INFO - Filling up the DagBag from /home/airflow/.local/lib/python3.7/site-packages/airflow/example_dags/example_branch_day_of_week_operator.py
[2023-03-11T19:27:38.362+0000] {processor.py:766} INFO - DAG(s) dict_keys(['example_weekday_branch_operator']) retrieved from /home/airflow/.local/lib/python3.7/site-packages/airflow/example_dags/example_branch_day_of_week_operator.py
[2023-03-11T19:27:38.389+0000] {logging_mixin.py:120} INFO - [2023-03-11T19:27:38.389+0000] {dag.py:2585} INFO - Sync 1 DAGs
[2023-03-11T19:27:38.425+0000] {logging_mixin.py:120} INFO - [2023-03-11T19:27:38.425+0000] {dag.py:3340} INFO - Setting next_dagrun for example_weekday_branch_operator to 2023-03-10T00:00:00+00:00, run_after=2023-03-11T00:00:00+00:00
[2023-03-11T19:27:38.440+0000] {processor.py:176} INFO - Processing /home/airflow/.local/lib/python3.7/site-packages/airflow/example_dags/example_branch_day_of_week_operator.py took 0.094 seconds
[2023-03-11T20:33:23.430+0000] {processor.py:154} INFO - Started process (PID=36221) to work on /home/airflow/.local/lib/python3.7/site-packages/airflow/example_dags/example_branch_day_of_week_operator.py
[2023-03-11T20:33:23.431+0000] {processor.py:756} INFO - Processing file /home/airflow/.local/lib/python3.7/site-packages/airflow/example_dags/example_branch_day_of_week_operator.py for tasks to queue
[2023-03-11T20:33:23.432+0000] {logging_mixin.py:120} INFO - [2023-03-11T20:33:23.432+0000] {dagbag.py:537} INFO - Filling up the DagBag from /home/airflow/.local/lib/python3.7/site-packages/airflow/example_dags/example_branch_day_of_week_operator.py
[2023-03-11T20:33:23.446+0000] {processor.py:766} INFO - DAG(s) dict_keys(['example_weekday_branch_operator']) retrieved from /home/airflow/.local/lib/python3.7/site-packages/airflow/example_dags/example_branch_day_of_week_operator.py
[2023-03-11T20:33:23.482+0000] {logging_mixin.py:120} INFO - [2023-03-11T20:33:23.482+0000] {dag.py:2585} INFO - Sync 1 DAGs
[2023-03-11T20:33:23.500+0000] {logging_mixin.py:120} INFO - [2023-03-11T20:33:23.500+0000] {dag.py:3340} INFO - Setting next_dagrun for example_weekday_branch_operator to 2023-03-10T00:00:00+00:00, run_after=2023-03-11T00:00:00+00:00
[2023-03-11T20:33:23.524+0000] {processor.py:176} INFO - Processing /home/airflow/.local/lib/python3.7/site-packages/airflow/example_dags/example_branch_day_of_week_operator.py took 0.097 seconds
[2023-03-11T21:49:22.653+0000] {processor.py:154} INFO - Started process (PID=36284) to work on /home/airflow/.local/lib/python3.7/site-packages/airflow/example_dags/example_branch_day_of_week_operator.py
[2023-03-11T21:49:22.654+0000] {processor.py:756} INFO - Processing file /home/airflow/.local/lib/python3.7/site-packages/airflow/example_dags/example_branch_day_of_week_operator.py for tasks to queue
[2023-03-11T21:49:22.655+0000] {logging_mixin.py:120} INFO - [2023-03-11T21:49:22.655+0000] {dagbag.py:537} INFO - Filling up the DagBag from /home/airflow/.local/lib/python3.7/site-packages/airflow/example_dags/example_branch_day_of_week_operator.py
[2023-03-11T21:49:22.667+0000] {processor.py:766} INFO - DAG(s) dict_keys(['example_weekday_branch_operator']) retrieved from /home/airflow/.local/lib/python3.7/site-packages/airflow/example_dags/example_branch_day_of_week_operator.py
[2023-03-11T21:49:22.696+0000] {logging_mixin.py:120} INFO - [2023-03-11T21:49:22.696+0000] {dag.py:2585} INFO - Sync 1 DAGs
[2023-03-11T21:49:22.710+0000] {logging_mixin.py:120} INFO - [2023-03-11T21:49:22.710+0000] {dag.py:3340} INFO - Setting next_dagrun for example_weekday_branch_operator to 2023-03-10T00:00:00+00:00, run_after=2023-03-11T00:00:00+00:00
[2023-03-11T21:49:22.721+0000] {processor.py:176} INFO - Processing /home/airflow/.local/lib/python3.7/site-packages/airflow/example_dags/example_branch_day_of_week_operator.py took 0.073 seconds
[2023-03-11T22:58:04.888+0000] {processor.py:154} INFO - Started process (PID=36347) to work on /home/airflow/.local/lib/python3.7/site-packages/airflow/example_dags/example_branch_day_of_week_operator.py
[2023-03-11T22:58:04.889+0000] {processor.py:756} INFO - Processing file /home/airflow/.local/lib/python3.7/site-packages/airflow/example_dags/example_branch_day_of_week_operator.py for tasks to queue
[2023-03-11T22:58:04.890+0000] {logging_mixin.py:120} INFO - [2023-03-11T22:58:04.890+0000] {dagbag.py:537} INFO - Filling up the DagBag from /home/airflow/.local/lib/python3.7/site-packages/airflow/example_dags/example_branch_day_of_week_operator.py
[2023-03-11T22:58:04.910+0000] {processor.py:766} INFO - DAG(s) dict_keys(['example_weekday_branch_operator']) retrieved from /home/airflow/.local/lib/python3.7/site-packages/airflow/example_dags/example_branch_day_of_week_operator.py
[2023-03-11T22:58:04.958+0000] {logging_mixin.py:120} INFO - [2023-03-11T22:58:04.958+0000] {dag.py:2585} INFO - Sync 1 DAGs
[2023-03-11T22:58:04.982+0000] {logging_mixin.py:120} INFO - [2023-03-11T22:58:04.982+0000] {dag.py:3340} INFO - Setting next_dagrun for example_weekday_branch_operator to 2023-03-10T00:00:00+00:00, run_after=2023-03-11T00:00:00+00:00
[2023-03-11T22:58:04.998+0000] {processor.py:176} INFO - Processing /home/airflow/.local/lib/python3.7/site-packages/airflow/example_dags/example_branch_day_of_week_operator.py took 0.122 seconds
