[2023-03-11T00:06:56.136+0000] {processor.py:154} INFO - Started process (PID=35114) to work on /home/airflow/.local/lib/python3.7/site-packages/airflow/example_dags/tutorial.py
[2023-03-11T00:06:56.137+0000] {processor.py:756} INFO - Processing file /home/airflow/.local/lib/python3.7/site-packages/airflow/example_dags/tutorial.py for tasks to queue
[2023-03-11T00:06:56.138+0000] {logging_mixin.py:120} INFO - [2023-03-11T00:06:56.138+0000] {dagbag.py:537} INFO - Filling up the DagBag from /home/airflow/.local/lib/python3.7/site-packages/airflow/example_dags/tutorial.py
[2023-03-11T00:06:56.156+0000] {processor.py:766} INFO - DAG(s) dict_keys(['tutorial']) retrieved from /home/airflow/.local/lib/python3.7/site-packages/airflow/example_dags/tutorial.py
[2023-03-11T00:06:56.202+0000] {logging_mixin.py:120} INFO - [2023-03-11T00:06:56.202+0000] {dag.py:2585} INFO - Sync 1 DAGs
[2023-03-11T00:06:56.225+0000] {logging_mixin.py:120} INFO - [2023-03-11T00:06:56.224+0000] {dag.py:3340} INFO - Setting next_dagrun for tutorial to 2023-03-10T00:06:56.224754+00:00, run_after=2023-03-11T00:06:56.224754+00:00
[2023-03-11T00:06:56.241+0000] {processor.py:176} INFO - Processing /home/airflow/.local/lib/python3.7/site-packages/airflow/example_dags/tutorial.py took 0.108 seconds
[2023-03-11T01:13:27.800+0000] {processor.py:154} INFO - Started process (PID=35177) to work on /home/airflow/.local/lib/python3.7/site-packages/airflow/example_dags/tutorial.py
[2023-03-11T01:13:27.803+0000] {processor.py:756} INFO - Processing file /home/airflow/.local/lib/python3.7/site-packages/airflow/example_dags/tutorial.py for tasks to queue
[2023-03-11T01:13:27.804+0000] {logging_mixin.py:120} INFO - [2023-03-11T01:13:27.804+0000] {dagbag.py:537} INFO - Filling up the DagBag from /home/airflow/.local/lib/python3.7/site-packages/airflow/example_dags/tutorial.py
[2023-03-11T01:13:27.817+0000] {processor.py:766} INFO - DAG(s) dict_keys(['tutorial']) retrieved from /home/airflow/.local/lib/python3.7/site-packages/airflow/example_dags/tutorial.py
[2023-03-11T01:13:27.857+0000] {logging_mixin.py:120} INFO - [2023-03-11T01:13:27.857+0000] {dag.py:2585} INFO - Sync 1 DAGs
[2023-03-11T01:13:27.882+0000] {logging_mixin.py:120} INFO - [2023-03-11T01:13:27.881+0000] {dag.py:3340} INFO - Setting next_dagrun for tutorial to 2023-03-10T01:13:27.881225+00:00, run_after=2023-03-11T01:13:27.881225+00:00
[2023-03-11T01:13:27.920+0000] {processor.py:176} INFO - Processing /home/airflow/.local/lib/python3.7/site-packages/airflow/example_dags/tutorial.py took 0.123 seconds
[2023-03-11T02:21:51.047+0000] {processor.py:154} INFO - Started process (PID=35241) to work on /home/airflow/.local/lib/python3.7/site-packages/airflow/example_dags/tutorial.py
[2023-03-11T02:21:51.048+0000] {processor.py:756} INFO - Processing file /home/airflow/.local/lib/python3.7/site-packages/airflow/example_dags/tutorial.py for tasks to queue
[2023-03-11T02:21:51.050+0000] {logging_mixin.py:120} INFO - [2023-03-11T02:21:51.050+0000] {dagbag.py:537} INFO - Filling up the DagBag from /home/airflow/.local/lib/python3.7/site-packages/airflow/example_dags/tutorial.py
[2023-03-11T02:21:51.069+0000] {processor.py:766} INFO - DAG(s) dict_keys(['tutorial']) retrieved from /home/airflow/.local/lib/python3.7/site-packages/airflow/example_dags/tutorial.py
[2023-03-11T02:21:51.114+0000] {logging_mixin.py:120} INFO - [2023-03-11T02:21:51.114+0000] {dag.py:2585} INFO - Sync 1 DAGs
[2023-03-11T02:21:51.132+0000] {logging_mixin.py:120} INFO - [2023-03-11T02:21:51.132+0000] {dag.py:3340} INFO - Setting next_dagrun for tutorial to 2023-03-10T02:21:51.132185+00:00, run_after=2023-03-11T02:21:51.132185+00:00
[2023-03-11T02:21:51.145+0000] {processor.py:176} INFO - Processing /home/airflow/.local/lib/python3.7/site-packages/airflow/example_dags/tutorial.py took 0.105 seconds
[2023-03-11T03:28:22.818+0000] {processor.py:154} INFO - Started process (PID=35303) to work on /home/airflow/.local/lib/python3.7/site-packages/airflow/example_dags/tutorial.py
[2023-03-11T03:28:22.820+0000] {processor.py:756} INFO - Processing file /home/airflow/.local/lib/python3.7/site-packages/airflow/example_dags/tutorial.py for tasks to queue
[2023-03-11T03:28:22.821+0000] {logging_mixin.py:120} INFO - [2023-03-11T03:28:22.821+0000] {dagbag.py:537} INFO - Filling up the DagBag from /home/airflow/.local/lib/python3.7/site-packages/airflow/example_dags/tutorial.py
[2023-03-11T03:28:22.842+0000] {processor.py:766} INFO - DAG(s) dict_keys(['tutorial']) retrieved from /home/airflow/.local/lib/python3.7/site-packages/airflow/example_dags/tutorial.py
[2023-03-11T03:28:22.897+0000] {logging_mixin.py:120} INFO - [2023-03-11T03:28:22.897+0000] {dag.py:2585} INFO - Sync 1 DAGs
[2023-03-11T03:28:22.915+0000] {logging_mixin.py:120} INFO - [2023-03-11T03:28:22.915+0000] {dag.py:3340} INFO - Setting next_dagrun for tutorial to 2023-03-10T03:28:22.915302+00:00, run_after=2023-03-11T03:28:22.915302+00:00
[2023-03-11T03:28:22.928+0000] {processor.py:176} INFO - Processing /home/airflow/.local/lib/python3.7/site-packages/airflow/example_dags/tutorial.py took 0.113 seconds
[2023-03-11T04:35:25.258+0000] {processor.py:154} INFO - Started process (PID=35359) to work on /home/airflow/.local/lib/python3.7/site-packages/airflow/example_dags/tutorial.py
[2023-03-11T04:35:25.261+0000] {processor.py:756} INFO - Processing file /home/airflow/.local/lib/python3.7/site-packages/airflow/example_dags/tutorial.py for tasks to queue
[2023-03-11T04:35:25.263+0000] {logging_mixin.py:120} INFO - [2023-03-11T04:35:25.263+0000] {dagbag.py:537} INFO - Filling up the DagBag from /home/airflow/.local/lib/python3.7/site-packages/airflow/example_dags/tutorial.py
[2023-03-11T04:35:25.284+0000] {processor.py:766} INFO - DAG(s) dict_keys(['tutorial']) retrieved from /home/airflow/.local/lib/python3.7/site-packages/airflow/example_dags/tutorial.py
[2023-03-11T04:35:25.334+0000] {logging_mixin.py:120} INFO - [2023-03-11T04:35:25.334+0000] {dag.py:2585} INFO - Sync 1 DAGs
[2023-03-11T04:35:25.355+0000] {logging_mixin.py:120} INFO - [2023-03-11T04:35:25.355+0000] {dag.py:3340} INFO - Setting next_dagrun for tutorial to 2023-03-10T04:35:25.355042+00:00, run_after=2023-03-11T04:35:25.355042+00:00
[2023-03-11T04:35:25.366+0000] {processor.py:176} INFO - Processing /home/airflow/.local/lib/python3.7/site-packages/airflow/example_dags/tutorial.py took 0.113 seconds
[2023-03-11T05:41:15.097+0000] {processor.py:154} INFO - Started process (PID=35422) to work on /home/airflow/.local/lib/python3.7/site-packages/airflow/example_dags/tutorial.py
[2023-03-11T05:41:15.098+0000] {processor.py:756} INFO - Processing file /home/airflow/.local/lib/python3.7/site-packages/airflow/example_dags/tutorial.py for tasks to queue
[2023-03-11T05:41:15.099+0000] {logging_mixin.py:120} INFO - [2023-03-11T05:41:15.099+0000] {dagbag.py:537} INFO - Filling up the DagBag from /home/airflow/.local/lib/python3.7/site-packages/airflow/example_dags/tutorial.py
[2023-03-11T05:41:15.114+0000] {processor.py:766} INFO - DAG(s) dict_keys(['tutorial']) retrieved from /home/airflow/.local/lib/python3.7/site-packages/airflow/example_dags/tutorial.py
[2023-03-11T05:41:15.154+0000] {logging_mixin.py:120} INFO - [2023-03-11T05:41:15.154+0000] {dag.py:2585} INFO - Sync 1 DAGs
[2023-03-11T05:41:15.175+0000] {logging_mixin.py:120} INFO - [2023-03-11T05:41:15.175+0000] {dag.py:3340} INFO - Setting next_dagrun for tutorial to 2023-03-10T05:41:15.174939+00:00, run_after=2023-03-11T05:41:15.174939+00:00
[2023-03-11T05:41:15.192+0000] {processor.py:176} INFO - Processing /home/airflow/.local/lib/python3.7/site-packages/airflow/example_dags/tutorial.py took 0.097 seconds
[2023-03-11T06:48:03.921+0000] {processor.py:154} INFO - Started process (PID=35485) to work on /home/airflow/.local/lib/python3.7/site-packages/airflow/example_dags/tutorial.py
[2023-03-11T06:48:03.922+0000] {processor.py:756} INFO - Processing file /home/airflow/.local/lib/python3.7/site-packages/airflow/example_dags/tutorial.py for tasks to queue
[2023-03-11T06:48:03.923+0000] {logging_mixin.py:120} INFO - [2023-03-11T06:48:03.923+0000] {dagbag.py:537} INFO - Filling up the DagBag from /home/airflow/.local/lib/python3.7/site-packages/airflow/example_dags/tutorial.py
[2023-03-11T06:48:03.938+0000] {processor.py:766} INFO - DAG(s) dict_keys(['tutorial']) retrieved from /home/airflow/.local/lib/python3.7/site-packages/airflow/example_dags/tutorial.py
[2023-03-11T06:48:03.979+0000] {logging_mixin.py:120} INFO - [2023-03-11T06:48:03.979+0000] {dag.py:2585} INFO - Sync 1 DAGs
[2023-03-11T06:48:03.999+0000] {logging_mixin.py:120} INFO - [2023-03-11T06:48:03.999+0000] {dag.py:3340} INFO - Setting next_dagrun for tutorial to 2023-03-10T06:48:03.999619+00:00, run_after=2023-03-11T06:48:03.999619+00:00
[2023-03-11T06:48:04.016+0000] {processor.py:176} INFO - Processing /home/airflow/.local/lib/python3.7/site-packages/airflow/example_dags/tutorial.py took 0.099 seconds
[2023-03-11T07:54:07.493+0000] {processor.py:154} INFO - Started process (PID=35548) to work on /home/airflow/.local/lib/python3.7/site-packages/airflow/example_dags/tutorial.py
[2023-03-11T07:54:07.497+0000] {processor.py:756} INFO - Processing file /home/airflow/.local/lib/python3.7/site-packages/airflow/example_dags/tutorial.py for tasks to queue
[2023-03-11T07:54:07.498+0000] {logging_mixin.py:120} INFO - [2023-03-11T07:54:07.497+0000] {dagbag.py:537} INFO - Filling up the DagBag from /home/airflow/.local/lib/python3.7/site-packages/airflow/example_dags/tutorial.py
[2023-03-11T07:54:07.514+0000] {processor.py:766} INFO - DAG(s) dict_keys(['tutorial']) retrieved from /home/airflow/.local/lib/python3.7/site-packages/airflow/example_dags/tutorial.py
[2023-03-11T07:54:07.581+0000] {logging_mixin.py:120} INFO - [2023-03-11T07:54:07.581+0000] {dag.py:2585} INFO - Sync 1 DAGs
[2023-03-11T07:54:07.992+0000] {logging_mixin.py:120} INFO - [2023-03-11T07:54:07.992+0000] {dag.py:3340} INFO - Setting next_dagrun for tutorial to 2023-03-10T07:54:07.991556+00:00, run_after=2023-03-11T07:54:07.991556+00:00
[2023-03-11T07:54:08.067+0000] {processor.py:176} INFO - Processing /home/airflow/.local/lib/python3.7/site-packages/airflow/example_dags/tutorial.py took 0.577 seconds
[2023-03-11T09:00:25.453+0000] {processor.py:154} INFO - Started process (PID=35602) to work on /home/airflow/.local/lib/python3.7/site-packages/airflow/example_dags/tutorial.py
[2023-03-11T09:00:25.455+0000] {processor.py:756} INFO - Processing file /home/airflow/.local/lib/python3.7/site-packages/airflow/example_dags/tutorial.py for tasks to queue
[2023-03-11T09:00:25.457+0000] {logging_mixin.py:120} INFO - [2023-03-11T09:00:25.457+0000] {dagbag.py:537} INFO - Filling up the DagBag from /home/airflow/.local/lib/python3.7/site-packages/airflow/example_dags/tutorial.py
[2023-03-11T09:00:25.469+0000] {processor.py:766} INFO - DAG(s) dict_keys(['tutorial']) retrieved from /home/airflow/.local/lib/python3.7/site-packages/airflow/example_dags/tutorial.py
[2023-03-11T09:00:25.514+0000] {logging_mixin.py:120} INFO - [2023-03-11T09:00:25.514+0000] {dag.py:2585} INFO - Sync 1 DAGs
[2023-03-11T09:00:25.536+0000] {logging_mixin.py:120} INFO - [2023-03-11T09:00:25.536+0000] {dag.py:3340} INFO - Setting next_dagrun for tutorial to 2023-03-10T09:00:25.536457+00:00, run_after=2023-03-11T09:00:25.536457+00:00
[2023-03-11T09:00:25.561+0000] {processor.py:176} INFO - Processing /home/airflow/.local/lib/python3.7/site-packages/airflow/example_dags/tutorial.py took 0.112 seconds
[2023-03-11T10:06:57.959+0000] {processor.py:154} INFO - Started process (PID=35665) to work on /home/airflow/.local/lib/python3.7/site-packages/airflow/example_dags/tutorial.py
[2023-03-11T10:06:57.960+0000] {processor.py:756} INFO - Processing file /home/airflow/.local/lib/python3.7/site-packages/airflow/example_dags/tutorial.py for tasks to queue
[2023-03-11T10:06:57.963+0000] {logging_mixin.py:120} INFO - [2023-03-11T10:06:57.963+0000] {dagbag.py:537} INFO - Filling up the DagBag from /home/airflow/.local/lib/python3.7/site-packages/airflow/example_dags/tutorial.py
[2023-03-11T10:06:57.976+0000] {processor.py:766} INFO - DAG(s) dict_keys(['tutorial']) retrieved from /home/airflow/.local/lib/python3.7/site-packages/airflow/example_dags/tutorial.py
[2023-03-11T10:06:58.010+0000] {logging_mixin.py:120} INFO - [2023-03-11T10:06:58.010+0000] {dag.py:2585} INFO - Sync 1 DAGs
[2023-03-11T10:06:58.025+0000] {logging_mixin.py:120} INFO - [2023-03-11T10:06:58.025+0000] {dag.py:3340} INFO - Setting next_dagrun for tutorial to 2023-03-10T10:06:58.025592+00:00, run_after=2023-03-11T10:06:58.025592+00:00
[2023-03-11T10:06:58.037+0000] {processor.py:176} INFO - Processing /home/airflow/.local/lib/python3.7/site-packages/airflow/example_dags/tutorial.py took 0.081 seconds
[2023-03-11T11:31:10.829+0000] {processor.py:154} INFO - Started process (PID=35728) to work on /home/airflow/.local/lib/python3.7/site-packages/airflow/example_dags/tutorial.py
[2023-03-11T11:31:10.831+0000] {processor.py:756} INFO - Processing file /home/airflow/.local/lib/python3.7/site-packages/airflow/example_dags/tutorial.py for tasks to queue
[2023-03-11T11:31:10.833+0000] {logging_mixin.py:120} INFO - [2023-03-11T11:31:10.833+0000] {dagbag.py:537} INFO - Filling up the DagBag from /home/airflow/.local/lib/python3.7/site-packages/airflow/example_dags/tutorial.py
[2023-03-11T11:31:10.855+0000] {processor.py:766} INFO - DAG(s) dict_keys(['tutorial']) retrieved from /home/airflow/.local/lib/python3.7/site-packages/airflow/example_dags/tutorial.py
[2023-03-11T11:31:10.894+0000] {logging_mixin.py:120} INFO - [2023-03-11T11:31:10.894+0000] {dag.py:2585} INFO - Sync 1 DAGs
[2023-03-11T11:31:10.912+0000] {logging_mixin.py:120} INFO - [2023-03-11T11:31:10.911+0000] {dag.py:3340} INFO - Setting next_dagrun for tutorial to 2023-03-10T11:31:10.911713+00:00, run_after=2023-03-11T11:31:10.911713+00:00
[2023-03-11T11:31:10.932+0000] {processor.py:176} INFO - Processing /home/airflow/.local/lib/python3.7/site-packages/airflow/example_dags/tutorial.py took 0.107 seconds
[2023-03-11T12:37:41.098+0000] {processor.py:154} INFO - Started process (PID=35791) to work on /home/airflow/.local/lib/python3.7/site-packages/airflow/example_dags/tutorial.py
[2023-03-11T12:37:41.100+0000] {processor.py:756} INFO - Processing file /home/airflow/.local/lib/python3.7/site-packages/airflow/example_dags/tutorial.py for tasks to queue
[2023-03-11T12:37:41.102+0000] {logging_mixin.py:120} INFO - [2023-03-11T12:37:41.101+0000] {dagbag.py:537} INFO - Filling up the DagBag from /home/airflow/.local/lib/python3.7/site-packages/airflow/example_dags/tutorial.py
[2023-03-11T12:37:41.115+0000] {processor.py:766} INFO - DAG(s) dict_keys(['tutorial']) retrieved from /home/airflow/.local/lib/python3.7/site-packages/airflow/example_dags/tutorial.py
[2023-03-11T12:37:41.149+0000] {logging_mixin.py:120} INFO - [2023-03-11T12:37:41.149+0000] {dag.py:2585} INFO - Sync 1 DAGs
[2023-03-11T12:37:41.165+0000] {logging_mixin.py:120} INFO - [2023-03-11T12:37:41.165+0000] {dag.py:3340} INFO - Setting next_dagrun for tutorial to 2023-03-10T12:37:41.165529+00:00, run_after=2023-03-11T12:37:41.165529+00:00
[2023-03-11T12:37:41.178+0000] {processor.py:176} INFO - Processing /home/airflow/.local/lib/python3.7/site-packages/airflow/example_dags/tutorial.py took 0.086 seconds
[2023-03-11T13:38:02.200+0000] {processor.py:154} INFO - Started process (PID=35853) to work on /home/airflow/.local/lib/python3.7/site-packages/airflow/example_dags/tutorial.py
[2023-03-11T13:38:02.201+0000] {processor.py:756} INFO - Processing file /home/airflow/.local/lib/python3.7/site-packages/airflow/example_dags/tutorial.py for tasks to queue
[2023-03-11T13:38:02.202+0000] {logging_mixin.py:120} INFO - [2023-03-11T13:38:02.202+0000] {dagbag.py:537} INFO - Filling up the DagBag from /home/airflow/.local/lib/python3.7/site-packages/airflow/example_dags/tutorial.py
[2023-03-11T13:38:02.221+0000] {processor.py:766} INFO - DAG(s) dict_keys(['tutorial']) retrieved from /home/airflow/.local/lib/python3.7/site-packages/airflow/example_dags/tutorial.py
[2023-03-11T13:38:02.273+0000] {logging_mixin.py:120} INFO - [2023-03-11T13:38:02.273+0000] {dag.py:2585} INFO - Sync 1 DAGs
[2023-03-11T13:38:02.294+0000] {logging_mixin.py:120} INFO - [2023-03-11T13:38:02.294+0000] {dag.py:3340} INFO - Setting next_dagrun for tutorial to 2023-03-10T13:38:02.294320+00:00, run_after=2023-03-11T13:38:02.294320+00:00
[2023-03-11T13:38:02.318+0000] {processor.py:176} INFO - Processing /home/airflow/.local/lib/python3.7/site-packages/airflow/example_dags/tutorial.py took 0.122 seconds
[2023-03-11T14:47:59.980+0000] {processor.py:154} INFO - Started process (PID=35907) to work on /home/airflow/.local/lib/python3.7/site-packages/airflow/example_dags/tutorial.py
[2023-03-11T14:47:59.981+0000] {processor.py:756} INFO - Processing file /home/airflow/.local/lib/python3.7/site-packages/airflow/example_dags/tutorial.py for tasks to queue
[2023-03-11T14:47:59.986+0000] {logging_mixin.py:120} INFO - [2023-03-11T14:47:59.986+0000] {dagbag.py:537} INFO - Filling up the DagBag from /home/airflow/.local/lib/python3.7/site-packages/airflow/example_dags/tutorial.py
[2023-03-11T14:47:59.996+0000] {processor.py:766} INFO - DAG(s) dict_keys(['tutorial']) retrieved from /home/airflow/.local/lib/python3.7/site-packages/airflow/example_dags/tutorial.py
[2023-03-11T14:48:00.041+0000] {logging_mixin.py:120} INFO - [2023-03-11T14:48:00.041+0000] {dag.py:2585} INFO - Sync 1 DAGs
[2023-03-11T14:48:00.059+0000] {logging_mixin.py:120} INFO - [2023-03-11T14:48:00.059+0000] {dag.py:3340} INFO - Setting next_dagrun for tutorial to 2023-03-10T14:48:00.059028+00:00, run_after=2023-03-11T14:48:00.059028+00:00
[2023-03-11T14:48:00.076+0000] {processor.py:176} INFO - Processing /home/airflow/.local/lib/python3.7/site-packages/airflow/example_dags/tutorial.py took 0.098 seconds
[2023-03-11T16:07:42.038+0000] {processor.py:154} INFO - Started process (PID=35970) to work on /home/airflow/.local/lib/python3.7/site-packages/airflow/example_dags/tutorial.py
[2023-03-11T16:07:42.041+0000] {processor.py:756} INFO - Processing file /home/airflow/.local/lib/python3.7/site-packages/airflow/example_dags/tutorial.py for tasks to queue
[2023-03-11T16:07:42.041+0000] {logging_mixin.py:120} INFO - [2023-03-11T16:07:42.041+0000] {dagbag.py:537} INFO - Filling up the DagBag from /home/airflow/.local/lib/python3.7/site-packages/airflow/example_dags/tutorial.py
[2023-03-11T16:07:42.057+0000] {processor.py:766} INFO - DAG(s) dict_keys(['tutorial']) retrieved from /home/airflow/.local/lib/python3.7/site-packages/airflow/example_dags/tutorial.py
[2023-03-11T16:07:42.087+0000] {logging_mixin.py:120} INFO - [2023-03-11T16:07:42.086+0000] {dag.py:2585} INFO - Sync 1 DAGs
[2023-03-11T16:07:42.102+0000] {logging_mixin.py:120} INFO - [2023-03-11T16:07:42.102+0000] {dag.py:3340} INFO - Setting next_dagrun for tutorial to 2023-03-10T16:07:42.102185+00:00, run_after=2023-03-11T16:07:42.102185+00:00
[2023-03-11T16:07:42.120+0000] {processor.py:176} INFO - Processing /home/airflow/.local/lib/python3.7/site-packages/airflow/example_dags/tutorial.py took 0.085 seconds
[2023-03-11T17:14:06.807+0000] {processor.py:154} INFO - Started process (PID=36033) to work on /home/airflow/.local/lib/python3.7/site-packages/airflow/example_dags/tutorial.py
[2023-03-11T17:14:06.810+0000] {processor.py:756} INFO - Processing file /home/airflow/.local/lib/python3.7/site-packages/airflow/example_dags/tutorial.py for tasks to queue
[2023-03-11T17:14:06.811+0000] {logging_mixin.py:120} INFO - [2023-03-11T17:14:06.811+0000] {dagbag.py:537} INFO - Filling up the DagBag from /home/airflow/.local/lib/python3.7/site-packages/airflow/example_dags/tutorial.py
[2023-03-11T17:14:06.821+0000] {processor.py:766} INFO - DAG(s) dict_keys(['tutorial']) retrieved from /home/airflow/.local/lib/python3.7/site-packages/airflow/example_dags/tutorial.py
[2023-03-11T17:14:06.870+0000] {logging_mixin.py:120} INFO - [2023-03-11T17:14:06.870+0000] {dag.py:2585} INFO - Sync 1 DAGs
[2023-03-11T17:14:06.889+0000] {logging_mixin.py:120} INFO - [2023-03-11T17:14:06.889+0000] {dag.py:3340} INFO - Setting next_dagrun for tutorial to 2023-03-10T17:14:06.889249+00:00, run_after=2023-03-11T17:14:06.889249+00:00
[2023-03-11T17:14:06.908+0000] {processor.py:176} INFO - Processing /home/airflow/.local/lib/python3.7/site-packages/airflow/example_dags/tutorial.py took 0.104 seconds
[2023-03-11T18:22:31.153+0000] {processor.py:154} INFO - Started process (PID=36095) to work on /home/airflow/.local/lib/python3.7/site-packages/airflow/example_dags/tutorial.py
[2023-03-11T18:22:31.156+0000] {processor.py:756} INFO - Processing file /home/airflow/.local/lib/python3.7/site-packages/airflow/example_dags/tutorial.py for tasks to queue
[2023-03-11T18:22:31.157+0000] {logging_mixin.py:120} INFO - [2023-03-11T18:22:31.157+0000] {dagbag.py:537} INFO - Filling up the DagBag from /home/airflow/.local/lib/python3.7/site-packages/airflow/example_dags/tutorial.py
[2023-03-11T18:22:31.167+0000] {processor.py:766} INFO - DAG(s) dict_keys(['tutorial']) retrieved from /home/airflow/.local/lib/python3.7/site-packages/airflow/example_dags/tutorial.py
[2023-03-11T18:22:31.206+0000] {logging_mixin.py:120} INFO - [2023-03-11T18:22:31.206+0000] {dag.py:2585} INFO - Sync 1 DAGs
[2023-03-11T18:22:31.220+0000] {logging_mixin.py:120} INFO - [2023-03-11T18:22:31.220+0000] {dag.py:3340} INFO - Setting next_dagrun for tutorial to 2023-03-10T18:22:31.220388+00:00, run_after=2023-03-11T18:22:31.220388+00:00
[2023-03-11T18:22:31.239+0000] {processor.py:176} INFO - Processing /home/airflow/.local/lib/python3.7/site-packages/airflow/example_dags/tutorial.py took 0.090 seconds
[2023-03-11T19:27:37.427+0000] {processor.py:154} INFO - Started process (PID=36149) to work on /home/airflow/.local/lib/python3.7/site-packages/airflow/example_dags/tutorial.py
[2023-03-11T19:27:37.428+0000] {processor.py:756} INFO - Processing file /home/airflow/.local/lib/python3.7/site-packages/airflow/example_dags/tutorial.py for tasks to queue
[2023-03-11T19:27:37.429+0000] {logging_mixin.py:120} INFO - [2023-03-11T19:27:37.429+0000] {dagbag.py:537} INFO - Filling up the DagBag from /home/airflow/.local/lib/python3.7/site-packages/airflow/example_dags/tutorial.py
[2023-03-11T19:27:37.442+0000] {processor.py:766} INFO - DAG(s) dict_keys(['tutorial']) retrieved from /home/airflow/.local/lib/python3.7/site-packages/airflow/example_dags/tutorial.py
[2023-03-11T19:27:37.485+0000] {logging_mixin.py:120} INFO - [2023-03-11T19:27:37.485+0000] {dag.py:2585} INFO - Sync 1 DAGs
[2023-03-11T19:27:37.501+0000] {logging_mixin.py:120} INFO - [2023-03-11T19:27:37.501+0000] {dag.py:3340} INFO - Setting next_dagrun for tutorial to 2023-03-10T19:27:37.500818+00:00, run_after=2023-03-11T19:27:37.500818+00:00
[2023-03-11T19:27:37.524+0000] {processor.py:176} INFO - Processing /home/airflow/.local/lib/python3.7/site-packages/airflow/example_dags/tutorial.py took 0.100 seconds
[2023-03-11T20:33:22.607+0000] {processor.py:154} INFO - Started process (PID=36212) to work on /home/airflow/.local/lib/python3.7/site-packages/airflow/example_dags/tutorial.py
[2023-03-11T20:33:22.611+0000] {processor.py:756} INFO - Processing file /home/airflow/.local/lib/python3.7/site-packages/airflow/example_dags/tutorial.py for tasks to queue
[2023-03-11T20:33:22.618+0000] {logging_mixin.py:120} INFO - [2023-03-11T20:33:22.618+0000] {dagbag.py:537} INFO - Filling up the DagBag from /home/airflow/.local/lib/python3.7/site-packages/airflow/example_dags/tutorial.py
[2023-03-11T20:33:22.628+0000] {processor.py:766} INFO - DAG(s) dict_keys(['tutorial']) retrieved from /home/airflow/.local/lib/python3.7/site-packages/airflow/example_dags/tutorial.py
[2023-03-11T20:33:22.678+0000] {logging_mixin.py:120} INFO - [2023-03-11T20:33:22.678+0000] {dag.py:2585} INFO - Sync 1 DAGs
[2023-03-11T20:33:22.707+0000] {logging_mixin.py:120} INFO - [2023-03-11T20:33:22.707+0000] {dag.py:3340} INFO - Setting next_dagrun for tutorial to 2023-03-10T20:33:22.706799+00:00, run_after=2023-03-11T20:33:22.706799+00:00
[2023-03-11T20:33:22.733+0000] {processor.py:176} INFO - Processing /home/airflow/.local/lib/python3.7/site-packages/airflow/example_dags/tutorial.py took 0.130 seconds
[2023-03-11T21:49:21.858+0000] {processor.py:154} INFO - Started process (PID=36275) to work on /home/airflow/.local/lib/python3.7/site-packages/airflow/example_dags/tutorial.py
[2023-03-11T21:49:21.860+0000] {processor.py:756} INFO - Processing file /home/airflow/.local/lib/python3.7/site-packages/airflow/example_dags/tutorial.py for tasks to queue
[2023-03-11T21:49:21.861+0000] {logging_mixin.py:120} INFO - [2023-03-11T21:49:21.861+0000] {dagbag.py:537} INFO - Filling up the DagBag from /home/airflow/.local/lib/python3.7/site-packages/airflow/example_dags/tutorial.py
[2023-03-11T21:49:21.875+0000] {processor.py:766} INFO - DAG(s) dict_keys(['tutorial']) retrieved from /home/airflow/.local/lib/python3.7/site-packages/airflow/example_dags/tutorial.py
[2023-03-11T21:49:21.911+0000] {logging_mixin.py:120} INFO - [2023-03-11T21:49:21.911+0000] {dag.py:2585} INFO - Sync 1 DAGs
[2023-03-11T21:49:21.933+0000] {logging_mixin.py:120} INFO - [2023-03-11T21:49:21.933+0000] {dag.py:3340} INFO - Setting next_dagrun for tutorial to 2023-03-10T21:49:21.933244+00:00, run_after=2023-03-11T21:49:21.933244+00:00
[2023-03-11T21:49:21.959+0000] {processor.py:176} INFO - Processing /home/airflow/.local/lib/python3.7/site-packages/airflow/example_dags/tutorial.py took 0.104 seconds
[2023-03-11T22:58:03.981+0000] {processor.py:154} INFO - Started process (PID=36338) to work on /home/airflow/.local/lib/python3.7/site-packages/airflow/example_dags/tutorial.py
[2023-03-11T22:58:03.982+0000] {processor.py:756} INFO - Processing file /home/airflow/.local/lib/python3.7/site-packages/airflow/example_dags/tutorial.py for tasks to queue
[2023-03-11T22:58:03.983+0000] {logging_mixin.py:120} INFO - [2023-03-11T22:58:03.983+0000] {dagbag.py:537} INFO - Filling up the DagBag from /home/airflow/.local/lib/python3.7/site-packages/airflow/example_dags/tutorial.py
[2023-03-11T22:58:03.996+0000] {processor.py:766} INFO - DAG(s) dict_keys(['tutorial']) retrieved from /home/airflow/.local/lib/python3.7/site-packages/airflow/example_dags/tutorial.py
[2023-03-11T22:58:04.026+0000] {logging_mixin.py:120} INFO - [2023-03-11T22:58:04.026+0000] {dag.py:2585} INFO - Sync 1 DAGs
[2023-03-11T22:58:04.047+0000] {logging_mixin.py:120} INFO - [2023-03-11T22:58:04.046+0000] {dag.py:3340} INFO - Setting next_dagrun for tutorial to 2023-03-10T22:58:04.046764+00:00, run_after=2023-03-11T22:58:04.046764+00:00
[2023-03-11T22:58:04.063+0000] {processor.py:176} INFO - Processing /home/airflow/.local/lib/python3.7/site-packages/airflow/example_dags/tutorial.py took 0.085 seconds
