[2023-03-11T00:06:53.928+0000] {processor.py:154} INFO - Started process (PID=35091) to work on /home/airflow/.local/lib/python3.7/site-packages/airflow/example_dags/tutorial_dag.py
[2023-03-11T00:06:53.929+0000] {processor.py:756} INFO - Processing file /home/airflow/.local/lib/python3.7/site-packages/airflow/example_dags/tutorial_dag.py for tasks to queue
[2023-03-11T00:06:53.944+0000] {logging_mixin.py:120} INFO - [2023-03-11T00:06:53.944+0000] {dagbag.py:537} INFO - Filling up the DagBag from /home/airflow/.local/lib/python3.7/site-packages/airflow/example_dags/tutorial_dag.py
[2023-03-11T00:06:53.967+0000] {processor.py:766} INFO - DAG(s) dict_keys(['tutorial_dag']) retrieved from /home/airflow/.local/lib/python3.7/site-packages/airflow/example_dags/tutorial_dag.py
[2023-03-11T00:06:54.033+0000] {logging_mixin.py:120} INFO - [2023-03-11T00:06:54.033+0000] {dag.py:2585} INFO - Sync 1 DAGs
[2023-03-11T00:06:54.054+0000] {logging_mixin.py:120} INFO - [2023-03-11T00:06:54.054+0000] {dag.py:3340} INFO - Setting next_dagrun for tutorial_dag to None, run_after=None
[2023-03-11T00:06:54.072+0000] {processor.py:176} INFO - Processing /home/airflow/.local/lib/python3.7/site-packages/airflow/example_dags/tutorial_dag.py took 0.146 seconds
[2023-03-11T01:13:26.021+0000] {processor.py:154} INFO - Started process (PID=35154) to work on /home/airflow/.local/lib/python3.7/site-packages/airflow/example_dags/tutorial_dag.py
[2023-03-11T01:13:26.022+0000] {processor.py:756} INFO - Processing file /home/airflow/.local/lib/python3.7/site-packages/airflow/example_dags/tutorial_dag.py for tasks to queue
[2023-03-11T01:13:26.023+0000] {logging_mixin.py:120} INFO - [2023-03-11T01:13:26.023+0000] {dagbag.py:537} INFO - Filling up the DagBag from /home/airflow/.local/lib/python3.7/site-packages/airflow/example_dags/tutorial_dag.py
[2023-03-11T01:13:26.034+0000] {processor.py:766} INFO - DAG(s) dict_keys(['tutorial_dag']) retrieved from /home/airflow/.local/lib/python3.7/site-packages/airflow/example_dags/tutorial_dag.py
[2023-03-11T01:13:26.062+0000] {logging_mixin.py:120} INFO - [2023-03-11T01:13:26.062+0000] {dag.py:2585} INFO - Sync 1 DAGs
[2023-03-11T01:13:26.076+0000] {logging_mixin.py:120} INFO - [2023-03-11T01:13:26.075+0000] {dag.py:3340} INFO - Setting next_dagrun for tutorial_dag to None, run_after=None
[2023-03-11T01:13:26.086+0000] {processor.py:176} INFO - Processing /home/airflow/.local/lib/python3.7/site-packages/airflow/example_dags/tutorial_dag.py took 0.068 seconds
[2023-03-11T02:21:48.878+0000] {processor.py:154} INFO - Started process (PID=35218) to work on /home/airflow/.local/lib/python3.7/site-packages/airflow/example_dags/tutorial_dag.py
[2023-03-11T02:21:48.882+0000] {processor.py:756} INFO - Processing file /home/airflow/.local/lib/python3.7/site-packages/airflow/example_dags/tutorial_dag.py for tasks to queue
[2023-03-11T02:21:48.883+0000] {logging_mixin.py:120} INFO - [2023-03-11T02:21:48.883+0000] {dagbag.py:537} INFO - Filling up the DagBag from /home/airflow/.local/lib/python3.7/site-packages/airflow/example_dags/tutorial_dag.py
[2023-03-11T02:21:48.900+0000] {processor.py:766} INFO - DAG(s) dict_keys(['tutorial_dag']) retrieved from /home/airflow/.local/lib/python3.7/site-packages/airflow/example_dags/tutorial_dag.py
[2023-03-11T02:21:49.013+0000] {logging_mixin.py:120} INFO - [2023-03-11T02:21:49.013+0000] {dag.py:2585} INFO - Sync 1 DAGs
[2023-03-11T02:21:49.049+0000] {logging_mixin.py:120} INFO - [2023-03-11T02:21:49.049+0000] {dag.py:3340} INFO - Setting next_dagrun for tutorial_dag to None, run_after=None
[2023-03-11T02:21:49.103+0000] {processor.py:176} INFO - Processing /home/airflow/.local/lib/python3.7/site-packages/airflow/example_dags/tutorial_dag.py took 0.227 seconds
[2023-03-11T03:28:20.399+0000] {processor.py:154} INFO - Started process (PID=35272) to work on /home/airflow/.local/lib/python3.7/site-packages/airflow/example_dags/tutorial_dag.py
[2023-03-11T03:28:20.400+0000] {processor.py:756} INFO - Processing file /home/airflow/.local/lib/python3.7/site-packages/airflow/example_dags/tutorial_dag.py for tasks to queue
[2023-03-11T03:28:20.401+0000] {logging_mixin.py:120} INFO - [2023-03-11T03:28:20.401+0000] {dagbag.py:537} INFO - Filling up the DagBag from /home/airflow/.local/lib/python3.7/site-packages/airflow/example_dags/tutorial_dag.py
[2023-03-11T03:28:20.411+0000] {processor.py:766} INFO - DAG(s) dict_keys(['tutorial_dag']) retrieved from /home/airflow/.local/lib/python3.7/site-packages/airflow/example_dags/tutorial_dag.py
[2023-03-11T03:28:20.439+0000] {logging_mixin.py:120} INFO - [2023-03-11T03:28:20.439+0000] {dag.py:2585} INFO - Sync 1 DAGs
[2023-03-11T03:28:20.453+0000] {logging_mixin.py:120} INFO - [2023-03-11T03:28:20.453+0000] {dag.py:3340} INFO - Setting next_dagrun for tutorial_dag to None, run_after=None
[2023-03-11T03:28:20.464+0000] {processor.py:176} INFO - Processing /home/airflow/.local/lib/python3.7/site-packages/airflow/example_dags/tutorial_dag.py took 0.067 seconds
[2023-03-11T04:35:23.067+0000] {processor.py:154} INFO - Started process (PID=35336) to work on /home/airflow/.local/lib/python3.7/site-packages/airflow/example_dags/tutorial_dag.py
[2023-03-11T04:35:23.071+0000] {processor.py:756} INFO - Processing file /home/airflow/.local/lib/python3.7/site-packages/airflow/example_dags/tutorial_dag.py for tasks to queue
[2023-03-11T04:35:23.072+0000] {logging_mixin.py:120} INFO - [2023-03-11T04:35:23.072+0000] {dagbag.py:537} INFO - Filling up the DagBag from /home/airflow/.local/lib/python3.7/site-packages/airflow/example_dags/tutorial_dag.py
[2023-03-11T04:35:23.092+0000] {processor.py:766} INFO - DAG(s) dict_keys(['tutorial_dag']) retrieved from /home/airflow/.local/lib/python3.7/site-packages/airflow/example_dags/tutorial_dag.py
[2023-03-11T04:35:23.167+0000] {logging_mixin.py:120} INFO - [2023-03-11T04:35:23.166+0000] {dag.py:2585} INFO - Sync 1 DAGs
[2023-03-11T04:35:23.200+0000] {logging_mixin.py:120} INFO - [2023-03-11T04:35:23.200+0000] {dag.py:3340} INFO - Setting next_dagrun for tutorial_dag to None, run_after=None
[2023-03-11T04:35:23.221+0000] {processor.py:176} INFO - Processing /home/airflow/.local/lib/python3.7/site-packages/airflow/example_dags/tutorial_dag.py took 0.157 seconds
[2023-03-11T05:41:13.320+0000] {processor.py:154} INFO - Started process (PID=35399) to work on /home/airflow/.local/lib/python3.7/site-packages/airflow/example_dags/tutorial_dag.py
[2023-03-11T05:41:13.321+0000] {processor.py:756} INFO - Processing file /home/airflow/.local/lib/python3.7/site-packages/airflow/example_dags/tutorial_dag.py for tasks to queue
[2023-03-11T05:41:13.321+0000] {logging_mixin.py:120} INFO - [2023-03-11T05:41:13.321+0000] {dagbag.py:537} INFO - Filling up the DagBag from /home/airflow/.local/lib/python3.7/site-packages/airflow/example_dags/tutorial_dag.py
[2023-03-11T05:41:13.331+0000] {processor.py:766} INFO - DAG(s) dict_keys(['tutorial_dag']) retrieved from /home/airflow/.local/lib/python3.7/site-packages/airflow/example_dags/tutorial_dag.py
[2023-03-11T05:41:13.359+0000] {logging_mixin.py:120} INFO - [2023-03-11T05:41:13.359+0000] {dag.py:2585} INFO - Sync 1 DAGs
[2023-03-11T05:41:13.373+0000] {logging_mixin.py:120} INFO - [2023-03-11T05:41:13.373+0000] {dag.py:3340} INFO - Setting next_dagrun for tutorial_dag to None, run_after=None
[2023-03-11T05:41:13.384+0000] {processor.py:176} INFO - Processing /home/airflow/.local/lib/python3.7/site-packages/airflow/example_dags/tutorial_dag.py took 0.066 seconds
[2023-03-11T06:48:01.860+0000] {processor.py:154} INFO - Started process (PID=35462) to work on /home/airflow/.local/lib/python3.7/site-packages/airflow/example_dags/tutorial_dag.py
[2023-03-11T06:48:01.862+0000] {processor.py:756} INFO - Processing file /home/airflow/.local/lib/python3.7/site-packages/airflow/example_dags/tutorial_dag.py for tasks to queue
[2023-03-11T06:48:01.864+0000] {logging_mixin.py:120} INFO - [2023-03-11T06:48:01.864+0000] {dagbag.py:537} INFO - Filling up the DagBag from /home/airflow/.local/lib/python3.7/site-packages/airflow/example_dags/tutorial_dag.py
[2023-03-11T06:48:01.886+0000] {processor.py:766} INFO - DAG(s) dict_keys(['tutorial_dag']) retrieved from /home/airflow/.local/lib/python3.7/site-packages/airflow/example_dags/tutorial_dag.py
[2023-03-11T06:48:01.959+0000] {logging_mixin.py:120} INFO - [2023-03-11T06:48:01.959+0000] {dag.py:2585} INFO - Sync 1 DAGs
[2023-03-11T06:48:01.995+0000] {logging_mixin.py:120} INFO - [2023-03-11T06:48:01.995+0000] {dag.py:3340} INFO - Setting next_dagrun for tutorial_dag to None, run_after=None
[2023-03-11T06:48:02.028+0000] {processor.py:176} INFO - Processing /home/airflow/.local/lib/python3.7/site-packages/airflow/example_dags/tutorial_dag.py took 0.171 seconds
[2023-03-11T07:54:04.965+0000] {processor.py:154} INFO - Started process (PID=35516) to work on /home/airflow/.local/lib/python3.7/site-packages/airflow/example_dags/tutorial_dag.py
[2023-03-11T07:54:04.969+0000] {processor.py:756} INFO - Processing file /home/airflow/.local/lib/python3.7/site-packages/airflow/example_dags/tutorial_dag.py for tasks to queue
[2023-03-11T07:54:04.970+0000] {logging_mixin.py:120} INFO - [2023-03-11T07:54:04.970+0000] {dagbag.py:537} INFO - Filling up the DagBag from /home/airflow/.local/lib/python3.7/site-packages/airflow/example_dags/tutorial_dag.py
[2023-03-11T07:54:04.991+0000] {processor.py:766} INFO - DAG(s) dict_keys(['tutorial_dag']) retrieved from /home/airflow/.local/lib/python3.7/site-packages/airflow/example_dags/tutorial_dag.py
[2023-03-11T07:54:05.052+0000] {logging_mixin.py:120} INFO - [2023-03-11T07:54:05.052+0000] {dag.py:2585} INFO - Sync 1 DAGs
[2023-03-11T07:54:05.075+0000] {logging_mixin.py:120} INFO - [2023-03-11T07:54:05.075+0000] {dag.py:3340} INFO - Setting next_dagrun for tutorial_dag to None, run_after=None
[2023-03-11T07:54:05.092+0000] {processor.py:176} INFO - Processing /home/airflow/.local/lib/python3.7/site-packages/airflow/example_dags/tutorial_dag.py took 0.135 seconds
[2023-03-11T09:00:22.964+0000] {processor.py:154} INFO - Started process (PID=35579) to work on /home/airflow/.local/lib/python3.7/site-packages/airflow/example_dags/tutorial_dag.py
[2023-03-11T09:00:22.965+0000] {processor.py:756} INFO - Processing file /home/airflow/.local/lib/python3.7/site-packages/airflow/example_dags/tutorial_dag.py for tasks to queue
[2023-03-11T09:00:22.968+0000] {logging_mixin.py:120} INFO - [2023-03-11T09:00:22.968+0000] {dagbag.py:537} INFO - Filling up the DagBag from /home/airflow/.local/lib/python3.7/site-packages/airflow/example_dags/tutorial_dag.py
[2023-03-11T09:00:22.985+0000] {processor.py:766} INFO - DAG(s) dict_keys(['tutorial_dag']) retrieved from /home/airflow/.local/lib/python3.7/site-packages/airflow/example_dags/tutorial_dag.py
[2023-03-11T09:00:23.041+0000] {logging_mixin.py:120} INFO - [2023-03-11T09:00:23.041+0000] {dag.py:2585} INFO - Sync 1 DAGs
[2023-03-11T09:00:23.063+0000] {logging_mixin.py:120} INFO - [2023-03-11T09:00:23.063+0000] {dag.py:3340} INFO - Setting next_dagrun for tutorial_dag to None, run_after=None
[2023-03-11T09:00:23.083+0000] {processor.py:176} INFO - Processing /home/airflow/.local/lib/python3.7/site-packages/airflow/example_dags/tutorial_dag.py took 0.122 seconds
[2023-03-11T10:06:55.487+0000] {processor.py:154} INFO - Started process (PID=35642) to work on /home/airflow/.local/lib/python3.7/site-packages/airflow/example_dags/tutorial_dag.py
[2023-03-11T10:06:55.488+0000] {processor.py:756} INFO - Processing file /home/airflow/.local/lib/python3.7/site-packages/airflow/example_dags/tutorial_dag.py for tasks to queue
[2023-03-11T10:06:55.489+0000] {logging_mixin.py:120} INFO - [2023-03-11T10:06:55.489+0000] {dagbag.py:537} INFO - Filling up the DagBag from /home/airflow/.local/lib/python3.7/site-packages/airflow/example_dags/tutorial_dag.py
[2023-03-11T10:06:55.499+0000] {processor.py:766} INFO - DAG(s) dict_keys(['tutorial_dag']) retrieved from /home/airflow/.local/lib/python3.7/site-packages/airflow/example_dags/tutorial_dag.py
[2023-03-11T10:06:55.527+0000] {logging_mixin.py:120} INFO - [2023-03-11T10:06:55.527+0000] {dag.py:2585} INFO - Sync 1 DAGs
[2023-03-11T10:06:55.768+0000] {logging_mixin.py:120} INFO - [2023-03-11T10:06:55.767+0000] {dag.py:3340} INFO - Setting next_dagrun for tutorial_dag to None, run_after=None
[2023-03-11T10:06:55.867+0000] {processor.py:176} INFO - Processing /home/airflow/.local/lib/python3.7/site-packages/airflow/example_dags/tutorial_dag.py took 0.382 seconds
[2023-03-11T11:31:08.803+0000] {processor.py:154} INFO - Started process (PID=35705) to work on /home/airflow/.local/lib/python3.7/site-packages/airflow/example_dags/tutorial_dag.py
[2023-03-11T11:31:08.807+0000] {processor.py:756} INFO - Processing file /home/airflow/.local/lib/python3.7/site-packages/airflow/example_dags/tutorial_dag.py for tasks to queue
[2023-03-11T11:31:08.810+0000] {logging_mixin.py:120} INFO - [2023-03-11T11:31:08.809+0000] {dagbag.py:537} INFO - Filling up the DagBag from /home/airflow/.local/lib/python3.7/site-packages/airflow/example_dags/tutorial_dag.py
[2023-03-11T11:31:08.833+0000] {processor.py:766} INFO - DAG(s) dict_keys(['tutorial_dag']) retrieved from /home/airflow/.local/lib/python3.7/site-packages/airflow/example_dags/tutorial_dag.py
[2023-03-11T11:31:08.885+0000] {logging_mixin.py:120} INFO - [2023-03-11T11:31:08.885+0000] {dag.py:2585} INFO - Sync 1 DAGs
[2023-03-11T11:31:08.912+0000] {logging_mixin.py:120} INFO - [2023-03-11T11:31:08.912+0000] {dag.py:3340} INFO - Setting next_dagrun for tutorial_dag to None, run_after=None
[2023-03-11T11:31:08.934+0000] {processor.py:176} INFO - Processing /home/airflow/.local/lib/python3.7/site-packages/airflow/example_dags/tutorial_dag.py took 0.135 seconds
[2023-03-11T12:37:38.886+0000] {processor.py:154} INFO - Started process (PID=35768) to work on /home/airflow/.local/lib/python3.7/site-packages/airflow/example_dags/tutorial_dag.py
[2023-03-11T12:37:38.895+0000] {processor.py:756} INFO - Processing file /home/airflow/.local/lib/python3.7/site-packages/airflow/example_dags/tutorial_dag.py for tasks to queue
[2023-03-11T12:37:38.896+0000] {logging_mixin.py:120} INFO - [2023-03-11T12:37:38.896+0000] {dagbag.py:537} INFO - Filling up the DagBag from /home/airflow/.local/lib/python3.7/site-packages/airflow/example_dags/tutorial_dag.py
[2023-03-11T12:37:38.924+0000] {processor.py:766} INFO - DAG(s) dict_keys(['tutorial_dag']) retrieved from /home/airflow/.local/lib/python3.7/site-packages/airflow/example_dags/tutorial_dag.py
[2023-03-11T12:37:38.990+0000] {logging_mixin.py:120} INFO - [2023-03-11T12:37:38.990+0000] {dag.py:2585} INFO - Sync 1 DAGs
[2023-03-11T12:37:39.023+0000] {logging_mixin.py:120} INFO - [2023-03-11T12:37:39.023+0000] {dag.py:3340} INFO - Setting next_dagrun for tutorial_dag to None, run_after=None
[2023-03-11T12:37:39.045+0000] {processor.py:176} INFO - Processing /home/airflow/.local/lib/python3.7/site-packages/airflow/example_dags/tutorial_dag.py took 0.171 seconds
[2023-03-11T13:37:59.831+0000] {processor.py:154} INFO - Started process (PID=35822) to work on /home/airflow/.local/lib/python3.7/site-packages/airflow/example_dags/tutorial_dag.py
[2023-03-11T13:37:59.833+0000] {processor.py:756} INFO - Processing file /home/airflow/.local/lib/python3.7/site-packages/airflow/example_dags/tutorial_dag.py for tasks to queue
[2023-03-11T13:37:59.834+0000] {logging_mixin.py:120} INFO - [2023-03-11T13:37:59.834+0000] {dagbag.py:537} INFO - Filling up the DagBag from /home/airflow/.local/lib/python3.7/site-packages/airflow/example_dags/tutorial_dag.py
[2023-03-11T13:37:59.857+0000] {processor.py:766} INFO - DAG(s) dict_keys(['tutorial_dag']) retrieved from /home/airflow/.local/lib/python3.7/site-packages/airflow/example_dags/tutorial_dag.py
[2023-03-11T13:37:59.908+0000] {logging_mixin.py:120} INFO - [2023-03-11T13:37:59.908+0000] {dag.py:2585} INFO - Sync 1 DAGs
[2023-03-11T13:37:59.949+0000] {logging_mixin.py:120} INFO - [2023-03-11T13:37:59.949+0000] {dag.py:3340} INFO - Setting next_dagrun for tutorial_dag to None, run_after=None
[2023-03-11T13:37:59.968+0000] {processor.py:176} INFO - Processing /home/airflow/.local/lib/python3.7/site-packages/airflow/example_dags/tutorial_dag.py took 0.144 seconds
[2023-03-11T14:47:57.369+0000] {processor.py:154} INFO - Started process (PID=35884) to work on /home/airflow/.local/lib/python3.7/site-packages/airflow/example_dags/tutorial_dag.py
[2023-03-11T14:47:57.370+0000] {processor.py:756} INFO - Processing file /home/airflow/.local/lib/python3.7/site-packages/airflow/example_dags/tutorial_dag.py for tasks to queue
[2023-03-11T14:47:57.371+0000] {logging_mixin.py:120} INFO - [2023-03-11T14:47:57.371+0000] {dagbag.py:537} INFO - Filling up the DagBag from /home/airflow/.local/lib/python3.7/site-packages/airflow/example_dags/tutorial_dag.py
[2023-03-11T14:47:57.387+0000] {processor.py:766} INFO - DAG(s) dict_keys(['tutorial_dag']) retrieved from /home/airflow/.local/lib/python3.7/site-packages/airflow/example_dags/tutorial_dag.py
[2023-03-11T14:47:57.452+0000] {logging_mixin.py:120} INFO - [2023-03-11T14:47:57.452+0000] {dag.py:2585} INFO - Sync 1 DAGs
[2023-03-11T14:47:57.474+0000] {logging_mixin.py:120} INFO - [2023-03-11T14:47:57.474+0000] {dag.py:3340} INFO - Setting next_dagrun for tutorial_dag to None, run_after=None
[2023-03-11T14:47:57.498+0000] {processor.py:176} INFO - Processing /home/airflow/.local/lib/python3.7/site-packages/airflow/example_dags/tutorial_dag.py took 0.136 seconds
[2023-03-11T16:07:39.867+0000] {processor.py:154} INFO - Started process (PID=35947) to work on /home/airflow/.local/lib/python3.7/site-packages/airflow/example_dags/tutorial_dag.py
[2023-03-11T16:07:39.868+0000] {processor.py:756} INFO - Processing file /home/airflow/.local/lib/python3.7/site-packages/airflow/example_dags/tutorial_dag.py for tasks to queue
[2023-03-11T16:07:39.872+0000] {logging_mixin.py:120} INFO - [2023-03-11T16:07:39.872+0000] {dagbag.py:537} INFO - Filling up the DagBag from /home/airflow/.local/lib/python3.7/site-packages/airflow/example_dags/tutorial_dag.py
[2023-03-11T16:07:39.889+0000] {processor.py:766} INFO - DAG(s) dict_keys(['tutorial_dag']) retrieved from /home/airflow/.local/lib/python3.7/site-packages/airflow/example_dags/tutorial_dag.py
[2023-03-11T16:07:39.948+0000] {logging_mixin.py:120} INFO - [2023-03-11T16:07:39.947+0000] {dag.py:2585} INFO - Sync 1 DAGs
[2023-03-11T16:07:39.974+0000] {logging_mixin.py:120} INFO - [2023-03-11T16:07:39.974+0000] {dag.py:3340} INFO - Setting next_dagrun for tutorial_dag to None, run_after=None
[2023-03-11T16:07:39.995+0000] {processor.py:176} INFO - Processing /home/airflow/.local/lib/python3.7/site-packages/airflow/example_dags/tutorial_dag.py took 0.132 seconds
[2023-03-11T17:14:04.880+0000] {processor.py:154} INFO - Started process (PID=36010) to work on /home/airflow/.local/lib/python3.7/site-packages/airflow/example_dags/tutorial_dag.py
[2023-03-11T17:14:04.882+0000] {processor.py:756} INFO - Processing file /home/airflow/.local/lib/python3.7/site-packages/airflow/example_dags/tutorial_dag.py for tasks to queue
[2023-03-11T17:14:04.882+0000] {logging_mixin.py:120} INFO - [2023-03-11T17:14:04.882+0000] {dagbag.py:537} INFO - Filling up the DagBag from /home/airflow/.local/lib/python3.7/site-packages/airflow/example_dags/tutorial_dag.py
[2023-03-11T17:14:04.909+0000] {processor.py:766} INFO - DAG(s) dict_keys(['tutorial_dag']) retrieved from /home/airflow/.local/lib/python3.7/site-packages/airflow/example_dags/tutorial_dag.py
[2023-03-11T17:14:04.971+0000] {logging_mixin.py:120} INFO - [2023-03-11T17:14:04.971+0000] {dag.py:2585} INFO - Sync 1 DAGs
[2023-03-11T17:14:04.997+0000] {logging_mixin.py:120} INFO - [2023-03-11T17:14:04.997+0000] {dag.py:3340} INFO - Setting next_dagrun for tutorial_dag to None, run_after=None
[2023-03-11T17:14:05.013+0000] {processor.py:176} INFO - Processing /home/airflow/.local/lib/python3.7/site-packages/airflow/example_dags/tutorial_dag.py took 0.136 seconds
[2023-03-11T18:22:28.904+0000] {processor.py:154} INFO - Started process (PID=36064) to work on /home/airflow/.local/lib/python3.7/site-packages/airflow/example_dags/tutorial_dag.py
[2023-03-11T18:22:28.907+0000] {processor.py:756} INFO - Processing file /home/airflow/.local/lib/python3.7/site-packages/airflow/example_dags/tutorial_dag.py for tasks to queue
[2023-03-11T18:22:28.909+0000] {logging_mixin.py:120} INFO - [2023-03-11T18:22:28.908+0000] {dagbag.py:537} INFO - Filling up the DagBag from /home/airflow/.local/lib/python3.7/site-packages/airflow/example_dags/tutorial_dag.py
[2023-03-11T18:22:28.926+0000] {processor.py:766} INFO - DAG(s) dict_keys(['tutorial_dag']) retrieved from /home/airflow/.local/lib/python3.7/site-packages/airflow/example_dags/tutorial_dag.py
[2023-03-11T18:22:28.995+0000] {logging_mixin.py:120} INFO - [2023-03-11T18:22:28.994+0000] {dag.py:2585} INFO - Sync 1 DAGs
[2023-03-11T18:22:29.021+0000] {logging_mixin.py:120} INFO - [2023-03-11T18:22:29.021+0000] {dag.py:3340} INFO - Setting next_dagrun for tutorial_dag to None, run_after=None
[2023-03-11T18:22:29.040+0000] {processor.py:176} INFO - Processing /home/airflow/.local/lib/python3.7/site-packages/airflow/example_dags/tutorial_dag.py took 0.139 seconds
[2023-03-11T19:27:34.964+0000] {processor.py:154} INFO - Started process (PID=36126) to work on /home/airflow/.local/lib/python3.7/site-packages/airflow/example_dags/tutorial_dag.py
[2023-03-11T19:27:34.968+0000] {processor.py:756} INFO - Processing file /home/airflow/.local/lib/python3.7/site-packages/airflow/example_dags/tutorial_dag.py for tasks to queue
[2023-03-11T19:27:34.969+0000] {logging_mixin.py:120} INFO - [2023-03-11T19:27:34.969+0000] {dagbag.py:537} INFO - Filling up the DagBag from /home/airflow/.local/lib/python3.7/site-packages/airflow/example_dags/tutorial_dag.py
[2023-03-11T19:27:34.985+0000] {processor.py:766} INFO - DAG(s) dict_keys(['tutorial_dag']) retrieved from /home/airflow/.local/lib/python3.7/site-packages/airflow/example_dags/tutorial_dag.py
[2023-03-11T19:27:35.036+0000] {logging_mixin.py:120} INFO - [2023-03-11T19:27:35.036+0000] {dag.py:2585} INFO - Sync 1 DAGs
[2023-03-11T19:27:35.057+0000] {logging_mixin.py:120} INFO - [2023-03-11T19:27:35.057+0000] {dag.py:3340} INFO - Setting next_dagrun for tutorial_dag to None, run_after=None
[2023-03-11T19:27:35.080+0000] {processor.py:176} INFO - Processing /home/airflow/.local/lib/python3.7/site-packages/airflow/example_dags/tutorial_dag.py took 0.119 seconds
[2023-03-11T20:33:20.424+0000] {processor.py:154} INFO - Started process (PID=36189) to work on /home/airflow/.local/lib/python3.7/site-packages/airflow/example_dags/tutorial_dag.py
[2023-03-11T20:33:20.428+0000] {processor.py:756} INFO - Processing file /home/airflow/.local/lib/python3.7/site-packages/airflow/example_dags/tutorial_dag.py for tasks to queue
[2023-03-11T20:33:20.432+0000] {logging_mixin.py:120} INFO - [2023-03-11T20:33:20.432+0000] {dagbag.py:537} INFO - Filling up the DagBag from /home/airflow/.local/lib/python3.7/site-packages/airflow/example_dags/tutorial_dag.py
[2023-03-11T20:33:20.443+0000] {processor.py:766} INFO - DAG(s) dict_keys(['tutorial_dag']) retrieved from /home/airflow/.local/lib/python3.7/site-packages/airflow/example_dags/tutorial_dag.py
[2023-03-11T20:33:20.473+0000] {logging_mixin.py:120} INFO - [2023-03-11T20:33:20.473+0000] {dag.py:2585} INFO - Sync 1 DAGs
[2023-03-11T20:33:20.489+0000] {logging_mixin.py:120} INFO - [2023-03-11T20:33:20.489+0000] {dag.py:3340} INFO - Setting next_dagrun for tutorial_dag to None, run_after=None
[2023-03-11T20:33:20.502+0000] {processor.py:176} INFO - Processing /home/airflow/.local/lib/python3.7/site-packages/airflow/example_dags/tutorial_dag.py took 0.081 seconds
[2023-03-11T21:49:19.916+0000] {processor.py:154} INFO - Started process (PID=36252) to work on /home/airflow/.local/lib/python3.7/site-packages/airflow/example_dags/tutorial_dag.py
[2023-03-11T21:49:19.919+0000] {processor.py:756} INFO - Processing file /home/airflow/.local/lib/python3.7/site-packages/airflow/example_dags/tutorial_dag.py for tasks to queue
[2023-03-11T21:49:19.920+0000] {logging_mixin.py:120} INFO - [2023-03-11T21:49:19.920+0000] {dagbag.py:537} INFO - Filling up the DagBag from /home/airflow/.local/lib/python3.7/site-packages/airflow/example_dags/tutorial_dag.py
[2023-03-11T21:49:19.935+0000] {processor.py:766} INFO - DAG(s) dict_keys(['tutorial_dag']) retrieved from /home/airflow/.local/lib/python3.7/site-packages/airflow/example_dags/tutorial_dag.py
[2023-03-11T21:49:19.966+0000] {logging_mixin.py:120} INFO - [2023-03-11T21:49:19.966+0000] {dag.py:2585} INFO - Sync 1 DAGs
[2023-03-11T21:49:19.980+0000] {logging_mixin.py:120} INFO - [2023-03-11T21:49:19.979+0000] {dag.py:3340} INFO - Setting next_dagrun for tutorial_dag to None, run_after=None
[2023-03-11T21:49:20.000+0000] {processor.py:176} INFO - Processing /home/airflow/.local/lib/python3.7/site-packages/airflow/example_dags/tutorial_dag.py took 0.088 seconds
[2023-03-11T22:58:01.954+0000] {processor.py:154} INFO - Started process (PID=36315) to work on /home/airflow/.local/lib/python3.7/site-packages/airflow/example_dags/tutorial_dag.py
[2023-03-11T22:58:01.958+0000] {processor.py:756} INFO - Processing file /home/airflow/.local/lib/python3.7/site-packages/airflow/example_dags/tutorial_dag.py for tasks to queue
[2023-03-11T22:58:01.959+0000] {logging_mixin.py:120} INFO - [2023-03-11T22:58:01.959+0000] {dagbag.py:537} INFO - Filling up the DagBag from /home/airflow/.local/lib/python3.7/site-packages/airflow/example_dags/tutorial_dag.py
[2023-03-11T22:58:01.977+0000] {processor.py:766} INFO - DAG(s) dict_keys(['tutorial_dag']) retrieved from /home/airflow/.local/lib/python3.7/site-packages/airflow/example_dags/tutorial_dag.py
[2023-03-11T22:58:02.030+0000] {logging_mixin.py:120} INFO - [2023-03-11T22:58:02.030+0000] {dag.py:2585} INFO - Sync 1 DAGs
[2023-03-11T22:58:02.056+0000] {logging_mixin.py:120} INFO - [2023-03-11T22:58:02.055+0000] {dag.py:3340} INFO - Setting next_dagrun for tutorial_dag to None, run_after=None
[2023-03-11T22:58:02.091+0000] {processor.py:176} INFO - Processing /home/airflow/.local/lib/python3.7/site-packages/airflow/example_dags/tutorial_dag.py took 0.140 seconds
