[2023-03-13T19:26:41.517+0000] {taskinstance.py:1165} INFO - Dependencies all met for <TaskInstance: cool_DAG.load manual__2023-03-13T19:26:38.730331+00:00 [queued]>
[2023-03-13T19:26:41.523+0000] {taskinstance.py:1165} INFO - Dependencies all met for <TaskInstance: cool_DAG.load manual__2023-03-13T19:26:38.730331+00:00 [queued]>
[2023-03-13T19:26:41.523+0000] {taskinstance.py:1362} INFO - 
--------------------------------------------------------------------------------
[2023-03-13T19:26:41.524+0000] {taskinstance.py:1363} INFO - Starting attempt 1 of 1
[2023-03-13T19:26:41.524+0000] {taskinstance.py:1364} INFO - 
--------------------------------------------------------------------------------
[2023-03-13T19:26:41.531+0000] {taskinstance.py:1383} INFO - Executing <Task(_PythonDecoratedOperator): load> on 2023-03-13 19:26:38.730331+00:00
[2023-03-13T19:26:41.536+0000] {standard_task_runner.py:55} INFO - Started process 5104 to run task
[2023-03-13T19:26:41.539+0000] {standard_task_runner.py:82} INFO - Running: ['***', 'tasks', 'run', 'cool_DAG', 'load', 'manual__2023-03-13T19:26:38.730331+00:00', '--job-id', '29', '--raw', '--subdir', 'DAGS_FOLDER/test_dag.py', '--cfg-path', '/tmp/tmpafcbvnud']
[2023-03-13T19:26:41.540+0000] {standard_task_runner.py:83} INFO - Job 29: Subtask load
[2023-03-13T19:26:41.591+0000] {task_command.py:376} INFO - Running <TaskInstance: cool_DAG.load manual__2023-03-13T19:26:38.730331+00:00 [running]> on host 9fe6516b8a01
[2023-03-13T19:26:41.645+0000] {taskinstance.py:1592} INFO - Exporting the following env vars:
AIRFLOW_CTX_DAG_OWNER=***
AIRFLOW_CTX_DAG_ID=cool_DAG
AIRFLOW_CTX_TASK_ID=load
AIRFLOW_CTX_EXECUTION_DATE=2023-03-13T19:26:38.730331+00:00
AIRFLOW_CTX_TRY_NUMBER=1
AIRFLOW_CTX_DAG_RUN_ID=manual__2023-03-13T19:26:38.730331+00:00
[2023-03-13T19:26:41.646+0000] {logging_mixin.py:120} INFO - third
[2023-03-13T19:26:41.647+0000] {logging_mixin.py:120} INFO - Total order value is: 1.50
[2023-03-13T19:26:41.647+0000] {python.py:177} INFO - Done. Returned value was: None
[2023-03-13T19:26:41.655+0000] {taskinstance.py:1406} INFO - Marking task as SUCCESS. dag_id=cool_DAG, task_id=load, execution_date=20230313T192638, start_date=20230313T192641, end_date=20230313T192641
[2023-03-13T19:26:41.713+0000] {local_task_job.py:164} INFO - Task exited with return code 0
[2023-03-13T19:26:41.728+0000] {local_task_job.py:273} INFO - 0 downstream tasks scheduled from follow-on schedule check
