[2023-03-16T18:33:42.333+0000] {taskinstance.py:1165} INFO - Dependencies all met for <TaskInstance: 0_Employee_Sync.db_setup manual__2023-03-16T18:33:40.791358+00:00 [queued]>
[2023-03-16T18:33:42.341+0000] {taskinstance.py:1165} INFO - Dependencies all met for <TaskInstance: 0_Employee_Sync.db_setup manual__2023-03-16T18:33:40.791358+00:00 [queued]>
[2023-03-16T18:33:42.344+0000] {taskinstance.py:1362} INFO - 
--------------------------------------------------------------------------------
[2023-03-16T18:33:42.345+0000] {taskinstance.py:1363} INFO - Starting attempt 1 of 1
[2023-03-16T18:33:42.345+0000] {taskinstance.py:1364} INFO - 
--------------------------------------------------------------------------------
[2023-03-16T18:33:42.355+0000] {taskinstance.py:1383} INFO - Executing <Task(_PythonDecoratedOperator): db_setup> on 2023-03-16 18:33:40.791358+00:00
[2023-03-16T18:33:42.361+0000] {standard_task_runner.py:55} INFO - Started process 44701 to run task
[2023-03-16T18:33:42.364+0000] {standard_task_runner.py:82} INFO - Running: ['***', 'tasks', 'run', '0_Employee_Sync', 'db_setup', 'manual__2023-03-16T18:33:40.791358+00:00', '--job-id', '60', '--raw', '--subdir', 'DAGS_FOLDER/test_dag.py', '--cfg-path', '/tmp/tmpfzk8mwa4']
[2023-03-16T18:33:42.366+0000] {standard_task_runner.py:83} INFO - Job 60: Subtask db_setup
[2023-03-16T18:33:42.425+0000] {task_command.py:376} INFO - Running <TaskInstance: 0_Employee_Sync.db_setup manual__2023-03-16T18:33:40.791358+00:00 [running]> on host 9fe6516b8a01
[2023-03-16T18:33:42.478+0000] {taskinstance.py:1592} INFO - Exporting the following env vars:
AIRFLOW_CTX_DAG_OWNER=***
AIRFLOW_CTX_DAG_ID=0_Employee_Sync
AIRFLOW_CTX_TASK_ID=db_setup
AIRFLOW_CTX_EXECUTION_DATE=2023-03-16T18:33:40.791358+00:00
AIRFLOW_CTX_TRY_NUMBER=1
AIRFLOW_CTX_DAG_RUN_ID=manual__2023-03-16T18:33:40.791358+00:00
[2023-03-16T18:33:42.491+0000] {python.py:177} INFO - Done. Returned value was: None
[2023-03-16T18:33:42.499+0000] {taskinstance.py:1406} INFO - Marking task as SUCCESS. dag_id=0_Employee_Sync, task_id=db_setup, execution_date=20230316T183340, start_date=20230316T183342, end_date=20230316T183342
[2023-03-16T18:33:42.538+0000] {local_task_job.py:164} INFO - Task exited with return code 0
[2023-03-16T18:33:42.558+0000] {local_task_job.py:273} INFO - 1 downstream tasks scheduled from follow-on schedule check
