[2023-03-13T19:03:39.962+0000] {taskinstance.py:1165} INFO - Dependencies all met for <TaskInstance: cool_DAG.load manual__2023-03-13T19:03:36.618693+00:00 [queued]>
[2023-03-13T19:03:39.968+0000] {taskinstance.py:1165} INFO - Dependencies all met for <TaskInstance: cool_DAG.load manual__2023-03-13T19:03:36.618693+00:00 [queued]>
[2023-03-13T19:03:39.969+0000] {taskinstance.py:1362} INFO - 
--------------------------------------------------------------------------------
[2023-03-13T19:03:39.969+0000] {taskinstance.py:1363} INFO - Starting attempt 1 of 1
[2023-03-13T19:03:39.970+0000] {taskinstance.py:1364} INFO - 
--------------------------------------------------------------------------------
[2023-03-13T19:03:39.978+0000] {taskinstance.py:1383} INFO - Executing <Task(_PythonDecoratedOperator): load> on 2023-03-13 19:03:36.618693+00:00
[2023-03-13T19:03:39.982+0000] {standard_task_runner.py:55} INFO - Started process 3924 to run task
[2023-03-13T19:03:39.986+0000] {standard_task_runner.py:82} INFO - Running: ['***', 'tasks', 'run', 'cool_DAG', 'load', 'manual__2023-03-13T19:03:36.618693+00:00', '--job-id', '11', '--raw', '--subdir', 'DAGS_FOLDER/test_dag.py', '--cfg-path', '/tmp/tmpar1s9muj']
[2023-03-13T19:03:39.987+0000] {standard_task_runner.py:83} INFO - Job 11: Subtask load
[2023-03-13T19:03:40.056+0000] {task_command.py:376} INFO - Running <TaskInstance: cool_DAG.load manual__2023-03-13T19:03:36.618693+00:00 [running]> on host 9fe6516b8a01
[2023-03-13T19:03:40.118+0000] {taskinstance.py:1592} INFO - Exporting the following env vars:
AIRFLOW_CTX_DAG_OWNER=***
AIRFLOW_CTX_DAG_ID=cool_DAG
AIRFLOW_CTX_TASK_ID=load
AIRFLOW_CTX_EXECUTION_DATE=2023-03-13T19:03:36.618693+00:00
AIRFLOW_CTX_TRY_NUMBER=1
AIRFLOW_CTX_DAG_RUN_ID=manual__2023-03-13T19:03:36.618693+00:00
[2023-03-13T19:03:40.120+0000] {logging_mixin.py:120} INFO - Total order value is: 1236.70
[2023-03-13T19:03:40.120+0000] {python.py:177} INFO - Done. Returned value was: None
[2023-03-13T19:03:40.130+0000] {taskinstance.py:1406} INFO - Marking task as SUCCESS. dag_id=cool_DAG, task_id=load, execution_date=20230313T190336, start_date=20230313T190339, end_date=20230313T190340
[2023-03-13T19:03:40.159+0000] {local_task_job.py:164} INFO - Task exited with return code 0
[2023-03-13T19:03:40.176+0000] {local_task_job.py:273} INFO - 0 downstream tasks scheduled from follow-on schedule check
