[2023-03-13T19:09:32.371+0000] {taskinstance.py:1165} INFO - Dependencies all met for <TaskInstance: cool_DAG.load manual__2023-03-13T19:09:30.053739+00:00 [queued]>
[2023-03-13T19:09:32.377+0000] {taskinstance.py:1165} INFO - Dependencies all met for <TaskInstance: cool_DAG.load manual__2023-03-13T19:09:30.053739+00:00 [queued]>
[2023-03-13T19:09:32.377+0000] {taskinstance.py:1362} INFO - 
--------------------------------------------------------------------------------
[2023-03-13T19:09:32.378+0000] {taskinstance.py:1363} INFO - Starting attempt 1 of 1
[2023-03-13T19:09:32.378+0000] {taskinstance.py:1364} INFO - 
--------------------------------------------------------------------------------
[2023-03-13T19:09:32.386+0000] {taskinstance.py:1383} INFO - Executing <Task(_PythonDecoratedOperator): load> on 2023-03-13 19:09:30.053739+00:00
[2023-03-13T19:09:32.391+0000] {standard_task_runner.py:55} INFO - Started process 4233 to run task
[2023-03-13T19:09:32.394+0000] {standard_task_runner.py:82} INFO - Running: ['***', 'tasks', 'run', 'cool_DAG', 'load', 'manual__2023-03-13T19:09:30.053739+00:00', '--job-id', '21', '--raw', '--subdir', 'DAGS_FOLDER/test_dag.py', '--cfg-path', '/tmp/tmp0ad1ka6g']
[2023-03-13T19:09:32.395+0000] {standard_task_runner.py:83} INFO - Job 21: Subtask load
[2023-03-13T19:09:32.445+0000] {task_command.py:376} INFO - Running <TaskInstance: cool_DAG.load manual__2023-03-13T19:09:30.053739+00:00 [running]> on host 9fe6516b8a01
[2023-03-13T19:09:32.501+0000] {taskinstance.py:1592} INFO - Exporting the following env vars:
AIRFLOW_CTX_DAG_OWNER=***
AIRFLOW_CTX_DAG_ID=cool_DAG
AIRFLOW_CTX_TASK_ID=load
AIRFLOW_CTX_EXECUTION_DATE=2023-03-13T19:09:30.053739+00:00
AIRFLOW_CTX_TRY_NUMBER=1
AIRFLOW_CTX_DAG_RUN_ID=manual__2023-03-13T19:09:30.053739+00:00
[2023-03-13T19:09:32.502+0000] {logging_mixin.py:120} INFO - Total order value is: 1236.70
[2023-03-13T19:09:32.503+0000] {python.py:177} INFO - Done. Returned value was: None
[2023-03-13T19:09:32.510+0000] {taskinstance.py:1406} INFO - Marking task as SUCCESS. dag_id=cool_DAG, task_id=load, execution_date=20230313T190930, start_date=20230313T190932, end_date=20230313T190932
[2023-03-13T19:09:32.526+0000] {local_task_job.py:164} INFO - Task exited with return code 0
[2023-03-13T19:09:32.540+0000] {local_task_job.py:273} INFO - 0 downstream tasks scheduled from follow-on schedule check
