[2023-03-13T19:16:46.755+0000] {taskinstance.py:1165} INFO - Dependencies all met for <TaskInstance: cool_DAG.extract manual__2023-03-13T19:16:46.322108+00:00 [queued]>
[2023-03-13T19:16:46.765+0000] {taskinstance.py:1165} INFO - Dependencies all met for <TaskInstance: cool_DAG.extract manual__2023-03-13T19:16:46.322108+00:00 [queued]>
[2023-03-13T19:16:46.766+0000] {taskinstance.py:1362} INFO - 
--------------------------------------------------------------------------------
[2023-03-13T19:16:46.767+0000] {taskinstance.py:1363} INFO - Starting attempt 1 of 1
[2023-03-13T19:16:46.768+0000] {taskinstance.py:1364} INFO - 
--------------------------------------------------------------------------------
[2023-03-13T19:16:46.777+0000] {taskinstance.py:1383} INFO - Executing <Task(_PythonDecoratedOperator): extract> on 2023-03-13 19:16:46.322108+00:00
[2023-03-13T19:16:46.783+0000] {standard_task_runner.py:55} INFO - Started process 4595 to run task
[2023-03-13T19:16:46.786+0000] {standard_task_runner.py:82} INFO - Running: ['***', 'tasks', 'run', 'cool_DAG', 'extract', 'manual__2023-03-13T19:16:46.322108+00:00', '--job-id', '22', '--raw', '--subdir', 'DAGS_FOLDER/test_dag.py', '--cfg-path', '/tmp/tmpseqrxhtn']
[2023-03-13T19:16:46.787+0000] {standard_task_runner.py:83} INFO - Job 22: Subtask extract
[2023-03-13T19:16:46.846+0000] {task_command.py:376} INFO - Running <TaskInstance: cool_DAG.extract manual__2023-03-13T19:16:46.322108+00:00 [running]> on host 9fe6516b8a01
[2023-03-13T19:16:46.897+0000] {taskinstance.py:1592} INFO - Exporting the following env vars:
AIRFLOW_CTX_DAG_OWNER=***
AIRFLOW_CTX_DAG_ID=cool_DAG
AIRFLOW_CTX_TASK_ID=extract
AIRFLOW_CTX_EXECUTION_DATE=2023-03-13T19:16:46.322108+00:00
AIRFLOW_CTX_TRY_NUMBER=1
AIRFLOW_CTX_DAG_RUN_ID=manual__2023-03-13T19:16:46.322108+00:00
[2023-03-13T19:16:46.898+0000] {logging_mixin.py:120} INFO - extract
[2023-03-13T19:16:46.899+0000] {python.py:177} INFO - Done. Returned value was: {'1001': 301.27, '1002': 433.21, '1003': 502.22}
[2023-03-13T19:16:46.920+0000] {taskinstance.py:1406} INFO - Marking task as SUCCESS. dag_id=cool_DAG, task_id=extract, execution_date=20230313T191646, start_date=20230313T191646, end_date=20230313T191646
[2023-03-13T19:16:46.959+0000] {local_task_job.py:164} INFO - Task exited with return code 0
[2023-03-13T19:16:46.981+0000] {local_task_job.py:273} INFO - 1 downstream tasks scheduled from follow-on schedule check
