[2023-03-14T17:00:45.782+0000] {taskinstance.py:1165} INFO - Dependencies all met for <TaskInstance: DANI_DAG.read_users manual__2023-03-14T17:00:44.310105+00:00 [queued]>
[2023-03-14T17:00:45.792+0000] {taskinstance.py:1165} INFO - Dependencies all met for <TaskInstance: DANI_DAG.read_users manual__2023-03-14T17:00:44.310105+00:00 [queued]>
[2023-03-14T17:00:45.793+0000] {taskinstance.py:1362} INFO - 
--------------------------------------------------------------------------------
[2023-03-14T17:00:45.794+0000] {taskinstance.py:1363} INFO - Starting attempt 1 of 1
[2023-03-14T17:00:45.794+0000] {taskinstance.py:1364} INFO - 
--------------------------------------------------------------------------------
[2023-03-14T17:00:45.802+0000] {taskinstance.py:1383} INFO - Executing <Task(_PythonDecoratedOperator): read_users> on 2023-03-14 17:00:44.310105+00:00
[2023-03-14T17:00:45.808+0000] {standard_task_runner.py:55} INFO - Started process 12870 to run task
[2023-03-14T17:00:45.813+0000] {standard_task_runner.py:82} INFO - Running: ['***', 'tasks', 'run', 'DANI_DAG', 'read_users', 'manual__2023-03-14T17:00:44.310105+00:00', '--job-id', '33', '--raw', '--subdir', 'DAGS_FOLDER/test_dag.py', '--cfg-path', '/tmp/tmp0y_urhrs']
[2023-03-14T17:00:45.815+0000] {standard_task_runner.py:83} INFO - Job 33: Subtask read_users
[2023-03-14T17:00:45.868+0000] {task_command.py:376} INFO - Running <TaskInstance: DANI_DAG.read_users manual__2023-03-14T17:00:44.310105+00:00 [running]> on host 9fe6516b8a01
[2023-03-14T17:00:45.922+0000] {taskinstance.py:1592} INFO - Exporting the following env vars:
AIRFLOW_CTX_DAG_OWNER=***
AIRFLOW_CTX_DAG_ID=DANI_DAG
AIRFLOW_CTX_TASK_ID=read_users
AIRFLOW_CTX_EXECUTION_DATE=2023-03-14T17:00:44.310105+00:00
AIRFLOW_CTX_TRY_NUMBER=1
AIRFLOW_CTX_DAG_RUN_ID=manual__2023-03-14T17:00:44.310105+00:00
[2023-03-14T17:00:45.953+0000] {logging_mixin.py:120} INFO -     Index          User Id  ... Date of birth              Job Title
0       1  88F7B33d2bcf9f5  ...    1945-10-26        Games developer
1       2  f90cD3E76f1A9b9  ...    1910-03-24         Phytotherapist
2       3  DbeAb8CcdfeFC2c  ...    1992-07-02              Homeopath
3       4  A31Bee3c201ef58  ...    2017-08-03      Market researcher
4       5  1bA7A3dc874da3c  ...    1938-12-01     Veterinary surgeon
..    ...              ...  ...           ...                    ...
95     96  5eFda7caAeB260E  ...    1954-07-30      Software engineer
96     97  CCbFce93d3720bE  ...    1932-04-29              Barrister
97     98  2fEc528aFAF0b69  ...    1994-12-28         Police officer
98     99  Adc7ad9B6e4A1Fe  ...    2012-04-12   Broadcast journalist
99    100  b8D0aD3490FC7e1  ...    2016-11-15  IT sales professional

[100 rows x 9 columns]
[2023-03-14T17:00:45.954+0000] {python.py:177} INFO - Done. Returned value was: None
[2023-03-14T17:00:45.965+0000] {taskinstance.py:1406} INFO - Marking task as SUCCESS. dag_id=DANI_DAG, task_id=read_users, execution_date=20230314T170044, start_date=20230314T170045, end_date=20230314T170045
[2023-03-14T17:00:46.026+0000] {local_task_job.py:164} INFO - Task exited with return code 0
[2023-03-14T17:00:46.055+0000] {local_task_job.py:273} INFO - 0 downstream tasks scheduled from follow-on schedule check
