[2023-03-13T19:09:19.318+0000] {taskinstance.py:1165} INFO - Dependencies all met for <TaskInstance: cool_DAG.transform manual__2023-03-13T19:09:17.900883+00:00 [queued]>
[2023-03-13T19:09:19.323+0000] {taskinstance.py:1165} INFO - Dependencies all met for <TaskInstance: cool_DAG.transform manual__2023-03-13T19:09:17.900883+00:00 [queued]>
[2023-03-13T19:09:19.324+0000] {taskinstance.py:1362} INFO - 
--------------------------------------------------------------------------------
[2023-03-13T19:09:19.324+0000] {taskinstance.py:1363} INFO - Starting attempt 1 of 1
[2023-03-13T19:09:19.325+0000] {taskinstance.py:1364} INFO - 
--------------------------------------------------------------------------------
[2023-03-13T19:09:19.332+0000] {taskinstance.py:1383} INFO - Executing <Task(_PythonDecoratedOperator): transform> on 2023-03-13 19:09:17.900883+00:00
[2023-03-13T19:09:19.338+0000] {standard_task_runner.py:55} INFO - Started process 4216 to run task
[2023-03-13T19:09:19.341+0000] {standard_task_runner.py:82} INFO - Running: ['***', 'tasks', 'run', 'cool_DAG', 'transform', 'manual__2023-03-13T19:09:17.900883+00:00', '--job-id', '17', '--raw', '--subdir', 'DAGS_FOLDER/test_dag.py', '--cfg-path', '/tmp/tmpmqlqrfy6']
[2023-03-13T19:09:19.342+0000] {standard_task_runner.py:83} INFO - Job 17: Subtask transform
[2023-03-13T19:09:19.390+0000] {task_command.py:376} INFO - Running <TaskInstance: cool_DAG.transform manual__2023-03-13T19:09:17.900883+00:00 [running]> on host 9fe6516b8a01
[2023-03-13T19:09:19.444+0000] {taskinstance.py:1592} INFO - Exporting the following env vars:
AIRFLOW_CTX_DAG_OWNER=***
AIRFLOW_CTX_DAG_ID=cool_DAG
AIRFLOW_CTX_TASK_ID=transform
AIRFLOW_CTX_EXECUTION_DATE=2023-03-13T19:09:17.900883+00:00
AIRFLOW_CTX_TRY_NUMBER=1
AIRFLOW_CTX_DAG_RUN_ID=manual__2023-03-13T19:09:17.900883+00:00
[2023-03-13T19:09:19.445+0000] {python.py:177} INFO - Done. Returned value was: {'total_order_value': 1236.7}
[2023-03-13T19:09:19.469+0000] {taskinstance.py:1406} INFO - Marking task as SUCCESS. dag_id=cool_DAG, task_id=transform, execution_date=20230313T190917, start_date=20230313T190919, end_date=20230313T190919
[2023-03-13T19:09:19.513+0000] {local_task_job.py:164} INFO - Task exited with return code 0
[2023-03-13T19:09:19.531+0000] {local_task_job.py:273} INFO - 1 downstream tasks scheduled from follow-on schedule check
