[2023-03-12T00:05:12.359+0000] {processor.py:154} INFO - Started process (PID=36403) to work on /home/airflow/.local/lib/python3.7/site-packages/airflow/example_dags/example_subdag_operator.py
[2023-03-12T00:05:12.360+0000] {processor.py:756} INFO - Processing file /home/airflow/.local/lib/python3.7/site-packages/airflow/example_dags/example_subdag_operator.py for tasks to queue
[2023-03-12T00:05:12.361+0000] {logging_mixin.py:120} INFO - [2023-03-12T00:05:12.361+0000] {dagbag.py:537} INFO - Filling up the DagBag from /home/airflow/.local/lib/python3.7/site-packages/airflow/example_dags/example_subdag_operator.py
[2023-03-12T00:05:12.384+0000] {processor.py:766} INFO - DAG(s) dict_keys(['example_subdag_operator.section-1', 'example_subdag_operator.section-2', 'example_subdag_operator']) retrieved from /home/airflow/.local/lib/python3.7/site-packages/airflow/example_dags/example_subdag_operator.py
[2023-03-12T00:05:12.472+0000] {logging_mixin.py:120} INFO - [2023-03-12T00:05:12.472+0000] {dag.py:2585} INFO - Sync 3 DAGs
[2023-03-12T00:05:12.485+0000] {logging_mixin.py:120} INFO - [2023-03-12T00:05:12.485+0000] {dag.py:3340} INFO - Setting next_dagrun for example_subdag_operator to 2022-01-01T00:00:00+00:00, run_after=2022-01-01T00:00:00+00:00
[2023-03-12T00:05:12.488+0000] {logging_mixin.py:120} INFO - [2023-03-12T00:05:12.487+0000] {dag.py:3340} INFO - Setting next_dagrun for example_subdag_operator.section-1 to None, run_after=None
[2023-03-12T00:05:12.489+0000] {logging_mixin.py:120} INFO - [2023-03-12T00:05:12.488+0000] {dag.py:3340} INFO - Setting next_dagrun for example_subdag_operator.section-2 to None, run_after=None
[2023-03-12T00:05:12.493+0000] {logging_mixin.py:120} INFO - [2023-03-12T00:05:12.493+0000] {dag.py:2585} INFO - Sync 2 DAGs
[2023-03-12T00:05:12.496+0000] {logging_mixin.py:120} INFO - [2023-03-12T00:05:12.496+0000] {dag.py:3340} INFO - Setting next_dagrun for example_subdag_operator.section-1 to None, run_after=None
[2023-03-12T00:05:12.497+0000] {logging_mixin.py:120} INFO - [2023-03-12T00:05:12.497+0000] {dag.py:3340} INFO - Setting next_dagrun for example_subdag_operator.section-2 to None, run_after=None
[2023-03-12T00:05:12.504+0000] {processor.py:176} INFO - Processing /home/airflow/.local/lib/python3.7/site-packages/airflow/example_dags/example_subdag_operator.py took 0.149 seconds
[2023-03-12T01:11:09.484+0000] {processor.py:154} INFO - Started process (PID=36457) to work on /home/airflow/.local/lib/python3.7/site-packages/airflow/example_dags/example_subdag_operator.py
[2023-03-12T01:11:09.485+0000] {processor.py:756} INFO - Processing file /home/airflow/.local/lib/python3.7/site-packages/airflow/example_dags/example_subdag_operator.py for tasks to queue
[2023-03-12T01:11:09.486+0000] {logging_mixin.py:120} INFO - [2023-03-12T01:11:09.486+0000] {dagbag.py:537} INFO - Filling up the DagBag from /home/airflow/.local/lib/python3.7/site-packages/airflow/example_dags/example_subdag_operator.py
[2023-03-12T01:11:09.513+0000] {processor.py:766} INFO - DAG(s) dict_keys(['example_subdag_operator.section-1', 'example_subdag_operator.section-2', 'example_subdag_operator']) retrieved from /home/airflow/.local/lib/python3.7/site-packages/airflow/example_dags/example_subdag_operator.py
[2023-03-12T01:11:09.991+0000] {logging_mixin.py:120} INFO - [2023-03-12T01:11:09.991+0000] {dag.py:2585} INFO - Sync 3 DAGs
[2023-03-12T01:11:10.012+0000] {logging_mixin.py:120} INFO - [2023-03-12T01:11:10.012+0000] {dag.py:3340} INFO - Setting next_dagrun for example_subdag_operator to 2022-01-01T00:00:00+00:00, run_after=2022-01-01T00:00:00+00:00
[2023-03-12T01:11:10.016+0000] {logging_mixin.py:120} INFO - [2023-03-12T01:11:10.016+0000] {dag.py:3340} INFO - Setting next_dagrun for example_subdag_operator.section-1 to None, run_after=None
[2023-03-12T01:11:10.017+0000] {logging_mixin.py:120} INFO - [2023-03-12T01:11:10.017+0000] {dag.py:3340} INFO - Setting next_dagrun for example_subdag_operator.section-2 to None, run_after=None
[2023-03-12T01:11:10.022+0000] {logging_mixin.py:120} INFO - [2023-03-12T01:11:10.022+0000] {dag.py:2585} INFO - Sync 2 DAGs
[2023-03-12T01:11:10.027+0000] {logging_mixin.py:120} INFO - [2023-03-12T01:11:10.026+0000] {dag.py:3340} INFO - Setting next_dagrun for example_subdag_operator.section-1 to None, run_after=None
[2023-03-12T01:11:10.027+0000] {logging_mixin.py:120} INFO - [2023-03-12T01:11:10.027+0000] {dag.py:3340} INFO - Setting next_dagrun for example_subdag_operator.section-2 to None, run_after=None
[2023-03-12T01:11:10.035+0000] {processor.py:176} INFO - Processing /home/airflow/.local/lib/python3.7/site-packages/airflow/example_dags/example_subdag_operator.py took 0.554 seconds
[2023-03-12T02:20:07.698+0000] {processor.py:154} INFO - Started process (PID=36521) to work on /home/airflow/.local/lib/python3.7/site-packages/airflow/example_dags/example_subdag_operator.py
[2023-03-12T02:20:07.699+0000] {processor.py:756} INFO - Processing file /home/airflow/.local/lib/python3.7/site-packages/airflow/example_dags/example_subdag_operator.py for tasks to queue
[2023-03-12T02:20:07.699+0000] {logging_mixin.py:120} INFO - [2023-03-12T02:20:07.699+0000] {dagbag.py:537} INFO - Filling up the DagBag from /home/airflow/.local/lib/python3.7/site-packages/airflow/example_dags/example_subdag_operator.py
[2023-03-12T02:20:07.722+0000] {processor.py:766} INFO - DAG(s) dict_keys(['example_subdag_operator.section-1', 'example_subdag_operator.section-2', 'example_subdag_operator']) retrieved from /home/airflow/.local/lib/python3.7/site-packages/airflow/example_dags/example_subdag_operator.py
[2023-03-12T02:20:07.813+0000] {logging_mixin.py:120} INFO - [2023-03-12T02:20:07.813+0000] {dag.py:2585} INFO - Sync 3 DAGs
[2023-03-12T02:20:07.827+0000] {logging_mixin.py:120} INFO - [2023-03-12T02:20:07.827+0000] {dag.py:3340} INFO - Setting next_dagrun for example_subdag_operator to 2022-01-01T00:00:00+00:00, run_after=2022-01-01T00:00:00+00:00
[2023-03-12T02:20:07.829+0000] {logging_mixin.py:120} INFO - [2023-03-12T02:20:07.829+0000] {dag.py:3340} INFO - Setting next_dagrun for example_subdag_operator.section-1 to None, run_after=None
[2023-03-12T02:20:07.830+0000] {logging_mixin.py:120} INFO - [2023-03-12T02:20:07.830+0000] {dag.py:3340} INFO - Setting next_dagrun for example_subdag_operator.section-2 to None, run_after=None
[2023-03-12T02:20:07.834+0000] {logging_mixin.py:120} INFO - [2023-03-12T02:20:07.834+0000] {dag.py:2585} INFO - Sync 2 DAGs
[2023-03-12T02:20:07.837+0000] {logging_mixin.py:120} INFO - [2023-03-12T02:20:07.837+0000] {dag.py:3340} INFO - Setting next_dagrun for example_subdag_operator.section-1 to None, run_after=None
[2023-03-12T02:20:07.837+0000] {logging_mixin.py:120} INFO - [2023-03-12T02:20:07.837+0000] {dag.py:3340} INFO - Setting next_dagrun for example_subdag_operator.section-2 to None, run_after=None
[2023-03-12T02:20:07.842+0000] {processor.py:176} INFO - Processing /home/airflow/.local/lib/python3.7/site-packages/airflow/example_dags/example_subdag_operator.py took 0.148 seconds
[2023-03-12T03:43:53.502+0000] {processor.py:154} INFO - Started process (PID=36584) to work on /home/airflow/.local/lib/python3.7/site-packages/airflow/example_dags/example_subdag_operator.py
[2023-03-12T03:43:53.503+0000] {processor.py:756} INFO - Processing file /home/airflow/.local/lib/python3.7/site-packages/airflow/example_dags/example_subdag_operator.py for tasks to queue
[2023-03-12T03:43:53.504+0000] {logging_mixin.py:120} INFO - [2023-03-12T03:43:53.503+0000] {dagbag.py:537} INFO - Filling up the DagBag from /home/airflow/.local/lib/python3.7/site-packages/airflow/example_dags/example_subdag_operator.py
[2023-03-12T03:43:53.558+0000] {processor.py:766} INFO - DAG(s) dict_keys(['example_subdag_operator.section-1', 'example_subdag_operator.section-2', 'example_subdag_operator']) retrieved from /home/airflow/.local/lib/python3.7/site-packages/airflow/example_dags/example_subdag_operator.py
[2023-03-12T03:43:53.660+0000] {logging_mixin.py:120} INFO - [2023-03-12T03:43:53.660+0000] {dag.py:2585} INFO - Sync 3 DAGs
[2023-03-12T03:43:53.681+0000] {logging_mixin.py:120} INFO - [2023-03-12T03:43:53.681+0000] {dag.py:3340} INFO - Setting next_dagrun for example_subdag_operator to 2022-01-01T00:00:00+00:00, run_after=2022-01-01T00:00:00+00:00
[2023-03-12T03:43:53.684+0000] {logging_mixin.py:120} INFO - [2023-03-12T03:43:53.684+0000] {dag.py:3340} INFO - Setting next_dagrun for example_subdag_operator.section-1 to None, run_after=None
[2023-03-12T03:43:53.685+0000] {logging_mixin.py:120} INFO - [2023-03-12T03:43:53.685+0000] {dag.py:3340} INFO - Setting next_dagrun for example_subdag_operator.section-2 to None, run_after=None
[2023-03-12T03:43:53.691+0000] {logging_mixin.py:120} INFO - [2023-03-12T03:43:53.691+0000] {dag.py:2585} INFO - Sync 2 DAGs
[2023-03-12T03:43:53.694+0000] {logging_mixin.py:120} INFO - [2023-03-12T03:43:53.694+0000] {dag.py:3340} INFO - Setting next_dagrun for example_subdag_operator.section-1 to None, run_after=None
[2023-03-12T03:43:53.694+0000] {logging_mixin.py:120} INFO - [2023-03-12T03:43:53.694+0000] {dag.py:3340} INFO - Setting next_dagrun for example_subdag_operator.section-2 to None, run_after=None
[2023-03-12T03:43:53.705+0000] {processor.py:176} INFO - Processing /home/airflow/.local/lib/python3.7/site-packages/airflow/example_dags/example_subdag_operator.py took 0.207 seconds
[2023-03-12T04:47:38.535+0000] {processor.py:154} INFO - Started process (PID=36647) to work on /home/airflow/.local/lib/python3.7/site-packages/airflow/example_dags/example_subdag_operator.py
[2023-03-12T04:47:38.536+0000] {processor.py:756} INFO - Processing file /home/airflow/.local/lib/python3.7/site-packages/airflow/example_dags/example_subdag_operator.py for tasks to queue
[2023-03-12T04:47:38.537+0000] {logging_mixin.py:120} INFO - [2023-03-12T04:47:38.537+0000] {dagbag.py:537} INFO - Filling up the DagBag from /home/airflow/.local/lib/python3.7/site-packages/airflow/example_dags/example_subdag_operator.py
[2023-03-12T04:47:38.578+0000] {processor.py:766} INFO - DAG(s) dict_keys(['example_subdag_operator.section-1', 'example_subdag_operator.section-2', 'example_subdag_operator']) retrieved from /home/airflow/.local/lib/python3.7/site-packages/airflow/example_dags/example_subdag_operator.py
[2023-03-12T04:47:38.703+0000] {logging_mixin.py:120} INFO - [2023-03-12T04:47:38.703+0000] {dag.py:2585} INFO - Sync 3 DAGs
[2023-03-12T04:47:38.727+0000] {logging_mixin.py:120} INFO - [2023-03-12T04:47:38.726+0000] {dag.py:3340} INFO - Setting next_dagrun for example_subdag_operator to 2022-01-01T00:00:00+00:00, run_after=2022-01-01T00:00:00+00:00
[2023-03-12T04:47:38.739+0000] {logging_mixin.py:120} INFO - [2023-03-12T04:47:38.739+0000] {dag.py:3340} INFO - Setting next_dagrun for example_subdag_operator.section-1 to None, run_after=None
[2023-03-12T04:47:38.740+0000] {logging_mixin.py:120} INFO - [2023-03-12T04:47:38.740+0000] {dag.py:3340} INFO - Setting next_dagrun for example_subdag_operator.section-2 to None, run_after=None
[2023-03-12T04:47:38.745+0000] {logging_mixin.py:120} INFO - [2023-03-12T04:47:38.745+0000] {dag.py:2585} INFO - Sync 2 DAGs
[2023-03-12T04:47:38.748+0000] {logging_mixin.py:120} INFO - [2023-03-12T04:47:38.748+0000] {dag.py:3340} INFO - Setting next_dagrun for example_subdag_operator.section-1 to None, run_after=None
[2023-03-12T04:47:38.748+0000] {logging_mixin.py:120} INFO - [2023-03-12T04:47:38.748+0000] {dag.py:3340} INFO - Setting next_dagrun for example_subdag_operator.section-2 to None, run_after=None
[2023-03-12T04:47:38.758+0000] {processor.py:176} INFO - Processing /home/airflow/.local/lib/python3.7/site-packages/airflow/example_dags/example_subdag_operator.py took 0.226 seconds
[2023-03-12T05:46:52.573+0000] {processor.py:154} INFO - Started process (PID=36710) to work on /home/airflow/.local/lib/python3.7/site-packages/airflow/example_dags/example_subdag_operator.py
[2023-03-12T05:46:52.576+0000] {processor.py:756} INFO - Processing file /home/airflow/.local/lib/python3.7/site-packages/airflow/example_dags/example_subdag_operator.py for tasks to queue
[2023-03-12T05:46:52.578+0000] {logging_mixin.py:120} INFO - [2023-03-12T05:46:52.578+0000] {dagbag.py:537} INFO - Filling up the DagBag from /home/airflow/.local/lib/python3.7/site-packages/airflow/example_dags/example_subdag_operator.py
[2023-03-12T05:46:52.608+0000] {processor.py:766} INFO - DAG(s) dict_keys(['example_subdag_operator.section-1', 'example_subdag_operator.section-2', 'example_subdag_operator']) retrieved from /home/airflow/.local/lib/python3.7/site-packages/airflow/example_dags/example_subdag_operator.py
[2023-03-12T05:46:52.701+0000] {logging_mixin.py:120} INFO - [2023-03-12T05:46:52.701+0000] {dag.py:2585} INFO - Sync 3 DAGs
[2023-03-12T05:46:52.723+0000] {logging_mixin.py:120} INFO - [2023-03-12T05:46:52.723+0000] {dag.py:3340} INFO - Setting next_dagrun for example_subdag_operator to 2022-01-01T00:00:00+00:00, run_after=2022-01-01T00:00:00+00:00
[2023-03-12T05:46:52.726+0000] {logging_mixin.py:120} INFO - [2023-03-12T05:46:52.726+0000] {dag.py:3340} INFO - Setting next_dagrun for example_subdag_operator.section-1 to None, run_after=None
[2023-03-12T05:46:52.727+0000] {logging_mixin.py:120} INFO - [2023-03-12T05:46:52.727+0000] {dag.py:3340} INFO - Setting next_dagrun for example_subdag_operator.section-2 to None, run_after=None
[2023-03-12T05:46:52.734+0000] {logging_mixin.py:120} INFO - [2023-03-12T05:46:52.734+0000] {dag.py:2585} INFO - Sync 2 DAGs
[2023-03-12T05:46:52.737+0000] {logging_mixin.py:120} INFO - [2023-03-12T05:46:52.737+0000] {dag.py:3340} INFO - Setting next_dagrun for example_subdag_operator.section-1 to None, run_after=None
[2023-03-12T05:46:52.738+0000] {logging_mixin.py:120} INFO - [2023-03-12T05:46:52.738+0000] {dag.py:3340} INFO - Setting next_dagrun for example_subdag_operator.section-2 to None, run_after=None
[2023-03-12T05:46:52.748+0000] {processor.py:176} INFO - Processing /home/airflow/.local/lib/python3.7/site-packages/airflow/example_dags/example_subdag_operator.py took 0.177 seconds
[2023-03-12T06:51:40.743+0000] {processor.py:154} INFO - Started process (PID=36764) to work on /home/airflow/.local/lib/python3.7/site-packages/airflow/example_dags/example_subdag_operator.py
[2023-03-12T06:51:40.747+0000] {processor.py:756} INFO - Processing file /home/airflow/.local/lib/python3.7/site-packages/airflow/example_dags/example_subdag_operator.py for tasks to queue
[2023-03-12T06:51:40.748+0000] {logging_mixin.py:120} INFO - [2023-03-12T06:51:40.748+0000] {dagbag.py:537} INFO - Filling up the DagBag from /home/airflow/.local/lib/python3.7/site-packages/airflow/example_dags/example_subdag_operator.py
[2023-03-12T06:51:40.780+0000] {processor.py:766} INFO - DAG(s) dict_keys(['example_subdag_operator.section-1', 'example_subdag_operator.section-2', 'example_subdag_operator']) retrieved from /home/airflow/.local/lib/python3.7/site-packages/airflow/example_dags/example_subdag_operator.py
[2023-03-12T06:51:40.918+0000] {logging_mixin.py:120} INFO - [2023-03-12T06:51:40.918+0000] {dag.py:2585} INFO - Sync 3 DAGs
[2023-03-12T06:51:40.938+0000] {logging_mixin.py:120} INFO - [2023-03-12T06:51:40.938+0000] {dag.py:3340} INFO - Setting next_dagrun for example_subdag_operator to 2022-01-01T00:00:00+00:00, run_after=2022-01-01T00:00:00+00:00
[2023-03-12T06:51:40.940+0000] {logging_mixin.py:120} INFO - [2023-03-12T06:51:40.940+0000] {dag.py:3340} INFO - Setting next_dagrun for example_subdag_operator.section-1 to None, run_after=None
[2023-03-12T06:51:40.942+0000] {logging_mixin.py:120} INFO - [2023-03-12T06:51:40.942+0000] {dag.py:3340} INFO - Setting next_dagrun for example_subdag_operator.section-2 to None, run_after=None
[2023-03-12T06:51:40.947+0000] {logging_mixin.py:120} INFO - [2023-03-12T06:51:40.947+0000] {dag.py:2585} INFO - Sync 2 DAGs
[2023-03-12T06:51:40.950+0000] {logging_mixin.py:120} INFO - [2023-03-12T06:51:40.950+0000] {dag.py:3340} INFO - Setting next_dagrun for example_subdag_operator.section-1 to None, run_after=None
[2023-03-12T06:51:40.950+0000] {logging_mixin.py:120} INFO - [2023-03-12T06:51:40.950+0000] {dag.py:3340} INFO - Setting next_dagrun for example_subdag_operator.section-2 to None, run_after=None
[2023-03-12T06:51:40.958+0000] {processor.py:176} INFO - Processing /home/airflow/.local/lib/python3.7/site-packages/airflow/example_dags/example_subdag_operator.py took 0.218 seconds
[2023-03-12T07:59:58.082+0000] {processor.py:154} INFO - Started process (PID=36828) to work on /home/airflow/.local/lib/python3.7/site-packages/airflow/example_dags/example_subdag_operator.py
[2023-03-12T07:59:58.083+0000] {processor.py:756} INFO - Processing file /home/airflow/.local/lib/python3.7/site-packages/airflow/example_dags/example_subdag_operator.py for tasks to queue
[2023-03-12T07:59:58.084+0000] {logging_mixin.py:120} INFO - [2023-03-12T07:59:58.084+0000] {dagbag.py:537} INFO - Filling up the DagBag from /home/airflow/.local/lib/python3.7/site-packages/airflow/example_dags/example_subdag_operator.py
[2023-03-12T07:59:58.125+0000] {processor.py:766} INFO - DAG(s) dict_keys(['example_subdag_operator.section-1', 'example_subdag_operator.section-2', 'example_subdag_operator']) retrieved from /home/airflow/.local/lib/python3.7/site-packages/airflow/example_dags/example_subdag_operator.py
[2023-03-12T07:59:58.274+0000] {logging_mixin.py:120} INFO - [2023-03-12T07:59:58.274+0000] {dag.py:2585} INFO - Sync 3 DAGs
[2023-03-12T07:59:58.292+0000] {logging_mixin.py:120} INFO - [2023-03-12T07:59:58.292+0000] {dag.py:3340} INFO - Setting next_dagrun for example_subdag_operator to 2022-01-01T00:00:00+00:00, run_after=2022-01-01T00:00:00+00:00
[2023-03-12T07:59:58.295+0000] {logging_mixin.py:120} INFO - [2023-03-12T07:59:58.295+0000] {dag.py:3340} INFO - Setting next_dagrun for example_subdag_operator.section-1 to None, run_after=None
[2023-03-12T07:59:58.296+0000] {logging_mixin.py:120} INFO - [2023-03-12T07:59:58.296+0000] {dag.py:3340} INFO - Setting next_dagrun for example_subdag_operator.section-2 to None, run_after=None
[2023-03-12T07:59:58.302+0000] {logging_mixin.py:120} INFO - [2023-03-12T07:59:58.302+0000] {dag.py:2585} INFO - Sync 2 DAGs
[2023-03-12T07:59:58.305+0000] {logging_mixin.py:120} INFO - [2023-03-12T07:59:58.305+0000] {dag.py:3340} INFO - Setting next_dagrun for example_subdag_operator.section-1 to None, run_after=None
[2023-03-12T07:59:58.306+0000] {logging_mixin.py:120} INFO - [2023-03-12T07:59:58.306+0000] {dag.py:3340} INFO - Setting next_dagrun for example_subdag_operator.section-2 to None, run_after=None
[2023-03-12T07:59:58.312+0000] {processor.py:176} INFO - Processing /home/airflow/.local/lib/python3.7/site-packages/airflow/example_dags/example_subdag_operator.py took 0.233 seconds
[2023-03-12T09:20:38.332+0000] {processor.py:154} INFO - Started process (PID=36891) to work on /home/airflow/.local/lib/python3.7/site-packages/airflow/example_dags/example_subdag_operator.py
[2023-03-12T09:20:38.333+0000] {processor.py:756} INFO - Processing file /home/airflow/.local/lib/python3.7/site-packages/airflow/example_dags/example_subdag_operator.py for tasks to queue
[2023-03-12T09:20:38.336+0000] {logging_mixin.py:120} INFO - [2023-03-12T09:20:38.336+0000] {dagbag.py:537} INFO - Filling up the DagBag from /home/airflow/.local/lib/python3.7/site-packages/airflow/example_dags/example_subdag_operator.py
[2023-03-12T09:20:38.360+0000] {processor.py:766} INFO - DAG(s) dict_keys(['example_subdag_operator.section-1', 'example_subdag_operator.section-2', 'example_subdag_operator']) retrieved from /home/airflow/.local/lib/python3.7/site-packages/airflow/example_dags/example_subdag_operator.py
[2023-03-12T09:20:38.461+0000] {logging_mixin.py:120} INFO - [2023-03-12T09:20:38.461+0000] {dag.py:2585} INFO - Sync 3 DAGs
[2023-03-12T09:20:38.480+0000] {logging_mixin.py:120} INFO - [2023-03-12T09:20:38.480+0000] {dag.py:3340} INFO - Setting next_dagrun for example_subdag_operator to 2022-01-01T00:00:00+00:00, run_after=2022-01-01T00:00:00+00:00
[2023-03-12T09:20:38.485+0000] {logging_mixin.py:120} INFO - [2023-03-12T09:20:38.485+0000] {dag.py:3340} INFO - Setting next_dagrun for example_subdag_operator.section-1 to None, run_after=None
[2023-03-12T09:20:38.486+0000] {logging_mixin.py:120} INFO - [2023-03-12T09:20:38.486+0000] {dag.py:3340} INFO - Setting next_dagrun for example_subdag_operator.section-2 to None, run_after=None
[2023-03-12T09:20:38.491+0000] {logging_mixin.py:120} INFO - [2023-03-12T09:20:38.491+0000] {dag.py:2585} INFO - Sync 2 DAGs
[2023-03-12T09:20:38.495+0000] {logging_mixin.py:120} INFO - [2023-03-12T09:20:38.495+0000] {dag.py:3340} INFO - Setting next_dagrun for example_subdag_operator.section-1 to None, run_after=None
[2023-03-12T09:20:38.495+0000] {logging_mixin.py:120} INFO - [2023-03-12T09:20:38.495+0000] {dag.py:3340} INFO - Setting next_dagrun for example_subdag_operator.section-2 to None, run_after=None
[2023-03-12T09:20:38.501+0000] {processor.py:176} INFO - Processing /home/airflow/.local/lib/python3.7/site-packages/airflow/example_dags/example_subdag_operator.py took 0.172 seconds
[2023-03-12T10:26:32.350+0000] {processor.py:154} INFO - Started process (PID=36954) to work on /home/airflow/.local/lib/python3.7/site-packages/airflow/example_dags/example_subdag_operator.py
[2023-03-12T10:26:32.351+0000] {processor.py:756} INFO - Processing file /home/airflow/.local/lib/python3.7/site-packages/airflow/example_dags/example_subdag_operator.py for tasks to queue
[2023-03-12T10:26:32.352+0000] {logging_mixin.py:120} INFO - [2023-03-12T10:26:32.352+0000] {dagbag.py:537} INFO - Filling up the DagBag from /home/airflow/.local/lib/python3.7/site-packages/airflow/example_dags/example_subdag_operator.py
[2023-03-12T10:26:32.405+0000] {processor.py:766} INFO - DAG(s) dict_keys(['example_subdag_operator.section-1', 'example_subdag_operator.section-2', 'example_subdag_operator']) retrieved from /home/airflow/.local/lib/python3.7/site-packages/airflow/example_dags/example_subdag_operator.py
[2023-03-12T10:26:32.515+0000] {logging_mixin.py:120} INFO - [2023-03-12T10:26:32.515+0000] {dag.py:2585} INFO - Sync 3 DAGs
[2023-03-12T10:26:32.537+0000] {logging_mixin.py:120} INFO - [2023-03-12T10:26:32.537+0000] {dag.py:3340} INFO - Setting next_dagrun for example_subdag_operator to 2022-01-01T00:00:00+00:00, run_after=2022-01-01T00:00:00+00:00
[2023-03-12T10:26:32.542+0000] {logging_mixin.py:120} INFO - [2023-03-12T10:26:32.542+0000] {dag.py:3340} INFO - Setting next_dagrun for example_subdag_operator.section-1 to None, run_after=None
[2023-03-12T10:26:32.552+0000] {logging_mixin.py:120} INFO - [2023-03-12T10:26:32.552+0000] {dag.py:3340} INFO - Setting next_dagrun for example_subdag_operator.section-2 to None, run_after=None
[2023-03-12T10:26:32.557+0000] {logging_mixin.py:120} INFO - [2023-03-12T10:26:32.557+0000] {dag.py:2585} INFO - Sync 2 DAGs
[2023-03-12T10:26:32.563+0000] {logging_mixin.py:120} INFO - [2023-03-12T10:26:32.563+0000] {dag.py:3340} INFO - Setting next_dagrun for example_subdag_operator.section-1 to None, run_after=None
[2023-03-12T10:26:32.564+0000] {logging_mixin.py:120} INFO - [2023-03-12T10:26:32.563+0000] {dag.py:3340} INFO - Setting next_dagrun for example_subdag_operator.section-2 to None, run_after=None
[2023-03-12T10:26:32.571+0000] {processor.py:176} INFO - Processing /home/airflow/.local/lib/python3.7/site-packages/airflow/example_dags/example_subdag_operator.py took 0.224 seconds
[2023-03-12T11:32:27.576+0000] {processor.py:154} INFO - Started process (PID=37017) to work on /home/airflow/.local/lib/python3.7/site-packages/airflow/example_dags/example_subdag_operator.py
[2023-03-12T11:32:27.583+0000] {processor.py:756} INFO - Processing file /home/airflow/.local/lib/python3.7/site-packages/airflow/example_dags/example_subdag_operator.py for tasks to queue
[2023-03-12T11:32:27.585+0000] {logging_mixin.py:120} INFO - [2023-03-12T11:32:27.585+0000] {dagbag.py:537} INFO - Filling up the DagBag from /home/airflow/.local/lib/python3.7/site-packages/airflow/example_dags/example_subdag_operator.py
[2023-03-12T11:32:28.004+0000] {processor.py:766} INFO - DAG(s) dict_keys(['example_subdag_operator.section-1', 'example_subdag_operator.section-2', 'example_subdag_operator']) retrieved from /home/airflow/.local/lib/python3.7/site-packages/airflow/example_dags/example_subdag_operator.py
[2023-03-12T11:32:28.209+0000] {logging_mixin.py:120} INFO - [2023-03-12T11:32:28.209+0000] {dag.py:2585} INFO - Sync 3 DAGs
[2023-03-12T11:32:28.239+0000] {logging_mixin.py:120} INFO - [2023-03-12T11:32:28.239+0000] {dag.py:3340} INFO - Setting next_dagrun for example_subdag_operator to 2022-01-01T00:00:00+00:00, run_after=2022-01-01T00:00:00+00:00
[2023-03-12T11:32:28.242+0000] {logging_mixin.py:120} INFO - [2023-03-12T11:32:28.242+0000] {dag.py:3340} INFO - Setting next_dagrun for example_subdag_operator.section-1 to None, run_after=None
[2023-03-12T11:32:28.245+0000] {logging_mixin.py:120} INFO - [2023-03-12T11:32:28.245+0000] {dag.py:3340} INFO - Setting next_dagrun for example_subdag_operator.section-2 to None, run_after=None
[2023-03-12T11:32:28.251+0000] {logging_mixin.py:120} INFO - [2023-03-12T11:32:28.251+0000] {dag.py:2585} INFO - Sync 2 DAGs
[2023-03-12T11:32:28.257+0000] {logging_mixin.py:120} INFO - [2023-03-12T11:32:28.257+0000] {dag.py:3340} INFO - Setting next_dagrun for example_subdag_operator.section-1 to None, run_after=None
[2023-03-12T11:32:28.258+0000] {logging_mixin.py:120} INFO - [2023-03-12T11:32:28.258+0000] {dag.py:3340} INFO - Setting next_dagrun for example_subdag_operator.section-2 to None, run_after=None
[2023-03-12T11:32:28.273+0000] {processor.py:176} INFO - Processing /home/airflow/.local/lib/python3.7/site-packages/airflow/example_dags/example_subdag_operator.py took 0.700 seconds
[2023-03-12T12:40:40.528+0000] {processor.py:154} INFO - Started process (PID=37071) to work on /home/airflow/.local/lib/python3.7/site-packages/airflow/example_dags/example_subdag_operator.py
[2023-03-12T12:40:40.531+0000] {processor.py:756} INFO - Processing file /home/airflow/.local/lib/python3.7/site-packages/airflow/example_dags/example_subdag_operator.py for tasks to queue
[2023-03-12T12:40:40.532+0000] {logging_mixin.py:120} INFO - [2023-03-12T12:40:40.532+0000] {dagbag.py:537} INFO - Filling up the DagBag from /home/airflow/.local/lib/python3.7/site-packages/airflow/example_dags/example_subdag_operator.py
[2023-03-12T12:40:40.558+0000] {processor.py:766} INFO - DAG(s) dict_keys(['example_subdag_operator.section-1', 'example_subdag_operator.section-2', 'example_subdag_operator']) retrieved from /home/airflow/.local/lib/python3.7/site-packages/airflow/example_dags/example_subdag_operator.py
[2023-03-12T12:40:40.691+0000] {logging_mixin.py:120} INFO - [2023-03-12T12:40:40.691+0000] {dag.py:2585} INFO - Sync 3 DAGs
[2023-03-12T12:40:40.706+0000] {logging_mixin.py:120} INFO - [2023-03-12T12:40:40.706+0000] {dag.py:3340} INFO - Setting next_dagrun for example_subdag_operator to 2022-01-01T00:00:00+00:00, run_after=2022-01-01T00:00:00+00:00
[2023-03-12T12:40:40.709+0000] {logging_mixin.py:120} INFO - [2023-03-12T12:40:40.709+0000] {dag.py:3340} INFO - Setting next_dagrun for example_subdag_operator.section-1 to None, run_after=None
[2023-03-12T12:40:40.711+0000] {logging_mixin.py:120} INFO - [2023-03-12T12:40:40.711+0000] {dag.py:3340} INFO - Setting next_dagrun for example_subdag_operator.section-2 to None, run_after=None
[2023-03-12T12:40:40.716+0000] {logging_mixin.py:120} INFO - [2023-03-12T12:40:40.716+0000] {dag.py:2585} INFO - Sync 2 DAGs
[2023-03-12T12:40:40.720+0000] {logging_mixin.py:120} INFO - [2023-03-12T12:40:40.720+0000] {dag.py:3340} INFO - Setting next_dagrun for example_subdag_operator.section-1 to None, run_after=None
[2023-03-12T12:40:40.721+0000] {logging_mixin.py:120} INFO - [2023-03-12T12:40:40.721+0000] {dag.py:3340} INFO - Setting next_dagrun for example_subdag_operator.section-2 to None, run_after=None
[2023-03-12T12:40:40.736+0000] {processor.py:176} INFO - Processing /home/airflow/.local/lib/python3.7/site-packages/airflow/example_dags/example_subdag_operator.py took 0.212 seconds
[2023-03-12T13:59:48.849+0000] {processor.py:154} INFO - Started process (PID=37134) to work on /home/airflow/.local/lib/python3.7/site-packages/airflow/example_dags/example_subdag_operator.py
[2023-03-12T13:59:48.850+0000] {processor.py:756} INFO - Processing file /home/airflow/.local/lib/python3.7/site-packages/airflow/example_dags/example_subdag_operator.py for tasks to queue
[2023-03-12T13:59:48.851+0000] {logging_mixin.py:120} INFO - [2023-03-12T13:59:48.851+0000] {dagbag.py:537} INFO - Filling up the DagBag from /home/airflow/.local/lib/python3.7/site-packages/airflow/example_dags/example_subdag_operator.py
[2023-03-12T13:59:48.878+0000] {processor.py:766} INFO - DAG(s) dict_keys(['example_subdag_operator.section-1', 'example_subdag_operator.section-2', 'example_subdag_operator']) retrieved from /home/airflow/.local/lib/python3.7/site-packages/airflow/example_dags/example_subdag_operator.py
[2023-03-12T13:59:48.981+0000] {logging_mixin.py:120} INFO - [2023-03-12T13:59:48.981+0000] {dag.py:2585} INFO - Sync 3 DAGs
[2023-03-12T13:59:49.001+0000] {logging_mixin.py:120} INFO - [2023-03-12T13:59:49.000+0000] {dag.py:3340} INFO - Setting next_dagrun for example_subdag_operator to 2022-01-01T00:00:00+00:00, run_after=2022-01-01T00:00:00+00:00
[2023-03-12T13:59:49.004+0000] {logging_mixin.py:120} INFO - [2023-03-12T13:59:49.004+0000] {dag.py:3340} INFO - Setting next_dagrun for example_subdag_operator.section-1 to None, run_after=None
[2023-03-12T13:59:49.005+0000] {logging_mixin.py:120} INFO - [2023-03-12T13:59:49.005+0000] {dag.py:3340} INFO - Setting next_dagrun for example_subdag_operator.section-2 to None, run_after=None
[2023-03-12T13:59:49.010+0000] {logging_mixin.py:120} INFO - [2023-03-12T13:59:49.010+0000] {dag.py:2585} INFO - Sync 2 DAGs
[2023-03-12T13:59:49.014+0000] {logging_mixin.py:120} INFO - [2023-03-12T13:59:49.014+0000] {dag.py:3340} INFO - Setting next_dagrun for example_subdag_operator.section-1 to None, run_after=None
[2023-03-12T13:59:49.015+0000] {logging_mixin.py:120} INFO - [2023-03-12T13:59:49.015+0000] {dag.py:3340} INFO - Setting next_dagrun for example_subdag_operator.section-2 to None, run_after=None
[2023-03-12T13:59:49.021+0000] {processor.py:176} INFO - Processing /home/airflow/.local/lib/python3.7/site-packages/airflow/example_dags/example_subdag_operator.py took 0.176 seconds
[2023-03-12T15:06:06.550+0000] {processor.py:154} INFO - Started process (PID=37197) to work on /home/airflow/.local/lib/python3.7/site-packages/airflow/example_dags/example_subdag_operator.py
[2023-03-12T15:06:06.554+0000] {processor.py:756} INFO - Processing file /home/airflow/.local/lib/python3.7/site-packages/airflow/example_dags/example_subdag_operator.py for tasks to queue
[2023-03-12T15:06:06.555+0000] {logging_mixin.py:120} INFO - [2023-03-12T15:06:06.555+0000] {dagbag.py:537} INFO - Filling up the DagBag from /home/airflow/.local/lib/python3.7/site-packages/airflow/example_dags/example_subdag_operator.py
[2023-03-12T15:06:06.595+0000] {processor.py:766} INFO - DAG(s) dict_keys(['example_subdag_operator.section-1', 'example_subdag_operator.section-2', 'example_subdag_operator']) retrieved from /home/airflow/.local/lib/python3.7/site-packages/airflow/example_dags/example_subdag_operator.py
[2023-03-12T15:06:06.699+0000] {logging_mixin.py:120} INFO - [2023-03-12T15:06:06.699+0000] {dag.py:2585} INFO - Sync 3 DAGs
[2023-03-12T15:06:06.714+0000] {logging_mixin.py:120} INFO - [2023-03-12T15:06:06.714+0000] {dag.py:3340} INFO - Setting next_dagrun for example_subdag_operator to 2022-01-01T00:00:00+00:00, run_after=2022-01-01T00:00:00+00:00
[2023-03-12T15:06:06.719+0000] {logging_mixin.py:120} INFO - [2023-03-12T15:06:06.719+0000] {dag.py:3340} INFO - Setting next_dagrun for example_subdag_operator.section-1 to None, run_after=None
[2023-03-12T15:06:06.720+0000] {logging_mixin.py:120} INFO - [2023-03-12T15:06:06.720+0000] {dag.py:3340} INFO - Setting next_dagrun for example_subdag_operator.section-2 to None, run_after=None
[2023-03-12T15:06:06.724+0000] {logging_mixin.py:120} INFO - [2023-03-12T15:06:06.724+0000] {dag.py:2585} INFO - Sync 2 DAGs
[2023-03-12T15:06:06.727+0000] {logging_mixin.py:120} INFO - [2023-03-12T15:06:06.727+0000] {dag.py:3340} INFO - Setting next_dagrun for example_subdag_operator.section-1 to None, run_after=None
[2023-03-12T15:06:06.728+0000] {logging_mixin.py:120} INFO - [2023-03-12T15:06:06.728+0000] {dag.py:3340} INFO - Setting next_dagrun for example_subdag_operator.section-2 to None, run_after=None
[2023-03-12T15:06:06.734+0000] {processor.py:176} INFO - Processing /home/airflow/.local/lib/python3.7/site-packages/airflow/example_dags/example_subdag_operator.py took 0.186 seconds
[2023-03-12T16:10:45.647+0000] {processor.py:154} INFO - Started process (PID=37261) to work on /home/airflow/.local/lib/python3.7/site-packages/airflow/example_dags/example_subdag_operator.py
[2023-03-12T16:10:45.648+0000] {processor.py:756} INFO - Processing file /home/airflow/.local/lib/python3.7/site-packages/airflow/example_dags/example_subdag_operator.py for tasks to queue
[2023-03-12T16:10:45.649+0000] {logging_mixin.py:120} INFO - [2023-03-12T16:10:45.649+0000] {dagbag.py:537} INFO - Filling up the DagBag from /home/airflow/.local/lib/python3.7/site-packages/airflow/example_dags/example_subdag_operator.py
[2023-03-12T16:10:45.681+0000] {processor.py:766} INFO - DAG(s) dict_keys(['example_subdag_operator.section-1', 'example_subdag_operator.section-2', 'example_subdag_operator']) retrieved from /home/airflow/.local/lib/python3.7/site-packages/airflow/example_dags/example_subdag_operator.py
[2023-03-12T16:10:45.780+0000] {logging_mixin.py:120} INFO - [2023-03-12T16:10:45.780+0000] {dag.py:2585} INFO - Sync 3 DAGs
[2023-03-12T16:10:45.794+0000] {logging_mixin.py:120} INFO - [2023-03-12T16:10:45.794+0000] {dag.py:3340} INFO - Setting next_dagrun for example_subdag_operator to 2022-01-01T00:00:00+00:00, run_after=2022-01-01T00:00:00+00:00
[2023-03-12T16:10:45.797+0000] {logging_mixin.py:120} INFO - [2023-03-12T16:10:45.797+0000] {dag.py:3340} INFO - Setting next_dagrun for example_subdag_operator.section-1 to None, run_after=None
[2023-03-12T16:10:45.799+0000] {logging_mixin.py:120} INFO - [2023-03-12T16:10:45.799+0000] {dag.py:3340} INFO - Setting next_dagrun for example_subdag_operator.section-2 to None, run_after=None
[2023-03-12T16:10:45.803+0000] {logging_mixin.py:120} INFO - [2023-03-12T16:10:45.803+0000] {dag.py:2585} INFO - Sync 2 DAGs
[2023-03-12T16:10:45.806+0000] {logging_mixin.py:120} INFO - [2023-03-12T16:10:45.806+0000] {dag.py:3340} INFO - Setting next_dagrun for example_subdag_operator.section-1 to None, run_after=None
[2023-03-12T16:10:45.807+0000] {logging_mixin.py:120} INFO - [2023-03-12T16:10:45.807+0000] {dag.py:3340} INFO - Setting next_dagrun for example_subdag_operator.section-2 to None, run_after=None
[2023-03-12T16:10:45.813+0000] {processor.py:176} INFO - Processing /home/airflow/.local/lib/python3.7/site-packages/airflow/example_dags/example_subdag_operator.py took 0.169 seconds
[2023-03-12T17:18:12.788+0000] {processor.py:154} INFO - Started process (PID=37322) to work on /home/airflow/.local/lib/python3.7/site-packages/airflow/example_dags/example_subdag_operator.py
[2023-03-12T17:18:12.789+0000] {processor.py:756} INFO - Processing file /home/airflow/.local/lib/python3.7/site-packages/airflow/example_dags/example_subdag_operator.py for tasks to queue
[2023-03-12T17:18:12.790+0000] {logging_mixin.py:120} INFO - [2023-03-12T17:18:12.790+0000] {dagbag.py:537} INFO - Filling up the DagBag from /home/airflow/.local/lib/python3.7/site-packages/airflow/example_dags/example_subdag_operator.py
[2023-03-12T17:18:12.834+0000] {processor.py:766} INFO - DAG(s) dict_keys(['example_subdag_operator.section-1', 'example_subdag_operator.section-2', 'example_subdag_operator']) retrieved from /home/airflow/.local/lib/python3.7/site-packages/airflow/example_dags/example_subdag_operator.py
[2023-03-12T17:18:13.007+0000] {logging_mixin.py:120} INFO - [2023-03-12T17:18:13.006+0000] {dag.py:2585} INFO - Sync 3 DAGs
[2023-03-12T17:18:13.030+0000] {logging_mixin.py:120} INFO - [2023-03-12T17:18:13.030+0000] {dag.py:3340} INFO - Setting next_dagrun for example_subdag_operator to 2022-01-01T00:00:00+00:00, run_after=2022-01-01T00:00:00+00:00
[2023-03-12T17:18:13.033+0000] {logging_mixin.py:120} INFO - [2023-03-12T17:18:13.033+0000] {dag.py:3340} INFO - Setting next_dagrun for example_subdag_operator.section-1 to None, run_after=None
[2023-03-12T17:18:13.034+0000] {logging_mixin.py:120} INFO - [2023-03-12T17:18:13.034+0000] {dag.py:3340} INFO - Setting next_dagrun for example_subdag_operator.section-2 to None, run_after=None
[2023-03-12T17:18:13.043+0000] {logging_mixin.py:120} INFO - [2023-03-12T17:18:13.043+0000] {dag.py:2585} INFO - Sync 2 DAGs
[2023-03-12T17:18:13.046+0000] {logging_mixin.py:120} INFO - [2023-03-12T17:18:13.046+0000] {dag.py:3340} INFO - Setting next_dagrun for example_subdag_operator.section-1 to None, run_after=None
[2023-03-12T17:18:13.047+0000] {logging_mixin.py:120} INFO - [2023-03-12T17:18:13.047+0000] {dag.py:3340} INFO - Setting next_dagrun for example_subdag_operator.section-2 to None, run_after=None
[2023-03-12T17:18:13.055+0000] {processor.py:176} INFO - Processing /home/airflow/.local/lib/python3.7/site-packages/airflow/example_dags/example_subdag_operator.py took 0.270 seconds
[2023-03-12T18:23:04.316+0000] {processor.py:154} INFO - Started process (PID=37378) to work on /home/airflow/.local/lib/python3.7/site-packages/airflow/example_dags/example_subdag_operator.py
[2023-03-12T18:23:04.321+0000] {processor.py:756} INFO - Processing file /home/airflow/.local/lib/python3.7/site-packages/airflow/example_dags/example_subdag_operator.py for tasks to queue
[2023-03-12T18:23:04.322+0000] {logging_mixin.py:120} INFO - [2023-03-12T18:23:04.322+0000] {dagbag.py:537} INFO - Filling up the DagBag from /home/airflow/.local/lib/python3.7/site-packages/airflow/example_dags/example_subdag_operator.py
[2023-03-12T18:23:04.352+0000] {processor.py:766} INFO - DAG(s) dict_keys(['example_subdag_operator.section-1', 'example_subdag_operator.section-2', 'example_subdag_operator']) retrieved from /home/airflow/.local/lib/python3.7/site-packages/airflow/example_dags/example_subdag_operator.py
[2023-03-12T18:23:04.452+0000] {logging_mixin.py:120} INFO - [2023-03-12T18:23:04.452+0000] {dag.py:2585} INFO - Sync 3 DAGs
[2023-03-12T18:23:04.474+0000] {logging_mixin.py:120} INFO - [2023-03-12T18:23:04.474+0000] {dag.py:3340} INFO - Setting next_dagrun for example_subdag_operator to 2022-01-01T00:00:00+00:00, run_after=2022-01-01T00:00:00+00:00
[2023-03-12T18:23:04.476+0000] {logging_mixin.py:120} INFO - [2023-03-12T18:23:04.476+0000] {dag.py:3340} INFO - Setting next_dagrun for example_subdag_operator.section-1 to None, run_after=None
[2023-03-12T18:23:04.478+0000] {logging_mixin.py:120} INFO - [2023-03-12T18:23:04.478+0000] {dag.py:3340} INFO - Setting next_dagrun for example_subdag_operator.section-2 to None, run_after=None
[2023-03-12T18:23:04.485+0000] {logging_mixin.py:120} INFO - [2023-03-12T18:23:04.485+0000] {dag.py:2585} INFO - Sync 2 DAGs
[2023-03-12T18:23:04.490+0000] {logging_mixin.py:120} INFO - [2023-03-12T18:23:04.490+0000] {dag.py:3340} INFO - Setting next_dagrun for example_subdag_operator.section-1 to None, run_after=None
[2023-03-12T18:23:04.491+0000] {logging_mixin.py:120} INFO - [2023-03-12T18:23:04.491+0000] {dag.py:3340} INFO - Setting next_dagrun for example_subdag_operator.section-2 to None, run_after=None
[2023-03-12T18:23:04.497+0000] {processor.py:176} INFO - Processing /home/airflow/.local/lib/python3.7/site-packages/airflow/example_dags/example_subdag_operator.py took 0.185 seconds
[2023-03-12T19:03:57.579+0000] {processor.py:154} INFO - Started process (PID=37441) to work on /home/airflow/.local/lib/python3.7/site-packages/airflow/example_dags/example_subdag_operator.py
[2023-03-12T19:03:57.580+0000] {processor.py:756} INFO - Processing file /home/airflow/.local/lib/python3.7/site-packages/airflow/example_dags/example_subdag_operator.py for tasks to queue
[2023-03-12T19:03:57.581+0000] {logging_mixin.py:120} INFO - [2023-03-12T19:03:57.581+0000] {dagbag.py:537} INFO - Filling up the DagBag from /home/airflow/.local/lib/python3.7/site-packages/airflow/example_dags/example_subdag_operator.py
[2023-03-12T19:03:57.604+0000] {processor.py:766} INFO - DAG(s) dict_keys(['example_subdag_operator.section-1', 'example_subdag_operator.section-2', 'example_subdag_operator']) retrieved from /home/airflow/.local/lib/python3.7/site-packages/airflow/example_dags/example_subdag_operator.py
[2023-03-12T19:03:57.700+0000] {logging_mixin.py:120} INFO - [2023-03-12T19:03:57.700+0000] {dag.py:2585} INFO - Sync 3 DAGs
[2023-03-12T19:03:57.715+0000] {logging_mixin.py:120} INFO - [2023-03-12T19:03:57.715+0000] {dag.py:3340} INFO - Setting next_dagrun for example_subdag_operator to 2022-01-01T00:00:00+00:00, run_after=2022-01-01T00:00:00+00:00
[2023-03-12T19:03:57.717+0000] {logging_mixin.py:120} INFO - [2023-03-12T19:03:57.717+0000] {dag.py:3340} INFO - Setting next_dagrun for example_subdag_operator.section-1 to None, run_after=None
[2023-03-12T19:03:57.718+0000] {logging_mixin.py:120} INFO - [2023-03-12T19:03:57.718+0000] {dag.py:3340} INFO - Setting next_dagrun for example_subdag_operator.section-2 to None, run_after=None
[2023-03-12T19:03:57.722+0000] {logging_mixin.py:120} INFO - [2023-03-12T19:03:57.722+0000] {dag.py:2585} INFO - Sync 2 DAGs
[2023-03-12T19:03:57.724+0000] {logging_mixin.py:120} INFO - [2023-03-12T19:03:57.724+0000] {dag.py:3340} INFO - Setting next_dagrun for example_subdag_operator.section-1 to None, run_after=None
[2023-03-12T19:03:57.725+0000] {logging_mixin.py:120} INFO - [2023-03-12T19:03:57.725+0000] {dag.py:3340} INFO - Setting next_dagrun for example_subdag_operator.section-2 to None, run_after=None
[2023-03-12T19:03:57.731+0000] {processor.py:176} INFO - Processing /home/airflow/.local/lib/python3.7/site-packages/airflow/example_dags/example_subdag_operator.py took 0.155 seconds
[2023-03-12T20:24:27.125+0000] {processor.py:154} INFO - Started process (PID=37503) to work on /home/airflow/.local/lib/python3.7/site-packages/airflow/example_dags/example_subdag_operator.py
[2023-03-12T20:24:27.126+0000] {processor.py:756} INFO - Processing file /home/airflow/.local/lib/python3.7/site-packages/airflow/example_dags/example_subdag_operator.py for tasks to queue
[2023-03-12T20:24:27.127+0000] {logging_mixin.py:120} INFO - [2023-03-12T20:24:27.127+0000] {dagbag.py:537} INFO - Filling up the DagBag from /home/airflow/.local/lib/python3.7/site-packages/airflow/example_dags/example_subdag_operator.py
[2023-03-12T20:24:27.171+0000] {processor.py:766} INFO - DAG(s) dict_keys(['example_subdag_operator.section-1', 'example_subdag_operator.section-2', 'example_subdag_operator']) retrieved from /home/airflow/.local/lib/python3.7/site-packages/airflow/example_dags/example_subdag_operator.py
[2023-03-12T20:24:27.328+0000] {logging_mixin.py:120} INFO - [2023-03-12T20:24:27.327+0000] {dag.py:2585} INFO - Sync 3 DAGs
[2023-03-12T20:24:27.348+0000] {logging_mixin.py:120} INFO - [2023-03-12T20:24:27.348+0000] {dag.py:3340} INFO - Setting next_dagrun for example_subdag_operator to 2022-01-01T00:00:00+00:00, run_after=2022-01-01T00:00:00+00:00
[2023-03-12T20:24:27.351+0000] {logging_mixin.py:120} INFO - [2023-03-12T20:24:27.351+0000] {dag.py:3340} INFO - Setting next_dagrun for example_subdag_operator.section-1 to None, run_after=None
[2023-03-12T20:24:27.352+0000] {logging_mixin.py:120} INFO - [2023-03-12T20:24:27.352+0000] {dag.py:3340} INFO - Setting next_dagrun for example_subdag_operator.section-2 to None, run_after=None
[2023-03-12T20:24:27.357+0000] {logging_mixin.py:120} INFO - [2023-03-12T20:24:27.357+0000] {dag.py:2585} INFO - Sync 2 DAGs
[2023-03-12T20:24:27.363+0000] {logging_mixin.py:120} INFO - [2023-03-12T20:24:27.363+0000] {dag.py:3340} INFO - Setting next_dagrun for example_subdag_operator.section-1 to None, run_after=None
[2023-03-12T20:24:27.364+0000] {logging_mixin.py:120} INFO - [2023-03-12T20:24:27.364+0000] {dag.py:3340} INFO - Setting next_dagrun for example_subdag_operator.section-2 to None, run_after=None
[2023-03-12T20:24:27.374+0000] {processor.py:176} INFO - Processing /home/airflow/.local/lib/python3.7/site-packages/airflow/example_dags/example_subdag_operator.py took 0.251 seconds
[2023-03-12T21:28:18.239+0000] {processor.py:154} INFO - Started process (PID=37566) to work on /home/airflow/.local/lib/python3.7/site-packages/airflow/example_dags/example_subdag_operator.py
[2023-03-12T21:28:18.243+0000] {processor.py:756} INFO - Processing file /home/airflow/.local/lib/python3.7/site-packages/airflow/example_dags/example_subdag_operator.py for tasks to queue
[2023-03-12T21:28:18.245+0000] {logging_mixin.py:120} INFO - [2023-03-12T21:28:18.244+0000] {dagbag.py:537} INFO - Filling up the DagBag from /home/airflow/.local/lib/python3.7/site-packages/airflow/example_dags/example_subdag_operator.py
[2023-03-12T21:28:18.290+0000] {processor.py:766} INFO - DAG(s) dict_keys(['example_subdag_operator.section-1', 'example_subdag_operator.section-2', 'example_subdag_operator']) retrieved from /home/airflow/.local/lib/python3.7/site-packages/airflow/example_dags/example_subdag_operator.py
[2023-03-12T21:28:18.472+0000] {logging_mixin.py:120} INFO - [2023-03-12T21:28:18.472+0000] {dag.py:2585} INFO - Sync 3 DAGs
[2023-03-12T21:28:18.491+0000] {logging_mixin.py:120} INFO - [2023-03-12T21:28:18.491+0000] {dag.py:3340} INFO - Setting next_dagrun for example_subdag_operator to 2022-01-01T00:00:00+00:00, run_after=2022-01-01T00:00:00+00:00
[2023-03-12T21:28:18.493+0000] {logging_mixin.py:120} INFO - [2023-03-12T21:28:18.493+0000] {dag.py:3340} INFO - Setting next_dagrun for example_subdag_operator.section-1 to None, run_after=None
[2023-03-12T21:28:18.494+0000] {logging_mixin.py:120} INFO - [2023-03-12T21:28:18.494+0000] {dag.py:3340} INFO - Setting next_dagrun for example_subdag_operator.section-2 to None, run_after=None
[2023-03-12T21:28:18.501+0000] {logging_mixin.py:120} INFO - [2023-03-12T21:28:18.501+0000] {dag.py:2585} INFO - Sync 2 DAGs
[2023-03-12T21:28:18.504+0000] {logging_mixin.py:120} INFO - [2023-03-12T21:28:18.504+0000] {dag.py:3340} INFO - Setting next_dagrun for example_subdag_operator.section-1 to None, run_after=None
[2023-03-12T21:28:18.505+0000] {logging_mixin.py:120} INFO - [2023-03-12T21:28:18.505+0000] {dag.py:3340} INFO - Setting next_dagrun for example_subdag_operator.section-2 to None, run_after=None
[2023-03-12T21:28:18.513+0000] {processor.py:176} INFO - Processing /home/airflow/.local/lib/python3.7/site-packages/airflow/example_dags/example_subdag_operator.py took 0.277 seconds
[2023-03-12T22:30:18.632+0000] {processor.py:154} INFO - Started process (PID=37621) to work on /home/airflow/.local/lib/python3.7/site-packages/airflow/example_dags/example_subdag_operator.py
[2023-03-12T22:30:18.633+0000] {processor.py:756} INFO - Processing file /home/airflow/.local/lib/python3.7/site-packages/airflow/example_dags/example_subdag_operator.py for tasks to queue
[2023-03-12T22:30:18.634+0000] {logging_mixin.py:120} INFO - [2023-03-12T22:30:18.634+0000] {dagbag.py:537} INFO - Filling up the DagBag from /home/airflow/.local/lib/python3.7/site-packages/airflow/example_dags/example_subdag_operator.py
[2023-03-12T22:30:18.659+0000] {processor.py:766} INFO - DAG(s) dict_keys(['example_subdag_operator.section-1', 'example_subdag_operator.section-2', 'example_subdag_operator']) retrieved from /home/airflow/.local/lib/python3.7/site-packages/airflow/example_dags/example_subdag_operator.py
[2023-03-12T22:30:18.798+0000] {logging_mixin.py:120} INFO - [2023-03-12T22:30:18.798+0000] {dag.py:2585} INFO - Sync 3 DAGs
[2023-03-12T22:30:18.826+0000] {logging_mixin.py:120} INFO - [2023-03-12T22:30:18.825+0000] {dag.py:3340} INFO - Setting next_dagrun for example_subdag_operator to 2022-01-01T00:00:00+00:00, run_after=2022-01-01T00:00:00+00:00
[2023-03-12T22:30:18.831+0000] {logging_mixin.py:120} INFO - [2023-03-12T22:30:18.831+0000] {dag.py:3340} INFO - Setting next_dagrun for example_subdag_operator.section-1 to None, run_after=None
[2023-03-12T22:30:18.832+0000] {logging_mixin.py:120} INFO - [2023-03-12T22:30:18.832+0000] {dag.py:3340} INFO - Setting next_dagrun for example_subdag_operator.section-2 to None, run_after=None
[2023-03-12T22:30:18.840+0000] {logging_mixin.py:120} INFO - [2023-03-12T22:30:18.839+0000] {dag.py:2585} INFO - Sync 2 DAGs
[2023-03-12T22:30:18.843+0000] {logging_mixin.py:120} INFO - [2023-03-12T22:30:18.843+0000] {dag.py:3340} INFO - Setting next_dagrun for example_subdag_operator.section-1 to None, run_after=None
[2023-03-12T22:30:18.843+0000] {logging_mixin.py:120} INFO - [2023-03-12T22:30:18.843+0000] {dag.py:3340} INFO - Setting next_dagrun for example_subdag_operator.section-2 to None, run_after=None
[2023-03-12T22:30:18.854+0000] {processor.py:176} INFO - Processing /home/airflow/.local/lib/python3.7/site-packages/airflow/example_dags/example_subdag_operator.py took 0.224 seconds
[2023-03-12T23:33:23.205+0000] {processor.py:154} INFO - Started process (PID=37684) to work on /home/airflow/.local/lib/python3.7/site-packages/airflow/example_dags/example_subdag_operator.py
[2023-03-12T23:33:23.207+0000] {processor.py:756} INFO - Processing file /home/airflow/.local/lib/python3.7/site-packages/airflow/example_dags/example_subdag_operator.py for tasks to queue
[2023-03-12T23:33:23.208+0000] {logging_mixin.py:120} INFO - [2023-03-12T23:33:23.208+0000] {dagbag.py:537} INFO - Filling up the DagBag from /home/airflow/.local/lib/python3.7/site-packages/airflow/example_dags/example_subdag_operator.py
[2023-03-12T23:33:23.257+0000] {processor.py:766} INFO - DAG(s) dict_keys(['example_subdag_operator.section-1', 'example_subdag_operator.section-2', 'example_subdag_operator']) retrieved from /home/airflow/.local/lib/python3.7/site-packages/airflow/example_dags/example_subdag_operator.py
[2023-03-12T23:33:23.403+0000] {logging_mixin.py:120} INFO - [2023-03-12T23:33:23.403+0000] {dag.py:2585} INFO - Sync 3 DAGs
[2023-03-12T23:33:23.423+0000] {logging_mixin.py:120} INFO - [2023-03-12T23:33:23.423+0000] {dag.py:3340} INFO - Setting next_dagrun for example_subdag_operator to 2022-01-01T00:00:00+00:00, run_after=2022-01-01T00:00:00+00:00
[2023-03-12T23:33:23.425+0000] {logging_mixin.py:120} INFO - [2023-03-12T23:33:23.425+0000] {dag.py:3340} INFO - Setting next_dagrun for example_subdag_operator.section-1 to None, run_after=None
[2023-03-12T23:33:23.426+0000] {logging_mixin.py:120} INFO - [2023-03-12T23:33:23.426+0000] {dag.py:3340} INFO - Setting next_dagrun for example_subdag_operator.section-2 to None, run_after=None
[2023-03-12T23:33:23.434+0000] {logging_mixin.py:120} INFO - [2023-03-12T23:33:23.434+0000] {dag.py:2585} INFO - Sync 2 DAGs
[2023-03-12T23:33:23.437+0000] {logging_mixin.py:120} INFO - [2023-03-12T23:33:23.437+0000] {dag.py:3340} INFO - Setting next_dagrun for example_subdag_operator.section-1 to None, run_after=None
[2023-03-12T23:33:23.440+0000] {logging_mixin.py:120} INFO - [2023-03-12T23:33:23.440+0000] {dag.py:3340} INFO - Setting next_dagrun for example_subdag_operator.section-2 to None, run_after=None
[2023-03-12T23:33:23.457+0000] {processor.py:176} INFO - Processing /home/airflow/.local/lib/python3.7/site-packages/airflow/example_dags/example_subdag_operator.py took 0.255 seconds
