[2023-03-12T00:05:11.119+0000] {processor.py:154} INFO - Started process (PID=36381) to work on /home/airflow/.local/lib/python3.7/site-packages/airflow/example_dags/example_trigger_target_dag.py
[2023-03-12T00:05:11.120+0000] {processor.py:756} INFO - Processing file /home/airflow/.local/lib/python3.7/site-packages/airflow/example_dags/example_trigger_target_dag.py for tasks to queue
[2023-03-12T00:05:11.121+0000] {logging_mixin.py:120} INFO - [2023-03-12T00:05:11.121+0000] {dagbag.py:537} INFO - Filling up the DagBag from /home/airflow/.local/lib/python3.7/site-packages/airflow/example_dags/example_trigger_target_dag.py
[2023-03-12T00:05:11.135+0000] {processor.py:766} INFO - DAG(s) dict_keys(['example_trigger_target_dag']) retrieved from /home/airflow/.local/lib/python3.7/site-packages/airflow/example_dags/example_trigger_target_dag.py
[2023-03-12T00:05:11.166+0000] {logging_mixin.py:120} INFO - [2023-03-12T00:05:11.166+0000] {dag.py:2585} INFO - Sync 1 DAGs
[2023-03-12T00:05:11.180+0000] {logging_mixin.py:120} INFO - [2023-03-12T00:05:11.180+0000] {dag.py:3340} INFO - Setting next_dagrun for example_trigger_target_dag to None, run_after=None
[2023-03-12T00:05:11.192+0000] {processor.py:176} INFO - Processing /home/airflow/.local/lib/python3.7/site-packages/airflow/example_dags/example_trigger_target_dag.py took 0.075 seconds
[2023-03-12T01:11:08.170+0000] {processor.py:154} INFO - Started process (PID=36437) to work on /home/airflow/.local/lib/python3.7/site-packages/airflow/example_dags/example_trigger_target_dag.py
[2023-03-12T01:11:08.171+0000] {processor.py:756} INFO - Processing file /home/airflow/.local/lib/python3.7/site-packages/airflow/example_dags/example_trigger_target_dag.py for tasks to queue
[2023-03-12T01:11:08.172+0000] {logging_mixin.py:120} INFO - [2023-03-12T01:11:08.172+0000] {dagbag.py:537} INFO - Filling up the DagBag from /home/airflow/.local/lib/python3.7/site-packages/airflow/example_dags/example_trigger_target_dag.py
[2023-03-12T01:11:08.187+0000] {processor.py:766} INFO - DAG(s) dict_keys(['example_trigger_target_dag']) retrieved from /home/airflow/.local/lib/python3.7/site-packages/airflow/example_dags/example_trigger_target_dag.py
[2023-03-12T01:11:08.224+0000] {logging_mixin.py:120} INFO - [2023-03-12T01:11:08.223+0000] {dag.py:2585} INFO - Sync 1 DAGs
[2023-03-12T01:11:08.243+0000] {logging_mixin.py:120} INFO - [2023-03-12T01:11:08.243+0000] {dag.py:3340} INFO - Setting next_dagrun for example_trigger_target_dag to None, run_after=None
[2023-03-12T01:11:08.256+0000] {processor.py:176} INFO - Processing /home/airflow/.local/lib/python3.7/site-packages/airflow/example_dags/example_trigger_target_dag.py took 0.090 seconds
[2023-03-12T02:20:06.179+0000] {processor.py:154} INFO - Started process (PID=36501) to work on /home/airflow/.local/lib/python3.7/site-packages/airflow/example_dags/example_trigger_target_dag.py
[2023-03-12T02:20:06.180+0000] {processor.py:756} INFO - Processing file /home/airflow/.local/lib/python3.7/site-packages/airflow/example_dags/example_trigger_target_dag.py for tasks to queue
[2023-03-12T02:20:06.181+0000] {logging_mixin.py:120} INFO - [2023-03-12T02:20:06.181+0000] {dagbag.py:537} INFO - Filling up the DagBag from /home/airflow/.local/lib/python3.7/site-packages/airflow/example_dags/example_trigger_target_dag.py
[2023-03-12T02:20:06.199+0000] {processor.py:766} INFO - DAG(s) dict_keys(['example_trigger_target_dag']) retrieved from /home/airflow/.local/lib/python3.7/site-packages/airflow/example_dags/example_trigger_target_dag.py
[2023-03-12T02:20:06.240+0000] {logging_mixin.py:120} INFO - [2023-03-12T02:20:06.240+0000] {dag.py:2585} INFO - Sync 1 DAGs
[2023-03-12T02:20:06.257+0000] {logging_mixin.py:120} INFO - [2023-03-12T02:20:06.257+0000] {dag.py:3340} INFO - Setting next_dagrun for example_trigger_target_dag to None, run_after=None
[2023-03-12T02:20:06.270+0000] {processor.py:176} INFO - Processing /home/airflow/.local/lib/python3.7/site-packages/airflow/example_dags/example_trigger_target_dag.py took 0.094 seconds
[2023-03-12T03:43:51.684+0000] {processor.py:154} INFO - Started process (PID=36564) to work on /home/airflow/.local/lib/python3.7/site-packages/airflow/example_dags/example_trigger_target_dag.py
[2023-03-12T03:43:51.686+0000] {processor.py:756} INFO - Processing file /home/airflow/.local/lib/python3.7/site-packages/airflow/example_dags/example_trigger_target_dag.py for tasks to queue
[2023-03-12T03:43:51.687+0000] {logging_mixin.py:120} INFO - [2023-03-12T03:43:51.687+0000] {dagbag.py:537} INFO - Filling up the DagBag from /home/airflow/.local/lib/python3.7/site-packages/airflow/example_dags/example_trigger_target_dag.py
[2023-03-12T03:43:51.710+0000] {processor.py:766} INFO - DAG(s) dict_keys(['example_trigger_target_dag']) retrieved from /home/airflow/.local/lib/python3.7/site-packages/airflow/example_dags/example_trigger_target_dag.py
[2023-03-12T03:43:51.772+0000] {logging_mixin.py:120} INFO - [2023-03-12T03:43:51.772+0000] {dag.py:2585} INFO - Sync 1 DAGs
[2023-03-12T03:43:51.812+0000] {logging_mixin.py:120} INFO - [2023-03-12T03:43:51.812+0000] {dag.py:3340} INFO - Setting next_dagrun for example_trigger_target_dag to None, run_after=None
[2023-03-12T03:43:51.838+0000] {processor.py:176} INFO - Processing /home/airflow/.local/lib/python3.7/site-packages/airflow/example_dags/example_trigger_target_dag.py took 0.156 seconds
[2023-03-12T04:47:36.855+0000] {processor.py:154} INFO - Started process (PID=36627) to work on /home/airflow/.local/lib/python3.7/site-packages/airflow/example_dags/example_trigger_target_dag.py
[2023-03-12T04:47:36.858+0000] {processor.py:756} INFO - Processing file /home/airflow/.local/lib/python3.7/site-packages/airflow/example_dags/example_trigger_target_dag.py for tasks to queue
[2023-03-12T04:47:36.859+0000] {logging_mixin.py:120} INFO - [2023-03-12T04:47:36.859+0000] {dagbag.py:537} INFO - Filling up the DagBag from /home/airflow/.local/lib/python3.7/site-packages/airflow/example_dags/example_trigger_target_dag.py
[2023-03-12T04:47:36.876+0000] {processor.py:766} INFO - DAG(s) dict_keys(['example_trigger_target_dag']) retrieved from /home/airflow/.local/lib/python3.7/site-packages/airflow/example_dags/example_trigger_target_dag.py
[2023-03-12T04:47:36.916+0000] {logging_mixin.py:120} INFO - [2023-03-12T04:47:36.916+0000] {dag.py:2585} INFO - Sync 1 DAGs
[2023-03-12T04:47:36.936+0000] {logging_mixin.py:120} INFO - [2023-03-12T04:47:36.936+0000] {dag.py:3340} INFO - Setting next_dagrun for example_trigger_target_dag to None, run_after=None
[2023-03-12T04:47:36.948+0000] {processor.py:176} INFO - Processing /home/airflow/.local/lib/python3.7/site-packages/airflow/example_dags/example_trigger_target_dag.py took 0.097 seconds
[2023-03-12T05:46:50.882+0000] {processor.py:154} INFO - Started process (PID=36690) to work on /home/airflow/.local/lib/python3.7/site-packages/airflow/example_dags/example_trigger_target_dag.py
[2023-03-12T05:46:50.883+0000] {processor.py:756} INFO - Processing file /home/airflow/.local/lib/python3.7/site-packages/airflow/example_dags/example_trigger_target_dag.py for tasks to queue
[2023-03-12T05:46:50.884+0000] {logging_mixin.py:120} INFO - [2023-03-12T05:46:50.884+0000] {dagbag.py:537} INFO - Filling up the DagBag from /home/airflow/.local/lib/python3.7/site-packages/airflow/example_dags/example_trigger_target_dag.py
[2023-03-12T05:46:50.912+0000] {processor.py:766} INFO - DAG(s) dict_keys(['example_trigger_target_dag']) retrieved from /home/airflow/.local/lib/python3.7/site-packages/airflow/example_dags/example_trigger_target_dag.py
[2023-03-12T05:46:50.971+0000] {logging_mixin.py:120} INFO - [2023-03-12T05:46:50.970+0000] {dag.py:2585} INFO - Sync 1 DAGs
[2023-03-12T05:46:51.012+0000] {logging_mixin.py:120} INFO - [2023-03-12T05:46:51.012+0000] {dag.py:3340} INFO - Setting next_dagrun for example_trigger_target_dag to None, run_after=None
[2023-03-12T05:46:51.053+0000] {processor.py:176} INFO - Processing /home/airflow/.local/lib/python3.7/site-packages/airflow/example_dags/example_trigger_target_dag.py took 0.174 seconds
[2023-03-12T06:51:38.753+0000] {processor.py:154} INFO - Started process (PID=36744) to work on /home/airflow/.local/lib/python3.7/site-packages/airflow/example_dags/example_trigger_target_dag.py
[2023-03-12T06:51:38.758+0000] {processor.py:756} INFO - Processing file /home/airflow/.local/lib/python3.7/site-packages/airflow/example_dags/example_trigger_target_dag.py for tasks to queue
[2023-03-12T06:51:38.758+0000] {logging_mixin.py:120} INFO - [2023-03-12T06:51:38.758+0000] {dagbag.py:537} INFO - Filling up the DagBag from /home/airflow/.local/lib/python3.7/site-packages/airflow/example_dags/example_trigger_target_dag.py
[2023-03-12T06:51:38.773+0000] {processor.py:766} INFO - DAG(s) dict_keys(['example_trigger_target_dag']) retrieved from /home/airflow/.local/lib/python3.7/site-packages/airflow/example_dags/example_trigger_target_dag.py
[2023-03-12T06:51:38.835+0000] {logging_mixin.py:120} INFO - [2023-03-12T06:51:38.835+0000] {dag.py:2585} INFO - Sync 1 DAGs
[2023-03-12T06:51:38.850+0000] {logging_mixin.py:120} INFO - [2023-03-12T06:51:38.850+0000] {dag.py:3340} INFO - Setting next_dagrun for example_trigger_target_dag to None, run_after=None
[2023-03-12T06:51:38.876+0000] {processor.py:176} INFO - Processing /home/airflow/.local/lib/python3.7/site-packages/airflow/example_dags/example_trigger_target_dag.py took 0.125 seconds
[2023-03-12T07:59:56.444+0000] {processor.py:154} INFO - Started process (PID=36808) to work on /home/airflow/.local/lib/python3.7/site-packages/airflow/example_dags/example_trigger_target_dag.py
[2023-03-12T07:59:56.445+0000] {processor.py:756} INFO - Processing file /home/airflow/.local/lib/python3.7/site-packages/airflow/example_dags/example_trigger_target_dag.py for tasks to queue
[2023-03-12T07:59:56.446+0000] {logging_mixin.py:120} INFO - [2023-03-12T07:59:56.446+0000] {dagbag.py:537} INFO - Filling up the DagBag from /home/airflow/.local/lib/python3.7/site-packages/airflow/example_dags/example_trigger_target_dag.py
[2023-03-12T07:59:56.469+0000] {processor.py:766} INFO - DAG(s) dict_keys(['example_trigger_target_dag']) retrieved from /home/airflow/.local/lib/python3.7/site-packages/airflow/example_dags/example_trigger_target_dag.py
[2023-03-12T07:59:56.509+0000] {logging_mixin.py:120} INFO - [2023-03-12T07:59:56.509+0000] {dag.py:2585} INFO - Sync 1 DAGs
[2023-03-12T07:59:56.537+0000] {logging_mixin.py:120} INFO - [2023-03-12T07:59:56.537+0000] {dag.py:3340} INFO - Setting next_dagrun for example_trigger_target_dag to None, run_after=None
[2023-03-12T07:59:56.577+0000] {processor.py:176} INFO - Processing /home/airflow/.local/lib/python3.7/site-packages/airflow/example_dags/example_trigger_target_dag.py took 0.137 seconds
[2023-03-12T09:20:36.362+0000] {processor.py:154} INFO - Started process (PID=36871) to work on /home/airflow/.local/lib/python3.7/site-packages/airflow/example_dags/example_trigger_target_dag.py
[2023-03-12T09:20:36.364+0000] {processor.py:756} INFO - Processing file /home/airflow/.local/lib/python3.7/site-packages/airflow/example_dags/example_trigger_target_dag.py for tasks to queue
[2023-03-12T09:20:36.364+0000] {logging_mixin.py:120} INFO - [2023-03-12T09:20:36.364+0000] {dagbag.py:537} INFO - Filling up the DagBag from /home/airflow/.local/lib/python3.7/site-packages/airflow/example_dags/example_trigger_target_dag.py
[2023-03-12T09:20:36.398+0000] {processor.py:766} INFO - DAG(s) dict_keys(['example_trigger_target_dag']) retrieved from /home/airflow/.local/lib/python3.7/site-packages/airflow/example_dags/example_trigger_target_dag.py
[2023-03-12T09:20:36.471+0000] {logging_mixin.py:120} INFO - [2023-03-12T09:20:36.471+0000] {dag.py:2585} INFO - Sync 1 DAGs
[2023-03-12T09:20:36.492+0000] {logging_mixin.py:120} INFO - [2023-03-12T09:20:36.492+0000] {dag.py:3340} INFO - Setting next_dagrun for example_trigger_target_dag to None, run_after=None
[2023-03-12T09:20:36.510+0000] {processor.py:176} INFO - Processing /home/airflow/.local/lib/python3.7/site-packages/airflow/example_dags/example_trigger_target_dag.py took 0.156 seconds
[2023-03-12T10:26:30.691+0000] {processor.py:154} INFO - Started process (PID=36934) to work on /home/airflow/.local/lib/python3.7/site-packages/airflow/example_dags/example_trigger_target_dag.py
[2023-03-12T10:26:30.693+0000] {processor.py:756} INFO - Processing file /home/airflow/.local/lib/python3.7/site-packages/airflow/example_dags/example_trigger_target_dag.py for tasks to queue
[2023-03-12T10:26:30.693+0000] {logging_mixin.py:120} INFO - [2023-03-12T10:26:30.693+0000] {dagbag.py:537} INFO - Filling up the DagBag from /home/airflow/.local/lib/python3.7/site-packages/airflow/example_dags/example_trigger_target_dag.py
[2023-03-12T10:26:30.707+0000] {processor.py:766} INFO - DAG(s) dict_keys(['example_trigger_target_dag']) retrieved from /home/airflow/.local/lib/python3.7/site-packages/airflow/example_dags/example_trigger_target_dag.py
[2023-03-12T10:26:30.737+0000] {logging_mixin.py:120} INFO - [2023-03-12T10:26:30.737+0000] {dag.py:2585} INFO - Sync 1 DAGs
[2023-03-12T10:26:30.752+0000] {logging_mixin.py:120} INFO - [2023-03-12T10:26:30.752+0000] {dag.py:3340} INFO - Setting next_dagrun for example_trigger_target_dag to None, run_after=None
[2023-03-12T10:26:30.763+0000] {processor.py:176} INFO - Processing /home/airflow/.local/lib/python3.7/site-packages/airflow/example_dags/example_trigger_target_dag.py took 0.074 seconds
[2023-03-12T11:32:25.648+0000] {processor.py:154} INFO - Started process (PID=36988) to work on /home/airflow/.local/lib/python3.7/site-packages/airflow/example_dags/example_trigger_target_dag.py
[2023-03-12T11:32:25.649+0000] {processor.py:756} INFO - Processing file /home/airflow/.local/lib/python3.7/site-packages/airflow/example_dags/example_trigger_target_dag.py for tasks to queue
[2023-03-12T11:32:25.649+0000] {logging_mixin.py:120} INFO - [2023-03-12T11:32:25.649+0000] {dagbag.py:537} INFO - Filling up the DagBag from /home/airflow/.local/lib/python3.7/site-packages/airflow/example_dags/example_trigger_target_dag.py
[2023-03-12T11:32:25.668+0000] {processor.py:766} INFO - DAG(s) dict_keys(['example_trigger_target_dag']) retrieved from /home/airflow/.local/lib/python3.7/site-packages/airflow/example_dags/example_trigger_target_dag.py
[2023-03-12T11:32:25.701+0000] {logging_mixin.py:120} INFO - [2023-03-12T11:32:25.701+0000] {dag.py:2585} INFO - Sync 1 DAGs
[2023-03-12T11:32:25.716+0000] {logging_mixin.py:120} INFO - [2023-03-12T11:32:25.716+0000] {dag.py:3340} INFO - Setting next_dagrun for example_trigger_target_dag to None, run_after=None
[2023-03-12T11:32:25.727+0000] {processor.py:176} INFO - Processing /home/airflow/.local/lib/python3.7/site-packages/airflow/example_dags/example_trigger_target_dag.py took 0.081 seconds
[2023-03-12T12:40:38.353+0000] {processor.py:154} INFO - Started process (PID=37051) to work on /home/airflow/.local/lib/python3.7/site-packages/airflow/example_dags/example_trigger_target_dag.py
[2023-03-12T12:40:38.356+0000] {processor.py:756} INFO - Processing file /home/airflow/.local/lib/python3.7/site-packages/airflow/example_dags/example_trigger_target_dag.py for tasks to queue
[2023-03-12T12:40:38.359+0000] {logging_mixin.py:120} INFO - [2023-03-12T12:40:38.359+0000] {dagbag.py:537} INFO - Filling up the DagBag from /home/airflow/.local/lib/python3.7/site-packages/airflow/example_dags/example_trigger_target_dag.py
[2023-03-12T12:40:38.391+0000] {processor.py:766} INFO - DAG(s) dict_keys(['example_trigger_target_dag']) retrieved from /home/airflow/.local/lib/python3.7/site-packages/airflow/example_dags/example_trigger_target_dag.py
[2023-03-12T12:40:38.450+0000] {logging_mixin.py:120} INFO - [2023-03-12T12:40:38.450+0000] {dag.py:2585} INFO - Sync 1 DAGs
[2023-03-12T12:40:38.481+0000] {logging_mixin.py:120} INFO - [2023-03-12T12:40:38.481+0000] {dag.py:3340} INFO - Setting next_dagrun for example_trigger_target_dag to None, run_after=None
[2023-03-12T12:40:38.958+0000] {processor.py:176} INFO - Processing /home/airflow/.local/lib/python3.7/site-packages/airflow/example_dags/example_trigger_target_dag.py took 0.612 seconds
[2023-03-12T13:59:46.733+0000] {processor.py:154} INFO - Started process (PID=37114) to work on /home/airflow/.local/lib/python3.7/site-packages/airflow/example_dags/example_trigger_target_dag.py
[2023-03-12T13:59:46.735+0000] {processor.py:756} INFO - Processing file /home/airflow/.local/lib/python3.7/site-packages/airflow/example_dags/example_trigger_target_dag.py for tasks to queue
[2023-03-12T13:59:46.735+0000] {logging_mixin.py:120} INFO - [2023-03-12T13:59:46.735+0000] {dagbag.py:537} INFO - Filling up the DagBag from /home/airflow/.local/lib/python3.7/site-packages/airflow/example_dags/example_trigger_target_dag.py
[2023-03-12T13:59:46.752+0000] {processor.py:766} INFO - DAG(s) dict_keys(['example_trigger_target_dag']) retrieved from /home/airflow/.local/lib/python3.7/site-packages/airflow/example_dags/example_trigger_target_dag.py
[2023-03-12T13:59:46.780+0000] {logging_mixin.py:120} INFO - [2023-03-12T13:59:46.780+0000] {dag.py:2585} INFO - Sync 1 DAGs
[2023-03-12T13:59:46.796+0000] {logging_mixin.py:120} INFO - [2023-03-12T13:59:46.796+0000] {dag.py:3340} INFO - Setting next_dagrun for example_trigger_target_dag to None, run_after=None
[2023-03-12T13:59:46.813+0000] {processor.py:176} INFO - Processing /home/airflow/.local/lib/python3.7/site-packages/airflow/example_dags/example_trigger_target_dag.py took 0.082 seconds
[2023-03-12T15:06:04.716+0000] {processor.py:154} INFO - Started process (PID=37177) to work on /home/airflow/.local/lib/python3.7/site-packages/airflow/example_dags/example_trigger_target_dag.py
[2023-03-12T15:06:04.717+0000] {processor.py:756} INFO - Processing file /home/airflow/.local/lib/python3.7/site-packages/airflow/example_dags/example_trigger_target_dag.py for tasks to queue
[2023-03-12T15:06:04.718+0000] {logging_mixin.py:120} INFO - [2023-03-12T15:06:04.718+0000] {dagbag.py:537} INFO - Filling up the DagBag from /home/airflow/.local/lib/python3.7/site-packages/airflow/example_dags/example_trigger_target_dag.py
[2023-03-12T15:06:04.737+0000] {processor.py:766} INFO - DAG(s) dict_keys(['example_trigger_target_dag']) retrieved from /home/airflow/.local/lib/python3.7/site-packages/airflow/example_dags/example_trigger_target_dag.py
[2023-03-12T15:06:04.774+0000] {logging_mixin.py:120} INFO - [2023-03-12T15:06:04.774+0000] {dag.py:2585} INFO - Sync 1 DAGs
[2023-03-12T15:06:04.789+0000] {logging_mixin.py:120} INFO - [2023-03-12T15:06:04.789+0000] {dag.py:3340} INFO - Setting next_dagrun for example_trigger_target_dag to None, run_after=None
[2023-03-12T15:06:04.804+0000] {processor.py:176} INFO - Processing /home/airflow/.local/lib/python3.7/site-packages/airflow/example_dags/example_trigger_target_dag.py took 0.090 seconds
[2023-03-12T16:10:43.733+0000] {processor.py:154} INFO - Started process (PID=37241) to work on /home/airflow/.local/lib/python3.7/site-packages/airflow/example_dags/example_trigger_target_dag.py
[2023-03-12T16:10:43.734+0000] {processor.py:756} INFO - Processing file /home/airflow/.local/lib/python3.7/site-packages/airflow/example_dags/example_trigger_target_dag.py for tasks to queue
[2023-03-12T16:10:43.735+0000] {logging_mixin.py:120} INFO - [2023-03-12T16:10:43.735+0000] {dagbag.py:537} INFO - Filling up the DagBag from /home/airflow/.local/lib/python3.7/site-packages/airflow/example_dags/example_trigger_target_dag.py
[2023-03-12T16:10:43.751+0000] {processor.py:766} INFO - DAG(s) dict_keys(['example_trigger_target_dag']) retrieved from /home/airflow/.local/lib/python3.7/site-packages/airflow/example_dags/example_trigger_target_dag.py
[2023-03-12T16:10:43.780+0000] {logging_mixin.py:120} INFO - [2023-03-12T16:10:43.780+0000] {dag.py:2585} INFO - Sync 1 DAGs
[2023-03-12T16:10:43.794+0000] {logging_mixin.py:120} INFO - [2023-03-12T16:10:43.794+0000] {dag.py:3340} INFO - Setting next_dagrun for example_trigger_target_dag to None, run_after=None
[2023-03-12T16:10:43.805+0000] {processor.py:176} INFO - Processing /home/airflow/.local/lib/python3.7/site-packages/airflow/example_dags/example_trigger_target_dag.py took 0.074 seconds
[2023-03-12T17:18:10.605+0000] {processor.py:154} INFO - Started process (PID=37295) to work on /home/airflow/.local/lib/python3.7/site-packages/airflow/example_dags/example_trigger_target_dag.py
[2023-03-12T17:18:10.606+0000] {processor.py:756} INFO - Processing file /home/airflow/.local/lib/python3.7/site-packages/airflow/example_dags/example_trigger_target_dag.py for tasks to queue
[2023-03-12T17:18:10.608+0000] {logging_mixin.py:120} INFO - [2023-03-12T17:18:10.608+0000] {dagbag.py:537} INFO - Filling up the DagBag from /home/airflow/.local/lib/python3.7/site-packages/airflow/example_dags/example_trigger_target_dag.py
[2023-03-12T17:18:10.626+0000] {processor.py:766} INFO - DAG(s) dict_keys(['example_trigger_target_dag']) retrieved from /home/airflow/.local/lib/python3.7/site-packages/airflow/example_dags/example_trigger_target_dag.py
[2023-03-12T17:18:10.655+0000] {logging_mixin.py:120} INFO - [2023-03-12T17:18:10.654+0000] {dag.py:2585} INFO - Sync 1 DAGs
[2023-03-12T17:18:10.680+0000] {logging_mixin.py:120} INFO - [2023-03-12T17:18:10.679+0000] {dag.py:3340} INFO - Setting next_dagrun for example_trigger_target_dag to None, run_after=None
[2023-03-12T17:18:10.696+0000] {processor.py:176} INFO - Processing /home/airflow/.local/lib/python3.7/site-packages/airflow/example_dags/example_trigger_target_dag.py took 0.094 seconds
[2023-03-12T18:23:02.599+0000] {processor.py:154} INFO - Started process (PID=37358) to work on /home/airflow/.local/lib/python3.7/site-packages/airflow/example_dags/example_trigger_target_dag.py
[2023-03-12T18:23:02.604+0000] {processor.py:756} INFO - Processing file /home/airflow/.local/lib/python3.7/site-packages/airflow/example_dags/example_trigger_target_dag.py for tasks to queue
[2023-03-12T18:23:02.605+0000] {logging_mixin.py:120} INFO - [2023-03-12T18:23:02.605+0000] {dagbag.py:537} INFO - Filling up the DagBag from /home/airflow/.local/lib/python3.7/site-packages/airflow/example_dags/example_trigger_target_dag.py
[2023-03-12T18:23:02.652+0000] {processor.py:766} INFO - DAG(s) dict_keys(['example_trigger_target_dag']) retrieved from /home/airflow/.local/lib/python3.7/site-packages/airflow/example_dags/example_trigger_target_dag.py
[2023-03-12T18:23:02.704+0000] {logging_mixin.py:120} INFO - [2023-03-12T18:23:02.704+0000] {dag.py:2585} INFO - Sync 1 DAGs
[2023-03-12T18:23:02.724+0000] {logging_mixin.py:120} INFO - [2023-03-12T18:23:02.724+0000] {dag.py:3340} INFO - Setting next_dagrun for example_trigger_target_dag to None, run_after=None
[2023-03-12T18:23:02.742+0000] {processor.py:176} INFO - Processing /home/airflow/.local/lib/python3.7/site-packages/airflow/example_dags/example_trigger_target_dag.py took 0.147 seconds
[2023-03-12T19:03:56.029+0000] {processor.py:154} INFO - Started process (PID=37421) to work on /home/airflow/.local/lib/python3.7/site-packages/airflow/example_dags/example_trigger_target_dag.py
[2023-03-12T19:03:56.041+0000] {processor.py:756} INFO - Processing file /home/airflow/.local/lib/python3.7/site-packages/airflow/example_dags/example_trigger_target_dag.py for tasks to queue
[2023-03-12T19:03:56.043+0000] {logging_mixin.py:120} INFO - [2023-03-12T19:03:56.043+0000] {dagbag.py:537} INFO - Filling up the DagBag from /home/airflow/.local/lib/python3.7/site-packages/airflow/example_dags/example_trigger_target_dag.py
[2023-03-12T19:03:56.080+0000] {processor.py:766} INFO - DAG(s) dict_keys(['example_trigger_target_dag']) retrieved from /home/airflow/.local/lib/python3.7/site-packages/airflow/example_dags/example_trigger_target_dag.py
[2023-03-12T19:03:56.117+0000] {logging_mixin.py:120} INFO - [2023-03-12T19:03:56.117+0000] {dag.py:2585} INFO - Sync 1 DAGs
[2023-03-12T19:03:56.132+0000] {logging_mixin.py:120} INFO - [2023-03-12T19:03:56.132+0000] {dag.py:3340} INFO - Setting next_dagrun for example_trigger_target_dag to None, run_after=None
[2023-03-12T19:03:56.145+0000] {processor.py:176} INFO - Processing /home/airflow/.local/lib/python3.7/site-packages/airflow/example_dags/example_trigger_target_dag.py took 0.134 seconds
[2023-03-12T20:24:25.465+0000] {processor.py:154} INFO - Started process (PID=37483) to work on /home/airflow/.local/lib/python3.7/site-packages/airflow/example_dags/example_trigger_target_dag.py
[2023-03-12T20:24:25.466+0000] {processor.py:756} INFO - Processing file /home/airflow/.local/lib/python3.7/site-packages/airflow/example_dags/example_trigger_target_dag.py for tasks to queue
[2023-03-12T20:24:25.467+0000] {logging_mixin.py:120} INFO - [2023-03-12T20:24:25.467+0000] {dagbag.py:537} INFO - Filling up the DagBag from /home/airflow/.local/lib/python3.7/site-packages/airflow/example_dags/example_trigger_target_dag.py
[2023-03-12T20:24:25.484+0000] {processor.py:766} INFO - DAG(s) dict_keys(['example_trigger_target_dag']) retrieved from /home/airflow/.local/lib/python3.7/site-packages/airflow/example_dags/example_trigger_target_dag.py
[2023-03-12T20:24:25.513+0000] {logging_mixin.py:120} INFO - [2023-03-12T20:24:25.513+0000] {dag.py:2585} INFO - Sync 1 DAGs
[2023-03-12T20:24:25.528+0000] {logging_mixin.py:120} INFO - [2023-03-12T20:24:25.528+0000] {dag.py:3340} INFO - Setting next_dagrun for example_trigger_target_dag to None, run_after=None
[2023-03-12T20:24:25.538+0000] {processor.py:176} INFO - Processing /home/airflow/.local/lib/python3.7/site-packages/airflow/example_dags/example_trigger_target_dag.py took 0.076 seconds
[2023-03-12T21:28:16.379+0000] {processor.py:154} INFO - Started process (PID=37537) to work on /home/airflow/.local/lib/python3.7/site-packages/airflow/example_dags/example_trigger_target_dag.py
[2023-03-12T21:28:16.384+0000] {processor.py:756} INFO - Processing file /home/airflow/.local/lib/python3.7/site-packages/airflow/example_dags/example_trigger_target_dag.py for tasks to queue
[2023-03-12T21:28:16.385+0000] {logging_mixin.py:120} INFO - [2023-03-12T21:28:16.385+0000] {dagbag.py:537} INFO - Filling up the DagBag from /home/airflow/.local/lib/python3.7/site-packages/airflow/example_dags/example_trigger_target_dag.py
[2023-03-12T21:28:16.413+0000] {processor.py:766} INFO - DAG(s) dict_keys(['example_trigger_target_dag']) retrieved from /home/airflow/.local/lib/python3.7/site-packages/airflow/example_dags/example_trigger_target_dag.py
[2023-03-12T21:28:16.474+0000] {logging_mixin.py:120} INFO - [2023-03-12T21:28:16.474+0000] {dag.py:2585} INFO - Sync 1 DAGs
[2023-03-12T21:28:16.515+0000] {logging_mixin.py:120} INFO - [2023-03-12T21:28:16.514+0000] {dag.py:3340} INFO - Setting next_dagrun for example_trigger_target_dag to None, run_after=None
[2023-03-12T21:28:16.537+0000] {processor.py:176} INFO - Processing /home/airflow/.local/lib/python3.7/site-packages/airflow/example_dags/example_trigger_target_dag.py took 0.162 seconds
[2023-03-12T22:30:17.055+0000] {processor.py:154} INFO - Started process (PID=37601) to work on /home/airflow/.local/lib/python3.7/site-packages/airflow/example_dags/example_trigger_target_dag.py
[2023-03-12T22:30:17.057+0000] {processor.py:756} INFO - Processing file /home/airflow/.local/lib/python3.7/site-packages/airflow/example_dags/example_trigger_target_dag.py for tasks to queue
[2023-03-12T22:30:17.057+0000] {logging_mixin.py:120} INFO - [2023-03-12T22:30:17.057+0000] {dagbag.py:537} INFO - Filling up the DagBag from /home/airflow/.local/lib/python3.7/site-packages/airflow/example_dags/example_trigger_target_dag.py
[2023-03-12T22:30:17.076+0000] {processor.py:766} INFO - DAG(s) dict_keys(['example_trigger_target_dag']) retrieved from /home/airflow/.local/lib/python3.7/site-packages/airflow/example_dags/example_trigger_target_dag.py
[2023-03-12T22:30:17.108+0000] {logging_mixin.py:120} INFO - [2023-03-12T22:30:17.107+0000] {dag.py:2585} INFO - Sync 1 DAGs
[2023-03-12T22:30:17.129+0000] {logging_mixin.py:120} INFO - [2023-03-12T22:30:17.129+0000] {dag.py:3340} INFO - Setting next_dagrun for example_trigger_target_dag to None, run_after=None
[2023-03-12T22:30:17.145+0000] {processor.py:176} INFO - Processing /home/airflow/.local/lib/python3.7/site-packages/airflow/example_dags/example_trigger_target_dag.py took 0.092 seconds
[2023-03-12T23:33:21.561+0000] {processor.py:154} INFO - Started process (PID=37664) to work on /home/airflow/.local/lib/python3.7/site-packages/airflow/example_dags/example_trigger_target_dag.py
[2023-03-12T23:33:21.563+0000] {processor.py:756} INFO - Processing file /home/airflow/.local/lib/python3.7/site-packages/airflow/example_dags/example_trigger_target_dag.py for tasks to queue
[2023-03-12T23:33:21.564+0000] {logging_mixin.py:120} INFO - [2023-03-12T23:33:21.564+0000] {dagbag.py:537} INFO - Filling up the DagBag from /home/airflow/.local/lib/python3.7/site-packages/airflow/example_dags/example_trigger_target_dag.py
[2023-03-12T23:33:21.597+0000] {processor.py:766} INFO - DAG(s) dict_keys(['example_trigger_target_dag']) retrieved from /home/airflow/.local/lib/python3.7/site-packages/airflow/example_dags/example_trigger_target_dag.py
[2023-03-12T23:33:21.658+0000] {logging_mixin.py:120} INFO - [2023-03-12T23:33:21.658+0000] {dag.py:2585} INFO - Sync 1 DAGs
[2023-03-12T23:33:21.681+0000] {logging_mixin.py:120} INFO - [2023-03-12T23:33:21.681+0000] {dag.py:3340} INFO - Setting next_dagrun for example_trigger_target_dag to None, run_after=None
[2023-03-12T23:33:21.700+0000] {processor.py:176} INFO - Processing /home/airflow/.local/lib/python3.7/site-packages/airflow/example_dags/example_trigger_target_dag.py took 0.147 seconds
