[2023-03-12T00:05:12.009+0000] {processor.py:154} INFO - Started process (PID=36396) to work on /home/airflow/.local/lib/python3.7/site-packages/airflow/example_dags/example_time_delta_sensor_async.py
[2023-03-12T00:05:12.010+0000] {processor.py:756} INFO - Processing file /home/airflow/.local/lib/python3.7/site-packages/airflow/example_dags/example_time_delta_sensor_async.py for tasks to queue
[2023-03-12T00:05:12.011+0000] {logging_mixin.py:120} INFO - [2023-03-12T00:05:12.011+0000] {dagbag.py:537} INFO - Filling up the DagBag from /home/airflow/.local/lib/python3.7/site-packages/airflow/example_dags/example_time_delta_sensor_async.py
[2023-03-12T00:05:12.020+0000] {processor.py:766} INFO - DAG(s) dict_keys(['example_time_delta_sensor_async']) retrieved from /home/airflow/.local/lib/python3.7/site-packages/airflow/example_dags/example_time_delta_sensor_async.py
[2023-03-12T00:05:12.116+0000] {logging_mixin.py:120} INFO - [2023-03-12T00:05:12.116+0000] {dag.py:2585} INFO - Sync 1 DAGs
[2023-03-12T00:05:12.130+0000] {logging_mixin.py:120} INFO - [2023-03-12T00:05:12.130+0000] {dag.py:3340} INFO - Setting next_dagrun for example_time_delta_sensor_async to None, run_after=None
[2023-03-12T00:05:12.141+0000] {processor.py:176} INFO - Processing /home/airflow/.local/lib/python3.7/site-packages/airflow/example_dags/example_time_delta_sensor_async.py took 0.134 seconds
[2023-03-12T01:11:09.018+0000] {processor.py:154} INFO - Started process (PID=36450) to work on /home/airflow/.local/lib/python3.7/site-packages/airflow/example_dags/example_time_delta_sensor_async.py
[2023-03-12T01:11:09.019+0000] {processor.py:756} INFO - Processing file /home/airflow/.local/lib/python3.7/site-packages/airflow/example_dags/example_time_delta_sensor_async.py for tasks to queue
[2023-03-12T01:11:09.020+0000] {logging_mixin.py:120} INFO - [2023-03-12T01:11:09.020+0000] {dagbag.py:537} INFO - Filling up the DagBag from /home/airflow/.local/lib/python3.7/site-packages/airflow/example_dags/example_time_delta_sensor_async.py
[2023-03-12T01:11:09.030+0000] {processor.py:766} INFO - DAG(s) dict_keys(['example_time_delta_sensor_async']) retrieved from /home/airflow/.local/lib/python3.7/site-packages/airflow/example_dags/example_time_delta_sensor_async.py
[2023-03-12T01:11:09.135+0000] {logging_mixin.py:120} INFO - [2023-03-12T01:11:09.135+0000] {dag.py:2585} INFO - Sync 1 DAGs
[2023-03-12T01:11:09.151+0000] {logging_mixin.py:120} INFO - [2023-03-12T01:11:09.151+0000] {dag.py:3340} INFO - Setting next_dagrun for example_time_delta_sensor_async to None, run_after=None
[2023-03-12T01:11:09.165+0000] {processor.py:176} INFO - Processing /home/airflow/.local/lib/python3.7/site-packages/airflow/example_dags/example_time_delta_sensor_async.py took 0.150 seconds
[2023-03-12T02:20:07.169+0000] {processor.py:154} INFO - Started process (PID=36514) to work on /home/airflow/.local/lib/python3.7/site-packages/airflow/example_dags/example_time_delta_sensor_async.py
[2023-03-12T02:20:07.170+0000] {processor.py:756} INFO - Processing file /home/airflow/.local/lib/python3.7/site-packages/airflow/example_dags/example_time_delta_sensor_async.py for tasks to queue
[2023-03-12T02:20:07.171+0000] {logging_mixin.py:120} INFO - [2023-03-12T02:20:07.170+0000] {dagbag.py:537} INFO - Filling up the DagBag from /home/airflow/.local/lib/python3.7/site-packages/airflow/example_dags/example_time_delta_sensor_async.py
[2023-03-12T02:20:07.179+0000] {processor.py:766} INFO - DAG(s) dict_keys(['example_time_delta_sensor_async']) retrieved from /home/airflow/.local/lib/python3.7/site-packages/airflow/example_dags/example_time_delta_sensor_async.py
[2023-03-12T02:20:07.274+0000] {logging_mixin.py:120} INFO - [2023-03-12T02:20:07.274+0000] {dag.py:2585} INFO - Sync 1 DAGs
[2023-03-12T02:20:07.288+0000] {logging_mixin.py:120} INFO - [2023-03-12T02:20:07.288+0000] {dag.py:3340} INFO - Setting next_dagrun for example_time_delta_sensor_async to None, run_after=None
[2023-03-12T02:20:07.300+0000] {processor.py:176} INFO - Processing /home/airflow/.local/lib/python3.7/site-packages/airflow/example_dags/example_time_delta_sensor_async.py took 0.133 seconds
[2023-03-12T03:43:52.981+0000] {processor.py:154} INFO - Started process (PID=36577) to work on /home/airflow/.local/lib/python3.7/site-packages/airflow/example_dags/example_time_delta_sensor_async.py
[2023-03-12T03:43:52.985+0000] {processor.py:756} INFO - Processing file /home/airflow/.local/lib/python3.7/site-packages/airflow/example_dags/example_time_delta_sensor_async.py for tasks to queue
[2023-03-12T03:43:52.986+0000] {logging_mixin.py:120} INFO - [2023-03-12T03:43:52.986+0000] {dagbag.py:537} INFO - Filling up the DagBag from /home/airflow/.local/lib/python3.7/site-packages/airflow/example_dags/example_time_delta_sensor_async.py
[2023-03-12T03:43:53.001+0000] {processor.py:766} INFO - DAG(s) dict_keys(['example_time_delta_sensor_async']) retrieved from /home/airflow/.local/lib/python3.7/site-packages/airflow/example_dags/example_time_delta_sensor_async.py
[2023-03-12T03:43:53.120+0000] {logging_mixin.py:120} INFO - [2023-03-12T03:43:53.120+0000] {dag.py:2585} INFO - Sync 1 DAGs
[2023-03-12T03:43:53.149+0000] {logging_mixin.py:120} INFO - [2023-03-12T03:43:53.149+0000] {dag.py:3340} INFO - Setting next_dagrun for example_time_delta_sensor_async to None, run_after=None
[2023-03-12T03:43:53.169+0000] {processor.py:176} INFO - Processing /home/airflow/.local/lib/python3.7/site-packages/airflow/example_dags/example_time_delta_sensor_async.py took 0.190 seconds
[2023-03-12T04:47:37.987+0000] {processor.py:154} INFO - Started process (PID=36640) to work on /home/airflow/.local/lib/python3.7/site-packages/airflow/example_dags/example_time_delta_sensor_async.py
[2023-03-12T04:47:37.988+0000] {processor.py:756} INFO - Processing file /home/airflow/.local/lib/python3.7/site-packages/airflow/example_dags/example_time_delta_sensor_async.py for tasks to queue
[2023-03-12T04:47:37.989+0000] {logging_mixin.py:120} INFO - [2023-03-12T04:47:37.989+0000] {dagbag.py:537} INFO - Filling up the DagBag from /home/airflow/.local/lib/python3.7/site-packages/airflow/example_dags/example_time_delta_sensor_async.py
[2023-03-12T04:47:37.999+0000] {processor.py:766} INFO - DAG(s) dict_keys(['example_time_delta_sensor_async']) retrieved from /home/airflow/.local/lib/python3.7/site-packages/airflow/example_dags/example_time_delta_sensor_async.py
[2023-03-12T04:47:38.131+0000] {logging_mixin.py:120} INFO - [2023-03-12T04:47:38.131+0000] {dag.py:2585} INFO - Sync 1 DAGs
[2023-03-12T04:47:38.148+0000] {logging_mixin.py:120} INFO - [2023-03-12T04:47:38.148+0000] {dag.py:3340} INFO - Setting next_dagrun for example_time_delta_sensor_async to None, run_after=None
[2023-03-12T04:47:38.163+0000] {processor.py:176} INFO - Processing /home/airflow/.local/lib/python3.7/site-packages/airflow/example_dags/example_time_delta_sensor_async.py took 0.181 seconds
[2023-03-12T05:46:52.035+0000] {processor.py:154} INFO - Started process (PID=36703) to work on /home/airflow/.local/lib/python3.7/site-packages/airflow/example_dags/example_time_delta_sensor_async.py
[2023-03-12T05:46:52.036+0000] {processor.py:756} INFO - Processing file /home/airflow/.local/lib/python3.7/site-packages/airflow/example_dags/example_time_delta_sensor_async.py for tasks to queue
[2023-03-12T05:46:52.038+0000] {logging_mixin.py:120} INFO - [2023-03-12T05:46:52.037+0000] {dagbag.py:537} INFO - Filling up the DagBag from /home/airflow/.local/lib/python3.7/site-packages/airflow/example_dags/example_time_delta_sensor_async.py
[2023-03-12T05:46:52.047+0000] {processor.py:766} INFO - DAG(s) dict_keys(['example_time_delta_sensor_async']) retrieved from /home/airflow/.local/lib/python3.7/site-packages/airflow/example_dags/example_time_delta_sensor_async.py
[2023-03-12T05:46:52.152+0000] {logging_mixin.py:120} INFO - [2023-03-12T05:46:52.152+0000] {dag.py:2585} INFO - Sync 1 DAGs
[2023-03-12T05:46:52.168+0000] {logging_mixin.py:120} INFO - [2023-03-12T05:46:52.168+0000] {dag.py:3340} INFO - Setting next_dagrun for example_time_delta_sensor_async to None, run_after=None
[2023-03-12T05:46:52.193+0000] {processor.py:176} INFO - Processing /home/airflow/.local/lib/python3.7/site-packages/airflow/example_dags/example_time_delta_sensor_async.py took 0.161 seconds
[2023-03-12T06:51:40.248+0000] {processor.py:154} INFO - Started process (PID=36757) to work on /home/airflow/.local/lib/python3.7/site-packages/airflow/example_dags/example_time_delta_sensor_async.py
[2023-03-12T06:51:40.250+0000] {processor.py:756} INFO - Processing file /home/airflow/.local/lib/python3.7/site-packages/airflow/example_dags/example_time_delta_sensor_async.py for tasks to queue
[2023-03-12T06:51:40.253+0000] {logging_mixin.py:120} INFO - [2023-03-12T06:51:40.253+0000] {dagbag.py:537} INFO - Filling up the DagBag from /home/airflow/.local/lib/python3.7/site-packages/airflow/example_dags/example_time_delta_sensor_async.py
[2023-03-12T06:51:40.270+0000] {processor.py:766} INFO - DAG(s) dict_keys(['example_time_delta_sensor_async']) retrieved from /home/airflow/.local/lib/python3.7/site-packages/airflow/example_dags/example_time_delta_sensor_async.py
[2023-03-12T06:51:40.388+0000] {logging_mixin.py:120} INFO - [2023-03-12T06:51:40.388+0000] {dag.py:2585} INFO - Sync 1 DAGs
[2023-03-12T06:51:40.405+0000] {logging_mixin.py:120} INFO - [2023-03-12T06:51:40.404+0000] {dag.py:3340} INFO - Setting next_dagrun for example_time_delta_sensor_async to None, run_after=None
[2023-03-12T06:51:40.418+0000] {processor.py:176} INFO - Processing /home/airflow/.local/lib/python3.7/site-packages/airflow/example_dags/example_time_delta_sensor_async.py took 0.172 seconds
[2023-03-12T07:59:57.543+0000] {processor.py:154} INFO - Started process (PID=36821) to work on /home/airflow/.local/lib/python3.7/site-packages/airflow/example_dags/example_time_delta_sensor_async.py
[2023-03-12T07:59:57.550+0000] {processor.py:756} INFO - Processing file /home/airflow/.local/lib/python3.7/site-packages/airflow/example_dags/example_time_delta_sensor_async.py for tasks to queue
[2023-03-12T07:59:57.551+0000] {logging_mixin.py:120} INFO - [2023-03-12T07:59:57.551+0000] {dagbag.py:537} INFO - Filling up the DagBag from /home/airflow/.local/lib/python3.7/site-packages/airflow/example_dags/example_time_delta_sensor_async.py
[2023-03-12T07:59:57.576+0000] {processor.py:766} INFO - DAG(s) dict_keys(['example_time_delta_sensor_async']) retrieved from /home/airflow/.local/lib/python3.7/site-packages/airflow/example_dags/example_time_delta_sensor_async.py
[2023-03-12T07:59:57.729+0000] {logging_mixin.py:120} INFO - [2023-03-12T07:59:57.729+0000] {dag.py:2585} INFO - Sync 1 DAGs
[2023-03-12T07:59:57.749+0000] {logging_mixin.py:120} INFO - [2023-03-12T07:59:57.749+0000] {dag.py:3340} INFO - Setting next_dagrun for example_time_delta_sensor_async to None, run_after=None
[2023-03-12T07:59:57.764+0000] {processor.py:176} INFO - Processing /home/airflow/.local/lib/python3.7/site-packages/airflow/example_dags/example_time_delta_sensor_async.py took 0.228 seconds
[2023-03-12T09:20:37.672+0000] {processor.py:154} INFO - Started process (PID=36884) to work on /home/airflow/.local/lib/python3.7/site-packages/airflow/example_dags/example_time_delta_sensor_async.py
[2023-03-12T09:20:37.674+0000] {processor.py:756} INFO - Processing file /home/airflow/.local/lib/python3.7/site-packages/airflow/example_dags/example_time_delta_sensor_async.py for tasks to queue
[2023-03-12T09:20:37.675+0000] {logging_mixin.py:120} INFO - [2023-03-12T09:20:37.675+0000] {dagbag.py:537} INFO - Filling up the DagBag from /home/airflow/.local/lib/python3.7/site-packages/airflow/example_dags/example_time_delta_sensor_async.py
[2023-03-12T09:20:37.689+0000] {processor.py:766} INFO - DAG(s) dict_keys(['example_time_delta_sensor_async']) retrieved from /home/airflow/.local/lib/python3.7/site-packages/airflow/example_dags/example_time_delta_sensor_async.py
[2023-03-12T09:20:37.865+0000] {logging_mixin.py:120} INFO - [2023-03-12T09:20:37.865+0000] {dag.py:2585} INFO - Sync 1 DAGs
[2023-03-12T09:20:37.883+0000] {logging_mixin.py:120} INFO - [2023-03-12T09:20:37.883+0000] {dag.py:3340} INFO - Setting next_dagrun for example_time_delta_sensor_async to None, run_after=None
[2023-03-12T09:20:37.898+0000] {processor.py:176} INFO - Processing /home/airflow/.local/lib/python3.7/site-packages/airflow/example_dags/example_time_delta_sensor_async.py took 0.229 seconds
[2023-03-12T10:26:31.802+0000] {processor.py:154} INFO - Started process (PID=36947) to work on /home/airflow/.local/lib/python3.7/site-packages/airflow/example_dags/example_time_delta_sensor_async.py
[2023-03-12T10:26:31.803+0000] {processor.py:756} INFO - Processing file /home/airflow/.local/lib/python3.7/site-packages/airflow/example_dags/example_time_delta_sensor_async.py for tasks to queue
[2023-03-12T10:26:31.804+0000] {logging_mixin.py:120} INFO - [2023-03-12T10:26:31.804+0000] {dagbag.py:537} INFO - Filling up the DagBag from /home/airflow/.local/lib/python3.7/site-packages/airflow/example_dags/example_time_delta_sensor_async.py
[2023-03-12T10:26:31.815+0000] {processor.py:766} INFO - DAG(s) dict_keys(['example_time_delta_sensor_async']) retrieved from /home/airflow/.local/lib/python3.7/site-packages/airflow/example_dags/example_time_delta_sensor_async.py
[2023-03-12T10:26:31.968+0000] {logging_mixin.py:120} INFO - [2023-03-12T10:26:31.968+0000] {dag.py:2585} INFO - Sync 1 DAGs
[2023-03-12T10:26:31.988+0000] {logging_mixin.py:120} INFO - [2023-03-12T10:26:31.988+0000] {dag.py:3340} INFO - Setting next_dagrun for example_time_delta_sensor_async to None, run_after=None
[2023-03-12T10:26:32.007+0000] {processor.py:176} INFO - Processing /home/airflow/.local/lib/python3.7/site-packages/airflow/example_dags/example_time_delta_sensor_async.py took 0.209 seconds
[2023-03-12T11:32:26.872+0000] {processor.py:154} INFO - Started process (PID=37008) to work on /home/airflow/.local/lib/python3.7/site-packages/airflow/example_dags/example_time_delta_sensor_async.py
[2023-03-12T11:32:26.874+0000] {processor.py:756} INFO - Processing file /home/airflow/.local/lib/python3.7/site-packages/airflow/example_dags/example_time_delta_sensor_async.py for tasks to queue
[2023-03-12T11:32:26.874+0000] {logging_mixin.py:120} INFO - [2023-03-12T11:32:26.874+0000] {dagbag.py:537} INFO - Filling up the DagBag from /home/airflow/.local/lib/python3.7/site-packages/airflow/example_dags/example_time_delta_sensor_async.py
[2023-03-12T11:32:26.895+0000] {processor.py:766} INFO - DAG(s) dict_keys(['example_time_delta_sensor_async']) retrieved from /home/airflow/.local/lib/python3.7/site-packages/airflow/example_dags/example_time_delta_sensor_async.py
[2023-03-12T11:32:27.072+0000] {logging_mixin.py:120} INFO - [2023-03-12T11:32:27.072+0000] {dag.py:2585} INFO - Sync 1 DAGs
[2023-03-12T11:32:27.100+0000] {logging_mixin.py:120} INFO - [2023-03-12T11:32:27.100+0000] {dag.py:3340} INFO - Setting next_dagrun for example_time_delta_sensor_async to None, run_after=None
[2023-03-12T11:32:27.122+0000] {processor.py:176} INFO - Processing /home/airflow/.local/lib/python3.7/site-packages/airflow/example_dags/example_time_delta_sensor_async.py took 0.253 seconds
[2023-03-12T12:40:39.926+0000] {processor.py:154} INFO - Started process (PID=37064) to work on /home/airflow/.local/lib/python3.7/site-packages/airflow/example_dags/example_time_delta_sensor_async.py
[2023-03-12T12:40:39.927+0000] {processor.py:756} INFO - Processing file /home/airflow/.local/lib/python3.7/site-packages/airflow/example_dags/example_time_delta_sensor_async.py for tasks to queue
[2023-03-12T12:40:39.928+0000] {logging_mixin.py:120} INFO - [2023-03-12T12:40:39.928+0000] {dagbag.py:537} INFO - Filling up the DagBag from /home/airflow/.local/lib/python3.7/site-packages/airflow/example_dags/example_time_delta_sensor_async.py
[2023-03-12T12:40:39.943+0000] {processor.py:766} INFO - DAG(s) dict_keys(['example_time_delta_sensor_async']) retrieved from /home/airflow/.local/lib/python3.7/site-packages/airflow/example_dags/example_time_delta_sensor_async.py
[2023-03-12T12:40:40.061+0000] {logging_mixin.py:120} INFO - [2023-03-12T12:40:40.060+0000] {dag.py:2585} INFO - Sync 1 DAGs
[2023-03-12T12:40:40.076+0000] {logging_mixin.py:120} INFO - [2023-03-12T12:40:40.075+0000] {dag.py:3340} INFO - Setting next_dagrun for example_time_delta_sensor_async to None, run_after=None
[2023-03-12T12:40:40.093+0000] {processor.py:176} INFO - Processing /home/airflow/.local/lib/python3.7/site-packages/airflow/example_dags/example_time_delta_sensor_async.py took 0.171 seconds
[2023-03-12T13:59:48.088+0000] {processor.py:154} INFO - Started process (PID=37127) to work on /home/airflow/.local/lib/python3.7/site-packages/airflow/example_dags/example_time_delta_sensor_async.py
[2023-03-12T13:59:48.089+0000] {processor.py:756} INFO - Processing file /home/airflow/.local/lib/python3.7/site-packages/airflow/example_dags/example_time_delta_sensor_async.py for tasks to queue
[2023-03-12T13:59:48.090+0000] {logging_mixin.py:120} INFO - [2023-03-12T13:59:48.090+0000] {dagbag.py:537} INFO - Filling up the DagBag from /home/airflow/.local/lib/python3.7/site-packages/airflow/example_dags/example_time_delta_sensor_async.py
[2023-03-12T13:59:48.105+0000] {processor.py:766} INFO - DAG(s) dict_keys(['example_time_delta_sensor_async']) retrieved from /home/airflow/.local/lib/python3.7/site-packages/airflow/example_dags/example_time_delta_sensor_async.py
[2023-03-12T13:59:48.225+0000] {logging_mixin.py:120} INFO - [2023-03-12T13:59:48.225+0000] {dag.py:2585} INFO - Sync 1 DAGs
[2023-03-12T13:59:48.247+0000] {logging_mixin.py:120} INFO - [2023-03-12T13:59:48.247+0000] {dag.py:3340} INFO - Setting next_dagrun for example_time_delta_sensor_async to None, run_after=None
[2023-03-12T13:59:48.259+0000] {processor.py:176} INFO - Processing /home/airflow/.local/lib/python3.7/site-packages/airflow/example_dags/example_time_delta_sensor_async.py took 0.175 seconds
[2023-03-12T15:06:05.860+0000] {processor.py:154} INFO - Started process (PID=37190) to work on /home/airflow/.local/lib/python3.7/site-packages/airflow/example_dags/example_time_delta_sensor_async.py
[2023-03-12T15:06:05.861+0000] {processor.py:756} INFO - Processing file /home/airflow/.local/lib/python3.7/site-packages/airflow/example_dags/example_time_delta_sensor_async.py for tasks to queue
[2023-03-12T15:06:05.861+0000] {logging_mixin.py:120} INFO - [2023-03-12T15:06:05.861+0000] {dagbag.py:537} INFO - Filling up the DagBag from /home/airflow/.local/lib/python3.7/site-packages/airflow/example_dags/example_time_delta_sensor_async.py
[2023-03-12T15:06:05.881+0000] {processor.py:766} INFO - DAG(s) dict_keys(['example_time_delta_sensor_async']) retrieved from /home/airflow/.local/lib/python3.7/site-packages/airflow/example_dags/example_time_delta_sensor_async.py
[2023-03-12T15:06:06.098+0000] {logging_mixin.py:120} INFO - [2023-03-12T15:06:06.098+0000] {dag.py:2585} INFO - Sync 1 DAGs
[2023-03-12T15:06:06.134+0000] {logging_mixin.py:120} INFO - [2023-03-12T15:06:06.134+0000] {dag.py:3340} INFO - Setting next_dagrun for example_time_delta_sensor_async to None, run_after=None
[2023-03-12T15:06:06.155+0000] {processor.py:176} INFO - Processing /home/airflow/.local/lib/python3.7/site-packages/airflow/example_dags/example_time_delta_sensor_async.py took 0.298 seconds
[2023-03-12T16:10:45.082+0000] {processor.py:154} INFO - Started process (PID=37254) to work on /home/airflow/.local/lib/python3.7/site-packages/airflow/example_dags/example_time_delta_sensor_async.py
[2023-03-12T16:10:45.083+0000] {processor.py:756} INFO - Processing file /home/airflow/.local/lib/python3.7/site-packages/airflow/example_dags/example_time_delta_sensor_async.py for tasks to queue
[2023-03-12T16:10:45.088+0000] {logging_mixin.py:120} INFO - [2023-03-12T16:10:45.088+0000] {dagbag.py:537} INFO - Filling up the DagBag from /home/airflow/.local/lib/python3.7/site-packages/airflow/example_dags/example_time_delta_sensor_async.py
[2023-03-12T16:10:45.107+0000] {processor.py:766} INFO - DAG(s) dict_keys(['example_time_delta_sensor_async']) retrieved from /home/airflow/.local/lib/python3.7/site-packages/airflow/example_dags/example_time_delta_sensor_async.py
[2023-03-12T16:10:45.248+0000] {logging_mixin.py:120} INFO - [2023-03-12T16:10:45.247+0000] {dag.py:2585} INFO - Sync 1 DAGs
[2023-03-12T16:10:45.269+0000] {logging_mixin.py:120} INFO - [2023-03-12T16:10:45.268+0000] {dag.py:3340} INFO - Setting next_dagrun for example_time_delta_sensor_async to None, run_after=None
[2023-03-12T16:10:45.285+0000] {processor.py:176} INFO - Processing /home/airflow/.local/lib/python3.7/site-packages/airflow/example_dags/example_time_delta_sensor_async.py took 0.206 seconds
[2023-03-12T17:18:12.172+0000] {processor.py:154} INFO - Started process (PID=37308) to work on /home/airflow/.local/lib/python3.7/site-packages/airflow/example_dags/example_time_delta_sensor_async.py
[2023-03-12T17:18:12.177+0000] {processor.py:756} INFO - Processing file /home/airflow/.local/lib/python3.7/site-packages/airflow/example_dags/example_time_delta_sensor_async.py for tasks to queue
[2023-03-12T17:18:12.178+0000] {logging_mixin.py:120} INFO - [2023-03-12T17:18:12.178+0000] {dagbag.py:537} INFO - Filling up the DagBag from /home/airflow/.local/lib/python3.7/site-packages/airflow/example_dags/example_time_delta_sensor_async.py
[2023-03-12T17:18:12.195+0000] {processor.py:766} INFO - DAG(s) dict_keys(['example_time_delta_sensor_async']) retrieved from /home/airflow/.local/lib/python3.7/site-packages/airflow/example_dags/example_time_delta_sensor_async.py
[2023-03-12T17:18:12.300+0000] {logging_mixin.py:120} INFO - [2023-03-12T17:18:12.299+0000] {dag.py:2585} INFO - Sync 1 DAGs
[2023-03-12T17:18:12.316+0000] {logging_mixin.py:120} INFO - [2023-03-12T17:18:12.316+0000] {dag.py:3340} INFO - Setting next_dagrun for example_time_delta_sensor_async to None, run_after=None
[2023-03-12T17:18:12.327+0000] {processor.py:176} INFO - Processing /home/airflow/.local/lib/python3.7/site-packages/airflow/example_dags/example_time_delta_sensor_async.py took 0.159 seconds
[2023-03-12T18:23:03.733+0000] {processor.py:154} INFO - Started process (PID=37371) to work on /home/airflow/.local/lib/python3.7/site-packages/airflow/example_dags/example_time_delta_sensor_async.py
[2023-03-12T18:23:03.735+0000] {processor.py:756} INFO - Processing file /home/airflow/.local/lib/python3.7/site-packages/airflow/example_dags/example_time_delta_sensor_async.py for tasks to queue
[2023-03-12T18:23:03.739+0000] {logging_mixin.py:120} INFO - [2023-03-12T18:23:03.739+0000] {dagbag.py:537} INFO - Filling up the DagBag from /home/airflow/.local/lib/python3.7/site-packages/airflow/example_dags/example_time_delta_sensor_async.py
[2023-03-12T18:23:03.757+0000] {processor.py:766} INFO - DAG(s) dict_keys(['example_time_delta_sensor_async']) retrieved from /home/airflow/.local/lib/python3.7/site-packages/airflow/example_dags/example_time_delta_sensor_async.py
[2023-03-12T18:23:03.917+0000] {logging_mixin.py:120} INFO - [2023-03-12T18:23:03.916+0000] {dag.py:2585} INFO - Sync 1 DAGs
[2023-03-12T18:23:03.940+0000] {logging_mixin.py:120} INFO - [2023-03-12T18:23:03.940+0000] {dag.py:3340} INFO - Setting next_dagrun for example_time_delta_sensor_async to None, run_after=None
[2023-03-12T18:23:03.960+0000] {processor.py:176} INFO - Processing /home/airflow/.local/lib/python3.7/site-packages/airflow/example_dags/example_time_delta_sensor_async.py took 0.229 seconds
[2023-03-12T19:03:57.069+0000] {processor.py:154} INFO - Started process (PID=37434) to work on /home/airflow/.local/lib/python3.7/site-packages/airflow/example_dags/example_time_delta_sensor_async.py
[2023-03-12T19:03:57.071+0000] {processor.py:756} INFO - Processing file /home/airflow/.local/lib/python3.7/site-packages/airflow/example_dags/example_time_delta_sensor_async.py for tasks to queue
[2023-03-12T19:03:57.074+0000] {logging_mixin.py:120} INFO - [2023-03-12T19:03:57.074+0000] {dagbag.py:537} INFO - Filling up the DagBag from /home/airflow/.local/lib/python3.7/site-packages/airflow/example_dags/example_time_delta_sensor_async.py
[2023-03-12T19:03:57.086+0000] {processor.py:766} INFO - DAG(s) dict_keys(['example_time_delta_sensor_async']) retrieved from /home/airflow/.local/lib/python3.7/site-packages/airflow/example_dags/example_time_delta_sensor_async.py
[2023-03-12T19:03:57.209+0000] {logging_mixin.py:120} INFO - [2023-03-12T19:03:57.209+0000] {dag.py:2585} INFO - Sync 1 DAGs
[2023-03-12T19:03:57.228+0000] {logging_mixin.py:120} INFO - [2023-03-12T19:03:57.228+0000] {dag.py:3340} INFO - Setting next_dagrun for example_time_delta_sensor_async to None, run_after=None
[2023-03-12T19:03:57.247+0000] {processor.py:176} INFO - Processing /home/airflow/.local/lib/python3.7/site-packages/airflow/example_dags/example_time_delta_sensor_async.py took 0.180 seconds
[2023-03-12T20:24:26.616+0000] {processor.py:154} INFO - Started process (PID=37496) to work on /home/airflow/.local/lib/python3.7/site-packages/airflow/example_dags/example_time_delta_sensor_async.py
[2023-03-12T20:24:26.617+0000] {processor.py:756} INFO - Processing file /home/airflow/.local/lib/python3.7/site-packages/airflow/example_dags/example_time_delta_sensor_async.py for tasks to queue
[2023-03-12T20:24:26.618+0000] {logging_mixin.py:120} INFO - [2023-03-12T20:24:26.618+0000] {dagbag.py:537} INFO - Filling up the DagBag from /home/airflow/.local/lib/python3.7/site-packages/airflow/example_dags/example_time_delta_sensor_async.py
[2023-03-12T20:24:26.634+0000] {processor.py:766} INFO - DAG(s) dict_keys(['example_time_delta_sensor_async']) retrieved from /home/airflow/.local/lib/python3.7/site-packages/airflow/example_dags/example_time_delta_sensor_async.py
[2023-03-12T20:24:26.737+0000] {logging_mixin.py:120} INFO - [2023-03-12T20:24:26.736+0000] {dag.py:2585} INFO - Sync 1 DAGs
[2023-03-12T20:24:26.751+0000] {logging_mixin.py:120} INFO - [2023-03-12T20:24:26.751+0000] {dag.py:3340} INFO - Setting next_dagrun for example_time_delta_sensor_async to None, run_after=None
[2023-03-12T20:24:26.769+0000] {processor.py:176} INFO - Processing /home/airflow/.local/lib/python3.7/site-packages/airflow/example_dags/example_time_delta_sensor_async.py took 0.158 seconds
[2023-03-12T21:28:17.584+0000] {processor.py:154} INFO - Started process (PID=37559) to work on /home/airflow/.local/lib/python3.7/site-packages/airflow/example_dags/example_time_delta_sensor_async.py
[2023-03-12T21:28:17.585+0000] {processor.py:756} INFO - Processing file /home/airflow/.local/lib/python3.7/site-packages/airflow/example_dags/example_time_delta_sensor_async.py for tasks to queue
[2023-03-12T21:28:17.586+0000] {logging_mixin.py:120} INFO - [2023-03-12T21:28:17.586+0000] {dagbag.py:537} INFO - Filling up the DagBag from /home/airflow/.local/lib/python3.7/site-packages/airflow/example_dags/example_time_delta_sensor_async.py
[2023-03-12T21:28:17.600+0000] {processor.py:766} INFO - DAG(s) dict_keys(['example_time_delta_sensor_async']) retrieved from /home/airflow/.local/lib/python3.7/site-packages/airflow/example_dags/example_time_delta_sensor_async.py
[2023-03-12T21:28:17.784+0000] {logging_mixin.py:120} INFO - [2023-03-12T21:28:17.784+0000] {dag.py:2585} INFO - Sync 1 DAGs
[2023-03-12T21:28:17.808+0000] {logging_mixin.py:120} INFO - [2023-03-12T21:28:17.808+0000] {dag.py:3340} INFO - Setting next_dagrun for example_time_delta_sensor_async to None, run_after=None
[2023-03-12T21:28:17.839+0000] {processor.py:176} INFO - Processing /home/airflow/.local/lib/python3.7/site-packages/airflow/example_dags/example_time_delta_sensor_async.py took 0.261 seconds
[2023-03-12T22:30:18.084+0000] {processor.py:154} INFO - Started process (PID=37614) to work on /home/airflow/.local/lib/python3.7/site-packages/airflow/example_dags/example_time_delta_sensor_async.py
[2023-03-12T22:30:18.086+0000] {processor.py:756} INFO - Processing file /home/airflow/.local/lib/python3.7/site-packages/airflow/example_dags/example_time_delta_sensor_async.py for tasks to queue
[2023-03-12T22:30:18.087+0000] {logging_mixin.py:120} INFO - [2023-03-12T22:30:18.087+0000] {dagbag.py:537} INFO - Filling up the DagBag from /home/airflow/.local/lib/python3.7/site-packages/airflow/example_dags/example_time_delta_sensor_async.py
[2023-03-12T22:30:18.102+0000] {processor.py:766} INFO - DAG(s) dict_keys(['example_time_delta_sensor_async']) retrieved from /home/airflow/.local/lib/python3.7/site-packages/airflow/example_dags/example_time_delta_sensor_async.py
[2023-03-12T22:30:18.259+0000] {logging_mixin.py:120} INFO - [2023-03-12T22:30:18.259+0000] {dag.py:2585} INFO - Sync 1 DAGs
[2023-03-12T22:30:18.278+0000] {logging_mixin.py:120} INFO - [2023-03-12T22:30:18.278+0000] {dag.py:3340} INFO - Setting next_dagrun for example_time_delta_sensor_async to None, run_after=None
[2023-03-12T22:30:18.301+0000] {processor.py:176} INFO - Processing /home/airflow/.local/lib/python3.7/site-packages/airflow/example_dags/example_time_delta_sensor_async.py took 0.221 seconds
[2023-03-12T23:33:22.606+0000] {processor.py:154} INFO - Started process (PID=37677) to work on /home/airflow/.local/lib/python3.7/site-packages/airflow/example_dags/example_time_delta_sensor_async.py
[2023-03-12T23:33:22.608+0000] {processor.py:756} INFO - Processing file /home/airflow/.local/lib/python3.7/site-packages/airflow/example_dags/example_time_delta_sensor_async.py for tasks to queue
[2023-03-12T23:33:22.609+0000] {logging_mixin.py:120} INFO - [2023-03-12T23:33:22.609+0000] {dagbag.py:537} INFO - Filling up the DagBag from /home/airflow/.local/lib/python3.7/site-packages/airflow/example_dags/example_time_delta_sensor_async.py
[2023-03-12T23:33:22.618+0000] {processor.py:766} INFO - DAG(s) dict_keys(['example_time_delta_sensor_async']) retrieved from /home/airflow/.local/lib/python3.7/site-packages/airflow/example_dags/example_time_delta_sensor_async.py
[2023-03-12T23:33:22.758+0000] {logging_mixin.py:120} INFO - [2023-03-12T23:33:22.758+0000] {dag.py:2585} INFO - Sync 1 DAGs
[2023-03-12T23:33:22.776+0000] {logging_mixin.py:120} INFO - [2023-03-12T23:33:22.776+0000] {dag.py:3340} INFO - Setting next_dagrun for example_time_delta_sensor_async to None, run_after=None
[2023-03-12T23:33:22.791+0000] {processor.py:176} INFO - Processing /home/airflow/.local/lib/python3.7/site-packages/airflow/example_dags/example_time_delta_sensor_async.py took 0.187 seconds
