[2023-03-12T00:05:12.212+0000] {processor.py:154} INFO - Started process (PID=36400) to work on /home/airflow/.local/lib/python3.7/site-packages/airflow/example_dags/example_short_circuit_decorator.py
[2023-03-12T00:05:12.213+0000] {processor.py:756} INFO - Processing file /home/airflow/.local/lib/python3.7/site-packages/airflow/example_dags/example_short_circuit_decorator.py for tasks to queue
[2023-03-12T00:05:12.214+0000] {logging_mixin.py:120} INFO - [2023-03-12T00:05:12.214+0000] {dagbag.py:537} INFO - Filling up the DagBag from /home/airflow/.local/lib/python3.7/site-packages/airflow/example_dags/example_short_circuit_decorator.py
[2023-03-12T00:05:12.230+0000] {processor.py:766} INFO - DAG(s) dict_keys(['example_short_circuit_decorator']) retrieved from /home/airflow/.local/lib/python3.7/site-packages/airflow/example_dags/example_short_circuit_decorator.py
[2023-03-12T00:05:12.259+0000] {logging_mixin.py:120} INFO - [2023-03-12T00:05:12.259+0000] {dag.py:2585} INFO - Sync 1 DAGs
[2023-03-12T00:05:12.274+0000] {logging_mixin.py:120} INFO - [2023-03-12T00:05:12.274+0000] {dag.py:3340} INFO - Setting next_dagrun for example_short_circuit_decorator to 2023-03-11T00:05:12.274044+00:00, run_after=2023-03-12T00:05:12.274044+00:00
[2023-03-12T00:05:12.285+0000] {processor.py:176} INFO - Processing /home/airflow/.local/lib/python3.7/site-packages/airflow/example_dags/example_short_circuit_decorator.py took 0.076 seconds
[2023-03-12T01:11:09.291+0000] {processor.py:154} INFO - Started process (PID=36454) to work on /home/airflow/.local/lib/python3.7/site-packages/airflow/example_dags/example_short_circuit_decorator.py
[2023-03-12T01:11:09.292+0000] {processor.py:756} INFO - Processing file /home/airflow/.local/lib/python3.7/site-packages/airflow/example_dags/example_short_circuit_decorator.py for tasks to queue
[2023-03-12T01:11:09.293+0000] {logging_mixin.py:120} INFO - [2023-03-12T01:11:09.293+0000] {dagbag.py:537} INFO - Filling up the DagBag from /home/airflow/.local/lib/python3.7/site-packages/airflow/example_dags/example_short_circuit_decorator.py
[2023-03-12T01:11:09.307+0000] {processor.py:766} INFO - DAG(s) dict_keys(['example_short_circuit_decorator']) retrieved from /home/airflow/.local/lib/python3.7/site-packages/airflow/example_dags/example_short_circuit_decorator.py
[2023-03-12T01:11:09.337+0000] {logging_mixin.py:120} INFO - [2023-03-12T01:11:09.337+0000] {dag.py:2585} INFO - Sync 1 DAGs
[2023-03-12T01:11:09.351+0000] {logging_mixin.py:120} INFO - [2023-03-12T01:11:09.351+0000] {dag.py:3340} INFO - Setting next_dagrun for example_short_circuit_decorator to 2023-03-11T01:11:09.350893+00:00, run_after=2023-03-12T01:11:09.350893+00:00
[2023-03-12T01:11:09.363+0000] {processor.py:176} INFO - Processing /home/airflow/.local/lib/python3.7/site-packages/airflow/example_dags/example_short_circuit_decorator.py took 0.075 seconds
[2023-03-12T02:20:07.552+0000] {processor.py:154} INFO - Started process (PID=36518) to work on /home/airflow/.local/lib/python3.7/site-packages/airflow/example_dags/example_short_circuit_decorator.py
[2023-03-12T02:20:07.553+0000] {processor.py:756} INFO - Processing file /home/airflow/.local/lib/python3.7/site-packages/airflow/example_dags/example_short_circuit_decorator.py for tasks to queue
[2023-03-12T02:20:07.554+0000] {logging_mixin.py:120} INFO - [2023-03-12T02:20:07.554+0000] {dagbag.py:537} INFO - Filling up the DagBag from /home/airflow/.local/lib/python3.7/site-packages/airflow/example_dags/example_short_circuit_decorator.py
[2023-03-12T02:20:07.572+0000] {processor.py:766} INFO - DAG(s) dict_keys(['example_short_circuit_decorator']) retrieved from /home/airflow/.local/lib/python3.7/site-packages/airflow/example_dags/example_short_circuit_decorator.py
[2023-03-12T02:20:07.603+0000] {logging_mixin.py:120} INFO - [2023-03-12T02:20:07.602+0000] {dag.py:2585} INFO - Sync 1 DAGs
[2023-03-12T02:20:07.626+0000] {logging_mixin.py:120} INFO - [2023-03-12T02:20:07.626+0000] {dag.py:3340} INFO - Setting next_dagrun for example_short_circuit_decorator to 2023-03-11T02:20:07.626126+00:00, run_after=2023-03-12T02:20:07.626126+00:00
[2023-03-12T02:20:07.643+0000] {processor.py:176} INFO - Processing /home/airflow/.local/lib/python3.7/site-packages/airflow/example_dags/example_short_circuit_decorator.py took 0.095 seconds
[2023-03-12T03:43:53.340+0000] {processor.py:154} INFO - Started process (PID=36581) to work on /home/airflow/.local/lib/python3.7/site-packages/airflow/example_dags/example_short_circuit_decorator.py
[2023-03-12T03:43:53.341+0000] {processor.py:756} INFO - Processing file /home/airflow/.local/lib/python3.7/site-packages/airflow/example_dags/example_short_circuit_decorator.py for tasks to queue
[2023-03-12T03:43:53.341+0000] {logging_mixin.py:120} INFO - [2023-03-12T03:43:53.341+0000] {dagbag.py:537} INFO - Filling up the DagBag from /home/airflow/.local/lib/python3.7/site-packages/airflow/example_dags/example_short_circuit_decorator.py
[2023-03-12T03:43:53.361+0000] {processor.py:766} INFO - DAG(s) dict_keys(['example_short_circuit_decorator']) retrieved from /home/airflow/.local/lib/python3.7/site-packages/airflow/example_dags/example_short_circuit_decorator.py
[2023-03-12T03:43:53.399+0000] {logging_mixin.py:120} INFO - [2023-03-12T03:43:53.399+0000] {dag.py:2585} INFO - Sync 1 DAGs
[2023-03-12T03:43:53.419+0000] {logging_mixin.py:120} INFO - [2023-03-12T03:43:53.419+0000] {dag.py:3340} INFO - Setting next_dagrun for example_short_circuit_decorator to 2023-03-11T03:43:53.419459+00:00, run_after=2023-03-12T03:43:53.419459+00:00
[2023-03-12T03:43:53.430+0000] {processor.py:176} INFO - Processing /home/airflow/.local/lib/python3.7/site-packages/airflow/example_dags/example_short_circuit_decorator.py took 0.104 seconds
[2023-03-12T04:47:38.311+0000] {processor.py:154} INFO - Started process (PID=36644) to work on /home/airflow/.local/lib/python3.7/site-packages/airflow/example_dags/example_short_circuit_decorator.py
[2023-03-12T04:47:38.312+0000] {processor.py:756} INFO - Processing file /home/airflow/.local/lib/python3.7/site-packages/airflow/example_dags/example_short_circuit_decorator.py for tasks to queue
[2023-03-12T04:47:38.313+0000] {logging_mixin.py:120} INFO - [2023-03-12T04:47:38.313+0000] {dagbag.py:537} INFO - Filling up the DagBag from /home/airflow/.local/lib/python3.7/site-packages/airflow/example_dags/example_short_circuit_decorator.py
[2023-03-12T04:47:38.340+0000] {processor.py:766} INFO - DAG(s) dict_keys(['example_short_circuit_decorator']) retrieved from /home/airflow/.local/lib/python3.7/site-packages/airflow/example_dags/example_short_circuit_decorator.py
[2023-03-12T04:47:38.400+0000] {logging_mixin.py:120} INFO - [2023-03-12T04:47:38.400+0000] {dag.py:2585} INFO - Sync 1 DAGs
[2023-03-12T04:47:38.420+0000] {logging_mixin.py:120} INFO - [2023-03-12T04:47:38.420+0000] {dag.py:3340} INFO - Setting next_dagrun for example_short_circuit_decorator to 2023-03-11T04:47:38.420388+00:00, run_after=2023-03-12T04:47:38.420388+00:00
[2023-03-12T04:47:38.437+0000] {processor.py:176} INFO - Processing /home/airflow/.local/lib/python3.7/site-packages/airflow/example_dags/example_short_circuit_decorator.py took 0.129 seconds
[2023-03-12T05:46:52.388+0000] {processor.py:154} INFO - Started process (PID=36707) to work on /home/airflow/.local/lib/python3.7/site-packages/airflow/example_dags/example_short_circuit_decorator.py
[2023-03-12T05:46:52.389+0000] {processor.py:756} INFO - Processing file /home/airflow/.local/lib/python3.7/site-packages/airflow/example_dags/example_short_circuit_decorator.py for tasks to queue
[2023-03-12T05:46:52.390+0000] {logging_mixin.py:120} INFO - [2023-03-12T05:46:52.390+0000] {dagbag.py:537} INFO - Filling up the DagBag from /home/airflow/.local/lib/python3.7/site-packages/airflow/example_dags/example_short_circuit_decorator.py
[2023-03-12T05:46:52.407+0000] {processor.py:766} INFO - DAG(s) dict_keys(['example_short_circuit_decorator']) retrieved from /home/airflow/.local/lib/python3.7/site-packages/airflow/example_dags/example_short_circuit_decorator.py
[2023-03-12T05:46:52.443+0000] {logging_mixin.py:120} INFO - [2023-03-12T05:46:52.443+0000] {dag.py:2585} INFO - Sync 1 DAGs
[2023-03-12T05:46:52.457+0000] {logging_mixin.py:120} INFO - [2023-03-12T05:46:52.457+0000] {dag.py:3340} INFO - Setting next_dagrun for example_short_circuit_decorator to 2023-03-11T05:46:52.457550+00:00, run_after=2023-03-12T05:46:52.457550+00:00
[2023-03-12T05:46:52.474+0000] {processor.py:176} INFO - Processing /home/airflow/.local/lib/python3.7/site-packages/airflow/example_dags/example_short_circuit_decorator.py took 0.090 seconds
[2023-03-12T06:51:40.543+0000] {processor.py:154} INFO - Started process (PID=36761) to work on /home/airflow/.local/lib/python3.7/site-packages/airflow/example_dags/example_short_circuit_decorator.py
[2023-03-12T06:51:40.546+0000] {processor.py:756} INFO - Processing file /home/airflow/.local/lib/python3.7/site-packages/airflow/example_dags/example_short_circuit_decorator.py for tasks to queue
[2023-03-12T06:51:40.547+0000] {logging_mixin.py:120} INFO - [2023-03-12T06:51:40.547+0000] {dagbag.py:537} INFO - Filling up the DagBag from /home/airflow/.local/lib/python3.7/site-packages/airflow/example_dags/example_short_circuit_decorator.py
[2023-03-12T06:51:40.573+0000] {processor.py:766} INFO - DAG(s) dict_keys(['example_short_circuit_decorator']) retrieved from /home/airflow/.local/lib/python3.7/site-packages/airflow/example_dags/example_short_circuit_decorator.py
[2023-03-12T06:51:40.614+0000] {logging_mixin.py:120} INFO - [2023-03-12T06:51:40.614+0000] {dag.py:2585} INFO - Sync 1 DAGs
[2023-03-12T06:51:40.637+0000] {logging_mixin.py:120} INFO - [2023-03-12T06:51:40.637+0000] {dag.py:3340} INFO - Setting next_dagrun for example_short_circuit_decorator to 2023-03-11T06:51:40.637673+00:00, run_after=2023-03-12T06:51:40.637673+00:00
[2023-03-12T06:51:40.652+0000] {processor.py:176} INFO - Processing /home/airflow/.local/lib/python3.7/site-packages/airflow/example_dags/example_short_circuit_decorator.py took 0.111 seconds
[2023-03-12T07:59:57.860+0000] {processor.py:154} INFO - Started process (PID=36825) to work on /home/airflow/.local/lib/python3.7/site-packages/airflow/example_dags/example_short_circuit_decorator.py
[2023-03-12T07:59:57.864+0000] {processor.py:756} INFO - Processing file /home/airflow/.local/lib/python3.7/site-packages/airflow/example_dags/example_short_circuit_decorator.py for tasks to queue
[2023-03-12T07:59:57.864+0000] {logging_mixin.py:120} INFO - [2023-03-12T07:59:57.864+0000] {dagbag.py:537} INFO - Filling up the DagBag from /home/airflow/.local/lib/python3.7/site-packages/airflow/example_dags/example_short_circuit_decorator.py
[2023-03-12T07:59:57.892+0000] {processor.py:766} INFO - DAG(s) dict_keys(['example_short_circuit_decorator']) retrieved from /home/airflow/.local/lib/python3.7/site-packages/airflow/example_dags/example_short_circuit_decorator.py
[2023-03-12T07:59:57.940+0000] {logging_mixin.py:120} INFO - [2023-03-12T07:59:57.940+0000] {dag.py:2585} INFO - Sync 1 DAGs
[2023-03-12T07:59:57.957+0000] {logging_mixin.py:120} INFO - [2023-03-12T07:59:57.957+0000] {dag.py:3340} INFO - Setting next_dagrun for example_short_circuit_decorator to 2023-03-11T07:59:57.957419+00:00, run_after=2023-03-12T07:59:57.957419+00:00
[2023-03-12T07:59:57.969+0000] {processor.py:176} INFO - Processing /home/airflow/.local/lib/python3.7/site-packages/airflow/example_dags/example_short_circuit_decorator.py took 0.112 seconds
[2023-03-12T09:20:38.075+0000] {processor.py:154} INFO - Started process (PID=36888) to work on /home/airflow/.local/lib/python3.7/site-packages/airflow/example_dags/example_short_circuit_decorator.py
[2023-03-12T09:20:38.076+0000] {processor.py:756} INFO - Processing file /home/airflow/.local/lib/python3.7/site-packages/airflow/example_dags/example_short_circuit_decorator.py for tasks to queue
[2023-03-12T09:20:38.077+0000] {logging_mixin.py:120} INFO - [2023-03-12T09:20:38.077+0000] {dagbag.py:537} INFO - Filling up the DagBag from /home/airflow/.local/lib/python3.7/site-packages/airflow/example_dags/example_short_circuit_decorator.py
[2023-03-12T09:20:38.096+0000] {processor.py:766} INFO - DAG(s) dict_keys(['example_short_circuit_decorator']) retrieved from /home/airflow/.local/lib/python3.7/site-packages/airflow/example_dags/example_short_circuit_decorator.py
[2023-03-12T09:20:38.129+0000] {logging_mixin.py:120} INFO - [2023-03-12T09:20:38.129+0000] {dag.py:2585} INFO - Sync 1 DAGs
[2023-03-12T09:20:38.146+0000] {logging_mixin.py:120} INFO - [2023-03-12T09:20:38.146+0000] {dag.py:3340} INFO - Setting next_dagrun for example_short_circuit_decorator to 2023-03-11T09:20:38.146631+00:00, run_after=2023-03-12T09:20:38.146631+00:00
[2023-03-12T09:20:38.159+0000] {processor.py:176} INFO - Processing /home/airflow/.local/lib/python3.7/site-packages/airflow/example_dags/example_short_circuit_decorator.py took 0.088 seconds
[2023-03-12T10:26:32.164+0000] {processor.py:154} INFO - Started process (PID=36951) to work on /home/airflow/.local/lib/python3.7/site-packages/airflow/example_dags/example_short_circuit_decorator.py
[2023-03-12T10:26:32.168+0000] {processor.py:756} INFO - Processing file /home/airflow/.local/lib/python3.7/site-packages/airflow/example_dags/example_short_circuit_decorator.py for tasks to queue
[2023-03-12T10:26:32.169+0000] {logging_mixin.py:120} INFO - [2023-03-12T10:26:32.169+0000] {dagbag.py:537} INFO - Filling up the DagBag from /home/airflow/.local/lib/python3.7/site-packages/airflow/example_dags/example_short_circuit_decorator.py
[2023-03-12T10:26:32.192+0000] {processor.py:766} INFO - DAG(s) dict_keys(['example_short_circuit_decorator']) retrieved from /home/airflow/.local/lib/python3.7/site-packages/airflow/example_dags/example_short_circuit_decorator.py
[2023-03-12T10:26:32.246+0000] {logging_mixin.py:120} INFO - [2023-03-12T10:26:32.246+0000] {dag.py:2585} INFO - Sync 1 DAGs
[2023-03-12T10:26:32.266+0000] {logging_mixin.py:120} INFO - [2023-03-12T10:26:32.266+0000] {dag.py:3340} INFO - Setting next_dagrun for example_short_circuit_decorator to 2023-03-11T10:26:32.266257+00:00, run_after=2023-03-12T10:26:32.266257+00:00
[2023-03-12T10:26:32.285+0000] {processor.py:176} INFO - Processing /home/airflow/.local/lib/python3.7/site-packages/airflow/example_dags/example_short_circuit_decorator.py took 0.125 seconds
[2023-03-12T11:32:27.198+0000] {processor.py:154} INFO - Started process (PID=37014) to work on /home/airflow/.local/lib/python3.7/site-packages/airflow/example_dags/example_short_circuit_decorator.py
[2023-03-12T11:32:27.199+0000] {processor.py:756} INFO - Processing file /home/airflow/.local/lib/python3.7/site-packages/airflow/example_dags/example_short_circuit_decorator.py for tasks to queue
[2023-03-12T11:32:27.200+0000] {logging_mixin.py:120} INFO - [2023-03-12T11:32:27.200+0000] {dagbag.py:537} INFO - Filling up the DagBag from /home/airflow/.local/lib/python3.7/site-packages/airflow/example_dags/example_short_circuit_decorator.py
[2023-03-12T11:32:27.231+0000] {processor.py:766} INFO - DAG(s) dict_keys(['example_short_circuit_decorator']) retrieved from /home/airflow/.local/lib/python3.7/site-packages/airflow/example_dags/example_short_circuit_decorator.py
[2023-03-12T11:32:27.293+0000] {logging_mixin.py:120} INFO - [2023-03-12T11:32:27.293+0000] {dag.py:2585} INFO - Sync 1 DAGs
[2023-03-12T11:32:27.320+0000] {logging_mixin.py:120} INFO - [2023-03-12T11:32:27.320+0000] {dag.py:3340} INFO - Setting next_dagrun for example_short_circuit_decorator to 2023-03-11T11:32:27.320293+00:00, run_after=2023-03-12T11:32:27.320293+00:00
[2023-03-12T11:32:27.342+0000] {processor.py:176} INFO - Processing /home/airflow/.local/lib/python3.7/site-packages/airflow/example_dags/example_short_circuit_decorator.py took 0.146 seconds
[2023-03-12T12:40:40.248+0000] {processor.py:154} INFO - Started process (PID=37068) to work on /home/airflow/.local/lib/python3.7/site-packages/airflow/example_dags/example_short_circuit_decorator.py
[2023-03-12T12:40:40.251+0000] {processor.py:756} INFO - Processing file /home/airflow/.local/lib/python3.7/site-packages/airflow/example_dags/example_short_circuit_decorator.py for tasks to queue
[2023-03-12T12:40:40.253+0000] {logging_mixin.py:120} INFO - [2023-03-12T12:40:40.253+0000] {dagbag.py:537} INFO - Filling up the DagBag from /home/airflow/.local/lib/python3.7/site-packages/airflow/example_dags/example_short_circuit_decorator.py
[2023-03-12T12:40:40.275+0000] {processor.py:766} INFO - DAG(s) dict_keys(['example_short_circuit_decorator']) retrieved from /home/airflow/.local/lib/python3.7/site-packages/airflow/example_dags/example_short_circuit_decorator.py
[2023-03-12T12:40:40.318+0000] {logging_mixin.py:120} INFO - [2023-03-12T12:40:40.318+0000] {dag.py:2585} INFO - Sync 1 DAGs
[2023-03-12T12:40:40.339+0000] {logging_mixin.py:120} INFO - [2023-03-12T12:40:40.339+0000] {dag.py:3340} INFO - Setting next_dagrun for example_short_circuit_decorator to 2023-03-11T12:40:40.338846+00:00, run_after=2023-03-12T12:40:40.338846+00:00
[2023-03-12T12:40:40.354+0000] {processor.py:176} INFO - Processing /home/airflow/.local/lib/python3.7/site-packages/airflow/example_dags/example_short_circuit_decorator.py took 0.108 seconds
[2023-03-12T13:59:48.590+0000] {processor.py:154} INFO - Started process (PID=37131) to work on /home/airflow/.local/lib/python3.7/site-packages/airflow/example_dags/example_short_circuit_decorator.py
[2023-03-12T13:59:48.591+0000] {processor.py:756} INFO - Processing file /home/airflow/.local/lib/python3.7/site-packages/airflow/example_dags/example_short_circuit_decorator.py for tasks to queue
[2023-03-12T13:59:48.592+0000] {logging_mixin.py:120} INFO - [2023-03-12T13:59:48.592+0000] {dagbag.py:537} INFO - Filling up the DagBag from /home/airflow/.local/lib/python3.7/site-packages/airflow/example_dags/example_short_circuit_decorator.py
[2023-03-12T13:59:48.620+0000] {processor.py:766} INFO - DAG(s) dict_keys(['example_short_circuit_decorator']) retrieved from /home/airflow/.local/lib/python3.7/site-packages/airflow/example_dags/example_short_circuit_decorator.py
[2023-03-12T13:59:48.672+0000] {logging_mixin.py:120} INFO - [2023-03-12T13:59:48.672+0000] {dag.py:2585} INFO - Sync 1 DAGs
[2023-03-12T13:59:48.694+0000] {logging_mixin.py:120} INFO - [2023-03-12T13:59:48.694+0000] {dag.py:3340} INFO - Setting next_dagrun for example_short_circuit_decorator to 2023-03-11T13:59:48.694252+00:00, run_after=2023-03-12T13:59:48.694252+00:00
[2023-03-12T13:59:48.712+0000] {processor.py:176} INFO - Processing /home/airflow/.local/lib/python3.7/site-packages/airflow/example_dags/example_short_circuit_decorator.py took 0.124 seconds
[2023-03-12T15:06:06.279+0000] {processor.py:154} INFO - Started process (PID=37194) to work on /home/airflow/.local/lib/python3.7/site-packages/airflow/example_dags/example_short_circuit_decorator.py
[2023-03-12T15:06:06.280+0000] {processor.py:756} INFO - Processing file /home/airflow/.local/lib/python3.7/site-packages/airflow/example_dags/example_short_circuit_decorator.py for tasks to queue
[2023-03-12T15:06:06.281+0000] {logging_mixin.py:120} INFO - [2023-03-12T15:06:06.281+0000] {dagbag.py:537} INFO - Filling up the DagBag from /home/airflow/.local/lib/python3.7/site-packages/airflow/example_dags/example_short_circuit_decorator.py
[2023-03-12T15:06:06.307+0000] {processor.py:766} INFO - DAG(s) dict_keys(['example_short_circuit_decorator']) retrieved from /home/airflow/.local/lib/python3.7/site-packages/airflow/example_dags/example_short_circuit_decorator.py
[2023-03-12T15:06:06.347+0000] {logging_mixin.py:120} INFO - [2023-03-12T15:06:06.347+0000] {dag.py:2585} INFO - Sync 1 DAGs
[2023-03-12T15:06:06.364+0000] {logging_mixin.py:120} INFO - [2023-03-12T15:06:06.364+0000] {dag.py:3340} INFO - Setting next_dagrun for example_short_circuit_decorator to 2023-03-11T15:06:06.364216+00:00, run_after=2023-03-12T15:06:06.364216+00:00
[2023-03-12T15:06:06.377+0000] {processor.py:176} INFO - Processing /home/airflow/.local/lib/python3.7/site-packages/airflow/example_dags/example_short_circuit_decorator.py took 0.142 seconds
[2023-03-12T16:10:45.377+0000] {processor.py:154} INFO - Started process (PID=37258) to work on /home/airflow/.local/lib/python3.7/site-packages/airflow/example_dags/example_short_circuit_decorator.py
[2023-03-12T16:10:45.378+0000] {processor.py:756} INFO - Processing file /home/airflow/.local/lib/python3.7/site-packages/airflow/example_dags/example_short_circuit_decorator.py for tasks to queue
[2023-03-12T16:10:45.382+0000] {logging_mixin.py:120} INFO - [2023-03-12T16:10:45.381+0000] {dagbag.py:537} INFO - Filling up the DagBag from /home/airflow/.local/lib/python3.7/site-packages/airflow/example_dags/example_short_circuit_decorator.py
[2023-03-12T16:10:45.407+0000] {processor.py:766} INFO - DAG(s) dict_keys(['example_short_circuit_decorator']) retrieved from /home/airflow/.local/lib/python3.7/site-packages/airflow/example_dags/example_short_circuit_decorator.py
[2023-03-12T16:10:45.458+0000] {logging_mixin.py:120} INFO - [2023-03-12T16:10:45.458+0000] {dag.py:2585} INFO - Sync 1 DAGs
[2023-03-12T16:10:45.484+0000] {logging_mixin.py:120} INFO - [2023-03-12T16:10:45.484+0000] {dag.py:3340} INFO - Setting next_dagrun for example_short_circuit_decorator to 2023-03-11T16:10:45.483686+00:00, run_after=2023-03-12T16:10:45.483686+00:00
[2023-03-12T16:10:45.507+0000] {processor.py:176} INFO - Processing /home/airflow/.local/lib/python3.7/site-packages/airflow/example_dags/example_short_circuit_decorator.py took 0.134 seconds
[2023-03-12T17:18:12.515+0000] {processor.py:154} INFO - Started process (PID=37312) to work on /home/airflow/.local/lib/python3.7/site-packages/airflow/example_dags/example_short_circuit_decorator.py
[2023-03-12T17:18:12.517+0000] {processor.py:756} INFO - Processing file /home/airflow/.local/lib/python3.7/site-packages/airflow/example_dags/example_short_circuit_decorator.py for tasks to queue
[2023-03-12T17:18:12.518+0000] {logging_mixin.py:120} INFO - [2023-03-12T17:18:12.518+0000] {dagbag.py:537} INFO - Filling up the DagBag from /home/airflow/.local/lib/python3.7/site-packages/airflow/example_dags/example_short_circuit_decorator.py
[2023-03-12T17:18:12.545+0000] {processor.py:766} INFO - DAG(s) dict_keys(['example_short_circuit_decorator']) retrieved from /home/airflow/.local/lib/python3.7/site-packages/airflow/example_dags/example_short_circuit_decorator.py
[2023-03-12T17:18:12.594+0000] {logging_mixin.py:120} INFO - [2023-03-12T17:18:12.594+0000] {dag.py:2585} INFO - Sync 1 DAGs
[2023-03-12T17:18:12.624+0000] {logging_mixin.py:120} INFO - [2023-03-12T17:18:12.623+0000] {dag.py:3340} INFO - Setting next_dagrun for example_short_circuit_decorator to 2023-03-11T17:18:12.623528+00:00, run_after=2023-03-12T17:18:12.623528+00:00
[2023-03-12T17:18:12.663+0000] {processor.py:176} INFO - Processing /home/airflow/.local/lib/python3.7/site-packages/airflow/example_dags/example_short_circuit_decorator.py took 0.150 seconds
[2023-03-12T18:23:04.137+0000] {processor.py:154} INFO - Started process (PID=37375) to work on /home/airflow/.local/lib/python3.7/site-packages/airflow/example_dags/example_short_circuit_decorator.py
[2023-03-12T18:23:04.141+0000] {processor.py:756} INFO - Processing file /home/airflow/.local/lib/python3.7/site-packages/airflow/example_dags/example_short_circuit_decorator.py for tasks to queue
[2023-03-12T18:23:04.143+0000] {logging_mixin.py:120} INFO - [2023-03-12T18:23:04.143+0000] {dagbag.py:537} INFO - Filling up the DagBag from /home/airflow/.local/lib/python3.7/site-packages/airflow/example_dags/example_short_circuit_decorator.py
[2023-03-12T18:23:04.161+0000] {processor.py:766} INFO - DAG(s) dict_keys(['example_short_circuit_decorator']) retrieved from /home/airflow/.local/lib/python3.7/site-packages/airflow/example_dags/example_short_circuit_decorator.py
[2023-03-12T18:23:04.189+0000] {logging_mixin.py:120} INFO - [2023-03-12T18:23:04.189+0000] {dag.py:2585} INFO - Sync 1 DAGs
[2023-03-12T18:23:04.204+0000] {logging_mixin.py:120} INFO - [2023-03-12T18:23:04.204+0000] {dag.py:3340} INFO - Setting next_dagrun for example_short_circuit_decorator to 2023-03-11T18:23:04.204375+00:00, run_after=2023-03-12T18:23:04.204375+00:00
[2023-03-12T18:23:04.215+0000] {processor.py:176} INFO - Processing /home/airflow/.local/lib/python3.7/site-packages/airflow/example_dags/example_short_circuit_decorator.py took 0.080 seconds
[2023-03-12T19:03:57.395+0000] {processor.py:154} INFO - Started process (PID=37438) to work on /home/airflow/.local/lib/python3.7/site-packages/airflow/example_dags/example_short_circuit_decorator.py
[2023-03-12T19:03:57.396+0000] {processor.py:756} INFO - Processing file /home/airflow/.local/lib/python3.7/site-packages/airflow/example_dags/example_short_circuit_decorator.py for tasks to queue
[2023-03-12T19:03:57.397+0000] {logging_mixin.py:120} INFO - [2023-03-12T19:03:57.397+0000] {dagbag.py:537} INFO - Filling up the DagBag from /home/airflow/.local/lib/python3.7/site-packages/airflow/example_dags/example_short_circuit_decorator.py
[2023-03-12T19:03:57.414+0000] {processor.py:766} INFO - DAG(s) dict_keys(['example_short_circuit_decorator']) retrieved from /home/airflow/.local/lib/python3.7/site-packages/airflow/example_dags/example_short_circuit_decorator.py
[2023-03-12T19:03:57.440+0000] {logging_mixin.py:120} INFO - [2023-03-12T19:03:57.440+0000] {dag.py:2585} INFO - Sync 1 DAGs
[2023-03-12T19:03:57.457+0000] {logging_mixin.py:120} INFO - [2023-03-12T19:03:57.456+0000] {dag.py:3340} INFO - Setting next_dagrun for example_short_circuit_decorator to 2023-03-11T19:03:57.456793+00:00, run_after=2023-03-12T19:03:57.456793+00:00
[2023-03-12T19:03:57.473+0000] {processor.py:176} INFO - Processing /home/airflow/.local/lib/python3.7/site-packages/airflow/example_dags/example_short_circuit_decorator.py took 0.081 seconds
[2023-03-12T20:24:26.894+0000] {processor.py:154} INFO - Started process (PID=37500) to work on /home/airflow/.local/lib/python3.7/site-packages/airflow/example_dags/example_short_circuit_decorator.py
[2023-03-12T20:24:26.898+0000] {processor.py:756} INFO - Processing file /home/airflow/.local/lib/python3.7/site-packages/airflow/example_dags/example_short_circuit_decorator.py for tasks to queue
[2023-03-12T20:24:26.899+0000] {logging_mixin.py:120} INFO - [2023-03-12T20:24:26.899+0000] {dagbag.py:537} INFO - Filling up the DagBag from /home/airflow/.local/lib/python3.7/site-packages/airflow/example_dags/example_short_circuit_decorator.py
[2023-03-12T20:24:26.925+0000] {processor.py:766} INFO - DAG(s) dict_keys(['example_short_circuit_decorator']) retrieved from /home/airflow/.local/lib/python3.7/site-packages/airflow/example_dags/example_short_circuit_decorator.py
[2023-03-12T20:24:26.967+0000] {logging_mixin.py:120} INFO - [2023-03-12T20:24:26.967+0000] {dag.py:2585} INFO - Sync 1 DAGs
[2023-03-12T20:24:26.994+0000] {logging_mixin.py:120} INFO - [2023-03-12T20:24:26.994+0000] {dag.py:3340} INFO - Setting next_dagrun for example_short_circuit_decorator to 2023-03-11T20:24:26.993837+00:00, run_after=2023-03-12T20:24:26.993837+00:00
[2023-03-12T20:24:27.009+0000] {processor.py:176} INFO - Processing /home/airflow/.local/lib/python3.7/site-packages/airflow/example_dags/example_short_circuit_decorator.py took 0.122 seconds
[2023-03-12T21:28:18.016+0000] {processor.py:154} INFO - Started process (PID=37563) to work on /home/airflow/.local/lib/python3.7/site-packages/airflow/example_dags/example_short_circuit_decorator.py
[2023-03-12T21:28:18.020+0000] {processor.py:756} INFO - Processing file /home/airflow/.local/lib/python3.7/site-packages/airflow/example_dags/example_short_circuit_decorator.py for tasks to queue
[2023-03-12T21:28:18.021+0000] {logging_mixin.py:120} INFO - [2023-03-12T21:28:18.021+0000] {dagbag.py:537} INFO - Filling up the DagBag from /home/airflow/.local/lib/python3.7/site-packages/airflow/example_dags/example_short_circuit_decorator.py
[2023-03-12T21:28:18.046+0000] {processor.py:766} INFO - DAG(s) dict_keys(['example_short_circuit_decorator']) retrieved from /home/airflow/.local/lib/python3.7/site-packages/airflow/example_dags/example_short_circuit_decorator.py
[2023-03-12T21:28:18.103+0000] {logging_mixin.py:120} INFO - [2023-03-12T21:28:18.102+0000] {dag.py:2585} INFO - Sync 1 DAGs
[2023-03-12T21:28:18.127+0000] {logging_mixin.py:120} INFO - [2023-03-12T21:28:18.127+0000] {dag.py:3340} INFO - Setting next_dagrun for example_short_circuit_decorator to 2023-03-11T21:28:18.127109+00:00, run_after=2023-03-12T21:28:18.127109+00:00
[2023-03-12T21:28:18.146+0000] {processor.py:176} INFO - Processing /home/airflow/.local/lib/python3.7/site-packages/airflow/example_dags/example_short_circuit_decorator.py took 0.133 seconds
[2023-03-12T22:30:18.472+0000] {processor.py:154} INFO - Started process (PID=37618) to work on /home/airflow/.local/lib/python3.7/site-packages/airflow/example_dags/example_short_circuit_decorator.py
[2023-03-12T22:30:18.473+0000] {processor.py:756} INFO - Processing file /home/airflow/.local/lib/python3.7/site-packages/airflow/example_dags/example_short_circuit_decorator.py for tasks to queue
[2023-03-12T22:30:18.474+0000] {logging_mixin.py:120} INFO - [2023-03-12T22:30:18.474+0000] {dagbag.py:537} INFO - Filling up the DagBag from /home/airflow/.local/lib/python3.7/site-packages/airflow/example_dags/example_short_circuit_decorator.py
[2023-03-12T22:30:18.492+0000] {processor.py:766} INFO - DAG(s) dict_keys(['example_short_circuit_decorator']) retrieved from /home/airflow/.local/lib/python3.7/site-packages/airflow/example_dags/example_short_circuit_decorator.py
[2023-03-12T22:30:18.522+0000] {logging_mixin.py:120} INFO - [2023-03-12T22:30:18.521+0000] {dag.py:2585} INFO - Sync 1 DAGs
[2023-03-12T22:30:18.553+0000] {logging_mixin.py:120} INFO - [2023-03-12T22:30:18.553+0000] {dag.py:3340} INFO - Setting next_dagrun for example_short_circuit_decorator to 2023-03-11T22:30:18.552930+00:00, run_after=2023-03-12T22:30:18.552930+00:00
[2023-03-12T22:30:18.574+0000] {processor.py:176} INFO - Processing /home/airflow/.local/lib/python3.7/site-packages/airflow/example_dags/example_short_circuit_decorator.py took 0.105 seconds
[2023-03-12T23:33:22.988+0000] {processor.py:154} INFO - Started process (PID=37681) to work on /home/airflow/.local/lib/python3.7/site-packages/airflow/example_dags/example_short_circuit_decorator.py
[2023-03-12T23:33:22.992+0000] {processor.py:756} INFO - Processing file /home/airflow/.local/lib/python3.7/site-packages/airflow/example_dags/example_short_circuit_decorator.py for tasks to queue
[2023-03-12T23:33:22.993+0000] {logging_mixin.py:120} INFO - [2023-03-12T23:33:22.993+0000] {dagbag.py:537} INFO - Filling up the DagBag from /home/airflow/.local/lib/python3.7/site-packages/airflow/example_dags/example_short_circuit_decorator.py
[2023-03-12T23:33:23.026+0000] {processor.py:766} INFO - DAG(s) dict_keys(['example_short_circuit_decorator']) retrieved from /home/airflow/.local/lib/python3.7/site-packages/airflow/example_dags/example_short_circuit_decorator.py
[2023-03-12T23:33:23.060+0000] {logging_mixin.py:120} INFO - [2023-03-12T23:33:23.060+0000] {dag.py:2585} INFO - Sync 1 DAGs
[2023-03-12T23:33:23.074+0000] {logging_mixin.py:120} INFO - [2023-03-12T23:33:23.074+0000] {dag.py:3340} INFO - Setting next_dagrun for example_short_circuit_decorator to 2023-03-11T23:33:23.074687+00:00, run_after=2023-03-12T23:33:23.074687+00:00
[2023-03-12T23:33:23.086+0000] {processor.py:176} INFO - Processing /home/airflow/.local/lib/python3.7/site-packages/airflow/example_dags/example_short_circuit_decorator.py took 0.103 seconds
