[2023-03-12T00:05:12.166+0000] {processor.py:154} INFO - Started process (PID=36399) to work on /home/airflow/.local/lib/python3.7/site-packages/airflow/example_dags/example_trigger_controller_dag.py
[2023-03-12T00:05:12.168+0000] {processor.py:756} INFO - Processing file /home/airflow/.local/lib/python3.7/site-packages/airflow/example_dags/example_trigger_controller_dag.py for tasks to queue
[2023-03-12T00:05:12.168+0000] {logging_mixin.py:120} INFO - [2023-03-12T00:05:12.168+0000] {dagbag.py:537} INFO - Filling up the DagBag from /home/airflow/.local/lib/python3.7/site-packages/airflow/example_dags/example_trigger_controller_dag.py
[2023-03-12T00:05:12.177+0000] {processor.py:766} INFO - DAG(s) dict_keys(['example_trigger_controller_dag']) retrieved from /home/airflow/.local/lib/python3.7/site-packages/airflow/example_dags/example_trigger_controller_dag.py
[2023-03-12T00:05:12.206+0000] {logging_mixin.py:120} INFO - [2023-03-12T00:05:12.206+0000] {dag.py:2585} INFO - Sync 1 DAGs
[2023-03-12T00:05:12.222+0000] {logging_mixin.py:120} INFO - [2023-03-12T00:05:12.222+0000] {dag.py:3340} INFO - Setting next_dagrun for example_trigger_controller_dag to 2021-01-01T00:00:00+00:00, run_after=2021-01-01T00:00:00+00:00
[2023-03-12T00:05:12.233+0000] {processor.py:176} INFO - Processing /home/airflow/.local/lib/python3.7/site-packages/airflow/example_dags/example_trigger_controller_dag.py took 0.069 seconds
[2023-03-12T01:11:09.288+0000] {processor.py:154} INFO - Started process (PID=36453) to work on /home/airflow/.local/lib/python3.7/site-packages/airflow/example_dags/example_trigger_controller_dag.py
[2023-03-12T01:11:09.289+0000] {processor.py:756} INFO - Processing file /home/airflow/.local/lib/python3.7/site-packages/airflow/example_dags/example_trigger_controller_dag.py for tasks to queue
[2023-03-12T01:11:09.289+0000] {logging_mixin.py:120} INFO - [2023-03-12T01:11:09.289+0000] {dagbag.py:537} INFO - Filling up the DagBag from /home/airflow/.local/lib/python3.7/site-packages/airflow/example_dags/example_trigger_controller_dag.py
[2023-03-12T01:11:09.298+0000] {processor.py:766} INFO - DAG(s) dict_keys(['example_trigger_controller_dag']) retrieved from /home/airflow/.local/lib/python3.7/site-packages/airflow/example_dags/example_trigger_controller_dag.py
[2023-03-12T01:11:09.326+0000] {logging_mixin.py:120} INFO - [2023-03-12T01:11:09.326+0000] {dag.py:2585} INFO - Sync 1 DAGs
[2023-03-12T01:11:09.340+0000] {logging_mixin.py:120} INFO - [2023-03-12T01:11:09.340+0000] {dag.py:3340} INFO - Setting next_dagrun for example_trigger_controller_dag to 2021-01-01T00:00:00+00:00, run_after=2021-01-01T00:00:00+00:00
[2023-03-12T01:11:09.352+0000] {processor.py:176} INFO - Processing /home/airflow/.local/lib/python3.7/site-packages/airflow/example_dags/example_trigger_controller_dag.py took 0.068 seconds
[2023-03-12T02:20:07.459+0000] {processor.py:154} INFO - Started process (PID=36517) to work on /home/airflow/.local/lib/python3.7/site-packages/airflow/example_dags/example_trigger_controller_dag.py
[2023-03-12T02:20:07.460+0000] {processor.py:756} INFO - Processing file /home/airflow/.local/lib/python3.7/site-packages/airflow/example_dags/example_trigger_controller_dag.py for tasks to queue
[2023-03-12T02:20:07.460+0000] {logging_mixin.py:120} INFO - [2023-03-12T02:20:07.460+0000] {dagbag.py:537} INFO - Filling up the DagBag from /home/airflow/.local/lib/python3.7/site-packages/airflow/example_dags/example_trigger_controller_dag.py
[2023-03-12T02:20:07.470+0000] {processor.py:766} INFO - DAG(s) dict_keys(['example_trigger_controller_dag']) retrieved from /home/airflow/.local/lib/python3.7/site-packages/airflow/example_dags/example_trigger_controller_dag.py
[2023-03-12T02:20:07.498+0000] {logging_mixin.py:120} INFO - [2023-03-12T02:20:07.498+0000] {dag.py:2585} INFO - Sync 1 DAGs
[2023-03-12T02:20:07.512+0000] {logging_mixin.py:120} INFO - [2023-03-12T02:20:07.512+0000] {dag.py:3340} INFO - Setting next_dagrun for example_trigger_controller_dag to 2021-01-01T00:00:00+00:00, run_after=2021-01-01T00:00:00+00:00
[2023-03-12T02:20:07.526+0000] {processor.py:176} INFO - Processing /home/airflow/.local/lib/python3.7/site-packages/airflow/example_dags/example_trigger_controller_dag.py took 0.070 seconds
[2023-03-12T03:43:53.219+0000] {processor.py:154} INFO - Started process (PID=36580) to work on /home/airflow/.local/lib/python3.7/site-packages/airflow/example_dags/example_trigger_controller_dag.py
[2023-03-12T03:43:53.220+0000] {processor.py:756} INFO - Processing file /home/airflow/.local/lib/python3.7/site-packages/airflow/example_dags/example_trigger_controller_dag.py for tasks to queue
[2023-03-12T03:43:53.222+0000] {logging_mixin.py:120} INFO - [2023-03-12T03:43:53.222+0000] {dagbag.py:537} INFO - Filling up the DagBag from /home/airflow/.local/lib/python3.7/site-packages/airflow/example_dags/example_trigger_controller_dag.py
[2023-03-12T03:43:53.231+0000] {processor.py:766} INFO - DAG(s) dict_keys(['example_trigger_controller_dag']) retrieved from /home/airflow/.local/lib/python3.7/site-packages/airflow/example_dags/example_trigger_controller_dag.py
[2023-03-12T03:43:53.274+0000] {logging_mixin.py:120} INFO - [2023-03-12T03:43:53.274+0000] {dag.py:2585} INFO - Sync 1 DAGs
[2023-03-12T03:43:53.295+0000] {logging_mixin.py:120} INFO - [2023-03-12T03:43:53.294+0000] {dag.py:3340} INFO - Setting next_dagrun for example_trigger_controller_dag to 2021-01-01T00:00:00+00:00, run_after=2021-01-01T00:00:00+00:00
[2023-03-12T03:43:53.313+0000] {processor.py:176} INFO - Processing /home/airflow/.local/lib/python3.7/site-packages/airflow/example_dags/example_trigger_controller_dag.py took 0.097 seconds
[2023-03-12T04:47:38.198+0000] {processor.py:154} INFO - Started process (PID=36643) to work on /home/airflow/.local/lib/python3.7/site-packages/airflow/example_dags/example_trigger_controller_dag.py
[2023-03-12T04:47:38.200+0000] {processor.py:756} INFO - Processing file /home/airflow/.local/lib/python3.7/site-packages/airflow/example_dags/example_trigger_controller_dag.py for tasks to queue
[2023-03-12T04:47:38.202+0000] {logging_mixin.py:120} INFO - [2023-03-12T04:47:38.202+0000] {dagbag.py:537} INFO - Filling up the DagBag from /home/airflow/.local/lib/python3.7/site-packages/airflow/example_dags/example_trigger_controller_dag.py
[2023-03-12T04:47:38.211+0000] {processor.py:766} INFO - DAG(s) dict_keys(['example_trigger_controller_dag']) retrieved from /home/airflow/.local/lib/python3.7/site-packages/airflow/example_dags/example_trigger_controller_dag.py
[2023-03-12T04:47:38.240+0000] {logging_mixin.py:120} INFO - [2023-03-12T04:47:38.240+0000] {dag.py:2585} INFO - Sync 1 DAGs
[2023-03-12T04:47:38.256+0000] {logging_mixin.py:120} INFO - [2023-03-12T04:47:38.256+0000] {dag.py:3340} INFO - Setting next_dagrun for example_trigger_controller_dag to 2021-01-01T00:00:00+00:00, run_after=2021-01-01T00:00:00+00:00
[2023-03-12T04:47:38.267+0000] {processor.py:176} INFO - Processing /home/airflow/.local/lib/python3.7/site-packages/airflow/example_dags/example_trigger_controller_dag.py took 0.071 seconds
[2023-03-12T05:46:52.256+0000] {processor.py:154} INFO - Started process (PID=36706) to work on /home/airflow/.local/lib/python3.7/site-packages/airflow/example_dags/example_trigger_controller_dag.py
[2023-03-12T05:46:52.257+0000] {processor.py:756} INFO - Processing file /home/airflow/.local/lib/python3.7/site-packages/airflow/example_dags/example_trigger_controller_dag.py for tasks to queue
[2023-03-12T05:46:52.259+0000] {logging_mixin.py:120} INFO - [2023-03-12T05:46:52.259+0000] {dagbag.py:537} INFO - Filling up the DagBag from /home/airflow/.local/lib/python3.7/site-packages/airflow/example_dags/example_trigger_controller_dag.py
[2023-03-12T05:46:52.271+0000] {processor.py:766} INFO - DAG(s) dict_keys(['example_trigger_controller_dag']) retrieved from /home/airflow/.local/lib/python3.7/site-packages/airflow/example_dags/example_trigger_controller_dag.py
[2023-03-12T05:46:52.326+0000] {logging_mixin.py:120} INFO - [2023-03-12T05:46:52.326+0000] {dag.py:2585} INFO - Sync 1 DAGs
[2023-03-12T05:46:52.350+0000] {logging_mixin.py:120} INFO - [2023-03-12T05:46:52.349+0000] {dag.py:3340} INFO - Setting next_dagrun for example_trigger_controller_dag to 2021-01-01T00:00:00+00:00, run_after=2021-01-01T00:00:00+00:00
[2023-03-12T05:46:52.381+0000] {processor.py:176} INFO - Processing /home/airflow/.local/lib/python3.7/site-packages/airflow/example_dags/example_trigger_controller_dag.py took 0.128 seconds
[2023-03-12T06:51:40.462+0000] {processor.py:154} INFO - Started process (PID=36760) to work on /home/airflow/.local/lib/python3.7/site-packages/airflow/example_dags/example_trigger_controller_dag.py
[2023-03-12T06:51:40.463+0000] {processor.py:756} INFO - Processing file /home/airflow/.local/lib/python3.7/site-packages/airflow/example_dags/example_trigger_controller_dag.py for tasks to queue
[2023-03-12T06:51:40.464+0000] {logging_mixin.py:120} INFO - [2023-03-12T06:51:40.464+0000] {dagbag.py:537} INFO - Filling up the DagBag from /home/airflow/.local/lib/python3.7/site-packages/airflow/example_dags/example_trigger_controller_dag.py
[2023-03-12T06:51:40.476+0000] {processor.py:766} INFO - DAG(s) dict_keys(['example_trigger_controller_dag']) retrieved from /home/airflow/.local/lib/python3.7/site-packages/airflow/example_dags/example_trigger_controller_dag.py
[2023-03-12T06:51:40.516+0000] {logging_mixin.py:120} INFO - [2023-03-12T06:51:40.516+0000] {dag.py:2585} INFO - Sync 1 DAGs
[2023-03-12T06:51:40.535+0000] {logging_mixin.py:120} INFO - [2023-03-12T06:51:40.535+0000] {dag.py:3340} INFO - Setting next_dagrun for example_trigger_controller_dag to 2021-01-01T00:00:00+00:00, run_after=2021-01-01T00:00:00+00:00
[2023-03-12T06:51:40.553+0000] {processor.py:176} INFO - Processing /home/airflow/.local/lib/python3.7/site-packages/airflow/example_dags/example_trigger_controller_dag.py took 0.093 seconds
[2023-03-12T07:59:57.805+0000] {processor.py:154} INFO - Started process (PID=36824) to work on /home/airflow/.local/lib/python3.7/site-packages/airflow/example_dags/example_trigger_controller_dag.py
[2023-03-12T07:59:57.806+0000] {processor.py:756} INFO - Processing file /home/airflow/.local/lib/python3.7/site-packages/airflow/example_dags/example_trigger_controller_dag.py for tasks to queue
[2023-03-12T07:59:57.807+0000] {logging_mixin.py:120} INFO - [2023-03-12T07:59:57.807+0000] {dagbag.py:537} INFO - Filling up the DagBag from /home/airflow/.local/lib/python3.7/site-packages/airflow/example_dags/example_trigger_controller_dag.py
[2023-03-12T07:59:57.821+0000] {processor.py:766} INFO - DAG(s) dict_keys(['example_trigger_controller_dag']) retrieved from /home/airflow/.local/lib/python3.7/site-packages/airflow/example_dags/example_trigger_controller_dag.py
[2023-03-12T07:59:57.860+0000] {logging_mixin.py:120} INFO - [2023-03-12T07:59:57.860+0000] {dag.py:2585} INFO - Sync 1 DAGs
[2023-03-12T07:59:57.877+0000] {logging_mixin.py:120} INFO - [2023-03-12T07:59:57.877+0000] {dag.py:3340} INFO - Setting next_dagrun for example_trigger_controller_dag to 2021-01-01T00:00:00+00:00, run_after=2021-01-01T00:00:00+00:00
[2023-03-12T07:59:57.897+0000] {processor.py:176} INFO - Processing /home/airflow/.local/lib/python3.7/site-packages/airflow/example_dags/example_trigger_controller_dag.py took 0.096 seconds
[2023-03-12T09:20:37.940+0000] {processor.py:154} INFO - Started process (PID=36887) to work on /home/airflow/.local/lib/python3.7/site-packages/airflow/example_dags/example_trigger_controller_dag.py
[2023-03-12T09:20:37.942+0000] {processor.py:756} INFO - Processing file /home/airflow/.local/lib/python3.7/site-packages/airflow/example_dags/example_trigger_controller_dag.py for tasks to queue
[2023-03-12T09:20:37.943+0000] {logging_mixin.py:120} INFO - [2023-03-12T09:20:37.943+0000] {dagbag.py:537} INFO - Filling up the DagBag from /home/airflow/.local/lib/python3.7/site-packages/airflow/example_dags/example_trigger_controller_dag.py
[2023-03-12T09:20:37.962+0000] {processor.py:766} INFO - DAG(s) dict_keys(['example_trigger_controller_dag']) retrieved from /home/airflow/.local/lib/python3.7/site-packages/airflow/example_dags/example_trigger_controller_dag.py
[2023-03-12T09:20:38.015+0000] {logging_mixin.py:120} INFO - [2023-03-12T09:20:38.014+0000] {dag.py:2585} INFO - Sync 1 DAGs
[2023-03-12T09:20:38.035+0000] {logging_mixin.py:120} INFO - [2023-03-12T09:20:38.034+0000] {dag.py:3340} INFO - Setting next_dagrun for example_trigger_controller_dag to 2021-01-01T00:00:00+00:00, run_after=2021-01-01T00:00:00+00:00
[2023-03-12T09:20:38.049+0000] {processor.py:176} INFO - Processing /home/airflow/.local/lib/python3.7/site-packages/airflow/example_dags/example_trigger_controller_dag.py took 0.113 seconds
[2023-03-12T10:26:32.043+0000] {processor.py:154} INFO - Started process (PID=36950) to work on /home/airflow/.local/lib/python3.7/site-packages/airflow/example_dags/example_trigger_controller_dag.py
[2023-03-12T10:26:32.047+0000] {processor.py:756} INFO - Processing file /home/airflow/.local/lib/python3.7/site-packages/airflow/example_dags/example_trigger_controller_dag.py for tasks to queue
[2023-03-12T10:26:32.048+0000] {logging_mixin.py:120} INFO - [2023-03-12T10:26:32.047+0000] {dagbag.py:537} INFO - Filling up the DagBag from /home/airflow/.local/lib/python3.7/site-packages/airflow/example_dags/example_trigger_controller_dag.py
[2023-03-12T10:26:32.056+0000] {processor.py:766} INFO - DAG(s) dict_keys(['example_trigger_controller_dag']) retrieved from /home/airflow/.local/lib/python3.7/site-packages/airflow/example_dags/example_trigger_controller_dag.py
[2023-03-12T10:26:32.111+0000] {logging_mixin.py:120} INFO - [2023-03-12T10:26:32.110+0000] {dag.py:2585} INFO - Sync 1 DAGs
[2023-03-12T10:26:32.136+0000] {logging_mixin.py:120} INFO - [2023-03-12T10:26:32.136+0000] {dag.py:3340} INFO - Setting next_dagrun for example_trigger_controller_dag to 2021-01-01T00:00:00+00:00, run_after=2021-01-01T00:00:00+00:00
[2023-03-12T10:26:32.152+0000] {processor.py:176} INFO - Processing /home/airflow/.local/lib/python3.7/site-packages/airflow/example_dags/example_trigger_controller_dag.py took 0.113 seconds
[2023-03-12T11:32:27.171+0000] {processor.py:154} INFO - Started process (PID=37013) to work on /home/airflow/.local/lib/python3.7/site-packages/airflow/example_dags/example_trigger_controller_dag.py
[2023-03-12T11:32:27.173+0000] {processor.py:756} INFO - Processing file /home/airflow/.local/lib/python3.7/site-packages/airflow/example_dags/example_trigger_controller_dag.py for tasks to queue
[2023-03-12T11:32:27.176+0000] {logging_mixin.py:120} INFO - [2023-03-12T11:32:27.176+0000] {dagbag.py:537} INFO - Filling up the DagBag from /home/airflow/.local/lib/python3.7/site-packages/airflow/example_dags/example_trigger_controller_dag.py
[2023-03-12T11:32:27.189+0000] {processor.py:766} INFO - DAG(s) dict_keys(['example_trigger_controller_dag']) retrieved from /home/airflow/.local/lib/python3.7/site-packages/airflow/example_dags/example_trigger_controller_dag.py
[2023-03-12T11:32:27.257+0000] {logging_mixin.py:120} INFO - [2023-03-12T11:32:27.257+0000] {dag.py:2585} INFO - Sync 1 DAGs
[2023-03-12T11:32:27.290+0000] {logging_mixin.py:120} INFO - [2023-03-12T11:32:27.290+0000] {dag.py:3340} INFO - Setting next_dagrun for example_trigger_controller_dag to 2021-01-01T00:00:00+00:00, run_after=2021-01-01T00:00:00+00:00
[2023-03-12T11:32:27.311+0000] {processor.py:176} INFO - Processing /home/airflow/.local/lib/python3.7/site-packages/airflow/example_dags/example_trigger_controller_dag.py took 0.143 seconds
[2023-03-12T12:40:40.249+0000] {processor.py:154} INFO - Started process (PID=37067) to work on /home/airflow/.local/lib/python3.7/site-packages/airflow/example_dags/example_trigger_controller_dag.py
[2023-03-12T12:40:40.250+0000] {processor.py:756} INFO - Processing file /home/airflow/.local/lib/python3.7/site-packages/airflow/example_dags/example_trigger_controller_dag.py for tasks to queue
[2023-03-12T12:40:40.251+0000] {logging_mixin.py:120} INFO - [2023-03-12T12:40:40.251+0000] {dagbag.py:537} INFO - Filling up the DagBag from /home/airflow/.local/lib/python3.7/site-packages/airflow/example_dags/example_trigger_controller_dag.py
[2023-03-12T12:40:40.260+0000] {processor.py:766} INFO - DAG(s) dict_keys(['example_trigger_controller_dag']) retrieved from /home/airflow/.local/lib/python3.7/site-packages/airflow/example_dags/example_trigger_controller_dag.py
[2023-03-12T12:40:40.300+0000] {logging_mixin.py:120} INFO - [2023-03-12T12:40:40.299+0000] {dag.py:2585} INFO - Sync 1 DAGs
[2023-03-12T12:40:40.317+0000] {logging_mixin.py:120} INFO - [2023-03-12T12:40:40.317+0000] {dag.py:3340} INFO - Setting next_dagrun for example_trigger_controller_dag to 2021-01-01T00:00:00+00:00, run_after=2021-01-01T00:00:00+00:00
[2023-03-12T12:40:40.330+0000] {processor.py:176} INFO - Processing /home/airflow/.local/lib/python3.7/site-packages/airflow/example_dags/example_trigger_controller_dag.py took 0.084 seconds
[2023-03-12T13:59:48.455+0000] {processor.py:154} INFO - Started process (PID=37130) to work on /home/airflow/.local/lib/python3.7/site-packages/airflow/example_dags/example_trigger_controller_dag.py
[2023-03-12T13:59:48.457+0000] {processor.py:756} INFO - Processing file /home/airflow/.local/lib/python3.7/site-packages/airflow/example_dags/example_trigger_controller_dag.py for tasks to queue
[2023-03-12T13:59:48.458+0000] {logging_mixin.py:120} INFO - [2023-03-12T13:59:48.458+0000] {dagbag.py:537} INFO - Filling up the DagBag from /home/airflow/.local/lib/python3.7/site-packages/airflow/example_dags/example_trigger_controller_dag.py
[2023-03-12T13:59:48.477+0000] {processor.py:766} INFO - DAG(s) dict_keys(['example_trigger_controller_dag']) retrieved from /home/airflow/.local/lib/python3.7/site-packages/airflow/example_dags/example_trigger_controller_dag.py
[2023-03-12T13:59:48.520+0000] {logging_mixin.py:120} INFO - [2023-03-12T13:59:48.520+0000] {dag.py:2585} INFO - Sync 1 DAGs
[2023-03-12T13:59:48.536+0000] {logging_mixin.py:120} INFO - [2023-03-12T13:59:48.536+0000] {dag.py:3340} INFO - Setting next_dagrun for example_trigger_controller_dag to 2021-01-01T00:00:00+00:00, run_after=2021-01-01T00:00:00+00:00
[2023-03-12T13:59:48.554+0000] {processor.py:176} INFO - Processing /home/airflow/.local/lib/python3.7/site-packages/airflow/example_dags/example_trigger_controller_dag.py took 0.105 seconds
[2023-03-12T15:06:06.202+0000] {processor.py:154} INFO - Started process (PID=37193) to work on /home/airflow/.local/lib/python3.7/site-packages/airflow/example_dags/example_trigger_controller_dag.py
[2023-03-12T15:06:06.206+0000] {processor.py:756} INFO - Processing file /home/airflow/.local/lib/python3.7/site-packages/airflow/example_dags/example_trigger_controller_dag.py for tasks to queue
[2023-03-12T15:06:06.208+0000] {logging_mixin.py:120} INFO - [2023-03-12T15:06:06.207+0000] {dagbag.py:537} INFO - Filling up the DagBag from /home/airflow/.local/lib/python3.7/site-packages/airflow/example_dags/example_trigger_controller_dag.py
[2023-03-12T15:06:06.255+0000] {processor.py:766} INFO - DAG(s) dict_keys(['example_trigger_controller_dag']) retrieved from /home/airflow/.local/lib/python3.7/site-packages/airflow/example_dags/example_trigger_controller_dag.py
[2023-03-12T15:06:06.316+0000] {logging_mixin.py:120} INFO - [2023-03-12T15:06:06.316+0000] {dag.py:2585} INFO - Sync 1 DAGs
[2023-03-12T15:06:06.338+0000] {logging_mixin.py:120} INFO - [2023-03-12T15:06:06.338+0000] {dag.py:3340} INFO - Setting next_dagrun for example_trigger_controller_dag to 2021-01-01T00:00:00+00:00, run_after=2021-01-01T00:00:00+00:00
[2023-03-12T15:06:06.354+0000] {processor.py:176} INFO - Processing /home/airflow/.local/lib/python3.7/site-packages/airflow/example_dags/example_trigger_controller_dag.py took 0.155 seconds
[2023-03-12T16:10:45.321+0000] {processor.py:154} INFO - Started process (PID=37257) to work on /home/airflow/.local/lib/python3.7/site-packages/airflow/example_dags/example_trigger_controller_dag.py
[2023-03-12T16:10:45.322+0000] {processor.py:756} INFO - Processing file /home/airflow/.local/lib/python3.7/site-packages/airflow/example_dags/example_trigger_controller_dag.py for tasks to queue
[2023-03-12T16:10:45.322+0000] {logging_mixin.py:120} INFO - [2023-03-12T16:10:45.322+0000] {dagbag.py:537} INFO - Filling up the DagBag from /home/airflow/.local/lib/python3.7/site-packages/airflow/example_dags/example_trigger_controller_dag.py
[2023-03-12T16:10:45.339+0000] {processor.py:766} INFO - DAG(s) dict_keys(['example_trigger_controller_dag']) retrieved from /home/airflow/.local/lib/python3.7/site-packages/airflow/example_dags/example_trigger_controller_dag.py
[2023-03-12T16:10:45.380+0000] {logging_mixin.py:120} INFO - [2023-03-12T16:10:45.379+0000] {dag.py:2585} INFO - Sync 1 DAGs
[2023-03-12T16:10:45.399+0000] {logging_mixin.py:120} INFO - [2023-03-12T16:10:45.399+0000] {dag.py:3340} INFO - Setting next_dagrun for example_trigger_controller_dag to 2021-01-01T00:00:00+00:00, run_after=2021-01-01T00:00:00+00:00
[2023-03-12T16:10:45.418+0000] {processor.py:176} INFO - Processing /home/airflow/.local/lib/python3.7/site-packages/airflow/example_dags/example_trigger_controller_dag.py took 0.102 seconds
[2023-03-12T17:18:12.458+0000] {processor.py:154} INFO - Started process (PID=37311) to work on /home/airflow/.local/lib/python3.7/site-packages/airflow/example_dags/example_trigger_controller_dag.py
[2023-03-12T17:18:12.459+0000] {processor.py:756} INFO - Processing file /home/airflow/.local/lib/python3.7/site-packages/airflow/example_dags/example_trigger_controller_dag.py for tasks to queue
[2023-03-12T17:18:12.459+0000] {logging_mixin.py:120} INFO - [2023-03-12T17:18:12.459+0000] {dagbag.py:537} INFO - Filling up the DagBag from /home/airflow/.local/lib/python3.7/site-packages/airflow/example_dags/example_trigger_controller_dag.py
[2023-03-12T17:18:12.482+0000] {processor.py:766} INFO - DAG(s) dict_keys(['example_trigger_controller_dag']) retrieved from /home/airflow/.local/lib/python3.7/site-packages/airflow/example_dags/example_trigger_controller_dag.py
[2023-03-12T17:18:12.532+0000] {logging_mixin.py:120} INFO - [2023-03-12T17:18:12.532+0000] {dag.py:2585} INFO - Sync 1 DAGs
[2023-03-12T17:18:12.556+0000] {logging_mixin.py:120} INFO - [2023-03-12T17:18:12.556+0000] {dag.py:3340} INFO - Setting next_dagrun for example_trigger_controller_dag to 2021-01-01T00:00:00+00:00, run_after=2021-01-01T00:00:00+00:00
[2023-03-12T17:18:12.576+0000] {processor.py:176} INFO - Processing /home/airflow/.local/lib/python3.7/site-packages/airflow/example_dags/example_trigger_controller_dag.py took 0.123 seconds
[2023-03-12T18:23:04.025+0000] {processor.py:154} INFO - Started process (PID=37374) to work on /home/airflow/.local/lib/python3.7/site-packages/airflow/example_dags/example_trigger_controller_dag.py
[2023-03-12T18:23:04.026+0000] {processor.py:756} INFO - Processing file /home/airflow/.local/lib/python3.7/site-packages/airflow/example_dags/example_trigger_controller_dag.py for tasks to queue
[2023-03-12T18:23:04.027+0000] {logging_mixin.py:120} INFO - [2023-03-12T18:23:04.027+0000] {dagbag.py:537} INFO - Filling up the DagBag from /home/airflow/.local/lib/python3.7/site-packages/airflow/example_dags/example_trigger_controller_dag.py
[2023-03-12T18:23:04.039+0000] {processor.py:766} INFO - DAG(s) dict_keys(['example_trigger_controller_dag']) retrieved from /home/airflow/.local/lib/python3.7/site-packages/airflow/example_dags/example_trigger_controller_dag.py
[2023-03-12T18:23:04.068+0000] {logging_mixin.py:120} INFO - [2023-03-12T18:23:04.068+0000] {dag.py:2585} INFO - Sync 1 DAGs
[2023-03-12T18:23:04.085+0000] {logging_mixin.py:120} INFO - [2023-03-12T18:23:04.085+0000] {dag.py:3340} INFO - Setting next_dagrun for example_trigger_controller_dag to 2021-01-01T00:00:00+00:00, run_after=2021-01-01T00:00:00+00:00
[2023-03-12T18:23:04.103+0000] {processor.py:176} INFO - Processing /home/airflow/.local/lib/python3.7/site-packages/airflow/example_dags/example_trigger_controller_dag.py took 0.081 seconds
[2023-03-12T19:03:57.286+0000] {processor.py:154} INFO - Started process (PID=37437) to work on /home/airflow/.local/lib/python3.7/site-packages/airflow/example_dags/example_trigger_controller_dag.py
[2023-03-12T19:03:57.290+0000] {processor.py:756} INFO - Processing file /home/airflow/.local/lib/python3.7/site-packages/airflow/example_dags/example_trigger_controller_dag.py for tasks to queue
[2023-03-12T19:03:57.291+0000] {logging_mixin.py:120} INFO - [2023-03-12T19:03:57.291+0000] {dagbag.py:537} INFO - Filling up the DagBag from /home/airflow/.local/lib/python3.7/site-packages/airflow/example_dags/example_trigger_controller_dag.py
[2023-03-12T19:03:57.303+0000] {processor.py:766} INFO - DAG(s) dict_keys(['example_trigger_controller_dag']) retrieved from /home/airflow/.local/lib/python3.7/site-packages/airflow/example_dags/example_trigger_controller_dag.py
[2023-03-12T19:03:57.347+0000] {logging_mixin.py:120} INFO - [2023-03-12T19:03:57.347+0000] {dag.py:2585} INFO - Sync 1 DAGs
[2023-03-12T19:03:57.363+0000] {logging_mixin.py:120} INFO - [2023-03-12T19:03:57.363+0000] {dag.py:3340} INFO - Setting next_dagrun for example_trigger_controller_dag to 2021-01-01T00:00:00+00:00, run_after=2021-01-01T00:00:00+00:00
[2023-03-12T19:03:57.378+0000] {processor.py:176} INFO - Processing /home/airflow/.local/lib/python3.7/site-packages/airflow/example_dags/example_trigger_controller_dag.py took 0.096 seconds
[2023-03-12T20:24:26.805+0000] {processor.py:154} INFO - Started process (PID=37499) to work on /home/airflow/.local/lib/python3.7/site-packages/airflow/example_dags/example_trigger_controller_dag.py
[2023-03-12T20:24:26.807+0000] {processor.py:756} INFO - Processing file /home/airflow/.local/lib/python3.7/site-packages/airflow/example_dags/example_trigger_controller_dag.py for tasks to queue
[2023-03-12T20:24:26.807+0000] {logging_mixin.py:120} INFO - [2023-03-12T20:24:26.807+0000] {dagbag.py:537} INFO - Filling up the DagBag from /home/airflow/.local/lib/python3.7/site-packages/airflow/example_dags/example_trigger_controller_dag.py
[2023-03-12T20:24:26.821+0000] {processor.py:766} INFO - DAG(s) dict_keys(['example_trigger_controller_dag']) retrieved from /home/airflow/.local/lib/python3.7/site-packages/airflow/example_dags/example_trigger_controller_dag.py
[2023-03-12T20:24:26.863+0000] {logging_mixin.py:120} INFO - [2023-03-12T20:24:26.862+0000] {dag.py:2585} INFO - Sync 1 DAGs
[2023-03-12T20:24:26.890+0000] {logging_mixin.py:120} INFO - [2023-03-12T20:24:26.890+0000] {dag.py:3340} INFO - Setting next_dagrun for example_trigger_controller_dag to 2021-01-01T00:00:00+00:00, run_after=2021-01-01T00:00:00+00:00
[2023-03-12T20:24:26.912+0000] {processor.py:176} INFO - Processing /home/airflow/.local/lib/python3.7/site-packages/airflow/example_dags/example_trigger_controller_dag.py took 0.109 seconds
[2023-03-12T21:28:17.881+0000] {processor.py:154} INFO - Started process (PID=37562) to work on /home/airflow/.local/lib/python3.7/site-packages/airflow/example_dags/example_trigger_controller_dag.py
[2023-03-12T21:28:17.884+0000] {processor.py:756} INFO - Processing file /home/airflow/.local/lib/python3.7/site-packages/airflow/example_dags/example_trigger_controller_dag.py for tasks to queue
[2023-03-12T21:28:17.885+0000] {logging_mixin.py:120} INFO - [2023-03-12T21:28:17.884+0000] {dagbag.py:537} INFO - Filling up the DagBag from /home/airflow/.local/lib/python3.7/site-packages/airflow/example_dags/example_trigger_controller_dag.py
[2023-03-12T21:28:17.902+0000] {processor.py:766} INFO - DAG(s) dict_keys(['example_trigger_controller_dag']) retrieved from /home/airflow/.local/lib/python3.7/site-packages/airflow/example_dags/example_trigger_controller_dag.py
[2023-03-12T21:28:17.950+0000] {logging_mixin.py:120} INFO - [2023-03-12T21:28:17.950+0000] {dag.py:2585} INFO - Sync 1 DAGs
[2023-03-12T21:28:17.977+0000] {logging_mixin.py:120} INFO - [2023-03-12T21:28:17.977+0000] {dag.py:3340} INFO - Setting next_dagrun for example_trigger_controller_dag to 2021-01-01T00:00:00+00:00, run_after=2021-01-01T00:00:00+00:00
[2023-03-12T21:28:17.996+0000] {processor.py:176} INFO - Processing /home/airflow/.local/lib/python3.7/site-packages/airflow/example_dags/example_trigger_controller_dag.py took 0.123 seconds
[2023-03-12T22:30:18.348+0000] {processor.py:154} INFO - Started process (PID=37617) to work on /home/airflow/.local/lib/python3.7/site-packages/airflow/example_dags/example_trigger_controller_dag.py
[2023-03-12T22:30:18.351+0000] {processor.py:756} INFO - Processing file /home/airflow/.local/lib/python3.7/site-packages/airflow/example_dags/example_trigger_controller_dag.py for tasks to queue
[2023-03-12T22:30:18.352+0000] {logging_mixin.py:120} INFO - [2023-03-12T22:30:18.352+0000] {dagbag.py:537} INFO - Filling up the DagBag from /home/airflow/.local/lib/python3.7/site-packages/airflow/example_dags/example_trigger_controller_dag.py
[2023-03-12T22:30:18.361+0000] {processor.py:766} INFO - DAG(s) dict_keys(['example_trigger_controller_dag']) retrieved from /home/airflow/.local/lib/python3.7/site-packages/airflow/example_dags/example_trigger_controller_dag.py
[2023-03-12T22:30:18.402+0000] {logging_mixin.py:120} INFO - [2023-03-12T22:30:18.402+0000] {dag.py:2585} INFO - Sync 1 DAGs
[2023-03-12T22:30:18.421+0000] {logging_mixin.py:120} INFO - [2023-03-12T22:30:18.420+0000] {dag.py:3340} INFO - Setting next_dagrun for example_trigger_controller_dag to 2021-01-01T00:00:00+00:00, run_after=2021-01-01T00:00:00+00:00
[2023-03-12T22:30:18.440+0000] {processor.py:176} INFO - Processing /home/airflow/.local/lib/python3.7/site-packages/airflow/example_dags/example_trigger_controller_dag.py took 0.095 seconds
[2023-03-12T23:33:22.884+0000] {processor.py:154} INFO - Started process (PID=37680) to work on /home/airflow/.local/lib/python3.7/site-packages/airflow/example_dags/example_trigger_controller_dag.py
[2023-03-12T23:33:22.886+0000] {processor.py:756} INFO - Processing file /home/airflow/.local/lib/python3.7/site-packages/airflow/example_dags/example_trigger_controller_dag.py for tasks to queue
[2023-03-12T23:33:22.887+0000] {logging_mixin.py:120} INFO - [2023-03-12T23:33:22.886+0000] {dagbag.py:537} INFO - Filling up the DagBag from /home/airflow/.local/lib/python3.7/site-packages/airflow/example_dags/example_trigger_controller_dag.py
[2023-03-12T23:33:22.906+0000] {processor.py:766} INFO - DAG(s) dict_keys(['example_trigger_controller_dag']) retrieved from /home/airflow/.local/lib/python3.7/site-packages/airflow/example_dags/example_trigger_controller_dag.py
[2023-03-12T23:33:22.950+0000] {logging_mixin.py:120} INFO - [2023-03-12T23:33:22.950+0000] {dag.py:2585} INFO - Sync 1 DAGs
[2023-03-12T23:33:22.989+0000] {logging_mixin.py:120} INFO - [2023-03-12T23:33:22.989+0000] {dag.py:3340} INFO - Setting next_dagrun for example_trigger_controller_dag to 2021-01-01T00:00:00+00:00, run_after=2021-01-01T00:00:00+00:00
[2023-03-12T23:33:23.012+0000] {processor.py:176} INFO - Processing /home/airflow/.local/lib/python3.7/site-packages/airflow/example_dags/example_trigger_controller_dag.py took 0.135 seconds
