[2023-03-12T00:05:11.406+0000] {processor.py:154} INFO - Started process (PID=36387) to work on /home/airflow/.local/lib/python3.7/site-packages/airflow/example_dags/example_xcom.py
[2023-03-12T00:05:11.407+0000] {processor.py:756} INFO - Processing file /home/airflow/.local/lib/python3.7/site-packages/airflow/example_dags/example_xcom.py for tasks to queue
[2023-03-12T00:05:11.408+0000] {logging_mixin.py:120} INFO - [2023-03-12T00:05:11.408+0000] {dagbag.py:537} INFO - Filling up the DagBag from /home/airflow/.local/lib/python3.7/site-packages/airflow/example_dags/example_xcom.py
[2023-03-12T00:05:11.423+0000] {processor.py:766} INFO - DAG(s) dict_keys(['example_xcom']) retrieved from /home/airflow/.local/lib/python3.7/site-packages/airflow/example_dags/example_xcom.py
[2023-03-12T00:05:11.454+0000] {logging_mixin.py:120} INFO - [2023-03-12T00:05:11.454+0000] {dag.py:2585} INFO - Sync 1 DAGs
[2023-03-12T00:05:11.467+0000] {logging_mixin.py:120} INFO - [2023-03-12T00:05:11.467+0000] {dag.py:3340} INFO - Setting next_dagrun for example_xcom to 2021-01-01T00:00:00+00:00, run_after=2021-01-01T00:00:00+00:00
[2023-03-12T00:05:11.480+0000] {processor.py:176} INFO - Processing /home/airflow/.local/lib/python3.7/site-packages/airflow/example_dags/example_xcom.py took 0.076 seconds
[2023-03-12T01:11:08.423+0000] {processor.py:154} INFO - Started process (PID=36441) to work on /home/airflow/.local/lib/python3.7/site-packages/airflow/example_dags/example_xcom.py
[2023-03-12T01:11:08.424+0000] {processor.py:756} INFO - Processing file /home/airflow/.local/lib/python3.7/site-packages/airflow/example_dags/example_xcom.py for tasks to queue
[2023-03-12T01:11:08.425+0000] {logging_mixin.py:120} INFO - [2023-03-12T01:11:08.425+0000] {dagbag.py:537} INFO - Filling up the DagBag from /home/airflow/.local/lib/python3.7/site-packages/airflow/example_dags/example_xcom.py
[2023-03-12T01:11:08.445+0000] {processor.py:766} INFO - DAG(s) dict_keys(['example_xcom']) retrieved from /home/airflow/.local/lib/python3.7/site-packages/airflow/example_dags/example_xcom.py
[2023-03-12T01:11:08.484+0000] {logging_mixin.py:120} INFO - [2023-03-12T01:11:08.483+0000] {dag.py:2585} INFO - Sync 1 DAGs
[2023-03-12T01:11:08.501+0000] {logging_mixin.py:120} INFO - [2023-03-12T01:11:08.501+0000] {dag.py:3340} INFO - Setting next_dagrun for example_xcom to 2021-01-01T00:00:00+00:00, run_after=2021-01-01T00:00:00+00:00
[2023-03-12T01:11:08.514+0000] {processor.py:176} INFO - Processing /home/airflow/.local/lib/python3.7/site-packages/airflow/example_dags/example_xcom.py took 0.094 seconds
[2023-03-12T02:20:06.535+0000] {processor.py:154} INFO - Started process (PID=36505) to work on /home/airflow/.local/lib/python3.7/site-packages/airflow/example_dags/example_xcom.py
[2023-03-12T02:20:06.536+0000] {processor.py:756} INFO - Processing file /home/airflow/.local/lib/python3.7/site-packages/airflow/example_dags/example_xcom.py for tasks to queue
[2023-03-12T02:20:06.537+0000] {logging_mixin.py:120} INFO - [2023-03-12T02:20:06.537+0000] {dagbag.py:537} INFO - Filling up the DagBag from /home/airflow/.local/lib/python3.7/site-packages/airflow/example_dags/example_xcom.py
[2023-03-12T02:20:06.552+0000] {processor.py:766} INFO - DAG(s) dict_keys(['example_xcom']) retrieved from /home/airflow/.local/lib/python3.7/site-packages/airflow/example_dags/example_xcom.py
[2023-03-12T02:20:06.585+0000] {logging_mixin.py:120} INFO - [2023-03-12T02:20:06.585+0000] {dag.py:2585} INFO - Sync 1 DAGs
[2023-03-12T02:20:06.599+0000] {logging_mixin.py:120} INFO - [2023-03-12T02:20:06.599+0000] {dag.py:3340} INFO - Setting next_dagrun for example_xcom to 2021-01-01T00:00:00+00:00, run_after=2021-01-01T00:00:00+00:00
[2023-03-12T02:20:06.611+0000] {processor.py:176} INFO - Processing /home/airflow/.local/lib/python3.7/site-packages/airflow/example_dags/example_xcom.py took 0.078 seconds
[2023-03-12T03:43:52.075+0000] {processor.py:154} INFO - Started process (PID=36568) to work on /home/airflow/.local/lib/python3.7/site-packages/airflow/example_dags/example_xcom.py
[2023-03-12T03:43:52.089+0000] {processor.py:756} INFO - Processing file /home/airflow/.local/lib/python3.7/site-packages/airflow/example_dags/example_xcom.py for tasks to queue
[2023-03-12T03:43:52.091+0000] {logging_mixin.py:120} INFO - [2023-03-12T03:43:52.091+0000] {dagbag.py:537} INFO - Filling up the DagBag from /home/airflow/.local/lib/python3.7/site-packages/airflow/example_dags/example_xcom.py
[2023-03-12T03:43:52.118+0000] {processor.py:766} INFO - DAG(s) dict_keys(['example_xcom']) retrieved from /home/airflow/.local/lib/python3.7/site-packages/airflow/example_dags/example_xcom.py
[2023-03-12T03:43:52.195+0000] {logging_mixin.py:120} INFO - [2023-03-12T03:43:52.194+0000] {dag.py:2585} INFO - Sync 1 DAGs
[2023-03-12T03:43:52.226+0000] {logging_mixin.py:120} INFO - [2023-03-12T03:43:52.226+0000] {dag.py:3340} INFO - Setting next_dagrun for example_xcom to 2021-01-01T00:00:00+00:00, run_after=2021-01-01T00:00:00+00:00
[2023-03-12T03:43:52.260+0000] {processor.py:176} INFO - Processing /home/airflow/.local/lib/python3.7/site-packages/airflow/example_dags/example_xcom.py took 0.187 seconds
[2023-03-12T04:47:37.247+0000] {processor.py:154} INFO - Started process (PID=36631) to work on /home/airflow/.local/lib/python3.7/site-packages/airflow/example_dags/example_xcom.py
[2023-03-12T04:47:37.250+0000] {processor.py:756} INFO - Processing file /home/airflow/.local/lib/python3.7/site-packages/airflow/example_dags/example_xcom.py for tasks to queue
[2023-03-12T04:47:37.253+0000] {logging_mixin.py:120} INFO - [2023-03-12T04:47:37.253+0000] {dagbag.py:537} INFO - Filling up the DagBag from /home/airflow/.local/lib/python3.7/site-packages/airflow/example_dags/example_xcom.py
[2023-03-12T04:47:37.274+0000] {processor.py:766} INFO - DAG(s) dict_keys(['example_xcom']) retrieved from /home/airflow/.local/lib/python3.7/site-packages/airflow/example_dags/example_xcom.py
[2023-03-12T04:47:37.327+0000] {logging_mixin.py:120} INFO - [2023-03-12T04:47:37.327+0000] {dag.py:2585} INFO - Sync 1 DAGs
[2023-03-12T04:47:37.346+0000] {logging_mixin.py:120} INFO - [2023-03-12T04:47:37.346+0000] {dag.py:3340} INFO - Setting next_dagrun for example_xcom to 2021-01-01T00:00:00+00:00, run_after=2021-01-01T00:00:00+00:00
[2023-03-12T04:47:37.361+0000] {processor.py:176} INFO - Processing /home/airflow/.local/lib/python3.7/site-packages/airflow/example_dags/example_xcom.py took 0.122 seconds
[2023-03-12T05:46:51.314+0000] {processor.py:154} INFO - Started process (PID=36694) to work on /home/airflow/.local/lib/python3.7/site-packages/airflow/example_dags/example_xcom.py
[2023-03-12T05:46:51.316+0000] {processor.py:756} INFO - Processing file /home/airflow/.local/lib/python3.7/site-packages/airflow/example_dags/example_xcom.py for tasks to queue
[2023-03-12T05:46:51.317+0000] {logging_mixin.py:120} INFO - [2023-03-12T05:46:51.317+0000] {dagbag.py:537} INFO - Filling up the DagBag from /home/airflow/.local/lib/python3.7/site-packages/airflow/example_dags/example_xcom.py
[2023-03-12T05:46:51.349+0000] {processor.py:766} INFO - DAG(s) dict_keys(['example_xcom']) retrieved from /home/airflow/.local/lib/python3.7/site-packages/airflow/example_dags/example_xcom.py
[2023-03-12T05:46:51.426+0000] {logging_mixin.py:120} INFO - [2023-03-12T05:46:51.426+0000] {dag.py:2585} INFO - Sync 1 DAGs
[2023-03-12T05:46:51.446+0000] {logging_mixin.py:120} INFO - [2023-03-12T05:46:51.446+0000] {dag.py:3340} INFO - Setting next_dagrun for example_xcom to 2021-01-01T00:00:00+00:00, run_after=2021-01-01T00:00:00+00:00
[2023-03-12T05:46:51.462+0000] {processor.py:176} INFO - Processing /home/airflow/.local/lib/python3.7/site-packages/airflow/example_dags/example_xcom.py took 0.154 seconds
[2023-03-12T06:51:39.037+0000] {processor.py:154} INFO - Started process (PID=36748) to work on /home/airflow/.local/lib/python3.7/site-packages/airflow/example_dags/example_xcom.py
[2023-03-12T06:51:39.039+0000] {processor.py:756} INFO - Processing file /home/airflow/.local/lib/python3.7/site-packages/airflow/example_dags/example_xcom.py for tasks to queue
[2023-03-12T06:51:39.039+0000] {logging_mixin.py:120} INFO - [2023-03-12T06:51:39.039+0000] {dagbag.py:537} INFO - Filling up the DagBag from /home/airflow/.local/lib/python3.7/site-packages/airflow/example_dags/example_xcom.py
[2023-03-12T06:51:39.057+0000] {processor.py:766} INFO - DAG(s) dict_keys(['example_xcom']) retrieved from /home/airflow/.local/lib/python3.7/site-packages/airflow/example_dags/example_xcom.py
[2023-03-12T06:51:39.098+0000] {logging_mixin.py:120} INFO - [2023-03-12T06:51:39.098+0000] {dag.py:2585} INFO - Sync 1 DAGs
[2023-03-12T06:51:39.118+0000] {logging_mixin.py:120} INFO - [2023-03-12T06:51:39.118+0000] {dag.py:3340} INFO - Setting next_dagrun for example_xcom to 2021-01-01T00:00:00+00:00, run_after=2021-01-01T00:00:00+00:00
[2023-03-12T06:51:39.139+0000] {processor.py:176} INFO - Processing /home/airflow/.local/lib/python3.7/site-packages/airflow/example_dags/example_xcom.py took 0.105 seconds
[2023-03-12T07:59:56.818+0000] {processor.py:154} INFO - Started process (PID=36812) to work on /home/airflow/.local/lib/python3.7/site-packages/airflow/example_dags/example_xcom.py
[2023-03-12T07:59:56.820+0000] {processor.py:756} INFO - Processing file /home/airflow/.local/lib/python3.7/site-packages/airflow/example_dags/example_xcom.py for tasks to queue
[2023-03-12T07:59:56.822+0000] {logging_mixin.py:120} INFO - [2023-03-12T07:59:56.821+0000] {dagbag.py:537} INFO - Filling up the DagBag from /home/airflow/.local/lib/python3.7/site-packages/airflow/example_dags/example_xcom.py
[2023-03-12T07:59:56.841+0000] {processor.py:766} INFO - DAG(s) dict_keys(['example_xcom']) retrieved from /home/airflow/.local/lib/python3.7/site-packages/airflow/example_dags/example_xcom.py
[2023-03-12T07:59:56.877+0000] {logging_mixin.py:120} INFO - [2023-03-12T07:59:56.877+0000] {dag.py:2585} INFO - Sync 1 DAGs
[2023-03-12T07:59:56.898+0000] {logging_mixin.py:120} INFO - [2023-03-12T07:59:56.898+0000] {dag.py:3340} INFO - Setting next_dagrun for example_xcom to 2021-01-01T00:00:00+00:00, run_after=2021-01-01T00:00:00+00:00
[2023-03-12T07:59:56.923+0000] {processor.py:176} INFO - Processing /home/airflow/.local/lib/python3.7/site-packages/airflow/example_dags/example_xcom.py took 0.111 seconds
[2023-03-12T09:20:36.765+0000] {processor.py:154} INFO - Started process (PID=36875) to work on /home/airflow/.local/lib/python3.7/site-packages/airflow/example_dags/example_xcom.py
[2023-03-12T09:20:36.770+0000] {processor.py:756} INFO - Processing file /home/airflow/.local/lib/python3.7/site-packages/airflow/example_dags/example_xcom.py for tasks to queue
[2023-03-12T09:20:36.771+0000] {logging_mixin.py:120} INFO - [2023-03-12T09:20:36.771+0000] {dagbag.py:537} INFO - Filling up the DagBag from /home/airflow/.local/lib/python3.7/site-packages/airflow/example_dags/example_xcom.py
[2023-03-12T09:20:36.879+0000] {processor.py:766} INFO - DAG(s) dict_keys(['example_xcom']) retrieved from /home/airflow/.local/lib/python3.7/site-packages/airflow/example_dags/example_xcom.py
[2023-03-12T09:20:36.941+0000] {logging_mixin.py:120} INFO - [2023-03-12T09:20:36.941+0000] {dag.py:2585} INFO - Sync 1 DAGs
[2023-03-12T09:20:36.972+0000] {logging_mixin.py:120} INFO - [2023-03-12T09:20:36.971+0000] {dag.py:3340} INFO - Setting next_dagrun for example_xcom to 2021-01-01T00:00:00+00:00, run_after=2021-01-01T00:00:00+00:00
[2023-03-12T09:20:37.004+0000] {processor.py:176} INFO - Processing /home/airflow/.local/lib/python3.7/site-packages/airflow/example_dags/example_xcom.py took 0.242 seconds
[2023-03-12T10:26:30.928+0000] {processor.py:154} INFO - Started process (PID=36938) to work on /home/airflow/.local/lib/python3.7/site-packages/airflow/example_dags/example_xcom.py
[2023-03-12T10:26:30.930+0000] {processor.py:756} INFO - Processing file /home/airflow/.local/lib/python3.7/site-packages/airflow/example_dags/example_xcom.py for tasks to queue
[2023-03-12T10:26:30.931+0000] {logging_mixin.py:120} INFO - [2023-03-12T10:26:30.931+0000] {dagbag.py:537} INFO - Filling up the DagBag from /home/airflow/.local/lib/python3.7/site-packages/airflow/example_dags/example_xcom.py
[2023-03-12T10:26:30.960+0000] {processor.py:766} INFO - DAG(s) dict_keys(['example_xcom']) retrieved from /home/airflow/.local/lib/python3.7/site-packages/airflow/example_dags/example_xcom.py
[2023-03-12T10:26:30.996+0000] {logging_mixin.py:120} INFO - [2023-03-12T10:26:30.996+0000] {dag.py:2585} INFO - Sync 1 DAGs
[2023-03-12T10:26:31.017+0000] {logging_mixin.py:120} INFO - [2023-03-12T10:26:31.016+0000] {dag.py:3340} INFO - Setting next_dagrun for example_xcom to 2021-01-01T00:00:00+00:00, run_after=2021-01-01T00:00:00+00:00
[2023-03-12T10:26:31.030+0000] {processor.py:176} INFO - Processing /home/airflow/.local/lib/python3.7/site-packages/airflow/example_dags/example_xcom.py took 0.106 seconds
[2023-03-12T11:32:25.850+0000] {processor.py:154} INFO - Started process (PID=36992) to work on /home/airflow/.local/lib/python3.7/site-packages/airflow/example_dags/example_xcom.py
[2023-03-12T11:32:25.852+0000] {processor.py:756} INFO - Processing file /home/airflow/.local/lib/python3.7/site-packages/airflow/example_dags/example_xcom.py for tasks to queue
[2023-03-12T11:32:25.852+0000] {logging_mixin.py:120} INFO - [2023-03-12T11:32:25.852+0000] {dagbag.py:537} INFO - Filling up the DagBag from /home/airflow/.local/lib/python3.7/site-packages/airflow/example_dags/example_xcom.py
[2023-03-12T11:32:25.903+0000] {processor.py:766} INFO - DAG(s) dict_keys(['example_xcom']) retrieved from /home/airflow/.local/lib/python3.7/site-packages/airflow/example_dags/example_xcom.py
[2023-03-12T11:32:25.965+0000] {logging_mixin.py:120} INFO - [2023-03-12T11:32:25.965+0000] {dag.py:2585} INFO - Sync 1 DAGs
[2023-03-12T11:32:25.989+0000] {logging_mixin.py:120} INFO - [2023-03-12T11:32:25.989+0000] {dag.py:3340} INFO - Setting next_dagrun for example_xcom to 2021-01-01T00:00:00+00:00, run_after=2021-01-01T00:00:00+00:00
[2023-03-12T11:32:26.011+0000] {processor.py:176} INFO - Processing /home/airflow/.local/lib/python3.7/site-packages/airflow/example_dags/example_xcom.py took 0.163 seconds
[2023-03-12T12:40:39.143+0000] {processor.py:154} INFO - Started process (PID=37055) to work on /home/airflow/.local/lib/python3.7/site-packages/airflow/example_dags/example_xcom.py
[2023-03-12T12:40:39.144+0000] {processor.py:756} INFO - Processing file /home/airflow/.local/lib/python3.7/site-packages/airflow/example_dags/example_xcom.py for tasks to queue
[2023-03-12T12:40:39.146+0000] {logging_mixin.py:120} INFO - [2023-03-12T12:40:39.146+0000] {dagbag.py:537} INFO - Filling up the DagBag from /home/airflow/.local/lib/python3.7/site-packages/airflow/example_dags/example_xcom.py
[2023-03-12T12:40:39.176+0000] {processor.py:766} INFO - DAG(s) dict_keys(['example_xcom']) retrieved from /home/airflow/.local/lib/python3.7/site-packages/airflow/example_dags/example_xcom.py
[2023-03-12T12:40:39.222+0000] {logging_mixin.py:120} INFO - [2023-03-12T12:40:39.222+0000] {dag.py:2585} INFO - Sync 1 DAGs
[2023-03-12T12:40:39.242+0000] {logging_mixin.py:120} INFO - [2023-03-12T12:40:39.242+0000] {dag.py:3340} INFO - Setting next_dagrun for example_xcom to 2021-01-01T00:00:00+00:00, run_after=2021-01-01T00:00:00+00:00
[2023-03-12T12:40:39.266+0000] {processor.py:176} INFO - Processing /home/airflow/.local/lib/python3.7/site-packages/airflow/example_dags/example_xcom.py took 0.130 seconds
[2023-03-12T13:59:47.247+0000] {processor.py:154} INFO - Started process (PID=37118) to work on /home/airflow/.local/lib/python3.7/site-packages/airflow/example_dags/example_xcom.py
[2023-03-12T13:59:47.249+0000] {processor.py:756} INFO - Processing file /home/airflow/.local/lib/python3.7/site-packages/airflow/example_dags/example_xcom.py for tasks to queue
[2023-03-12T13:59:47.251+0000] {logging_mixin.py:120} INFO - [2023-03-12T13:59:47.251+0000] {dagbag.py:537} INFO - Filling up the DagBag from /home/airflow/.local/lib/python3.7/site-packages/airflow/example_dags/example_xcom.py
[2023-03-12T13:59:47.300+0000] {processor.py:766} INFO - DAG(s) dict_keys(['example_xcom']) retrieved from /home/airflow/.local/lib/python3.7/site-packages/airflow/example_dags/example_xcom.py
[2023-03-12T13:59:47.338+0000] {logging_mixin.py:120} INFO - [2023-03-12T13:59:47.338+0000] {dag.py:2585} INFO - Sync 1 DAGs
[2023-03-12T13:59:47.356+0000] {logging_mixin.py:120} INFO - [2023-03-12T13:59:47.356+0000] {dag.py:3340} INFO - Setting next_dagrun for example_xcom to 2021-01-01T00:00:00+00:00, run_after=2021-01-01T00:00:00+00:00
[2023-03-12T13:59:47.371+0000] {processor.py:176} INFO - Processing /home/airflow/.local/lib/python3.7/site-packages/airflow/example_dags/example_xcom.py took 0.140 seconds
[2023-03-12T15:06:04.990+0000] {processor.py:154} INFO - Started process (PID=37181) to work on /home/airflow/.local/lib/python3.7/site-packages/airflow/example_dags/example_xcom.py
[2023-03-12T15:06:04.991+0000] {processor.py:756} INFO - Processing file /home/airflow/.local/lib/python3.7/site-packages/airflow/example_dags/example_xcom.py for tasks to queue
[2023-03-12T15:06:04.992+0000] {logging_mixin.py:120} INFO - [2023-03-12T15:06:04.992+0000] {dagbag.py:537} INFO - Filling up the DagBag from /home/airflow/.local/lib/python3.7/site-packages/airflow/example_dags/example_xcom.py
[2023-03-12T15:06:05.022+0000] {processor.py:766} INFO - DAG(s) dict_keys(['example_xcom']) retrieved from /home/airflow/.local/lib/python3.7/site-packages/airflow/example_dags/example_xcom.py
[2023-03-12T15:06:05.067+0000] {logging_mixin.py:120} INFO - [2023-03-12T15:06:05.067+0000] {dag.py:2585} INFO - Sync 1 DAGs
[2023-03-12T15:06:05.101+0000] {logging_mixin.py:120} INFO - [2023-03-12T15:06:05.100+0000] {dag.py:3340} INFO - Setting next_dagrun for example_xcom to 2021-01-01T00:00:00+00:00, run_after=2021-01-01T00:00:00+00:00
[2023-03-12T15:06:05.124+0000] {processor.py:176} INFO - Processing /home/airflow/.local/lib/python3.7/site-packages/airflow/example_dags/example_xcom.py took 0.136 seconds
[2023-03-12T16:10:44.064+0000] {processor.py:154} INFO - Started process (PID=37245) to work on /home/airflow/.local/lib/python3.7/site-packages/airflow/example_dags/example_xcom.py
[2023-03-12T16:10:44.065+0000] {processor.py:756} INFO - Processing file /home/airflow/.local/lib/python3.7/site-packages/airflow/example_dags/example_xcom.py for tasks to queue
[2023-03-12T16:10:44.071+0000] {logging_mixin.py:120} INFO - [2023-03-12T16:10:44.071+0000] {dagbag.py:537} INFO - Filling up the DagBag from /home/airflow/.local/lib/python3.7/site-packages/airflow/example_dags/example_xcom.py
[2023-03-12T16:10:44.126+0000] {processor.py:766} INFO - DAG(s) dict_keys(['example_xcom']) retrieved from /home/airflow/.local/lib/python3.7/site-packages/airflow/example_dags/example_xcom.py
[2023-03-12T16:10:44.191+0000] {logging_mixin.py:120} INFO - [2023-03-12T16:10:44.190+0000] {dag.py:2585} INFO - Sync 1 DAGs
[2023-03-12T16:10:44.223+0000] {logging_mixin.py:120} INFO - [2023-03-12T16:10:44.223+0000] {dag.py:3340} INFO - Setting next_dagrun for example_xcom to 2021-01-01T00:00:00+00:00, run_after=2021-01-01T00:00:00+00:00
[2023-03-12T16:10:44.250+0000] {processor.py:176} INFO - Processing /home/airflow/.local/lib/python3.7/site-packages/airflow/example_dags/example_xcom.py took 0.193 seconds
[2023-03-12T17:18:10.994+0000] {processor.py:154} INFO - Started process (PID=37299) to work on /home/airflow/.local/lib/python3.7/site-packages/airflow/example_dags/example_xcom.py
[2023-03-12T17:18:10.998+0000] {processor.py:756} INFO - Processing file /home/airflow/.local/lib/python3.7/site-packages/airflow/example_dags/example_xcom.py for tasks to queue
[2023-03-12T17:18:10.999+0000] {logging_mixin.py:120} INFO - [2023-03-12T17:18:10.999+0000] {dagbag.py:537} INFO - Filling up the DagBag from /home/airflow/.local/lib/python3.7/site-packages/airflow/example_dags/example_xcom.py
[2023-03-12T17:18:11.035+0000] {processor.py:766} INFO - DAG(s) dict_keys(['example_xcom']) retrieved from /home/airflow/.local/lib/python3.7/site-packages/airflow/example_dags/example_xcom.py
[2023-03-12T17:18:11.082+0000] {logging_mixin.py:120} INFO - [2023-03-12T17:18:11.082+0000] {dag.py:2585} INFO - Sync 1 DAGs
[2023-03-12T17:18:11.100+0000] {logging_mixin.py:120} INFO - [2023-03-12T17:18:11.100+0000] {dag.py:3340} INFO - Setting next_dagrun for example_xcom to 2021-01-01T00:00:00+00:00, run_after=2021-01-01T00:00:00+00:00
[2023-03-12T17:18:11.116+0000] {processor.py:176} INFO - Processing /home/airflow/.local/lib/python3.7/site-packages/airflow/example_dags/example_xcom.py took 0.125 seconds
[2023-03-12T18:23:02.958+0000] {processor.py:154} INFO - Started process (PID=37362) to work on /home/airflow/.local/lib/python3.7/site-packages/airflow/example_dags/example_xcom.py
[2023-03-12T18:23:02.961+0000] {processor.py:756} INFO - Processing file /home/airflow/.local/lib/python3.7/site-packages/airflow/example_dags/example_xcom.py for tasks to queue
[2023-03-12T18:23:02.961+0000] {logging_mixin.py:120} INFO - [2023-03-12T18:23:02.961+0000] {dagbag.py:537} INFO - Filling up the DagBag from /home/airflow/.local/lib/python3.7/site-packages/airflow/example_dags/example_xcom.py
[2023-03-12T18:23:02.991+0000] {processor.py:766} INFO - DAG(s) dict_keys(['example_xcom']) retrieved from /home/airflow/.local/lib/python3.7/site-packages/airflow/example_dags/example_xcom.py
[2023-03-12T18:23:03.042+0000] {logging_mixin.py:120} INFO - [2023-03-12T18:23:03.042+0000] {dag.py:2585} INFO - Sync 1 DAGs
[2023-03-12T18:23:03.086+0000] {logging_mixin.py:120} INFO - [2023-03-12T18:23:03.086+0000] {dag.py:3340} INFO - Setting next_dagrun for example_xcom to 2021-01-01T00:00:00+00:00, run_after=2021-01-01T00:00:00+00:00
[2023-03-12T18:23:03.115+0000] {processor.py:176} INFO - Processing /home/airflow/.local/lib/python3.7/site-packages/airflow/example_dags/example_xcom.py took 0.160 seconds
[2023-03-12T19:03:56.302+0000] {processor.py:154} INFO - Started process (PID=37425) to work on /home/airflow/.local/lib/python3.7/site-packages/airflow/example_dags/example_xcom.py
[2023-03-12T19:03:56.303+0000] {processor.py:756} INFO - Processing file /home/airflow/.local/lib/python3.7/site-packages/airflow/example_dags/example_xcom.py for tasks to queue
[2023-03-12T19:03:56.304+0000] {logging_mixin.py:120} INFO - [2023-03-12T19:03:56.304+0000] {dagbag.py:537} INFO - Filling up the DagBag from /home/airflow/.local/lib/python3.7/site-packages/airflow/example_dags/example_xcom.py
[2023-03-12T19:03:56.320+0000] {processor.py:766} INFO - DAG(s) dict_keys(['example_xcom']) retrieved from /home/airflow/.local/lib/python3.7/site-packages/airflow/example_dags/example_xcom.py
[2023-03-12T19:03:56.355+0000] {logging_mixin.py:120} INFO - [2023-03-12T19:03:56.354+0000] {dag.py:2585} INFO - Sync 1 DAGs
[2023-03-12T19:03:56.389+0000] {logging_mixin.py:120} INFO - [2023-03-12T19:03:56.388+0000] {dag.py:3340} INFO - Setting next_dagrun for example_xcom to 2021-01-01T00:00:00+00:00, run_after=2021-01-01T00:00:00+00:00
[2023-03-12T19:03:56.409+0000] {processor.py:176} INFO - Processing /home/airflow/.local/lib/python3.7/site-packages/airflow/example_dags/example_xcom.py took 0.110 seconds
[2023-03-12T20:24:25.746+0000] {processor.py:154} INFO - Started process (PID=37487) to work on /home/airflow/.local/lib/python3.7/site-packages/airflow/example_dags/example_xcom.py
[2023-03-12T20:24:25.747+0000] {processor.py:756} INFO - Processing file /home/airflow/.local/lib/python3.7/site-packages/airflow/example_dags/example_xcom.py for tasks to queue
[2023-03-12T20:24:25.748+0000] {logging_mixin.py:120} INFO - [2023-03-12T20:24:25.748+0000] {dagbag.py:537} INFO - Filling up the DagBag from /home/airflow/.local/lib/python3.7/site-packages/airflow/example_dags/example_xcom.py
[2023-03-12T20:24:25.792+0000] {processor.py:766} INFO - DAG(s) dict_keys(['example_xcom']) retrieved from /home/airflow/.local/lib/python3.7/site-packages/airflow/example_dags/example_xcom.py
[2023-03-12T20:24:25.850+0000] {logging_mixin.py:120} INFO - [2023-03-12T20:24:25.850+0000] {dag.py:2585} INFO - Sync 1 DAGs
[2023-03-12T20:24:25.877+0000] {logging_mixin.py:120} INFO - [2023-03-12T20:24:25.877+0000] {dag.py:3340} INFO - Setting next_dagrun for example_xcom to 2021-01-01T00:00:00+00:00, run_after=2021-01-01T00:00:00+00:00
[2023-03-12T20:24:25.899+0000] {processor.py:176} INFO - Processing /home/airflow/.local/lib/python3.7/site-packages/airflow/example_dags/example_xcom.py took 0.156 seconds
[2023-03-12T21:28:16.779+0000] {processor.py:154} INFO - Started process (PID=37541) to work on /home/airflow/.local/lib/python3.7/site-packages/airflow/example_dags/example_xcom.py
[2023-03-12T21:28:16.781+0000] {processor.py:756} INFO - Processing file /home/airflow/.local/lib/python3.7/site-packages/airflow/example_dags/example_xcom.py for tasks to queue
[2023-03-12T21:28:16.782+0000] {logging_mixin.py:120} INFO - [2023-03-12T21:28:16.782+0000] {dagbag.py:537} INFO - Filling up the DagBag from /home/airflow/.local/lib/python3.7/site-packages/airflow/example_dags/example_xcom.py
[2023-03-12T21:28:16.808+0000] {processor.py:766} INFO - DAG(s) dict_keys(['example_xcom']) retrieved from /home/airflow/.local/lib/python3.7/site-packages/airflow/example_dags/example_xcom.py
[2023-03-12T21:28:16.852+0000] {logging_mixin.py:120} INFO - [2023-03-12T21:28:16.852+0000] {dag.py:2585} INFO - Sync 1 DAGs
[2023-03-12T21:28:16.869+0000] {logging_mixin.py:120} INFO - [2023-03-12T21:28:16.869+0000] {dag.py:3340} INFO - Setting next_dagrun for example_xcom to 2021-01-01T00:00:00+00:00, run_after=2021-01-01T00:00:00+00:00
[2023-03-12T21:28:16.881+0000] {processor.py:176} INFO - Processing /home/airflow/.local/lib/python3.7/site-packages/airflow/example_dags/example_xcom.py took 0.110 seconds
[2023-03-12T22:30:17.343+0000] {processor.py:154} INFO - Started process (PID=37605) to work on /home/airflow/.local/lib/python3.7/site-packages/airflow/example_dags/example_xcom.py
[2023-03-12T22:30:17.344+0000] {processor.py:756} INFO - Processing file /home/airflow/.local/lib/python3.7/site-packages/airflow/example_dags/example_xcom.py for tasks to queue
[2023-03-12T22:30:17.345+0000] {logging_mixin.py:120} INFO - [2023-03-12T22:30:17.345+0000] {dagbag.py:537} INFO - Filling up the DagBag from /home/airflow/.local/lib/python3.7/site-packages/airflow/example_dags/example_xcom.py
[2023-03-12T22:30:17.400+0000] {processor.py:766} INFO - DAG(s) dict_keys(['example_xcom']) retrieved from /home/airflow/.local/lib/python3.7/site-packages/airflow/example_dags/example_xcom.py
[2023-03-12T22:30:17.482+0000] {logging_mixin.py:120} INFO - [2023-03-12T22:30:17.482+0000] {dag.py:2585} INFO - Sync 1 DAGs
[2023-03-12T22:30:17.512+0000] {logging_mixin.py:120} INFO - [2023-03-12T22:30:17.512+0000] {dag.py:3340} INFO - Setting next_dagrun for example_xcom to 2021-01-01T00:00:00+00:00, run_after=2021-01-01T00:00:00+00:00
[2023-03-12T22:30:17.540+0000] {processor.py:176} INFO - Processing /home/airflow/.local/lib/python3.7/site-packages/airflow/example_dags/example_xcom.py took 0.200 seconds
[2023-03-12T23:33:21.855+0000] {processor.py:154} INFO - Started process (PID=37668) to work on /home/airflow/.local/lib/python3.7/site-packages/airflow/example_dags/example_xcom.py
[2023-03-12T23:33:21.857+0000] {processor.py:756} INFO - Processing file /home/airflow/.local/lib/python3.7/site-packages/airflow/example_dags/example_xcom.py for tasks to queue
[2023-03-12T23:33:21.858+0000] {logging_mixin.py:120} INFO - [2023-03-12T23:33:21.858+0000] {dagbag.py:537} INFO - Filling up the DagBag from /home/airflow/.local/lib/python3.7/site-packages/airflow/example_dags/example_xcom.py
[2023-03-12T23:33:21.872+0000] {processor.py:766} INFO - DAG(s) dict_keys(['example_xcom']) retrieved from /home/airflow/.local/lib/python3.7/site-packages/airflow/example_dags/example_xcom.py
[2023-03-12T23:33:21.913+0000] {logging_mixin.py:120} INFO - [2023-03-12T23:33:21.913+0000] {dag.py:2585} INFO - Sync 1 DAGs
[2023-03-12T23:33:21.940+0000] {logging_mixin.py:120} INFO - [2023-03-12T23:33:21.940+0000] {dag.py:3340} INFO - Setting next_dagrun for example_xcom to 2021-01-01T00:00:00+00:00, run_after=2021-01-01T00:00:00+00:00
[2023-03-12T23:33:21.961+0000] {processor.py:176} INFO - Processing /home/airflow/.local/lib/python3.7/site-packages/airflow/example_dags/example_xcom.py took 0.108 seconds
