[2023-03-12T00:05:11.023+0000] {processor.py:154} INFO - Started process (PID=36373) to work on /home/airflow/.local/lib/python3.7/site-packages/airflow/example_dags/example_short_circuit_operator.py
[2023-03-12T00:05:11.024+0000] {processor.py:756} INFO - Processing file /home/airflow/.local/lib/python3.7/site-packages/airflow/example_dags/example_short_circuit_operator.py for tasks to queue
[2023-03-12T00:05:11.025+0000] {logging_mixin.py:120} INFO - [2023-03-12T00:05:11.024+0000] {dagbag.py:537} INFO - Filling up the DagBag from /home/airflow/.local/lib/python3.7/site-packages/airflow/example_dags/example_short_circuit_operator.py
[2023-03-12T00:05:11.036+0000] {processor.py:766} INFO - DAG(s) dict_keys(['example_short_circuit_operator']) retrieved from /home/airflow/.local/lib/python3.7/site-packages/airflow/example_dags/example_short_circuit_operator.py
[2023-03-12T00:05:11.065+0000] {logging_mixin.py:120} INFO - [2023-03-12T00:05:11.065+0000] {dag.py:2585} INFO - Sync 1 DAGs
[2023-03-12T00:05:11.082+0000] {logging_mixin.py:120} INFO - [2023-03-12T00:05:11.082+0000] {dag.py:3340} INFO - Setting next_dagrun for example_short_circuit_operator to 2023-03-11T00:05:11.082300+00:00, run_after=2023-03-12T00:05:11.082300+00:00
[2023-03-12T00:05:11.094+0000] {processor.py:176} INFO - Processing /home/airflow/.local/lib/python3.7/site-packages/airflow/example_dags/example_short_circuit_operator.py took 0.074 seconds
[2023-03-12T01:11:08.070+0000] {processor.py:154} INFO - Started process (PID=36436) to work on /home/airflow/.local/lib/python3.7/site-packages/airflow/example_dags/example_short_circuit_operator.py
[2023-03-12T01:11:08.071+0000] {processor.py:756} INFO - Processing file /home/airflow/.local/lib/python3.7/site-packages/airflow/example_dags/example_short_circuit_operator.py for tasks to queue
[2023-03-12T01:11:08.072+0000] {logging_mixin.py:120} INFO - [2023-03-12T01:11:08.072+0000] {dagbag.py:537} INFO - Filling up the DagBag from /home/airflow/.local/lib/python3.7/site-packages/airflow/example_dags/example_short_circuit_operator.py
[2023-03-12T01:11:08.085+0000] {processor.py:766} INFO - DAG(s) dict_keys(['example_short_circuit_operator']) retrieved from /home/airflow/.local/lib/python3.7/site-packages/airflow/example_dags/example_short_circuit_operator.py
[2023-03-12T01:11:08.114+0000] {logging_mixin.py:120} INFO - [2023-03-12T01:11:08.114+0000] {dag.py:2585} INFO - Sync 1 DAGs
[2023-03-12T01:11:08.129+0000] {logging_mixin.py:120} INFO - [2023-03-12T01:11:08.129+0000] {dag.py:3340} INFO - Setting next_dagrun for example_short_circuit_operator to 2023-03-11T01:11:08.129017+00:00, run_after=2023-03-12T01:11:08.129017+00:00
[2023-03-12T01:11:08.141+0000] {processor.py:176} INFO - Processing /home/airflow/.local/lib/python3.7/site-packages/airflow/example_dags/example_short_circuit_operator.py took 0.073 seconds
[2023-03-12T02:20:06.163+0000] {processor.py:154} INFO - Started process (PID=36500) to work on /home/airflow/.local/lib/python3.7/site-packages/airflow/example_dags/example_short_circuit_operator.py
[2023-03-12T02:20:06.164+0000] {processor.py:756} INFO - Processing file /home/airflow/.local/lib/python3.7/site-packages/airflow/example_dags/example_short_circuit_operator.py for tasks to queue
[2023-03-12T02:20:06.165+0000] {logging_mixin.py:120} INFO - [2023-03-12T02:20:06.165+0000] {dagbag.py:537} INFO - Filling up the DagBag from /home/airflow/.local/lib/python3.7/site-packages/airflow/example_dags/example_short_circuit_operator.py
[2023-03-12T02:20:06.180+0000] {processor.py:766} INFO - DAG(s) dict_keys(['example_short_circuit_operator']) retrieved from /home/airflow/.local/lib/python3.7/site-packages/airflow/example_dags/example_short_circuit_operator.py
[2023-03-12T02:20:06.228+0000] {logging_mixin.py:120} INFO - [2023-03-12T02:20:06.227+0000] {dag.py:2585} INFO - Sync 1 DAGs
[2023-03-12T02:20:06.246+0000] {logging_mixin.py:120} INFO - [2023-03-12T02:20:06.246+0000] {dag.py:3340} INFO - Setting next_dagrun for example_short_circuit_operator to 2023-03-11T02:20:06.245940+00:00, run_after=2023-03-12T02:20:06.245940+00:00
[2023-03-12T02:20:06.259+0000] {processor.py:176} INFO - Processing /home/airflow/.local/lib/python3.7/site-packages/airflow/example_dags/example_short_circuit_operator.py took 0.101 seconds
[2023-03-12T03:43:51.642+0000] {processor.py:154} INFO - Started process (PID=36563) to work on /home/airflow/.local/lib/python3.7/site-packages/airflow/example_dags/example_short_circuit_operator.py
[2023-03-12T03:43:51.644+0000] {processor.py:756} INFO - Processing file /home/airflow/.local/lib/python3.7/site-packages/airflow/example_dags/example_short_circuit_operator.py for tasks to queue
[2023-03-12T03:43:51.645+0000] {logging_mixin.py:120} INFO - [2023-03-12T03:43:51.645+0000] {dagbag.py:537} INFO - Filling up the DagBag from /home/airflow/.local/lib/python3.7/site-packages/airflow/example_dags/example_short_circuit_operator.py
[2023-03-12T03:43:51.670+0000] {processor.py:766} INFO - DAG(s) dict_keys(['example_short_circuit_operator']) retrieved from /home/airflow/.local/lib/python3.7/site-packages/airflow/example_dags/example_short_circuit_operator.py
[2023-03-12T03:43:51.720+0000] {logging_mixin.py:120} INFO - [2023-03-12T03:43:51.720+0000] {dag.py:2585} INFO - Sync 1 DAGs
[2023-03-12T03:43:51.741+0000] {logging_mixin.py:120} INFO - [2023-03-12T03:43:51.741+0000] {dag.py:3340} INFO - Setting next_dagrun for example_short_circuit_operator to 2023-03-11T03:43:51.741494+00:00, run_after=2023-03-12T03:43:51.741494+00:00
[2023-03-12T03:43:51.758+0000] {processor.py:176} INFO - Processing /home/airflow/.local/lib/python3.7/site-packages/airflow/example_dags/example_short_circuit_operator.py took 0.121 seconds
[2023-03-12T04:47:36.660+0000] {processor.py:154} INFO - Started process (PID=36626) to work on /home/airflow/.local/lib/python3.7/site-packages/airflow/example_dags/example_short_circuit_operator.py
[2023-03-12T04:47:36.664+0000] {processor.py:756} INFO - Processing file /home/airflow/.local/lib/python3.7/site-packages/airflow/example_dags/example_short_circuit_operator.py for tasks to queue
[2023-03-12T04:47:36.665+0000] {logging_mixin.py:120} INFO - [2023-03-12T04:47:36.665+0000] {dagbag.py:537} INFO - Filling up the DagBag from /home/airflow/.local/lib/python3.7/site-packages/airflow/example_dags/example_short_circuit_operator.py
[2023-03-12T04:47:36.703+0000] {processor.py:766} INFO - DAG(s) dict_keys(['example_short_circuit_operator']) retrieved from /home/airflow/.local/lib/python3.7/site-packages/airflow/example_dags/example_short_circuit_operator.py
[2023-03-12T04:47:36.758+0000] {logging_mixin.py:120} INFO - [2023-03-12T04:47:36.758+0000] {dag.py:2585} INFO - Sync 1 DAGs
[2023-03-12T04:47:36.785+0000] {logging_mixin.py:120} INFO - [2023-03-12T04:47:36.785+0000] {dag.py:3340} INFO - Setting next_dagrun for example_short_circuit_operator to 2023-03-11T04:47:36.785309+00:00, run_after=2023-03-12T04:47:36.785309+00:00
[2023-03-12T04:47:36.806+0000] {processor.py:176} INFO - Processing /home/airflow/.local/lib/python3.7/site-packages/airflow/example_dags/example_short_circuit_operator.py took 0.158 seconds
[2023-03-12T05:46:50.854+0000] {processor.py:154} INFO - Started process (PID=36689) to work on /home/airflow/.local/lib/python3.7/site-packages/airflow/example_dags/example_short_circuit_operator.py
[2023-03-12T05:46:50.856+0000] {processor.py:756} INFO - Processing file /home/airflow/.local/lib/python3.7/site-packages/airflow/example_dags/example_short_circuit_operator.py for tasks to queue
[2023-03-12T05:46:50.866+0000] {logging_mixin.py:120} INFO - [2023-03-12T05:46:50.866+0000] {dagbag.py:537} INFO - Filling up the DagBag from /home/airflow/.local/lib/python3.7/site-packages/airflow/example_dags/example_short_circuit_operator.py
[2023-03-12T05:46:50.879+0000] {processor.py:766} INFO - DAG(s) dict_keys(['example_short_circuit_operator']) retrieved from /home/airflow/.local/lib/python3.7/site-packages/airflow/example_dags/example_short_circuit_operator.py
[2023-03-12T05:46:50.933+0000] {logging_mixin.py:120} INFO - [2023-03-12T05:46:50.933+0000] {dag.py:2585} INFO - Sync 1 DAGs
[2023-03-12T05:46:50.954+0000] {logging_mixin.py:120} INFO - [2023-03-12T05:46:50.954+0000] {dag.py:3340} INFO - Setting next_dagrun for example_short_circuit_operator to 2023-03-11T05:46:50.954310+00:00, run_after=2023-03-12T05:46:50.954310+00:00
[2023-03-12T05:46:50.967+0000] {processor.py:176} INFO - Processing /home/airflow/.local/lib/python3.7/site-packages/airflow/example_dags/example_short_circuit_operator.py took 0.116 seconds
[2023-03-12T06:51:38.638+0000] {processor.py:154} INFO - Started process (PID=36743) to work on /home/airflow/.local/lib/python3.7/site-packages/airflow/example_dags/example_short_circuit_operator.py
[2023-03-12T06:51:38.642+0000] {processor.py:756} INFO - Processing file /home/airflow/.local/lib/python3.7/site-packages/airflow/example_dags/example_short_circuit_operator.py for tasks to queue
[2023-03-12T06:51:38.643+0000] {logging_mixin.py:120} INFO - [2023-03-12T06:51:38.643+0000] {dagbag.py:537} INFO - Filling up the DagBag from /home/airflow/.local/lib/python3.7/site-packages/airflow/example_dags/example_short_circuit_operator.py
[2023-03-12T06:51:38.658+0000] {processor.py:766} INFO - DAG(s) dict_keys(['example_short_circuit_operator']) retrieved from /home/airflow/.local/lib/python3.7/site-packages/airflow/example_dags/example_short_circuit_operator.py
[2023-03-12T06:51:38.692+0000] {logging_mixin.py:120} INFO - [2023-03-12T06:51:38.692+0000] {dag.py:2585} INFO - Sync 1 DAGs
[2023-03-12T06:51:38.708+0000] {logging_mixin.py:120} INFO - [2023-03-12T06:51:38.708+0000] {dag.py:3340} INFO - Setting next_dagrun for example_short_circuit_operator to 2023-03-11T06:51:38.707887+00:00, run_after=2023-03-12T06:51:38.707887+00:00
[2023-03-12T06:51:38.720+0000] {processor.py:176} INFO - Processing /home/airflow/.local/lib/python3.7/site-packages/airflow/example_dags/example_short_circuit_operator.py took 0.085 seconds
[2023-03-12T07:59:56.400+0000] {processor.py:154} INFO - Started process (PID=36807) to work on /home/airflow/.local/lib/python3.7/site-packages/airflow/example_dags/example_short_circuit_operator.py
[2023-03-12T07:59:56.405+0000] {processor.py:756} INFO - Processing file /home/airflow/.local/lib/python3.7/site-packages/airflow/example_dags/example_short_circuit_operator.py for tasks to queue
[2023-03-12T07:59:56.406+0000] {logging_mixin.py:120} INFO - [2023-03-12T07:59:56.406+0000] {dagbag.py:537} INFO - Filling up the DagBag from /home/airflow/.local/lib/python3.7/site-packages/airflow/example_dags/example_short_circuit_operator.py
[2023-03-12T07:59:56.424+0000] {processor.py:766} INFO - DAG(s) dict_keys(['example_short_circuit_operator']) retrieved from /home/airflow/.local/lib/python3.7/site-packages/airflow/example_dags/example_short_circuit_operator.py
[2023-03-12T07:59:56.485+0000] {logging_mixin.py:120} INFO - [2023-03-12T07:59:56.485+0000] {dag.py:2585} INFO - Sync 1 DAGs
[2023-03-12T07:59:56.509+0000] {logging_mixin.py:120} INFO - [2023-03-12T07:59:56.509+0000] {dag.py:3340} INFO - Setting next_dagrun for example_short_circuit_operator to 2023-03-11T07:59:56.509405+00:00, run_after=2023-03-12T07:59:56.509405+00:00
[2023-03-12T07:59:56.538+0000] {processor.py:176} INFO - Processing /home/airflow/.local/lib/python3.7/site-packages/airflow/example_dags/example_short_circuit_operator.py took 0.149 seconds
[2023-03-12T09:20:36.197+0000] {processor.py:154} INFO - Started process (PID=36870) to work on /home/airflow/.local/lib/python3.7/site-packages/airflow/example_dags/example_short_circuit_operator.py
[2023-03-12T09:20:36.199+0000] {processor.py:756} INFO - Processing file /home/airflow/.local/lib/python3.7/site-packages/airflow/example_dags/example_short_circuit_operator.py for tasks to queue
[2023-03-12T09:20:36.200+0000] {logging_mixin.py:120} INFO - [2023-03-12T09:20:36.200+0000] {dagbag.py:537} INFO - Filling up the DagBag from /home/airflow/.local/lib/python3.7/site-packages/airflow/example_dags/example_short_circuit_operator.py
[2023-03-12T09:20:36.222+0000] {processor.py:766} INFO - DAG(s) dict_keys(['example_short_circuit_operator']) retrieved from /home/airflow/.local/lib/python3.7/site-packages/airflow/example_dags/example_short_circuit_operator.py
[2023-03-12T09:20:36.284+0000] {logging_mixin.py:120} INFO - [2023-03-12T09:20:36.284+0000] {dag.py:2585} INFO - Sync 1 DAGs
[2023-03-12T09:20:36.307+0000] {logging_mixin.py:120} INFO - [2023-03-12T09:20:36.307+0000] {dag.py:3340} INFO - Setting next_dagrun for example_short_circuit_operator to 2023-03-11T09:20:36.306929+00:00, run_after=2023-03-12T09:20:36.306929+00:00
[2023-03-12T09:20:36.327+0000] {processor.py:176} INFO - Processing /home/airflow/.local/lib/python3.7/site-packages/airflow/example_dags/example_short_circuit_operator.py took 0.133 seconds
[2023-03-12T10:26:30.671+0000] {processor.py:154} INFO - Started process (PID=36933) to work on /home/airflow/.local/lib/python3.7/site-packages/airflow/example_dags/example_short_circuit_operator.py
[2023-03-12T10:26:30.672+0000] {processor.py:756} INFO - Processing file /home/airflow/.local/lib/python3.7/site-packages/airflow/example_dags/example_short_circuit_operator.py for tasks to queue
[2023-03-12T10:26:30.673+0000] {logging_mixin.py:120} INFO - [2023-03-12T10:26:30.673+0000] {dagbag.py:537} INFO - Filling up the DagBag from /home/airflow/.local/lib/python3.7/site-packages/airflow/example_dags/example_short_circuit_operator.py
[2023-03-12T10:26:30.686+0000] {processor.py:766} INFO - DAG(s) dict_keys(['example_short_circuit_operator']) retrieved from /home/airflow/.local/lib/python3.7/site-packages/airflow/example_dags/example_short_circuit_operator.py
[2023-03-12T10:26:30.716+0000] {logging_mixin.py:120} INFO - [2023-03-12T10:26:30.716+0000] {dag.py:2585} INFO - Sync 1 DAGs
[2023-03-12T10:26:30.731+0000] {logging_mixin.py:120} INFO - [2023-03-12T10:26:30.731+0000] {dag.py:3340} INFO - Setting next_dagrun for example_short_circuit_operator to 2023-03-11T10:26:30.730793+00:00, run_after=2023-03-12T10:26:30.730793+00:00
[2023-03-12T10:26:30.742+0000] {processor.py:176} INFO - Processing /home/airflow/.local/lib/python3.7/site-packages/airflow/example_dags/example_short_circuit_operator.py took 0.074 seconds
[2023-03-12T11:32:25.564+0000] {processor.py:154} INFO - Started process (PID=36987) to work on /home/airflow/.local/lib/python3.7/site-packages/airflow/example_dags/example_short_circuit_operator.py
[2023-03-12T11:32:25.565+0000] {processor.py:756} INFO - Processing file /home/airflow/.local/lib/python3.7/site-packages/airflow/example_dags/example_short_circuit_operator.py for tasks to queue
[2023-03-12T11:32:25.566+0000] {logging_mixin.py:120} INFO - [2023-03-12T11:32:25.566+0000] {dagbag.py:537} INFO - Filling up the DagBag from /home/airflow/.local/lib/python3.7/site-packages/airflow/example_dags/example_short_circuit_operator.py
[2023-03-12T11:32:25.580+0000] {processor.py:766} INFO - DAG(s) dict_keys(['example_short_circuit_operator']) retrieved from /home/airflow/.local/lib/python3.7/site-packages/airflow/example_dags/example_short_circuit_operator.py
[2023-03-12T11:32:25.616+0000] {logging_mixin.py:120} INFO - [2023-03-12T11:32:25.616+0000] {dag.py:2585} INFO - Sync 1 DAGs
[2023-03-12T11:32:25.635+0000] {logging_mixin.py:120} INFO - [2023-03-12T11:32:25.635+0000] {dag.py:3340} INFO - Setting next_dagrun for example_short_circuit_operator to 2023-03-11T11:32:25.635263+00:00, run_after=2023-03-12T11:32:25.635263+00:00
[2023-03-12T11:32:25.647+0000] {processor.py:176} INFO - Processing /home/airflow/.local/lib/python3.7/site-packages/airflow/example_dags/example_short_circuit_operator.py took 0.085 seconds
[2023-03-12T12:40:38.191+0000] {processor.py:154} INFO - Started process (PID=37050) to work on /home/airflow/.local/lib/python3.7/site-packages/airflow/example_dags/example_short_circuit_operator.py
[2023-03-12T12:40:38.196+0000] {processor.py:756} INFO - Processing file /home/airflow/.local/lib/python3.7/site-packages/airflow/example_dags/example_short_circuit_operator.py for tasks to queue
[2023-03-12T12:40:38.197+0000] {logging_mixin.py:120} INFO - [2023-03-12T12:40:38.197+0000] {dagbag.py:537} INFO - Filling up the DagBag from /home/airflow/.local/lib/python3.7/site-packages/airflow/example_dags/example_short_circuit_operator.py
[2023-03-12T12:40:38.223+0000] {processor.py:766} INFO - DAG(s) dict_keys(['example_short_circuit_operator']) retrieved from /home/airflow/.local/lib/python3.7/site-packages/airflow/example_dags/example_short_circuit_operator.py
[2023-03-12T12:40:38.283+0000] {logging_mixin.py:120} INFO - [2023-03-12T12:40:38.283+0000] {dag.py:2585} INFO - Sync 1 DAGs
[2023-03-12T12:40:38.307+0000] {logging_mixin.py:120} INFO - [2023-03-12T12:40:38.306+0000] {dag.py:3340} INFO - Setting next_dagrun for example_short_circuit_operator to 2023-03-11T12:40:38.306782+00:00, run_after=2023-03-12T12:40:38.306782+00:00
[2023-03-12T12:40:38.323+0000] {processor.py:176} INFO - Processing /home/airflow/.local/lib/python3.7/site-packages/airflow/example_dags/example_short_circuit_operator.py took 0.136 seconds
[2023-03-12T13:59:46.634+0000] {processor.py:154} INFO - Started process (PID=37113) to work on /home/airflow/.local/lib/python3.7/site-packages/airflow/example_dags/example_short_circuit_operator.py
[2023-03-12T13:59:46.635+0000] {processor.py:756} INFO - Processing file /home/airflow/.local/lib/python3.7/site-packages/airflow/example_dags/example_short_circuit_operator.py for tasks to queue
[2023-03-12T13:59:46.636+0000] {logging_mixin.py:120} INFO - [2023-03-12T13:59:46.636+0000] {dagbag.py:537} INFO - Filling up the DagBag from /home/airflow/.local/lib/python3.7/site-packages/airflow/example_dags/example_short_circuit_operator.py
[2023-03-12T13:59:46.650+0000] {processor.py:766} INFO - DAG(s) dict_keys(['example_short_circuit_operator']) retrieved from /home/airflow/.local/lib/python3.7/site-packages/airflow/example_dags/example_short_circuit_operator.py
[2023-03-12T13:59:46.679+0000] {logging_mixin.py:120} INFO - [2023-03-12T13:59:46.679+0000] {dag.py:2585} INFO - Sync 1 DAGs
[2023-03-12T13:59:46.694+0000] {logging_mixin.py:120} INFO - [2023-03-12T13:59:46.694+0000] {dag.py:3340} INFO - Setting next_dagrun for example_short_circuit_operator to 2023-03-11T13:59:46.694264+00:00, run_after=2023-03-12T13:59:46.694264+00:00
[2023-03-12T13:59:46.708+0000] {processor.py:176} INFO - Processing /home/airflow/.local/lib/python3.7/site-packages/airflow/example_dags/example_short_circuit_operator.py took 0.077 seconds
[2023-03-12T15:06:04.581+0000] {processor.py:154} INFO - Started process (PID=37176) to work on /home/airflow/.local/lib/python3.7/site-packages/airflow/example_dags/example_short_circuit_operator.py
[2023-03-12T15:06:04.581+0000] {processor.py:756} INFO - Processing file /home/airflow/.local/lib/python3.7/site-packages/airflow/example_dags/example_short_circuit_operator.py for tasks to queue
[2023-03-12T15:06:04.582+0000] {logging_mixin.py:120} INFO - [2023-03-12T15:06:04.582+0000] {dagbag.py:537} INFO - Filling up the DagBag from /home/airflow/.local/lib/python3.7/site-packages/airflow/example_dags/example_short_circuit_operator.py
[2023-03-12T15:06:04.608+0000] {processor.py:766} INFO - DAG(s) dict_keys(['example_short_circuit_operator']) retrieved from /home/airflow/.local/lib/python3.7/site-packages/airflow/example_dags/example_short_circuit_operator.py
[2023-03-12T15:06:04.659+0000] {logging_mixin.py:120} INFO - [2023-03-12T15:06:04.658+0000] {dag.py:2585} INFO - Sync 1 DAGs
[2023-03-12T15:06:04.675+0000] {logging_mixin.py:120} INFO - [2023-03-12T15:06:04.675+0000] {dag.py:3340} INFO - Setting next_dagrun for example_short_circuit_operator to 2023-03-11T15:06:04.675522+00:00, run_after=2023-03-12T15:06:04.675522+00:00
[2023-03-12T15:06:04.687+0000] {processor.py:176} INFO - Processing /home/airflow/.local/lib/python3.7/site-packages/airflow/example_dags/example_short_circuit_operator.py took 0.110 seconds
[2023-03-12T16:10:43.641+0000] {processor.py:154} INFO - Started process (PID=37238) to work on /home/airflow/.local/lib/python3.7/site-packages/airflow/example_dags/example_short_circuit_operator.py
[2023-03-12T16:10:43.642+0000] {processor.py:756} INFO - Processing file /home/airflow/.local/lib/python3.7/site-packages/airflow/example_dags/example_short_circuit_operator.py for tasks to queue
[2023-03-12T16:10:43.643+0000] {logging_mixin.py:120} INFO - [2023-03-12T16:10:43.643+0000] {dagbag.py:537} INFO - Filling up the DagBag from /home/airflow/.local/lib/python3.7/site-packages/airflow/example_dags/example_short_circuit_operator.py
[2023-03-12T16:10:43.657+0000] {processor.py:766} INFO - DAG(s) dict_keys(['example_short_circuit_operator']) retrieved from /home/airflow/.local/lib/python3.7/site-packages/airflow/example_dags/example_short_circuit_operator.py
[2023-03-12T16:10:43.683+0000] {logging_mixin.py:120} INFO - [2023-03-12T16:10:43.683+0000] {dag.py:2585} INFO - Sync 1 DAGs
[2023-03-12T16:10:43.698+0000] {logging_mixin.py:120} INFO - [2023-03-12T16:10:43.698+0000] {dag.py:3340} INFO - Setting next_dagrun for example_short_circuit_operator to 2023-03-11T16:10:43.698055+00:00, run_after=2023-03-12T16:10:43.698055+00:00
[2023-03-12T16:10:43.709+0000] {processor.py:176} INFO - Processing /home/airflow/.local/lib/python3.7/site-packages/airflow/example_dags/example_short_circuit_operator.py took 0.071 seconds
[2023-03-12T17:18:10.593+0000] {processor.py:154} INFO - Started process (PID=37294) to work on /home/airflow/.local/lib/python3.7/site-packages/airflow/example_dags/example_short_circuit_operator.py
[2023-03-12T17:18:10.594+0000] {processor.py:756} INFO - Processing file /home/airflow/.local/lib/python3.7/site-packages/airflow/example_dags/example_short_circuit_operator.py for tasks to queue
[2023-03-12T17:18:10.595+0000] {logging_mixin.py:120} INFO - [2023-03-12T17:18:10.595+0000] {dagbag.py:537} INFO - Filling up the DagBag from /home/airflow/.local/lib/python3.7/site-packages/airflow/example_dags/example_short_circuit_operator.py
[2023-03-12T17:18:10.612+0000] {processor.py:766} INFO - DAG(s) dict_keys(['example_short_circuit_operator']) retrieved from /home/airflow/.local/lib/python3.7/site-packages/airflow/example_dags/example_short_circuit_operator.py
[2023-03-12T17:18:10.640+0000] {logging_mixin.py:120} INFO - [2023-03-12T17:18:10.640+0000] {dag.py:2585} INFO - Sync 1 DAGs
[2023-03-12T17:18:10.662+0000] {logging_mixin.py:120} INFO - [2023-03-12T17:18:10.662+0000] {dag.py:3340} INFO - Setting next_dagrun for example_short_circuit_operator to 2023-03-11T17:18:10.662483+00:00, run_after=2023-03-12T17:18:10.662483+00:00
[2023-03-12T17:18:10.674+0000] {processor.py:176} INFO - Processing /home/airflow/.local/lib/python3.7/site-packages/airflow/example_dags/example_short_circuit_operator.py took 0.083 seconds
[2023-03-12T18:23:02.466+0000] {processor.py:154} INFO - Started process (PID=37357) to work on /home/airflow/.local/lib/python3.7/site-packages/airflow/example_dags/example_short_circuit_operator.py
[2023-03-12T18:23:02.468+0000] {processor.py:756} INFO - Processing file /home/airflow/.local/lib/python3.7/site-packages/airflow/example_dags/example_short_circuit_operator.py for tasks to queue
[2023-03-12T18:23:02.468+0000] {logging_mixin.py:120} INFO - [2023-03-12T18:23:02.468+0000] {dagbag.py:537} INFO - Filling up the DagBag from /home/airflow/.local/lib/python3.7/site-packages/airflow/example_dags/example_short_circuit_operator.py
[2023-03-12T18:23:02.491+0000] {processor.py:766} INFO - DAG(s) dict_keys(['example_short_circuit_operator']) retrieved from /home/airflow/.local/lib/python3.7/site-packages/airflow/example_dags/example_short_circuit_operator.py
[2023-03-12T18:23:02.544+0000] {logging_mixin.py:120} INFO - [2023-03-12T18:23:02.543+0000] {dag.py:2585} INFO - Sync 1 DAGs
[2023-03-12T18:23:02.566+0000] {logging_mixin.py:120} INFO - [2023-03-12T18:23:02.566+0000] {dag.py:3340} INFO - Setting next_dagrun for example_short_circuit_operator to 2023-03-11T18:23:02.565802+00:00, run_after=2023-03-12T18:23:02.565802+00:00
[2023-03-12T18:23:02.584+0000] {processor.py:176} INFO - Processing /home/airflow/.local/lib/python3.7/site-packages/airflow/example_dags/example_short_circuit_operator.py took 0.122 seconds
[2023-03-12T19:03:55.489+0000] {processor.py:154} INFO - Started process (PID=37420) to work on /home/airflow/.local/lib/python3.7/site-packages/airflow/example_dags/example_short_circuit_operator.py
[2023-03-12T19:03:55.491+0000] {processor.py:756} INFO - Processing file /home/airflow/.local/lib/python3.7/site-packages/airflow/example_dags/example_short_circuit_operator.py for tasks to queue
[2023-03-12T19:03:55.491+0000] {logging_mixin.py:120} INFO - [2023-03-12T19:03:55.491+0000] {dagbag.py:537} INFO - Filling up the DagBag from /home/airflow/.local/lib/python3.7/site-packages/airflow/example_dags/example_short_circuit_operator.py
[2023-03-12T19:03:55.508+0000] {processor.py:766} INFO - DAG(s) dict_keys(['example_short_circuit_operator']) retrieved from /home/airflow/.local/lib/python3.7/site-packages/airflow/example_dags/example_short_circuit_operator.py
[2023-03-12T19:03:55.552+0000] {logging_mixin.py:120} INFO - [2023-03-12T19:03:55.552+0000] {dag.py:2585} INFO - Sync 1 DAGs
[2023-03-12T19:03:55.570+0000] {logging_mixin.py:120} INFO - [2023-03-12T19:03:55.570+0000] {dag.py:3340} INFO - Setting next_dagrun for example_short_circuit_operator to 2023-03-11T19:03:55.570075+00:00, run_after=2023-03-12T19:03:55.570075+00:00
[2023-03-12T19:03:55.589+0000] {processor.py:176} INFO - Processing /home/airflow/.local/lib/python3.7/site-packages/airflow/example_dags/example_short_circuit_operator.py took 0.104 seconds
[2023-03-12T20:24:25.369+0000] {processor.py:154} INFO - Started process (PID=37482) to work on /home/airflow/.local/lib/python3.7/site-packages/airflow/example_dags/example_short_circuit_operator.py
[2023-03-12T20:24:25.370+0000] {processor.py:756} INFO - Processing file /home/airflow/.local/lib/python3.7/site-packages/airflow/example_dags/example_short_circuit_operator.py for tasks to queue
[2023-03-12T20:24:25.370+0000] {logging_mixin.py:120} INFO - [2023-03-12T20:24:25.370+0000] {dagbag.py:537} INFO - Filling up the DagBag from /home/airflow/.local/lib/python3.7/site-packages/airflow/example_dags/example_short_circuit_operator.py
[2023-03-12T20:24:25.382+0000] {processor.py:766} INFO - DAG(s) dict_keys(['example_short_circuit_operator']) retrieved from /home/airflow/.local/lib/python3.7/site-packages/airflow/example_dags/example_short_circuit_operator.py
[2023-03-12T20:24:25.410+0000] {logging_mixin.py:120} INFO - [2023-03-12T20:24:25.410+0000] {dag.py:2585} INFO - Sync 1 DAGs
[2023-03-12T20:24:25.425+0000] {logging_mixin.py:120} INFO - [2023-03-12T20:24:25.425+0000] {dag.py:3340} INFO - Setting next_dagrun for example_short_circuit_operator to 2023-03-11T20:24:25.425044+00:00, run_after=2023-03-12T20:24:25.425044+00:00
[2023-03-12T20:24:25.437+0000] {processor.py:176} INFO - Processing /home/airflow/.local/lib/python3.7/site-packages/airflow/example_dags/example_short_circuit_operator.py took 0.071 seconds
[2023-03-12T21:28:16.332+0000] {processor.py:154} INFO - Started process (PID=37536) to work on /home/airflow/.local/lib/python3.7/site-packages/airflow/example_dags/example_short_circuit_operator.py
[2023-03-12T21:28:16.335+0000] {processor.py:756} INFO - Processing file /home/airflow/.local/lib/python3.7/site-packages/airflow/example_dags/example_short_circuit_operator.py for tasks to queue
[2023-03-12T21:28:16.341+0000] {logging_mixin.py:120} INFO - [2023-03-12T21:28:16.340+0000] {dagbag.py:537} INFO - Filling up the DagBag from /home/airflow/.local/lib/python3.7/site-packages/airflow/example_dags/example_short_circuit_operator.py
[2023-03-12T21:28:16.357+0000] {processor.py:766} INFO - DAG(s) dict_keys(['example_short_circuit_operator']) retrieved from /home/airflow/.local/lib/python3.7/site-packages/airflow/example_dags/example_short_circuit_operator.py
[2023-03-12T21:28:16.399+0000] {logging_mixin.py:120} INFO - [2023-03-12T21:28:16.399+0000] {dag.py:2585} INFO - Sync 1 DAGs
[2023-03-12T21:28:16.418+0000] {logging_mixin.py:120} INFO - [2023-03-12T21:28:16.418+0000] {dag.py:3340} INFO - Setting next_dagrun for example_short_circuit_operator to 2023-03-11T21:28:16.417875+00:00, run_after=2023-03-12T21:28:16.417875+00:00
[2023-03-12T21:28:16.430+0000] {processor.py:176} INFO - Processing /home/airflow/.local/lib/python3.7/site-packages/airflow/example_dags/example_short_circuit_operator.py took 0.106 seconds
[2023-03-12T22:30:16.943+0000] {processor.py:154} INFO - Started process (PID=37600) to work on /home/airflow/.local/lib/python3.7/site-packages/airflow/example_dags/example_short_circuit_operator.py
[2023-03-12T22:30:16.945+0000] {processor.py:756} INFO - Processing file /home/airflow/.local/lib/python3.7/site-packages/airflow/example_dags/example_short_circuit_operator.py for tasks to queue
[2023-03-12T22:30:16.946+0000] {logging_mixin.py:120} INFO - [2023-03-12T22:30:16.946+0000] {dagbag.py:537} INFO - Filling up the DagBag from /home/airflow/.local/lib/python3.7/site-packages/airflow/example_dags/example_short_circuit_operator.py
[2023-03-12T22:30:16.960+0000] {processor.py:766} INFO - DAG(s) dict_keys(['example_short_circuit_operator']) retrieved from /home/airflow/.local/lib/python3.7/site-packages/airflow/example_dags/example_short_circuit_operator.py
[2023-03-12T22:30:17.014+0000] {logging_mixin.py:120} INFO - [2023-03-12T22:30:17.014+0000] {dag.py:2585} INFO - Sync 1 DAGs
[2023-03-12T22:30:17.043+0000] {logging_mixin.py:120} INFO - [2023-03-12T22:30:17.043+0000] {dag.py:3340} INFO - Setting next_dagrun for example_short_circuit_operator to 2023-03-11T22:30:17.043510+00:00, run_after=2023-03-12T22:30:17.043510+00:00
[2023-03-12T22:30:17.056+0000] {processor.py:176} INFO - Processing /home/airflow/.local/lib/python3.7/site-packages/airflow/example_dags/example_short_circuit_operator.py took 0.116 seconds
[2023-03-12T23:33:21.536+0000] {processor.py:154} INFO - Started process (PID=37663) to work on /home/airflow/.local/lib/python3.7/site-packages/airflow/example_dags/example_short_circuit_operator.py
[2023-03-12T23:33:21.537+0000] {processor.py:756} INFO - Processing file /home/airflow/.local/lib/python3.7/site-packages/airflow/example_dags/example_short_circuit_operator.py for tasks to queue
[2023-03-12T23:33:21.538+0000] {logging_mixin.py:120} INFO - [2023-03-12T23:33:21.538+0000] {dagbag.py:537} INFO - Filling up the DagBag from /home/airflow/.local/lib/python3.7/site-packages/airflow/example_dags/example_short_circuit_operator.py
[2023-03-12T23:33:21.573+0000] {processor.py:766} INFO - DAG(s) dict_keys(['example_short_circuit_operator']) retrieved from /home/airflow/.local/lib/python3.7/site-packages/airflow/example_dags/example_short_circuit_operator.py
[2023-03-12T23:33:21.628+0000] {logging_mixin.py:120} INFO - [2023-03-12T23:33:21.628+0000] {dag.py:2585} INFO - Sync 1 DAGs
[2023-03-12T23:33:21.661+0000] {logging_mixin.py:120} INFO - [2023-03-12T23:33:21.661+0000] {dag.py:3340} INFO - Setting next_dagrun for example_short_circuit_operator to 2023-03-11T23:33:21.658871+00:00, run_after=2023-03-12T23:33:21.658871+00:00
[2023-03-12T23:33:21.676+0000] {processor.py:176} INFO - Processing /home/airflow/.local/lib/python3.7/site-packages/airflow/example_dags/example_short_circuit_operator.py took 0.144 seconds
