[2023-03-12T00:05:11.020+0000] {processor.py:154} INFO - Started process (PID=36372) to work on /home/airflow/.local/lib/python3.7/site-packages/airflow/example_dags/example_latest_only_with_trigger.py
[2023-03-12T00:05:11.021+0000] {processor.py:756} INFO - Processing file /home/airflow/.local/lib/python3.7/site-packages/airflow/example_dags/example_latest_only_with_trigger.py for tasks to queue
[2023-03-12T00:05:11.021+0000] {logging_mixin.py:120} INFO - [2023-03-12T00:05:11.021+0000] {dagbag.py:537} INFO - Filling up the DagBag from /home/airflow/.local/lib/python3.7/site-packages/airflow/example_dags/example_latest_only_with_trigger.py
[2023-03-12T00:05:11.033+0000] {processor.py:766} INFO - DAG(s) dict_keys(['latest_only_with_trigger']) retrieved from /home/airflow/.local/lib/python3.7/site-packages/airflow/example_dags/example_latest_only_with_trigger.py
[2023-03-12T00:05:11.065+0000] {logging_mixin.py:120} INFO - [2023-03-12T00:05:11.065+0000] {dag.py:2585} INFO - Sync 1 DAGs
[2023-03-12T00:05:11.085+0000] {logging_mixin.py:120} INFO - [2023-03-12T00:05:11.084+0000] {dag.py:3340} INFO - Setting next_dagrun for latest_only_with_trigger to 2023-03-11T20:05:11.084756+00:00, run_after=2023-03-12T00:05:11.084756+00:00
[2023-03-12T00:05:11.096+0000] {processor.py:176} INFO - Processing /home/airflow/.local/lib/python3.7/site-packages/airflow/example_dags/example_latest_only_with_trigger.py took 0.080 seconds
[2023-03-12T01:11:08.067+0000] {processor.py:154} INFO - Started process (PID=36435) to work on /home/airflow/.local/lib/python3.7/site-packages/airflow/example_dags/example_latest_only_with_trigger.py
[2023-03-12T01:11:08.068+0000] {processor.py:756} INFO - Processing file /home/airflow/.local/lib/python3.7/site-packages/airflow/example_dags/example_latest_only_with_trigger.py for tasks to queue
[2023-03-12T01:11:08.069+0000] {logging_mixin.py:120} INFO - [2023-03-12T01:11:08.069+0000] {dagbag.py:537} INFO - Filling up the DagBag from /home/airflow/.local/lib/python3.7/site-packages/airflow/example_dags/example_latest_only_with_trigger.py
[2023-03-12T01:11:08.081+0000] {processor.py:766} INFO - DAG(s) dict_keys(['latest_only_with_trigger']) retrieved from /home/airflow/.local/lib/python3.7/site-packages/airflow/example_dags/example_latest_only_with_trigger.py
[2023-03-12T01:11:08.113+0000] {logging_mixin.py:120} INFO - [2023-03-12T01:11:08.113+0000] {dag.py:2585} INFO - Sync 1 DAGs
[2023-03-12T01:11:08.129+0000] {logging_mixin.py:120} INFO - [2023-03-12T01:11:08.129+0000] {dag.py:3340} INFO - Setting next_dagrun for latest_only_with_trigger to 2023-03-11T21:11:08.129050+00:00, run_after=2023-03-12T01:11:08.129050+00:00
[2023-03-12T01:11:08.141+0000] {processor.py:176} INFO - Processing /home/airflow/.local/lib/python3.7/site-packages/airflow/example_dags/example_latest_only_with_trigger.py took 0.077 seconds
[2023-03-12T02:20:06.022+0000] {processor.py:154} INFO - Started process (PID=36499) to work on /home/airflow/.local/lib/python3.7/site-packages/airflow/example_dags/example_latest_only_with_trigger.py
[2023-03-12T02:20:06.024+0000] {processor.py:756} INFO - Processing file /home/airflow/.local/lib/python3.7/site-packages/airflow/example_dags/example_latest_only_with_trigger.py for tasks to queue
[2023-03-12T02:20:06.025+0000] {logging_mixin.py:120} INFO - [2023-03-12T02:20:06.024+0000] {dagbag.py:537} INFO - Filling up the DagBag from /home/airflow/.local/lib/python3.7/site-packages/airflow/example_dags/example_latest_only_with_trigger.py
[2023-03-12T02:20:06.038+0000] {processor.py:766} INFO - DAG(s) dict_keys(['latest_only_with_trigger']) retrieved from /home/airflow/.local/lib/python3.7/site-packages/airflow/example_dags/example_latest_only_with_trigger.py
[2023-03-12T02:20:06.089+0000] {logging_mixin.py:120} INFO - [2023-03-12T02:20:06.088+0000] {dag.py:2585} INFO - Sync 1 DAGs
[2023-03-12T02:20:06.108+0000] {logging_mixin.py:120} INFO - [2023-03-12T02:20:06.108+0000] {dag.py:3340} INFO - Setting next_dagrun for latest_only_with_trigger to 2023-03-11T22:20:06.107843+00:00, run_after=2023-03-12T02:20:06.107843+00:00
[2023-03-12T02:20:06.122+0000] {processor.py:176} INFO - Processing /home/airflow/.local/lib/python3.7/site-packages/airflow/example_dags/example_latest_only_with_trigger.py took 0.104 seconds
[2023-03-12T03:43:51.438+0000] {processor.py:154} INFO - Started process (PID=36562) to work on /home/airflow/.local/lib/python3.7/site-packages/airflow/example_dags/example_latest_only_with_trigger.py
[2023-03-12T03:43:51.444+0000] {processor.py:756} INFO - Processing file /home/airflow/.local/lib/python3.7/site-packages/airflow/example_dags/example_latest_only_with_trigger.py for tasks to queue
[2023-03-12T03:43:51.451+0000] {logging_mixin.py:120} INFO - [2023-03-12T03:43:51.451+0000] {dagbag.py:537} INFO - Filling up the DagBag from /home/airflow/.local/lib/python3.7/site-packages/airflow/example_dags/example_latest_only_with_trigger.py
[2023-03-12T03:43:51.488+0000] {processor.py:766} INFO - DAG(s) dict_keys(['latest_only_with_trigger']) retrieved from /home/airflow/.local/lib/python3.7/site-packages/airflow/example_dags/example_latest_only_with_trigger.py
[2023-03-12T03:43:51.558+0000] {logging_mixin.py:120} INFO - [2023-03-12T03:43:51.558+0000] {dag.py:2585} INFO - Sync 1 DAGs
[2023-03-12T03:43:51.578+0000] {logging_mixin.py:120} INFO - [2023-03-12T03:43:51.578+0000] {dag.py:3340} INFO - Setting next_dagrun for latest_only_with_trigger to 2023-03-11T23:43:51.578327+00:00, run_after=2023-03-12T03:43:51.578327+00:00
[2023-03-12T03:43:51.598+0000] {processor.py:176} INFO - Processing /home/airflow/.local/lib/python3.7/site-packages/airflow/example_dags/example_latest_only_with_trigger.py took 0.164 seconds
[2023-03-12T04:47:36.651+0000] {processor.py:154} INFO - Started process (PID=36625) to work on /home/airflow/.local/lib/python3.7/site-packages/airflow/example_dags/example_latest_only_with_trigger.py
[2023-03-12T04:47:36.653+0000] {processor.py:756} INFO - Processing file /home/airflow/.local/lib/python3.7/site-packages/airflow/example_dags/example_latest_only_with_trigger.py for tasks to queue
[2023-03-12T04:47:36.656+0000] {logging_mixin.py:120} INFO - [2023-03-12T04:47:36.656+0000] {dagbag.py:537} INFO - Filling up the DagBag from /home/airflow/.local/lib/python3.7/site-packages/airflow/example_dags/example_latest_only_with_trigger.py
[2023-03-12T04:47:36.694+0000] {processor.py:766} INFO - DAG(s) dict_keys(['latest_only_with_trigger']) retrieved from /home/airflow/.local/lib/python3.7/site-packages/airflow/example_dags/example_latest_only_with_trigger.py
[2023-03-12T04:47:36.754+0000] {logging_mixin.py:120} INFO - [2023-03-12T04:47:36.754+0000] {dag.py:2585} INFO - Sync 1 DAGs
[2023-03-12T04:47:36.784+0000] {logging_mixin.py:120} INFO - [2023-03-12T04:47:36.784+0000] {dag.py:3340} INFO - Setting next_dagrun for latest_only_with_trigger to 2023-03-12T00:47:36.784501+00:00, run_after=2023-03-12T04:47:36.784501+00:00
[2023-03-12T04:47:36.806+0000] {processor.py:176} INFO - Processing /home/airflow/.local/lib/python3.7/site-packages/airflow/example_dags/example_latest_only_with_trigger.py took 0.162 seconds
[2023-03-12T05:46:50.678+0000] {processor.py:154} INFO - Started process (PID=36688) to work on /home/airflow/.local/lib/python3.7/site-packages/airflow/example_dags/example_latest_only_with_trigger.py
[2023-03-12T05:46:50.680+0000] {processor.py:756} INFO - Processing file /home/airflow/.local/lib/python3.7/site-packages/airflow/example_dags/example_latest_only_with_trigger.py for tasks to queue
[2023-03-12T05:46:50.682+0000] {logging_mixin.py:120} INFO - [2023-03-12T05:46:50.682+0000] {dagbag.py:537} INFO - Filling up the DagBag from /home/airflow/.local/lib/python3.7/site-packages/airflow/example_dags/example_latest_only_with_trigger.py
[2023-03-12T05:46:50.697+0000] {processor.py:766} INFO - DAG(s) dict_keys(['latest_only_with_trigger']) retrieved from /home/airflow/.local/lib/python3.7/site-packages/airflow/example_dags/example_latest_only_with_trigger.py
[2023-03-12T05:46:50.771+0000] {logging_mixin.py:120} INFO - [2023-03-12T05:46:50.771+0000] {dag.py:2585} INFO - Sync 1 DAGs
[2023-03-12T05:46:50.800+0000] {logging_mixin.py:120} INFO - [2023-03-12T05:46:50.800+0000] {dag.py:3340} INFO - Setting next_dagrun for latest_only_with_trigger to 2023-03-12T01:46:50.799802+00:00, run_after=2023-03-12T05:46:50.799802+00:00
[2023-03-12T05:46:50.835+0000] {processor.py:176} INFO - Processing /home/airflow/.local/lib/python3.7/site-packages/airflow/example_dags/example_latest_only_with_trigger.py took 0.161 seconds
[2023-03-12T06:51:38.442+0000] {processor.py:154} INFO - Started process (PID=36742) to work on /home/airflow/.local/lib/python3.7/site-packages/airflow/example_dags/example_latest_only_with_trigger.py
[2023-03-12T06:51:38.443+0000] {processor.py:756} INFO - Processing file /home/airflow/.local/lib/python3.7/site-packages/airflow/example_dags/example_latest_only_with_trigger.py for tasks to queue
[2023-03-12T06:51:38.444+0000] {logging_mixin.py:120} INFO - [2023-03-12T06:51:38.444+0000] {dagbag.py:537} INFO - Filling up the DagBag from /home/airflow/.local/lib/python3.7/site-packages/airflow/example_dags/example_latest_only_with_trigger.py
[2023-03-12T06:51:38.474+0000] {processor.py:766} INFO - DAG(s) dict_keys(['latest_only_with_trigger']) retrieved from /home/airflow/.local/lib/python3.7/site-packages/airflow/example_dags/example_latest_only_with_trigger.py
[2023-03-12T06:51:38.559+0000] {logging_mixin.py:120} INFO - [2023-03-12T06:51:38.558+0000] {dag.py:2585} INFO - Sync 1 DAGs
[2023-03-12T06:51:38.583+0000] {logging_mixin.py:120} INFO - [2023-03-12T06:51:38.582+0000] {dag.py:3340} INFO - Setting next_dagrun for latest_only_with_trigger to 2023-03-12T02:51:38.582655+00:00, run_after=2023-03-12T06:51:38.582655+00:00
[2023-03-12T06:51:38.601+0000] {processor.py:176} INFO - Processing /home/airflow/.local/lib/python3.7/site-packages/airflow/example_dags/example_latest_only_with_trigger.py took 0.165 seconds
[2023-03-12T07:59:56.226+0000] {processor.py:154} INFO - Started process (PID=36806) to work on /home/airflow/.local/lib/python3.7/site-packages/airflow/example_dags/example_latest_only_with_trigger.py
[2023-03-12T07:59:56.230+0000] {processor.py:756} INFO - Processing file /home/airflow/.local/lib/python3.7/site-packages/airflow/example_dags/example_latest_only_with_trigger.py for tasks to queue
[2023-03-12T07:59:56.231+0000] {logging_mixin.py:120} INFO - [2023-03-12T07:59:56.231+0000] {dagbag.py:537} INFO - Filling up the DagBag from /home/airflow/.local/lib/python3.7/site-packages/airflow/example_dags/example_latest_only_with_trigger.py
[2023-03-12T07:59:56.251+0000] {processor.py:766} INFO - DAG(s) dict_keys(['latest_only_with_trigger']) retrieved from /home/airflow/.local/lib/python3.7/site-packages/airflow/example_dags/example_latest_only_with_trigger.py
[2023-03-12T07:59:56.322+0000] {logging_mixin.py:120} INFO - [2023-03-12T07:59:56.321+0000] {dag.py:2585} INFO - Sync 1 DAGs
[2023-03-12T07:59:56.364+0000] {logging_mixin.py:120} INFO - [2023-03-12T07:59:56.363+0000] {dag.py:3340} INFO - Setting next_dagrun for latest_only_with_trigger to 2023-03-12T03:59:56.363751+00:00, run_after=2023-03-12T07:59:56.363751+00:00
[2023-03-12T07:59:56.383+0000] {processor.py:176} INFO - Processing /home/airflow/.local/lib/python3.7/site-packages/airflow/example_dags/example_latest_only_with_trigger.py took 0.160 seconds
[2023-03-12T09:20:36.193+0000] {processor.py:154} INFO - Started process (PID=36869) to work on /home/airflow/.local/lib/python3.7/site-packages/airflow/example_dags/example_latest_only_with_trigger.py
[2023-03-12T09:20:36.194+0000] {processor.py:756} INFO - Processing file /home/airflow/.local/lib/python3.7/site-packages/airflow/example_dags/example_latest_only_with_trigger.py for tasks to queue
[2023-03-12T09:20:36.195+0000] {logging_mixin.py:120} INFO - [2023-03-12T09:20:36.195+0000] {dagbag.py:537} INFO - Filling up the DagBag from /home/airflow/.local/lib/python3.7/site-packages/airflow/example_dags/example_latest_only_with_trigger.py
[2023-03-12T09:20:36.214+0000] {processor.py:766} INFO - DAG(s) dict_keys(['latest_only_with_trigger']) retrieved from /home/airflow/.local/lib/python3.7/site-packages/airflow/example_dags/example_latest_only_with_trigger.py
[2023-03-12T09:20:36.274+0000] {logging_mixin.py:120} INFO - [2023-03-12T09:20:36.274+0000] {dag.py:2585} INFO - Sync 1 DAGs
[2023-03-12T09:20:36.298+0000] {logging_mixin.py:120} INFO - [2023-03-12T09:20:36.298+0000] {dag.py:3340} INFO - Setting next_dagrun for latest_only_with_trigger to 2023-03-12T05:20:36.297845+00:00, run_after=2023-03-12T09:20:36.297845+00:00
[2023-03-12T09:20:36.315+0000] {processor.py:176} INFO - Processing /home/airflow/.local/lib/python3.7/site-packages/airflow/example_dags/example_latest_only_with_trigger.py took 0.126 seconds
[2023-03-12T10:26:30.577+0000] {processor.py:154} INFO - Started process (PID=36932) to work on /home/airflow/.local/lib/python3.7/site-packages/airflow/example_dags/example_latest_only_with_trigger.py
[2023-03-12T10:26:30.578+0000] {processor.py:756} INFO - Processing file /home/airflow/.local/lib/python3.7/site-packages/airflow/example_dags/example_latest_only_with_trigger.py for tasks to queue
[2023-03-12T10:26:30.579+0000] {logging_mixin.py:120} INFO - [2023-03-12T10:26:30.579+0000] {dagbag.py:537} INFO - Filling up the DagBag from /home/airflow/.local/lib/python3.7/site-packages/airflow/example_dags/example_latest_only_with_trigger.py
[2023-03-12T10:26:30.589+0000] {processor.py:766} INFO - DAG(s) dict_keys(['latest_only_with_trigger']) retrieved from /home/airflow/.local/lib/python3.7/site-packages/airflow/example_dags/example_latest_only_with_trigger.py
[2023-03-12T10:26:30.619+0000] {logging_mixin.py:120} INFO - [2023-03-12T10:26:30.619+0000] {dag.py:2585} INFO - Sync 1 DAGs
[2023-03-12T10:26:30.634+0000] {logging_mixin.py:120} INFO - [2023-03-12T10:26:30.633+0000] {dag.py:3340} INFO - Setting next_dagrun for latest_only_with_trigger to 2023-03-12T06:26:30.633782+00:00, run_after=2023-03-12T10:26:30.633782+00:00
[2023-03-12T10:26:30.646+0000] {processor.py:176} INFO - Processing /home/airflow/.local/lib/python3.7/site-packages/airflow/example_dags/example_latest_only_with_trigger.py took 0.071 seconds
[2023-03-12T11:32:25.547+0000] {processor.py:154} INFO - Started process (PID=36986) to work on /home/airflow/.local/lib/python3.7/site-packages/airflow/example_dags/example_latest_only_with_trigger.py
[2023-03-12T11:32:25.548+0000] {processor.py:756} INFO - Processing file /home/airflow/.local/lib/python3.7/site-packages/airflow/example_dags/example_latest_only_with_trigger.py for tasks to queue
[2023-03-12T11:32:25.549+0000] {logging_mixin.py:120} INFO - [2023-03-12T11:32:25.549+0000] {dagbag.py:537} INFO - Filling up the DagBag from /home/airflow/.local/lib/python3.7/site-packages/airflow/example_dags/example_latest_only_with_trigger.py
[2023-03-12T11:32:25.560+0000] {processor.py:766} INFO - DAG(s) dict_keys(['latest_only_with_trigger']) retrieved from /home/airflow/.local/lib/python3.7/site-packages/airflow/example_dags/example_latest_only_with_trigger.py
[2023-03-12T11:32:25.593+0000] {logging_mixin.py:120} INFO - [2023-03-12T11:32:25.593+0000] {dag.py:2585} INFO - Sync 1 DAGs
[2023-03-12T11:32:25.608+0000] {logging_mixin.py:120} INFO - [2023-03-12T11:32:25.608+0000] {dag.py:3340} INFO - Setting next_dagrun for latest_only_with_trigger to 2023-03-12T07:32:25.607841+00:00, run_after=2023-03-12T11:32:25.607841+00:00
[2023-03-12T11:32:25.622+0000] {processor.py:176} INFO - Processing /home/airflow/.local/lib/python3.7/site-packages/airflow/example_dags/example_latest_only_with_trigger.py took 0.077 seconds
[2023-03-12T12:40:38.182+0000] {processor.py:154} INFO - Started process (PID=37049) to work on /home/airflow/.local/lib/python3.7/site-packages/airflow/example_dags/example_latest_only_with_trigger.py
[2023-03-12T12:40:38.183+0000] {processor.py:756} INFO - Processing file /home/airflow/.local/lib/python3.7/site-packages/airflow/example_dags/example_latest_only_with_trigger.py for tasks to queue
[2023-03-12T12:40:38.185+0000] {logging_mixin.py:120} INFO - [2023-03-12T12:40:38.185+0000] {dagbag.py:537} INFO - Filling up the DagBag from /home/airflow/.local/lib/python3.7/site-packages/airflow/example_dags/example_latest_only_with_trigger.py
[2023-03-12T12:40:38.208+0000] {processor.py:766} INFO - DAG(s) dict_keys(['latest_only_with_trigger']) retrieved from /home/airflow/.local/lib/python3.7/site-packages/airflow/example_dags/example_latest_only_with_trigger.py
[2023-03-12T12:40:38.264+0000] {logging_mixin.py:120} INFO - [2023-03-12T12:40:38.264+0000] {dag.py:2585} INFO - Sync 1 DAGs
[2023-03-12T12:40:38.289+0000] {logging_mixin.py:120} INFO - [2023-03-12T12:40:38.289+0000] {dag.py:3340} INFO - Setting next_dagrun for latest_only_with_trigger to 2023-03-12T08:40:38.288954+00:00, run_after=2023-03-12T12:40:38.288954+00:00
[2023-03-12T12:40:38.308+0000] {processor.py:176} INFO - Processing /home/airflow/.local/lib/python3.7/site-packages/airflow/example_dags/example_latest_only_with_trigger.py took 0.130 seconds
[2023-03-12T13:59:46.631+0000] {processor.py:154} INFO - Started process (PID=37112) to work on /home/airflow/.local/lib/python3.7/site-packages/airflow/example_dags/example_latest_only_with_trigger.py
[2023-03-12T13:59:46.632+0000] {processor.py:756} INFO - Processing file /home/airflow/.local/lib/python3.7/site-packages/airflow/example_dags/example_latest_only_with_trigger.py for tasks to queue
[2023-03-12T13:59:46.633+0000] {logging_mixin.py:120} INFO - [2023-03-12T13:59:46.632+0000] {dagbag.py:537} INFO - Filling up the DagBag from /home/airflow/.local/lib/python3.7/site-packages/airflow/example_dags/example_latest_only_with_trigger.py
[2023-03-12T13:59:46.646+0000] {processor.py:766} INFO - DAG(s) dict_keys(['latest_only_with_trigger']) retrieved from /home/airflow/.local/lib/python3.7/site-packages/airflow/example_dags/example_latest_only_with_trigger.py
[2023-03-12T13:59:46.677+0000] {logging_mixin.py:120} INFO - [2023-03-12T13:59:46.677+0000] {dag.py:2585} INFO - Sync 1 DAGs
[2023-03-12T13:59:46.692+0000] {logging_mixin.py:120} INFO - [2023-03-12T13:59:46.692+0000] {dag.py:3340} INFO - Setting next_dagrun for latest_only_with_trigger to 2023-03-12T09:59:46.692348+00:00, run_after=2023-03-12T13:59:46.692348+00:00
[2023-03-12T13:59:46.707+0000] {processor.py:176} INFO - Processing /home/airflow/.local/lib/python3.7/site-packages/airflow/example_dags/example_latest_only_with_trigger.py took 0.080 seconds
[2023-03-12T15:06:04.580+0000] {processor.py:154} INFO - Started process (PID=37175) to work on /home/airflow/.local/lib/python3.7/site-packages/airflow/example_dags/example_latest_only_with_trigger.py
[2023-03-12T15:06:04.581+0000] {processor.py:756} INFO - Processing file /home/airflow/.local/lib/python3.7/site-packages/airflow/example_dags/example_latest_only_with_trigger.py for tasks to queue
[2023-03-12T15:06:04.582+0000] {logging_mixin.py:120} INFO - [2023-03-12T15:06:04.582+0000] {dagbag.py:537} INFO - Filling up the DagBag from /home/airflow/.local/lib/python3.7/site-packages/airflow/example_dags/example_latest_only_with_trigger.py
[2023-03-12T15:06:04.603+0000] {processor.py:766} INFO - DAG(s) dict_keys(['latest_only_with_trigger']) retrieved from /home/airflow/.local/lib/python3.7/site-packages/airflow/example_dags/example_latest_only_with_trigger.py
[2023-03-12T15:06:04.658+0000] {logging_mixin.py:120} INFO - [2023-03-12T15:06:04.658+0000] {dag.py:2585} INFO - Sync 1 DAGs
[2023-03-12T15:06:04.675+0000] {logging_mixin.py:120} INFO - [2023-03-12T15:06:04.675+0000] {dag.py:3340} INFO - Setting next_dagrun for latest_only_with_trigger to 2023-03-12T11:06:04.674974+00:00, run_after=2023-03-12T15:06:04.674974+00:00
[2023-03-12T15:06:04.687+0000] {processor.py:176} INFO - Processing /home/airflow/.local/lib/python3.7/site-packages/airflow/example_dags/example_latest_only_with_trigger.py took 0.115 seconds
[2023-03-12T16:10:43.637+0000] {processor.py:154} INFO - Started process (PID=37237) to work on /home/airflow/.local/lib/python3.7/site-packages/airflow/example_dags/example_latest_only_with_trigger.py
[2023-03-12T16:10:43.638+0000] {processor.py:756} INFO - Processing file /home/airflow/.local/lib/python3.7/site-packages/airflow/example_dags/example_latest_only_with_trigger.py for tasks to queue
[2023-03-12T16:10:43.639+0000] {logging_mixin.py:120} INFO - [2023-03-12T16:10:43.639+0000] {dagbag.py:537} INFO - Filling up the DagBag from /home/airflow/.local/lib/python3.7/site-packages/airflow/example_dags/example_latest_only_with_trigger.py
[2023-03-12T16:10:43.653+0000] {processor.py:766} INFO - DAG(s) dict_keys(['latest_only_with_trigger']) retrieved from /home/airflow/.local/lib/python3.7/site-packages/airflow/example_dags/example_latest_only_with_trigger.py
[2023-03-12T16:10:43.681+0000] {logging_mixin.py:120} INFO - [2023-03-12T16:10:43.681+0000] {dag.py:2585} INFO - Sync 1 DAGs
[2023-03-12T16:10:43.695+0000] {logging_mixin.py:120} INFO - [2023-03-12T16:10:43.695+0000] {dag.py:3340} INFO - Setting next_dagrun for latest_only_with_trigger to 2023-03-12T12:10:43.695680+00:00, run_after=2023-03-12T16:10:43.695680+00:00
[2023-03-12T16:10:43.708+0000] {processor.py:176} INFO - Processing /home/airflow/.local/lib/python3.7/site-packages/airflow/example_dags/example_latest_only_with_trigger.py took 0.074 seconds
[2023-03-12T17:18:10.487+0000] {processor.py:154} INFO - Started process (PID=37293) to work on /home/airflow/.local/lib/python3.7/site-packages/airflow/example_dags/example_latest_only_with_trigger.py
[2023-03-12T17:18:10.488+0000] {processor.py:756} INFO - Processing file /home/airflow/.local/lib/python3.7/site-packages/airflow/example_dags/example_latest_only_with_trigger.py for tasks to queue
[2023-03-12T17:18:10.489+0000] {logging_mixin.py:120} INFO - [2023-03-12T17:18:10.489+0000] {dagbag.py:537} INFO - Filling up the DagBag from /home/airflow/.local/lib/python3.7/site-packages/airflow/example_dags/example_latest_only_with_trigger.py
[2023-03-12T17:18:10.504+0000] {processor.py:766} INFO - DAG(s) dict_keys(['latest_only_with_trigger']) retrieved from /home/airflow/.local/lib/python3.7/site-packages/airflow/example_dags/example_latest_only_with_trigger.py
[2023-03-12T17:18:10.535+0000] {logging_mixin.py:120} INFO - [2023-03-12T17:18:10.535+0000] {dag.py:2585} INFO - Sync 1 DAGs
[2023-03-12T17:18:10.550+0000] {logging_mixin.py:120} INFO - [2023-03-12T17:18:10.550+0000] {dag.py:3340} INFO - Setting next_dagrun for latest_only_with_trigger to 2023-03-12T13:18:10.550578+00:00, run_after=2023-03-12T17:18:10.550578+00:00
[2023-03-12T17:18:10.561+0000] {processor.py:176} INFO - Processing /home/airflow/.local/lib/python3.7/site-packages/airflow/example_dags/example_latest_only_with_trigger.py took 0.077 seconds
[2023-03-12T18:23:02.457+0000] {processor.py:154} INFO - Started process (PID=37356) to work on /home/airflow/.local/lib/python3.7/site-packages/airflow/example_dags/example_latest_only_with_trigger.py
[2023-03-12T18:23:02.459+0000] {processor.py:756} INFO - Processing file /home/airflow/.local/lib/python3.7/site-packages/airflow/example_dags/example_latest_only_with_trigger.py for tasks to queue
[2023-03-12T18:23:02.460+0000] {logging_mixin.py:120} INFO - [2023-03-12T18:23:02.460+0000] {dagbag.py:537} INFO - Filling up the DagBag from /home/airflow/.local/lib/python3.7/site-packages/airflow/example_dags/example_latest_only_with_trigger.py
[2023-03-12T18:23:02.476+0000] {processor.py:766} INFO - DAG(s) dict_keys(['latest_only_with_trigger']) retrieved from /home/airflow/.local/lib/python3.7/site-packages/airflow/example_dags/example_latest_only_with_trigger.py
[2023-03-12T18:23:02.525+0000] {logging_mixin.py:120} INFO - [2023-03-12T18:23:02.524+0000] {dag.py:2585} INFO - Sync 1 DAGs
[2023-03-12T18:23:02.551+0000] {logging_mixin.py:120} INFO - [2023-03-12T18:23:02.551+0000] {dag.py:3340} INFO - Setting next_dagrun for latest_only_with_trigger to 2023-03-12T14:23:02.550974+00:00, run_after=2023-03-12T18:23:02.550974+00:00
[2023-03-12T18:23:02.565+0000] {processor.py:176} INFO - Processing /home/airflow/.local/lib/python3.7/site-packages/airflow/example_dags/example_latest_only_with_trigger.py took 0.117 seconds
[2023-03-12T19:03:55.328+0000] {processor.py:154} INFO - Started process (PID=37419) to work on /home/airflow/.local/lib/python3.7/site-packages/airflow/example_dags/example_latest_only_with_trigger.py
[2023-03-12T19:03:55.334+0000] {processor.py:756} INFO - Processing file /home/airflow/.local/lib/python3.7/site-packages/airflow/example_dags/example_latest_only_with_trigger.py for tasks to queue
[2023-03-12T19:03:55.336+0000] {logging_mixin.py:120} INFO - [2023-03-12T19:03:55.336+0000] {dagbag.py:537} INFO - Filling up the DagBag from /home/airflow/.local/lib/python3.7/site-packages/airflow/example_dags/example_latest_only_with_trigger.py
[2023-03-12T19:03:55.365+0000] {processor.py:766} INFO - DAG(s) dict_keys(['latest_only_with_trigger']) retrieved from /home/airflow/.local/lib/python3.7/site-packages/airflow/example_dags/example_latest_only_with_trigger.py
[2023-03-12T19:03:55.404+0000] {logging_mixin.py:120} INFO - [2023-03-12T19:03:55.404+0000] {dag.py:2585} INFO - Sync 1 DAGs
[2023-03-12T19:03:55.424+0000] {logging_mixin.py:120} INFO - [2023-03-12T19:03:55.424+0000] {dag.py:3340} INFO - Setting next_dagrun for latest_only_with_trigger to 2023-03-12T15:03:55.424087+00:00, run_after=2023-03-12T19:03:55.424087+00:00
[2023-03-12T19:03:55.447+0000] {processor.py:176} INFO - Processing /home/airflow/.local/lib/python3.7/site-packages/airflow/example_dags/example_latest_only_with_trigger.py took 0.123 seconds
[2023-03-12T20:24:25.364+0000] {processor.py:154} INFO - Started process (PID=37481) to work on /home/airflow/.local/lib/python3.7/site-packages/airflow/example_dags/example_latest_only_with_trigger.py
[2023-03-12T20:24:25.366+0000] {processor.py:756} INFO - Processing file /home/airflow/.local/lib/python3.7/site-packages/airflow/example_dags/example_latest_only_with_trigger.py for tasks to queue
[2023-03-12T20:24:25.366+0000] {logging_mixin.py:120} INFO - [2023-03-12T20:24:25.366+0000] {dagbag.py:537} INFO - Filling up the DagBag from /home/airflow/.local/lib/python3.7/site-packages/airflow/example_dags/example_latest_only_with_trigger.py
[2023-03-12T20:24:25.377+0000] {processor.py:766} INFO - DAG(s) dict_keys(['latest_only_with_trigger']) retrieved from /home/airflow/.local/lib/python3.7/site-packages/airflow/example_dags/example_latest_only_with_trigger.py
[2023-03-12T20:24:25.406+0000] {logging_mixin.py:120} INFO - [2023-03-12T20:24:25.406+0000] {dag.py:2585} INFO - Sync 1 DAGs
[2023-03-12T20:24:25.424+0000] {logging_mixin.py:120} INFO - [2023-03-12T20:24:25.424+0000] {dag.py:3340} INFO - Setting next_dagrun for latest_only_with_trigger to 2023-03-12T16:24:25.423886+00:00, run_after=2023-03-12T20:24:25.423886+00:00
[2023-03-12T20:24:25.437+0000] {processor.py:176} INFO - Processing /home/airflow/.local/lib/python3.7/site-packages/airflow/example_dags/example_latest_only_with_trigger.py took 0.082 seconds
[2023-03-12T21:28:16.175+0000] {processor.py:154} INFO - Started process (PID=37535) to work on /home/airflow/.local/lib/python3.7/site-packages/airflow/example_dags/example_latest_only_with_trigger.py
[2023-03-12T21:28:16.180+0000] {processor.py:756} INFO - Processing file /home/airflow/.local/lib/python3.7/site-packages/airflow/example_dags/example_latest_only_with_trigger.py for tasks to queue
[2023-03-12T21:28:16.181+0000] {logging_mixin.py:120} INFO - [2023-03-12T21:28:16.181+0000] {dagbag.py:537} INFO - Filling up the DagBag from /home/airflow/.local/lib/python3.7/site-packages/airflow/example_dags/example_latest_only_with_trigger.py
[2023-03-12T21:28:16.206+0000] {processor.py:766} INFO - DAG(s) dict_keys(['latest_only_with_trigger']) retrieved from /home/airflow/.local/lib/python3.7/site-packages/airflow/example_dags/example_latest_only_with_trigger.py
[2023-03-12T21:28:16.252+0000] {logging_mixin.py:120} INFO - [2023-03-12T21:28:16.252+0000] {dag.py:2585} INFO - Sync 1 DAGs
[2023-03-12T21:28:16.270+0000] {logging_mixin.py:120} INFO - [2023-03-12T21:28:16.270+0000] {dag.py:3340} INFO - Setting next_dagrun for latest_only_with_trigger to 2023-03-12T17:28:16.270049+00:00, run_after=2023-03-12T21:28:16.270049+00:00
[2023-03-12T21:28:16.289+0000] {processor.py:176} INFO - Processing /home/airflow/.local/lib/python3.7/site-packages/airflow/example_dags/example_latest_only_with_trigger.py took 0.118 seconds
[2023-03-12T22:30:16.944+0000] {processor.py:154} INFO - Started process (PID=37599) to work on /home/airflow/.local/lib/python3.7/site-packages/airflow/example_dags/example_latest_only_with_trigger.py
[2023-03-12T22:30:16.945+0000] {processor.py:756} INFO - Processing file /home/airflow/.local/lib/python3.7/site-packages/airflow/example_dags/example_latest_only_with_trigger.py for tasks to queue
[2023-03-12T22:30:16.946+0000] {logging_mixin.py:120} INFO - [2023-03-12T22:30:16.946+0000] {dagbag.py:537} INFO - Filling up the DagBag from /home/airflow/.local/lib/python3.7/site-packages/airflow/example_dags/example_latest_only_with_trigger.py
[2023-03-12T22:30:16.959+0000] {processor.py:766} INFO - DAG(s) dict_keys(['latest_only_with_trigger']) retrieved from /home/airflow/.local/lib/python3.7/site-packages/airflow/example_dags/example_latest_only_with_trigger.py
[2023-03-12T22:30:16.988+0000] {logging_mixin.py:120} INFO - [2023-03-12T22:30:16.988+0000] {dag.py:2585} INFO - Sync 1 DAGs
[2023-03-12T22:30:17.003+0000] {logging_mixin.py:120} INFO - [2023-03-12T22:30:17.003+0000] {dag.py:3340} INFO - Setting next_dagrun for latest_only_with_trigger to 2023-03-12T18:30:17.003005+00:00, run_after=2023-03-12T22:30:17.003005+00:00
[2023-03-12T22:30:17.014+0000] {processor.py:176} INFO - Processing /home/airflow/.local/lib/python3.7/site-packages/airflow/example_dags/example_latest_only_with_trigger.py took 0.078 seconds
[2023-03-12T23:33:21.354+0000] {processor.py:154} INFO - Started process (PID=37662) to work on /home/airflow/.local/lib/python3.7/site-packages/airflow/example_dags/example_latest_only_with_trigger.py
[2023-03-12T23:33:21.357+0000] {processor.py:756} INFO - Processing file /home/airflow/.local/lib/python3.7/site-packages/airflow/example_dags/example_latest_only_with_trigger.py for tasks to queue
[2023-03-12T23:33:21.358+0000] {logging_mixin.py:120} INFO - [2023-03-12T23:33:21.358+0000] {dagbag.py:537} INFO - Filling up the DagBag from /home/airflow/.local/lib/python3.7/site-packages/airflow/example_dags/example_latest_only_with_trigger.py
[2023-03-12T23:33:21.381+0000] {processor.py:766} INFO - DAG(s) dict_keys(['latest_only_with_trigger']) retrieved from /home/airflow/.local/lib/python3.7/site-packages/airflow/example_dags/example_latest_only_with_trigger.py
[2023-03-12T23:33:21.439+0000] {logging_mixin.py:120} INFO - [2023-03-12T23:33:21.439+0000] {dag.py:2585} INFO - Sync 1 DAGs
[2023-03-12T23:33:21.459+0000] {logging_mixin.py:120} INFO - [2023-03-12T23:33:21.459+0000] {dag.py:3340} INFO - Setting next_dagrun for latest_only_with_trigger to 2023-03-12T19:33:21.459265+00:00, run_after=2023-03-12T23:33:21.459265+00:00
[2023-03-12T23:33:21.486+0000] {processor.py:176} INFO - Processing /home/airflow/.local/lib/python3.7/site-packages/airflow/example_dags/example_latest_only_with_trigger.py took 0.140 seconds
