[2023-03-12T00:05:11.608+0000] {processor.py:154} INFO - Started process (PID=36390) to work on /home/airflow/.local/lib/python3.7/site-packages/airflow/example_dags/example_bash_operator.py
[2023-03-12T00:05:11.609+0000] {processor.py:756} INFO - Processing file /home/airflow/.local/lib/python3.7/site-packages/airflow/example_dags/example_bash_operator.py for tasks to queue
[2023-03-12T00:05:11.610+0000] {logging_mixin.py:120} INFO - [2023-03-12T00:05:11.610+0000] {dagbag.py:537} INFO - Filling up the DagBag from /home/airflow/.local/lib/python3.7/site-packages/airflow/example_dags/example_bash_operator.py
[2023-03-12T00:05:11.625+0000] {processor.py:766} INFO - DAG(s) dict_keys(['example_bash_operator']) retrieved from /home/airflow/.local/lib/python3.7/site-packages/airflow/example_dags/example_bash_operator.py
[2023-03-12T00:05:11.655+0000] {logging_mixin.py:120} INFO - [2023-03-12T00:05:11.655+0000] {dag.py:2585} INFO - Sync 1 DAGs
[2023-03-12T00:05:11.672+0000] {logging_mixin.py:120} INFO - [2023-03-12T00:05:11.672+0000] {dag.py:3340} INFO - Setting next_dagrun for example_bash_operator to 2023-03-11T00:00:00+00:00, run_after=2023-03-12T00:00:00+00:00
[2023-03-12T00:05:11.685+0000] {processor.py:176} INFO - Processing /home/airflow/.local/lib/python3.7/site-packages/airflow/example_dags/example_bash_operator.py took 0.080 seconds
[2023-03-12T01:11:08.636+0000] {processor.py:154} INFO - Started process (PID=36444) to work on /home/airflow/.local/lib/python3.7/site-packages/airflow/example_dags/example_bash_operator.py
[2023-03-12T01:11:08.638+0000] {processor.py:756} INFO - Processing file /home/airflow/.local/lib/python3.7/site-packages/airflow/example_dags/example_bash_operator.py for tasks to queue
[2023-03-12T01:11:08.638+0000] {logging_mixin.py:120} INFO - [2023-03-12T01:11:08.638+0000] {dagbag.py:537} INFO - Filling up the DagBag from /home/airflow/.local/lib/python3.7/site-packages/airflow/example_dags/example_bash_operator.py
[2023-03-12T01:11:08.656+0000] {processor.py:766} INFO - DAG(s) dict_keys(['example_bash_operator']) retrieved from /home/airflow/.local/lib/python3.7/site-packages/airflow/example_dags/example_bash_operator.py
[2023-03-12T01:11:08.695+0000] {logging_mixin.py:120} INFO - [2023-03-12T01:11:08.695+0000] {dag.py:2585} INFO - Sync 1 DAGs
[2023-03-12T01:11:08.713+0000] {logging_mixin.py:120} INFO - [2023-03-12T01:11:08.713+0000] {dag.py:3340} INFO - Setting next_dagrun for example_bash_operator to 2023-03-11T00:00:00+00:00, run_after=2023-03-12T00:00:00+00:00
[2023-03-12T01:11:08.725+0000] {processor.py:176} INFO - Processing /home/airflow/.local/lib/python3.7/site-packages/airflow/example_dags/example_bash_operator.py took 0.092 seconds
[2023-03-12T02:20:06.770+0000] {processor.py:154} INFO - Started process (PID=36508) to work on /home/airflow/.local/lib/python3.7/site-packages/airflow/example_dags/example_bash_operator.py
[2023-03-12T02:20:06.771+0000] {processor.py:756} INFO - Processing file /home/airflow/.local/lib/python3.7/site-packages/airflow/example_dags/example_bash_operator.py for tasks to queue
[2023-03-12T02:20:06.772+0000] {logging_mixin.py:120} INFO - [2023-03-12T02:20:06.772+0000] {dagbag.py:537} INFO - Filling up the DagBag from /home/airflow/.local/lib/python3.7/site-packages/airflow/example_dags/example_bash_operator.py
[2023-03-12T02:20:06.790+0000] {processor.py:766} INFO - DAG(s) dict_keys(['example_bash_operator']) retrieved from /home/airflow/.local/lib/python3.7/site-packages/airflow/example_dags/example_bash_operator.py
[2023-03-12T02:20:06.823+0000] {logging_mixin.py:120} INFO - [2023-03-12T02:20:06.823+0000] {dag.py:2585} INFO - Sync 1 DAGs
[2023-03-12T02:20:06.839+0000] {logging_mixin.py:120} INFO - [2023-03-12T02:20:06.838+0000] {dag.py:3340} INFO - Setting next_dagrun for example_bash_operator to 2023-03-11T00:00:00+00:00, run_after=2023-03-12T00:00:00+00:00
[2023-03-12T02:20:06.855+0000] {processor.py:176} INFO - Processing /home/airflow/.local/lib/python3.7/site-packages/airflow/example_dags/example_bash_operator.py took 0.088 seconds
[2023-03-12T03:43:52.436+0000] {processor.py:154} INFO - Started process (PID=36571) to work on /home/airflow/.local/lib/python3.7/site-packages/airflow/example_dags/example_bash_operator.py
[2023-03-12T03:43:52.440+0000] {processor.py:756} INFO - Processing file /home/airflow/.local/lib/python3.7/site-packages/airflow/example_dags/example_bash_operator.py for tasks to queue
[2023-03-12T03:43:52.441+0000] {logging_mixin.py:120} INFO - [2023-03-12T03:43:52.441+0000] {dagbag.py:537} INFO - Filling up the DagBag from /home/airflow/.local/lib/python3.7/site-packages/airflow/example_dags/example_bash_operator.py
[2023-03-12T03:43:52.474+0000] {processor.py:766} INFO - DAG(s) dict_keys(['example_bash_operator']) retrieved from /home/airflow/.local/lib/python3.7/site-packages/airflow/example_dags/example_bash_operator.py
[2023-03-12T03:43:52.528+0000] {logging_mixin.py:120} INFO - [2023-03-12T03:43:52.528+0000] {dag.py:2585} INFO - Sync 1 DAGs
[2023-03-12T03:43:52.557+0000] {logging_mixin.py:120} INFO - [2023-03-12T03:43:52.557+0000] {dag.py:3340} INFO - Setting next_dagrun for example_bash_operator to 2023-03-11T00:00:00+00:00, run_after=2023-03-12T00:00:00+00:00
[2023-03-12T03:43:52.573+0000] {processor.py:176} INFO - Processing /home/airflow/.local/lib/python3.7/site-packages/airflow/example_dags/example_bash_operator.py took 0.140 seconds
[2023-03-12T04:47:37.559+0000] {processor.py:154} INFO - Started process (PID=36634) to work on /home/airflow/.local/lib/python3.7/site-packages/airflow/example_dags/example_bash_operator.py
[2023-03-12T04:47:37.560+0000] {processor.py:756} INFO - Processing file /home/airflow/.local/lib/python3.7/site-packages/airflow/example_dags/example_bash_operator.py for tasks to queue
[2023-03-12T04:47:37.561+0000] {logging_mixin.py:120} INFO - [2023-03-12T04:47:37.561+0000] {dagbag.py:537} INFO - Filling up the DagBag from /home/airflow/.local/lib/python3.7/site-packages/airflow/example_dags/example_bash_operator.py
[2023-03-12T04:47:37.590+0000] {processor.py:766} INFO - DAG(s) dict_keys(['example_bash_operator']) retrieved from /home/airflow/.local/lib/python3.7/site-packages/airflow/example_dags/example_bash_operator.py
[2023-03-12T04:47:37.665+0000] {logging_mixin.py:120} INFO - [2023-03-12T04:47:37.665+0000] {dag.py:2585} INFO - Sync 1 DAGs
[2023-03-12T04:47:37.689+0000] {logging_mixin.py:120} INFO - [2023-03-12T04:47:37.689+0000] {dag.py:3340} INFO - Setting next_dagrun for example_bash_operator to 2023-03-11T00:00:00+00:00, run_after=2023-03-12T00:00:00+00:00
[2023-03-12T04:47:37.705+0000] {processor.py:176} INFO - Processing /home/airflow/.local/lib/python3.7/site-packages/airflow/example_dags/example_bash_operator.py took 0.149 seconds
[2023-03-12T05:46:51.570+0000] {processor.py:154} INFO - Started process (PID=36697) to work on /home/airflow/.local/lib/python3.7/site-packages/airflow/example_dags/example_bash_operator.py
[2023-03-12T05:46:51.572+0000] {processor.py:756} INFO - Processing file /home/airflow/.local/lib/python3.7/site-packages/airflow/example_dags/example_bash_operator.py for tasks to queue
[2023-03-12T05:46:51.575+0000] {logging_mixin.py:120} INFO - [2023-03-12T05:46:51.575+0000] {dagbag.py:537} INFO - Filling up the DagBag from /home/airflow/.local/lib/python3.7/site-packages/airflow/example_dags/example_bash_operator.py
[2023-03-12T05:46:51.600+0000] {processor.py:766} INFO - DAG(s) dict_keys(['example_bash_operator']) retrieved from /home/airflow/.local/lib/python3.7/site-packages/airflow/example_dags/example_bash_operator.py
[2023-03-12T05:46:51.649+0000] {logging_mixin.py:120} INFO - [2023-03-12T05:46:51.649+0000] {dag.py:2585} INFO - Sync 1 DAGs
[2023-03-12T05:46:51.677+0000] {logging_mixin.py:120} INFO - [2023-03-12T05:46:51.677+0000] {dag.py:3340} INFO - Setting next_dagrun for example_bash_operator to 2023-03-11T00:00:00+00:00, run_after=2023-03-12T00:00:00+00:00
[2023-03-12T05:46:51.695+0000] {processor.py:176} INFO - Processing /home/airflow/.local/lib/python3.7/site-packages/airflow/example_dags/example_bash_operator.py took 0.128 seconds
[2023-03-12T06:51:39.293+0000] {processor.py:154} INFO - Started process (PID=36751) to work on /home/airflow/.local/lib/python3.7/site-packages/airflow/example_dags/example_bash_operator.py
[2023-03-12T06:51:39.299+0000] {processor.py:756} INFO - Processing file /home/airflow/.local/lib/python3.7/site-packages/airflow/example_dags/example_bash_operator.py for tasks to queue
[2023-03-12T06:51:39.300+0000] {logging_mixin.py:120} INFO - [2023-03-12T06:51:39.300+0000] {dagbag.py:537} INFO - Filling up the DagBag from /home/airflow/.local/lib/python3.7/site-packages/airflow/example_dags/example_bash_operator.py
[2023-03-12T06:51:39.327+0000] {processor.py:766} INFO - DAG(s) dict_keys(['example_bash_operator']) retrieved from /home/airflow/.local/lib/python3.7/site-packages/airflow/example_dags/example_bash_operator.py
[2023-03-12T06:51:39.374+0000] {logging_mixin.py:120} INFO - [2023-03-12T06:51:39.373+0000] {dag.py:2585} INFO - Sync 1 DAGs
[2023-03-12T06:51:39.396+0000] {logging_mixin.py:120} INFO - [2023-03-12T06:51:39.396+0000] {dag.py:3340} INFO - Setting next_dagrun for example_bash_operator to 2023-03-11T00:00:00+00:00, run_after=2023-03-12T00:00:00+00:00
[2023-03-12T06:51:39.413+0000] {processor.py:176} INFO - Processing /home/airflow/.local/lib/python3.7/site-packages/airflow/example_dags/example_bash_operator.py took 0.124 seconds
[2023-03-12T07:59:57.088+0000] {processor.py:154} INFO - Started process (PID=36815) to work on /home/airflow/.local/lib/python3.7/site-packages/airflow/example_dags/example_bash_operator.py
[2023-03-12T07:59:57.089+0000] {processor.py:756} INFO - Processing file /home/airflow/.local/lib/python3.7/site-packages/airflow/example_dags/example_bash_operator.py for tasks to queue
[2023-03-12T07:59:57.090+0000] {logging_mixin.py:120} INFO - [2023-03-12T07:59:57.090+0000] {dagbag.py:537} INFO - Filling up the DagBag from /home/airflow/.local/lib/python3.7/site-packages/airflow/example_dags/example_bash_operator.py
[2023-03-12T07:59:57.106+0000] {processor.py:766} INFO - DAG(s) dict_keys(['example_bash_operator']) retrieved from /home/airflow/.local/lib/python3.7/site-packages/airflow/example_dags/example_bash_operator.py
[2023-03-12T07:59:57.152+0000] {logging_mixin.py:120} INFO - [2023-03-12T07:59:57.151+0000] {dag.py:2585} INFO - Sync 1 DAGs
[2023-03-12T07:59:57.172+0000] {logging_mixin.py:120} INFO - [2023-03-12T07:59:57.172+0000] {dag.py:3340} INFO - Setting next_dagrun for example_bash_operator to 2023-03-11T00:00:00+00:00, run_after=2023-03-12T00:00:00+00:00
[2023-03-12T07:59:57.184+0000] {processor.py:176} INFO - Processing /home/airflow/.local/lib/python3.7/site-packages/airflow/example_dags/example_bash_operator.py took 0.099 seconds
[2023-03-12T09:20:37.061+0000] {processor.py:154} INFO - Started process (PID=36878) to work on /home/airflow/.local/lib/python3.7/site-packages/airflow/example_dags/example_bash_operator.py
[2023-03-12T09:20:37.064+0000] {processor.py:756} INFO - Processing file /home/airflow/.local/lib/python3.7/site-packages/airflow/example_dags/example_bash_operator.py for tasks to queue
[2023-03-12T09:20:37.065+0000] {logging_mixin.py:120} INFO - [2023-03-12T09:20:37.065+0000] {dagbag.py:537} INFO - Filling up the DagBag from /home/airflow/.local/lib/python3.7/site-packages/airflow/example_dags/example_bash_operator.py
[2023-03-12T09:20:37.082+0000] {processor.py:766} INFO - DAG(s) dict_keys(['example_bash_operator']) retrieved from /home/airflow/.local/lib/python3.7/site-packages/airflow/example_dags/example_bash_operator.py
[2023-03-12T09:20:37.146+0000] {logging_mixin.py:120} INFO - [2023-03-12T09:20:37.146+0000] {dag.py:2585} INFO - Sync 1 DAGs
[2023-03-12T09:20:37.180+0000] {logging_mixin.py:120} INFO - [2023-03-12T09:20:37.180+0000] {dag.py:3340} INFO - Setting next_dagrun for example_bash_operator to 2023-03-11T00:00:00+00:00, run_after=2023-03-12T00:00:00+00:00
[2023-03-12T09:20:37.211+0000] {processor.py:176} INFO - Processing /home/airflow/.local/lib/python3.7/site-packages/airflow/example_dags/example_bash_operator.py took 0.154 seconds
[2023-03-12T10:26:31.271+0000] {processor.py:154} INFO - Started process (PID=36941) to work on /home/airflow/.local/lib/python3.7/site-packages/airflow/example_dags/example_bash_operator.py
[2023-03-12T10:26:31.272+0000] {processor.py:756} INFO - Processing file /home/airflow/.local/lib/python3.7/site-packages/airflow/example_dags/example_bash_operator.py for tasks to queue
[2023-03-12T10:26:31.273+0000] {logging_mixin.py:120} INFO - [2023-03-12T10:26:31.273+0000] {dagbag.py:537} INFO - Filling up the DagBag from /home/airflow/.local/lib/python3.7/site-packages/airflow/example_dags/example_bash_operator.py
[2023-03-12T10:26:31.292+0000] {processor.py:766} INFO - DAG(s) dict_keys(['example_bash_operator']) retrieved from /home/airflow/.local/lib/python3.7/site-packages/airflow/example_dags/example_bash_operator.py
[2023-03-12T10:26:31.349+0000] {logging_mixin.py:120} INFO - [2023-03-12T10:26:31.349+0000] {dag.py:2585} INFO - Sync 1 DAGs
[2023-03-12T10:26:31.376+0000] {logging_mixin.py:120} INFO - [2023-03-12T10:26:31.376+0000] {dag.py:3340} INFO - Setting next_dagrun for example_bash_operator to 2023-03-11T00:00:00+00:00, run_after=2023-03-12T00:00:00+00:00
[2023-03-12T10:26:31.398+0000] {processor.py:176} INFO - Processing /home/airflow/.local/lib/python3.7/site-packages/airflow/example_dags/example_bash_operator.py took 0.137 seconds
[2023-03-12T11:32:26.097+0000] {processor.py:154} INFO - Started process (PID=36995) to work on /home/airflow/.local/lib/python3.7/site-packages/airflow/example_dags/example_bash_operator.py
[2023-03-12T11:32:26.100+0000] {processor.py:756} INFO - Processing file /home/airflow/.local/lib/python3.7/site-packages/airflow/example_dags/example_bash_operator.py for tasks to queue
[2023-03-12T11:32:26.103+0000] {logging_mixin.py:120} INFO - [2023-03-12T11:32:26.101+0000] {dagbag.py:537} INFO - Filling up the DagBag from /home/airflow/.local/lib/python3.7/site-packages/airflow/example_dags/example_bash_operator.py
[2023-03-12T11:32:26.141+0000] {processor.py:766} INFO - DAG(s) dict_keys(['example_bash_operator']) retrieved from /home/airflow/.local/lib/python3.7/site-packages/airflow/example_dags/example_bash_operator.py
[2023-03-12T11:32:26.214+0000] {logging_mixin.py:120} INFO - [2023-03-12T11:32:26.214+0000] {dag.py:2585} INFO - Sync 1 DAGs
[2023-03-12T11:32:26.239+0000] {logging_mixin.py:120} INFO - [2023-03-12T11:32:26.239+0000] {dag.py:3340} INFO - Setting next_dagrun for example_bash_operator to 2023-03-11T00:00:00+00:00, run_after=2023-03-12T00:00:00+00:00
[2023-03-12T11:32:26.262+0000] {processor.py:176} INFO - Processing /home/airflow/.local/lib/python3.7/site-packages/airflow/example_dags/example_bash_operator.py took 0.170 seconds
[2023-03-12T12:40:39.429+0000] {processor.py:154} INFO - Started process (PID=37058) to work on /home/airflow/.local/lib/python3.7/site-packages/airflow/example_dags/example_bash_operator.py
[2023-03-12T12:40:39.432+0000] {processor.py:756} INFO - Processing file /home/airflow/.local/lib/python3.7/site-packages/airflow/example_dags/example_bash_operator.py for tasks to queue
[2023-03-12T12:40:39.433+0000] {logging_mixin.py:120} INFO - [2023-03-12T12:40:39.433+0000] {dagbag.py:537} INFO - Filling up the DagBag from /home/airflow/.local/lib/python3.7/site-packages/airflow/example_dags/example_bash_operator.py
[2023-03-12T12:40:39.464+0000] {processor.py:766} INFO - DAG(s) dict_keys(['example_bash_operator']) retrieved from /home/airflow/.local/lib/python3.7/site-packages/airflow/example_dags/example_bash_operator.py
[2023-03-12T12:40:39.512+0000] {logging_mixin.py:120} INFO - [2023-03-12T12:40:39.512+0000] {dag.py:2585} INFO - Sync 1 DAGs
[2023-03-12T12:40:39.535+0000] {logging_mixin.py:120} INFO - [2023-03-12T12:40:39.535+0000] {dag.py:3340} INFO - Setting next_dagrun for example_bash_operator to 2023-03-11T00:00:00+00:00, run_after=2023-03-12T00:00:00+00:00
[2023-03-12T12:40:39.556+0000] {processor.py:176} INFO - Processing /home/airflow/.local/lib/python3.7/site-packages/airflow/example_dags/example_bash_operator.py took 0.130 seconds
[2023-03-12T13:59:47.557+0000] {processor.py:154} INFO - Started process (PID=37121) to work on /home/airflow/.local/lib/python3.7/site-packages/airflow/example_dags/example_bash_operator.py
[2023-03-12T13:59:47.559+0000] {processor.py:756} INFO - Processing file /home/airflow/.local/lib/python3.7/site-packages/airflow/example_dags/example_bash_operator.py for tasks to queue
[2023-03-12T13:59:47.560+0000] {logging_mixin.py:120} INFO - [2023-03-12T13:59:47.560+0000] {dagbag.py:537} INFO - Filling up the DagBag from /home/airflow/.local/lib/python3.7/site-packages/airflow/example_dags/example_bash_operator.py
[2023-03-12T13:59:47.591+0000] {processor.py:766} INFO - DAG(s) dict_keys(['example_bash_operator']) retrieved from /home/airflow/.local/lib/python3.7/site-packages/airflow/example_dags/example_bash_operator.py
[2023-03-12T13:59:47.638+0000] {logging_mixin.py:120} INFO - [2023-03-12T13:59:47.637+0000] {dag.py:2585} INFO - Sync 1 DAGs
[2023-03-12T13:59:47.658+0000] {logging_mixin.py:120} INFO - [2023-03-12T13:59:47.658+0000] {dag.py:3340} INFO - Setting next_dagrun for example_bash_operator to 2023-03-11T00:00:00+00:00, run_after=2023-03-12T00:00:00+00:00
[2023-03-12T13:59:47.673+0000] {processor.py:176} INFO - Processing /home/airflow/.local/lib/python3.7/site-packages/airflow/example_dags/example_bash_operator.py took 0.120 seconds
[2023-03-12T15:06:05.300+0000] {processor.py:154} INFO - Started process (PID=37184) to work on /home/airflow/.local/lib/python3.7/site-packages/airflow/example_dags/example_bash_operator.py
[2023-03-12T15:06:05.302+0000] {processor.py:756} INFO - Processing file /home/airflow/.local/lib/python3.7/site-packages/airflow/example_dags/example_bash_operator.py for tasks to queue
[2023-03-12T15:06:05.304+0000] {logging_mixin.py:120} INFO - [2023-03-12T15:06:05.304+0000] {dagbag.py:537} INFO - Filling up the DagBag from /home/airflow/.local/lib/python3.7/site-packages/airflow/example_dags/example_bash_operator.py
[2023-03-12T15:06:05.323+0000] {processor.py:766} INFO - DAG(s) dict_keys(['example_bash_operator']) retrieved from /home/airflow/.local/lib/python3.7/site-packages/airflow/example_dags/example_bash_operator.py
[2023-03-12T15:06:05.358+0000] {logging_mixin.py:120} INFO - [2023-03-12T15:06:05.358+0000] {dag.py:2585} INFO - Sync 1 DAGs
[2023-03-12T15:06:05.372+0000] {logging_mixin.py:120} INFO - [2023-03-12T15:06:05.372+0000] {dag.py:3340} INFO - Setting next_dagrun for example_bash_operator to 2023-03-11T00:00:00+00:00, run_after=2023-03-12T00:00:00+00:00
[2023-03-12T15:06:05.389+0000] {processor.py:176} INFO - Processing /home/airflow/.local/lib/python3.7/site-packages/airflow/example_dags/example_bash_operator.py took 0.091 seconds
[2023-03-12T16:10:44.411+0000] {processor.py:154} INFO - Started process (PID=37248) to work on /home/airflow/.local/lib/python3.7/site-packages/airflow/example_dags/example_bash_operator.py
[2023-03-12T16:10:44.413+0000] {processor.py:756} INFO - Processing file /home/airflow/.local/lib/python3.7/site-packages/airflow/example_dags/example_bash_operator.py for tasks to queue
[2023-03-12T16:10:44.414+0000] {logging_mixin.py:120} INFO - [2023-03-12T16:10:44.414+0000] {dagbag.py:537} INFO - Filling up the DagBag from /home/airflow/.local/lib/python3.7/site-packages/airflow/example_dags/example_bash_operator.py
[2023-03-12T16:10:44.437+0000] {processor.py:766} INFO - DAG(s) dict_keys(['example_bash_operator']) retrieved from /home/airflow/.local/lib/python3.7/site-packages/airflow/example_dags/example_bash_operator.py
[2023-03-12T16:10:44.470+0000] {logging_mixin.py:120} INFO - [2023-03-12T16:10:44.470+0000] {dag.py:2585} INFO - Sync 1 DAGs
[2023-03-12T16:10:44.518+0000] {logging_mixin.py:120} INFO - [2023-03-12T16:10:44.518+0000] {dag.py:3340} INFO - Setting next_dagrun for example_bash_operator to 2023-03-11T00:00:00+00:00, run_after=2023-03-12T00:00:00+00:00
[2023-03-12T16:10:44.530+0000] {processor.py:176} INFO - Processing /home/airflow/.local/lib/python3.7/site-packages/airflow/example_dags/example_bash_operator.py took 0.126 seconds
[2023-03-12T17:18:11.158+0000] {processor.py:154} INFO - Started process (PID=37302) to work on /home/airflow/.local/lib/python3.7/site-packages/airflow/example_dags/example_bash_operator.py
[2023-03-12T17:18:11.163+0000] {processor.py:756} INFO - Processing file /home/airflow/.local/lib/python3.7/site-packages/airflow/example_dags/example_bash_operator.py for tasks to queue
[2023-03-12T17:18:11.163+0000] {logging_mixin.py:120} INFO - [2023-03-12T17:18:11.163+0000] {dagbag.py:537} INFO - Filling up the DagBag from /home/airflow/.local/lib/python3.7/site-packages/airflow/example_dags/example_bash_operator.py
[2023-03-12T17:18:11.200+0000] {processor.py:766} INFO - DAG(s) dict_keys(['example_bash_operator']) retrieved from /home/airflow/.local/lib/python3.7/site-packages/airflow/example_dags/example_bash_operator.py
[2023-03-12T17:18:11.263+0000] {logging_mixin.py:120} INFO - [2023-03-12T17:18:11.263+0000] {dag.py:2585} INFO - Sync 1 DAGs
[2023-03-12T17:18:11.281+0000] {logging_mixin.py:120} INFO - [2023-03-12T17:18:11.281+0000] {dag.py:3340} INFO - Setting next_dagrun for example_bash_operator to 2023-03-11T00:00:00+00:00, run_after=2023-03-12T00:00:00+00:00
[2023-03-12T17:18:11.295+0000] {processor.py:176} INFO - Processing /home/airflow/.local/lib/python3.7/site-packages/airflow/example_dags/example_bash_operator.py took 0.139 seconds
[2023-03-12T18:23:03.279+0000] {processor.py:154} INFO - Started process (PID=37365) to work on /home/airflow/.local/lib/python3.7/site-packages/airflow/example_dags/example_bash_operator.py
[2023-03-12T18:23:03.281+0000] {processor.py:756} INFO - Processing file /home/airflow/.local/lib/python3.7/site-packages/airflow/example_dags/example_bash_operator.py for tasks to queue
[2023-03-12T18:23:03.281+0000] {logging_mixin.py:120} INFO - [2023-03-12T18:23:03.281+0000] {dagbag.py:537} INFO - Filling up the DagBag from /home/airflow/.local/lib/python3.7/site-packages/airflow/example_dags/example_bash_operator.py
[2023-03-12T18:23:03.307+0000] {processor.py:766} INFO - DAG(s) dict_keys(['example_bash_operator']) retrieved from /home/airflow/.local/lib/python3.7/site-packages/airflow/example_dags/example_bash_operator.py
[2023-03-12T18:23:03.347+0000] {logging_mixin.py:120} INFO - [2023-03-12T18:23:03.347+0000] {dag.py:2585} INFO - Sync 1 DAGs
[2023-03-12T18:23:03.380+0000] {logging_mixin.py:120} INFO - [2023-03-12T18:23:03.380+0000] {dag.py:3340} INFO - Setting next_dagrun for example_bash_operator to 2023-03-11T00:00:00+00:00, run_after=2023-03-12T00:00:00+00:00
[2023-03-12T18:23:03.393+0000] {processor.py:176} INFO - Processing /home/airflow/.local/lib/python3.7/site-packages/airflow/example_dags/example_bash_operator.py took 0.116 seconds
[2023-03-12T19:03:56.514+0000] {processor.py:154} INFO - Started process (PID=37428) to work on /home/airflow/.local/lib/python3.7/site-packages/airflow/example_dags/example_bash_operator.py
[2023-03-12T19:03:56.515+0000] {processor.py:756} INFO - Processing file /home/airflow/.local/lib/python3.7/site-packages/airflow/example_dags/example_bash_operator.py for tasks to queue
[2023-03-12T19:03:56.515+0000] {logging_mixin.py:120} INFO - [2023-03-12T19:03:56.515+0000] {dagbag.py:537} INFO - Filling up the DagBag from /home/airflow/.local/lib/python3.7/site-packages/airflow/example_dags/example_bash_operator.py
[2023-03-12T19:03:56.560+0000] {processor.py:766} INFO - DAG(s) dict_keys(['example_bash_operator']) retrieved from /home/airflow/.local/lib/python3.7/site-packages/airflow/example_dags/example_bash_operator.py
[2023-03-12T19:03:56.622+0000] {logging_mixin.py:120} INFO - [2023-03-12T19:03:56.622+0000] {dag.py:2585} INFO - Sync 1 DAGs
[2023-03-12T19:03:56.641+0000] {logging_mixin.py:120} INFO - [2023-03-12T19:03:56.641+0000] {dag.py:3340} INFO - Setting next_dagrun for example_bash_operator to 2023-03-11T00:00:00+00:00, run_after=2023-03-12T00:00:00+00:00
[2023-03-12T19:03:56.654+0000] {processor.py:176} INFO - Processing /home/airflow/.local/lib/python3.7/site-packages/airflow/example_dags/example_bash_operator.py took 0.143 seconds
[2023-03-12T20:24:25.950+0000] {processor.py:154} INFO - Started process (PID=37490) to work on /home/airflow/.local/lib/python3.7/site-packages/airflow/example_dags/example_bash_operator.py
[2023-03-12T20:24:25.955+0000] {processor.py:756} INFO - Processing file /home/airflow/.local/lib/python3.7/site-packages/airflow/example_dags/example_bash_operator.py for tasks to queue
[2023-03-12T20:24:25.956+0000] {logging_mixin.py:120} INFO - [2023-03-12T20:24:25.956+0000] {dagbag.py:537} INFO - Filling up the DagBag from /home/airflow/.local/lib/python3.7/site-packages/airflow/example_dags/example_bash_operator.py
[2023-03-12T20:24:25.988+0000] {processor.py:766} INFO - DAG(s) dict_keys(['example_bash_operator']) retrieved from /home/airflow/.local/lib/python3.7/site-packages/airflow/example_dags/example_bash_operator.py
[2023-03-12T20:24:26.048+0000] {logging_mixin.py:120} INFO - [2023-03-12T20:24:26.048+0000] {dag.py:2585} INFO - Sync 1 DAGs
[2023-03-12T20:24:26.073+0000] {logging_mixin.py:120} INFO - [2023-03-12T20:24:26.073+0000] {dag.py:3340} INFO - Setting next_dagrun for example_bash_operator to 2023-03-11T00:00:00+00:00, run_after=2023-03-12T00:00:00+00:00
[2023-03-12T20:24:26.093+0000] {processor.py:176} INFO - Processing /home/airflow/.local/lib/python3.7/site-packages/airflow/example_dags/example_bash_operator.py took 0.147 seconds
[2023-03-12T21:28:16.994+0000] {processor.py:154} INFO - Started process (PID=37544) to work on /home/airflow/.local/lib/python3.7/site-packages/airflow/example_dags/example_bash_operator.py
[2023-03-12T21:28:16.995+0000] {processor.py:756} INFO - Processing file /home/airflow/.local/lib/python3.7/site-packages/airflow/example_dags/example_bash_operator.py for tasks to queue
[2023-03-12T21:28:16.998+0000] {logging_mixin.py:120} INFO - [2023-03-12T21:28:16.998+0000] {dagbag.py:537} INFO - Filling up the DagBag from /home/airflow/.local/lib/python3.7/site-packages/airflow/example_dags/example_bash_operator.py
[2023-03-12T21:28:17.019+0000] {processor.py:766} INFO - DAG(s) dict_keys(['example_bash_operator']) retrieved from /home/airflow/.local/lib/python3.7/site-packages/airflow/example_dags/example_bash_operator.py
[2023-03-12T21:28:17.083+0000] {logging_mixin.py:120} INFO - [2023-03-12T21:28:17.082+0000] {dag.py:2585} INFO - Sync 1 DAGs
[2023-03-12T21:28:17.108+0000] {logging_mixin.py:120} INFO - [2023-03-12T21:28:17.107+0000] {dag.py:3340} INFO - Setting next_dagrun for example_bash_operator to 2023-03-11T00:00:00+00:00, run_after=2023-03-12T00:00:00+00:00
[2023-03-12T21:28:17.134+0000] {processor.py:176} INFO - Processing /home/airflow/.local/lib/python3.7/site-packages/airflow/example_dags/example_bash_operator.py took 0.143 seconds
[2023-03-12T22:30:17.591+0000] {processor.py:154} INFO - Started process (PID=37608) to work on /home/airflow/.local/lib/python3.7/site-packages/airflow/example_dags/example_bash_operator.py
[2023-03-12T22:30:17.592+0000] {processor.py:756} INFO - Processing file /home/airflow/.local/lib/python3.7/site-packages/airflow/example_dags/example_bash_operator.py for tasks to queue
[2023-03-12T22:30:17.593+0000] {logging_mixin.py:120} INFO - [2023-03-12T22:30:17.593+0000] {dagbag.py:537} INFO - Filling up the DagBag from /home/airflow/.local/lib/python3.7/site-packages/airflow/example_dags/example_bash_operator.py
[2023-03-12T22:30:17.613+0000] {processor.py:766} INFO - DAG(s) dict_keys(['example_bash_operator']) retrieved from /home/airflow/.local/lib/python3.7/site-packages/airflow/example_dags/example_bash_operator.py
[2023-03-12T22:30:17.659+0000] {logging_mixin.py:120} INFO - [2023-03-12T22:30:17.658+0000] {dag.py:2585} INFO - Sync 1 DAGs
[2023-03-12T22:30:17.683+0000] {logging_mixin.py:120} INFO - [2023-03-12T22:30:17.683+0000] {dag.py:3340} INFO - Setting next_dagrun for example_bash_operator to 2023-03-11T00:00:00+00:00, run_after=2023-03-12T00:00:00+00:00
[2023-03-12T22:30:17.698+0000] {processor.py:176} INFO - Processing /home/airflow/.local/lib/python3.7/site-packages/airflow/example_dags/example_bash_operator.py took 0.109 seconds
[2023-03-12T23:33:22.122+0000] {processor.py:154} INFO - Started process (PID=37671) to work on /home/airflow/.local/lib/python3.7/site-packages/airflow/example_dags/example_bash_operator.py
[2023-03-12T23:33:22.124+0000] {processor.py:756} INFO - Processing file /home/airflow/.local/lib/python3.7/site-packages/airflow/example_dags/example_bash_operator.py for tasks to queue
[2023-03-12T23:33:22.124+0000] {logging_mixin.py:120} INFO - [2023-03-12T23:33:22.124+0000] {dagbag.py:537} INFO - Filling up the DagBag from /home/airflow/.local/lib/python3.7/site-packages/airflow/example_dags/example_bash_operator.py
[2023-03-12T23:33:22.152+0000] {processor.py:766} INFO - DAG(s) dict_keys(['example_bash_operator']) retrieved from /home/airflow/.local/lib/python3.7/site-packages/airflow/example_dags/example_bash_operator.py
[2023-03-12T23:33:22.218+0000] {logging_mixin.py:120} INFO - [2023-03-12T23:33:22.217+0000] {dag.py:2585} INFO - Sync 1 DAGs
[2023-03-12T23:33:22.248+0000] {logging_mixin.py:120} INFO - [2023-03-12T23:33:22.248+0000] {dag.py:3340} INFO - Setting next_dagrun for example_bash_operator to 2023-03-11T00:00:00+00:00, run_after=2023-03-12T00:00:00+00:00
[2023-03-12T23:33:22.265+0000] {processor.py:176} INFO - Processing /home/airflow/.local/lib/python3.7/site-packages/airflow/example_dags/example_bash_operator.py took 0.146 seconds
