[2023-03-12T00:05:11.714+0000] {processor.py:154} INFO - Started process (PID=36392) to work on /home/airflow/.local/lib/python3.7/site-packages/airflow/example_dags/example_task_group.py
[2023-03-12T00:05:11.716+0000] {processor.py:756} INFO - Processing file /home/airflow/.local/lib/python3.7/site-packages/airflow/example_dags/example_task_group.py for tasks to queue
[2023-03-12T00:05:11.717+0000] {logging_mixin.py:120} INFO - [2023-03-12T00:05:11.716+0000] {dagbag.py:537} INFO - Filling up the DagBag from /home/airflow/.local/lib/python3.7/site-packages/airflow/example_dags/example_task_group.py
[2023-03-12T00:05:11.730+0000] {processor.py:766} INFO - DAG(s) dict_keys(['example_task_group']) retrieved from /home/airflow/.local/lib/python3.7/site-packages/airflow/example_dags/example_task_group.py
[2023-03-12T00:05:11.762+0000] {logging_mixin.py:120} INFO - [2023-03-12T00:05:11.762+0000] {dag.py:2585} INFO - Sync 1 DAGs
[2023-03-12T00:05:11.776+0000] {logging_mixin.py:120} INFO - [2023-03-12T00:05:11.776+0000] {dag.py:3340} INFO - Setting next_dagrun for example_task_group to 2023-03-11T00:05:11.776686+00:00, run_after=2023-03-12T00:05:11.776686+00:00
[2023-03-12T00:05:11.786+0000] {processor.py:176} INFO - Processing /home/airflow/.local/lib/python3.7/site-packages/airflow/example_dags/example_task_group.py took 0.075 seconds
[2023-03-12T01:11:08.756+0000] {processor.py:154} INFO - Started process (PID=36446) to work on /home/airflow/.local/lib/python3.7/site-packages/airflow/example_dags/example_task_group.py
[2023-03-12T01:11:08.758+0000] {processor.py:756} INFO - Processing file /home/airflow/.local/lib/python3.7/site-packages/airflow/example_dags/example_task_group.py for tasks to queue
[2023-03-12T01:11:08.759+0000] {logging_mixin.py:120} INFO - [2023-03-12T01:11:08.758+0000] {dagbag.py:537} INFO - Filling up the DagBag from /home/airflow/.local/lib/python3.7/site-packages/airflow/example_dags/example_task_group.py
[2023-03-12T01:11:08.772+0000] {processor.py:766} INFO - DAG(s) dict_keys(['example_task_group']) retrieved from /home/airflow/.local/lib/python3.7/site-packages/airflow/example_dags/example_task_group.py
[2023-03-12T01:11:08.819+0000] {logging_mixin.py:120} INFO - [2023-03-12T01:11:08.819+0000] {dag.py:2585} INFO - Sync 1 DAGs
[2023-03-12T01:11:08.853+0000] {logging_mixin.py:120} INFO - [2023-03-12T01:11:08.852+0000] {dag.py:3340} INFO - Setting next_dagrun for example_task_group to 2023-03-11T01:11:08.852704+00:00, run_after=2023-03-12T01:11:08.852704+00:00
[2023-03-12T01:11:08.869+0000] {processor.py:176} INFO - Processing /home/airflow/.local/lib/python3.7/site-packages/airflow/example_dags/example_task_group.py took 0.116 seconds
[2023-03-12T02:20:06.902+0000] {processor.py:154} INFO - Started process (PID=36510) to work on /home/airflow/.local/lib/python3.7/site-packages/airflow/example_dags/example_task_group.py
[2023-03-12T02:20:06.910+0000] {processor.py:756} INFO - Processing file /home/airflow/.local/lib/python3.7/site-packages/airflow/example_dags/example_task_group.py for tasks to queue
[2023-03-12T02:20:06.913+0000] {logging_mixin.py:120} INFO - [2023-03-12T02:20:06.912+0000] {dagbag.py:537} INFO - Filling up the DagBag from /home/airflow/.local/lib/python3.7/site-packages/airflow/example_dags/example_task_group.py
[2023-03-12T02:20:06.936+0000] {processor.py:766} INFO - DAG(s) dict_keys(['example_task_group']) retrieved from /home/airflow/.local/lib/python3.7/site-packages/airflow/example_dags/example_task_group.py
[2023-03-12T02:20:06.994+0000] {logging_mixin.py:120} INFO - [2023-03-12T02:20:06.994+0000] {dag.py:2585} INFO - Sync 1 DAGs
[2023-03-12T02:20:07.008+0000] {logging_mixin.py:120} INFO - [2023-03-12T02:20:07.008+0000] {dag.py:3340} INFO - Setting next_dagrun for example_task_group to 2023-03-11T02:20:07.008417+00:00, run_after=2023-03-12T02:20:07.008417+00:00
[2023-03-12T02:20:07.028+0000] {processor.py:176} INFO - Processing /home/airflow/.local/lib/python3.7/site-packages/airflow/example_dags/example_task_group.py took 0.138 seconds
[2023-03-12T03:43:52.609+0000] {processor.py:154} INFO - Started process (PID=36573) to work on /home/airflow/.local/lib/python3.7/site-packages/airflow/example_dags/example_task_group.py
[2023-03-12T03:43:52.611+0000] {processor.py:756} INFO - Processing file /home/airflow/.local/lib/python3.7/site-packages/airflow/example_dags/example_task_group.py for tasks to queue
[2023-03-12T03:43:52.612+0000] {logging_mixin.py:120} INFO - [2023-03-12T03:43:52.612+0000] {dagbag.py:537} INFO - Filling up the DagBag from /home/airflow/.local/lib/python3.7/site-packages/airflow/example_dags/example_task_group.py
[2023-03-12T03:43:52.635+0000] {processor.py:766} INFO - DAG(s) dict_keys(['example_task_group']) retrieved from /home/airflow/.local/lib/python3.7/site-packages/airflow/example_dags/example_task_group.py
[2023-03-12T03:43:52.686+0000] {logging_mixin.py:120} INFO - [2023-03-12T03:43:52.686+0000] {dag.py:2585} INFO - Sync 1 DAGs
[2023-03-12T03:43:52.708+0000] {logging_mixin.py:120} INFO - [2023-03-12T03:43:52.708+0000] {dag.py:3340} INFO - Setting next_dagrun for example_task_group to 2023-03-11T03:43:52.708522+00:00, run_after=2023-03-12T03:43:52.708522+00:00
[2023-03-12T03:43:52.729+0000] {processor.py:176} INFO - Processing /home/airflow/.local/lib/python3.7/site-packages/airflow/example_dags/example_task_group.py took 0.124 seconds
[2023-03-12T04:47:37.679+0000] {processor.py:154} INFO - Started process (PID=36636) to work on /home/airflow/.local/lib/python3.7/site-packages/airflow/example_dags/example_task_group.py
[2023-03-12T04:47:37.680+0000] {processor.py:756} INFO - Processing file /home/airflow/.local/lib/python3.7/site-packages/airflow/example_dags/example_task_group.py for tasks to queue
[2023-03-12T04:47:37.681+0000] {logging_mixin.py:120} INFO - [2023-03-12T04:47:37.681+0000] {dagbag.py:537} INFO - Filling up the DagBag from /home/airflow/.local/lib/python3.7/site-packages/airflow/example_dags/example_task_group.py
[2023-03-12T04:47:37.697+0000] {processor.py:766} INFO - DAG(s) dict_keys(['example_task_group']) retrieved from /home/airflow/.local/lib/python3.7/site-packages/airflow/example_dags/example_task_group.py
[2023-03-12T04:47:37.744+0000] {logging_mixin.py:120} INFO - [2023-03-12T04:47:37.744+0000] {dag.py:2585} INFO - Sync 1 DAGs
[2023-03-12T04:47:37.778+0000] {logging_mixin.py:120} INFO - [2023-03-12T04:47:37.778+0000] {dag.py:3340} INFO - Setting next_dagrun for example_task_group to 2023-03-11T04:47:37.778401+00:00, run_after=2023-03-12T04:47:37.778401+00:00
[2023-03-12T04:47:37.801+0000] {processor.py:176} INFO - Processing /home/airflow/.local/lib/python3.7/site-packages/airflow/example_dags/example_task_group.py took 0.125 seconds
[2023-03-12T05:46:51.740+0000] {processor.py:154} INFO - Started process (PID=36699) to work on /home/airflow/.local/lib/python3.7/site-packages/airflow/example_dags/example_task_group.py
[2023-03-12T05:46:51.743+0000] {processor.py:756} INFO - Processing file /home/airflow/.local/lib/python3.7/site-packages/airflow/example_dags/example_task_group.py for tasks to queue
[2023-03-12T05:46:51.744+0000] {logging_mixin.py:120} INFO - [2023-03-12T05:46:51.744+0000] {dagbag.py:537} INFO - Filling up the DagBag from /home/airflow/.local/lib/python3.7/site-packages/airflow/example_dags/example_task_group.py
[2023-03-12T05:46:51.762+0000] {processor.py:766} INFO - DAG(s) dict_keys(['example_task_group']) retrieved from /home/airflow/.local/lib/python3.7/site-packages/airflow/example_dags/example_task_group.py
[2023-03-12T05:46:51.806+0000] {logging_mixin.py:120} INFO - [2023-03-12T05:46:51.806+0000] {dag.py:2585} INFO - Sync 1 DAGs
[2023-03-12T05:46:51.826+0000] {logging_mixin.py:120} INFO - [2023-03-12T05:46:51.826+0000] {dag.py:3340} INFO - Setting next_dagrun for example_task_group to 2023-03-11T05:46:51.826116+00:00, run_after=2023-03-12T05:46:51.826116+00:00
[2023-03-12T05:46:51.842+0000] {processor.py:176} INFO - Processing /home/airflow/.local/lib/python3.7/site-packages/airflow/example_dags/example_task_group.py took 0.104 seconds
[2023-03-12T06:51:39.451+0000] {processor.py:154} INFO - Started process (PID=36753) to work on /home/airflow/.local/lib/python3.7/site-packages/airflow/example_dags/example_task_group.py
[2023-03-12T06:51:39.455+0000] {processor.py:756} INFO - Processing file /home/airflow/.local/lib/python3.7/site-packages/airflow/example_dags/example_task_group.py for tasks to queue
[2023-03-12T06:51:39.456+0000] {logging_mixin.py:120} INFO - [2023-03-12T06:51:39.456+0000] {dagbag.py:537} INFO - Filling up the DagBag from /home/airflow/.local/lib/python3.7/site-packages/airflow/example_dags/example_task_group.py
[2023-03-12T06:51:39.469+0000] {processor.py:766} INFO - DAG(s) dict_keys(['example_task_group']) retrieved from /home/airflow/.local/lib/python3.7/site-packages/airflow/example_dags/example_task_group.py
[2023-03-12T06:51:39.924+0000] {logging_mixin.py:120} INFO - [2023-03-12T06:51:39.924+0000] {dag.py:2585} INFO - Sync 1 DAGs
[2023-03-12T06:51:39.975+0000] {logging_mixin.py:120} INFO - [2023-03-12T06:51:39.975+0000] {dag.py:3340} INFO - Setting next_dagrun for example_task_group to 2023-03-11T06:51:39.974871+00:00, run_after=2023-03-12T06:51:39.974871+00:00
[2023-03-12T06:51:40.012+0000] {processor.py:176} INFO - Processing /home/airflow/.local/lib/python3.7/site-packages/airflow/example_dags/example_task_group.py took 0.564 seconds
[2023-03-12T07:59:57.228+0000] {processor.py:154} INFO - Started process (PID=36817) to work on /home/airflow/.local/lib/python3.7/site-packages/airflow/example_dags/example_task_group.py
[2023-03-12T07:59:57.233+0000] {processor.py:756} INFO - Processing file /home/airflow/.local/lib/python3.7/site-packages/airflow/example_dags/example_task_group.py for tasks to queue
[2023-03-12T07:59:57.234+0000] {logging_mixin.py:120} INFO - [2023-03-12T07:59:57.234+0000] {dagbag.py:537} INFO - Filling up the DagBag from /home/airflow/.local/lib/python3.7/site-packages/airflow/example_dags/example_task_group.py
[2023-03-12T07:59:57.256+0000] {processor.py:766} INFO - DAG(s) dict_keys(['example_task_group']) retrieved from /home/airflow/.local/lib/python3.7/site-packages/airflow/example_dags/example_task_group.py
[2023-03-12T07:59:57.305+0000] {logging_mixin.py:120} INFO - [2023-03-12T07:59:57.305+0000] {dag.py:2585} INFO - Sync 1 DAGs
[2023-03-12T07:59:57.327+0000] {logging_mixin.py:120} INFO - [2023-03-12T07:59:57.327+0000] {dag.py:3340} INFO - Setting next_dagrun for example_task_group to 2023-03-11T07:59:57.327056+00:00, run_after=2023-03-12T07:59:57.327056+00:00
[2023-03-12T07:59:57.344+0000] {processor.py:176} INFO - Processing /home/airflow/.local/lib/python3.7/site-packages/airflow/example_dags/example_task_group.py took 0.119 seconds
[2023-03-12T09:20:37.268+0000] {processor.py:154} INFO - Started process (PID=36880) to work on /home/airflow/.local/lib/python3.7/site-packages/airflow/example_dags/example_task_group.py
[2023-03-12T09:20:37.271+0000] {processor.py:756} INFO - Processing file /home/airflow/.local/lib/python3.7/site-packages/airflow/example_dags/example_task_group.py for tasks to queue
[2023-03-12T09:20:37.276+0000] {logging_mixin.py:120} INFO - [2023-03-12T09:20:37.276+0000] {dagbag.py:537} INFO - Filling up the DagBag from /home/airflow/.local/lib/python3.7/site-packages/airflow/example_dags/example_task_group.py
[2023-03-12T09:20:37.298+0000] {processor.py:766} INFO - DAG(s) dict_keys(['example_task_group']) retrieved from /home/airflow/.local/lib/python3.7/site-packages/airflow/example_dags/example_task_group.py
[2023-03-12T09:20:37.376+0000] {logging_mixin.py:120} INFO - [2023-03-12T09:20:37.376+0000] {dag.py:2585} INFO - Sync 1 DAGs
[2023-03-12T09:20:37.400+0000] {logging_mixin.py:120} INFO - [2023-03-12T09:20:37.400+0000] {dag.py:3340} INFO - Setting next_dagrun for example_task_group to 2023-03-11T09:20:37.400644+00:00, run_after=2023-03-12T09:20:37.400644+00:00
[2023-03-12T09:20:37.420+0000] {processor.py:176} INFO - Processing /home/airflow/.local/lib/python3.7/site-packages/airflow/example_dags/example_task_group.py took 0.155 seconds
[2023-03-12T10:26:31.431+0000] {processor.py:154} INFO - Started process (PID=36943) to work on /home/airflow/.local/lib/python3.7/site-packages/airflow/example_dags/example_task_group.py
[2023-03-12T10:26:31.435+0000] {processor.py:756} INFO - Processing file /home/airflow/.local/lib/python3.7/site-packages/airflow/example_dags/example_task_group.py for tasks to queue
[2023-03-12T10:26:31.436+0000] {logging_mixin.py:120} INFO - [2023-03-12T10:26:31.436+0000] {dagbag.py:537} INFO - Filling up the DagBag from /home/airflow/.local/lib/python3.7/site-packages/airflow/example_dags/example_task_group.py
[2023-03-12T10:26:31.458+0000] {processor.py:766} INFO - DAG(s) dict_keys(['example_task_group']) retrieved from /home/airflow/.local/lib/python3.7/site-packages/airflow/example_dags/example_task_group.py
[2023-03-12T10:26:31.518+0000] {logging_mixin.py:120} INFO - [2023-03-12T10:26:31.518+0000] {dag.py:2585} INFO - Sync 1 DAGs
[2023-03-12T10:26:31.543+0000] {logging_mixin.py:120} INFO - [2023-03-12T10:26:31.543+0000] {dag.py:3340} INFO - Setting next_dagrun for example_task_group to 2023-03-11T10:26:31.543421+00:00, run_after=2023-03-12T10:26:31.543421+00:00
[2023-03-12T10:26:31.576+0000] {processor.py:176} INFO - Processing /home/airflow/.local/lib/python3.7/site-packages/airflow/example_dags/example_task_group.py took 0.148 seconds
[2023-03-12T11:32:26.464+0000] {processor.py:154} INFO - Started process (PID=36997) to work on /home/airflow/.local/lib/python3.7/site-packages/airflow/example_dags/example_task_group.py
[2023-03-12T11:32:26.470+0000] {processor.py:756} INFO - Processing file /home/airflow/.local/lib/python3.7/site-packages/airflow/example_dags/example_task_group.py for tasks to queue
[2023-03-12T11:32:26.477+0000] {logging_mixin.py:120} INFO - [2023-03-12T11:32:26.477+0000] {dagbag.py:537} INFO - Filling up the DagBag from /home/airflow/.local/lib/python3.7/site-packages/airflow/example_dags/example_task_group.py
[2023-03-12T11:32:26.501+0000] {processor.py:766} INFO - DAG(s) dict_keys(['example_task_group']) retrieved from /home/airflow/.local/lib/python3.7/site-packages/airflow/example_dags/example_task_group.py
[2023-03-12T11:32:26.576+0000] {logging_mixin.py:120} INFO - [2023-03-12T11:32:26.576+0000] {dag.py:2585} INFO - Sync 1 DAGs
[2023-03-12T11:32:26.594+0000] {logging_mixin.py:120} INFO - [2023-03-12T11:32:26.593+0000] {dag.py:3340} INFO - Setting next_dagrun for example_task_group to 2023-03-11T11:32:26.593705+00:00, run_after=2023-03-12T11:32:26.593705+00:00
[2023-03-12T11:32:26.610+0000] {processor.py:176} INFO - Processing /home/airflow/.local/lib/python3.7/site-packages/airflow/example_dags/example_task_group.py took 0.150 seconds
[2023-03-12T12:40:39.597+0000] {processor.py:154} INFO - Started process (PID=37060) to work on /home/airflow/.local/lib/python3.7/site-packages/airflow/example_dags/example_task_group.py
[2023-03-12T12:40:39.599+0000] {processor.py:756} INFO - Processing file /home/airflow/.local/lib/python3.7/site-packages/airflow/example_dags/example_task_group.py for tasks to queue
[2023-03-12T12:40:39.599+0000] {logging_mixin.py:120} INFO - [2023-03-12T12:40:39.599+0000] {dagbag.py:537} INFO - Filling up the DagBag from /home/airflow/.local/lib/python3.7/site-packages/airflow/example_dags/example_task_group.py
[2023-03-12T12:40:39.628+0000] {processor.py:766} INFO - DAG(s) dict_keys(['example_task_group']) retrieved from /home/airflow/.local/lib/python3.7/site-packages/airflow/example_dags/example_task_group.py
[2023-03-12T12:40:39.692+0000] {logging_mixin.py:120} INFO - [2023-03-12T12:40:39.692+0000] {dag.py:2585} INFO - Sync 1 DAGs
[2023-03-12T12:40:39.712+0000] {logging_mixin.py:120} INFO - [2023-03-12T12:40:39.711+0000] {dag.py:3340} INFO - Setting next_dagrun for example_task_group to 2023-03-11T12:40:39.711780+00:00, run_after=2023-03-12T12:40:39.711780+00:00
[2023-03-12T12:40:39.728+0000] {processor.py:176} INFO - Processing /home/airflow/.local/lib/python3.7/site-packages/airflow/example_dags/example_task_group.py took 0.133 seconds
[2023-03-12T13:59:47.698+0000] {processor.py:154} INFO - Started process (PID=37123) to work on /home/airflow/.local/lib/python3.7/site-packages/airflow/example_dags/example_task_group.py
[2023-03-12T13:59:47.702+0000] {processor.py:756} INFO - Processing file /home/airflow/.local/lib/python3.7/site-packages/airflow/example_dags/example_task_group.py for tasks to queue
[2023-03-12T13:59:47.708+0000] {logging_mixin.py:120} INFO - [2023-03-12T13:59:47.708+0000] {dagbag.py:537} INFO - Filling up the DagBag from /home/airflow/.local/lib/python3.7/site-packages/airflow/example_dags/example_task_group.py
[2023-03-12T13:59:47.724+0000] {processor.py:766} INFO - DAG(s) dict_keys(['example_task_group']) retrieved from /home/airflow/.local/lib/python3.7/site-packages/airflow/example_dags/example_task_group.py
[2023-03-12T13:59:47.755+0000] {logging_mixin.py:120} INFO - [2023-03-12T13:59:47.755+0000] {dag.py:2585} INFO - Sync 1 DAGs
[2023-03-12T13:59:47.785+0000] {logging_mixin.py:120} INFO - [2023-03-12T13:59:47.785+0000] {dag.py:3340} INFO - Setting next_dagrun for example_task_group to 2023-03-11T13:59:47.784886+00:00, run_after=2023-03-12T13:59:47.784886+00:00
[2023-03-12T13:59:47.809+0000] {processor.py:176} INFO - Processing /home/airflow/.local/lib/python3.7/site-packages/airflow/example_dags/example_task_group.py took 0.113 seconds
[2023-03-12T15:06:05.432+0000] {processor.py:154} INFO - Started process (PID=37186) to work on /home/airflow/.local/lib/python3.7/site-packages/airflow/example_dags/example_task_group.py
[2023-03-12T15:06:05.435+0000] {processor.py:756} INFO - Processing file /home/airflow/.local/lib/python3.7/site-packages/airflow/example_dags/example_task_group.py for tasks to queue
[2023-03-12T15:06:05.436+0000] {logging_mixin.py:120} INFO - [2023-03-12T15:06:05.436+0000] {dagbag.py:537} INFO - Filling up the DagBag from /home/airflow/.local/lib/python3.7/site-packages/airflow/example_dags/example_task_group.py
[2023-03-12T15:06:05.468+0000] {processor.py:766} INFO - DAG(s) dict_keys(['example_task_group']) retrieved from /home/airflow/.local/lib/python3.7/site-packages/airflow/example_dags/example_task_group.py
[2023-03-12T15:06:05.527+0000] {logging_mixin.py:120} INFO - [2023-03-12T15:06:05.527+0000] {dag.py:2585} INFO - Sync 1 DAGs
[2023-03-12T15:06:05.554+0000] {logging_mixin.py:120} INFO - [2023-03-12T15:06:05.554+0000] {dag.py:3340} INFO - Setting next_dagrun for example_task_group to 2023-03-11T15:06:05.553979+00:00, run_after=2023-03-12T15:06:05.553979+00:00
[2023-03-12T15:06:05.569+0000] {processor.py:176} INFO - Processing /home/airflow/.local/lib/python3.7/site-packages/airflow/example_dags/example_task_group.py took 0.140 seconds
[2023-03-12T16:10:44.744+0000] {processor.py:154} INFO - Started process (PID=37250) to work on /home/airflow/.local/lib/python3.7/site-packages/airflow/example_dags/example_task_group.py
[2023-03-12T16:10:44.745+0000] {processor.py:756} INFO - Processing file /home/airflow/.local/lib/python3.7/site-packages/airflow/example_dags/example_task_group.py for tasks to queue
[2023-03-12T16:10:44.746+0000] {logging_mixin.py:120} INFO - [2023-03-12T16:10:44.746+0000] {dagbag.py:537} INFO - Filling up the DagBag from /home/airflow/.local/lib/python3.7/site-packages/airflow/example_dags/example_task_group.py
[2023-03-12T16:10:44.767+0000] {processor.py:766} INFO - DAG(s) dict_keys(['example_task_group']) retrieved from /home/airflow/.local/lib/python3.7/site-packages/airflow/example_dags/example_task_group.py
[2023-03-12T16:10:44.826+0000] {logging_mixin.py:120} INFO - [2023-03-12T16:10:44.826+0000] {dag.py:2585} INFO - Sync 1 DAGs
[2023-03-12T16:10:44.864+0000] {logging_mixin.py:120} INFO - [2023-03-12T16:10:44.864+0000] {dag.py:3340} INFO - Setting next_dagrun for example_task_group to 2023-03-11T16:10:44.864170+00:00, run_after=2023-03-12T16:10:44.864170+00:00
[2023-03-12T16:10:44.882+0000] {processor.py:176} INFO - Processing /home/airflow/.local/lib/python3.7/site-packages/airflow/example_dags/example_task_group.py took 0.141 seconds
[2023-03-12T17:18:11.466+0000] {processor.py:154} INFO - Started process (PID=37304) to work on /home/airflow/.local/lib/python3.7/site-packages/airflow/example_dags/example_task_group.py
[2023-03-12T17:18:11.468+0000] {processor.py:756} INFO - Processing file /home/airflow/.local/lib/python3.7/site-packages/airflow/example_dags/example_task_group.py for tasks to queue
[2023-03-12T17:18:11.469+0000] {logging_mixin.py:120} INFO - [2023-03-12T17:18:11.469+0000] {dagbag.py:537} INFO - Filling up the DagBag from /home/airflow/.local/lib/python3.7/site-packages/airflow/example_dags/example_task_group.py
[2023-03-12T17:18:11.482+0000] {processor.py:766} INFO - DAG(s) dict_keys(['example_task_group']) retrieved from /home/airflow/.local/lib/python3.7/site-packages/airflow/example_dags/example_task_group.py
[2023-03-12T17:18:11.514+0000] {logging_mixin.py:120} INFO - [2023-03-12T17:18:11.514+0000] {dag.py:2585} INFO - Sync 1 DAGs
[2023-03-12T17:18:11.531+0000] {logging_mixin.py:120} INFO - [2023-03-12T17:18:11.531+0000] {dag.py:3340} INFO - Setting next_dagrun for example_task_group to 2023-03-11T17:18:11.530842+00:00, run_after=2023-03-12T17:18:11.530842+00:00
[2023-03-12T17:18:11.992+0000] {processor.py:176} INFO - Processing /home/airflow/.local/lib/python3.7/site-packages/airflow/example_dags/example_task_group.py took 0.529 seconds
[2023-03-12T18:23:03.438+0000] {processor.py:154} INFO - Started process (PID=37367) to work on /home/airflow/.local/lib/python3.7/site-packages/airflow/example_dags/example_task_group.py
[2023-03-12T18:23:03.440+0000] {processor.py:756} INFO - Processing file /home/airflow/.local/lib/python3.7/site-packages/airflow/example_dags/example_task_group.py for tasks to queue
[2023-03-12T18:23:03.446+0000] {logging_mixin.py:120} INFO - [2023-03-12T18:23:03.445+0000] {dagbag.py:537} INFO - Filling up the DagBag from /home/airflow/.local/lib/python3.7/site-packages/airflow/example_dags/example_task_group.py
[2023-03-12T18:23:03.484+0000] {processor.py:766} INFO - DAG(s) dict_keys(['example_task_group']) retrieved from /home/airflow/.local/lib/python3.7/site-packages/airflow/example_dags/example_task_group.py
[2023-03-12T18:23:03.529+0000] {logging_mixin.py:120} INFO - [2023-03-12T18:23:03.529+0000] {dag.py:2585} INFO - Sync 1 DAGs
[2023-03-12T18:23:03.550+0000] {logging_mixin.py:120} INFO - [2023-03-12T18:23:03.550+0000] {dag.py:3340} INFO - Setting next_dagrun for example_task_group to 2023-03-11T18:23:03.550422+00:00, run_after=2023-03-12T18:23:03.550422+00:00
[2023-03-12T18:23:03.567+0000] {processor.py:176} INFO - Processing /home/airflow/.local/lib/python3.7/site-packages/airflow/example_dags/example_task_group.py took 0.136 seconds
[2023-03-12T19:03:56.705+0000] {processor.py:154} INFO - Started process (PID=37430) to work on /home/airflow/.local/lib/python3.7/site-packages/airflow/example_dags/example_task_group.py
[2023-03-12T19:03:56.706+0000] {processor.py:756} INFO - Processing file /home/airflow/.local/lib/python3.7/site-packages/airflow/example_dags/example_task_group.py for tasks to queue
[2023-03-12T19:03:56.707+0000] {logging_mixin.py:120} INFO - [2023-03-12T19:03:56.707+0000] {dagbag.py:537} INFO - Filling up the DagBag from /home/airflow/.local/lib/python3.7/site-packages/airflow/example_dags/example_task_group.py
[2023-03-12T19:03:56.744+0000] {processor.py:766} INFO - DAG(s) dict_keys(['example_task_group']) retrieved from /home/airflow/.local/lib/python3.7/site-packages/airflow/example_dags/example_task_group.py
[2023-03-12T19:03:56.784+0000] {logging_mixin.py:120} INFO - [2023-03-12T19:03:56.784+0000] {dag.py:2585} INFO - Sync 1 DAGs
[2023-03-12T19:03:56.817+0000] {logging_mixin.py:120} INFO - [2023-03-12T19:03:56.817+0000] {dag.py:3340} INFO - Setting next_dagrun for example_task_group to 2023-03-11T19:03:56.817303+00:00, run_after=2023-03-12T19:03:56.817303+00:00
[2023-03-12T19:03:56.843+0000] {processor.py:176} INFO - Processing /home/airflow/.local/lib/python3.7/site-packages/airflow/example_dags/example_task_group.py took 0.145 seconds
[2023-03-12T20:24:26.155+0000] {processor.py:154} INFO - Started process (PID=37492) to work on /home/airflow/.local/lib/python3.7/site-packages/airflow/example_dags/example_task_group.py
[2023-03-12T20:24:26.156+0000] {processor.py:756} INFO - Processing file /home/airflow/.local/lib/python3.7/site-packages/airflow/example_dags/example_task_group.py for tasks to queue
[2023-03-12T20:24:26.157+0000] {logging_mixin.py:120} INFO - [2023-03-12T20:24:26.157+0000] {dagbag.py:537} INFO - Filling up the DagBag from /home/airflow/.local/lib/python3.7/site-packages/airflow/example_dags/example_task_group.py
[2023-03-12T20:24:26.179+0000] {processor.py:766} INFO - DAG(s) dict_keys(['example_task_group']) retrieved from /home/airflow/.local/lib/python3.7/site-packages/airflow/example_dags/example_task_group.py
[2023-03-12T20:24:26.237+0000] {logging_mixin.py:120} INFO - [2023-03-12T20:24:26.236+0000] {dag.py:2585} INFO - Sync 1 DAGs
[2023-03-12T20:24:26.262+0000] {logging_mixin.py:120} INFO - [2023-03-12T20:24:26.262+0000] {dag.py:3340} INFO - Setting next_dagrun for example_task_group to 2023-03-11T20:24:26.262065+00:00, run_after=2023-03-12T20:24:26.262065+00:00
[2023-03-12T20:24:26.278+0000] {processor.py:176} INFO - Processing /home/airflow/.local/lib/python3.7/site-packages/airflow/example_dags/example_task_group.py took 0.130 seconds
[2023-03-12T21:28:17.189+0000] {processor.py:154} INFO - Started process (PID=37553) to work on /home/airflow/.local/lib/python3.7/site-packages/airflow/example_dags/example_task_group.py
[2023-03-12T21:28:17.192+0000] {processor.py:756} INFO - Processing file /home/airflow/.local/lib/python3.7/site-packages/airflow/example_dags/example_task_group.py for tasks to queue
[2023-03-12T21:28:17.193+0000] {logging_mixin.py:120} INFO - [2023-03-12T21:28:17.193+0000] {dagbag.py:537} INFO - Filling up the DagBag from /home/airflow/.local/lib/python3.7/site-packages/airflow/example_dags/example_task_group.py
[2023-03-12T21:28:17.218+0000] {processor.py:766} INFO - DAG(s) dict_keys(['example_task_group']) retrieved from /home/airflow/.local/lib/python3.7/site-packages/airflow/example_dags/example_task_group.py
[2023-03-12T21:28:17.283+0000] {logging_mixin.py:120} INFO - [2023-03-12T21:28:17.283+0000] {dag.py:2585} INFO - Sync 1 DAGs
[2023-03-12T21:28:17.312+0000] {logging_mixin.py:120} INFO - [2023-03-12T21:28:17.312+0000] {dag.py:3340} INFO - Setting next_dagrun for example_task_group to 2023-03-11T21:28:17.312360+00:00, run_after=2023-03-12T21:28:17.312360+00:00
[2023-03-12T21:28:17.357+0000] {processor.py:176} INFO - Processing /home/airflow/.local/lib/python3.7/site-packages/airflow/example_dags/example_task_group.py took 0.171 seconds
[2023-03-12T22:30:17.784+0000] {processor.py:154} INFO - Started process (PID=37610) to work on /home/airflow/.local/lib/python3.7/site-packages/airflow/example_dags/example_task_group.py
[2023-03-12T22:30:17.785+0000] {processor.py:756} INFO - Processing file /home/airflow/.local/lib/python3.7/site-packages/airflow/example_dags/example_task_group.py for tasks to queue
[2023-03-12T22:30:17.786+0000] {logging_mixin.py:120} INFO - [2023-03-12T22:30:17.786+0000] {dagbag.py:537} INFO - Filling up the DagBag from /home/airflow/.local/lib/python3.7/site-packages/airflow/example_dags/example_task_group.py
[2023-03-12T22:30:17.803+0000] {processor.py:766} INFO - DAG(s) dict_keys(['example_task_group']) retrieved from /home/airflow/.local/lib/python3.7/site-packages/airflow/example_dags/example_task_group.py
[2023-03-12T22:30:17.860+0000] {logging_mixin.py:120} INFO - [2023-03-12T22:30:17.860+0000] {dag.py:2585} INFO - Sync 1 DAGs
[2023-03-12T22:30:17.887+0000] {logging_mixin.py:120} INFO - [2023-03-12T22:30:17.887+0000] {dag.py:3340} INFO - Setting next_dagrun for example_task_group to 2023-03-11T22:30:17.887678+00:00, run_after=2023-03-12T22:30:17.887678+00:00
[2023-03-12T22:30:17.904+0000] {processor.py:176} INFO - Processing /home/airflow/.local/lib/python3.7/site-packages/airflow/example_dags/example_task_group.py took 0.127 seconds
[2023-03-12T23:33:22.317+0000] {processor.py:154} INFO - Started process (PID=37673) to work on /home/airflow/.local/lib/python3.7/site-packages/airflow/example_dags/example_task_group.py
[2023-03-12T23:33:22.318+0000] {processor.py:756} INFO - Processing file /home/airflow/.local/lib/python3.7/site-packages/airflow/example_dags/example_task_group.py for tasks to queue
[2023-03-12T23:33:22.320+0000] {logging_mixin.py:120} INFO - [2023-03-12T23:33:22.319+0000] {dagbag.py:537} INFO - Filling up the DagBag from /home/airflow/.local/lib/python3.7/site-packages/airflow/example_dags/example_task_group.py
[2023-03-12T23:33:22.342+0000] {processor.py:766} INFO - DAG(s) dict_keys(['example_task_group']) retrieved from /home/airflow/.local/lib/python3.7/site-packages/airflow/example_dags/example_task_group.py
[2023-03-12T23:33:22.388+0000] {logging_mixin.py:120} INFO - [2023-03-12T23:33:22.388+0000] {dag.py:2585} INFO - Sync 1 DAGs
[2023-03-12T23:33:22.417+0000] {logging_mixin.py:120} INFO - [2023-03-12T23:33:22.417+0000] {dag.py:3340} INFO - Setting next_dagrun for example_task_group to 2023-03-11T23:33:22.417500+00:00, run_after=2023-03-12T23:33:22.417500+00:00
[2023-03-12T23:33:22.436+0000] {processor.py:176} INFO - Processing /home/airflow/.local/lib/python3.7/site-packages/airflow/example_dags/example_task_group.py took 0.122 seconds
