[2023-03-12T00:05:12.259+0000] {processor.py:154} INFO - Started process (PID=36401) to work on /home/airflow/.local/lib/python3.7/site-packages/airflow/example_dags/example_task_group_decorator.py
[2023-03-12T00:05:12.260+0000] {processor.py:756} INFO - Processing file /home/airflow/.local/lib/python3.7/site-packages/airflow/example_dags/example_task_group_decorator.py for tasks to queue
[2023-03-12T00:05:12.261+0000] {logging_mixin.py:120} INFO - [2023-03-12T00:05:12.261+0000] {dagbag.py:537} INFO - Filling up the DagBag from /home/airflow/.local/lib/python3.7/site-packages/airflow/example_dags/example_task_group_decorator.py
[2023-03-12T00:05:12.278+0000] {processor.py:766} INFO - DAG(s) dict_keys(['example_task_group_decorator']) retrieved from /home/airflow/.local/lib/python3.7/site-packages/airflow/example_dags/example_task_group_decorator.py
[2023-03-12T00:05:12.309+0000] {logging_mixin.py:120} INFO - [2023-03-12T00:05:12.308+0000] {dag.py:2585} INFO - Sync 1 DAGs
[2023-03-12T00:05:12.323+0000] {logging_mixin.py:120} INFO - [2023-03-12T00:05:12.323+0000] {dag.py:3340} INFO - Setting next_dagrun for example_task_group_decorator to 2023-03-11T00:05:12.323128+00:00, run_after=2023-03-12T00:05:12.323128+00:00
[2023-03-12T00:05:12.332+0000] {processor.py:176} INFO - Processing /home/airflow/.local/lib/python3.7/site-packages/airflow/example_dags/example_task_group_decorator.py took 0.076 seconds
[2023-03-12T01:11:09.380+0000] {processor.py:154} INFO - Started process (PID=36455) to work on /home/airflow/.local/lib/python3.7/site-packages/airflow/example_dags/example_task_group_decorator.py
[2023-03-12T01:11:09.380+0000] {processor.py:756} INFO - Processing file /home/airflow/.local/lib/python3.7/site-packages/airflow/example_dags/example_task_group_decorator.py for tasks to queue
[2023-03-12T01:11:09.381+0000] {logging_mixin.py:120} INFO - [2023-03-12T01:11:09.381+0000] {dagbag.py:537} INFO - Filling up the DagBag from /home/airflow/.local/lib/python3.7/site-packages/airflow/example_dags/example_task_group_decorator.py
[2023-03-12T01:11:09.399+0000] {processor.py:766} INFO - DAG(s) dict_keys(['example_task_group_decorator']) retrieved from /home/airflow/.local/lib/python3.7/site-packages/airflow/example_dags/example_task_group_decorator.py
[2023-03-12T01:11:09.431+0000] {logging_mixin.py:120} INFO - [2023-03-12T01:11:09.431+0000] {dag.py:2585} INFO - Sync 1 DAGs
[2023-03-12T01:11:09.445+0000] {logging_mixin.py:120} INFO - [2023-03-12T01:11:09.445+0000] {dag.py:3340} INFO - Setting next_dagrun for example_task_group_decorator to 2023-03-11T01:11:09.445277+00:00, run_after=2023-03-12T01:11:09.445277+00:00
[2023-03-12T01:11:09.457+0000] {processor.py:176} INFO - Processing /home/airflow/.local/lib/python3.7/site-packages/airflow/example_dags/example_task_group_decorator.py took 0.081 seconds
[2023-03-12T02:20:07.556+0000] {processor.py:154} INFO - Started process (PID=36519) to work on /home/airflow/.local/lib/python3.7/site-packages/airflow/example_dags/example_task_group_decorator.py
[2023-03-12T02:20:07.557+0000] {processor.py:756} INFO - Processing file /home/airflow/.local/lib/python3.7/site-packages/airflow/example_dags/example_task_group_decorator.py for tasks to queue
[2023-03-12T02:20:07.557+0000] {logging_mixin.py:120} INFO - [2023-03-12T02:20:07.557+0000] {dagbag.py:537} INFO - Filling up the DagBag from /home/airflow/.local/lib/python3.7/site-packages/airflow/example_dags/example_task_group_decorator.py
[2023-03-12T02:20:07.575+0000] {processor.py:766} INFO - DAG(s) dict_keys(['example_task_group_decorator']) retrieved from /home/airflow/.local/lib/python3.7/site-packages/airflow/example_dags/example_task_group_decorator.py
[2023-03-12T02:20:07.609+0000] {logging_mixin.py:120} INFO - [2023-03-12T02:20:07.609+0000] {dag.py:2585} INFO - Sync 1 DAGs
[2023-03-12T02:20:07.630+0000] {logging_mixin.py:120} INFO - [2023-03-12T02:20:07.630+0000] {dag.py:3340} INFO - Setting next_dagrun for example_task_group_decorator to 2023-03-11T02:20:07.630311+00:00, run_after=2023-03-12T02:20:07.630311+00:00
[2023-03-12T02:20:07.666+0000] {processor.py:176} INFO - Processing /home/airflow/.local/lib/python3.7/site-packages/airflow/example_dags/example_task_group_decorator.py took 0.114 seconds
[2023-03-12T03:43:53.351+0000] {processor.py:154} INFO - Started process (PID=36582) to work on /home/airflow/.local/lib/python3.7/site-packages/airflow/example_dags/example_task_group_decorator.py
[2023-03-12T03:43:53.355+0000] {processor.py:756} INFO - Processing file /home/airflow/.local/lib/python3.7/site-packages/airflow/example_dags/example_task_group_decorator.py for tasks to queue
[2023-03-12T03:43:53.356+0000] {logging_mixin.py:120} INFO - [2023-03-12T03:43:53.356+0000] {dagbag.py:537} INFO - Filling up the DagBag from /home/airflow/.local/lib/python3.7/site-packages/airflow/example_dags/example_task_group_decorator.py
[2023-03-12T03:43:53.383+0000] {processor.py:766} INFO - DAG(s) dict_keys(['example_task_group_decorator']) retrieved from /home/airflow/.local/lib/python3.7/site-packages/airflow/example_dags/example_task_group_decorator.py
[2023-03-12T03:43:53.433+0000] {logging_mixin.py:120} INFO - [2023-03-12T03:43:53.433+0000] {dag.py:2585} INFO - Sync 1 DAGs
[2023-03-12T03:43:53.453+0000] {logging_mixin.py:120} INFO - [2023-03-12T03:43:53.453+0000] {dag.py:3340} INFO - Setting next_dagrun for example_task_group_decorator to 2023-03-11T03:43:53.453177+00:00, run_after=2023-03-12T03:43:53.453177+00:00
[2023-03-12T03:43:53.469+0000] {processor.py:176} INFO - Processing /home/airflow/.local/lib/python3.7/site-packages/airflow/example_dags/example_task_group_decorator.py took 0.122 seconds
[2023-03-12T04:47:38.351+0000] {processor.py:154} INFO - Started process (PID=36645) to work on /home/airflow/.local/lib/python3.7/site-packages/airflow/example_dags/example_task_group_decorator.py
[2023-03-12T04:47:38.352+0000] {processor.py:756} INFO - Processing file /home/airflow/.local/lib/python3.7/site-packages/airflow/example_dags/example_task_group_decorator.py for tasks to queue
[2023-03-12T04:47:38.352+0000] {logging_mixin.py:120} INFO - [2023-03-12T04:47:38.352+0000] {dagbag.py:537} INFO - Filling up the DagBag from /home/airflow/.local/lib/python3.7/site-packages/airflow/example_dags/example_task_group_decorator.py
[2023-03-12T04:47:38.375+0000] {processor.py:766} INFO - DAG(s) dict_keys(['example_task_group_decorator']) retrieved from /home/airflow/.local/lib/python3.7/site-packages/airflow/example_dags/example_task_group_decorator.py
[2023-03-12T04:47:38.435+0000] {logging_mixin.py:120} INFO - [2023-03-12T04:47:38.435+0000] {dag.py:2585} INFO - Sync 1 DAGs
[2023-03-12T04:47:38.462+0000] {logging_mixin.py:120} INFO - [2023-03-12T04:47:38.462+0000] {dag.py:3340} INFO - Setting next_dagrun for example_task_group_decorator to 2023-03-11T04:47:38.462597+00:00, run_after=2023-03-12T04:47:38.462597+00:00
[2023-03-12T04:47:38.479+0000] {processor.py:176} INFO - Processing /home/airflow/.local/lib/python3.7/site-packages/airflow/example_dags/example_task_group_decorator.py took 0.130 seconds
[2023-03-12T05:46:52.409+0000] {processor.py:154} INFO - Started process (PID=36708) to work on /home/airflow/.local/lib/python3.7/site-packages/airflow/example_dags/example_task_group_decorator.py
[2023-03-12T05:46:52.411+0000] {processor.py:756} INFO - Processing file /home/airflow/.local/lib/python3.7/site-packages/airflow/example_dags/example_task_group_decorator.py for tasks to queue
[2023-03-12T05:46:52.412+0000] {logging_mixin.py:120} INFO - [2023-03-12T05:46:52.412+0000] {dagbag.py:537} INFO - Filling up the DagBag from /home/airflow/.local/lib/python3.7/site-packages/airflow/example_dags/example_task_group_decorator.py
[2023-03-12T05:46:52.433+0000] {processor.py:766} INFO - DAG(s) dict_keys(['example_task_group_decorator']) retrieved from /home/airflow/.local/lib/python3.7/site-packages/airflow/example_dags/example_task_group_decorator.py
[2023-03-12T05:46:52.485+0000] {logging_mixin.py:120} INFO - [2023-03-12T05:46:52.485+0000] {dag.py:2585} INFO - Sync 1 DAGs
[2023-03-12T05:46:52.510+0000] {logging_mixin.py:120} INFO - [2023-03-12T05:46:52.510+0000] {dag.py:3340} INFO - Setting next_dagrun for example_task_group_decorator to 2023-03-11T05:46:52.509880+00:00, run_after=2023-03-12T05:46:52.509880+00:00
[2023-03-12T05:46:52.531+0000] {processor.py:176} INFO - Processing /home/airflow/.local/lib/python3.7/site-packages/airflow/example_dags/example_task_group_decorator.py took 0.125 seconds
[2023-03-12T06:51:40.586+0000] {processor.py:154} INFO - Started process (PID=36762) to work on /home/airflow/.local/lib/python3.7/site-packages/airflow/example_dags/example_task_group_decorator.py
[2023-03-12T06:51:40.590+0000] {processor.py:756} INFO - Processing file /home/airflow/.local/lib/python3.7/site-packages/airflow/example_dags/example_task_group_decorator.py for tasks to queue
[2023-03-12T06:51:40.591+0000] {logging_mixin.py:120} INFO - [2023-03-12T06:51:40.591+0000] {dagbag.py:537} INFO - Filling up the DagBag from /home/airflow/.local/lib/python3.7/site-packages/airflow/example_dags/example_task_group_decorator.py
[2023-03-12T06:51:40.618+0000] {processor.py:766} INFO - DAG(s) dict_keys(['example_task_group_decorator']) retrieved from /home/airflow/.local/lib/python3.7/site-packages/airflow/example_dags/example_task_group_decorator.py
[2023-03-12T06:51:40.665+0000] {logging_mixin.py:120} INFO - [2023-03-12T06:51:40.665+0000] {dag.py:2585} INFO - Sync 1 DAGs
[2023-03-12T06:51:40.685+0000] {logging_mixin.py:120} INFO - [2023-03-12T06:51:40.685+0000] {dag.py:3340} INFO - Setting next_dagrun for example_task_group_decorator to 2023-03-11T06:51:40.685575+00:00, run_after=2023-03-12T06:51:40.685575+00:00
[2023-03-12T06:51:40.705+0000] {processor.py:176} INFO - Processing /home/airflow/.local/lib/python3.7/site-packages/airflow/example_dags/example_task_group_decorator.py took 0.121 seconds
[2023-03-12T07:59:57.946+0000] {processor.py:154} INFO - Started process (PID=36826) to work on /home/airflow/.local/lib/python3.7/site-packages/airflow/example_dags/example_task_group_decorator.py
[2023-03-12T07:59:57.948+0000] {processor.py:756} INFO - Processing file /home/airflow/.local/lib/python3.7/site-packages/airflow/example_dags/example_task_group_decorator.py for tasks to queue
[2023-03-12T07:59:57.949+0000] {logging_mixin.py:120} INFO - [2023-03-12T07:59:57.949+0000] {dagbag.py:537} INFO - Filling up the DagBag from /home/airflow/.local/lib/python3.7/site-packages/airflow/example_dags/example_task_group_decorator.py
[2023-03-12T07:59:57.981+0000] {processor.py:766} INFO - DAG(s) dict_keys(['example_task_group_decorator']) retrieved from /home/airflow/.local/lib/python3.7/site-packages/airflow/example_dags/example_task_group_decorator.py
[2023-03-12T07:59:58.023+0000] {logging_mixin.py:120} INFO - [2023-03-12T07:59:58.022+0000] {dag.py:2585} INFO - Sync 1 DAGs
[2023-03-12T07:59:58.038+0000] {logging_mixin.py:120} INFO - [2023-03-12T07:59:58.038+0000] {dag.py:3340} INFO - Setting next_dagrun for example_task_group_decorator to 2023-03-11T07:59:58.038648+00:00, run_after=2023-03-12T07:59:58.038648+00:00
[2023-03-12T07:59:58.049+0000] {processor.py:176} INFO - Processing /home/airflow/.local/lib/python3.7/site-packages/airflow/example_dags/example_task_group_decorator.py took 0.109 seconds
[2023-03-12T09:20:38.190+0000] {processor.py:154} INFO - Started process (PID=36889) to work on /home/airflow/.local/lib/python3.7/site-packages/airflow/example_dags/example_task_group_decorator.py
[2023-03-12T09:20:38.192+0000] {processor.py:756} INFO - Processing file /home/airflow/.local/lib/python3.7/site-packages/airflow/example_dags/example_task_group_decorator.py for tasks to queue
[2023-03-12T09:20:38.192+0000] {logging_mixin.py:120} INFO - [2023-03-12T09:20:38.192+0000] {dagbag.py:537} INFO - Filling up the DagBag from /home/airflow/.local/lib/python3.7/site-packages/airflow/example_dags/example_task_group_decorator.py
[2023-03-12T09:20:38.221+0000] {processor.py:766} INFO - DAG(s) dict_keys(['example_task_group_decorator']) retrieved from /home/airflow/.local/lib/python3.7/site-packages/airflow/example_dags/example_task_group_decorator.py
[2023-03-12T09:20:38.263+0000] {logging_mixin.py:120} INFO - [2023-03-12T09:20:38.263+0000] {dag.py:2585} INFO - Sync 1 DAGs
[2023-03-12T09:20:38.280+0000] {logging_mixin.py:120} INFO - [2023-03-12T09:20:38.280+0000] {dag.py:3340} INFO - Setting next_dagrun for example_task_group_decorator to 2023-03-11T09:20:38.279922+00:00, run_after=2023-03-12T09:20:38.279922+00:00
[2023-03-12T09:20:38.300+0000] {processor.py:176} INFO - Processing /home/airflow/.local/lib/python3.7/site-packages/airflow/example_dags/example_task_group_decorator.py took 0.112 seconds
[2023-03-12T10:26:32.195+0000] {processor.py:154} INFO - Started process (PID=36952) to work on /home/airflow/.local/lib/python3.7/site-packages/airflow/example_dags/example_task_group_decorator.py
[2023-03-12T10:26:32.197+0000] {processor.py:756} INFO - Processing file /home/airflow/.local/lib/python3.7/site-packages/airflow/example_dags/example_task_group_decorator.py for tasks to queue
[2023-03-12T10:26:32.197+0000] {logging_mixin.py:120} INFO - [2023-03-12T10:26:32.197+0000] {dagbag.py:537} INFO - Filling up the DagBag from /home/airflow/.local/lib/python3.7/site-packages/airflow/example_dags/example_task_group_decorator.py
[2023-03-12T10:26:32.217+0000] {processor.py:766} INFO - DAG(s) dict_keys(['example_task_group_decorator']) retrieved from /home/airflow/.local/lib/python3.7/site-packages/airflow/example_dags/example_task_group_decorator.py
[2023-03-12T10:26:32.265+0000] {logging_mixin.py:120} INFO - [2023-03-12T10:26:32.265+0000] {dag.py:2585} INFO - Sync 1 DAGs
[2023-03-12T10:26:32.295+0000] {logging_mixin.py:120} INFO - [2023-03-12T10:26:32.295+0000] {dag.py:3340} INFO - Setting next_dagrun for example_task_group_decorator to 2023-03-11T10:26:32.295627+00:00, run_after=2023-03-12T10:26:32.295627+00:00
[2023-03-12T10:26:32.316+0000] {processor.py:176} INFO - Processing /home/airflow/.local/lib/python3.7/site-packages/airflow/example_dags/example_task_group_decorator.py took 0.126 seconds
[2023-03-12T11:32:27.358+0000] {processor.py:154} INFO - Started process (PID=37015) to work on /home/airflow/.local/lib/python3.7/site-packages/airflow/example_dags/example_task_group_decorator.py
[2023-03-12T11:32:27.361+0000] {processor.py:756} INFO - Processing file /home/airflow/.local/lib/python3.7/site-packages/airflow/example_dags/example_task_group_decorator.py for tasks to queue
[2023-03-12T11:32:27.362+0000] {logging_mixin.py:120} INFO - [2023-03-12T11:32:27.362+0000] {dagbag.py:537} INFO - Filling up the DagBag from /home/airflow/.local/lib/python3.7/site-packages/airflow/example_dags/example_task_group_decorator.py
[2023-03-12T11:32:27.413+0000] {processor.py:766} INFO - DAG(s) dict_keys(['example_task_group_decorator']) retrieved from /home/airflow/.local/lib/python3.7/site-packages/airflow/example_dags/example_task_group_decorator.py
[2023-03-12T11:32:27.470+0000] {logging_mixin.py:120} INFO - [2023-03-12T11:32:27.470+0000] {dag.py:2585} INFO - Sync 1 DAGs
[2023-03-12T11:32:27.501+0000] {logging_mixin.py:120} INFO - [2023-03-12T11:32:27.501+0000] {dag.py:3340} INFO - Setting next_dagrun for example_task_group_decorator to 2023-03-11T11:32:27.501501+00:00, run_after=2023-03-12T11:32:27.501501+00:00
[2023-03-12T11:32:27.529+0000] {processor.py:176} INFO - Processing /home/airflow/.local/lib/python3.7/site-packages/airflow/example_dags/example_task_group_decorator.py took 0.174 seconds
[2023-03-12T12:40:40.364+0000] {processor.py:154} INFO - Started process (PID=37069) to work on /home/airflow/.local/lib/python3.7/site-packages/airflow/example_dags/example_task_group_decorator.py
[2023-03-12T12:40:40.365+0000] {processor.py:756} INFO - Processing file /home/airflow/.local/lib/python3.7/site-packages/airflow/example_dags/example_task_group_decorator.py for tasks to queue
[2023-03-12T12:40:40.367+0000] {logging_mixin.py:120} INFO - [2023-03-12T12:40:40.366+0000] {dagbag.py:537} INFO - Filling up the DagBag from /home/airflow/.local/lib/python3.7/site-packages/airflow/example_dags/example_task_group_decorator.py
[2023-03-12T12:40:40.391+0000] {processor.py:766} INFO - DAG(s) dict_keys(['example_task_group_decorator']) retrieved from /home/airflow/.local/lib/python3.7/site-packages/airflow/example_dags/example_task_group_decorator.py
[2023-03-12T12:40:40.464+0000] {logging_mixin.py:120} INFO - [2023-03-12T12:40:40.464+0000] {dag.py:2585} INFO - Sync 1 DAGs
[2023-03-12T12:40:40.483+0000] {logging_mixin.py:120} INFO - [2023-03-12T12:40:40.482+0000] {dag.py:3340} INFO - Setting next_dagrun for example_task_group_decorator to 2023-03-11T12:40:40.482453+00:00, run_after=2023-03-12T12:40:40.482453+00:00
[2023-03-12T12:40:40.494+0000] {processor.py:176} INFO - Processing /home/airflow/.local/lib/python3.7/site-packages/airflow/example_dags/example_task_group_decorator.py took 0.133 seconds
[2023-03-12T13:59:48.594+0000] {processor.py:154} INFO - Started process (PID=37132) to work on /home/airflow/.local/lib/python3.7/site-packages/airflow/example_dags/example_task_group_decorator.py
[2023-03-12T13:59:48.595+0000] {processor.py:756} INFO - Processing file /home/airflow/.local/lib/python3.7/site-packages/airflow/example_dags/example_task_group_decorator.py for tasks to queue
[2023-03-12T13:59:48.596+0000] {logging_mixin.py:120} INFO - [2023-03-12T13:59:48.596+0000] {dagbag.py:537} INFO - Filling up the DagBag from /home/airflow/.local/lib/python3.7/site-packages/airflow/example_dags/example_task_group_decorator.py
[2023-03-12T13:59:48.627+0000] {processor.py:766} INFO - DAG(s) dict_keys(['example_task_group_decorator']) retrieved from /home/airflow/.local/lib/python3.7/site-packages/airflow/example_dags/example_task_group_decorator.py
[2023-03-12T13:59:48.672+0000] {logging_mixin.py:120} INFO - [2023-03-12T13:59:48.672+0000] {dag.py:2585} INFO - Sync 1 DAGs
[2023-03-12T13:59:48.692+0000] {logging_mixin.py:120} INFO - [2023-03-12T13:59:48.692+0000] {dag.py:3340} INFO - Setting next_dagrun for example_task_group_decorator to 2023-03-11T13:59:48.692024+00:00, run_after=2023-03-12T13:59:48.692024+00:00
[2023-03-12T13:59:48.708+0000] {processor.py:176} INFO - Processing /home/airflow/.local/lib/python3.7/site-packages/airflow/example_dags/example_task_group_decorator.py took 0.120 seconds
[2023-03-12T15:06:06.401+0000] {processor.py:154} INFO - Started process (PID=37195) to work on /home/airflow/.local/lib/python3.7/site-packages/airflow/example_dags/example_task_group_decorator.py
[2023-03-12T15:06:06.402+0000] {processor.py:756} INFO - Processing file /home/airflow/.local/lib/python3.7/site-packages/airflow/example_dags/example_task_group_decorator.py for tasks to queue
[2023-03-12T15:06:06.403+0000] {logging_mixin.py:120} INFO - [2023-03-12T15:06:06.403+0000] {dagbag.py:537} INFO - Filling up the DagBag from /home/airflow/.local/lib/python3.7/site-packages/airflow/example_dags/example_task_group_decorator.py
[2023-03-12T15:06:06.424+0000] {processor.py:766} INFO - DAG(s) dict_keys(['example_task_group_decorator']) retrieved from /home/airflow/.local/lib/python3.7/site-packages/airflow/example_dags/example_task_group_decorator.py
[2023-03-12T15:06:06.452+0000] {logging_mixin.py:120} INFO - [2023-03-12T15:06:06.452+0000] {dag.py:2585} INFO - Sync 1 DAGs
[2023-03-12T15:06:06.472+0000] {logging_mixin.py:120} INFO - [2023-03-12T15:06:06.471+0000] {dag.py:3340} INFO - Setting next_dagrun for example_task_group_decorator to 2023-03-11T15:06:06.471659+00:00, run_after=2023-03-12T15:06:06.471659+00:00
[2023-03-12T15:06:06.508+0000] {processor.py:176} INFO - Processing /home/airflow/.local/lib/python3.7/site-packages/airflow/example_dags/example_task_group_decorator.py took 0.111 seconds
[2023-03-12T16:10:45.458+0000] {processor.py:154} INFO - Started process (PID=37259) to work on /home/airflow/.local/lib/python3.7/site-packages/airflow/example_dags/example_task_group_decorator.py
[2023-03-12T16:10:45.460+0000] {processor.py:756} INFO - Processing file /home/airflow/.local/lib/python3.7/site-packages/airflow/example_dags/example_task_group_decorator.py for tasks to queue
[2023-03-12T16:10:45.461+0000] {logging_mixin.py:120} INFO - [2023-03-12T16:10:45.461+0000] {dagbag.py:537} INFO - Filling up the DagBag from /home/airflow/.local/lib/python3.7/site-packages/airflow/example_dags/example_task_group_decorator.py
[2023-03-12T16:10:45.491+0000] {processor.py:766} INFO - DAG(s) dict_keys(['example_task_group_decorator']) retrieved from /home/airflow/.local/lib/python3.7/site-packages/airflow/example_dags/example_task_group_decorator.py
[2023-03-12T16:10:45.549+0000] {logging_mixin.py:120} INFO - [2023-03-12T16:10:45.548+0000] {dag.py:2585} INFO - Sync 1 DAGs
[2023-03-12T16:10:45.573+0000] {logging_mixin.py:120} INFO - [2023-03-12T16:10:45.573+0000] {dag.py:3340} INFO - Setting next_dagrun for example_task_group_decorator to 2023-03-11T16:10:45.572893+00:00, run_after=2023-03-12T16:10:45.572893+00:00
[2023-03-12T16:10:45.586+0000] {processor.py:176} INFO - Processing /home/airflow/.local/lib/python3.7/site-packages/airflow/example_dags/example_task_group_decorator.py took 0.132 seconds
[2023-03-12T17:18:12.621+0000] {processor.py:154} INFO - Started process (PID=37320) to work on /home/airflow/.local/lib/python3.7/site-packages/airflow/example_dags/example_task_group_decorator.py
[2023-03-12T17:18:12.622+0000] {processor.py:756} INFO - Processing file /home/airflow/.local/lib/python3.7/site-packages/airflow/example_dags/example_task_group_decorator.py for tasks to queue
[2023-03-12T17:18:12.623+0000] {logging_mixin.py:120} INFO - [2023-03-12T17:18:12.623+0000] {dagbag.py:537} INFO - Filling up the DagBag from /home/airflow/.local/lib/python3.7/site-packages/airflow/example_dags/example_task_group_decorator.py
[2023-03-12T17:18:12.657+0000] {processor.py:766} INFO - DAG(s) dict_keys(['example_task_group_decorator']) retrieved from /home/airflow/.local/lib/python3.7/site-packages/airflow/example_dags/example_task_group_decorator.py
[2023-03-12T17:18:12.704+0000] {logging_mixin.py:120} INFO - [2023-03-12T17:18:12.704+0000] {dag.py:2585} INFO - Sync 1 DAGs
[2023-03-12T17:18:12.730+0000] {logging_mixin.py:120} INFO - [2023-03-12T17:18:12.730+0000] {dag.py:3340} INFO - Setting next_dagrun for example_task_group_decorator to 2023-03-11T17:18:12.730070+00:00, run_after=2023-03-12T17:18:12.730070+00:00
[2023-03-12T17:18:12.754+0000] {processor.py:176} INFO - Processing /home/airflow/.local/lib/python3.7/site-packages/airflow/example_dags/example_task_group_decorator.py took 0.136 seconds
[2023-03-12T18:23:04.159+0000] {processor.py:154} INFO - Started process (PID=37376) to work on /home/airflow/.local/lib/python3.7/site-packages/airflow/example_dags/example_task_group_decorator.py
[2023-03-12T18:23:04.160+0000] {processor.py:756} INFO - Processing file /home/airflow/.local/lib/python3.7/site-packages/airflow/example_dags/example_task_group_decorator.py for tasks to queue
[2023-03-12T18:23:04.161+0000] {logging_mixin.py:120} INFO - [2023-03-12T18:23:04.161+0000] {dagbag.py:537} INFO - Filling up the DagBag from /home/airflow/.local/lib/python3.7/site-packages/airflow/example_dags/example_task_group_decorator.py
[2023-03-12T18:23:04.191+0000] {processor.py:766} INFO - DAG(s) dict_keys(['example_task_group_decorator']) retrieved from /home/airflow/.local/lib/python3.7/site-packages/airflow/example_dags/example_task_group_decorator.py
[2023-03-12T18:23:04.243+0000] {logging_mixin.py:120} INFO - [2023-03-12T18:23:04.243+0000] {dag.py:2585} INFO - Sync 1 DAGs
[2023-03-12T18:23:04.264+0000] {logging_mixin.py:120} INFO - [2023-03-12T18:23:04.264+0000] {dag.py:3340} INFO - Setting next_dagrun for example_task_group_decorator to 2023-03-11T18:23:04.264163+00:00, run_after=2023-03-12T18:23:04.264163+00:00
[2023-03-12T18:23:04.278+0000] {processor.py:176} INFO - Processing /home/airflow/.local/lib/python3.7/site-packages/airflow/example_dags/example_task_group_decorator.py took 0.124 seconds
[2023-03-12T19:03:57.411+0000] {processor.py:154} INFO - Started process (PID=37439) to work on /home/airflow/.local/lib/python3.7/site-packages/airflow/example_dags/example_task_group_decorator.py
[2023-03-12T19:03:57.414+0000] {processor.py:756} INFO - Processing file /home/airflow/.local/lib/python3.7/site-packages/airflow/example_dags/example_task_group_decorator.py for tasks to queue
[2023-03-12T19:03:57.415+0000] {logging_mixin.py:120} INFO - [2023-03-12T19:03:57.415+0000] {dagbag.py:537} INFO - Filling up the DagBag from /home/airflow/.local/lib/python3.7/site-packages/airflow/example_dags/example_task_group_decorator.py
[2023-03-12T19:03:57.448+0000] {processor.py:766} INFO - DAG(s) dict_keys(['example_task_group_decorator']) retrieved from /home/airflow/.local/lib/python3.7/site-packages/airflow/example_dags/example_task_group_decorator.py
[2023-03-12T19:03:57.494+0000] {logging_mixin.py:120} INFO - [2023-03-12T19:03:57.494+0000] {dag.py:2585} INFO - Sync 1 DAGs
[2023-03-12T19:03:57.530+0000] {logging_mixin.py:120} INFO - [2023-03-12T19:03:57.530+0000] {dag.py:3340} INFO - Setting next_dagrun for example_task_group_decorator to 2023-03-11T19:03:57.530582+00:00, run_after=2023-03-12T19:03:57.530582+00:00
[2023-03-12T19:03:57.546+0000] {processor.py:176} INFO - Processing /home/airflow/.local/lib/python3.7/site-packages/airflow/example_dags/example_task_group_decorator.py took 0.138 seconds
[2023-03-12T20:24:26.944+0000] {processor.py:154} INFO - Started process (PID=37501) to work on /home/airflow/.local/lib/python3.7/site-packages/airflow/example_dags/example_task_group_decorator.py
[2023-03-12T20:24:26.945+0000] {processor.py:756} INFO - Processing file /home/airflow/.local/lib/python3.7/site-packages/airflow/example_dags/example_task_group_decorator.py for tasks to queue
[2023-03-12T20:24:26.948+0000] {logging_mixin.py:120} INFO - [2023-03-12T20:24:26.948+0000] {dagbag.py:537} INFO - Filling up the DagBag from /home/airflow/.local/lib/python3.7/site-packages/airflow/example_dags/example_task_group_decorator.py
[2023-03-12T20:24:26.972+0000] {processor.py:766} INFO - DAG(s) dict_keys(['example_task_group_decorator']) retrieved from /home/airflow/.local/lib/python3.7/site-packages/airflow/example_dags/example_task_group_decorator.py
[2023-03-12T20:24:27.019+0000] {logging_mixin.py:120} INFO - [2023-03-12T20:24:27.019+0000] {dag.py:2585} INFO - Sync 1 DAGs
[2023-03-12T20:24:27.055+0000] {logging_mixin.py:120} INFO - [2023-03-12T20:24:27.055+0000] {dag.py:3340} INFO - Setting next_dagrun for example_task_group_decorator to 2023-03-11T20:24:27.055171+00:00, run_after=2023-03-12T20:24:27.055171+00:00
[2023-03-12T20:24:27.083+0000] {processor.py:176} INFO - Processing /home/airflow/.local/lib/python3.7/site-packages/airflow/example_dags/example_task_group_decorator.py took 0.142 seconds
[2023-03-12T21:28:18.039+0000] {processor.py:154} INFO - Started process (PID=37564) to work on /home/airflow/.local/lib/python3.7/site-packages/airflow/example_dags/example_task_group_decorator.py
[2023-03-12T21:28:18.042+0000] {processor.py:756} INFO - Processing file /home/airflow/.local/lib/python3.7/site-packages/airflow/example_dags/example_task_group_decorator.py for tasks to queue
[2023-03-12T21:28:18.043+0000] {logging_mixin.py:120} INFO - [2023-03-12T21:28:18.043+0000] {dagbag.py:537} INFO - Filling up the DagBag from /home/airflow/.local/lib/python3.7/site-packages/airflow/example_dags/example_task_group_decorator.py
[2023-03-12T21:28:18.085+0000] {processor.py:766} INFO - DAG(s) dict_keys(['example_task_group_decorator']) retrieved from /home/airflow/.local/lib/python3.7/site-packages/airflow/example_dags/example_task_group_decorator.py
[2023-03-12T21:28:18.139+0000] {logging_mixin.py:120} INFO - [2023-03-12T21:28:18.139+0000] {dag.py:2585} INFO - Sync 1 DAGs
[2023-03-12T21:28:18.162+0000] {logging_mixin.py:120} INFO - [2023-03-12T21:28:18.162+0000] {dag.py:3340} INFO - Setting next_dagrun for example_task_group_decorator to 2023-03-11T21:28:18.162287+00:00, run_after=2023-03-12T21:28:18.162287+00:00
[2023-03-12T21:28:18.197+0000] {processor.py:176} INFO - Processing /home/airflow/.local/lib/python3.7/site-packages/airflow/example_dags/example_task_group_decorator.py took 0.161 seconds
[2023-03-12T22:30:18.497+0000] {processor.py:154} INFO - Started process (PID=37619) to work on /home/airflow/.local/lib/python3.7/site-packages/airflow/example_dags/example_task_group_decorator.py
[2023-03-12T22:30:18.498+0000] {processor.py:756} INFO - Processing file /home/airflow/.local/lib/python3.7/site-packages/airflow/example_dags/example_task_group_decorator.py for tasks to queue
[2023-03-12T22:30:18.501+0000] {logging_mixin.py:120} INFO - [2023-03-12T22:30:18.501+0000] {dagbag.py:537} INFO - Filling up the DagBag from /home/airflow/.local/lib/python3.7/site-packages/airflow/example_dags/example_task_group_decorator.py
[2023-03-12T22:30:18.530+0000] {processor.py:766} INFO - DAG(s) dict_keys(['example_task_group_decorator']) retrieved from /home/airflow/.local/lib/python3.7/site-packages/airflow/example_dags/example_task_group_decorator.py
[2023-03-12T22:30:18.566+0000] {logging_mixin.py:120} INFO - [2023-03-12T22:30:18.566+0000] {dag.py:2585} INFO - Sync 1 DAGs
[2023-03-12T22:30:18.583+0000] {logging_mixin.py:120} INFO - [2023-03-12T22:30:18.583+0000] {dag.py:3340} INFO - Setting next_dagrun for example_task_group_decorator to 2023-03-11T22:30:18.582830+00:00, run_after=2023-03-12T22:30:18.582830+00:00
[2023-03-12T22:30:18.603+0000] {processor.py:176} INFO - Processing /home/airflow/.local/lib/python3.7/site-packages/airflow/example_dags/example_task_group_decorator.py took 0.108 seconds
[2023-03-12T23:33:23.046+0000] {processor.py:154} INFO - Started process (PID=37682) to work on /home/airflow/.local/lib/python3.7/site-packages/airflow/example_dags/example_task_group_decorator.py
[2023-03-12T23:33:23.049+0000] {processor.py:756} INFO - Processing file /home/airflow/.local/lib/python3.7/site-packages/airflow/example_dags/example_task_group_decorator.py for tasks to queue
[2023-03-12T23:33:23.050+0000] {logging_mixin.py:120} INFO - [2023-03-12T23:33:23.049+0000] {dagbag.py:537} INFO - Filling up the DagBag from /home/airflow/.local/lib/python3.7/site-packages/airflow/example_dags/example_task_group_decorator.py
[2023-03-12T23:33:23.080+0000] {processor.py:766} INFO - DAG(s) dict_keys(['example_task_group_decorator']) retrieved from /home/airflow/.local/lib/python3.7/site-packages/airflow/example_dags/example_task_group_decorator.py
[2023-03-12T23:33:23.119+0000] {logging_mixin.py:120} INFO - [2023-03-12T23:33:23.119+0000] {dag.py:2585} INFO - Sync 1 DAGs
[2023-03-12T23:33:23.153+0000] {logging_mixin.py:120} INFO - [2023-03-12T23:33:23.153+0000] {dag.py:3340} INFO - Setting next_dagrun for example_task_group_decorator to 2023-03-11T23:33:23.152879+00:00, run_after=2023-03-12T23:33:23.152879+00:00
[2023-03-12T23:33:23.170+0000] {processor.py:176} INFO - Processing /home/airflow/.local/lib/python3.7/site-packages/airflow/example_dags/example_task_group_decorator.py took 0.128 seconds
