[2023-03-12T00:05:11.611+0000] {processor.py:154} INFO - Started process (PID=36391) to work on /home/airflow/.local/lib/python3.7/site-packages/airflow/example_dags/example_branch_python_dop_operator_3.py
[2023-03-12T00:05:11.612+0000] {processor.py:756} INFO - Processing file /home/airflow/.local/lib/python3.7/site-packages/airflow/example_dags/example_branch_python_dop_operator_3.py for tasks to queue
[2023-03-12T00:05:11.613+0000] {logging_mixin.py:120} INFO - [2023-03-12T00:05:11.613+0000] {dagbag.py:537} INFO - Filling up the DagBag from /home/airflow/.local/lib/python3.7/site-packages/airflow/example_dags/example_branch_python_dop_operator_3.py
[2023-03-12T00:05:11.628+0000] {processor.py:766} INFO - DAG(s) dict_keys(['example_branch_dop_operator_v3']) retrieved from /home/airflow/.local/lib/python3.7/site-packages/airflow/example_dags/example_branch_python_dop_operator_3.py
[2023-03-12T00:05:11.654+0000] {logging_mixin.py:120} INFO - [2023-03-12T00:05:11.654+0000] {dag.py:2585} INFO - Sync 1 DAGs
[2023-03-12T00:05:11.672+0000] {logging_mixin.py:120} INFO - [2023-03-12T00:05:11.672+0000] {dag.py:3340} INFO - Setting next_dagrun for example_branch_dop_operator_v3 to 2023-03-12T00:04:00+00:00, run_after=2023-03-12T00:05:00+00:00
[2023-03-12T00:05:11.685+0000] {processor.py:176} INFO - Processing /home/airflow/.local/lib/python3.7/site-packages/airflow/example_dags/example_branch_python_dop_operator_3.py took 0.077 seconds
[2023-03-12T01:11:08.677+0000] {processor.py:154} INFO - Started process (PID=36445) to work on /home/airflow/.local/lib/python3.7/site-packages/airflow/example_dags/example_branch_python_dop_operator_3.py
[2023-03-12T01:11:08.679+0000] {processor.py:756} INFO - Processing file /home/airflow/.local/lib/python3.7/site-packages/airflow/example_dags/example_branch_python_dop_operator_3.py for tasks to queue
[2023-03-12T01:11:08.679+0000] {logging_mixin.py:120} INFO - [2023-03-12T01:11:08.679+0000] {dagbag.py:537} INFO - Filling up the DagBag from /home/airflow/.local/lib/python3.7/site-packages/airflow/example_dags/example_branch_python_dop_operator_3.py
[2023-03-12T01:11:08.699+0000] {processor.py:766} INFO - DAG(s) dict_keys(['example_branch_dop_operator_v3']) retrieved from /home/airflow/.local/lib/python3.7/site-packages/airflow/example_dags/example_branch_python_dop_operator_3.py
[2023-03-12T01:11:08.737+0000] {logging_mixin.py:120} INFO - [2023-03-12T01:11:08.737+0000] {dag.py:2585} INFO - Sync 1 DAGs
[2023-03-12T01:11:08.756+0000] {logging_mixin.py:120} INFO - [2023-03-12T01:11:08.756+0000] {dag.py:3340} INFO - Setting next_dagrun for example_branch_dop_operator_v3 to 2023-03-12T01:10:00+00:00, run_after=2023-03-12T01:11:00+00:00
[2023-03-12T01:11:08.770+0000] {processor.py:176} INFO - Processing /home/airflow/.local/lib/python3.7/site-packages/airflow/example_dags/example_branch_python_dop_operator_3.py took 0.096 seconds
[2023-03-12T02:20:06.785+0000] {processor.py:154} INFO - Started process (PID=36509) to work on /home/airflow/.local/lib/python3.7/site-packages/airflow/example_dags/example_branch_python_dop_operator_3.py
[2023-03-12T02:20:06.786+0000] {processor.py:756} INFO - Processing file /home/airflow/.local/lib/python3.7/site-packages/airflow/example_dags/example_branch_python_dop_operator_3.py for tasks to queue
[2023-03-12T02:20:06.787+0000] {logging_mixin.py:120} INFO - [2023-03-12T02:20:06.787+0000] {dagbag.py:537} INFO - Filling up the DagBag from /home/airflow/.local/lib/python3.7/site-packages/airflow/example_dags/example_branch_python_dop_operator_3.py
[2023-03-12T02:20:06.803+0000] {processor.py:766} INFO - DAG(s) dict_keys(['example_branch_dop_operator_v3']) retrieved from /home/airflow/.local/lib/python3.7/site-packages/airflow/example_dags/example_branch_python_dop_operator_3.py
[2023-03-12T02:20:06.839+0000] {logging_mixin.py:120} INFO - [2023-03-12T02:20:06.839+0000] {dag.py:2585} INFO - Sync 1 DAGs
[2023-03-12T02:20:06.856+0000] {logging_mixin.py:120} INFO - [2023-03-12T02:20:06.855+0000] {dag.py:3340} INFO - Setting next_dagrun for example_branch_dop_operator_v3 to 2023-03-12T02:19:00+00:00, run_after=2023-03-12T02:20:00+00:00
[2023-03-12T02:20:06.868+0000] {processor.py:176} INFO - Processing /home/airflow/.local/lib/python3.7/site-packages/airflow/example_dags/example_branch_python_dop_operator_3.py took 0.085 seconds
[2023-03-12T03:43:52.527+0000] {processor.py:154} INFO - Started process (PID=36572) to work on /home/airflow/.local/lib/python3.7/site-packages/airflow/example_dags/example_branch_python_dop_operator_3.py
[2023-03-12T03:43:52.528+0000] {processor.py:756} INFO - Processing file /home/airflow/.local/lib/python3.7/site-packages/airflow/example_dags/example_branch_python_dop_operator_3.py for tasks to queue
[2023-03-12T03:43:52.529+0000] {logging_mixin.py:120} INFO - [2023-03-12T03:43:52.529+0000] {dagbag.py:537} INFO - Filling up the DagBag from /home/airflow/.local/lib/python3.7/site-packages/airflow/example_dags/example_branch_python_dop_operator_3.py
[2023-03-12T03:43:52.555+0000] {processor.py:766} INFO - DAG(s) dict_keys(['example_branch_dop_operator_v3']) retrieved from /home/airflow/.local/lib/python3.7/site-packages/airflow/example_dags/example_branch_python_dop_operator_3.py
[2023-03-12T03:43:52.617+0000] {logging_mixin.py:120} INFO - [2023-03-12T03:43:52.617+0000] {dag.py:2585} INFO - Sync 1 DAGs
[2023-03-12T03:43:52.643+0000] {logging_mixin.py:120} INFO - [2023-03-12T03:43:52.643+0000] {dag.py:3340} INFO - Setting next_dagrun for example_branch_dop_operator_v3 to 2023-03-12T03:42:00+00:00, run_after=2023-03-12T03:43:00+00:00
[2023-03-12T03:43:52.659+0000] {processor.py:176} INFO - Processing /home/airflow/.local/lib/python3.7/site-packages/airflow/example_dags/example_branch_python_dop_operator_3.py took 0.134 seconds
[2023-03-12T04:47:37.559+0000] {processor.py:154} INFO - Started process (PID=36635) to work on /home/airflow/.local/lib/python3.7/site-packages/airflow/example_dags/example_branch_python_dop_operator_3.py
[2023-03-12T04:47:37.560+0000] {processor.py:756} INFO - Processing file /home/airflow/.local/lib/python3.7/site-packages/airflow/example_dags/example_branch_python_dop_operator_3.py for tasks to queue
[2023-03-12T04:47:37.561+0000] {logging_mixin.py:120} INFO - [2023-03-12T04:47:37.561+0000] {dagbag.py:537} INFO - Filling up the DagBag from /home/airflow/.local/lib/python3.7/site-packages/airflow/example_dags/example_branch_python_dop_operator_3.py
[2023-03-12T04:47:37.579+0000] {processor.py:766} INFO - DAG(s) dict_keys(['example_branch_dop_operator_v3']) retrieved from /home/airflow/.local/lib/python3.7/site-packages/airflow/example_dags/example_branch_python_dop_operator_3.py
[2023-03-12T04:47:37.615+0000] {logging_mixin.py:120} INFO - [2023-03-12T04:47:37.615+0000] {dag.py:2585} INFO - Sync 1 DAGs
[2023-03-12T04:47:37.634+0000] {logging_mixin.py:120} INFO - [2023-03-12T04:47:37.634+0000] {dag.py:3340} INFO - Setting next_dagrun for example_branch_dop_operator_v3 to 2023-03-12T04:46:00+00:00, run_after=2023-03-12T04:47:00+00:00
[2023-03-12T04:47:37.646+0000] {processor.py:176} INFO - Processing /home/airflow/.local/lib/python3.7/site-packages/airflow/example_dags/example_branch_python_dop_operator_3.py took 0.090 seconds
[2023-03-12T05:46:51.696+0000] {processor.py:154} INFO - Started process (PID=36698) to work on /home/airflow/.local/lib/python3.7/site-packages/airflow/example_dags/example_branch_python_dop_operator_3.py
[2023-03-12T05:46:51.698+0000] {processor.py:756} INFO - Processing file /home/airflow/.local/lib/python3.7/site-packages/airflow/example_dags/example_branch_python_dop_operator_3.py for tasks to queue
[2023-03-12T05:46:51.701+0000] {logging_mixin.py:120} INFO - [2023-03-12T05:46:51.701+0000] {dagbag.py:537} INFO - Filling up the DagBag from /home/airflow/.local/lib/python3.7/site-packages/airflow/example_dags/example_branch_python_dop_operator_3.py
[2023-03-12T05:46:51.727+0000] {processor.py:766} INFO - DAG(s) dict_keys(['example_branch_dop_operator_v3']) retrieved from /home/airflow/.local/lib/python3.7/site-packages/airflow/example_dags/example_branch_python_dop_operator_3.py
[2023-03-12T05:46:51.772+0000] {logging_mixin.py:120} INFO - [2023-03-12T05:46:51.772+0000] {dag.py:2585} INFO - Sync 1 DAGs
[2023-03-12T05:46:51.794+0000] {logging_mixin.py:120} INFO - [2023-03-12T05:46:51.793+0000] {dag.py:3340} INFO - Setting next_dagrun for example_branch_dop_operator_v3 to 2023-03-12T05:45:00+00:00, run_after=2023-03-12T05:46:00+00:00
[2023-03-12T05:46:51.815+0000] {processor.py:176} INFO - Processing /home/airflow/.local/lib/python3.7/site-packages/airflow/example_dags/example_branch_python_dop_operator_3.py took 0.121 seconds
[2023-03-12T06:51:39.327+0000] {processor.py:154} INFO - Started process (PID=36752) to work on /home/airflow/.local/lib/python3.7/site-packages/airflow/example_dags/example_branch_python_dop_operator_3.py
[2023-03-12T06:51:39.328+0000] {processor.py:756} INFO - Processing file /home/airflow/.local/lib/python3.7/site-packages/airflow/example_dags/example_branch_python_dop_operator_3.py for tasks to queue
[2023-03-12T06:51:39.332+0000] {logging_mixin.py:120} INFO - [2023-03-12T06:51:39.332+0000] {dagbag.py:537} INFO - Filling up the DagBag from /home/airflow/.local/lib/python3.7/site-packages/airflow/example_dags/example_branch_python_dop_operator_3.py
[2023-03-12T06:51:39.368+0000] {processor.py:766} INFO - DAG(s) dict_keys(['example_branch_dop_operator_v3']) retrieved from /home/airflow/.local/lib/python3.7/site-packages/airflow/example_dags/example_branch_python_dop_operator_3.py
[2023-03-12T06:51:39.405+0000] {logging_mixin.py:120} INFO - [2023-03-12T06:51:39.405+0000] {dag.py:2585} INFO - Sync 1 DAGs
[2023-03-12T06:51:39.422+0000] {logging_mixin.py:120} INFO - [2023-03-12T06:51:39.422+0000] {dag.py:3340} INFO - Setting next_dagrun for example_branch_dop_operator_v3 to 2023-03-12T06:50:00+00:00, run_after=2023-03-12T06:51:00+00:00
[2023-03-12T06:51:39.443+0000] {processor.py:176} INFO - Processing /home/airflow/.local/lib/python3.7/site-packages/airflow/example_dags/example_branch_python_dop_operator_3.py took 0.120 seconds
[2023-03-12T07:59:57.091+0000] {processor.py:154} INFO - Started process (PID=36816) to work on /home/airflow/.local/lib/python3.7/site-packages/airflow/example_dags/example_branch_python_dop_operator_3.py
[2023-03-12T07:59:57.092+0000] {processor.py:756} INFO - Processing file /home/airflow/.local/lib/python3.7/site-packages/airflow/example_dags/example_branch_python_dop_operator_3.py for tasks to queue
[2023-03-12T07:59:57.093+0000] {logging_mixin.py:120} INFO - [2023-03-12T07:59:57.093+0000] {dagbag.py:537} INFO - Filling up the DagBag from /home/airflow/.local/lib/python3.7/site-packages/airflow/example_dags/example_branch_python_dop_operator_3.py
[2023-03-12T07:59:57.115+0000] {processor.py:766} INFO - DAG(s) dict_keys(['example_branch_dop_operator_v3']) retrieved from /home/airflow/.local/lib/python3.7/site-packages/airflow/example_dags/example_branch_python_dop_operator_3.py
[2023-03-12T07:59:57.165+0000] {logging_mixin.py:120} INFO - [2023-03-12T07:59:57.165+0000] {dag.py:2585} INFO - Sync 1 DAGs
[2023-03-12T07:59:57.192+0000] {logging_mixin.py:120} INFO - [2023-03-12T07:59:57.192+0000] {dag.py:3340} INFO - Setting next_dagrun for example_branch_dop_operator_v3 to 2023-03-12T07:58:00+00:00, run_after=2023-03-12T07:59:00+00:00
[2023-03-12T07:59:57.220+0000] {processor.py:176} INFO - Processing /home/airflow/.local/lib/python3.7/site-packages/airflow/example_dags/example_branch_python_dop_operator_3.py took 0.133 seconds
[2023-03-12T09:20:37.184+0000] {processor.py:154} INFO - Started process (PID=36879) to work on /home/airflow/.local/lib/python3.7/site-packages/airflow/example_dags/example_branch_python_dop_operator_3.py
[2023-03-12T09:20:37.188+0000] {processor.py:756} INFO - Processing file /home/airflow/.local/lib/python3.7/site-packages/airflow/example_dags/example_branch_python_dop_operator_3.py for tasks to queue
[2023-03-12T09:20:37.190+0000] {logging_mixin.py:120} INFO - [2023-03-12T09:20:37.190+0000] {dagbag.py:537} INFO - Filling up the DagBag from /home/airflow/.local/lib/python3.7/site-packages/airflow/example_dags/example_branch_python_dop_operator_3.py
[2023-03-12T09:20:37.214+0000] {processor.py:766} INFO - DAG(s) dict_keys(['example_branch_dop_operator_v3']) retrieved from /home/airflow/.local/lib/python3.7/site-packages/airflow/example_dags/example_branch_python_dop_operator_3.py
[2023-03-12T09:20:37.268+0000] {logging_mixin.py:120} INFO - [2023-03-12T09:20:37.264+0000] {dag.py:2585} INFO - Sync 1 DAGs
[2023-03-12T09:20:37.311+0000] {logging_mixin.py:120} INFO - [2023-03-12T09:20:37.311+0000] {dag.py:3340} INFO - Setting next_dagrun for example_branch_dop_operator_v3 to 2023-03-12T09:19:00+00:00, run_after=2023-03-12T09:20:00+00:00
[2023-03-12T09:20:37.334+0000] {processor.py:176} INFO - Processing /home/airflow/.local/lib/python3.7/site-packages/airflow/example_dags/example_branch_python_dop_operator_3.py took 0.153 seconds
[2023-03-12T10:26:31.317+0000] {processor.py:154} INFO - Started process (PID=36942) to work on /home/airflow/.local/lib/python3.7/site-packages/airflow/example_dags/example_branch_python_dop_operator_3.py
[2023-03-12T10:26:31.319+0000] {processor.py:756} INFO - Processing file /home/airflow/.local/lib/python3.7/site-packages/airflow/example_dags/example_branch_python_dop_operator_3.py for tasks to queue
[2023-03-12T10:26:31.320+0000] {logging_mixin.py:120} INFO - [2023-03-12T10:26:31.320+0000] {dagbag.py:537} INFO - Filling up the DagBag from /home/airflow/.local/lib/python3.7/site-packages/airflow/example_dags/example_branch_python_dop_operator_3.py
[2023-03-12T10:26:31.355+0000] {processor.py:766} INFO - DAG(s) dict_keys(['example_branch_dop_operator_v3']) retrieved from /home/airflow/.local/lib/python3.7/site-packages/airflow/example_dags/example_branch_python_dop_operator_3.py
[2023-03-12T10:26:31.413+0000] {logging_mixin.py:120} INFO - [2023-03-12T10:26:31.413+0000] {dag.py:2585} INFO - Sync 1 DAGs
[2023-03-12T10:26:31.437+0000] {logging_mixin.py:120} INFO - [2023-03-12T10:26:31.437+0000] {dag.py:3340} INFO - Setting next_dagrun for example_branch_dop_operator_v3 to 2023-03-12T10:25:00+00:00, run_after=2023-03-12T10:26:00+00:00
[2023-03-12T10:26:31.462+0000] {processor.py:176} INFO - Processing /home/airflow/.local/lib/python3.7/site-packages/airflow/example_dags/example_branch_python_dop_operator_3.py took 0.155 seconds
[2023-03-12T11:32:26.289+0000] {processor.py:154} INFO - Started process (PID=36996) to work on /home/airflow/.local/lib/python3.7/site-packages/airflow/example_dags/example_branch_python_dop_operator_3.py
[2023-03-12T11:32:26.294+0000] {processor.py:756} INFO - Processing file /home/airflow/.local/lib/python3.7/site-packages/airflow/example_dags/example_branch_python_dop_operator_3.py for tasks to queue
[2023-03-12T11:32:26.295+0000] {logging_mixin.py:120} INFO - [2023-03-12T11:32:26.295+0000] {dagbag.py:537} INFO - Filling up the DagBag from /home/airflow/.local/lib/python3.7/site-packages/airflow/example_dags/example_branch_python_dop_operator_3.py
[2023-03-12T11:32:26.319+0000] {processor.py:766} INFO - DAG(s) dict_keys(['example_branch_dop_operator_v3']) retrieved from /home/airflow/.local/lib/python3.7/site-packages/airflow/example_dags/example_branch_python_dop_operator_3.py
[2023-03-12T11:32:26.371+0000] {logging_mixin.py:120} INFO - [2023-03-12T11:32:26.370+0000] {dag.py:2585} INFO - Sync 1 DAGs
[2023-03-12T11:32:26.392+0000] {logging_mixin.py:120} INFO - [2023-03-12T11:32:26.392+0000] {dag.py:3340} INFO - Setting next_dagrun for example_branch_dop_operator_v3 to 2023-03-12T11:31:00+00:00, run_after=2023-03-12T11:32:00+00:00
[2023-03-12T11:32:26.405+0000] {processor.py:176} INFO - Processing /home/airflow/.local/lib/python3.7/site-packages/airflow/example_dags/example_branch_python_dop_operator_3.py took 0.121 seconds
[2023-03-12T12:40:39.490+0000] {processor.py:154} INFO - Started process (PID=37059) to work on /home/airflow/.local/lib/python3.7/site-packages/airflow/example_dags/example_branch_python_dop_operator_3.py
[2023-03-12T12:40:39.491+0000] {processor.py:756} INFO - Processing file /home/airflow/.local/lib/python3.7/site-packages/airflow/example_dags/example_branch_python_dop_operator_3.py for tasks to queue
[2023-03-12T12:40:39.492+0000] {logging_mixin.py:120} INFO - [2023-03-12T12:40:39.492+0000] {dagbag.py:537} INFO - Filling up the DagBag from /home/airflow/.local/lib/python3.7/site-packages/airflow/example_dags/example_branch_python_dop_operator_3.py
[2023-03-12T12:40:39.521+0000] {processor.py:766} INFO - DAG(s) dict_keys(['example_branch_dop_operator_v3']) retrieved from /home/airflow/.local/lib/python3.7/site-packages/airflow/example_dags/example_branch_python_dop_operator_3.py
[2023-03-12T12:40:39.569+0000] {logging_mixin.py:120} INFO - [2023-03-12T12:40:39.569+0000] {dag.py:2585} INFO - Sync 1 DAGs
[2023-03-12T12:40:39.601+0000] {logging_mixin.py:120} INFO - [2023-03-12T12:40:39.601+0000] {dag.py:3340} INFO - Setting next_dagrun for example_branch_dop_operator_v3 to 2023-03-12T12:39:00+00:00, run_after=2023-03-12T12:40:00+00:00
[2023-03-12T12:40:39.632+0000] {processor.py:176} INFO - Processing /home/airflow/.local/lib/python3.7/site-packages/airflow/example_dags/example_branch_python_dop_operator_3.py took 0.145 seconds
[2023-03-12T13:59:47.563+0000] {processor.py:154} INFO - Started process (PID=37122) to work on /home/airflow/.local/lib/python3.7/site-packages/airflow/example_dags/example_branch_python_dop_operator_3.py
[2023-03-12T13:59:47.564+0000] {processor.py:756} INFO - Processing file /home/airflow/.local/lib/python3.7/site-packages/airflow/example_dags/example_branch_python_dop_operator_3.py for tasks to queue
[2023-03-12T13:59:47.565+0000] {logging_mixin.py:120} INFO - [2023-03-12T13:59:47.565+0000] {dagbag.py:537} INFO - Filling up the DagBag from /home/airflow/.local/lib/python3.7/site-packages/airflow/example_dags/example_branch_python_dop_operator_3.py
[2023-03-12T13:59:47.591+0000] {processor.py:766} INFO - DAG(s) dict_keys(['example_branch_dop_operator_v3']) retrieved from /home/airflow/.local/lib/python3.7/site-packages/airflow/example_dags/example_branch_python_dop_operator_3.py
[2023-03-12T13:59:47.634+0000] {logging_mixin.py:120} INFO - [2023-03-12T13:59:47.633+0000] {dag.py:2585} INFO - Sync 1 DAGs
[2023-03-12T13:59:47.653+0000] {logging_mixin.py:120} INFO - [2023-03-12T13:59:47.653+0000] {dag.py:3340} INFO - Setting next_dagrun for example_branch_dop_operator_v3 to 2023-03-12T13:58:00+00:00, run_after=2023-03-12T13:59:00+00:00
[2023-03-12T13:59:47.667+0000] {processor.py:176} INFO - Processing /home/airflow/.local/lib/python3.7/site-packages/airflow/example_dags/example_branch_python_dop_operator_3.py took 0.107 seconds
[2023-03-12T15:06:05.415+0000] {processor.py:154} INFO - Started process (PID=37185) to work on /home/airflow/.local/lib/python3.7/site-packages/airflow/example_dags/example_branch_python_dop_operator_3.py
[2023-03-12T15:06:05.416+0000] {processor.py:756} INFO - Processing file /home/airflow/.local/lib/python3.7/site-packages/airflow/example_dags/example_branch_python_dop_operator_3.py for tasks to queue
[2023-03-12T15:06:05.417+0000] {logging_mixin.py:120} INFO - [2023-03-12T15:06:05.417+0000] {dagbag.py:537} INFO - Filling up the DagBag from /home/airflow/.local/lib/python3.7/site-packages/airflow/example_dags/example_branch_python_dop_operator_3.py
[2023-03-12T15:06:05.456+0000] {processor.py:766} INFO - DAG(s) dict_keys(['example_branch_dop_operator_v3']) retrieved from /home/airflow/.local/lib/python3.7/site-packages/airflow/example_dags/example_branch_python_dop_operator_3.py
[2023-03-12T15:06:05.518+0000] {logging_mixin.py:120} INFO - [2023-03-12T15:06:05.518+0000] {dag.py:2585} INFO - Sync 1 DAGs
[2023-03-12T15:06:05.549+0000] {logging_mixin.py:120} INFO - [2023-03-12T15:06:05.548+0000] {dag.py:3340} INFO - Setting next_dagrun for example_branch_dop_operator_v3 to 2023-03-12T15:05:00+00:00, run_after=2023-03-12T15:06:00+00:00
[2023-03-12T15:06:05.565+0000] {processor.py:176} INFO - Processing /home/airflow/.local/lib/python3.7/site-packages/airflow/example_dags/example_branch_python_dop_operator_3.py took 0.153 seconds
[2023-03-12T16:10:44.558+0000] {processor.py:154} INFO - Started process (PID=37249) to work on /home/airflow/.local/lib/python3.7/site-packages/airflow/example_dags/example_branch_python_dop_operator_3.py
[2023-03-12T16:10:44.560+0000] {processor.py:756} INFO - Processing file /home/airflow/.local/lib/python3.7/site-packages/airflow/example_dags/example_branch_python_dop_operator_3.py for tasks to queue
[2023-03-12T16:10:44.561+0000] {logging_mixin.py:120} INFO - [2023-03-12T16:10:44.561+0000] {dagbag.py:537} INFO - Filling up the DagBag from /home/airflow/.local/lib/python3.7/site-packages/airflow/example_dags/example_branch_python_dop_operator_3.py
[2023-03-12T16:10:44.601+0000] {processor.py:766} INFO - DAG(s) dict_keys(['example_branch_dop_operator_v3']) retrieved from /home/airflow/.local/lib/python3.7/site-packages/airflow/example_dags/example_branch_python_dop_operator_3.py
[2023-03-12T16:10:44.656+0000] {logging_mixin.py:120} INFO - [2023-03-12T16:10:44.656+0000] {dag.py:2585} INFO - Sync 1 DAGs
[2023-03-12T16:10:44.682+0000] {logging_mixin.py:120} INFO - [2023-03-12T16:10:44.682+0000] {dag.py:3340} INFO - Setting next_dagrun for example_branch_dop_operator_v3 to 2023-03-12T16:09:00+00:00, run_after=2023-03-12T16:10:00+00:00
[2023-03-12T16:10:44.703+0000] {processor.py:176} INFO - Processing /home/airflow/.local/lib/python3.7/site-packages/airflow/example_dags/example_branch_python_dop_operator_3.py took 0.148 seconds
[2023-03-12T17:18:11.331+0000] {processor.py:154} INFO - Started process (PID=37303) to work on /home/airflow/.local/lib/python3.7/site-packages/airflow/example_dags/example_branch_python_dop_operator_3.py
[2023-03-12T17:18:11.332+0000] {processor.py:756} INFO - Processing file /home/airflow/.local/lib/python3.7/site-packages/airflow/example_dags/example_branch_python_dop_operator_3.py for tasks to queue
[2023-03-12T17:18:11.333+0000] {logging_mixin.py:120} INFO - [2023-03-12T17:18:11.333+0000] {dagbag.py:537} INFO - Filling up the DagBag from /home/airflow/.local/lib/python3.7/site-packages/airflow/example_dags/example_branch_python_dop_operator_3.py
[2023-03-12T17:18:11.351+0000] {processor.py:766} INFO - DAG(s) dict_keys(['example_branch_dop_operator_v3']) retrieved from /home/airflow/.local/lib/python3.7/site-packages/airflow/example_dags/example_branch_python_dop_operator_3.py
[2023-03-12T17:18:11.380+0000] {logging_mixin.py:120} INFO - [2023-03-12T17:18:11.380+0000] {dag.py:2585} INFO - Sync 1 DAGs
[2023-03-12T17:18:11.407+0000] {logging_mixin.py:120} INFO - [2023-03-12T17:18:11.407+0000] {dag.py:3340} INFO - Setting next_dagrun for example_branch_dop_operator_v3 to 2023-03-12T17:17:00+00:00, run_after=2023-03-12T17:18:00+00:00
[2023-03-12T17:18:11.420+0000] {processor.py:176} INFO - Processing /home/airflow/.local/lib/python3.7/site-packages/airflow/example_dags/example_branch_python_dop_operator_3.py took 0.093 seconds
[2023-03-12T18:23:03.289+0000] {processor.py:154} INFO - Started process (PID=37366) to work on /home/airflow/.local/lib/python3.7/site-packages/airflow/example_dags/example_branch_python_dop_operator_3.py
[2023-03-12T18:23:03.293+0000] {processor.py:756} INFO - Processing file /home/airflow/.local/lib/python3.7/site-packages/airflow/example_dags/example_branch_python_dop_operator_3.py for tasks to queue
[2023-03-12T18:23:03.293+0000] {logging_mixin.py:120} INFO - [2023-03-12T18:23:03.293+0000] {dagbag.py:537} INFO - Filling up the DagBag from /home/airflow/.local/lib/python3.7/site-packages/airflow/example_dags/example_branch_python_dop_operator_3.py
[2023-03-12T18:23:03.313+0000] {processor.py:766} INFO - DAG(s) dict_keys(['example_branch_dop_operator_v3']) retrieved from /home/airflow/.local/lib/python3.7/site-packages/airflow/example_dags/example_branch_python_dop_operator_3.py
[2023-03-12T18:23:03.365+0000] {logging_mixin.py:120} INFO - [2023-03-12T18:23:03.365+0000] {dag.py:2585} INFO - Sync 1 DAGs
[2023-03-12T18:23:03.388+0000] {logging_mixin.py:120} INFO - [2023-03-12T18:23:03.388+0000] {dag.py:3340} INFO - Setting next_dagrun for example_branch_dop_operator_v3 to 2023-03-12T18:22:00+00:00, run_after=2023-03-12T18:23:00+00:00
[2023-03-12T18:23:03.404+0000] {processor.py:176} INFO - Processing /home/airflow/.local/lib/python3.7/site-packages/airflow/example_dags/example_branch_python_dop_operator_3.py took 0.117 seconds
[2023-03-12T19:03:56.656+0000] {processor.py:154} INFO - Started process (PID=37429) to work on /home/airflow/.local/lib/python3.7/site-packages/airflow/example_dags/example_branch_python_dop_operator_3.py
[2023-03-12T19:03:56.658+0000] {processor.py:756} INFO - Processing file /home/airflow/.local/lib/python3.7/site-packages/airflow/example_dags/example_branch_python_dop_operator_3.py for tasks to queue
[2023-03-12T19:03:56.660+0000] {logging_mixin.py:120} INFO - [2023-03-12T19:03:56.659+0000] {dagbag.py:537} INFO - Filling up the DagBag from /home/airflow/.local/lib/python3.7/site-packages/airflow/example_dags/example_branch_python_dop_operator_3.py
[2023-03-12T19:03:56.681+0000] {processor.py:766} INFO - DAG(s) dict_keys(['example_branch_dop_operator_v3']) retrieved from /home/airflow/.local/lib/python3.7/site-packages/airflow/example_dags/example_branch_python_dop_operator_3.py
[2023-03-12T19:03:56.737+0000] {logging_mixin.py:120} INFO - [2023-03-12T19:03:56.737+0000] {dag.py:2585} INFO - Sync 1 DAGs
[2023-03-12T19:03:56.763+0000] {logging_mixin.py:120} INFO - [2023-03-12T19:03:56.763+0000] {dag.py:3340} INFO - Setting next_dagrun for example_branch_dop_operator_v3 to 2023-03-12T19:02:00+00:00, run_after=2023-03-12T19:03:00+00:00
[2023-03-12T19:03:56.784+0000] {processor.py:176} INFO - Processing /home/airflow/.local/lib/python3.7/site-packages/airflow/example_dags/example_branch_python_dop_operator_3.py took 0.131 seconds
[2023-03-12T20:24:26.123+0000] {processor.py:154} INFO - Started process (PID=37491) to work on /home/airflow/.local/lib/python3.7/site-packages/airflow/example_dags/example_branch_python_dop_operator_3.py
[2023-03-12T20:24:26.129+0000] {processor.py:756} INFO - Processing file /home/airflow/.local/lib/python3.7/site-packages/airflow/example_dags/example_branch_python_dop_operator_3.py for tasks to queue
[2023-03-12T20:24:26.130+0000] {logging_mixin.py:120} INFO - [2023-03-12T20:24:26.130+0000] {dagbag.py:537} INFO - Filling up the DagBag from /home/airflow/.local/lib/python3.7/site-packages/airflow/example_dags/example_branch_python_dop_operator_3.py
[2023-03-12T20:24:26.169+0000] {processor.py:766} INFO - DAG(s) dict_keys(['example_branch_dop_operator_v3']) retrieved from /home/airflow/.local/lib/python3.7/site-packages/airflow/example_dags/example_branch_python_dop_operator_3.py
[2023-03-12T20:24:26.222+0000] {logging_mixin.py:120} INFO - [2023-03-12T20:24:26.221+0000] {dag.py:2585} INFO - Sync 1 DAGs
[2023-03-12T20:24:26.244+0000] {logging_mixin.py:120} INFO - [2023-03-12T20:24:26.244+0000] {dag.py:3340} INFO - Setting next_dagrun for example_branch_dop_operator_v3 to 2023-03-12T20:23:00+00:00, run_after=2023-03-12T20:24:00+00:00
[2023-03-12T20:24:26.262+0000] {processor.py:176} INFO - Processing /home/airflow/.local/lib/python3.7/site-packages/airflow/example_dags/example_branch_python_dop_operator_3.py took 0.144 seconds
[2023-03-12T21:28:17.075+0000] {processor.py:154} INFO - Started process (PID=37545) to work on /home/airflow/.local/lib/python3.7/site-packages/airflow/example_dags/example_branch_python_dop_operator_3.py
[2023-03-12T21:28:17.076+0000] {processor.py:756} INFO - Processing file /home/airflow/.local/lib/python3.7/site-packages/airflow/example_dags/example_branch_python_dop_operator_3.py for tasks to queue
[2023-03-12T21:28:17.077+0000] {logging_mixin.py:120} INFO - [2023-03-12T21:28:17.077+0000] {dagbag.py:537} INFO - Filling up the DagBag from /home/airflow/.local/lib/python3.7/site-packages/airflow/example_dags/example_branch_python_dop_operator_3.py
[2023-03-12T21:28:17.101+0000] {processor.py:766} INFO - DAG(s) dict_keys(['example_branch_dop_operator_v3']) retrieved from /home/airflow/.local/lib/python3.7/site-packages/airflow/example_dags/example_branch_python_dop_operator_3.py
[2023-03-12T21:28:17.167+0000] {logging_mixin.py:120} INFO - [2023-03-12T21:28:17.167+0000] {dag.py:2585} INFO - Sync 1 DAGs
[2023-03-12T21:28:17.195+0000] {logging_mixin.py:120} INFO - [2023-03-12T21:28:17.195+0000] {dag.py:3340} INFO - Setting next_dagrun for example_branch_dop_operator_v3 to 2023-03-12T21:27:00+00:00, run_after=2023-03-12T21:28:00+00:00
[2023-03-12T21:28:17.234+0000] {processor.py:176} INFO - Processing /home/airflow/.local/lib/python3.7/site-packages/airflow/example_dags/example_branch_python_dop_operator_3.py took 0.165 seconds
[2023-03-12T22:30:17.742+0000] {processor.py:154} INFO - Started process (PID=37609) to work on /home/airflow/.local/lib/python3.7/site-packages/airflow/example_dags/example_branch_python_dop_operator_3.py
[2023-03-12T22:30:17.744+0000] {processor.py:756} INFO - Processing file /home/airflow/.local/lib/python3.7/site-packages/airflow/example_dags/example_branch_python_dop_operator_3.py for tasks to queue
[2023-03-12T22:30:17.747+0000] {logging_mixin.py:120} INFO - [2023-03-12T22:30:17.747+0000] {dagbag.py:537} INFO - Filling up the DagBag from /home/airflow/.local/lib/python3.7/site-packages/airflow/example_dags/example_branch_python_dop_operator_3.py
[2023-03-12T22:30:17.775+0000] {processor.py:766} INFO - DAG(s) dict_keys(['example_branch_dop_operator_v3']) retrieved from /home/airflow/.local/lib/python3.7/site-packages/airflow/example_dags/example_branch_python_dop_operator_3.py
[2023-03-12T22:30:17.824+0000] {logging_mixin.py:120} INFO - [2023-03-12T22:30:17.824+0000] {dag.py:2585} INFO - Sync 1 DAGs
[2023-03-12T22:30:17.853+0000] {logging_mixin.py:120} INFO - [2023-03-12T22:30:17.853+0000] {dag.py:3340} INFO - Setting next_dagrun for example_branch_dop_operator_v3 to 2023-03-12T22:29:00+00:00, run_after=2023-03-12T22:30:00+00:00
[2023-03-12T22:30:17.877+0000] {processor.py:176} INFO - Processing /home/airflow/.local/lib/python3.7/site-packages/airflow/example_dags/example_branch_python_dop_operator_3.py took 0.144 seconds
[2023-03-12T23:33:22.143+0000] {processor.py:154} INFO - Started process (PID=37672) to work on /home/airflow/.local/lib/python3.7/site-packages/airflow/example_dags/example_branch_python_dop_operator_3.py
[2023-03-12T23:33:22.152+0000] {processor.py:756} INFO - Processing file /home/airflow/.local/lib/python3.7/site-packages/airflow/example_dags/example_branch_python_dop_operator_3.py for tasks to queue
[2023-03-12T23:33:22.153+0000] {logging_mixin.py:120} INFO - [2023-03-12T23:33:22.153+0000] {dagbag.py:537} INFO - Filling up the DagBag from /home/airflow/.local/lib/python3.7/site-packages/airflow/example_dags/example_branch_python_dop_operator_3.py
[2023-03-12T23:33:22.181+0000] {processor.py:766} INFO - DAG(s) dict_keys(['example_branch_dop_operator_v3']) retrieved from /home/airflow/.local/lib/python3.7/site-packages/airflow/example_dags/example_branch_python_dop_operator_3.py
[2023-03-12T23:33:22.237+0000] {logging_mixin.py:120} INFO - [2023-03-12T23:33:22.237+0000] {dag.py:2585} INFO - Sync 1 DAGs
[2023-03-12T23:33:22.261+0000] {logging_mixin.py:120} INFO - [2023-03-12T23:33:22.261+0000] {dag.py:3340} INFO - Setting next_dagrun for example_branch_dop_operator_v3 to 2023-03-12T23:32:00+00:00, run_after=2023-03-12T23:33:00+00:00
[2023-03-12T23:33:22.284+0000] {processor.py:176} INFO - Processing /home/airflow/.local/lib/python3.7/site-packages/airflow/example_dags/example_branch_python_dop_operator_3.py took 0.146 seconds
