[2023-03-12T00:05:10.810+0000] {processor.py:154} INFO - Started process (PID=36369) to work on /home/airflow/.local/lib/python3.7/site-packages/airflow/example_dags/example_branch_labels.py
[2023-03-12T00:05:10.811+0000] {processor.py:756} INFO - Processing file /home/airflow/.local/lib/python3.7/site-packages/airflow/example_dags/example_branch_labels.py for tasks to queue
[2023-03-12T00:05:10.812+0000] {logging_mixin.py:120} INFO - [2023-03-12T00:05:10.812+0000] {dagbag.py:537} INFO - Filling up the DagBag from /home/airflow/.local/lib/python3.7/site-packages/airflow/example_dags/example_branch_labels.py
[2023-03-12T00:05:10.822+0000] {processor.py:766} INFO - DAG(s) dict_keys(['example_branch_labels']) retrieved from /home/airflow/.local/lib/python3.7/site-packages/airflow/example_dags/example_branch_labels.py
[2023-03-12T00:05:10.849+0000] {logging_mixin.py:120} INFO - [2023-03-12T00:05:10.849+0000] {dag.py:2585} INFO - Sync 1 DAGs
[2023-03-12T00:05:10.864+0000] {logging_mixin.py:120} INFO - [2023-03-12T00:05:10.864+0000] {dag.py:3340} INFO - Setting next_dagrun for example_branch_labels to 2023-03-11T00:00:00+00:00, run_after=2023-03-12T00:00:00+00:00
[2023-03-12T00:05:10.876+0000] {processor.py:176} INFO - Processing /home/airflow/.local/lib/python3.7/site-packages/airflow/example_dags/example_branch_labels.py took 0.068 seconds
[2023-03-12T01:11:07.838+0000] {processor.py:154} INFO - Started process (PID=36432) to work on /home/airflow/.local/lib/python3.7/site-packages/airflow/example_dags/example_branch_labels.py
[2023-03-12T01:11:07.839+0000] {processor.py:756} INFO - Processing file /home/airflow/.local/lib/python3.7/site-packages/airflow/example_dags/example_branch_labels.py for tasks to queue
[2023-03-12T01:11:07.840+0000] {logging_mixin.py:120} INFO - [2023-03-12T01:11:07.840+0000] {dagbag.py:537} INFO - Filling up the DagBag from /home/airflow/.local/lib/python3.7/site-packages/airflow/example_dags/example_branch_labels.py
[2023-03-12T01:11:07.851+0000] {processor.py:766} INFO - DAG(s) dict_keys(['example_branch_labels']) retrieved from /home/airflow/.local/lib/python3.7/site-packages/airflow/example_dags/example_branch_labels.py
[2023-03-12T01:11:07.884+0000] {logging_mixin.py:120} INFO - [2023-03-12T01:11:07.884+0000] {dag.py:2585} INFO - Sync 1 DAGs
[2023-03-12T01:11:07.901+0000] {logging_mixin.py:120} INFO - [2023-03-12T01:11:07.901+0000] {dag.py:3340} INFO - Setting next_dagrun for example_branch_labels to 2023-03-11T00:00:00+00:00, run_after=2023-03-12T00:00:00+00:00
[2023-03-12T01:11:07.913+0000] {processor.py:176} INFO - Processing /home/airflow/.local/lib/python3.7/site-packages/airflow/example_dags/example_branch_labels.py took 0.078 seconds
[2023-03-12T02:20:05.540+0000] {processor.py:154} INFO - Started process (PID=36496) to work on /home/airflow/.local/lib/python3.7/site-packages/airflow/example_dags/example_branch_labels.py
[2023-03-12T02:20:05.541+0000] {processor.py:756} INFO - Processing file /home/airflow/.local/lib/python3.7/site-packages/airflow/example_dags/example_branch_labels.py for tasks to queue
[2023-03-12T02:20:05.545+0000] {logging_mixin.py:120} INFO - [2023-03-12T02:20:05.545+0000] {dagbag.py:537} INFO - Filling up the DagBag from /home/airflow/.local/lib/python3.7/site-packages/airflow/example_dags/example_branch_labels.py
[2023-03-12T02:20:05.558+0000] {processor.py:766} INFO - DAG(s) dict_keys(['example_branch_labels']) retrieved from /home/airflow/.local/lib/python3.7/site-packages/airflow/example_dags/example_branch_labels.py
[2023-03-12T02:20:05.921+0000] {logging_mixin.py:120} INFO - [2023-03-12T02:20:05.921+0000] {dag.py:2585} INFO - Sync 1 DAGs
[2023-03-12T02:20:05.950+0000] {logging_mixin.py:120} INFO - [2023-03-12T02:20:05.949+0000] {dag.py:3340} INFO - Setting next_dagrun for example_branch_labels to 2023-03-11T00:00:00+00:00, run_after=2023-03-12T00:00:00+00:00
[2023-03-12T02:20:05.969+0000] {processor.py:176} INFO - Processing /home/airflow/.local/lib/python3.7/site-packages/airflow/example_dags/example_branch_labels.py took 0.434 seconds
[2023-03-12T03:43:51.206+0000] {processor.py:154} INFO - Started process (PID=36559) to work on /home/airflow/.local/lib/python3.7/site-packages/airflow/example_dags/example_branch_labels.py
[2023-03-12T03:43:51.209+0000] {processor.py:756} INFO - Processing file /home/airflow/.local/lib/python3.7/site-packages/airflow/example_dags/example_branch_labels.py for tasks to queue
[2023-03-12T03:43:51.210+0000] {logging_mixin.py:120} INFO - [2023-03-12T03:43:51.210+0000] {dagbag.py:537} INFO - Filling up the DagBag from /home/airflow/.local/lib/python3.7/site-packages/airflow/example_dags/example_branch_labels.py
[2023-03-12T03:43:51.234+0000] {processor.py:766} INFO - DAG(s) dict_keys(['example_branch_labels']) retrieved from /home/airflow/.local/lib/python3.7/site-packages/airflow/example_dags/example_branch_labels.py
[2023-03-12T03:43:51.316+0000] {logging_mixin.py:120} INFO - [2023-03-12T03:43:51.315+0000] {dag.py:2585} INFO - Sync 1 DAGs
[2023-03-12T03:43:51.342+0000] {logging_mixin.py:120} INFO - [2023-03-12T03:43:51.342+0000] {dag.py:3340} INFO - Setting next_dagrun for example_branch_labels to 2023-03-11T00:00:00+00:00, run_after=2023-03-12T00:00:00+00:00
[2023-03-12T03:43:51.363+0000] {processor.py:176} INFO - Processing /home/airflow/.local/lib/python3.7/site-packages/airflow/example_dags/example_branch_labels.py took 0.161 seconds
[2023-03-12T04:47:36.265+0000] {processor.py:154} INFO - Started process (PID=36622) to work on /home/airflow/.local/lib/python3.7/site-packages/airflow/example_dags/example_branch_labels.py
[2023-03-12T04:47:36.269+0000] {processor.py:756} INFO - Processing file /home/airflow/.local/lib/python3.7/site-packages/airflow/example_dags/example_branch_labels.py for tasks to queue
[2023-03-12T04:47:36.271+0000] {logging_mixin.py:120} INFO - [2023-03-12T04:47:36.270+0000] {dagbag.py:537} INFO - Filling up the DagBag from /home/airflow/.local/lib/python3.7/site-packages/airflow/example_dags/example_branch_labels.py
[2023-03-12T04:47:36.289+0000] {processor.py:766} INFO - DAG(s) dict_keys(['example_branch_labels']) retrieved from /home/airflow/.local/lib/python3.7/site-packages/airflow/example_dags/example_branch_labels.py
[2023-03-12T04:47:36.361+0000] {logging_mixin.py:120} INFO - [2023-03-12T04:47:36.361+0000] {dag.py:2585} INFO - Sync 1 DAGs
[2023-03-12T04:47:36.388+0000] {logging_mixin.py:120} INFO - [2023-03-12T04:47:36.388+0000] {dag.py:3340} INFO - Setting next_dagrun for example_branch_labels to 2023-03-11T00:00:00+00:00, run_after=2023-03-12T00:00:00+00:00
[2023-03-12T04:47:36.404+0000] {processor.py:176} INFO - Processing /home/airflow/.local/lib/python3.7/site-packages/airflow/example_dags/example_branch_labels.py took 0.142 seconds
[2023-03-12T05:46:50.406+0000] {processor.py:154} INFO - Started process (PID=36683) to work on /home/airflow/.local/lib/python3.7/site-packages/airflow/example_dags/example_branch_labels.py
[2023-03-12T05:46:50.410+0000] {processor.py:756} INFO - Processing file /home/airflow/.local/lib/python3.7/site-packages/airflow/example_dags/example_branch_labels.py for tasks to queue
[2023-03-12T05:46:50.411+0000] {logging_mixin.py:120} INFO - [2023-03-12T05:46:50.411+0000] {dagbag.py:537} INFO - Filling up the DagBag from /home/airflow/.local/lib/python3.7/site-packages/airflow/example_dags/example_branch_labels.py
[2023-03-12T05:46:50.433+0000] {processor.py:766} INFO - DAG(s) dict_keys(['example_branch_labels']) retrieved from /home/airflow/.local/lib/python3.7/site-packages/airflow/example_dags/example_branch_labels.py
[2023-03-12T05:46:50.576+0000] {logging_mixin.py:120} INFO - [2023-03-12T05:46:50.576+0000] {dag.py:2585} INFO - Sync 1 DAGs
[2023-03-12T05:46:50.603+0000] {logging_mixin.py:120} INFO - [2023-03-12T05:46:50.603+0000] {dag.py:3340} INFO - Setting next_dagrun for example_branch_labels to 2023-03-11T00:00:00+00:00, run_after=2023-03-12T00:00:00+00:00
[2023-03-12T05:46:50.629+0000] {processor.py:176} INFO - Processing /home/airflow/.local/lib/python3.7/site-packages/airflow/example_dags/example_branch_labels.py took 0.226 seconds
[2023-03-12T06:51:38.250+0000] {processor.py:154} INFO - Started process (PID=36739) to work on /home/airflow/.local/lib/python3.7/site-packages/airflow/example_dags/example_branch_labels.py
[2023-03-12T06:51:38.252+0000] {processor.py:756} INFO - Processing file /home/airflow/.local/lib/python3.7/site-packages/airflow/example_dags/example_branch_labels.py for tasks to queue
[2023-03-12T06:51:38.253+0000] {logging_mixin.py:120} INFO - [2023-03-12T06:51:38.253+0000] {dagbag.py:537} INFO - Filling up the DagBag from /home/airflow/.local/lib/python3.7/site-packages/airflow/example_dags/example_branch_labels.py
[2023-03-12T06:51:38.275+0000] {processor.py:766} INFO - DAG(s) dict_keys(['example_branch_labels']) retrieved from /home/airflow/.local/lib/python3.7/site-packages/airflow/example_dags/example_branch_labels.py
[2023-03-12T06:51:38.335+0000] {logging_mixin.py:120} INFO - [2023-03-12T06:51:38.335+0000] {dag.py:2585} INFO - Sync 1 DAGs
[2023-03-12T06:51:38.361+0000] {logging_mixin.py:120} INFO - [2023-03-12T06:51:38.361+0000] {dag.py:3340} INFO - Setting next_dagrun for example_branch_labels to 2023-03-11T00:00:00+00:00, run_after=2023-03-12T00:00:00+00:00
[2023-03-12T06:51:38.379+0000] {processor.py:176} INFO - Processing /home/airflow/.local/lib/python3.7/site-packages/airflow/example_dags/example_branch_labels.py took 0.132 seconds
[2023-03-12T07:59:56.002+0000] {processor.py:154} INFO - Started process (PID=36803) to work on /home/airflow/.local/lib/python3.7/site-packages/airflow/example_dags/example_branch_labels.py
[2023-03-12T07:59:56.007+0000] {processor.py:756} INFO - Processing file /home/airflow/.local/lib/python3.7/site-packages/airflow/example_dags/example_branch_labels.py for tasks to queue
[2023-03-12T07:59:56.011+0000] {logging_mixin.py:120} INFO - [2023-03-12T07:59:56.011+0000] {dagbag.py:537} INFO - Filling up the DagBag from /home/airflow/.local/lib/python3.7/site-packages/airflow/example_dags/example_branch_labels.py
[2023-03-12T07:59:56.040+0000] {processor.py:766} INFO - DAG(s) dict_keys(['example_branch_labels']) retrieved from /home/airflow/.local/lib/python3.7/site-packages/airflow/example_dags/example_branch_labels.py
[2023-03-12T07:59:56.094+0000] {logging_mixin.py:120} INFO - [2023-03-12T07:59:56.094+0000] {dag.py:2585} INFO - Sync 1 DAGs
[2023-03-12T07:59:56.125+0000] {logging_mixin.py:120} INFO - [2023-03-12T07:59:56.125+0000] {dag.py:3340} INFO - Setting next_dagrun for example_branch_labels to 2023-03-11T00:00:00+00:00, run_after=2023-03-12T00:00:00+00:00
[2023-03-12T07:59:56.143+0000] {processor.py:176} INFO - Processing /home/airflow/.local/lib/python3.7/site-packages/airflow/example_dags/example_branch_labels.py took 0.146 seconds
[2023-03-12T09:20:35.850+0000] {processor.py:154} INFO - Started process (PID=36866) to work on /home/airflow/.local/lib/python3.7/site-packages/airflow/example_dags/example_branch_labels.py
[2023-03-12T09:20:35.852+0000] {processor.py:756} INFO - Processing file /home/airflow/.local/lib/python3.7/site-packages/airflow/example_dags/example_branch_labels.py for tasks to queue
[2023-03-12T09:20:35.857+0000] {logging_mixin.py:120} INFO - [2023-03-12T09:20:35.857+0000] {dagbag.py:537} INFO - Filling up the DagBag from /home/airflow/.local/lib/python3.7/site-packages/airflow/example_dags/example_branch_labels.py
[2023-03-12T09:20:35.879+0000] {processor.py:766} INFO - DAG(s) dict_keys(['example_branch_labels']) retrieved from /home/airflow/.local/lib/python3.7/site-packages/airflow/example_dags/example_branch_labels.py
[2023-03-12T09:20:35.943+0000] {logging_mixin.py:120} INFO - [2023-03-12T09:20:35.943+0000] {dag.py:2585} INFO - Sync 1 DAGs
[2023-03-12T09:20:35.964+0000] {logging_mixin.py:120} INFO - [2023-03-12T09:20:35.964+0000] {dag.py:3340} INFO - Setting next_dagrun for example_branch_labels to 2023-03-11T00:00:00+00:00, run_after=2023-03-12T00:00:00+00:00
[2023-03-12T09:20:35.986+0000] {processor.py:176} INFO - Processing /home/airflow/.local/lib/python3.7/site-packages/airflow/example_dags/example_branch_labels.py took 0.144 seconds
[2023-03-12T10:26:30.479+0000] {processor.py:154} INFO - Started process (PID=36929) to work on /home/airflow/.local/lib/python3.7/site-packages/airflow/example_dags/example_branch_labels.py
[2023-03-12T10:26:30.481+0000] {processor.py:756} INFO - Processing file /home/airflow/.local/lib/python3.7/site-packages/airflow/example_dags/example_branch_labels.py for tasks to queue
[2023-03-12T10:26:30.482+0000] {logging_mixin.py:120} INFO - [2023-03-12T10:26:30.482+0000] {dagbag.py:537} INFO - Filling up the DagBag from /home/airflow/.local/lib/python3.7/site-packages/airflow/example_dags/example_branch_labels.py
[2023-03-12T10:26:30.495+0000] {processor.py:766} INFO - DAG(s) dict_keys(['example_branch_labels']) retrieved from /home/airflow/.local/lib/python3.7/site-packages/airflow/example_dags/example_branch_labels.py
[2023-03-12T10:26:30.525+0000] {logging_mixin.py:120} INFO - [2023-03-12T10:26:30.525+0000] {dag.py:2585} INFO - Sync 1 DAGs
[2023-03-12T10:26:30.540+0000] {logging_mixin.py:120} INFO - [2023-03-12T10:26:30.540+0000] {dag.py:3340} INFO - Setting next_dagrun for example_branch_labels to 2023-03-11T00:00:00+00:00, run_after=2023-03-12T00:00:00+00:00
[2023-03-12T10:26:30.550+0000] {processor.py:176} INFO - Processing /home/airflow/.local/lib/python3.7/site-packages/airflow/example_dags/example_branch_labels.py took 0.073 seconds
[2023-03-12T11:32:25.342+0000] {processor.py:154} INFO - Started process (PID=36983) to work on /home/airflow/.local/lib/python3.7/site-packages/airflow/example_dags/example_branch_labels.py
[2023-03-12T11:32:25.343+0000] {processor.py:756} INFO - Processing file /home/airflow/.local/lib/python3.7/site-packages/airflow/example_dags/example_branch_labels.py for tasks to queue
[2023-03-12T11:32:25.344+0000] {logging_mixin.py:120} INFO - [2023-03-12T11:32:25.344+0000] {dagbag.py:537} INFO - Filling up the DagBag from /home/airflow/.local/lib/python3.7/site-packages/airflow/example_dags/example_branch_labels.py
[2023-03-12T11:32:25.355+0000] {processor.py:766} INFO - DAG(s) dict_keys(['example_branch_labels']) retrieved from /home/airflow/.local/lib/python3.7/site-packages/airflow/example_dags/example_branch_labels.py
[2023-03-12T11:32:25.385+0000] {logging_mixin.py:120} INFO - [2023-03-12T11:32:25.385+0000] {dag.py:2585} INFO - Sync 1 DAGs
[2023-03-12T11:32:25.400+0000] {logging_mixin.py:120} INFO - [2023-03-12T11:32:25.400+0000] {dag.py:3340} INFO - Setting next_dagrun for example_branch_labels to 2023-03-11T00:00:00+00:00, run_after=2023-03-12T00:00:00+00:00
[2023-03-12T11:32:25.412+0000] {processor.py:176} INFO - Processing /home/airflow/.local/lib/python3.7/site-packages/airflow/example_dags/example_branch_labels.py took 0.074 seconds
[2023-03-12T12:40:37.801+0000] {processor.py:154} INFO - Started process (PID=37046) to work on /home/airflow/.local/lib/python3.7/site-packages/airflow/example_dags/example_branch_labels.py
[2023-03-12T12:40:37.803+0000] {processor.py:756} INFO - Processing file /home/airflow/.local/lib/python3.7/site-packages/airflow/example_dags/example_branch_labels.py for tasks to queue
[2023-03-12T12:40:37.805+0000] {logging_mixin.py:120} INFO - [2023-03-12T12:40:37.805+0000] {dagbag.py:537} INFO - Filling up the DagBag from /home/airflow/.local/lib/python3.7/site-packages/airflow/example_dags/example_branch_labels.py
[2023-03-12T12:40:37.840+0000] {processor.py:766} INFO - DAG(s) dict_keys(['example_branch_labels']) retrieved from /home/airflow/.local/lib/python3.7/site-packages/airflow/example_dags/example_branch_labels.py
[2023-03-12T12:40:37.917+0000] {logging_mixin.py:120} INFO - [2023-03-12T12:40:37.916+0000] {dag.py:2585} INFO - Sync 1 DAGs
[2023-03-12T12:40:37.957+0000] {logging_mixin.py:120} INFO - [2023-03-12T12:40:37.957+0000] {dag.py:3340} INFO - Setting next_dagrun for example_branch_labels to 2023-03-11T00:00:00+00:00, run_after=2023-03-12T00:00:00+00:00
[2023-03-12T12:40:37.983+0000] {processor.py:176} INFO - Processing /home/airflow/.local/lib/python3.7/site-packages/airflow/example_dags/example_branch_labels.py took 0.184 seconds
[2023-03-12T13:59:46.422+0000] {processor.py:154} INFO - Started process (PID=37109) to work on /home/airflow/.local/lib/python3.7/site-packages/airflow/example_dags/example_branch_labels.py
[2023-03-12T13:59:46.423+0000] {processor.py:756} INFO - Processing file /home/airflow/.local/lib/python3.7/site-packages/airflow/example_dags/example_branch_labels.py for tasks to queue
[2023-03-12T13:59:46.424+0000] {logging_mixin.py:120} INFO - [2023-03-12T13:59:46.424+0000] {dagbag.py:537} INFO - Filling up the DagBag from /home/airflow/.local/lib/python3.7/site-packages/airflow/example_dags/example_branch_labels.py
[2023-03-12T13:59:46.437+0000] {processor.py:766} INFO - DAG(s) dict_keys(['example_branch_labels']) retrieved from /home/airflow/.local/lib/python3.7/site-packages/airflow/example_dags/example_branch_labels.py
[2023-03-12T13:59:46.465+0000] {logging_mixin.py:120} INFO - [2023-03-12T13:59:46.465+0000] {dag.py:2585} INFO - Sync 1 DAGs
[2023-03-12T13:59:46.481+0000] {logging_mixin.py:120} INFO - [2023-03-12T13:59:46.481+0000] {dag.py:3340} INFO - Setting next_dagrun for example_branch_labels to 2023-03-11T00:00:00+00:00, run_after=2023-03-12T00:00:00+00:00
[2023-03-12T13:59:46.491+0000] {processor.py:176} INFO - Processing /home/airflow/.local/lib/python3.7/site-packages/airflow/example_dags/example_branch_labels.py took 0.072 seconds
[2023-03-12T15:06:04.186+0000] {processor.py:154} INFO - Started process (PID=37172) to work on /home/airflow/.local/lib/python3.7/site-packages/airflow/example_dags/example_branch_labels.py
[2023-03-12T15:06:04.190+0000] {processor.py:756} INFO - Processing file /home/airflow/.local/lib/python3.7/site-packages/airflow/example_dags/example_branch_labels.py for tasks to queue
[2023-03-12T15:06:04.191+0000] {logging_mixin.py:120} INFO - [2023-03-12T15:06:04.191+0000] {dagbag.py:537} INFO - Filling up the DagBag from /home/airflow/.local/lib/python3.7/site-packages/airflow/example_dags/example_branch_labels.py
[2023-03-12T15:06:04.216+0000] {processor.py:766} INFO - DAG(s) dict_keys(['example_branch_labels']) retrieved from /home/airflow/.local/lib/python3.7/site-packages/airflow/example_dags/example_branch_labels.py
[2023-03-12T15:06:04.270+0000] {logging_mixin.py:120} INFO - [2023-03-12T15:06:04.270+0000] {dag.py:2585} INFO - Sync 1 DAGs
[2023-03-12T15:06:04.297+0000] {logging_mixin.py:120} INFO - [2023-03-12T15:06:04.297+0000] {dag.py:3340} INFO - Setting next_dagrun for example_branch_labels to 2023-03-11T00:00:00+00:00, run_after=2023-03-12T00:00:00+00:00
[2023-03-12T15:06:04.326+0000] {processor.py:176} INFO - Processing /home/airflow/.local/lib/python3.7/site-packages/airflow/example_dags/example_branch_labels.py took 0.144 seconds
[2023-03-12T16:10:43.422+0000] {processor.py:154} INFO - Started process (PID=37227) to work on /home/airflow/.local/lib/python3.7/site-packages/airflow/example_dags/example_branch_labels.py
[2023-03-12T16:10:43.423+0000] {processor.py:756} INFO - Processing file /home/airflow/.local/lib/python3.7/site-packages/airflow/example_dags/example_branch_labels.py for tasks to queue
[2023-03-12T16:10:43.424+0000] {logging_mixin.py:120} INFO - [2023-03-12T16:10:43.424+0000] {dagbag.py:537} INFO - Filling up the DagBag from /home/airflow/.local/lib/python3.7/site-packages/airflow/example_dags/example_branch_labels.py
[2023-03-12T16:10:43.439+0000] {processor.py:766} INFO - DAG(s) dict_keys(['example_branch_labels']) retrieved from /home/airflow/.local/lib/python3.7/site-packages/airflow/example_dags/example_branch_labels.py
[2023-03-12T16:10:43.468+0000] {logging_mixin.py:120} INFO - [2023-03-12T16:10:43.468+0000] {dag.py:2585} INFO - Sync 1 DAGs
[2023-03-12T16:10:43.484+0000] {logging_mixin.py:120} INFO - [2023-03-12T16:10:43.484+0000] {dag.py:3340} INFO - Setting next_dagrun for example_branch_labels to 2023-03-11T00:00:00+00:00, run_after=2023-03-12T00:00:00+00:00
[2023-03-12T16:10:43.495+0000] {processor.py:176} INFO - Processing /home/airflow/.local/lib/python3.7/site-packages/airflow/example_dags/example_branch_labels.py took 0.076 seconds
[2023-03-12T17:18:10.313+0000] {processor.py:154} INFO - Started process (PID=37290) to work on /home/airflow/.local/lib/python3.7/site-packages/airflow/example_dags/example_branch_labels.py
[2023-03-12T17:18:10.315+0000] {processor.py:756} INFO - Processing file /home/airflow/.local/lib/python3.7/site-packages/airflow/example_dags/example_branch_labels.py for tasks to queue
[2023-03-12T17:18:10.316+0000] {logging_mixin.py:120} INFO - [2023-03-12T17:18:10.315+0000] {dagbag.py:537} INFO - Filling up the DagBag from /home/airflow/.local/lib/python3.7/site-packages/airflow/example_dags/example_branch_labels.py
[2023-03-12T17:18:10.340+0000] {processor.py:766} INFO - DAG(s) dict_keys(['example_branch_labels']) retrieved from /home/airflow/.local/lib/python3.7/site-packages/airflow/example_dags/example_branch_labels.py
[2023-03-12T17:18:10.390+0000] {logging_mixin.py:120} INFO - [2023-03-12T17:18:10.390+0000] {dag.py:2585} INFO - Sync 1 DAGs
[2023-03-12T17:18:10.418+0000] {logging_mixin.py:120} INFO - [2023-03-12T17:18:10.418+0000] {dag.py:3340} INFO - Setting next_dagrun for example_branch_labels to 2023-03-11T00:00:00+00:00, run_after=2023-03-12T00:00:00+00:00
[2023-03-12T17:18:10.442+0000] {processor.py:176} INFO - Processing /home/airflow/.local/lib/python3.7/site-packages/airflow/example_dags/example_branch_labels.py took 0.132 seconds
[2023-03-12T18:23:02.047+0000] {processor.py:154} INFO - Started process (PID=37353) to work on /home/airflow/.local/lib/python3.7/site-packages/airflow/example_dags/example_branch_labels.py
[2023-03-12T18:23:02.053+0000] {processor.py:756} INFO - Processing file /home/airflow/.local/lib/python3.7/site-packages/airflow/example_dags/example_branch_labels.py for tasks to queue
[2023-03-12T18:23:02.055+0000] {logging_mixin.py:120} INFO - [2023-03-12T18:23:02.055+0000] {dagbag.py:537} INFO - Filling up the DagBag from /home/airflow/.local/lib/python3.7/site-packages/airflow/example_dags/example_branch_labels.py
[2023-03-12T18:23:02.084+0000] {processor.py:766} INFO - DAG(s) dict_keys(['example_branch_labels']) retrieved from /home/airflow/.local/lib/python3.7/site-packages/airflow/example_dags/example_branch_labels.py
[2023-03-12T18:23:02.170+0000] {logging_mixin.py:120} INFO - [2023-03-12T18:23:02.169+0000] {dag.py:2585} INFO - Sync 1 DAGs
[2023-03-12T18:23:02.200+0000] {logging_mixin.py:120} INFO - [2023-03-12T18:23:02.200+0000] {dag.py:3340} INFO - Setting next_dagrun for example_branch_labels to 2023-03-11T00:00:00+00:00, run_after=2023-03-12T00:00:00+00:00
[2023-03-12T18:23:02.226+0000] {processor.py:176} INFO - Processing /home/airflow/.local/lib/python3.7/site-packages/airflow/example_dags/example_branch_labels.py took 0.185 seconds
[2023-03-12T19:03:55.141+0000] {processor.py:154} INFO - Started process (PID=37416) to work on /home/airflow/.local/lib/python3.7/site-packages/airflow/example_dags/example_branch_labels.py
[2023-03-12T19:03:55.146+0000] {processor.py:756} INFO - Processing file /home/airflow/.local/lib/python3.7/site-packages/airflow/example_dags/example_branch_labels.py for tasks to queue
[2023-03-12T19:03:55.147+0000] {logging_mixin.py:120} INFO - [2023-03-12T19:03:55.147+0000] {dagbag.py:537} INFO - Filling up the DagBag from /home/airflow/.local/lib/python3.7/site-packages/airflow/example_dags/example_branch_labels.py
[2023-03-12T19:03:55.171+0000] {processor.py:766} INFO - DAG(s) dict_keys(['example_branch_labels']) retrieved from /home/airflow/.local/lib/python3.7/site-packages/airflow/example_dags/example_branch_labels.py
[2023-03-12T19:03:55.209+0000] {logging_mixin.py:120} INFO - [2023-03-12T19:03:55.209+0000] {dag.py:2585} INFO - Sync 1 DAGs
[2023-03-12T19:03:55.226+0000] {logging_mixin.py:120} INFO - [2023-03-12T19:03:55.226+0000] {dag.py:3340} INFO - Setting next_dagrun for example_branch_labels to 2023-03-11T00:00:00+00:00, run_after=2023-03-12T00:00:00+00:00
[2023-03-12T19:03:55.239+0000] {processor.py:176} INFO - Processing /home/airflow/.local/lib/python3.7/site-packages/airflow/example_dags/example_branch_labels.py took 0.113 seconds
[2023-03-12T20:24:25.148+0000] {processor.py:154} INFO - Started process (PID=37478) to work on /home/airflow/.local/lib/python3.7/site-packages/airflow/example_dags/example_branch_labels.py
[2023-03-12T20:24:25.152+0000] {processor.py:756} INFO - Processing file /home/airflow/.local/lib/python3.7/site-packages/airflow/example_dags/example_branch_labels.py for tasks to queue
[2023-03-12T20:24:25.152+0000] {logging_mixin.py:120} INFO - [2023-03-12T20:24:25.152+0000] {dagbag.py:537} INFO - Filling up the DagBag from /home/airflow/.local/lib/python3.7/site-packages/airflow/example_dags/example_branch_labels.py
[2023-03-12T20:24:25.163+0000] {processor.py:766} INFO - DAG(s) dict_keys(['example_branch_labels']) retrieved from /home/airflow/.local/lib/python3.7/site-packages/airflow/example_dags/example_branch_labels.py
[2023-03-12T20:24:25.192+0000] {logging_mixin.py:120} INFO - [2023-03-12T20:24:25.192+0000] {dag.py:2585} INFO - Sync 1 DAGs
[2023-03-12T20:24:25.208+0000] {logging_mixin.py:120} INFO - [2023-03-12T20:24:25.208+0000] {dag.py:3340} INFO - Setting next_dagrun for example_branch_labels to 2023-03-11T00:00:00+00:00, run_after=2023-03-12T00:00:00+00:00
[2023-03-12T20:24:25.219+0000] {processor.py:176} INFO - Processing /home/airflow/.local/lib/python3.7/site-packages/airflow/example_dags/example_branch_labels.py took 0.074 seconds
[2023-03-12T21:28:15.967+0000] {processor.py:154} INFO - Started process (PID=37532) to work on /home/airflow/.local/lib/python3.7/site-packages/airflow/example_dags/example_branch_labels.py
[2023-03-12T21:28:15.969+0000] {processor.py:756} INFO - Processing file /home/airflow/.local/lib/python3.7/site-packages/airflow/example_dags/example_branch_labels.py for tasks to queue
[2023-03-12T21:28:15.970+0000] {logging_mixin.py:120} INFO - [2023-03-12T21:28:15.970+0000] {dagbag.py:537} INFO - Filling up the DagBag from /home/airflow/.local/lib/python3.7/site-packages/airflow/example_dags/example_branch_labels.py
[2023-03-12T21:28:15.994+0000] {processor.py:766} INFO - DAG(s) dict_keys(['example_branch_labels']) retrieved from /home/airflow/.local/lib/python3.7/site-packages/airflow/example_dags/example_branch_labels.py
[2023-03-12T21:28:16.050+0000] {logging_mixin.py:120} INFO - [2023-03-12T21:28:16.050+0000] {dag.py:2585} INFO - Sync 1 DAGs
[2023-03-12T21:28:16.076+0000] {logging_mixin.py:120} INFO - [2023-03-12T21:28:16.076+0000] {dag.py:3340} INFO - Setting next_dagrun for example_branch_labels to 2023-03-11T00:00:00+00:00, run_after=2023-03-12T00:00:00+00:00
[2023-03-12T21:28:16.097+0000] {processor.py:176} INFO - Processing /home/airflow/.local/lib/python3.7/site-packages/airflow/example_dags/example_branch_labels.py took 0.139 seconds
[2023-03-12T22:30:16.595+0000] {processor.py:154} INFO - Started process (PID=37596) to work on /home/airflow/.local/lib/python3.7/site-packages/airflow/example_dags/example_branch_labels.py
[2023-03-12T22:30:16.597+0000] {processor.py:756} INFO - Processing file /home/airflow/.local/lib/python3.7/site-packages/airflow/example_dags/example_branch_labels.py for tasks to queue
[2023-03-12T22:30:16.598+0000] {logging_mixin.py:120} INFO - [2023-03-12T22:30:16.597+0000] {dagbag.py:537} INFO - Filling up the DagBag from /home/airflow/.local/lib/python3.7/site-packages/airflow/example_dags/example_branch_labels.py
[2023-03-12T22:30:16.624+0000] {processor.py:766} INFO - DAG(s) dict_keys(['example_branch_labels']) retrieved from /home/airflow/.local/lib/python3.7/site-packages/airflow/example_dags/example_branch_labels.py
[2023-03-12T22:30:16.682+0000] {logging_mixin.py:120} INFO - [2023-03-12T22:30:16.682+0000] {dag.py:2585} INFO - Sync 1 DAGs
[2023-03-12T22:30:16.709+0000] {logging_mixin.py:120} INFO - [2023-03-12T22:30:16.709+0000] {dag.py:3340} INFO - Setting next_dagrun for example_branch_labels to 2023-03-11T00:00:00+00:00, run_after=2023-03-12T00:00:00+00:00
[2023-03-12T22:30:16.727+0000] {processor.py:176} INFO - Processing /home/airflow/.local/lib/python3.7/site-packages/airflow/example_dags/example_branch_labels.py took 0.140 seconds
[2023-03-12T23:33:21.178+0000] {processor.py:154} INFO - Started process (PID=37659) to work on /home/airflow/.local/lib/python3.7/site-packages/airflow/example_dags/example_branch_labels.py
[2023-03-12T23:33:21.180+0000] {processor.py:756} INFO - Processing file /home/airflow/.local/lib/python3.7/site-packages/airflow/example_dags/example_branch_labels.py for tasks to queue
[2023-03-12T23:33:21.181+0000] {logging_mixin.py:120} INFO - [2023-03-12T23:33:21.181+0000] {dagbag.py:537} INFO - Filling up the DagBag from /home/airflow/.local/lib/python3.7/site-packages/airflow/example_dags/example_branch_labels.py
[2023-03-12T23:33:21.202+0000] {processor.py:766} INFO - DAG(s) dict_keys(['example_branch_labels']) retrieved from /home/airflow/.local/lib/python3.7/site-packages/airflow/example_dags/example_branch_labels.py
[2023-03-12T23:33:21.251+0000] {logging_mixin.py:120} INFO - [2023-03-12T23:33:21.251+0000] {dag.py:2585} INFO - Sync 1 DAGs
[2023-03-12T23:33:21.277+0000] {logging_mixin.py:120} INFO - [2023-03-12T23:33:21.277+0000] {dag.py:3340} INFO - Setting next_dagrun for example_branch_labels to 2023-03-11T00:00:00+00:00, run_after=2023-03-12T00:00:00+00:00
[2023-03-12T23:33:21.295+0000] {processor.py:176} INFO - Processing /home/airflow/.local/lib/python3.7/site-packages/airflow/example_dags/example_branch_labels.py took 0.120 seconds
