[2023-03-12T00:05:11.410+0000] {processor.py:154} INFO - Started process (PID=36388) to work on /home/airflow/.local/lib/python3.7/site-packages/airflow/example_dags/example_branch_operator.py
[2023-03-12T00:05:11.411+0000] {processor.py:756} INFO - Processing file /home/airflow/.local/lib/python3.7/site-packages/airflow/example_dags/example_branch_operator.py for tasks to queue
[2023-03-12T00:05:11.411+0000] {logging_mixin.py:120} INFO - [2023-03-12T00:05:11.411+0000] {dagbag.py:537} INFO - Filling up the DagBag from /home/airflow/.local/lib/python3.7/site-packages/airflow/example_dags/example_branch_operator.py
[2023-03-12T00:05:11.423+0000] {processor.py:766} INFO - DAG(s) dict_keys(['example_branch_operator']) retrieved from /home/airflow/.local/lib/python3.7/site-packages/airflow/example_dags/example_branch_operator.py
[2023-03-12T00:05:11.452+0000] {logging_mixin.py:120} INFO - [2023-03-12T00:05:11.452+0000] {dag.py:2585} INFO - Sync 1 DAGs
[2023-03-12T00:05:11.468+0000] {logging_mixin.py:120} INFO - [2023-03-12T00:05:11.468+0000] {dag.py:3340} INFO - Setting next_dagrun for example_branch_operator to 2023-03-11T00:00:00+00:00, run_after=2023-03-12T00:00:00+00:00
[2023-03-12T00:05:11.481+0000] {processor.py:176} INFO - Processing /home/airflow/.local/lib/python3.7/site-packages/airflow/example_dags/example_branch_operator.py took 0.074 seconds
[2023-03-12T01:11:08.523+0000] {processor.py:154} INFO - Started process (PID=36442) to work on /home/airflow/.local/lib/python3.7/site-packages/airflow/example_dags/example_branch_operator.py
[2023-03-12T01:11:08.524+0000] {processor.py:756} INFO - Processing file /home/airflow/.local/lib/python3.7/site-packages/airflow/example_dags/example_branch_operator.py for tasks to queue
[2023-03-12T01:11:08.525+0000] {logging_mixin.py:120} INFO - [2023-03-12T01:11:08.525+0000] {dagbag.py:537} INFO - Filling up the DagBag from /home/airflow/.local/lib/python3.7/site-packages/airflow/example_dags/example_branch_operator.py
[2023-03-12T01:11:08.540+0000] {processor.py:766} INFO - DAG(s) dict_keys(['example_branch_operator']) retrieved from /home/airflow/.local/lib/python3.7/site-packages/airflow/example_dags/example_branch_operator.py
[2023-03-12T01:11:08.578+0000] {logging_mixin.py:120} INFO - [2023-03-12T01:11:08.578+0000] {dag.py:2585} INFO - Sync 1 DAGs
[2023-03-12T01:11:08.595+0000] {logging_mixin.py:120} INFO - [2023-03-12T01:11:08.595+0000] {dag.py:3340} INFO - Setting next_dagrun for example_branch_operator to 2023-03-11T00:00:00+00:00, run_after=2023-03-12T00:00:00+00:00
[2023-03-12T01:11:08.608+0000] {processor.py:176} INFO - Processing /home/airflow/.local/lib/python3.7/site-packages/airflow/example_dags/example_branch_operator.py took 0.088 seconds
[2023-03-12T02:20:06.643+0000] {processor.py:154} INFO - Started process (PID=36506) to work on /home/airflow/.local/lib/python3.7/site-packages/airflow/example_dags/example_branch_operator.py
[2023-03-12T02:20:06.645+0000] {processor.py:756} INFO - Processing file /home/airflow/.local/lib/python3.7/site-packages/airflow/example_dags/example_branch_operator.py for tasks to queue
[2023-03-12T02:20:06.646+0000] {logging_mixin.py:120} INFO - [2023-03-12T02:20:06.646+0000] {dagbag.py:537} INFO - Filling up the DagBag from /home/airflow/.local/lib/python3.7/site-packages/airflow/example_dags/example_branch_operator.py
[2023-03-12T02:20:06.668+0000] {processor.py:766} INFO - DAG(s) dict_keys(['example_branch_operator']) retrieved from /home/airflow/.local/lib/python3.7/site-packages/airflow/example_dags/example_branch_operator.py
[2023-03-12T02:20:06.702+0000] {logging_mixin.py:120} INFO - [2023-03-12T02:20:06.702+0000] {dag.py:2585} INFO - Sync 1 DAGs
[2023-03-12T02:20:06.717+0000] {logging_mixin.py:120} INFO - [2023-03-12T02:20:06.717+0000] {dag.py:3340} INFO - Setting next_dagrun for example_branch_operator to 2023-03-11T00:00:00+00:00, run_after=2023-03-12T00:00:00+00:00
[2023-03-12T02:20:06.742+0000] {processor.py:176} INFO - Processing /home/airflow/.local/lib/python3.7/site-packages/airflow/example_dags/example_branch_operator.py took 0.102 seconds
[2023-03-12T03:43:52.246+0000] {processor.py:154} INFO - Started process (PID=36569) to work on /home/airflow/.local/lib/python3.7/site-packages/airflow/example_dags/example_branch_operator.py
[2023-03-12T03:43:52.248+0000] {processor.py:756} INFO - Processing file /home/airflow/.local/lib/python3.7/site-packages/airflow/example_dags/example_branch_operator.py for tasks to queue
[2023-03-12T03:43:52.249+0000] {logging_mixin.py:120} INFO - [2023-03-12T03:43:52.249+0000] {dagbag.py:537} INFO - Filling up the DagBag from /home/airflow/.local/lib/python3.7/site-packages/airflow/example_dags/example_branch_operator.py
[2023-03-12T03:43:52.294+0000] {processor.py:766} INFO - DAG(s) dict_keys(['example_branch_operator']) retrieved from /home/airflow/.local/lib/python3.7/site-packages/airflow/example_dags/example_branch_operator.py
[2023-03-12T03:43:52.355+0000] {logging_mixin.py:120} INFO - [2023-03-12T03:43:52.355+0000] {dag.py:2585} INFO - Sync 1 DAGs
[2023-03-12T03:43:52.381+0000] {logging_mixin.py:120} INFO - [2023-03-12T03:43:52.381+0000] {dag.py:3340} INFO - Setting next_dagrun for example_branch_operator to 2023-03-11T00:00:00+00:00, run_after=2023-03-12T00:00:00+00:00
[2023-03-12T03:43:52.403+0000] {processor.py:176} INFO - Processing /home/airflow/.local/lib/python3.7/site-packages/airflow/example_dags/example_branch_operator.py took 0.159 seconds
[2023-03-12T04:47:37.250+0000] {processor.py:154} INFO - Started process (PID=36632) to work on /home/airflow/.local/lib/python3.7/site-packages/airflow/example_dags/example_branch_operator.py
[2023-03-12T04:47:37.253+0000] {processor.py:756} INFO - Processing file /home/airflow/.local/lib/python3.7/site-packages/airflow/example_dags/example_branch_operator.py for tasks to queue
[2023-03-12T04:47:37.254+0000] {logging_mixin.py:120} INFO - [2023-03-12T04:47:37.254+0000] {dagbag.py:537} INFO - Filling up the DagBag from /home/airflow/.local/lib/python3.7/site-packages/airflow/example_dags/example_branch_operator.py
[2023-03-12T04:47:37.273+0000] {processor.py:766} INFO - DAG(s) dict_keys(['example_branch_operator']) retrieved from /home/airflow/.local/lib/python3.7/site-packages/airflow/example_dags/example_branch_operator.py
[2023-03-12T04:47:37.326+0000] {logging_mixin.py:120} INFO - [2023-03-12T04:47:37.326+0000] {dag.py:2585} INFO - Sync 1 DAGs
[2023-03-12T04:47:37.348+0000] {logging_mixin.py:120} INFO - [2023-03-12T04:47:37.348+0000] {dag.py:3340} INFO - Setting next_dagrun for example_branch_operator to 2023-03-11T00:00:00+00:00, run_after=2023-03-12T00:00:00+00:00
[2023-03-12T04:47:37.369+0000] {processor.py:176} INFO - Processing /home/airflow/.local/lib/python3.7/site-packages/airflow/example_dags/example_branch_operator.py took 0.121 seconds
[2023-03-12T05:46:51.365+0000] {processor.py:154} INFO - Started process (PID=36695) to work on /home/airflow/.local/lib/python3.7/site-packages/airflow/example_dags/example_branch_operator.py
[2023-03-12T05:46:51.369+0000] {processor.py:756} INFO - Processing file /home/airflow/.local/lib/python3.7/site-packages/airflow/example_dags/example_branch_operator.py for tasks to queue
[2023-03-12T05:46:51.372+0000] {logging_mixin.py:120} INFO - [2023-03-12T05:46:51.371+0000] {dagbag.py:537} INFO - Filling up the DagBag from /home/airflow/.local/lib/python3.7/site-packages/airflow/example_dags/example_branch_operator.py
[2023-03-12T05:46:51.405+0000] {processor.py:766} INFO - DAG(s) dict_keys(['example_branch_operator']) retrieved from /home/airflow/.local/lib/python3.7/site-packages/airflow/example_dags/example_branch_operator.py
[2023-03-12T05:46:51.467+0000] {logging_mixin.py:120} INFO - [2023-03-12T05:46:51.467+0000] {dag.py:2585} INFO - Sync 1 DAGs
[2023-03-12T05:46:51.494+0000] {logging_mixin.py:120} INFO - [2023-03-12T05:46:51.494+0000] {dag.py:3340} INFO - Setting next_dagrun for example_branch_operator to 2023-03-11T00:00:00+00:00, run_after=2023-03-12T00:00:00+00:00
[2023-03-12T05:46:51.528+0000] {processor.py:176} INFO - Processing /home/airflow/.local/lib/python3.7/site-packages/airflow/example_dags/example_branch_operator.py took 0.165 seconds
[2023-03-12T06:51:39.161+0000] {processor.py:154} INFO - Started process (PID=36749) to work on /home/airflow/.local/lib/python3.7/site-packages/airflow/example_dags/example_branch_operator.py
[2023-03-12T06:51:39.164+0000] {processor.py:756} INFO - Processing file /home/airflow/.local/lib/python3.7/site-packages/airflow/example_dags/example_branch_operator.py for tasks to queue
[2023-03-12T06:51:39.165+0000] {logging_mixin.py:120} INFO - [2023-03-12T06:51:39.165+0000] {dagbag.py:537} INFO - Filling up the DagBag from /home/airflow/.local/lib/python3.7/site-packages/airflow/example_dags/example_branch_operator.py
[2023-03-12T06:51:39.187+0000] {processor.py:766} INFO - DAG(s) dict_keys(['example_branch_operator']) retrieved from /home/airflow/.local/lib/python3.7/site-packages/airflow/example_dags/example_branch_operator.py
[2023-03-12T06:51:39.224+0000] {logging_mixin.py:120} INFO - [2023-03-12T06:51:39.224+0000] {dag.py:2585} INFO - Sync 1 DAGs
[2023-03-12T06:51:39.244+0000] {logging_mixin.py:120} INFO - [2023-03-12T06:51:39.244+0000] {dag.py:3340} INFO - Setting next_dagrun for example_branch_operator to 2023-03-11T00:00:00+00:00, run_after=2023-03-12T00:00:00+00:00
[2023-03-12T06:51:39.259+0000] {processor.py:176} INFO - Processing /home/airflow/.local/lib/python3.7/site-packages/airflow/example_dags/example_branch_operator.py took 0.102 seconds
[2023-03-12T07:59:56.936+0000] {processor.py:154} INFO - Started process (PID=36813) to work on /home/airflow/.local/lib/python3.7/site-packages/airflow/example_dags/example_branch_operator.py
[2023-03-12T07:59:56.940+0000] {processor.py:756} INFO - Processing file /home/airflow/.local/lib/python3.7/site-packages/airflow/example_dags/example_branch_operator.py for tasks to queue
[2023-03-12T07:59:56.941+0000] {logging_mixin.py:120} INFO - [2023-03-12T07:59:56.941+0000] {dagbag.py:537} INFO - Filling up the DagBag from /home/airflow/.local/lib/python3.7/site-packages/airflow/example_dags/example_branch_operator.py
[2023-03-12T07:59:56.964+0000] {processor.py:766} INFO - DAG(s) dict_keys(['example_branch_operator']) retrieved from /home/airflow/.local/lib/python3.7/site-packages/airflow/example_dags/example_branch_operator.py
[2023-03-12T07:59:57.000+0000] {logging_mixin.py:120} INFO - [2023-03-12T07:59:57.000+0000] {dag.py:2585} INFO - Sync 1 DAGs
[2023-03-12T07:59:57.019+0000] {logging_mixin.py:120} INFO - [2023-03-12T07:59:57.019+0000] {dag.py:3340} INFO - Setting next_dagrun for example_branch_operator to 2023-03-11T00:00:00+00:00, run_after=2023-03-12T00:00:00+00:00
[2023-03-12T07:59:57.040+0000] {processor.py:176} INFO - Processing /home/airflow/.local/lib/python3.7/site-packages/airflow/example_dags/example_branch_operator.py took 0.107 seconds
[2023-03-12T09:20:36.792+0000] {processor.py:154} INFO - Started process (PID=36876) to work on /home/airflow/.local/lib/python3.7/site-packages/airflow/example_dags/example_branch_operator.py
[2023-03-12T09:20:36.797+0000] {processor.py:756} INFO - Processing file /home/airflow/.local/lib/python3.7/site-packages/airflow/example_dags/example_branch_operator.py for tasks to queue
[2023-03-12T09:20:36.798+0000] {logging_mixin.py:120} INFO - [2023-03-12T09:20:36.798+0000] {dagbag.py:537} INFO - Filling up the DagBag from /home/airflow/.local/lib/python3.7/site-packages/airflow/example_dags/example_branch_operator.py
[2023-03-12T09:20:36.828+0000] {processor.py:766} INFO - DAG(s) dict_keys(['example_branch_operator']) retrieved from /home/airflow/.local/lib/python3.7/site-packages/airflow/example_dags/example_branch_operator.py
[2023-03-12T09:20:36.928+0000] {logging_mixin.py:120} INFO - [2023-03-12T09:20:36.928+0000] {dag.py:2585} INFO - Sync 1 DAGs
[2023-03-12T09:20:36.945+0000] {logging_mixin.py:120} INFO - [2023-03-12T09:20:36.945+0000] {dag.py:3340} INFO - Setting next_dagrun for example_branch_operator to 2023-03-11T00:00:00+00:00, run_after=2023-03-12T00:00:00+00:00
[2023-03-12T09:20:36.972+0000] {processor.py:176} INFO - Processing /home/airflow/.local/lib/python3.7/site-packages/airflow/example_dags/example_branch_operator.py took 0.184 seconds
[2023-03-12T10:26:31.060+0000] {processor.py:154} INFO - Started process (PID=36939) to work on /home/airflow/.local/lib/python3.7/site-packages/airflow/example_dags/example_branch_operator.py
[2023-03-12T10:26:31.062+0000] {processor.py:756} INFO - Processing file /home/airflow/.local/lib/python3.7/site-packages/airflow/example_dags/example_branch_operator.py for tasks to queue
[2023-03-12T10:26:31.063+0000] {logging_mixin.py:120} INFO - [2023-03-12T10:26:31.062+0000] {dagbag.py:537} INFO - Filling up the DagBag from /home/airflow/.local/lib/python3.7/site-packages/airflow/example_dags/example_branch_operator.py
[2023-03-12T10:26:31.091+0000] {processor.py:766} INFO - DAG(s) dict_keys(['example_branch_operator']) retrieved from /home/airflow/.local/lib/python3.7/site-packages/airflow/example_dags/example_branch_operator.py
[2023-03-12T10:26:31.159+0000] {logging_mixin.py:120} INFO - [2023-03-12T10:26:31.159+0000] {dag.py:2585} INFO - Sync 1 DAGs
[2023-03-12T10:26:31.192+0000] {logging_mixin.py:120} INFO - [2023-03-12T10:26:31.192+0000] {dag.py:3340} INFO - Setting next_dagrun for example_branch_operator to 2023-03-11T00:00:00+00:00, run_after=2023-03-12T00:00:00+00:00
[2023-03-12T10:26:31.218+0000] {processor.py:176} INFO - Processing /home/airflow/.local/lib/python3.7/site-packages/airflow/example_dags/example_branch_operator.py took 0.172 seconds
[2023-03-12T11:32:25.891+0000] {processor.py:154} INFO - Started process (PID=36993) to work on /home/airflow/.local/lib/python3.7/site-packages/airflow/example_dags/example_branch_operator.py
[2023-03-12T11:32:25.896+0000] {processor.py:756} INFO - Processing file /home/airflow/.local/lib/python3.7/site-packages/airflow/example_dags/example_branch_operator.py for tasks to queue
[2023-03-12T11:32:25.897+0000] {logging_mixin.py:120} INFO - [2023-03-12T11:32:25.897+0000] {dagbag.py:537} INFO - Filling up the DagBag from /home/airflow/.local/lib/python3.7/site-packages/airflow/example_dags/example_branch_operator.py
[2023-03-12T11:32:25.915+0000] {processor.py:766} INFO - DAG(s) dict_keys(['example_branch_operator']) retrieved from /home/airflow/.local/lib/python3.7/site-packages/airflow/example_dags/example_branch_operator.py
[2023-03-12T11:32:25.989+0000] {logging_mixin.py:120} INFO - [2023-03-12T11:32:25.989+0000] {dag.py:2585} INFO - Sync 1 DAGs
[2023-03-12T11:32:26.011+0000] {logging_mixin.py:120} INFO - [2023-03-12T11:32:26.011+0000] {dag.py:3340} INFO - Setting next_dagrun for example_branch_operator to 2023-03-11T00:00:00+00:00, run_after=2023-03-12T00:00:00+00:00
[2023-03-12T11:32:26.031+0000] {processor.py:176} INFO - Processing /home/airflow/.local/lib/python3.7/site-packages/airflow/example_dags/example_branch_operator.py took 0.143 seconds
[2023-03-12T12:40:39.293+0000] {processor.py:154} INFO - Started process (PID=37056) to work on /home/airflow/.local/lib/python3.7/site-packages/airflow/example_dags/example_branch_operator.py
[2023-03-12T12:40:39.294+0000] {processor.py:756} INFO - Processing file /home/airflow/.local/lib/python3.7/site-packages/airflow/example_dags/example_branch_operator.py for tasks to queue
[2023-03-12T12:40:39.295+0000] {logging_mixin.py:120} INFO - [2023-03-12T12:40:39.295+0000] {dagbag.py:537} INFO - Filling up the DagBag from /home/airflow/.local/lib/python3.7/site-packages/airflow/example_dags/example_branch_operator.py
[2023-03-12T12:40:39.328+0000] {processor.py:766} INFO - DAG(s) dict_keys(['example_branch_operator']) retrieved from /home/airflow/.local/lib/python3.7/site-packages/airflow/example_dags/example_branch_operator.py
[2023-03-12T12:40:39.362+0000] {logging_mixin.py:120} INFO - [2023-03-12T12:40:39.362+0000] {dag.py:2585} INFO - Sync 1 DAGs
[2023-03-12T12:40:39.380+0000] {logging_mixin.py:120} INFO - [2023-03-12T12:40:39.379+0000] {dag.py:3340} INFO - Setting next_dagrun for example_branch_operator to 2023-03-11T00:00:00+00:00, run_after=2023-03-12T00:00:00+00:00
[2023-03-12T12:40:39.396+0000] {processor.py:176} INFO - Processing /home/airflow/.local/lib/python3.7/site-packages/airflow/example_dags/example_branch_operator.py took 0.110 seconds
[2023-03-12T13:59:47.248+0000] {processor.py:154} INFO - Started process (PID=37119) to work on /home/airflow/.local/lib/python3.7/site-packages/airflow/example_dags/example_branch_operator.py
[2023-03-12T13:59:47.254+0000] {processor.py:756} INFO - Processing file /home/airflow/.local/lib/python3.7/site-packages/airflow/example_dags/example_branch_operator.py for tasks to queue
[2023-03-12T13:59:47.256+0000] {logging_mixin.py:120} INFO - [2023-03-12T13:59:47.256+0000] {dagbag.py:537} INFO - Filling up the DagBag from /home/airflow/.local/lib/python3.7/site-packages/airflow/example_dags/example_branch_operator.py
[2023-03-12T13:59:47.291+0000] {processor.py:766} INFO - DAG(s) dict_keys(['example_branch_operator']) retrieved from /home/airflow/.local/lib/python3.7/site-packages/airflow/example_dags/example_branch_operator.py
[2023-03-12T13:59:47.345+0000] {logging_mixin.py:120} INFO - [2023-03-12T13:59:47.345+0000] {dag.py:2585} INFO - Sync 1 DAGs
[2023-03-12T13:59:47.366+0000] {logging_mixin.py:120} INFO - [2023-03-12T13:59:47.366+0000] {dag.py:3340} INFO - Setting next_dagrun for example_branch_operator to 2023-03-11T00:00:00+00:00, run_after=2023-03-12T00:00:00+00:00
[2023-03-12T13:59:47.381+0000] {processor.py:176} INFO - Processing /home/airflow/.local/lib/python3.7/site-packages/airflow/example_dags/example_branch_operator.py took 0.142 seconds
[2023-03-12T15:06:05.142+0000] {processor.py:154} INFO - Started process (PID=37182) to work on /home/airflow/.local/lib/python3.7/site-packages/airflow/example_dags/example_branch_operator.py
[2023-03-12T15:06:05.144+0000] {processor.py:756} INFO - Processing file /home/airflow/.local/lib/python3.7/site-packages/airflow/example_dags/example_branch_operator.py for tasks to queue
[2023-03-12T15:06:05.144+0000] {logging_mixin.py:120} INFO - [2023-03-12T15:06:05.144+0000] {dagbag.py:537} INFO - Filling up the DagBag from /home/airflow/.local/lib/python3.7/site-packages/airflow/example_dags/example_branch_operator.py
[2023-03-12T15:06:05.168+0000] {processor.py:766} INFO - DAG(s) dict_keys(['example_branch_operator']) retrieved from /home/airflow/.local/lib/python3.7/site-packages/airflow/example_dags/example_branch_operator.py
[2023-03-12T15:06:05.223+0000] {logging_mixin.py:120} INFO - [2023-03-12T15:06:05.223+0000] {dag.py:2585} INFO - Sync 1 DAGs
[2023-03-12T15:06:05.246+0000] {logging_mixin.py:120} INFO - [2023-03-12T15:06:05.246+0000] {dag.py:3340} INFO - Setting next_dagrun for example_branch_operator to 2023-03-11T00:00:00+00:00, run_after=2023-03-12T00:00:00+00:00
[2023-03-12T15:06:05.266+0000] {processor.py:176} INFO - Processing /home/airflow/.local/lib/python3.7/site-packages/airflow/example_dags/example_branch_operator.py took 0.127 seconds
[2023-03-12T16:10:44.216+0000] {processor.py:154} INFO - Started process (PID=37246) to work on /home/airflow/.local/lib/python3.7/site-packages/airflow/example_dags/example_branch_operator.py
[2023-03-12T16:10:44.217+0000] {processor.py:756} INFO - Processing file /home/airflow/.local/lib/python3.7/site-packages/airflow/example_dags/example_branch_operator.py for tasks to queue
[2023-03-12T16:10:44.218+0000] {logging_mixin.py:120} INFO - [2023-03-12T16:10:44.218+0000] {dagbag.py:537} INFO - Filling up the DagBag from /home/airflow/.local/lib/python3.7/site-packages/airflow/example_dags/example_branch_operator.py
[2023-03-12T16:10:44.260+0000] {processor.py:766} INFO - DAG(s) dict_keys(['example_branch_operator']) retrieved from /home/airflow/.local/lib/python3.7/site-packages/airflow/example_dags/example_branch_operator.py
[2023-03-12T16:10:44.321+0000] {logging_mixin.py:120} INFO - [2023-03-12T16:10:44.321+0000] {dag.py:2585} INFO - Sync 1 DAGs
[2023-03-12T16:10:44.342+0000] {logging_mixin.py:120} INFO - [2023-03-12T16:10:44.342+0000] {dag.py:3340} INFO - Setting next_dagrun for example_branch_operator to 2023-03-11T00:00:00+00:00, run_after=2023-03-12T00:00:00+00:00
[2023-03-12T16:10:44.360+0000] {processor.py:176} INFO - Processing /home/airflow/.local/lib/python3.7/site-packages/airflow/example_dags/example_branch_operator.py took 0.152 seconds
[2023-03-12T17:18:10.998+0000] {processor.py:154} INFO - Started process (PID=37300) to work on /home/airflow/.local/lib/python3.7/site-packages/airflow/example_dags/example_branch_operator.py
[2023-03-12T17:18:10.999+0000] {processor.py:756} INFO - Processing file /home/airflow/.local/lib/python3.7/site-packages/airflow/example_dags/example_branch_operator.py for tasks to queue
[2023-03-12T17:18:11.000+0000] {logging_mixin.py:120} INFO - [2023-03-12T17:18:11.000+0000] {dagbag.py:537} INFO - Filling up the DagBag from /home/airflow/.local/lib/python3.7/site-packages/airflow/example_dags/example_branch_operator.py
[2023-03-12T17:18:11.025+0000] {processor.py:766} INFO - DAG(s) dict_keys(['example_branch_operator']) retrieved from /home/airflow/.local/lib/python3.7/site-packages/airflow/example_dags/example_branch_operator.py
[2023-03-12T17:18:11.074+0000] {logging_mixin.py:120} INFO - [2023-03-12T17:18:11.074+0000] {dag.py:2585} INFO - Sync 1 DAGs
[2023-03-12T17:18:11.091+0000] {logging_mixin.py:120} INFO - [2023-03-12T17:18:11.091+0000] {dag.py:3340} INFO - Setting next_dagrun for example_branch_operator to 2023-03-11T00:00:00+00:00, run_after=2023-03-12T00:00:00+00:00
[2023-03-12T17:18:11.109+0000] {processor.py:176} INFO - Processing /home/airflow/.local/lib/python3.7/site-packages/airflow/example_dags/example_branch_operator.py took 0.114 seconds
[2023-03-12T18:23:02.994+0000] {processor.py:154} INFO - Started process (PID=37363) to work on /home/airflow/.local/lib/python3.7/site-packages/airflow/example_dags/example_branch_operator.py
[2023-03-12T18:23:02.995+0000] {processor.py:756} INFO - Processing file /home/airflow/.local/lib/python3.7/site-packages/airflow/example_dags/example_branch_operator.py for tasks to queue
[2023-03-12T18:23:02.996+0000] {logging_mixin.py:120} INFO - [2023-03-12T18:23:02.996+0000] {dagbag.py:537} INFO - Filling up the DagBag from /home/airflow/.local/lib/python3.7/site-packages/airflow/example_dags/example_branch_operator.py
[2023-03-12T18:23:03.018+0000] {processor.py:766} INFO - DAG(s) dict_keys(['example_branch_operator']) retrieved from /home/airflow/.local/lib/python3.7/site-packages/airflow/example_dags/example_branch_operator.py
[2023-03-12T18:23:03.057+0000] {logging_mixin.py:120} INFO - [2023-03-12T18:23:03.057+0000] {dag.py:2585} INFO - Sync 1 DAGs
[2023-03-12T18:23:03.086+0000] {logging_mixin.py:120} INFO - [2023-03-12T18:23:03.085+0000] {dag.py:3340} INFO - Setting next_dagrun for example_branch_operator to 2023-03-11T00:00:00+00:00, run_after=2023-03-12T00:00:00+00:00
[2023-03-12T18:23:03.106+0000] {processor.py:176} INFO - Processing /home/airflow/.local/lib/python3.7/site-packages/airflow/example_dags/example_branch_operator.py took 0.115 seconds
[2023-03-12T19:03:56.359+0000] {processor.py:154} INFO - Started process (PID=37426) to work on /home/airflow/.local/lib/python3.7/site-packages/airflow/example_dags/example_branch_operator.py
[2023-03-12T19:03:56.361+0000] {processor.py:756} INFO - Processing file /home/airflow/.local/lib/python3.7/site-packages/airflow/example_dags/example_branch_operator.py for tasks to queue
[2023-03-12T19:03:56.363+0000] {logging_mixin.py:120} INFO - [2023-03-12T19:03:56.362+0000] {dagbag.py:537} INFO - Filling up the DagBag from /home/airflow/.local/lib/python3.7/site-packages/airflow/example_dags/example_branch_operator.py
[2023-03-12T19:03:56.385+0000] {processor.py:766} INFO - DAG(s) dict_keys(['example_branch_operator']) retrieved from /home/airflow/.local/lib/python3.7/site-packages/airflow/example_dags/example_branch_operator.py
[2023-03-12T19:03:56.444+0000] {logging_mixin.py:120} INFO - [2023-03-12T19:03:56.444+0000] {dag.py:2585} INFO - Sync 1 DAGs
[2023-03-12T19:03:56.468+0000] {logging_mixin.py:120} INFO - [2023-03-12T19:03:56.468+0000] {dag.py:3340} INFO - Setting next_dagrun for example_branch_operator to 2023-03-11T00:00:00+00:00, run_after=2023-03-12T00:00:00+00:00
[2023-03-12T19:03:56.484+0000] {processor.py:176} INFO - Processing /home/airflow/.local/lib/python3.7/site-packages/airflow/example_dags/example_branch_operator.py took 0.128 seconds
[2023-03-12T20:24:25.749+0000] {processor.py:154} INFO - Started process (PID=37488) to work on /home/airflow/.local/lib/python3.7/site-packages/airflow/example_dags/example_branch_operator.py
[2023-03-12T20:24:25.750+0000] {processor.py:756} INFO - Processing file /home/airflow/.local/lib/python3.7/site-packages/airflow/example_dags/example_branch_operator.py for tasks to queue
[2023-03-12T20:24:25.751+0000] {logging_mixin.py:120} INFO - [2023-03-12T20:24:25.751+0000] {dagbag.py:537} INFO - Filling up the DagBag from /home/airflow/.local/lib/python3.7/site-packages/airflow/example_dags/example_branch_operator.py
[2023-03-12T20:24:25.765+0000] {processor.py:766} INFO - DAG(s) dict_keys(['example_branch_operator']) retrieved from /home/airflow/.local/lib/python3.7/site-packages/airflow/example_dags/example_branch_operator.py
[2023-03-12T20:24:25.816+0000] {logging_mixin.py:120} INFO - [2023-03-12T20:24:25.816+0000] {dag.py:2585} INFO - Sync 1 DAGs
[2023-03-12T20:24:25.847+0000] {logging_mixin.py:120} INFO - [2023-03-12T20:24:25.847+0000] {dag.py:3340} INFO - Setting next_dagrun for example_branch_operator to 2023-03-11T00:00:00+00:00, run_after=2023-03-12T00:00:00+00:00
[2023-03-12T20:24:25.869+0000] {processor.py:176} INFO - Processing /home/airflow/.local/lib/python3.7/site-packages/airflow/example_dags/example_branch_operator.py took 0.122 seconds
[2023-03-12T21:28:16.836+0000] {processor.py:154} INFO - Started process (PID=37542) to work on /home/airflow/.local/lib/python3.7/site-packages/airflow/example_dags/example_branch_operator.py
[2023-03-12T21:28:16.837+0000] {processor.py:756} INFO - Processing file /home/airflow/.local/lib/python3.7/site-packages/airflow/example_dags/example_branch_operator.py for tasks to queue
[2023-03-12T21:28:16.838+0000] {logging_mixin.py:120} INFO - [2023-03-12T21:28:16.838+0000] {dagbag.py:537} INFO - Filling up the DagBag from /home/airflow/.local/lib/python3.7/site-packages/airflow/example_dags/example_branch_operator.py
[2023-03-12T21:28:16.851+0000] {processor.py:766} INFO - DAG(s) dict_keys(['example_branch_operator']) retrieved from /home/airflow/.local/lib/python3.7/site-packages/airflow/example_dags/example_branch_operator.py
[2023-03-12T21:28:16.908+0000] {logging_mixin.py:120} INFO - [2023-03-12T21:28:16.908+0000] {dag.py:2585} INFO - Sync 1 DAGs
[2023-03-12T21:28:16.934+0000] {logging_mixin.py:120} INFO - [2023-03-12T21:28:16.934+0000] {dag.py:3340} INFO - Setting next_dagrun for example_branch_operator to 2023-03-11T00:00:00+00:00, run_after=2023-03-12T00:00:00+00:00
[2023-03-12T21:28:16.953+0000] {processor.py:176} INFO - Processing /home/airflow/.local/lib/python3.7/site-packages/airflow/example_dags/example_branch_operator.py took 0.120 seconds
[2023-03-12T22:30:17.414+0000] {processor.py:154} INFO - Started process (PID=37606) to work on /home/airflow/.local/lib/python3.7/site-packages/airflow/example_dags/example_branch_operator.py
[2023-03-12T22:30:17.416+0000] {processor.py:756} INFO - Processing file /home/airflow/.local/lib/python3.7/site-packages/airflow/example_dags/example_branch_operator.py for tasks to queue
[2023-03-12T22:30:17.418+0000] {logging_mixin.py:120} INFO - [2023-03-12T22:30:17.418+0000] {dagbag.py:537} INFO - Filling up the DagBag from /home/airflow/.local/lib/python3.7/site-packages/airflow/example_dags/example_branch_operator.py
[2023-03-12T22:30:17.438+0000] {processor.py:766} INFO - DAG(s) dict_keys(['example_branch_operator']) retrieved from /home/airflow/.local/lib/python3.7/site-packages/airflow/example_dags/example_branch_operator.py
[2023-03-12T22:30:17.488+0000] {logging_mixin.py:120} INFO - [2023-03-12T22:30:17.488+0000] {dag.py:2585} INFO - Sync 1 DAGs
[2023-03-12T22:30:17.509+0000] {logging_mixin.py:120} INFO - [2023-03-12T22:30:17.509+0000] {dag.py:3340} INFO - Setting next_dagrun for example_branch_operator to 2023-03-11T00:00:00+00:00, run_after=2023-03-12T00:00:00+00:00
[2023-03-12T22:30:17.524+0000] {processor.py:176} INFO - Processing /home/airflow/.local/lib/python3.7/site-packages/airflow/example_dags/example_branch_operator.py took 0.113 seconds
[2023-03-12T23:33:21.954+0000] {processor.py:154} INFO - Started process (PID=37669) to work on /home/airflow/.local/lib/python3.7/site-packages/airflow/example_dags/example_branch_operator.py
[2023-03-12T23:33:21.956+0000] {processor.py:756} INFO - Processing file /home/airflow/.local/lib/python3.7/site-packages/airflow/example_dags/example_branch_operator.py for tasks to queue
[2023-03-12T23:33:21.957+0000] {logging_mixin.py:120} INFO - [2023-03-12T23:33:21.957+0000] {dagbag.py:537} INFO - Filling up the DagBag from /home/airflow/.local/lib/python3.7/site-packages/airflow/example_dags/example_branch_operator.py
[2023-03-12T23:33:21.978+0000] {processor.py:766} INFO - DAG(s) dict_keys(['example_branch_operator']) retrieved from /home/airflow/.local/lib/python3.7/site-packages/airflow/example_dags/example_branch_operator.py
[2023-03-12T23:33:22.021+0000] {logging_mixin.py:120} INFO - [2023-03-12T23:33:22.021+0000] {dag.py:2585} INFO - Sync 1 DAGs
[2023-03-12T23:33:22.050+0000] {logging_mixin.py:120} INFO - [2023-03-12T23:33:22.050+0000] {dag.py:3340} INFO - Setting next_dagrun for example_branch_operator to 2023-03-11T00:00:00+00:00, run_after=2023-03-12T00:00:00+00:00
[2023-03-12T23:33:22.077+0000] {processor.py:176} INFO - Processing /home/airflow/.local/lib/python3.7/site-packages/airflow/example_dags/example_branch_operator.py took 0.125 seconds
