[2023-03-12T00:05:12.531+0000] {processor.py:154} INFO - Started process (PID=36405) to work on /home/airflow/.local/lib/python3.7/site-packages/airflow/example_dags/example_local_kubernetes_executor.py
[2023-03-12T00:05:12.532+0000] {processor.py:756} INFO - Processing file /home/airflow/.local/lib/python3.7/site-packages/airflow/example_dags/example_local_kubernetes_executor.py for tasks to queue
[2023-03-12T00:05:12.533+0000] {logging_mixin.py:120} INFO - [2023-03-12T00:05:12.533+0000] {dagbag.py:537} INFO - Filling up the DagBag from /home/airflow/.local/lib/python3.7/site-packages/airflow/example_dags/example_local_kubernetes_executor.py
[2023-03-12T00:05:12.548+0000] {processor.py:766} INFO - DAG(s) dict_keys(['example_local_kubernetes_executor']) retrieved from /home/airflow/.local/lib/python3.7/site-packages/airflow/example_dags/example_local_kubernetes_executor.py
[2023-03-12T00:05:12.577+0000] {logging_mixin.py:120} INFO - [2023-03-12T00:05:12.577+0000] {dag.py:2585} INFO - Sync 1 DAGs
[2023-03-12T00:05:12.591+0000] {logging_mixin.py:120} INFO - [2023-03-12T00:05:12.591+0000] {dag.py:3340} INFO - Setting next_dagrun for example_local_kubernetes_executor to None, run_after=None
[2023-03-12T00:05:12.602+0000] {processor.py:176} INFO - Processing /home/airflow/.local/lib/python3.7/site-packages/airflow/example_dags/example_local_kubernetes_executor.py took 0.074 seconds
[2023-03-12T01:11:10.066+0000] {processor.py:154} INFO - Started process (PID=36459) to work on /home/airflow/.local/lib/python3.7/site-packages/airflow/example_dags/example_local_kubernetes_executor.py
[2023-03-12T01:11:10.067+0000] {processor.py:756} INFO - Processing file /home/airflow/.local/lib/python3.7/site-packages/airflow/example_dags/example_local_kubernetes_executor.py for tasks to queue
[2023-03-12T01:11:10.068+0000] {logging_mixin.py:120} INFO - [2023-03-12T01:11:10.068+0000] {dagbag.py:537} INFO - Filling up the DagBag from /home/airflow/.local/lib/python3.7/site-packages/airflow/example_dags/example_local_kubernetes_executor.py
[2023-03-12T01:11:10.083+0000] {processor.py:766} INFO - DAG(s) dict_keys(['example_local_kubernetes_executor']) retrieved from /home/airflow/.local/lib/python3.7/site-packages/airflow/example_dags/example_local_kubernetes_executor.py
[2023-03-12T01:11:10.114+0000] {logging_mixin.py:120} INFO - [2023-03-12T01:11:10.114+0000] {dag.py:2585} INFO - Sync 1 DAGs
[2023-03-12T01:11:10.130+0000] {logging_mixin.py:120} INFO - [2023-03-12T01:11:10.130+0000] {dag.py:3340} INFO - Setting next_dagrun for example_local_kubernetes_executor to None, run_after=None
[2023-03-12T01:11:10.146+0000] {processor.py:176} INFO - Processing /home/airflow/.local/lib/python3.7/site-packages/airflow/example_dags/example_local_kubernetes_executor.py took 0.083 seconds
[2023-03-12T02:20:07.873+0000] {processor.py:154} INFO - Started process (PID=36523) to work on /home/airflow/.local/lib/python3.7/site-packages/airflow/example_dags/example_local_kubernetes_executor.py
[2023-03-12T02:20:07.875+0000] {processor.py:756} INFO - Processing file /home/airflow/.local/lib/python3.7/site-packages/airflow/example_dags/example_local_kubernetes_executor.py for tasks to queue
[2023-03-12T02:20:07.876+0000] {logging_mixin.py:120} INFO - [2023-03-12T02:20:07.876+0000] {dagbag.py:537} INFO - Filling up the DagBag from /home/airflow/.local/lib/python3.7/site-packages/airflow/example_dags/example_local_kubernetes_executor.py
[2023-03-12T02:20:07.894+0000] {processor.py:766} INFO - DAG(s) dict_keys(['example_local_kubernetes_executor']) retrieved from /home/airflow/.local/lib/python3.7/site-packages/airflow/example_dags/example_local_kubernetes_executor.py
[2023-03-12T02:20:07.942+0000] {logging_mixin.py:120} INFO - [2023-03-12T02:20:07.942+0000] {dag.py:2585} INFO - Sync 1 DAGs
[2023-03-12T02:20:07.957+0000] {logging_mixin.py:120} INFO - [2023-03-12T02:20:07.957+0000] {dag.py:3340} INFO - Setting next_dagrun for example_local_kubernetes_executor to None, run_after=None
[2023-03-12T02:20:07.969+0000] {processor.py:176} INFO - Processing /home/airflow/.local/lib/python3.7/site-packages/airflow/example_dags/example_local_kubernetes_executor.py took 0.099 seconds
[2023-03-12T03:43:53.735+0000] {processor.py:154} INFO - Started process (PID=36586) to work on /home/airflow/.local/lib/python3.7/site-packages/airflow/example_dags/example_local_kubernetes_executor.py
[2023-03-12T03:43:53.736+0000] {processor.py:756} INFO - Processing file /home/airflow/.local/lib/python3.7/site-packages/airflow/example_dags/example_local_kubernetes_executor.py for tasks to queue
[2023-03-12T03:43:53.737+0000] {logging_mixin.py:120} INFO - [2023-03-12T03:43:53.737+0000] {dagbag.py:537} INFO - Filling up the DagBag from /home/airflow/.local/lib/python3.7/site-packages/airflow/example_dags/example_local_kubernetes_executor.py
[2023-03-12T03:43:53.757+0000] {processor.py:766} INFO - DAG(s) dict_keys(['example_local_kubernetes_executor']) retrieved from /home/airflow/.local/lib/python3.7/site-packages/airflow/example_dags/example_local_kubernetes_executor.py
[2023-03-12T03:43:53.791+0000] {logging_mixin.py:120} INFO - [2023-03-12T03:43:53.791+0000] {dag.py:2585} INFO - Sync 1 DAGs
[2023-03-12T03:43:53.806+0000] {logging_mixin.py:120} INFO - [2023-03-12T03:43:53.806+0000] {dag.py:3340} INFO - Setting next_dagrun for example_local_kubernetes_executor to None, run_after=None
[2023-03-12T03:43:53.824+0000] {processor.py:176} INFO - Processing /home/airflow/.local/lib/python3.7/site-packages/airflow/example_dags/example_local_kubernetes_executor.py took 0.092 seconds
[2023-03-12T04:47:38.793+0000] {processor.py:154} INFO - Started process (PID=36649) to work on /home/airflow/.local/lib/python3.7/site-packages/airflow/example_dags/example_local_kubernetes_executor.py
[2023-03-12T04:47:38.795+0000] {processor.py:756} INFO - Processing file /home/airflow/.local/lib/python3.7/site-packages/airflow/example_dags/example_local_kubernetes_executor.py for tasks to queue
[2023-03-12T04:47:38.796+0000] {logging_mixin.py:120} INFO - [2023-03-12T04:47:38.796+0000] {dagbag.py:537} INFO - Filling up the DagBag from /home/airflow/.local/lib/python3.7/site-packages/airflow/example_dags/example_local_kubernetes_executor.py
[2023-03-12T04:47:38.822+0000] {processor.py:766} INFO - DAG(s) dict_keys(['example_local_kubernetes_executor']) retrieved from /home/airflow/.local/lib/python3.7/site-packages/airflow/example_dags/example_local_kubernetes_executor.py
[2023-03-12T04:47:38.871+0000] {logging_mixin.py:120} INFO - [2023-03-12T04:47:38.871+0000] {dag.py:2585} INFO - Sync 1 DAGs
[2023-03-12T04:47:38.890+0000] {logging_mixin.py:120} INFO - [2023-03-12T04:47:38.890+0000] {dag.py:3340} INFO - Setting next_dagrun for example_local_kubernetes_executor to None, run_after=None
[2023-03-12T04:47:38.913+0000] {processor.py:176} INFO - Processing /home/airflow/.local/lib/python3.7/site-packages/airflow/example_dags/example_local_kubernetes_executor.py took 0.124 seconds
[2023-03-12T05:46:52.788+0000] {processor.py:154} INFO - Started process (PID=36712) to work on /home/airflow/.local/lib/python3.7/site-packages/airflow/example_dags/example_local_kubernetes_executor.py
[2023-03-12T05:46:52.790+0000] {processor.py:756} INFO - Processing file /home/airflow/.local/lib/python3.7/site-packages/airflow/example_dags/example_local_kubernetes_executor.py for tasks to queue
[2023-03-12T05:46:52.790+0000] {logging_mixin.py:120} INFO - [2023-03-12T05:46:52.790+0000] {dagbag.py:537} INFO - Filling up the DagBag from /home/airflow/.local/lib/python3.7/site-packages/airflow/example_dags/example_local_kubernetes_executor.py
[2023-03-12T05:46:52.811+0000] {processor.py:766} INFO - DAG(s) dict_keys(['example_local_kubernetes_executor']) retrieved from /home/airflow/.local/lib/python3.7/site-packages/airflow/example_dags/example_local_kubernetes_executor.py
[2023-03-12T05:46:52.878+0000] {logging_mixin.py:120} INFO - [2023-03-12T05:46:52.878+0000] {dag.py:2585} INFO - Sync 1 DAGs
[2023-03-12T05:46:52.912+0000] {logging_mixin.py:120} INFO - [2023-03-12T05:46:52.912+0000] {dag.py:3340} INFO - Setting next_dagrun for example_local_kubernetes_executor to None, run_after=None
[2023-03-12T05:46:52.946+0000] {processor.py:176} INFO - Processing /home/airflow/.local/lib/python3.7/site-packages/airflow/example_dags/example_local_kubernetes_executor.py took 0.163 seconds
[2023-03-12T06:51:40.990+0000] {processor.py:154} INFO - Started process (PID=36766) to work on /home/airflow/.local/lib/python3.7/site-packages/airflow/example_dags/example_local_kubernetes_executor.py
[2023-03-12T06:51:40.992+0000] {processor.py:756} INFO - Processing file /home/airflow/.local/lib/python3.7/site-packages/airflow/example_dags/example_local_kubernetes_executor.py for tasks to queue
[2023-03-12T06:51:40.993+0000] {logging_mixin.py:120} INFO - [2023-03-12T06:51:40.993+0000] {dagbag.py:537} INFO - Filling up the DagBag from /home/airflow/.local/lib/python3.7/site-packages/airflow/example_dags/example_local_kubernetes_executor.py
[2023-03-12T06:51:41.020+0000] {processor.py:766} INFO - DAG(s) dict_keys(['example_local_kubernetes_executor']) retrieved from /home/airflow/.local/lib/python3.7/site-packages/airflow/example_dags/example_local_kubernetes_executor.py
[2023-03-12T06:51:41.068+0000] {logging_mixin.py:120} INFO - [2023-03-12T06:51:41.068+0000] {dag.py:2585} INFO - Sync 1 DAGs
[2023-03-12T06:51:41.122+0000] {logging_mixin.py:120} INFO - [2023-03-12T06:51:41.122+0000] {dag.py:3340} INFO - Setting next_dagrun for example_local_kubernetes_executor to None, run_after=None
[2023-03-12T06:51:41.171+0000] {processor.py:176} INFO - Processing /home/airflow/.local/lib/python3.7/site-packages/airflow/example_dags/example_local_kubernetes_executor.py took 0.184 seconds
[2023-03-12T07:59:58.342+0000] {processor.py:154} INFO - Started process (PID=36830) to work on /home/airflow/.local/lib/python3.7/site-packages/airflow/example_dags/example_local_kubernetes_executor.py
[2023-03-12T07:59:58.343+0000] {processor.py:756} INFO - Processing file /home/airflow/.local/lib/python3.7/site-packages/airflow/example_dags/example_local_kubernetes_executor.py for tasks to queue
[2023-03-12T07:59:58.344+0000] {logging_mixin.py:120} INFO - [2023-03-12T07:59:58.344+0000] {dagbag.py:537} INFO - Filling up the DagBag from /home/airflow/.local/lib/python3.7/site-packages/airflow/example_dags/example_local_kubernetes_executor.py
[2023-03-12T07:59:58.364+0000] {processor.py:766} INFO - DAG(s) dict_keys(['example_local_kubernetes_executor']) retrieved from /home/airflow/.local/lib/python3.7/site-packages/airflow/example_dags/example_local_kubernetes_executor.py
[2023-03-12T07:59:58.407+0000] {logging_mixin.py:120} INFO - [2023-03-12T07:59:58.407+0000] {dag.py:2585} INFO - Sync 1 DAGs
[2023-03-12T07:59:58.432+0000] {logging_mixin.py:120} INFO - [2023-03-12T07:59:58.432+0000] {dag.py:3340} INFO - Setting next_dagrun for example_local_kubernetes_executor to None, run_after=None
[2023-03-12T07:59:58.447+0000] {processor.py:176} INFO - Processing /home/airflow/.local/lib/python3.7/site-packages/airflow/example_dags/example_local_kubernetes_executor.py took 0.108 seconds
[2023-03-12T09:20:38.536+0000] {processor.py:154} INFO - Started process (PID=36893) to work on /home/airflow/.local/lib/python3.7/site-packages/airflow/example_dags/example_local_kubernetes_executor.py
[2023-03-12T09:20:38.537+0000] {processor.py:756} INFO - Processing file /home/airflow/.local/lib/python3.7/site-packages/airflow/example_dags/example_local_kubernetes_executor.py for tasks to queue
[2023-03-12T09:20:38.538+0000] {logging_mixin.py:120} INFO - [2023-03-12T09:20:38.538+0000] {dagbag.py:537} INFO - Filling up the DagBag from /home/airflow/.local/lib/python3.7/site-packages/airflow/example_dags/example_local_kubernetes_executor.py
[2023-03-12T09:20:38.557+0000] {processor.py:766} INFO - DAG(s) dict_keys(['example_local_kubernetes_executor']) retrieved from /home/airflow/.local/lib/python3.7/site-packages/airflow/example_dags/example_local_kubernetes_executor.py
[2023-03-12T09:20:38.611+0000] {logging_mixin.py:120} INFO - [2023-03-12T09:20:38.611+0000] {dag.py:2585} INFO - Sync 1 DAGs
[2023-03-12T09:20:38.630+0000] {logging_mixin.py:120} INFO - [2023-03-12T09:20:38.630+0000] {dag.py:3340} INFO - Setting next_dagrun for example_local_kubernetes_executor to None, run_after=None
[2023-03-12T09:20:38.652+0000] {processor.py:176} INFO - Processing /home/airflow/.local/lib/python3.7/site-packages/airflow/example_dags/example_local_kubernetes_executor.py took 0.118 seconds
[2023-03-12T10:26:32.610+0000] {processor.py:154} INFO - Started process (PID=36956) to work on /home/airflow/.local/lib/python3.7/site-packages/airflow/example_dags/example_local_kubernetes_executor.py
[2023-03-12T10:26:32.612+0000] {processor.py:756} INFO - Processing file /home/airflow/.local/lib/python3.7/site-packages/airflow/example_dags/example_local_kubernetes_executor.py for tasks to queue
[2023-03-12T10:26:32.613+0000] {logging_mixin.py:120} INFO - [2023-03-12T10:26:32.613+0000] {dagbag.py:537} INFO - Filling up the DagBag from /home/airflow/.local/lib/python3.7/site-packages/airflow/example_dags/example_local_kubernetes_executor.py
[2023-03-12T10:26:32.630+0000] {processor.py:766} INFO - DAG(s) dict_keys(['example_local_kubernetes_executor']) retrieved from /home/airflow/.local/lib/python3.7/site-packages/airflow/example_dags/example_local_kubernetes_executor.py
[2023-03-12T10:26:32.670+0000] {logging_mixin.py:120} INFO - [2023-03-12T10:26:32.670+0000] {dag.py:2585} INFO - Sync 1 DAGs
[2023-03-12T10:26:32.693+0000] {logging_mixin.py:120} INFO - [2023-03-12T10:26:32.693+0000] {dag.py:3340} INFO - Setting next_dagrun for example_local_kubernetes_executor to None, run_after=None
[2023-03-12T10:26:32.707+0000] {processor.py:176} INFO - Processing /home/airflow/.local/lib/python3.7/site-packages/airflow/example_dags/example_local_kubernetes_executor.py took 0.101 seconds
[2023-03-12T11:32:28.315+0000] {processor.py:154} INFO - Started process (PID=37019) to work on /home/airflow/.local/lib/python3.7/site-packages/airflow/example_dags/example_local_kubernetes_executor.py
[2023-03-12T11:32:28.317+0000] {processor.py:756} INFO - Processing file /home/airflow/.local/lib/python3.7/site-packages/airflow/example_dags/example_local_kubernetes_executor.py for tasks to queue
[2023-03-12T11:32:28.319+0000] {logging_mixin.py:120} INFO - [2023-03-12T11:32:28.319+0000] {dagbag.py:537} INFO - Filling up the DagBag from /home/airflow/.local/lib/python3.7/site-packages/airflow/example_dags/example_local_kubernetes_executor.py
[2023-03-12T11:32:28.379+0000] {processor.py:766} INFO - DAG(s) dict_keys(['example_local_kubernetes_executor']) retrieved from /home/airflow/.local/lib/python3.7/site-packages/airflow/example_dags/example_local_kubernetes_executor.py
[2023-03-12T11:32:28.420+0000] {logging_mixin.py:120} INFO - [2023-03-12T11:32:28.420+0000] {dag.py:2585} INFO - Sync 1 DAGs
[2023-03-12T11:32:28.446+0000] {logging_mixin.py:120} INFO - [2023-03-12T11:32:28.446+0000] {dag.py:3340} INFO - Setting next_dagrun for example_local_kubernetes_executor to None, run_after=None
[2023-03-12T11:32:28.463+0000] {processor.py:176} INFO - Processing /home/airflow/.local/lib/python3.7/site-packages/airflow/example_dags/example_local_kubernetes_executor.py took 0.152 seconds
[2023-03-12T12:40:40.766+0000] {processor.py:154} INFO - Started process (PID=37073) to work on /home/airflow/.local/lib/python3.7/site-packages/airflow/example_dags/example_local_kubernetes_executor.py
[2023-03-12T12:40:40.767+0000] {processor.py:756} INFO - Processing file /home/airflow/.local/lib/python3.7/site-packages/airflow/example_dags/example_local_kubernetes_executor.py for tasks to queue
[2023-03-12T12:40:40.768+0000] {logging_mixin.py:120} INFO - [2023-03-12T12:40:40.768+0000] {dagbag.py:537} INFO - Filling up the DagBag from /home/airflow/.local/lib/python3.7/site-packages/airflow/example_dags/example_local_kubernetes_executor.py
[2023-03-12T12:40:40.789+0000] {processor.py:766} INFO - DAG(s) dict_keys(['example_local_kubernetes_executor']) retrieved from /home/airflow/.local/lib/python3.7/site-packages/airflow/example_dags/example_local_kubernetes_executor.py
[2023-03-12T12:40:40.816+0000] {logging_mixin.py:120} INFO - [2023-03-12T12:40:40.816+0000] {dag.py:2585} INFO - Sync 1 DAGs
[2023-03-12T12:40:40.831+0000] {logging_mixin.py:120} INFO - [2023-03-12T12:40:40.831+0000] {dag.py:3340} INFO - Setting next_dagrun for example_local_kubernetes_executor to None, run_after=None
[2023-03-12T12:40:40.842+0000] {processor.py:176} INFO - Processing /home/airflow/.local/lib/python3.7/site-packages/airflow/example_dags/example_local_kubernetes_executor.py took 0.080 seconds
[2023-03-12T13:59:49.057+0000] {processor.py:154} INFO - Started process (PID=37136) to work on /home/airflow/.local/lib/python3.7/site-packages/airflow/example_dags/example_local_kubernetes_executor.py
[2023-03-12T13:59:49.059+0000] {processor.py:756} INFO - Processing file /home/airflow/.local/lib/python3.7/site-packages/airflow/example_dags/example_local_kubernetes_executor.py for tasks to queue
[2023-03-12T13:59:49.061+0000] {logging_mixin.py:120} INFO - [2023-03-12T13:59:49.061+0000] {dagbag.py:537} INFO - Filling up the DagBag from /home/airflow/.local/lib/python3.7/site-packages/airflow/example_dags/example_local_kubernetes_executor.py
[2023-03-12T13:59:49.088+0000] {processor.py:766} INFO - DAG(s) dict_keys(['example_local_kubernetes_executor']) retrieved from /home/airflow/.local/lib/python3.7/site-packages/airflow/example_dags/example_local_kubernetes_executor.py
[2023-03-12T13:59:49.117+0000] {logging_mixin.py:120} INFO - [2023-03-12T13:59:49.117+0000] {dag.py:2585} INFO - Sync 1 DAGs
[2023-03-12T13:59:49.135+0000] {logging_mixin.py:120} INFO - [2023-03-12T13:59:49.135+0000] {dag.py:3340} INFO - Setting next_dagrun for example_local_kubernetes_executor to None, run_after=None
[2023-03-12T13:59:49.148+0000] {processor.py:176} INFO - Processing /home/airflow/.local/lib/python3.7/site-packages/airflow/example_dags/example_local_kubernetes_executor.py took 0.094 seconds
[2023-03-12T15:06:06.776+0000] {processor.py:154} INFO - Started process (PID=37199) to work on /home/airflow/.local/lib/python3.7/site-packages/airflow/example_dags/example_local_kubernetes_executor.py
[2023-03-12T15:06:06.778+0000] {processor.py:756} INFO - Processing file /home/airflow/.local/lib/python3.7/site-packages/airflow/example_dags/example_local_kubernetes_executor.py for tasks to queue
[2023-03-12T15:06:06.779+0000] {logging_mixin.py:120} INFO - [2023-03-12T15:06:06.778+0000] {dagbag.py:537} INFO - Filling up the DagBag from /home/airflow/.local/lib/python3.7/site-packages/airflow/example_dags/example_local_kubernetes_executor.py
[2023-03-12T15:06:06.797+0000] {processor.py:766} INFO - DAG(s) dict_keys(['example_local_kubernetes_executor']) retrieved from /home/airflow/.local/lib/python3.7/site-packages/airflow/example_dags/example_local_kubernetes_executor.py
[2023-03-12T15:06:06.825+0000] {logging_mixin.py:120} INFO - [2023-03-12T15:06:06.825+0000] {dag.py:2585} INFO - Sync 1 DAGs
[2023-03-12T15:06:06.840+0000] {logging_mixin.py:120} INFO - [2023-03-12T15:06:06.840+0000] {dag.py:3340} INFO - Setting next_dagrun for example_local_kubernetes_executor to None, run_after=None
[2023-03-12T15:06:06.859+0000] {processor.py:176} INFO - Processing /home/airflow/.local/lib/python3.7/site-packages/airflow/example_dags/example_local_kubernetes_executor.py took 0.085 seconds
[2023-03-12T16:10:45.847+0000] {processor.py:154} INFO - Started process (PID=37263) to work on /home/airflow/.local/lib/python3.7/site-packages/airflow/example_dags/example_local_kubernetes_executor.py
[2023-03-12T16:10:45.849+0000] {processor.py:756} INFO - Processing file /home/airflow/.local/lib/python3.7/site-packages/airflow/example_dags/example_local_kubernetes_executor.py for tasks to queue
[2023-03-12T16:10:45.851+0000] {logging_mixin.py:120} INFO - [2023-03-12T16:10:45.851+0000] {dagbag.py:537} INFO - Filling up the DagBag from /home/airflow/.local/lib/python3.7/site-packages/airflow/example_dags/example_local_kubernetes_executor.py
[2023-03-12T16:10:45.870+0000] {processor.py:766} INFO - DAG(s) dict_keys(['example_local_kubernetes_executor']) retrieved from /home/airflow/.local/lib/python3.7/site-packages/airflow/example_dags/example_local_kubernetes_executor.py
[2023-03-12T16:10:45.899+0000] {logging_mixin.py:120} INFO - [2023-03-12T16:10:45.898+0000] {dag.py:2585} INFO - Sync 1 DAGs
[2023-03-12T16:10:45.919+0000] {logging_mixin.py:120} INFO - [2023-03-12T16:10:45.919+0000] {dag.py:3340} INFO - Setting next_dagrun for example_local_kubernetes_executor to None, run_after=None
[2023-03-12T16:10:45.940+0000] {processor.py:176} INFO - Processing /home/airflow/.local/lib/python3.7/site-packages/airflow/example_dags/example_local_kubernetes_executor.py took 0.096 seconds
[2023-03-12T17:18:13.094+0000] {processor.py:154} INFO - Started process (PID=37326) to work on /home/airflow/.local/lib/python3.7/site-packages/airflow/example_dags/example_local_kubernetes_executor.py
[2023-03-12T17:18:13.097+0000] {processor.py:756} INFO - Processing file /home/airflow/.local/lib/python3.7/site-packages/airflow/example_dags/example_local_kubernetes_executor.py for tasks to queue
[2023-03-12T17:18:13.100+0000] {logging_mixin.py:120} INFO - [2023-03-12T17:18:13.100+0000] {dagbag.py:537} INFO - Filling up the DagBag from /home/airflow/.local/lib/python3.7/site-packages/airflow/example_dags/example_local_kubernetes_executor.py
[2023-03-12T17:18:13.135+0000] {processor.py:766} INFO - DAG(s) dict_keys(['example_local_kubernetes_executor']) retrieved from /home/airflow/.local/lib/python3.7/site-packages/airflow/example_dags/example_local_kubernetes_executor.py
[2023-03-12T17:18:13.196+0000] {logging_mixin.py:120} INFO - [2023-03-12T17:18:13.195+0000] {dag.py:2585} INFO - Sync 1 DAGs
[2023-03-12T17:18:13.230+0000] {logging_mixin.py:120} INFO - [2023-03-12T17:18:13.229+0000] {dag.py:3340} INFO - Setting next_dagrun for example_local_kubernetes_executor to None, run_after=None
[2023-03-12T17:18:13.267+0000] {processor.py:176} INFO - Processing /home/airflow/.local/lib/python3.7/site-packages/airflow/example_dags/example_local_kubernetes_executor.py took 0.175 seconds
[2023-03-12T18:23:04.537+0000] {processor.py:154} INFO - Started process (PID=37380) to work on /home/airflow/.local/lib/python3.7/site-packages/airflow/example_dags/example_local_kubernetes_executor.py
[2023-03-12T18:23:04.538+0000] {processor.py:756} INFO - Processing file /home/airflow/.local/lib/python3.7/site-packages/airflow/example_dags/example_local_kubernetes_executor.py for tasks to queue
[2023-03-12T18:23:04.539+0000] {logging_mixin.py:120} INFO - [2023-03-12T18:23:04.539+0000] {dagbag.py:537} INFO - Filling up the DagBag from /home/airflow/.local/lib/python3.7/site-packages/airflow/example_dags/example_local_kubernetes_executor.py
[2023-03-12T18:23:04.560+0000] {processor.py:766} INFO - DAG(s) dict_keys(['example_local_kubernetes_executor']) retrieved from /home/airflow/.local/lib/python3.7/site-packages/airflow/example_dags/example_local_kubernetes_executor.py
[2023-03-12T18:23:04.604+0000] {logging_mixin.py:120} INFO - [2023-03-12T18:23:04.604+0000] {dag.py:2585} INFO - Sync 1 DAGs
[2023-03-12T18:23:04.635+0000] {logging_mixin.py:120} INFO - [2023-03-12T18:23:04.635+0000] {dag.py:3340} INFO - Setting next_dagrun for example_local_kubernetes_executor to None, run_after=None
[2023-03-12T18:23:04.654+0000] {processor.py:176} INFO - Processing /home/airflow/.local/lib/python3.7/site-packages/airflow/example_dags/example_local_kubernetes_executor.py took 0.119 seconds
[2023-03-12T19:03:57.766+0000] {processor.py:154} INFO - Started process (PID=37443) to work on /home/airflow/.local/lib/python3.7/site-packages/airflow/example_dags/example_local_kubernetes_executor.py
[2023-03-12T19:03:57.767+0000] {processor.py:756} INFO - Processing file /home/airflow/.local/lib/python3.7/site-packages/airflow/example_dags/example_local_kubernetes_executor.py for tasks to queue
[2023-03-12T19:03:57.768+0000] {logging_mixin.py:120} INFO - [2023-03-12T19:03:57.767+0000] {dagbag.py:537} INFO - Filling up the DagBag from /home/airflow/.local/lib/python3.7/site-packages/airflow/example_dags/example_local_kubernetes_executor.py
[2023-03-12T19:03:57.793+0000] {processor.py:766} INFO - DAG(s) dict_keys(['example_local_kubernetes_executor']) retrieved from /home/airflow/.local/lib/python3.7/site-packages/airflow/example_dags/example_local_kubernetes_executor.py
[2023-03-12T19:03:57.840+0000] {logging_mixin.py:120} INFO - [2023-03-12T19:03:57.840+0000] {dag.py:2585} INFO - Sync 1 DAGs
[2023-03-12T19:03:57.862+0000] {logging_mixin.py:120} INFO - [2023-03-12T19:03:57.862+0000] {dag.py:3340} INFO - Setting next_dagrun for example_local_kubernetes_executor to None, run_after=None
[2023-03-12T19:03:57.882+0000] {processor.py:176} INFO - Processing /home/airflow/.local/lib/python3.7/site-packages/airflow/example_dags/example_local_kubernetes_executor.py took 0.119 seconds
[2023-03-12T20:24:27.408+0000] {processor.py:154} INFO - Started process (PID=37505) to work on /home/airflow/.local/lib/python3.7/site-packages/airflow/example_dags/example_local_kubernetes_executor.py
[2023-03-12T20:24:27.409+0000] {processor.py:756} INFO - Processing file /home/airflow/.local/lib/python3.7/site-packages/airflow/example_dags/example_local_kubernetes_executor.py for tasks to queue
[2023-03-12T20:24:27.410+0000] {logging_mixin.py:120} INFO - [2023-03-12T20:24:27.409+0000] {dagbag.py:537} INFO - Filling up the DagBag from /home/airflow/.local/lib/python3.7/site-packages/airflow/example_dags/example_local_kubernetes_executor.py
[2023-03-12T20:24:27.440+0000] {processor.py:766} INFO - DAG(s) dict_keys(['example_local_kubernetes_executor']) retrieved from /home/airflow/.local/lib/python3.7/site-packages/airflow/example_dags/example_local_kubernetes_executor.py
[2023-03-12T20:24:27.487+0000] {logging_mixin.py:120} INFO - [2023-03-12T20:24:27.487+0000] {dag.py:2585} INFO - Sync 1 DAGs
[2023-03-12T20:24:27.520+0000] {logging_mixin.py:120} INFO - [2023-03-12T20:24:27.520+0000] {dag.py:3340} INFO - Setting next_dagrun for example_local_kubernetes_executor to None, run_after=None
[2023-03-12T20:24:27.541+0000] {processor.py:176} INFO - Processing /home/airflow/.local/lib/python3.7/site-packages/airflow/example_dags/example_local_kubernetes_executor.py took 0.136 seconds
[2023-03-12T21:28:18.546+0000] {processor.py:154} INFO - Started process (PID=37568) to work on /home/airflow/.local/lib/python3.7/site-packages/airflow/example_dags/example_local_kubernetes_executor.py
[2023-03-12T21:28:18.549+0000] {processor.py:756} INFO - Processing file /home/airflow/.local/lib/python3.7/site-packages/airflow/example_dags/example_local_kubernetes_executor.py for tasks to queue
[2023-03-12T21:28:18.550+0000] {logging_mixin.py:120} INFO - [2023-03-12T21:28:18.549+0000] {dagbag.py:537} INFO - Filling up the DagBag from /home/airflow/.local/lib/python3.7/site-packages/airflow/example_dags/example_local_kubernetes_executor.py
[2023-03-12T21:28:18.573+0000] {processor.py:766} INFO - DAG(s) dict_keys(['example_local_kubernetes_executor']) retrieved from /home/airflow/.local/lib/python3.7/site-packages/airflow/example_dags/example_local_kubernetes_executor.py
[2023-03-12T21:28:18.609+0000] {logging_mixin.py:120} INFO - [2023-03-12T21:28:18.609+0000] {dag.py:2585} INFO - Sync 1 DAGs
[2023-03-12T21:28:18.628+0000] {logging_mixin.py:120} INFO - [2023-03-12T21:28:18.628+0000] {dag.py:3340} INFO - Setting next_dagrun for example_local_kubernetes_executor to None, run_after=None
[2023-03-12T21:28:18.644+0000] {processor.py:176} INFO - Processing /home/airflow/.local/lib/python3.7/site-packages/airflow/example_dags/example_local_kubernetes_executor.py took 0.100 seconds
[2023-03-12T22:30:18.891+0000] {processor.py:154} INFO - Started process (PID=37623) to work on /home/airflow/.local/lib/python3.7/site-packages/airflow/example_dags/example_local_kubernetes_executor.py
[2023-03-12T22:30:18.892+0000] {processor.py:756} INFO - Processing file /home/airflow/.local/lib/python3.7/site-packages/airflow/example_dags/example_local_kubernetes_executor.py for tasks to queue
[2023-03-12T22:30:18.892+0000] {logging_mixin.py:120} INFO - [2023-03-12T22:30:18.892+0000] {dagbag.py:537} INFO - Filling up the DagBag from /home/airflow/.local/lib/python3.7/site-packages/airflow/example_dags/example_local_kubernetes_executor.py
[2023-03-12T22:30:18.917+0000] {processor.py:766} INFO - DAG(s) dict_keys(['example_local_kubernetes_executor']) retrieved from /home/airflow/.local/lib/python3.7/site-packages/airflow/example_dags/example_local_kubernetes_executor.py
[2023-03-12T22:30:18.948+0000] {logging_mixin.py:120} INFO - [2023-03-12T22:30:18.948+0000] {dag.py:2585} INFO - Sync 1 DAGs
[2023-03-12T22:30:18.963+0000] {logging_mixin.py:120} INFO - [2023-03-12T22:30:18.963+0000] {dag.py:3340} INFO - Setting next_dagrun for example_local_kubernetes_executor to None, run_after=None
[2023-03-12T22:30:18.977+0000] {processor.py:176} INFO - Processing /home/airflow/.local/lib/python3.7/site-packages/airflow/example_dags/example_local_kubernetes_executor.py took 0.089 seconds
[2023-03-12T23:33:23.457+0000] {processor.py:154} INFO - Started process (PID=37686) to work on /home/airflow/.local/lib/python3.7/site-packages/airflow/example_dags/example_local_kubernetes_executor.py
[2023-03-12T23:33:23.463+0000] {processor.py:756} INFO - Processing file /home/airflow/.local/lib/python3.7/site-packages/airflow/example_dags/example_local_kubernetes_executor.py for tasks to queue
[2023-03-12T23:33:23.463+0000] {logging_mixin.py:120} INFO - [2023-03-12T23:33:23.463+0000] {dagbag.py:537} INFO - Filling up the DagBag from /home/airflow/.local/lib/python3.7/site-packages/airflow/example_dags/example_local_kubernetes_executor.py
[2023-03-12T23:33:23.484+0000] {processor.py:766} INFO - DAG(s) dict_keys(['example_local_kubernetes_executor']) retrieved from /home/airflow/.local/lib/python3.7/site-packages/airflow/example_dags/example_local_kubernetes_executor.py
[2023-03-12T23:33:23.516+0000] {logging_mixin.py:120} INFO - [2023-03-12T23:33:23.516+0000] {dag.py:2585} INFO - Sync 1 DAGs
[2023-03-12T23:33:23.539+0000] {logging_mixin.py:120} INFO - [2023-03-12T23:33:23.539+0000] {dag.py:3340} INFO - Setting next_dagrun for example_local_kubernetes_executor to None, run_after=None
[2023-03-12T23:33:23.569+0000] {processor.py:176} INFO - Processing /home/airflow/.local/lib/python3.7/site-packages/airflow/example_dags/example_local_kubernetes_executor.py took 0.117 seconds
