[2023-03-12T00:05:11.317+0000] {processor.py:154} INFO - Started process (PID=36386) to work on /home/airflow/.local/lib/python3.7/site-packages/airflow/example_dags/example_latest_only.py
[2023-03-12T00:05:11.318+0000] {processor.py:756} INFO - Processing file /home/airflow/.local/lib/python3.7/site-packages/airflow/example_dags/example_latest_only.py for tasks to queue
[2023-03-12T00:05:11.319+0000] {logging_mixin.py:120} INFO - [2023-03-12T00:05:11.318+0000] {dagbag.py:537} INFO - Filling up the DagBag from /home/airflow/.local/lib/python3.7/site-packages/airflow/example_dags/example_latest_only.py
[2023-03-12T00:05:11.329+0000] {processor.py:766} INFO - DAG(s) dict_keys(['latest_only']) retrieved from /home/airflow/.local/lib/python3.7/site-packages/airflow/example_dags/example_latest_only.py
[2023-03-12T00:05:11.355+0000] {logging_mixin.py:120} INFO - [2023-03-12T00:05:11.355+0000] {dag.py:2585} INFO - Sync 1 DAGs
[2023-03-12T00:05:11.370+0000] {logging_mixin.py:120} INFO - [2023-03-12T00:05:11.370+0000] {dag.py:3340} INFO - Setting next_dagrun for latest_only to 2023-03-11T20:05:11.370205+00:00, run_after=2023-03-12T00:05:11.370205+00:00
[2023-03-12T00:05:11.382+0000] {processor.py:176} INFO - Processing /home/airflow/.local/lib/python3.7/site-packages/airflow/example_dags/example_latest_only.py took 0.067 seconds
[2023-03-12T01:11:08.407+0000] {processor.py:154} INFO - Started process (PID=36440) to work on /home/airflow/.local/lib/python3.7/site-packages/airflow/example_dags/example_latest_only.py
[2023-03-12T01:11:08.408+0000] {processor.py:756} INFO - Processing file /home/airflow/.local/lib/python3.7/site-packages/airflow/example_dags/example_latest_only.py for tasks to queue
[2023-03-12T01:11:08.409+0000] {logging_mixin.py:120} INFO - [2023-03-12T01:11:08.409+0000] {dagbag.py:537} INFO - Filling up the DagBag from /home/airflow/.local/lib/python3.7/site-packages/airflow/example_dags/example_latest_only.py
[2023-03-12T01:11:08.422+0000] {processor.py:766} INFO - DAG(s) dict_keys(['latest_only']) retrieved from /home/airflow/.local/lib/python3.7/site-packages/airflow/example_dags/example_latest_only.py
[2023-03-12T01:11:08.455+0000] {logging_mixin.py:120} INFO - [2023-03-12T01:11:08.455+0000] {dag.py:2585} INFO - Sync 1 DAGs
[2023-03-12T01:11:08.471+0000] {logging_mixin.py:120} INFO - [2023-03-12T01:11:08.471+0000] {dag.py:3340} INFO - Setting next_dagrun for latest_only to 2023-03-11T21:11:08.471408+00:00, run_after=2023-03-12T01:11:08.471408+00:00
[2023-03-12T01:11:08.484+0000] {processor.py:176} INFO - Processing /home/airflow/.local/lib/python3.7/site-packages/airflow/example_dags/example_latest_only.py took 0.081 seconds
[2023-03-12T02:20:06.424+0000] {processor.py:154} INFO - Started process (PID=36504) to work on /home/airflow/.local/lib/python3.7/site-packages/airflow/example_dags/example_latest_only.py
[2023-03-12T02:20:06.425+0000] {processor.py:756} INFO - Processing file /home/airflow/.local/lib/python3.7/site-packages/airflow/example_dags/example_latest_only.py for tasks to queue
[2023-03-12T02:20:06.426+0000] {logging_mixin.py:120} INFO - [2023-03-12T02:20:06.426+0000] {dagbag.py:537} INFO - Filling up the DagBag from /home/airflow/.local/lib/python3.7/site-packages/airflow/example_dags/example_latest_only.py
[2023-03-12T02:20:06.437+0000] {processor.py:766} INFO - DAG(s) dict_keys(['latest_only']) retrieved from /home/airflow/.local/lib/python3.7/site-packages/airflow/example_dags/example_latest_only.py
[2023-03-12T02:20:06.475+0000] {logging_mixin.py:120} INFO - [2023-03-12T02:20:06.474+0000] {dag.py:2585} INFO - Sync 1 DAGs
[2023-03-12T02:20:06.493+0000] {logging_mixin.py:120} INFO - [2023-03-12T02:20:06.493+0000] {dag.py:3340} INFO - Setting next_dagrun for latest_only to 2023-03-11T22:20:06.493368+00:00, run_after=2023-03-12T02:20:06.493368+00:00
[2023-03-12T02:20:06.509+0000] {processor.py:176} INFO - Processing /home/airflow/.local/lib/python3.7/site-packages/airflow/example_dags/example_latest_only.py took 0.088 seconds
[2023-03-12T03:43:52.038+0000] {processor.py:154} INFO - Started process (PID=36567) to work on /home/airflow/.local/lib/python3.7/site-packages/airflow/example_dags/example_latest_only.py
[2023-03-12T03:43:52.048+0000] {processor.py:756} INFO - Processing file /home/airflow/.local/lib/python3.7/site-packages/airflow/example_dags/example_latest_only.py for tasks to queue
[2023-03-12T03:43:52.048+0000] {logging_mixin.py:120} INFO - [2023-03-12T03:43:52.048+0000] {dagbag.py:537} INFO - Filling up the DagBag from /home/airflow/.local/lib/python3.7/site-packages/airflow/example_dags/example_latest_only.py
[2023-03-12T03:43:52.067+0000] {processor.py:766} INFO - DAG(s) dict_keys(['latest_only']) retrieved from /home/airflow/.local/lib/python3.7/site-packages/airflow/example_dags/example_latest_only.py
[2023-03-12T03:43:52.152+0000] {logging_mixin.py:120} INFO - [2023-03-12T03:43:52.152+0000] {dag.py:2585} INFO - Sync 1 DAGs
[2023-03-12T03:43:52.173+0000] {logging_mixin.py:120} INFO - [2023-03-12T03:43:52.173+0000] {dag.py:3340} INFO - Setting next_dagrun for latest_only to 2023-03-11T23:43:52.173496+00:00, run_after=2023-03-12T03:43:52.173496+00:00
[2023-03-12T03:43:52.192+0000] {processor.py:176} INFO - Processing /home/airflow/.local/lib/python3.7/site-packages/airflow/example_dags/example_latest_only.py took 0.157 seconds
[2023-03-12T04:47:37.125+0000] {processor.py:154} INFO - Started process (PID=36630) to work on /home/airflow/.local/lib/python3.7/site-packages/airflow/example_dags/example_latest_only.py
[2023-03-12T04:47:37.126+0000] {processor.py:756} INFO - Processing file /home/airflow/.local/lib/python3.7/site-packages/airflow/example_dags/example_latest_only.py for tasks to queue
[2023-03-12T04:47:37.127+0000] {logging_mixin.py:120} INFO - [2023-03-12T04:47:37.127+0000] {dagbag.py:537} INFO - Filling up the DagBag from /home/airflow/.local/lib/python3.7/site-packages/airflow/example_dags/example_latest_only.py
[2023-03-12T04:47:37.138+0000] {processor.py:766} INFO - DAG(s) dict_keys(['latest_only']) retrieved from /home/airflow/.local/lib/python3.7/site-packages/airflow/example_dags/example_latest_only.py
[2023-03-12T04:47:37.168+0000] {logging_mixin.py:120} INFO - [2023-03-12T04:47:37.168+0000] {dag.py:2585} INFO - Sync 1 DAGs
[2023-03-12T04:47:37.191+0000] {logging_mixin.py:120} INFO - [2023-03-12T04:47:37.191+0000] {dag.py:3340} INFO - Setting next_dagrun for latest_only to 2023-03-12T00:47:37.191638+00:00, run_after=2023-03-12T04:47:37.191638+00:00
[2023-03-12T04:47:37.207+0000] {processor.py:176} INFO - Processing /home/airflow/.local/lib/python3.7/site-packages/airflow/example_dags/example_latest_only.py took 0.084 seconds
[2023-03-12T05:46:51.156+0000] {processor.py:154} INFO - Started process (PID=36693) to work on /home/airflow/.local/lib/python3.7/site-packages/airflow/example_dags/example_latest_only.py
[2023-03-12T05:46:51.158+0000] {processor.py:756} INFO - Processing file /home/airflow/.local/lib/python3.7/site-packages/airflow/example_dags/example_latest_only.py for tasks to queue
[2023-03-12T05:46:51.159+0000] {logging_mixin.py:120} INFO - [2023-03-12T05:46:51.159+0000] {dagbag.py:537} INFO - Filling up the DagBag from /home/airflow/.local/lib/python3.7/site-packages/airflow/example_dags/example_latest_only.py
[2023-03-12T05:46:51.182+0000] {processor.py:766} INFO - DAG(s) dict_keys(['latest_only']) retrieved from /home/airflow/.local/lib/python3.7/site-packages/airflow/example_dags/example_latest_only.py
[2023-03-12T05:46:51.241+0000] {logging_mixin.py:120} INFO - [2023-03-12T05:46:51.241+0000] {dag.py:2585} INFO - Sync 1 DAGs
[2023-03-12T05:46:51.269+0000] {logging_mixin.py:120} INFO - [2023-03-12T05:46:51.269+0000] {dag.py:3340} INFO - Setting next_dagrun for latest_only to 2023-03-12T01:46:51.268947+00:00, run_after=2023-03-12T05:46:51.268947+00:00
[2023-03-12T05:46:51.296+0000] {processor.py:176} INFO - Processing /home/airflow/.local/lib/python3.7/site-packages/airflow/example_dags/example_latest_only.py took 0.145 seconds
[2023-03-12T06:51:39.033+0000] {processor.py:154} INFO - Started process (PID=36747) to work on /home/airflow/.local/lib/python3.7/site-packages/airflow/example_dags/example_latest_only.py
[2023-03-12T06:51:39.039+0000] {processor.py:756} INFO - Processing file /home/airflow/.local/lib/python3.7/site-packages/airflow/example_dags/example_latest_only.py for tasks to queue
[2023-03-12T06:51:39.040+0000] {logging_mixin.py:120} INFO - [2023-03-12T06:51:39.040+0000] {dagbag.py:537} INFO - Filling up the DagBag from /home/airflow/.local/lib/python3.7/site-packages/airflow/example_dags/example_latest_only.py
[2023-03-12T06:51:39.056+0000] {processor.py:766} INFO - DAG(s) dict_keys(['latest_only']) retrieved from /home/airflow/.local/lib/python3.7/site-packages/airflow/example_dags/example_latest_only.py
[2023-03-12T06:51:39.092+0000] {logging_mixin.py:120} INFO - [2023-03-12T06:51:39.092+0000] {dag.py:2585} INFO - Sync 1 DAGs
[2023-03-12T06:51:39.108+0000] {logging_mixin.py:120} INFO - [2023-03-12T06:51:39.108+0000] {dag.py:3340} INFO - Setting next_dagrun for latest_only to 2023-03-12T02:51:39.108528+00:00, run_after=2023-03-12T06:51:39.108528+00:00
[2023-03-12T06:51:39.120+0000] {processor.py:176} INFO - Processing /home/airflow/.local/lib/python3.7/site-packages/airflow/example_dags/example_latest_only.py took 0.090 seconds
[2023-03-12T07:59:56.753+0000] {processor.py:154} INFO - Started process (PID=36811) to work on /home/airflow/.local/lib/python3.7/site-packages/airflow/example_dags/example_latest_only.py
[2023-03-12T07:59:56.755+0000] {processor.py:756} INFO - Processing file /home/airflow/.local/lib/python3.7/site-packages/airflow/example_dags/example_latest_only.py for tasks to queue
[2023-03-12T07:59:56.757+0000] {logging_mixin.py:120} INFO - [2023-03-12T07:59:56.756+0000] {dagbag.py:537} INFO - Filling up the DagBag from /home/airflow/.local/lib/python3.7/site-packages/airflow/example_dags/example_latest_only.py
[2023-03-12T07:59:56.775+0000] {processor.py:766} INFO - DAG(s) dict_keys(['latest_only']) retrieved from /home/airflow/.local/lib/python3.7/site-packages/airflow/example_dags/example_latest_only.py
[2023-03-12T07:59:56.845+0000] {logging_mixin.py:120} INFO - [2023-03-12T07:59:56.845+0000] {dag.py:2585} INFO - Sync 1 DAGs
[2023-03-12T07:59:56.868+0000] {logging_mixin.py:120} INFO - [2023-03-12T07:59:56.868+0000] {dag.py:3340} INFO - Setting next_dagrun for latest_only to 2023-03-12T03:59:56.868370+00:00, run_after=2023-03-12T07:59:56.868370+00:00
[2023-03-12T07:59:56.887+0000] {processor.py:176} INFO - Processing /home/airflow/.local/lib/python3.7/site-packages/airflow/example_dags/example_latest_only.py took 0.137 seconds
[2023-03-12T09:20:36.614+0000] {processor.py:154} INFO - Started process (PID=36874) to work on /home/airflow/.local/lib/python3.7/site-packages/airflow/example_dags/example_latest_only.py
[2023-03-12T09:20:36.617+0000] {processor.py:756} INFO - Processing file /home/airflow/.local/lib/python3.7/site-packages/airflow/example_dags/example_latest_only.py for tasks to queue
[2023-03-12T09:20:36.621+0000] {logging_mixin.py:120} INFO - [2023-03-12T09:20:36.621+0000] {dagbag.py:537} INFO - Filling up the DagBag from /home/airflow/.local/lib/python3.7/site-packages/airflow/example_dags/example_latest_only.py
[2023-03-12T09:20:36.641+0000] {processor.py:766} INFO - DAG(s) dict_keys(['latest_only']) retrieved from /home/airflow/.local/lib/python3.7/site-packages/airflow/example_dags/example_latest_only.py
[2023-03-12T09:20:36.703+0000] {logging_mixin.py:120} INFO - [2023-03-12T09:20:36.703+0000] {dag.py:2585} INFO - Sync 1 DAGs
[2023-03-12T09:20:36.725+0000] {logging_mixin.py:120} INFO - [2023-03-12T09:20:36.725+0000] {dag.py:3340} INFO - Setting next_dagrun for latest_only to 2023-03-12T05:20:36.725490+00:00, run_after=2023-03-12T09:20:36.725490+00:00
[2023-03-12T09:20:36.743+0000] {processor.py:176} INFO - Processing /home/airflow/.local/lib/python3.7/site-packages/airflow/example_dags/example_latest_only.py took 0.133 seconds
[2023-03-12T10:26:30.892+0000] {processor.py:154} INFO - Started process (PID=36937) to work on /home/airflow/.local/lib/python3.7/site-packages/airflow/example_dags/example_latest_only.py
[2023-03-12T10:26:30.893+0000] {processor.py:756} INFO - Processing file /home/airflow/.local/lib/python3.7/site-packages/airflow/example_dags/example_latest_only.py for tasks to queue
[2023-03-12T10:26:30.894+0000] {logging_mixin.py:120} INFO - [2023-03-12T10:26:30.894+0000] {dagbag.py:537} INFO - Filling up the DagBag from /home/airflow/.local/lib/python3.7/site-packages/airflow/example_dags/example_latest_only.py
[2023-03-12T10:26:30.907+0000] {processor.py:766} INFO - DAG(s) dict_keys(['latest_only']) retrieved from /home/airflow/.local/lib/python3.7/site-packages/airflow/example_dags/example_latest_only.py
[2023-03-12T10:26:30.978+0000] {logging_mixin.py:120} INFO - [2023-03-12T10:26:30.978+0000] {dag.py:2585} INFO - Sync 1 DAGs
[2023-03-12T10:26:30.996+0000] {logging_mixin.py:120} INFO - [2023-03-12T10:26:30.996+0000] {dag.py:3340} INFO - Setting next_dagrun for latest_only to 2023-03-12T06:26:30.996060+00:00, run_after=2023-03-12T10:26:30.996060+00:00
[2023-03-12T10:26:31.010+0000] {processor.py:176} INFO - Processing /home/airflow/.local/lib/python3.7/site-packages/airflow/example_dags/example_latest_only.py took 0.121 seconds
[2023-03-12T11:32:25.774+0000] {processor.py:154} INFO - Started process (PID=36991) to work on /home/airflow/.local/lib/python3.7/site-packages/airflow/example_dags/example_latest_only.py
[2023-03-12T11:32:25.775+0000] {processor.py:756} INFO - Processing file /home/airflow/.local/lib/python3.7/site-packages/airflow/example_dags/example_latest_only.py for tasks to queue
[2023-03-12T11:32:25.776+0000] {logging_mixin.py:120} INFO - [2023-03-12T11:32:25.776+0000] {dagbag.py:537} INFO - Filling up the DagBag from /home/airflow/.local/lib/python3.7/site-packages/airflow/example_dags/example_latest_only.py
[2023-03-12T11:32:25.786+0000] {processor.py:766} INFO - DAG(s) dict_keys(['latest_only']) retrieved from /home/airflow/.local/lib/python3.7/site-packages/airflow/example_dags/example_latest_only.py
[2023-03-12T11:32:25.814+0000] {logging_mixin.py:120} INFO - [2023-03-12T11:32:25.814+0000] {dag.py:2585} INFO - Sync 1 DAGs
[2023-03-12T11:32:25.828+0000] {logging_mixin.py:120} INFO - [2023-03-12T11:32:25.828+0000] {dag.py:3340} INFO - Setting next_dagrun for latest_only to 2023-03-12T07:32:25.828620+00:00, run_after=2023-03-12T11:32:25.828620+00:00
[2023-03-12T11:32:25.840+0000] {processor.py:176} INFO - Processing /home/airflow/.local/lib/python3.7/site-packages/airflow/example_dags/example_latest_only.py took 0.069 seconds
[2023-03-12T12:40:39.145+0000] {processor.py:154} INFO - Started process (PID=37054) to work on /home/airflow/.local/lib/python3.7/site-packages/airflow/example_dags/example_latest_only.py
[2023-03-12T12:40:39.146+0000] {processor.py:756} INFO - Processing file /home/airflow/.local/lib/python3.7/site-packages/airflow/example_dags/example_latest_only.py for tasks to queue
[2023-03-12T12:40:39.147+0000] {logging_mixin.py:120} INFO - [2023-03-12T12:40:39.147+0000] {dagbag.py:537} INFO - Filling up the DagBag from /home/airflow/.local/lib/python3.7/site-packages/airflow/example_dags/example_latest_only.py
[2023-03-12T12:40:39.163+0000] {processor.py:766} INFO - DAG(s) dict_keys(['latest_only']) retrieved from /home/airflow/.local/lib/python3.7/site-packages/airflow/example_dags/example_latest_only.py
[2023-03-12T12:40:39.207+0000] {logging_mixin.py:120} INFO - [2023-03-12T12:40:39.207+0000] {dag.py:2585} INFO - Sync 1 DAGs
[2023-03-12T12:40:39.228+0000] {logging_mixin.py:120} INFO - [2023-03-12T12:40:39.228+0000] {dag.py:3340} INFO - Setting next_dagrun for latest_only to 2023-03-12T08:40:39.227906+00:00, run_after=2023-03-12T12:40:39.227906+00:00
[2023-03-12T12:40:39.249+0000] {processor.py:176} INFO - Processing /home/airflow/.local/lib/python3.7/site-packages/airflow/example_dags/example_latest_only.py took 0.107 seconds
[2023-03-12T13:59:47.095+0000] {processor.py:154} INFO - Started process (PID=37117) to work on /home/airflow/.local/lib/python3.7/site-packages/airflow/example_dags/example_latest_only.py
[2023-03-12T13:59:47.097+0000] {processor.py:756} INFO - Processing file /home/airflow/.local/lib/python3.7/site-packages/airflow/example_dags/example_latest_only.py for tasks to queue
[2023-03-12T13:59:47.098+0000] {logging_mixin.py:120} INFO - [2023-03-12T13:59:47.098+0000] {dagbag.py:537} INFO - Filling up the DagBag from /home/airflow/.local/lib/python3.7/site-packages/airflow/example_dags/example_latest_only.py
[2023-03-12T13:59:47.115+0000] {processor.py:766} INFO - DAG(s) dict_keys(['latest_only']) retrieved from /home/airflow/.local/lib/python3.7/site-packages/airflow/example_dags/example_latest_only.py
[2023-03-12T13:59:47.145+0000] {logging_mixin.py:120} INFO - [2023-03-12T13:59:47.145+0000] {dag.py:2585} INFO - Sync 1 DAGs
[2023-03-12T13:59:47.176+0000] {logging_mixin.py:120} INFO - [2023-03-12T13:59:47.176+0000] {dag.py:3340} INFO - Setting next_dagrun for latest_only to 2023-03-12T09:59:47.176095+00:00, run_after=2023-03-12T13:59:47.176095+00:00
[2023-03-12T13:59:47.190+0000] {processor.py:176} INFO - Processing /home/airflow/.local/lib/python3.7/site-packages/airflow/example_dags/example_latest_only.py took 0.098 seconds
[2023-03-12T15:06:04.990+0000] {processor.py:154} INFO - Started process (PID=37180) to work on /home/airflow/.local/lib/python3.7/site-packages/airflow/example_dags/example_latest_only.py
[2023-03-12T15:06:04.991+0000] {processor.py:756} INFO - Processing file /home/airflow/.local/lib/python3.7/site-packages/airflow/example_dags/example_latest_only.py for tasks to queue
[2023-03-12T15:06:04.992+0000] {logging_mixin.py:120} INFO - [2023-03-12T15:06:04.992+0000] {dagbag.py:537} INFO - Filling up the DagBag from /home/airflow/.local/lib/python3.7/site-packages/airflow/example_dags/example_latest_only.py
[2023-03-12T15:06:05.012+0000] {processor.py:766} INFO - DAG(s) dict_keys(['latest_only']) retrieved from /home/airflow/.local/lib/python3.7/site-packages/airflow/example_dags/example_latest_only.py
[2023-03-12T15:06:05.055+0000] {logging_mixin.py:120} INFO - [2023-03-12T15:06:05.055+0000] {dag.py:2585} INFO - Sync 1 DAGs
[2023-03-12T15:06:05.093+0000] {logging_mixin.py:120} INFO - [2023-03-12T15:06:05.093+0000] {dag.py:3340} INFO - Setting next_dagrun for latest_only to 2023-03-12T11:06:05.093116+00:00, run_after=2023-03-12T15:06:05.093116+00:00
[2023-03-12T15:06:05.110+0000] {processor.py:176} INFO - Processing /home/airflow/.local/lib/python3.7/site-packages/airflow/example_dags/example_latest_only.py took 0.122 seconds
[2023-03-12T16:10:43.998+0000] {processor.py:154} INFO - Started process (PID=37244) to work on /home/airflow/.local/lib/python3.7/site-packages/airflow/example_dags/example_latest_only.py
[2023-03-12T16:10:44.000+0000] {processor.py:756} INFO - Processing file /home/airflow/.local/lib/python3.7/site-packages/airflow/example_dags/example_latest_only.py for tasks to queue
[2023-03-12T16:10:44.001+0000] {logging_mixin.py:120} INFO - [2023-03-12T16:10:44.000+0000] {dagbag.py:537} INFO - Filling up the DagBag from /home/airflow/.local/lib/python3.7/site-packages/airflow/example_dags/example_latest_only.py
[2023-03-12T16:10:44.028+0000] {processor.py:766} INFO - DAG(s) dict_keys(['latest_only']) retrieved from /home/airflow/.local/lib/python3.7/site-packages/airflow/example_dags/example_latest_only.py
[2023-03-12T16:10:44.102+0000] {logging_mixin.py:120} INFO - [2023-03-12T16:10:44.102+0000] {dag.py:2585} INFO - Sync 1 DAGs
[2023-03-12T16:10:44.132+0000] {logging_mixin.py:120} INFO - [2023-03-12T16:10:44.132+0000] {dag.py:3340} INFO - Setting next_dagrun for latest_only to 2023-03-12T12:10:44.131554+00:00, run_after=2023-03-12T16:10:44.131554+00:00
[2023-03-12T16:10:44.157+0000] {processor.py:176} INFO - Processing /home/airflow/.local/lib/python3.7/site-packages/airflow/example_dags/example_latest_only.py took 0.162 seconds
[2023-03-12T17:18:10.872+0000] {processor.py:154} INFO - Started process (PID=37298) to work on /home/airflow/.local/lib/python3.7/site-packages/airflow/example_dags/example_latest_only.py
[2023-03-12T17:18:10.876+0000] {processor.py:756} INFO - Processing file /home/airflow/.local/lib/python3.7/site-packages/airflow/example_dags/example_latest_only.py for tasks to queue
[2023-03-12T17:18:10.877+0000] {logging_mixin.py:120} INFO - [2023-03-12T17:18:10.877+0000] {dagbag.py:537} INFO - Filling up the DagBag from /home/airflow/.local/lib/python3.7/site-packages/airflow/example_dags/example_latest_only.py
[2023-03-12T17:18:10.897+0000] {processor.py:766} INFO - DAG(s) dict_keys(['latest_only']) retrieved from /home/airflow/.local/lib/python3.7/site-packages/airflow/example_dags/example_latest_only.py
[2023-03-12T17:18:10.938+0000] {logging_mixin.py:120} INFO - [2023-03-12T17:18:10.938+0000] {dag.py:2585} INFO - Sync 1 DAGs
[2023-03-12T17:18:10.953+0000] {logging_mixin.py:120} INFO - [2023-03-12T17:18:10.953+0000] {dag.py:3340} INFO - Setting next_dagrun for latest_only to 2023-03-12T13:18:10.953008+00:00, run_after=2023-03-12T17:18:10.953008+00:00
[2023-03-12T17:18:10.964+0000] {processor.py:176} INFO - Processing /home/airflow/.local/lib/python3.7/site-packages/airflow/example_dags/example_latest_only.py took 0.095 seconds
[2023-03-12T18:23:02.810+0000] {processor.py:154} INFO - Started process (PID=37361) to work on /home/airflow/.local/lib/python3.7/site-packages/airflow/example_dags/example_latest_only.py
[2023-03-12T18:23:02.815+0000] {processor.py:756} INFO - Processing file /home/airflow/.local/lib/python3.7/site-packages/airflow/example_dags/example_latest_only.py for tasks to queue
[2023-03-12T18:23:02.816+0000] {logging_mixin.py:120} INFO - [2023-03-12T18:23:02.816+0000] {dagbag.py:537} INFO - Filling up the DagBag from /home/airflow/.local/lib/python3.7/site-packages/airflow/example_dags/example_latest_only.py
[2023-03-12T18:23:02.851+0000] {processor.py:766} INFO - DAG(s) dict_keys(['latest_only']) retrieved from /home/airflow/.local/lib/python3.7/site-packages/airflow/example_dags/example_latest_only.py
[2023-03-12T18:23:02.905+0000] {logging_mixin.py:120} INFO - [2023-03-12T18:23:02.905+0000] {dag.py:2585} INFO - Sync 1 DAGs
[2023-03-12T18:23:02.933+0000] {logging_mixin.py:120} INFO - [2023-03-12T18:23:02.933+0000] {dag.py:3340} INFO - Setting next_dagrun for latest_only to 2023-03-12T14:23:02.933420+00:00, run_after=2023-03-12T18:23:02.933420+00:00
[2023-03-12T18:23:02.955+0000] {processor.py:176} INFO - Processing /home/airflow/.local/lib/python3.7/site-packages/airflow/example_dags/example_latest_only.py took 0.153 seconds
[2023-03-12T19:03:56.203+0000] {processor.py:154} INFO - Started process (PID=37424) to work on /home/airflow/.local/lib/python3.7/site-packages/airflow/example_dags/example_latest_only.py
[2023-03-12T19:03:56.205+0000] {processor.py:756} INFO - Processing file /home/airflow/.local/lib/python3.7/site-packages/airflow/example_dags/example_latest_only.py for tasks to queue
[2023-03-12T19:03:56.206+0000] {logging_mixin.py:120} INFO - [2023-03-12T19:03:56.206+0000] {dagbag.py:537} INFO - Filling up the DagBag from /home/airflow/.local/lib/python3.7/site-packages/airflow/example_dags/example_latest_only.py
[2023-03-12T19:03:56.222+0000] {processor.py:766} INFO - DAG(s) dict_keys(['latest_only']) retrieved from /home/airflow/.local/lib/python3.7/site-packages/airflow/example_dags/example_latest_only.py
[2023-03-12T19:03:56.271+0000] {logging_mixin.py:120} INFO - [2023-03-12T19:03:56.271+0000] {dag.py:2585} INFO - Sync 1 DAGs
[2023-03-12T19:03:56.299+0000] {logging_mixin.py:120} INFO - [2023-03-12T19:03:56.298+0000] {dag.py:3340} INFO - Setting next_dagrun for latest_only to 2023-03-12T15:03:56.298430+00:00, run_after=2023-03-12T19:03:56.298430+00:00
[2023-03-12T19:03:56.311+0000] {processor.py:176} INFO - Processing /home/airflow/.local/lib/python3.7/site-packages/airflow/example_dags/example_latest_only.py took 0.111 seconds
[2023-03-12T20:24:25.657+0000] {processor.py:154} INFO - Started process (PID=37486) to work on /home/airflow/.local/lib/python3.7/site-packages/airflow/example_dags/example_latest_only.py
[2023-03-12T20:24:25.658+0000] {processor.py:756} INFO - Processing file /home/airflow/.local/lib/python3.7/site-packages/airflow/example_dags/example_latest_only.py for tasks to queue
[2023-03-12T20:24:25.659+0000] {logging_mixin.py:120} INFO - [2023-03-12T20:24:25.659+0000] {dagbag.py:537} INFO - Filling up the DagBag from /home/airflow/.local/lib/python3.7/site-packages/airflow/example_dags/example_latest_only.py
[2023-03-12T20:24:25.670+0000] {processor.py:766} INFO - DAG(s) dict_keys(['latest_only']) retrieved from /home/airflow/.local/lib/python3.7/site-packages/airflow/example_dags/example_latest_only.py
[2023-03-12T20:24:25.697+0000] {logging_mixin.py:120} INFO - [2023-03-12T20:24:25.697+0000] {dag.py:2585} INFO - Sync 1 DAGs
[2023-03-12T20:24:25.711+0000] {logging_mixin.py:120} INFO - [2023-03-12T20:24:25.711+0000] {dag.py:3340} INFO - Setting next_dagrun for latest_only to 2023-03-12T16:24:25.711505+00:00, run_after=2023-03-12T20:24:25.711505+00:00
[2023-03-12T20:24:25.722+0000] {processor.py:176} INFO - Processing /home/airflow/.local/lib/python3.7/site-packages/airflow/example_dags/example_latest_only.py took 0.067 seconds
[2023-03-12T21:28:16.670+0000] {processor.py:154} INFO - Started process (PID=37540) to work on /home/airflow/.local/lib/python3.7/site-packages/airflow/example_dags/example_latest_only.py
[2023-03-12T21:28:16.671+0000] {processor.py:756} INFO - Processing file /home/airflow/.local/lib/python3.7/site-packages/airflow/example_dags/example_latest_only.py for tasks to queue
[2023-03-12T21:28:16.672+0000] {logging_mixin.py:120} INFO - [2023-03-12T21:28:16.672+0000] {dagbag.py:537} INFO - Filling up the DagBag from /home/airflow/.local/lib/python3.7/site-packages/airflow/example_dags/example_latest_only.py
[2023-03-12T21:28:16.694+0000] {processor.py:766} INFO - DAG(s) dict_keys(['latest_only']) retrieved from /home/airflow/.local/lib/python3.7/site-packages/airflow/example_dags/example_latest_only.py
[2023-03-12T21:28:16.759+0000] {logging_mixin.py:120} INFO - [2023-03-12T21:28:16.759+0000] {dag.py:2585} INFO - Sync 1 DAGs
[2023-03-12T21:28:16.784+0000] {logging_mixin.py:120} INFO - [2023-03-12T21:28:16.784+0000] {dag.py:3340} INFO - Setting next_dagrun for latest_only to 2023-03-12T17:28:16.784300+00:00, run_after=2023-03-12T21:28:16.784300+00:00
[2023-03-12T21:28:16.803+0000] {processor.py:176} INFO - Processing /home/airflow/.local/lib/python3.7/site-packages/airflow/example_dags/example_latest_only.py took 0.142 seconds
[2023-03-12T22:30:17.227+0000] {processor.py:154} INFO - Started process (PID=37604) to work on /home/airflow/.local/lib/python3.7/site-packages/airflow/example_dags/example_latest_only.py
[2023-03-12T22:30:17.228+0000] {processor.py:756} INFO - Processing file /home/airflow/.local/lib/python3.7/site-packages/airflow/example_dags/example_latest_only.py for tasks to queue
[2023-03-12T22:30:17.229+0000] {logging_mixin.py:120} INFO - [2023-03-12T22:30:17.228+0000] {dagbag.py:537} INFO - Filling up the DagBag from /home/airflow/.local/lib/python3.7/site-packages/airflow/example_dags/example_latest_only.py
[2023-03-12T22:30:17.241+0000] {processor.py:766} INFO - DAG(s) dict_keys(['latest_only']) retrieved from /home/airflow/.local/lib/python3.7/site-packages/airflow/example_dags/example_latest_only.py
[2023-03-12T22:30:17.305+0000] {logging_mixin.py:120} INFO - [2023-03-12T22:30:17.305+0000] {dag.py:2585} INFO - Sync 1 DAGs
[2023-03-12T22:30:17.329+0000] {logging_mixin.py:120} INFO - [2023-03-12T22:30:17.329+0000] {dag.py:3340} INFO - Setting next_dagrun for latest_only to 2023-03-12T18:30:17.329059+00:00, run_after=2023-03-12T22:30:17.329059+00:00
[2023-03-12T22:30:17.357+0000] {processor.py:176} INFO - Processing /home/airflow/.local/lib/python3.7/site-packages/airflow/example_dags/example_latest_only.py took 0.134 seconds
[2023-03-12T23:33:21.821+0000] {processor.py:154} INFO - Started process (PID=37667) to work on /home/airflow/.local/lib/python3.7/site-packages/airflow/example_dags/example_latest_only.py
[2023-03-12T23:33:21.822+0000] {processor.py:756} INFO - Processing file /home/airflow/.local/lib/python3.7/site-packages/airflow/example_dags/example_latest_only.py for tasks to queue
[2023-03-12T23:33:21.823+0000] {logging_mixin.py:120} INFO - [2023-03-12T23:33:21.823+0000] {dagbag.py:537} INFO - Filling up the DagBag from /home/airflow/.local/lib/python3.7/site-packages/airflow/example_dags/example_latest_only.py
[2023-03-12T23:33:21.835+0000] {processor.py:766} INFO - DAG(s) dict_keys(['latest_only']) retrieved from /home/airflow/.local/lib/python3.7/site-packages/airflow/example_dags/example_latest_only.py
[2023-03-12T23:33:21.880+0000] {logging_mixin.py:120} INFO - [2023-03-12T23:33:21.880+0000] {dag.py:2585} INFO - Sync 1 DAGs
[2023-03-12T23:33:21.899+0000] {logging_mixin.py:120} INFO - [2023-03-12T23:33:21.899+0000] {dag.py:3340} INFO - Setting next_dagrun for latest_only to 2023-03-12T19:33:21.899080+00:00, run_after=2023-03-12T23:33:21.899080+00:00
[2023-03-12T23:33:21.921+0000] {processor.py:176} INFO - Processing /home/airflow/.local/lib/python3.7/site-packages/airflow/example_dags/example_latest_only.py took 0.103 seconds
