[2023-03-12T00:05:12.568+0000] {processor.py:154} INFO - Started process (PID=36406) to work on /home/airflow/.local/lib/python3.7/site-packages/airflow/example_dags/example_skip_dag.py
[2023-03-12T00:05:12.570+0000] {processor.py:756} INFO - Processing file /home/airflow/.local/lib/python3.7/site-packages/airflow/example_dags/example_skip_dag.py for tasks to queue
[2023-03-12T00:05:12.570+0000] {logging_mixin.py:120} INFO - [2023-03-12T00:05:12.570+0000] {dagbag.py:537} INFO - Filling up the DagBag from /home/airflow/.local/lib/python3.7/site-packages/airflow/example_dags/example_skip_dag.py
[2023-03-12T00:05:12.580+0000] {processor.py:766} INFO - DAG(s) dict_keys(['example_skip_dag']) retrieved from /home/airflow/.local/lib/python3.7/site-packages/airflow/example_dags/example_skip_dag.py
[2023-03-12T00:05:12.607+0000] {logging_mixin.py:120} INFO - [2023-03-12T00:05:12.607+0000] {dag.py:2585} INFO - Sync 1 DAGs
[2023-03-12T00:05:12.623+0000] {logging_mixin.py:120} INFO - [2023-03-12T00:05:12.623+0000] {dag.py:3340} INFO - Setting next_dagrun for example_skip_dag to 2023-03-11T00:05:12.623014+00:00, run_after=2023-03-12T00:05:12.623014+00:00
[2023-03-12T00:05:12.635+0000] {processor.py:176} INFO - Processing /home/airflow/.local/lib/python3.7/site-packages/airflow/example_dags/example_skip_dag.py took 0.069 seconds
[2023-03-12T01:11:10.175+0000] {processor.py:154} INFO - Started process (PID=36460) to work on /home/airflow/.local/lib/python3.7/site-packages/airflow/example_dags/example_skip_dag.py
[2023-03-12T01:11:10.176+0000] {processor.py:756} INFO - Processing file /home/airflow/.local/lib/python3.7/site-packages/airflow/example_dags/example_skip_dag.py for tasks to queue
[2023-03-12T01:11:10.177+0000] {logging_mixin.py:120} INFO - [2023-03-12T01:11:10.177+0000] {dagbag.py:537} INFO - Filling up the DagBag from /home/airflow/.local/lib/python3.7/site-packages/airflow/example_dags/example_skip_dag.py
[2023-03-12T01:11:10.188+0000] {processor.py:766} INFO - DAG(s) dict_keys(['example_skip_dag']) retrieved from /home/airflow/.local/lib/python3.7/site-packages/airflow/example_dags/example_skip_dag.py
[2023-03-12T01:11:10.217+0000] {logging_mixin.py:120} INFO - [2023-03-12T01:11:10.217+0000] {dag.py:2585} INFO - Sync 1 DAGs
[2023-03-12T01:11:10.232+0000] {logging_mixin.py:120} INFO - [2023-03-12T01:11:10.232+0000] {dag.py:3340} INFO - Setting next_dagrun for example_skip_dag to 2023-03-11T01:11:10.232566+00:00, run_after=2023-03-12T01:11:10.232566+00:00
[2023-03-12T01:11:10.245+0000] {processor.py:176} INFO - Processing /home/airflow/.local/lib/python3.7/site-packages/airflow/example_dags/example_skip_dag.py took 0.072 seconds
[2023-03-12T02:20:07.962+0000] {processor.py:154} INFO - Started process (PID=36524) to work on /home/airflow/.local/lib/python3.7/site-packages/airflow/example_dags/example_skip_dag.py
[2023-03-12T02:20:07.964+0000] {processor.py:756} INFO - Processing file /home/airflow/.local/lib/python3.7/site-packages/airflow/example_dags/example_skip_dag.py for tasks to queue
[2023-03-12T02:20:07.965+0000] {logging_mixin.py:120} INFO - [2023-03-12T02:20:07.965+0000] {dagbag.py:537} INFO - Filling up the DagBag from /home/airflow/.local/lib/python3.7/site-packages/airflow/example_dags/example_skip_dag.py
[2023-03-12T02:20:07.976+0000] {processor.py:766} INFO - DAG(s) dict_keys(['example_skip_dag']) retrieved from /home/airflow/.local/lib/python3.7/site-packages/airflow/example_dags/example_skip_dag.py
[2023-03-12T02:20:08.009+0000] {logging_mixin.py:120} INFO - [2023-03-12T02:20:08.008+0000] {dag.py:2585} INFO - Sync 1 DAGs
[2023-03-12T02:20:08.030+0000] {logging_mixin.py:120} INFO - [2023-03-12T02:20:08.030+0000] {dag.py:3340} INFO - Setting next_dagrun for example_skip_dag to 2023-03-11T02:20:08.030220+00:00, run_after=2023-03-12T02:20:08.030220+00:00
[2023-03-12T02:20:08.048+0000] {processor.py:176} INFO - Processing /home/airflow/.local/lib/python3.7/site-packages/airflow/example_dags/example_skip_dag.py took 0.089 seconds
[2023-03-12T03:43:53.794+0000] {processor.py:154} INFO - Started process (PID=36587) to work on /home/airflow/.local/lib/python3.7/site-packages/airflow/example_dags/example_skip_dag.py
[2023-03-12T03:43:53.797+0000] {processor.py:756} INFO - Processing file /home/airflow/.local/lib/python3.7/site-packages/airflow/example_dags/example_skip_dag.py for tasks to queue
[2023-03-12T03:43:53.798+0000] {logging_mixin.py:120} INFO - [2023-03-12T03:43:53.798+0000] {dagbag.py:537} INFO - Filling up the DagBag from /home/airflow/.local/lib/python3.7/site-packages/airflow/example_dags/example_skip_dag.py
[2023-03-12T03:43:53.811+0000] {processor.py:766} INFO - DAG(s) dict_keys(['example_skip_dag']) retrieved from /home/airflow/.local/lib/python3.7/site-packages/airflow/example_dags/example_skip_dag.py
[2023-03-12T03:43:53.846+0000] {logging_mixin.py:120} INFO - [2023-03-12T03:43:53.846+0000] {dag.py:2585} INFO - Sync 1 DAGs
[2023-03-12T03:43:53.861+0000] {logging_mixin.py:120} INFO - [2023-03-12T03:43:53.861+0000] {dag.py:3340} INFO - Setting next_dagrun for example_skip_dag to 2023-03-11T03:43:53.861065+00:00, run_after=2023-03-12T03:43:53.861065+00:00
[2023-03-12T03:43:53.882+0000] {processor.py:176} INFO - Processing /home/airflow/.local/lib/python3.7/site-packages/airflow/example_dags/example_skip_dag.py took 0.091 seconds
[2023-03-12T04:47:38.827+0000] {processor.py:154} INFO - Started process (PID=36650) to work on /home/airflow/.local/lib/python3.7/site-packages/airflow/example_dags/example_skip_dag.py
[2023-03-12T04:47:38.830+0000] {processor.py:756} INFO - Processing file /home/airflow/.local/lib/python3.7/site-packages/airflow/example_dags/example_skip_dag.py for tasks to queue
[2023-03-12T04:47:38.831+0000] {logging_mixin.py:120} INFO - [2023-03-12T04:47:38.831+0000] {dagbag.py:537} INFO - Filling up the DagBag from /home/airflow/.local/lib/python3.7/site-packages/airflow/example_dags/example_skip_dag.py
[2023-03-12T04:47:38.842+0000] {processor.py:766} INFO - DAG(s) dict_keys(['example_skip_dag']) retrieved from /home/airflow/.local/lib/python3.7/site-packages/airflow/example_dags/example_skip_dag.py
[2023-03-12T04:47:38.886+0000] {logging_mixin.py:120} INFO - [2023-03-12T04:47:38.886+0000] {dag.py:2585} INFO - Sync 1 DAGs
[2023-03-12T04:47:38.908+0000] {logging_mixin.py:120} INFO - [2023-03-12T04:47:38.908+0000] {dag.py:3340} INFO - Setting next_dagrun for example_skip_dag to 2023-03-11T04:47:38.908038+00:00, run_after=2023-03-12T04:47:38.908038+00:00
[2023-03-12T04:47:38.930+0000] {processor.py:176} INFO - Processing /home/airflow/.local/lib/python3.7/site-packages/airflow/example_dags/example_skip_dag.py took 0.105 seconds
[2023-03-12T05:46:52.845+0000] {processor.py:154} INFO - Started process (PID=36713) to work on /home/airflow/.local/lib/python3.7/site-packages/airflow/example_dags/example_skip_dag.py
[2023-03-12T05:46:52.851+0000] {processor.py:756} INFO - Processing file /home/airflow/.local/lib/python3.7/site-packages/airflow/example_dags/example_skip_dag.py for tasks to queue
[2023-03-12T05:46:52.854+0000] {logging_mixin.py:120} INFO - [2023-03-12T05:46:52.854+0000] {dagbag.py:537} INFO - Filling up the DagBag from /home/airflow/.local/lib/python3.7/site-packages/airflow/example_dags/example_skip_dag.py
[2023-03-12T05:46:52.872+0000] {processor.py:766} INFO - DAG(s) dict_keys(['example_skip_dag']) retrieved from /home/airflow/.local/lib/python3.7/site-packages/airflow/example_dags/example_skip_dag.py
[2023-03-12T05:46:52.924+0000] {logging_mixin.py:120} INFO - [2023-03-12T05:46:52.924+0000] {dag.py:2585} INFO - Sync 1 DAGs
[2023-03-12T05:46:52.941+0000] {logging_mixin.py:120} INFO - [2023-03-12T05:46:52.940+0000] {dag.py:3340} INFO - Setting next_dagrun for example_skip_dag to 2023-03-11T05:46:52.940708+00:00, run_after=2023-03-12T05:46:52.940708+00:00
[2023-03-12T05:46:52.954+0000] {processor.py:176} INFO - Processing /home/airflow/.local/lib/python3.7/site-packages/airflow/example_dags/example_skip_dag.py took 0.117 seconds
[2023-03-12T06:51:41.105+0000] {processor.py:154} INFO - Started process (PID=36773) to work on /home/airflow/.local/lib/python3.7/site-packages/airflow/example_dags/example_skip_dag.py
[2023-03-12T06:51:41.111+0000] {processor.py:756} INFO - Processing file /home/airflow/.local/lib/python3.7/site-packages/airflow/example_dags/example_skip_dag.py for tasks to queue
[2023-03-12T06:51:41.114+0000] {logging_mixin.py:120} INFO - [2023-03-12T06:51:41.113+0000] {dagbag.py:537} INFO - Filling up the DagBag from /home/airflow/.local/lib/python3.7/site-packages/airflow/example_dags/example_skip_dag.py
[2023-03-12T06:51:41.147+0000] {processor.py:766} INFO - DAG(s) dict_keys(['example_skip_dag']) retrieved from /home/airflow/.local/lib/python3.7/site-packages/airflow/example_dags/example_skip_dag.py
[2023-03-12T06:51:41.228+0000] {logging_mixin.py:120} INFO - [2023-03-12T06:51:41.228+0000] {dag.py:2585} INFO - Sync 1 DAGs
[2023-03-12T06:51:41.282+0000] {logging_mixin.py:120} INFO - [2023-03-12T06:51:41.282+0000] {dag.py:3340} INFO - Setting next_dagrun for example_skip_dag to 2023-03-11T06:51:41.281832+00:00, run_after=2023-03-12T06:51:41.281832+00:00
[2023-03-12T06:51:41.326+0000] {processor.py:176} INFO - Processing /home/airflow/.local/lib/python3.7/site-packages/airflow/example_dags/example_skip_dag.py took 0.233 seconds
[2023-03-12T07:59:58.401+0000] {processor.py:154} INFO - Started process (PID=36831) to work on /home/airflow/.local/lib/python3.7/site-packages/airflow/example_dags/example_skip_dag.py
[2023-03-12T07:59:58.402+0000] {processor.py:756} INFO - Processing file /home/airflow/.local/lib/python3.7/site-packages/airflow/example_dags/example_skip_dag.py for tasks to queue
[2023-03-12T07:59:58.403+0000] {logging_mixin.py:120} INFO - [2023-03-12T07:59:58.403+0000] {dagbag.py:537} INFO - Filling up the DagBag from /home/airflow/.local/lib/python3.7/site-packages/airflow/example_dags/example_skip_dag.py
[2023-03-12T07:59:58.413+0000] {processor.py:766} INFO - DAG(s) dict_keys(['example_skip_dag']) retrieved from /home/airflow/.local/lib/python3.7/site-packages/airflow/example_dags/example_skip_dag.py
[2023-03-12T07:59:58.446+0000] {logging_mixin.py:120} INFO - [2023-03-12T07:59:58.446+0000] {dag.py:2585} INFO - Sync 1 DAGs
[2023-03-12T07:59:58.473+0000] {logging_mixin.py:120} INFO - [2023-03-12T07:59:58.473+0000] {dag.py:3340} INFO - Setting next_dagrun for example_skip_dag to 2023-03-11T07:59:58.473146+00:00, run_after=2023-03-12T07:59:58.473146+00:00
[2023-03-12T07:59:58.502+0000] {processor.py:176} INFO - Processing /home/airflow/.local/lib/python3.7/site-packages/airflow/example_dags/example_skip_dag.py took 0.104 seconds
[2023-03-12T09:20:38.699+0000] {processor.py:154} INFO - Started process (PID=36894) to work on /home/airflow/.local/lib/python3.7/site-packages/airflow/example_dags/example_skip_dag.py
[2023-03-12T09:20:38.701+0000] {processor.py:756} INFO - Processing file /home/airflow/.local/lib/python3.7/site-packages/airflow/example_dags/example_skip_dag.py for tasks to queue
[2023-03-12T09:20:38.703+0000] {logging_mixin.py:120} INFO - [2023-03-12T09:20:38.703+0000] {dagbag.py:537} INFO - Filling up the DagBag from /home/airflow/.local/lib/python3.7/site-packages/airflow/example_dags/example_skip_dag.py
[2023-03-12T09:20:38.724+0000] {processor.py:766} INFO - DAG(s) dict_keys(['example_skip_dag']) retrieved from /home/airflow/.local/lib/python3.7/site-packages/airflow/example_dags/example_skip_dag.py
[2023-03-12T09:20:38.779+0000] {logging_mixin.py:120} INFO - [2023-03-12T09:20:38.779+0000] {dag.py:2585} INFO - Sync 1 DAGs
[2023-03-12T09:20:38.798+0000] {logging_mixin.py:120} INFO - [2023-03-12T09:20:38.798+0000] {dag.py:3340} INFO - Setting next_dagrun for example_skip_dag to 2023-03-11T09:20:38.798742+00:00, run_after=2023-03-12T09:20:38.798742+00:00
[2023-03-12T09:20:38.814+0000] {processor.py:176} INFO - Processing /home/airflow/.local/lib/python3.7/site-packages/airflow/example_dags/example_skip_dag.py took 0.119 seconds
[2023-03-12T10:26:32.705+0000] {processor.py:154} INFO - Started process (PID=36957) to work on /home/airflow/.local/lib/python3.7/site-packages/airflow/example_dags/example_skip_dag.py
[2023-03-12T10:26:32.708+0000] {processor.py:756} INFO - Processing file /home/airflow/.local/lib/python3.7/site-packages/airflow/example_dags/example_skip_dag.py for tasks to queue
[2023-03-12T10:26:32.709+0000] {logging_mixin.py:120} INFO - [2023-03-12T10:26:32.709+0000] {dagbag.py:537} INFO - Filling up the DagBag from /home/airflow/.local/lib/python3.7/site-packages/airflow/example_dags/example_skip_dag.py
[2023-03-12T10:26:32.725+0000] {processor.py:766} INFO - DAG(s) dict_keys(['example_skip_dag']) retrieved from /home/airflow/.local/lib/python3.7/site-packages/airflow/example_dags/example_skip_dag.py
[2023-03-12T10:26:32.763+0000] {logging_mixin.py:120} INFO - [2023-03-12T10:26:32.763+0000] {dag.py:2585} INFO - Sync 1 DAGs
[2023-03-12T10:26:32.785+0000] {logging_mixin.py:120} INFO - [2023-03-12T10:26:32.785+0000] {dag.py:3340} INFO - Setting next_dagrun for example_skip_dag to 2023-03-11T10:26:32.785423+00:00, run_after=2023-03-12T10:26:32.785423+00:00
[2023-03-12T10:26:32.804+0000] {processor.py:176} INFO - Processing /home/airflow/.local/lib/python3.7/site-packages/airflow/example_dags/example_skip_dag.py took 0.101 seconds
[2023-03-12T11:32:28.368+0000] {processor.py:154} INFO - Started process (PID=37020) to work on /home/airflow/.local/lib/python3.7/site-packages/airflow/example_dags/example_skip_dag.py
[2023-03-12T11:32:28.371+0000] {processor.py:756} INFO - Processing file /home/airflow/.local/lib/python3.7/site-packages/airflow/example_dags/example_skip_dag.py for tasks to queue
[2023-03-12T11:32:28.372+0000] {logging_mixin.py:120} INFO - [2023-03-12T11:32:28.372+0000] {dagbag.py:537} INFO - Filling up the DagBag from /home/airflow/.local/lib/python3.7/site-packages/airflow/example_dags/example_skip_dag.py
[2023-03-12T11:32:28.397+0000] {processor.py:766} INFO - DAG(s) dict_keys(['example_skip_dag']) retrieved from /home/airflow/.local/lib/python3.7/site-packages/airflow/example_dags/example_skip_dag.py
[2023-03-12T11:32:28.450+0000] {logging_mixin.py:120} INFO - [2023-03-12T11:32:28.450+0000] {dag.py:2585} INFO - Sync 1 DAGs
[2023-03-12T11:32:28.476+0000] {logging_mixin.py:120} INFO - [2023-03-12T11:32:28.476+0000] {dag.py:3340} INFO - Setting next_dagrun for example_skip_dag to 2023-03-11T11:32:28.475979+00:00, run_after=2023-03-12T11:32:28.475979+00:00
[2023-03-12T11:32:28.498+0000] {processor.py:176} INFO - Processing /home/airflow/.local/lib/python3.7/site-packages/airflow/example_dags/example_skip_dag.py took 0.136 seconds
[2023-03-12T12:40:40.789+0000] {processor.py:154} INFO - Started process (PID=37074) to work on /home/airflow/.local/lib/python3.7/site-packages/airflow/example_dags/example_skip_dag.py
[2023-03-12T12:40:40.790+0000] {processor.py:756} INFO - Processing file /home/airflow/.local/lib/python3.7/site-packages/airflow/example_dags/example_skip_dag.py for tasks to queue
[2023-03-12T12:40:40.791+0000] {logging_mixin.py:120} INFO - [2023-03-12T12:40:40.791+0000] {dagbag.py:537} INFO - Filling up the DagBag from /home/airflow/.local/lib/python3.7/site-packages/airflow/example_dags/example_skip_dag.py
[2023-03-12T12:40:40.802+0000] {processor.py:766} INFO - DAG(s) dict_keys(['example_skip_dag']) retrieved from /home/airflow/.local/lib/python3.7/site-packages/airflow/example_dags/example_skip_dag.py
[2023-03-12T12:40:40.833+0000] {logging_mixin.py:120} INFO - [2023-03-12T12:40:40.833+0000] {dag.py:2585} INFO - Sync 1 DAGs
[2023-03-12T12:40:40.848+0000] {logging_mixin.py:120} INFO - [2023-03-12T12:40:40.848+0000] {dag.py:3340} INFO - Setting next_dagrun for example_skip_dag to 2023-03-11T12:40:40.848555+00:00, run_after=2023-03-12T12:40:40.848555+00:00
[2023-03-12T12:40:40.862+0000] {processor.py:176} INFO - Processing /home/airflow/.local/lib/python3.7/site-packages/airflow/example_dags/example_skip_dag.py took 0.076 seconds
[2023-03-12T13:59:49.069+0000] {processor.py:154} INFO - Started process (PID=37137) to work on /home/airflow/.local/lib/python3.7/site-packages/airflow/example_dags/example_skip_dag.py
[2023-03-12T13:59:49.071+0000] {processor.py:756} INFO - Processing file /home/airflow/.local/lib/python3.7/site-packages/airflow/example_dags/example_skip_dag.py for tasks to queue
[2023-03-12T13:59:49.077+0000] {logging_mixin.py:120} INFO - [2023-03-12T13:59:49.074+0000] {dagbag.py:537} INFO - Filling up the DagBag from /home/airflow/.local/lib/python3.7/site-packages/airflow/example_dags/example_skip_dag.py
[2023-03-12T13:59:49.096+0000] {processor.py:766} INFO - DAG(s) dict_keys(['example_skip_dag']) retrieved from /home/airflow/.local/lib/python3.7/site-packages/airflow/example_dags/example_skip_dag.py
[2023-03-12T13:59:49.140+0000] {logging_mixin.py:120} INFO - [2023-03-12T13:59:49.140+0000] {dag.py:2585} INFO - Sync 1 DAGs
[2023-03-12T13:59:49.161+0000] {logging_mixin.py:120} INFO - [2023-03-12T13:59:49.161+0000] {dag.py:3340} INFO - Setting next_dagrun for example_skip_dag to 2023-03-11T13:59:49.161637+00:00, run_after=2023-03-12T13:59:49.161637+00:00
[2023-03-12T13:59:49.191+0000] {processor.py:176} INFO - Processing /home/airflow/.local/lib/python3.7/site-packages/airflow/example_dags/example_skip_dag.py took 0.124 seconds
[2023-03-12T15:06:06.893+0000] {processor.py:154} INFO - Started process (PID=37200) to work on /home/airflow/.local/lib/python3.7/site-packages/airflow/example_dags/example_skip_dag.py
[2023-03-12T15:06:06.897+0000] {processor.py:756} INFO - Processing file /home/airflow/.local/lib/python3.7/site-packages/airflow/example_dags/example_skip_dag.py for tasks to queue
[2023-03-12T15:06:06.898+0000] {logging_mixin.py:120} INFO - [2023-03-12T15:06:06.898+0000] {dagbag.py:537} INFO - Filling up the DagBag from /home/airflow/.local/lib/python3.7/site-packages/airflow/example_dags/example_skip_dag.py
[2023-03-12T15:06:06.917+0000] {processor.py:766} INFO - DAG(s) dict_keys(['example_skip_dag']) retrieved from /home/airflow/.local/lib/python3.7/site-packages/airflow/example_dags/example_skip_dag.py
[2023-03-12T15:06:06.954+0000] {logging_mixin.py:120} INFO - [2023-03-12T15:06:06.954+0000] {dag.py:2585} INFO - Sync 1 DAGs
[2023-03-12T15:06:06.973+0000] {logging_mixin.py:120} INFO - [2023-03-12T15:06:06.973+0000] {dag.py:3340} INFO - Setting next_dagrun for example_skip_dag to 2023-03-11T15:06:06.972812+00:00, run_after=2023-03-12T15:06:06.972812+00:00
[2023-03-12T15:06:06.993+0000] {processor.py:176} INFO - Processing /home/airflow/.local/lib/python3.7/site-packages/airflow/example_dags/example_skip_dag.py took 0.102 seconds
[2023-03-12T16:10:45.940+0000] {processor.py:154} INFO - Started process (PID=37264) to work on /home/airflow/.local/lib/python3.7/site-packages/airflow/example_dags/example_skip_dag.py
[2023-03-12T16:10:45.945+0000] {processor.py:756} INFO - Processing file /home/airflow/.local/lib/python3.7/site-packages/airflow/example_dags/example_skip_dag.py for tasks to queue
[2023-03-12T16:10:45.945+0000] {logging_mixin.py:120} INFO - [2023-03-12T16:10:45.945+0000] {dagbag.py:537} INFO - Filling up the DagBag from /home/airflow/.local/lib/python3.7/site-packages/airflow/example_dags/example_skip_dag.py
[2023-03-12T16:10:45.969+0000] {processor.py:766} INFO - DAG(s) dict_keys(['example_skip_dag']) retrieved from /home/airflow/.local/lib/python3.7/site-packages/airflow/example_dags/example_skip_dag.py
[2023-03-12T16:10:46.018+0000] {logging_mixin.py:120} INFO - [2023-03-12T16:10:46.018+0000] {dag.py:2585} INFO - Sync 1 DAGs
[2023-03-12T16:10:46.042+0000] {logging_mixin.py:120} INFO - [2023-03-12T16:10:46.042+0000] {dag.py:3340} INFO - Setting next_dagrun for example_skip_dag to 2023-03-11T16:10:46.042471+00:00, run_after=2023-03-12T16:10:46.042471+00:00
[2023-03-12T16:10:46.062+0000] {processor.py:176} INFO - Processing /home/airflow/.local/lib/python3.7/site-packages/airflow/example_dags/example_skip_dag.py took 0.125 seconds
[2023-03-12T17:18:13.211+0000] {processor.py:154} INFO - Started process (PID=37327) to work on /home/airflow/.local/lib/python3.7/site-packages/airflow/example_dags/example_skip_dag.py
[2023-03-12T17:18:13.215+0000] {processor.py:756} INFO - Processing file /home/airflow/.local/lib/python3.7/site-packages/airflow/example_dags/example_skip_dag.py for tasks to queue
[2023-03-12T17:18:13.215+0000] {logging_mixin.py:120} INFO - [2023-03-12T17:18:13.215+0000] {dagbag.py:537} INFO - Filling up the DagBag from /home/airflow/.local/lib/python3.7/site-packages/airflow/example_dags/example_skip_dag.py
[2023-03-12T17:18:13.236+0000] {processor.py:766} INFO - DAG(s) dict_keys(['example_skip_dag']) retrieved from /home/airflow/.local/lib/python3.7/site-packages/airflow/example_dags/example_skip_dag.py
[2023-03-12T17:18:13.315+0000] {logging_mixin.py:120} INFO - [2023-03-12T17:18:13.315+0000] {dag.py:2585} INFO - Sync 1 DAGs
[2023-03-12T17:18:13.341+0000] {logging_mixin.py:120} INFO - [2023-03-12T17:18:13.341+0000] {dag.py:3340} INFO - Setting next_dagrun for example_skip_dag to 2023-03-11T17:18:13.340958+00:00, run_after=2023-03-12T17:18:13.340958+00:00
[2023-03-12T17:18:13.360+0000] {processor.py:176} INFO - Processing /home/airflow/.local/lib/python3.7/site-packages/airflow/example_dags/example_skip_dag.py took 0.151 seconds
[2023-03-12T18:23:04.582+0000] {processor.py:154} INFO - Started process (PID=37381) to work on /home/airflow/.local/lib/python3.7/site-packages/airflow/example_dags/example_skip_dag.py
[2023-03-12T18:23:04.585+0000] {processor.py:756} INFO - Processing file /home/airflow/.local/lib/python3.7/site-packages/airflow/example_dags/example_skip_dag.py for tasks to queue
[2023-03-12T18:23:04.591+0000] {logging_mixin.py:120} INFO - [2023-03-12T18:23:04.591+0000] {dagbag.py:537} INFO - Filling up the DagBag from /home/airflow/.local/lib/python3.7/site-packages/airflow/example_dags/example_skip_dag.py
[2023-03-12T18:23:04.611+0000] {processor.py:766} INFO - DAG(s) dict_keys(['example_skip_dag']) retrieved from /home/airflow/.local/lib/python3.7/site-packages/airflow/example_dags/example_skip_dag.py
[2023-03-12T18:23:04.669+0000] {logging_mixin.py:120} INFO - [2023-03-12T18:23:04.669+0000] {dag.py:2585} INFO - Sync 1 DAGs
[2023-03-12T18:23:04.691+0000] {logging_mixin.py:120} INFO - [2023-03-12T18:23:04.691+0000] {dag.py:3340} INFO - Setting next_dagrun for example_skip_dag to 2023-03-11T18:23:04.691142+00:00, run_after=2023-03-12T18:23:04.691142+00:00
[2023-03-12T18:23:04.710+0000] {processor.py:176} INFO - Processing /home/airflow/.local/lib/python3.7/site-packages/airflow/example_dags/example_skip_dag.py took 0.133 seconds
[2023-03-12T19:03:57.872+0000] {processor.py:154} INFO - Started process (PID=37444) to work on /home/airflow/.local/lib/python3.7/site-packages/airflow/example_dags/example_skip_dag.py
[2023-03-12T19:03:57.874+0000] {processor.py:756} INFO - Processing file /home/airflow/.local/lib/python3.7/site-packages/airflow/example_dags/example_skip_dag.py for tasks to queue
[2023-03-12T19:03:57.875+0000] {logging_mixin.py:120} INFO - [2023-03-12T19:03:57.875+0000] {dagbag.py:537} INFO - Filling up the DagBag from /home/airflow/.local/lib/python3.7/site-packages/airflow/example_dags/example_skip_dag.py
[2023-03-12T19:03:57.897+0000] {processor.py:766} INFO - DAG(s) dict_keys(['example_skip_dag']) retrieved from /home/airflow/.local/lib/python3.7/site-packages/airflow/example_dags/example_skip_dag.py
[2023-03-12T19:03:57.947+0000] {logging_mixin.py:120} INFO - [2023-03-12T19:03:57.947+0000] {dag.py:2585} INFO - Sync 1 DAGs
[2023-03-12T19:03:57.982+0000] {logging_mixin.py:120} INFO - [2023-03-12T19:03:57.982+0000] {dag.py:3340} INFO - Setting next_dagrun for example_skip_dag to 2023-03-11T19:03:57.982722+00:00, run_after=2023-03-12T19:03:57.982722+00:00
[2023-03-12T19:03:58.000+0000] {processor.py:176} INFO - Processing /home/airflow/.local/lib/python3.7/site-packages/airflow/example_dags/example_skip_dag.py took 0.133 seconds
[2023-03-12T20:24:27.451+0000] {processor.py:154} INFO - Started process (PID=37506) to work on /home/airflow/.local/lib/python3.7/site-packages/airflow/example_dags/example_skip_dag.py
[2023-03-12T20:24:27.452+0000] {processor.py:756} INFO - Processing file /home/airflow/.local/lib/python3.7/site-packages/airflow/example_dags/example_skip_dag.py for tasks to queue
[2023-03-12T20:24:27.453+0000] {logging_mixin.py:120} INFO - [2023-03-12T20:24:27.453+0000] {dagbag.py:537} INFO - Filling up the DagBag from /home/airflow/.local/lib/python3.7/site-packages/airflow/example_dags/example_skip_dag.py
[2023-03-12T20:24:27.472+0000] {processor.py:766} INFO - DAG(s) dict_keys(['example_skip_dag']) retrieved from /home/airflow/.local/lib/python3.7/site-packages/airflow/example_dags/example_skip_dag.py
[2023-03-12T20:24:27.501+0000] {logging_mixin.py:120} INFO - [2023-03-12T20:24:27.501+0000] {dag.py:2585} INFO - Sync 1 DAGs
[2023-03-12T20:24:27.519+0000] {logging_mixin.py:120} INFO - [2023-03-12T20:24:27.519+0000] {dag.py:3340} INFO - Setting next_dagrun for example_skip_dag to 2023-03-11T20:24:27.519069+00:00, run_after=2023-03-12T20:24:27.519069+00:00
[2023-03-12T20:24:27.535+0000] {processor.py:176} INFO - Processing /home/airflow/.local/lib/python3.7/site-packages/airflow/example_dags/example_skip_dag.py took 0.087 seconds
[2023-03-12T21:28:18.585+0000] {processor.py:154} INFO - Started process (PID=37569) to work on /home/airflow/.local/lib/python3.7/site-packages/airflow/example_dags/example_skip_dag.py
[2023-03-12T21:28:18.588+0000] {processor.py:756} INFO - Processing file /home/airflow/.local/lib/python3.7/site-packages/airflow/example_dags/example_skip_dag.py for tasks to queue
[2023-03-12T21:28:18.589+0000] {logging_mixin.py:120} INFO - [2023-03-12T21:28:18.588+0000] {dagbag.py:537} INFO - Filling up the DagBag from /home/airflow/.local/lib/python3.7/site-packages/airflow/example_dags/example_skip_dag.py
[2023-03-12T21:28:18.602+0000] {processor.py:766} INFO - DAG(s) dict_keys(['example_skip_dag']) retrieved from /home/airflow/.local/lib/python3.7/site-packages/airflow/example_dags/example_skip_dag.py
[2023-03-12T21:28:18.641+0000] {logging_mixin.py:120} INFO - [2023-03-12T21:28:18.640+0000] {dag.py:2585} INFO - Sync 1 DAGs
[2023-03-12T21:28:18.667+0000] {logging_mixin.py:120} INFO - [2023-03-12T21:28:18.667+0000] {dag.py:3340} INFO - Setting next_dagrun for example_skip_dag to 2023-03-11T21:28:18.667330+00:00, run_after=2023-03-12T21:28:18.667330+00:00
[2023-03-12T21:28:18.683+0000] {processor.py:176} INFO - Processing /home/airflow/.local/lib/python3.7/site-packages/airflow/example_dags/example_skip_dag.py took 0.102 seconds
[2023-03-12T22:30:18.987+0000] {processor.py:154} INFO - Started process (PID=37624) to work on /home/airflow/.local/lib/python3.7/site-packages/airflow/example_dags/example_skip_dag.py
[2023-03-12T22:30:18.988+0000] {processor.py:756} INFO - Processing file /home/airflow/.local/lib/python3.7/site-packages/airflow/example_dags/example_skip_dag.py for tasks to queue
[2023-03-12T22:30:18.989+0000] {logging_mixin.py:120} INFO - [2023-03-12T22:30:18.989+0000] {dagbag.py:537} INFO - Filling up the DagBag from /home/airflow/.local/lib/python3.7/site-packages/airflow/example_dags/example_skip_dag.py
[2023-03-12T22:30:19.009+0000] {processor.py:766} INFO - DAG(s) dict_keys(['example_skip_dag']) retrieved from /home/airflow/.local/lib/python3.7/site-packages/airflow/example_dags/example_skip_dag.py
[2023-03-12T22:30:19.037+0000] {logging_mixin.py:120} INFO - [2023-03-12T22:30:19.037+0000] {dag.py:2585} INFO - Sync 1 DAGs
[2023-03-12T22:30:19.052+0000] {logging_mixin.py:120} INFO - [2023-03-12T22:30:19.052+0000] {dag.py:3340} INFO - Setting next_dagrun for example_skip_dag to 2023-03-11T22:30:19.051988+00:00, run_after=2023-03-12T22:30:19.051988+00:00
[2023-03-12T22:30:19.063+0000] {processor.py:176} INFO - Processing /home/airflow/.local/lib/python3.7/site-packages/airflow/example_dags/example_skip_dag.py took 0.080 seconds
[2023-03-12T23:33:23.502+0000] {processor.py:154} INFO - Started process (PID=37687) to work on /home/airflow/.local/lib/python3.7/site-packages/airflow/example_dags/example_skip_dag.py
[2023-03-12T23:33:23.503+0000] {processor.py:756} INFO - Processing file /home/airflow/.local/lib/python3.7/site-packages/airflow/example_dags/example_skip_dag.py for tasks to queue
[2023-03-12T23:33:23.503+0000] {logging_mixin.py:120} INFO - [2023-03-12T23:33:23.503+0000] {dagbag.py:537} INFO - Filling up the DagBag from /home/airflow/.local/lib/python3.7/site-packages/airflow/example_dags/example_skip_dag.py
[2023-03-12T23:33:23.522+0000] {processor.py:766} INFO - DAG(s) dict_keys(['example_skip_dag']) retrieved from /home/airflow/.local/lib/python3.7/site-packages/airflow/example_dags/example_skip_dag.py
[2023-03-12T23:33:23.556+0000] {logging_mixin.py:120} INFO - [2023-03-12T23:33:23.556+0000] {dag.py:2585} INFO - Sync 1 DAGs
[2023-03-12T23:33:23.574+0000] {logging_mixin.py:120} INFO - [2023-03-12T23:33:23.574+0000] {dag.py:3340} INFO - Setting next_dagrun for example_skip_dag to 2023-03-11T23:33:23.574011+00:00, run_after=2023-03-12T23:33:23.574011+00:00
[2023-03-12T23:33:23.586+0000] {processor.py:176} INFO - Processing /home/airflow/.local/lib/python3.7/site-packages/airflow/example_dags/example_skip_dag.py took 0.087 seconds
