[2023-03-12T00:05:12.761+0000] {processor.py:154} INFO - Started process (PID=36410) to work on /home/airflow/.local/lib/python3.7/site-packages/airflow/example_dags/example_sla_dag.py
[2023-03-12T00:05:12.762+0000] {processor.py:756} INFO - Processing file /home/airflow/.local/lib/python3.7/site-packages/airflow/example_dags/example_sla_dag.py for tasks to queue
[2023-03-12T00:05:12.763+0000] {logging_mixin.py:120} INFO - [2023-03-12T00:05:12.763+0000] {dagbag.py:537} INFO - Filling up the DagBag from /home/airflow/.local/lib/python3.7/site-packages/airflow/example_dags/example_sla_dag.py
[2023-03-12T00:05:12.777+0000] {processor.py:766} INFO - DAG(s) dict_keys(['example_sla_dag']) retrieved from /home/airflow/.local/lib/python3.7/site-packages/airflow/example_dags/example_sla_dag.py
[2023-03-12T00:05:12.804+0000] {logging_mixin.py:120} INFO - [2023-03-12T00:05:12.804+0000] {dag.py:2585} INFO - Sync 1 DAGs
[2023-03-12T00:05:12.819+0000] {logging_mixin.py:120} INFO - [2023-03-12T00:05:12.819+0000] {dag.py:3340} INFO - Setting next_dagrun for example_sla_dag to 2023-03-12T00:02:00+00:00, run_after=2023-03-12T00:04:00+00:00
[2023-03-12T00:05:12.829+0000] {processor.py:176} INFO - Processing /home/airflow/.local/lib/python3.7/site-packages/airflow/example_dags/example_sla_dag.py took 0.071 seconds
[2023-03-12T01:11:10.378+0000] {processor.py:154} INFO - Started process (PID=36464) to work on /home/airflow/.local/lib/python3.7/site-packages/airflow/example_dags/example_sla_dag.py
[2023-03-12T01:11:10.379+0000] {processor.py:756} INFO - Processing file /home/airflow/.local/lib/python3.7/site-packages/airflow/example_dags/example_sla_dag.py for tasks to queue
[2023-03-12T01:11:10.380+0000] {logging_mixin.py:120} INFO - [2023-03-12T01:11:10.380+0000] {dagbag.py:537} INFO - Filling up the DagBag from /home/airflow/.local/lib/python3.7/site-packages/airflow/example_dags/example_sla_dag.py
[2023-03-12T01:11:10.394+0000] {processor.py:766} INFO - DAG(s) dict_keys(['example_sla_dag']) retrieved from /home/airflow/.local/lib/python3.7/site-packages/airflow/example_dags/example_sla_dag.py
[2023-03-12T01:11:10.424+0000] {logging_mixin.py:120} INFO - [2023-03-12T01:11:10.424+0000] {dag.py:2585} INFO - Sync 1 DAGs
[2023-03-12T01:11:10.438+0000] {logging_mixin.py:120} INFO - [2023-03-12T01:11:10.438+0000] {dag.py:3340} INFO - Setting next_dagrun for example_sla_dag to 2023-03-12T01:08:00+00:00, run_after=2023-03-12T01:10:00+00:00
[2023-03-12T01:11:10.451+0000] {processor.py:176} INFO - Processing /home/airflow/.local/lib/python3.7/site-packages/airflow/example_dags/example_sla_dag.py took 0.075 seconds
[2023-03-12T02:20:08.208+0000] {processor.py:154} INFO - Started process (PID=36528) to work on /home/airflow/.local/lib/python3.7/site-packages/airflow/example_dags/example_sla_dag.py
[2023-03-12T02:20:08.210+0000] {processor.py:756} INFO - Processing file /home/airflow/.local/lib/python3.7/site-packages/airflow/example_dags/example_sla_dag.py for tasks to queue
[2023-03-12T02:20:08.211+0000] {logging_mixin.py:120} INFO - [2023-03-12T02:20:08.210+0000] {dagbag.py:537} INFO - Filling up the DagBag from /home/airflow/.local/lib/python3.7/site-packages/airflow/example_dags/example_sla_dag.py
[2023-03-12T02:20:08.227+0000] {processor.py:766} INFO - DAG(s) dict_keys(['example_sla_dag']) retrieved from /home/airflow/.local/lib/python3.7/site-packages/airflow/example_dags/example_sla_dag.py
[2023-03-12T02:20:08.261+0000] {logging_mixin.py:120} INFO - [2023-03-12T02:20:08.261+0000] {dag.py:2585} INFO - Sync 1 DAGs
[2023-03-12T02:20:08.279+0000] {logging_mixin.py:120} INFO - [2023-03-12T02:20:08.279+0000] {dag.py:3340} INFO - Setting next_dagrun for example_sla_dag to 2023-03-12T02:18:00+00:00, run_after=2023-03-12T02:20:00+00:00
[2023-03-12T02:20:08.295+0000] {processor.py:176} INFO - Processing /home/airflow/.local/lib/python3.7/site-packages/airflow/example_dags/example_sla_dag.py took 0.089 seconds
[2023-03-12T03:43:54.076+0000] {processor.py:154} INFO - Started process (PID=36591) to work on /home/airflow/.local/lib/python3.7/site-packages/airflow/example_dags/example_sla_dag.py
[2023-03-12T03:43:54.080+0000] {processor.py:756} INFO - Processing file /home/airflow/.local/lib/python3.7/site-packages/airflow/example_dags/example_sla_dag.py for tasks to queue
[2023-03-12T03:43:54.081+0000] {logging_mixin.py:120} INFO - [2023-03-12T03:43:54.081+0000] {dagbag.py:537} INFO - Filling up the DagBag from /home/airflow/.local/lib/python3.7/site-packages/airflow/example_dags/example_sla_dag.py
[2023-03-12T03:43:54.102+0000] {processor.py:766} INFO - DAG(s) dict_keys(['example_sla_dag']) retrieved from /home/airflow/.local/lib/python3.7/site-packages/airflow/example_dags/example_sla_dag.py
[2023-03-12T03:43:54.147+0000] {logging_mixin.py:120} INFO - [2023-03-12T03:43:54.147+0000] {dag.py:2585} INFO - Sync 1 DAGs
[2023-03-12T03:43:54.170+0000] {logging_mixin.py:120} INFO - [2023-03-12T03:43:54.170+0000] {dag.py:3340} INFO - Setting next_dagrun for example_sla_dag to 2023-03-12T03:40:00+00:00, run_after=2023-03-12T03:42:00+00:00
[2023-03-12T03:43:54.185+0000] {processor.py:176} INFO - Processing /home/airflow/.local/lib/python3.7/site-packages/airflow/example_dags/example_sla_dag.py took 0.111 seconds
[2023-03-12T04:47:39.277+0000] {processor.py:154} INFO - Started process (PID=36654) to work on /home/airflow/.local/lib/python3.7/site-packages/airflow/example_dags/example_sla_dag.py
[2023-03-12T04:47:39.278+0000] {processor.py:756} INFO - Processing file /home/airflow/.local/lib/python3.7/site-packages/airflow/example_dags/example_sla_dag.py for tasks to queue
[2023-03-12T04:47:39.279+0000] {logging_mixin.py:120} INFO - [2023-03-12T04:47:39.279+0000] {dagbag.py:537} INFO - Filling up the DagBag from /home/airflow/.local/lib/python3.7/site-packages/airflow/example_dags/example_sla_dag.py
[2023-03-12T04:47:39.307+0000] {processor.py:766} INFO - DAG(s) dict_keys(['example_sla_dag']) retrieved from /home/airflow/.local/lib/python3.7/site-packages/airflow/example_dags/example_sla_dag.py
[2023-03-12T04:47:39.353+0000] {logging_mixin.py:120} INFO - [2023-03-12T04:47:39.353+0000] {dag.py:2585} INFO - Sync 1 DAGs
[2023-03-12T04:47:39.379+0000] {logging_mixin.py:120} INFO - [2023-03-12T04:47:39.378+0000] {dag.py:3340} INFO - Setting next_dagrun for example_sla_dag to 2023-03-12T04:44:00+00:00, run_after=2023-03-12T04:46:00+00:00
[2023-03-12T04:47:39.402+0000] {processor.py:176} INFO - Processing /home/airflow/.local/lib/python3.7/site-packages/airflow/example_dags/example_sla_dag.py took 0.130 seconds
[2023-03-12T05:46:53.641+0000] {processor.py:154} INFO - Started process (PID=36717) to work on /home/airflow/.local/lib/python3.7/site-packages/airflow/example_dags/example_sla_dag.py
[2023-03-12T05:46:53.643+0000] {processor.py:756} INFO - Processing file /home/airflow/.local/lib/python3.7/site-packages/airflow/example_dags/example_sla_dag.py for tasks to queue
[2023-03-12T05:46:53.644+0000] {logging_mixin.py:120} INFO - [2023-03-12T05:46:53.644+0000] {dagbag.py:537} INFO - Filling up the DagBag from /home/airflow/.local/lib/python3.7/site-packages/airflow/example_dags/example_sla_dag.py
[2023-03-12T05:46:53.662+0000] {processor.py:766} INFO - DAG(s) dict_keys(['example_sla_dag']) retrieved from /home/airflow/.local/lib/python3.7/site-packages/airflow/example_dags/example_sla_dag.py
[2023-03-12T05:46:53.696+0000] {logging_mixin.py:120} INFO - [2023-03-12T05:46:53.695+0000] {dag.py:2585} INFO - Sync 1 DAGs
[2023-03-12T05:46:53.714+0000] {logging_mixin.py:120} INFO - [2023-03-12T05:46:53.714+0000] {dag.py:3340} INFO - Setting next_dagrun for example_sla_dag to 2023-03-12T05:44:00+00:00, run_after=2023-03-12T05:46:00+00:00
[2023-03-12T05:46:53.729+0000] {processor.py:176} INFO - Processing /home/airflow/.local/lib/python3.7/site-packages/airflow/example_dags/example_sla_dag.py took 0.091 seconds
[2023-03-12T06:51:41.640+0000] {processor.py:154} INFO - Started process (PID=36781) to work on /home/airflow/.local/lib/python3.7/site-packages/airflow/example_dags/example_sla_dag.py
[2023-03-12T06:51:41.644+0000] {processor.py:756} INFO - Processing file /home/airflow/.local/lib/python3.7/site-packages/airflow/example_dags/example_sla_dag.py for tasks to queue
[2023-03-12T06:51:41.646+0000] {logging_mixin.py:120} INFO - [2023-03-12T06:51:41.645+0000] {dagbag.py:537} INFO - Filling up the DagBag from /home/airflow/.local/lib/python3.7/site-packages/airflow/example_dags/example_sla_dag.py
[2023-03-12T06:51:41.672+0000] {processor.py:766} INFO - DAG(s) dict_keys(['example_sla_dag']) retrieved from /home/airflow/.local/lib/python3.7/site-packages/airflow/example_dags/example_sla_dag.py
[2023-03-12T06:51:41.746+0000] {logging_mixin.py:120} INFO - [2023-03-12T06:51:41.746+0000] {dag.py:2585} INFO - Sync 1 DAGs
[2023-03-12T06:51:41.775+0000] {logging_mixin.py:120} INFO - [2023-03-12T06:51:41.775+0000] {dag.py:3340} INFO - Setting next_dagrun for example_sla_dag to 2023-03-12T06:48:00+00:00, run_after=2023-03-12T06:50:00+00:00
[2023-03-12T06:51:41.802+0000] {processor.py:176} INFO - Processing /home/airflow/.local/lib/python3.7/site-packages/airflow/example_dags/example_sla_dag.py took 0.165 seconds
[2023-03-12T07:59:58.714+0000] {processor.py:154} INFO - Started process (PID=36835) to work on /home/airflow/.local/lib/python3.7/site-packages/airflow/example_dags/example_sla_dag.py
[2023-03-12T07:59:58.716+0000] {processor.py:756} INFO - Processing file /home/airflow/.local/lib/python3.7/site-packages/airflow/example_dags/example_sla_dag.py for tasks to queue
[2023-03-12T07:59:58.717+0000] {logging_mixin.py:120} INFO - [2023-03-12T07:59:58.717+0000] {dagbag.py:537} INFO - Filling up the DagBag from /home/airflow/.local/lib/python3.7/site-packages/airflow/example_dags/example_sla_dag.py
[2023-03-12T07:59:58.736+0000] {processor.py:766} INFO - DAG(s) dict_keys(['example_sla_dag']) retrieved from /home/airflow/.local/lib/python3.7/site-packages/airflow/example_dags/example_sla_dag.py
[2023-03-12T07:59:58.779+0000] {logging_mixin.py:120} INFO - [2023-03-12T07:59:58.779+0000] {dag.py:2585} INFO - Sync 1 DAGs
[2023-03-12T07:59:58.799+0000] {logging_mixin.py:120} INFO - [2023-03-12T07:59:58.799+0000] {dag.py:3340} INFO - Setting next_dagrun for example_sla_dag to 2023-03-12T07:56:00+00:00, run_after=2023-03-12T07:58:00+00:00
[2023-03-12T07:59:58.820+0000] {processor.py:176} INFO - Processing /home/airflow/.local/lib/python3.7/site-packages/airflow/example_dags/example_sla_dag.py took 0.109 seconds
[2023-03-12T09:20:39.039+0000] {processor.py:154} INFO - Started process (PID=36898) to work on /home/airflow/.local/lib/python3.7/site-packages/airflow/example_dags/example_sla_dag.py
[2023-03-12T09:20:39.046+0000] {processor.py:756} INFO - Processing file /home/airflow/.local/lib/python3.7/site-packages/airflow/example_dags/example_sla_dag.py for tasks to queue
[2023-03-12T09:20:39.047+0000] {logging_mixin.py:120} INFO - [2023-03-12T09:20:39.047+0000] {dagbag.py:537} INFO - Filling up the DagBag from /home/airflow/.local/lib/python3.7/site-packages/airflow/example_dags/example_sla_dag.py
[2023-03-12T09:20:39.082+0000] {processor.py:766} INFO - DAG(s) dict_keys(['example_sla_dag']) retrieved from /home/airflow/.local/lib/python3.7/site-packages/airflow/example_dags/example_sla_dag.py
[2023-03-12T09:20:39.151+0000] {logging_mixin.py:120} INFO - [2023-03-12T09:20:39.151+0000] {dag.py:2585} INFO - Sync 1 DAGs
[2023-03-12T09:20:39.177+0000] {logging_mixin.py:120} INFO - [2023-03-12T09:20:39.177+0000] {dag.py:3340} INFO - Setting next_dagrun for example_sla_dag to 2023-03-12T09:18:00+00:00, run_after=2023-03-12T09:20:00+00:00
[2023-03-12T09:20:39.214+0000] {processor.py:176} INFO - Processing /home/airflow/.local/lib/python3.7/site-packages/airflow/example_dags/example_sla_dag.py took 0.178 seconds
[2023-03-12T10:26:32.987+0000] {processor.py:154} INFO - Started process (PID=36961) to work on /home/airflow/.local/lib/python3.7/site-packages/airflow/example_dags/example_sla_dag.py
[2023-03-12T10:26:32.988+0000] {processor.py:756} INFO - Processing file /home/airflow/.local/lib/python3.7/site-packages/airflow/example_dags/example_sla_dag.py for tasks to queue
[2023-03-12T10:26:32.989+0000] {logging_mixin.py:120} INFO - [2023-03-12T10:26:32.989+0000] {dagbag.py:537} INFO - Filling up the DagBag from /home/airflow/.local/lib/python3.7/site-packages/airflow/example_dags/example_sla_dag.py
[2023-03-12T10:26:33.011+0000] {processor.py:766} INFO - DAG(s) dict_keys(['example_sla_dag']) retrieved from /home/airflow/.local/lib/python3.7/site-packages/airflow/example_dags/example_sla_dag.py
[2023-03-12T10:26:33.056+0000] {logging_mixin.py:120} INFO - [2023-03-12T10:26:33.056+0000] {dag.py:2585} INFO - Sync 1 DAGs
[2023-03-12T10:26:33.077+0000] {logging_mixin.py:120} INFO - [2023-03-12T10:26:33.077+0000] {dag.py:3340} INFO - Setting next_dagrun for example_sla_dag to 2023-03-12T10:24:00+00:00, run_after=2023-03-12T10:26:00+00:00
[2023-03-12T10:26:33.096+0000] {processor.py:176} INFO - Processing /home/airflow/.local/lib/python3.7/site-packages/airflow/example_dags/example_sla_dag.py took 0.112 seconds
[2023-03-12T11:32:28.761+0000] {processor.py:154} INFO - Started process (PID=37024) to work on /home/airflow/.local/lib/python3.7/site-packages/airflow/example_dags/example_sla_dag.py
[2023-03-12T11:32:28.765+0000] {processor.py:756} INFO - Processing file /home/airflow/.local/lib/python3.7/site-packages/airflow/example_dags/example_sla_dag.py for tasks to queue
[2023-03-12T11:32:28.768+0000] {logging_mixin.py:120} INFO - [2023-03-12T11:32:28.768+0000] {dagbag.py:537} INFO - Filling up the DagBag from /home/airflow/.local/lib/python3.7/site-packages/airflow/example_dags/example_sla_dag.py
[2023-03-12T11:32:28.807+0000] {processor.py:766} INFO - DAG(s) dict_keys(['example_sla_dag']) retrieved from /home/airflow/.local/lib/python3.7/site-packages/airflow/example_dags/example_sla_dag.py
[2023-03-12T11:32:28.855+0000] {logging_mixin.py:120} INFO - [2023-03-12T11:32:28.855+0000] {dag.py:2585} INFO - Sync 1 DAGs
[2023-03-12T11:32:28.882+0000] {logging_mixin.py:120} INFO - [2023-03-12T11:32:28.882+0000] {dag.py:3340} INFO - Setting next_dagrun for example_sla_dag to 2023-03-12T11:30:00+00:00, run_after=2023-03-12T11:32:00+00:00
[2023-03-12T11:32:28.901+0000] {processor.py:176} INFO - Processing /home/airflow/.local/lib/python3.7/site-packages/airflow/example_dags/example_sla_dag.py took 0.143 seconds
[2023-03-12T12:40:41.082+0000] {processor.py:154} INFO - Started process (PID=37078) to work on /home/airflow/.local/lib/python3.7/site-packages/airflow/example_dags/example_sla_dag.py
[2023-03-12T12:40:41.085+0000] {processor.py:756} INFO - Processing file /home/airflow/.local/lib/python3.7/site-packages/airflow/example_dags/example_sla_dag.py for tasks to queue
[2023-03-12T12:40:41.086+0000] {logging_mixin.py:120} INFO - [2023-03-12T12:40:41.086+0000] {dagbag.py:537} INFO - Filling up the DagBag from /home/airflow/.local/lib/python3.7/site-packages/airflow/example_dags/example_sla_dag.py
[2023-03-12T12:40:41.121+0000] {processor.py:766} INFO - DAG(s) dict_keys(['example_sla_dag']) retrieved from /home/airflow/.local/lib/python3.7/site-packages/airflow/example_dags/example_sla_dag.py
[2023-03-12T12:40:41.166+0000] {logging_mixin.py:120} INFO - [2023-03-12T12:40:41.166+0000] {dag.py:2585} INFO - Sync 1 DAGs
[2023-03-12T12:40:41.187+0000] {logging_mixin.py:120} INFO - [2023-03-12T12:40:41.187+0000] {dag.py:3340} INFO - Setting next_dagrun for example_sla_dag to 2023-03-12T12:38:00+00:00, run_after=2023-03-12T12:40:00+00:00
[2023-03-12T12:40:41.201+0000] {processor.py:176} INFO - Processing /home/airflow/.local/lib/python3.7/site-packages/airflow/example_dags/example_sla_dag.py took 0.122 seconds
[2023-03-12T13:59:49.380+0000] {processor.py:154} INFO - Started process (PID=37141) to work on /home/airflow/.local/lib/python3.7/site-packages/airflow/example_dags/example_sla_dag.py
[2023-03-12T13:59:49.381+0000] {processor.py:756} INFO - Processing file /home/airflow/.local/lib/python3.7/site-packages/airflow/example_dags/example_sla_dag.py for tasks to queue
[2023-03-12T13:59:49.382+0000] {logging_mixin.py:120} INFO - [2023-03-12T13:59:49.382+0000] {dagbag.py:537} INFO - Filling up the DagBag from /home/airflow/.local/lib/python3.7/site-packages/airflow/example_dags/example_sla_dag.py
[2023-03-12T13:59:49.411+0000] {processor.py:766} INFO - DAG(s) dict_keys(['example_sla_dag']) retrieved from /home/airflow/.local/lib/python3.7/site-packages/airflow/example_dags/example_sla_dag.py
[2023-03-12T13:59:49.447+0000] {logging_mixin.py:120} INFO - [2023-03-12T13:59:49.446+0000] {dag.py:2585} INFO - Sync 1 DAGs
[2023-03-12T13:59:49.467+0000] {logging_mixin.py:120} INFO - [2023-03-12T13:59:49.466+0000] {dag.py:3340} INFO - Setting next_dagrun for example_sla_dag to 2023-03-12T13:56:00+00:00, run_after=2023-03-12T13:58:00+00:00
[2023-03-12T13:59:49.486+0000] {processor.py:176} INFO - Processing /home/airflow/.local/lib/python3.7/site-packages/airflow/example_dags/example_sla_dag.py took 0.108 seconds
[2023-03-12T15:06:07.214+0000] {processor.py:154} INFO - Started process (PID=37204) to work on /home/airflow/.local/lib/python3.7/site-packages/airflow/example_dags/example_sla_dag.py
[2023-03-12T15:06:07.216+0000] {processor.py:756} INFO - Processing file /home/airflow/.local/lib/python3.7/site-packages/airflow/example_dags/example_sla_dag.py for tasks to queue
[2023-03-12T15:06:07.216+0000] {logging_mixin.py:120} INFO - [2023-03-12T15:06:07.216+0000] {dagbag.py:537} INFO - Filling up the DagBag from /home/airflow/.local/lib/python3.7/site-packages/airflow/example_dags/example_sla_dag.py
[2023-03-12T15:06:07.244+0000] {processor.py:766} INFO - DAG(s) dict_keys(['example_sla_dag']) retrieved from /home/airflow/.local/lib/python3.7/site-packages/airflow/example_dags/example_sla_dag.py
[2023-03-12T15:06:07.290+0000] {logging_mixin.py:120} INFO - [2023-03-12T15:06:07.290+0000] {dag.py:2585} INFO - Sync 1 DAGs
[2023-03-12T15:06:07.311+0000] {logging_mixin.py:120} INFO - [2023-03-12T15:06:07.311+0000] {dag.py:3340} INFO - Setting next_dagrun for example_sla_dag to 2023-03-12T15:04:00+00:00, run_after=2023-03-12T15:06:00+00:00
[2023-03-12T15:06:07.329+0000] {processor.py:176} INFO - Processing /home/airflow/.local/lib/python3.7/site-packages/airflow/example_dags/example_sla_dag.py took 0.117 seconds
[2023-03-12T16:10:46.291+0000] {processor.py:154} INFO - Started process (PID=37268) to work on /home/airflow/.local/lib/python3.7/site-packages/airflow/example_dags/example_sla_dag.py
[2023-03-12T16:10:46.293+0000] {processor.py:756} INFO - Processing file /home/airflow/.local/lib/python3.7/site-packages/airflow/example_dags/example_sla_dag.py for tasks to queue
[2023-03-12T16:10:46.294+0000] {logging_mixin.py:120} INFO - [2023-03-12T16:10:46.294+0000] {dagbag.py:537} INFO - Filling up the DagBag from /home/airflow/.local/lib/python3.7/site-packages/airflow/example_dags/example_sla_dag.py
[2023-03-12T16:10:46.335+0000] {processor.py:766} INFO - DAG(s) dict_keys(['example_sla_dag']) retrieved from /home/airflow/.local/lib/python3.7/site-packages/airflow/example_dags/example_sla_dag.py
[2023-03-12T16:10:46.376+0000] {logging_mixin.py:120} INFO - [2023-03-12T16:10:46.376+0000] {dag.py:2585} INFO - Sync 1 DAGs
[2023-03-12T16:10:46.405+0000] {logging_mixin.py:120} INFO - [2023-03-12T16:10:46.405+0000] {dag.py:3340} INFO - Setting next_dagrun for example_sla_dag to 2023-03-12T16:08:00+00:00, run_after=2023-03-12T16:10:00+00:00
[2023-03-12T16:10:46.422+0000] {processor.py:176} INFO - Processing /home/airflow/.local/lib/python3.7/site-packages/airflow/example_dags/example_sla_dag.py took 0.133 seconds
[2023-03-12T17:18:13.602+0000] {processor.py:154} INFO - Started process (PID=37331) to work on /home/airflow/.local/lib/python3.7/site-packages/airflow/example_dags/example_sla_dag.py
[2023-03-12T17:18:13.607+0000] {processor.py:756} INFO - Processing file /home/airflow/.local/lib/python3.7/site-packages/airflow/example_dags/example_sla_dag.py for tasks to queue
[2023-03-12T17:18:13.608+0000] {logging_mixin.py:120} INFO - [2023-03-12T17:18:13.608+0000] {dagbag.py:537} INFO - Filling up the DagBag from /home/airflow/.local/lib/python3.7/site-packages/airflow/example_dags/example_sla_dag.py
[2023-03-12T17:18:13.642+0000] {processor.py:766} INFO - DAG(s) dict_keys(['example_sla_dag']) retrieved from /home/airflow/.local/lib/python3.7/site-packages/airflow/example_dags/example_sla_dag.py
[2023-03-12T17:18:13.697+0000] {logging_mixin.py:120} INFO - [2023-03-12T17:18:13.697+0000] {dag.py:2585} INFO - Sync 1 DAGs
[2023-03-12T17:18:13.723+0000] {logging_mixin.py:120} INFO - [2023-03-12T17:18:13.723+0000] {dag.py:3340} INFO - Setting next_dagrun for example_sla_dag to 2023-03-12T17:16:00+00:00, run_after=2023-03-12T17:18:00+00:00
[2023-03-12T17:18:13.748+0000] {processor.py:176} INFO - Processing /home/airflow/.local/lib/python3.7/site-packages/airflow/example_dags/example_sla_dag.py took 0.148 seconds
[2023-03-12T18:23:04.925+0000] {processor.py:154} INFO - Started process (PID=37385) to work on /home/airflow/.local/lib/python3.7/site-packages/airflow/example_dags/example_sla_dag.py
[2023-03-12T18:23:04.926+0000] {processor.py:756} INFO - Processing file /home/airflow/.local/lib/python3.7/site-packages/airflow/example_dags/example_sla_dag.py for tasks to queue
[2023-03-12T18:23:04.927+0000] {logging_mixin.py:120} INFO - [2023-03-12T18:23:04.927+0000] {dagbag.py:537} INFO - Filling up the DagBag from /home/airflow/.local/lib/python3.7/site-packages/airflow/example_dags/example_sla_dag.py
[2023-03-12T18:23:04.950+0000] {processor.py:766} INFO - DAG(s) dict_keys(['example_sla_dag']) retrieved from /home/airflow/.local/lib/python3.7/site-packages/airflow/example_dags/example_sla_dag.py
[2023-03-12T18:23:05.003+0000] {logging_mixin.py:120} INFO - [2023-03-12T18:23:05.003+0000] {dag.py:2585} INFO - Sync 1 DAGs
[2023-03-12T18:23:05.031+0000] {logging_mixin.py:120} INFO - [2023-03-12T18:23:05.031+0000] {dag.py:3340} INFO - Setting next_dagrun for example_sla_dag to 2023-03-12T18:20:00+00:00, run_after=2023-03-12T18:22:00+00:00
[2023-03-12T18:23:05.051+0000] {processor.py:176} INFO - Processing /home/airflow/.local/lib/python3.7/site-packages/airflow/example_dags/example_sla_dag.py took 0.128 seconds
[2023-03-12T19:03:58.209+0000] {processor.py:154} INFO - Started process (PID=37448) to work on /home/airflow/.local/lib/python3.7/site-packages/airflow/example_dags/example_sla_dag.py
[2023-03-12T19:03:58.213+0000] {processor.py:756} INFO - Processing file /home/airflow/.local/lib/python3.7/site-packages/airflow/example_dags/example_sla_dag.py for tasks to queue
[2023-03-12T19:03:58.214+0000] {logging_mixin.py:120} INFO - [2023-03-12T19:03:58.214+0000] {dagbag.py:537} INFO - Filling up the DagBag from /home/airflow/.local/lib/python3.7/site-packages/airflow/example_dags/example_sla_dag.py
[2023-03-12T19:03:58.246+0000] {processor.py:766} INFO - DAG(s) dict_keys(['example_sla_dag']) retrieved from /home/airflow/.local/lib/python3.7/site-packages/airflow/example_dags/example_sla_dag.py
[2023-03-12T19:03:58.290+0000] {logging_mixin.py:120} INFO - [2023-03-12T19:03:58.290+0000] {dag.py:2585} INFO - Sync 1 DAGs
[2023-03-12T19:03:58.314+0000] {logging_mixin.py:120} INFO - [2023-03-12T19:03:58.313+0000] {dag.py:3340} INFO - Setting next_dagrun for example_sla_dag to 2023-03-12T19:00:00+00:00, run_after=2023-03-12T19:02:00+00:00
[2023-03-12T19:03:58.329+0000] {processor.py:176} INFO - Processing /home/airflow/.local/lib/python3.7/site-packages/airflow/example_dags/example_sla_dag.py took 0.122 seconds
[2023-03-12T20:24:27.870+0000] {processor.py:154} INFO - Started process (PID=37510) to work on /home/airflow/.local/lib/python3.7/site-packages/airflow/example_dags/example_sla_dag.py
[2023-03-12T20:24:27.871+0000] {processor.py:756} INFO - Processing file /home/airflow/.local/lib/python3.7/site-packages/airflow/example_dags/example_sla_dag.py for tasks to queue
[2023-03-12T20:24:27.872+0000] {logging_mixin.py:120} INFO - [2023-03-12T20:24:27.872+0000] {dagbag.py:537} INFO - Filling up the DagBag from /home/airflow/.local/lib/python3.7/site-packages/airflow/example_dags/example_sla_dag.py
[2023-03-12T20:24:27.902+0000] {processor.py:766} INFO - DAG(s) dict_keys(['example_sla_dag']) retrieved from /home/airflow/.local/lib/python3.7/site-packages/airflow/example_dags/example_sla_dag.py
[2023-03-12T20:24:27.953+0000] {logging_mixin.py:120} INFO - [2023-03-12T20:24:27.953+0000] {dag.py:2585} INFO - Sync 1 DAGs
[2023-03-12T20:24:27.975+0000] {logging_mixin.py:120} INFO - [2023-03-12T20:24:27.975+0000] {dag.py:3340} INFO - Setting next_dagrun for example_sla_dag to 2023-03-12T20:22:00+00:00, run_after=2023-03-12T20:24:00+00:00
[2023-03-12T20:24:27.991+0000] {processor.py:176} INFO - Processing /home/airflow/.local/lib/python3.7/site-packages/airflow/example_dags/example_sla_dag.py took 0.128 seconds
[2023-03-12T21:28:18.873+0000] {processor.py:154} INFO - Started process (PID=37573) to work on /home/airflow/.local/lib/python3.7/site-packages/airflow/example_dags/example_sla_dag.py
[2023-03-12T21:28:18.877+0000] {processor.py:756} INFO - Processing file /home/airflow/.local/lib/python3.7/site-packages/airflow/example_dags/example_sla_dag.py for tasks to queue
[2023-03-12T21:28:18.878+0000] {logging_mixin.py:120} INFO - [2023-03-12T21:28:18.878+0000] {dagbag.py:537} INFO - Filling up the DagBag from /home/airflow/.local/lib/python3.7/site-packages/airflow/example_dags/example_sla_dag.py
[2023-03-12T21:28:18.915+0000] {processor.py:766} INFO - DAG(s) dict_keys(['example_sla_dag']) retrieved from /home/airflow/.local/lib/python3.7/site-packages/airflow/example_dags/example_sla_dag.py
[2023-03-12T21:28:18.957+0000] {logging_mixin.py:120} INFO - [2023-03-12T21:28:18.957+0000] {dag.py:2585} INFO - Sync 1 DAGs
[2023-03-12T21:28:18.984+0000] {logging_mixin.py:120} INFO - [2023-03-12T21:28:18.984+0000] {dag.py:3340} INFO - Setting next_dagrun for example_sla_dag to 2023-03-12T21:26:00+00:00, run_after=2023-03-12T21:28:00+00:00
[2023-03-12T21:28:19.012+0000] {processor.py:176} INFO - Processing /home/airflow/.local/lib/python3.7/site-packages/airflow/example_dags/example_sla_dag.py took 0.142 seconds
[2023-03-12T22:30:19.261+0000] {processor.py:154} INFO - Started process (PID=37628) to work on /home/airflow/.local/lib/python3.7/site-packages/airflow/example_dags/example_sla_dag.py
[2023-03-12T22:30:19.266+0000] {processor.py:756} INFO - Processing file /home/airflow/.local/lib/python3.7/site-packages/airflow/example_dags/example_sla_dag.py for tasks to queue
[2023-03-12T22:30:19.267+0000] {logging_mixin.py:120} INFO - [2023-03-12T22:30:19.267+0000] {dagbag.py:537} INFO - Filling up the DagBag from /home/airflow/.local/lib/python3.7/site-packages/airflow/example_dags/example_sla_dag.py
[2023-03-12T22:30:19.297+0000] {processor.py:766} INFO - DAG(s) dict_keys(['example_sla_dag']) retrieved from /home/airflow/.local/lib/python3.7/site-packages/airflow/example_dags/example_sla_dag.py
[2023-03-12T22:30:19.359+0000] {logging_mixin.py:120} INFO - [2023-03-12T22:30:19.359+0000] {dag.py:2585} INFO - Sync 1 DAGs
[2023-03-12T22:30:19.394+0000] {logging_mixin.py:120} INFO - [2023-03-12T22:30:19.393+0000] {dag.py:3340} INFO - Setting next_dagrun for example_sla_dag to 2023-03-12T22:28:00+00:00, run_after=2023-03-12T22:30:00+00:00
[2023-03-12T22:30:19.423+0000] {processor.py:176} INFO - Processing /home/airflow/.local/lib/python3.7/site-packages/airflow/example_dags/example_sla_dag.py took 0.165 seconds
[2023-03-12T23:33:23.777+0000] {processor.py:154} INFO - Started process (PID=37691) to work on /home/airflow/.local/lib/python3.7/site-packages/airflow/example_dags/example_sla_dag.py
[2023-03-12T23:33:23.781+0000] {processor.py:756} INFO - Processing file /home/airflow/.local/lib/python3.7/site-packages/airflow/example_dags/example_sla_dag.py for tasks to queue
[2023-03-12T23:33:23.782+0000] {logging_mixin.py:120} INFO - [2023-03-12T23:33:23.782+0000] {dagbag.py:537} INFO - Filling up the DagBag from /home/airflow/.local/lib/python3.7/site-packages/airflow/example_dags/example_sla_dag.py
[2023-03-12T23:33:23.813+0000] {processor.py:766} INFO - DAG(s) dict_keys(['example_sla_dag']) retrieved from /home/airflow/.local/lib/python3.7/site-packages/airflow/example_dags/example_sla_dag.py
[2023-03-12T23:33:24.261+0000] {logging_mixin.py:120} INFO - [2023-03-12T23:33:24.261+0000] {dag.py:2585} INFO - Sync 1 DAGs
[2023-03-12T23:33:24.299+0000] {logging_mixin.py:120} INFO - [2023-03-12T23:33:24.299+0000] {dag.py:3340} INFO - Setting next_dagrun for example_sla_dag to 2023-03-12T23:30:00+00:00, run_after=2023-03-12T23:32:00+00:00
[2023-03-12T23:33:24.318+0000] {processor.py:176} INFO - Processing /home/airflow/.local/lib/python3.7/site-packages/airflow/example_dags/example_sla_dag.py took 0.545 seconds
