[2023-03-12T00:05:11.909+0000] {processor.py:154} INFO - Started process (PID=36395) to work on /home/airflow/.local/lib/python3.7/site-packages/airflow/example_dags/example_python_operator.py
[2023-03-12T00:05:11.910+0000] {processor.py:756} INFO - Processing file /home/airflow/.local/lib/python3.7/site-packages/airflow/example_dags/example_python_operator.py for tasks to queue
[2023-03-12T00:05:11.910+0000] {logging_mixin.py:120} INFO - [2023-03-12T00:05:11.910+0000] {dagbag.py:537} INFO - Filling up the DagBag from /home/airflow/.local/lib/python3.7/site-packages/airflow/example_dags/example_python_operator.py
[2023-03-12T00:05:11.921+0000] {logging_mixin.py:120} INFO - [2023-03-12T00:05:11.921+0000] {taskmixin.py:205} WARNING - Dependency <Task(_PythonDecoratedOperator): print_the_context>, log_sql_query already registered for DAG: example_python_operator
[2023-03-12T00:05:11.922+0000] {logging_mixin.py:120} INFO - [2023-03-12T00:05:11.922+0000] {taskmixin.py:205} WARNING - Dependency <Task(_PythonDecoratedOperator): log_sql_query>, print_the_context already registered for DAG: example_python_operator
[2023-03-12T00:05:11.923+0000] {logging_mixin.py:120} INFO - [2023-03-12T00:05:11.923+0000] {taskmixin.py:205} WARNING - Dependency <Task(_PythonDecoratedOperator): print_the_context>, log_sql_query already registered for DAG: example_python_operator
[2023-03-12T00:05:11.923+0000] {logging_mixin.py:120} INFO - [2023-03-12T00:05:11.923+0000] {taskmixin.py:205} WARNING - Dependency <Task(_PythonDecoratedOperator): log_sql_query>, print_the_context already registered for DAG: example_python_operator
[2023-03-12T00:05:11.924+0000] {logging_mixin.py:120} INFO - [2023-03-12T00:05:11.924+0000] {taskmixin.py:205} WARNING - Dependency <Task(_PythonDecoratedOperator): print_the_context>, log_sql_query already registered for DAG: example_python_operator
[2023-03-12T00:05:11.924+0000] {logging_mixin.py:120} INFO - [2023-03-12T00:05:11.924+0000] {taskmixin.py:205} WARNING - Dependency <Task(_PythonDecoratedOperator): log_sql_query>, print_the_context already registered for DAG: example_python_operator
[2023-03-12T00:05:11.925+0000] {logging_mixin.py:120} INFO - [2023-03-12T00:05:11.925+0000] {taskmixin.py:205} WARNING - Dependency <Task(_PythonDecoratedOperator): print_the_context>, log_sql_query already registered for DAG: example_python_operator
[2023-03-12T00:05:11.925+0000] {logging_mixin.py:120} INFO - [2023-03-12T00:05:11.925+0000] {taskmixin.py:205} WARNING - Dependency <Task(_PythonDecoratedOperator): log_sql_query>, print_the_context already registered for DAG: example_python_operator
[2023-03-12T00:05:11.930+0000] {processor.py:766} INFO - DAG(s) dict_keys(['example_python_operator']) retrieved from /home/airflow/.local/lib/python3.7/site-packages/airflow/example_dags/example_python_operator.py
[2023-03-12T00:05:11.958+0000] {logging_mixin.py:120} INFO - [2023-03-12T00:05:11.958+0000] {dag.py:2585} INFO - Sync 1 DAGs
[2023-03-12T00:05:11.973+0000] {logging_mixin.py:120} INFO - [2023-03-12T00:05:11.972+0000] {dag.py:3340} INFO - Setting next_dagrun for example_python_operator to None, run_after=None
[2023-03-12T00:05:11.984+0000] {processor.py:176} INFO - Processing /home/airflow/.local/lib/python3.7/site-packages/airflow/example_dags/example_python_operator.py took 0.078 seconds
[2023-03-12T01:11:08.958+0000] {processor.py:154} INFO - Started process (PID=36449) to work on /home/airflow/.local/lib/python3.7/site-packages/airflow/example_dags/example_python_operator.py
[2023-03-12T01:11:08.959+0000] {processor.py:756} INFO - Processing file /home/airflow/.local/lib/python3.7/site-packages/airflow/example_dags/example_python_operator.py for tasks to queue
[2023-03-12T01:11:08.960+0000] {logging_mixin.py:120} INFO - [2023-03-12T01:11:08.960+0000] {dagbag.py:537} INFO - Filling up the DagBag from /home/airflow/.local/lib/python3.7/site-packages/airflow/example_dags/example_python_operator.py
[2023-03-12T01:11:08.971+0000] {logging_mixin.py:120} INFO - [2023-03-12T01:11:08.971+0000] {taskmixin.py:205} WARNING - Dependency <Task(_PythonDecoratedOperator): print_the_context>, log_sql_query already registered for DAG: example_python_operator
[2023-03-12T01:11:08.972+0000] {logging_mixin.py:120} INFO - [2023-03-12T01:11:08.972+0000] {taskmixin.py:205} WARNING - Dependency <Task(_PythonDecoratedOperator): log_sql_query>, print_the_context already registered for DAG: example_python_operator
[2023-03-12T01:11:08.973+0000] {logging_mixin.py:120} INFO - [2023-03-12T01:11:08.973+0000] {taskmixin.py:205} WARNING - Dependency <Task(_PythonDecoratedOperator): print_the_context>, log_sql_query already registered for DAG: example_python_operator
[2023-03-12T01:11:08.974+0000] {logging_mixin.py:120} INFO - [2023-03-12T01:11:08.974+0000] {taskmixin.py:205} WARNING - Dependency <Task(_PythonDecoratedOperator): log_sql_query>, print_the_context already registered for DAG: example_python_operator
[2023-03-12T01:11:08.974+0000] {logging_mixin.py:120} INFO - [2023-03-12T01:11:08.974+0000] {taskmixin.py:205} WARNING - Dependency <Task(_PythonDecoratedOperator): print_the_context>, log_sql_query already registered for DAG: example_python_operator
[2023-03-12T01:11:08.975+0000] {logging_mixin.py:120} INFO - [2023-03-12T01:11:08.975+0000] {taskmixin.py:205} WARNING - Dependency <Task(_PythonDecoratedOperator): log_sql_query>, print_the_context already registered for DAG: example_python_operator
[2023-03-12T01:11:08.977+0000] {logging_mixin.py:120} INFO - [2023-03-12T01:11:08.977+0000] {taskmixin.py:205} WARNING - Dependency <Task(_PythonDecoratedOperator): print_the_context>, log_sql_query already registered for DAG: example_python_operator
[2023-03-12T01:11:08.978+0000] {logging_mixin.py:120} INFO - [2023-03-12T01:11:08.978+0000] {taskmixin.py:205} WARNING - Dependency <Task(_PythonDecoratedOperator): log_sql_query>, print_the_context already registered for DAG: example_python_operator
[2023-03-12T01:11:08.984+0000] {processor.py:766} INFO - DAG(s) dict_keys(['example_python_operator']) retrieved from /home/airflow/.local/lib/python3.7/site-packages/airflow/example_dags/example_python_operator.py
[2023-03-12T01:11:09.020+0000] {logging_mixin.py:120} INFO - [2023-03-12T01:11:09.020+0000] {dag.py:2585} INFO - Sync 1 DAGs
[2023-03-12T01:11:09.036+0000] {logging_mixin.py:120} INFO - [2023-03-12T01:11:09.035+0000] {dag.py:3340} INFO - Setting next_dagrun for example_python_operator to None, run_after=None
[2023-03-12T01:11:09.047+0000] {processor.py:176} INFO - Processing /home/airflow/.local/lib/python3.7/site-packages/airflow/example_dags/example_python_operator.py took 0.092 seconds
[2023-03-12T02:20:07.065+0000] {processor.py:154} INFO - Started process (PID=36513) to work on /home/airflow/.local/lib/python3.7/site-packages/airflow/example_dags/example_python_operator.py
[2023-03-12T02:20:07.066+0000] {processor.py:756} INFO - Processing file /home/airflow/.local/lib/python3.7/site-packages/airflow/example_dags/example_python_operator.py for tasks to queue
[2023-03-12T02:20:07.067+0000] {logging_mixin.py:120} INFO - [2023-03-12T02:20:07.067+0000] {dagbag.py:537} INFO - Filling up the DagBag from /home/airflow/.local/lib/python3.7/site-packages/airflow/example_dags/example_python_operator.py
[2023-03-12T02:20:07.077+0000] {logging_mixin.py:120} INFO - [2023-03-12T02:20:07.077+0000] {taskmixin.py:205} WARNING - Dependency <Task(_PythonDecoratedOperator): print_the_context>, log_sql_query already registered for DAG: example_python_operator
[2023-03-12T02:20:07.078+0000] {logging_mixin.py:120} INFO - [2023-03-12T02:20:07.077+0000] {taskmixin.py:205} WARNING - Dependency <Task(_PythonDecoratedOperator): log_sql_query>, print_the_context already registered for DAG: example_python_operator
[2023-03-12T02:20:07.078+0000] {logging_mixin.py:120} INFO - [2023-03-12T02:20:07.078+0000] {taskmixin.py:205} WARNING - Dependency <Task(_PythonDecoratedOperator): print_the_context>, log_sql_query already registered for DAG: example_python_operator
[2023-03-12T02:20:07.079+0000] {logging_mixin.py:120} INFO - [2023-03-12T02:20:07.079+0000] {taskmixin.py:205} WARNING - Dependency <Task(_PythonDecoratedOperator): log_sql_query>, print_the_context already registered for DAG: example_python_operator
[2023-03-12T02:20:07.080+0000] {logging_mixin.py:120} INFO - [2023-03-12T02:20:07.080+0000] {taskmixin.py:205} WARNING - Dependency <Task(_PythonDecoratedOperator): print_the_context>, log_sql_query already registered for DAG: example_python_operator
[2023-03-12T02:20:07.081+0000] {logging_mixin.py:120} INFO - [2023-03-12T02:20:07.080+0000] {taskmixin.py:205} WARNING - Dependency <Task(_PythonDecoratedOperator): log_sql_query>, print_the_context already registered for DAG: example_python_operator
[2023-03-12T02:20:07.081+0000] {logging_mixin.py:120} INFO - [2023-03-12T02:20:07.081+0000] {taskmixin.py:205} WARNING - Dependency <Task(_PythonDecoratedOperator): print_the_context>, log_sql_query already registered for DAG: example_python_operator
[2023-03-12T02:20:07.082+0000] {logging_mixin.py:120} INFO - [2023-03-12T02:20:07.082+0000] {taskmixin.py:205} WARNING - Dependency <Task(_PythonDecoratedOperator): log_sql_query>, print_the_context already registered for DAG: example_python_operator
[2023-03-12T02:20:07.087+0000] {processor.py:766} INFO - DAG(s) dict_keys(['example_python_operator']) retrieved from /home/airflow/.local/lib/python3.7/site-packages/airflow/example_dags/example_python_operator.py
[2023-03-12T02:20:07.119+0000] {logging_mixin.py:120} INFO - [2023-03-12T02:20:07.119+0000] {dag.py:2585} INFO - Sync 1 DAGs
[2023-03-12T02:20:07.134+0000] {logging_mixin.py:120} INFO - [2023-03-12T02:20:07.133+0000] {dag.py:3340} INFO - Setting next_dagrun for example_python_operator to None, run_after=None
[2023-03-12T02:20:07.143+0000] {processor.py:176} INFO - Processing /home/airflow/.local/lib/python3.7/site-packages/airflow/example_dags/example_python_operator.py took 0.082 seconds
[2023-03-12T03:43:52.901+0000] {processor.py:154} INFO - Started process (PID=36576) to work on /home/airflow/.local/lib/python3.7/site-packages/airflow/example_dags/example_python_operator.py
[2023-03-12T03:43:52.905+0000] {processor.py:756} INFO - Processing file /home/airflow/.local/lib/python3.7/site-packages/airflow/example_dags/example_python_operator.py for tasks to queue
[2023-03-12T03:43:52.906+0000] {logging_mixin.py:120} INFO - [2023-03-12T03:43:52.906+0000] {dagbag.py:537} INFO - Filling up the DagBag from /home/airflow/.local/lib/python3.7/site-packages/airflow/example_dags/example_python_operator.py
[2023-03-12T03:43:52.932+0000] {logging_mixin.py:120} INFO - [2023-03-12T03:43:52.932+0000] {taskmixin.py:205} WARNING - Dependency <Task(_PythonDecoratedOperator): print_the_context>, log_sql_query already registered for DAG: example_python_operator
[2023-03-12T03:43:52.933+0000] {logging_mixin.py:120} INFO - [2023-03-12T03:43:52.933+0000] {taskmixin.py:205} WARNING - Dependency <Task(_PythonDecoratedOperator): log_sql_query>, print_the_context already registered for DAG: example_python_operator
[2023-03-12T03:43:52.935+0000] {logging_mixin.py:120} INFO - [2023-03-12T03:43:52.935+0000] {taskmixin.py:205} WARNING - Dependency <Task(_PythonDecoratedOperator): print_the_context>, log_sql_query already registered for DAG: example_python_operator
[2023-03-12T03:43:52.936+0000] {logging_mixin.py:120} INFO - [2023-03-12T03:43:52.936+0000] {taskmixin.py:205} WARNING - Dependency <Task(_PythonDecoratedOperator): log_sql_query>, print_the_context already registered for DAG: example_python_operator
[2023-03-12T03:43:52.937+0000] {logging_mixin.py:120} INFO - [2023-03-12T03:43:52.937+0000] {taskmixin.py:205} WARNING - Dependency <Task(_PythonDecoratedOperator): print_the_context>, log_sql_query already registered for DAG: example_python_operator
[2023-03-12T03:43:52.938+0000] {logging_mixin.py:120} INFO - [2023-03-12T03:43:52.938+0000] {taskmixin.py:205} WARNING - Dependency <Task(_PythonDecoratedOperator): log_sql_query>, print_the_context already registered for DAG: example_python_operator
[2023-03-12T03:43:52.939+0000] {logging_mixin.py:120} INFO - [2023-03-12T03:43:52.939+0000] {taskmixin.py:205} WARNING - Dependency <Task(_PythonDecoratedOperator): print_the_context>, log_sql_query already registered for DAG: example_python_operator
[2023-03-12T03:43:52.943+0000] {logging_mixin.py:120} INFO - [2023-03-12T03:43:52.943+0000] {taskmixin.py:205} WARNING - Dependency <Task(_PythonDecoratedOperator): log_sql_query>, print_the_context already registered for DAG: example_python_operator
[2023-03-12T03:43:52.954+0000] {processor.py:766} INFO - DAG(s) dict_keys(['example_python_operator']) retrieved from /home/airflow/.local/lib/python3.7/site-packages/airflow/example_dags/example_python_operator.py
[2023-03-12T03:43:52.993+0000] {logging_mixin.py:120} INFO - [2023-03-12T03:43:52.993+0000] {dag.py:2585} INFO - Sync 1 DAGs
[2023-03-12T03:43:53.014+0000] {logging_mixin.py:120} INFO - [2023-03-12T03:43:53.014+0000] {dag.py:3340} INFO - Setting next_dagrun for example_python_operator to None, run_after=None
[2023-03-12T03:43:53.035+0000] {processor.py:176} INFO - Processing /home/airflow/.local/lib/python3.7/site-packages/airflow/example_dags/example_python_operator.py took 0.140 seconds
[2023-03-12T04:47:37.893+0000] {processor.py:154} INFO - Started process (PID=36639) to work on /home/airflow/.local/lib/python3.7/site-packages/airflow/example_dags/example_python_operator.py
[2023-03-12T04:47:37.894+0000] {processor.py:756} INFO - Processing file /home/airflow/.local/lib/python3.7/site-packages/airflow/example_dags/example_python_operator.py for tasks to queue
[2023-03-12T04:47:37.895+0000] {logging_mixin.py:120} INFO - [2023-03-12T04:47:37.894+0000] {dagbag.py:537} INFO - Filling up the DagBag from /home/airflow/.local/lib/python3.7/site-packages/airflow/example_dags/example_python_operator.py
[2023-03-12T04:47:37.908+0000] {logging_mixin.py:120} INFO - [2023-03-12T04:47:37.908+0000] {taskmixin.py:205} WARNING - Dependency <Task(_PythonDecoratedOperator): print_the_context>, log_sql_query already registered for DAG: example_python_operator
[2023-03-12T04:47:37.912+0000] {logging_mixin.py:120} INFO - [2023-03-12T04:47:37.912+0000] {taskmixin.py:205} WARNING - Dependency <Task(_PythonDecoratedOperator): log_sql_query>, print_the_context already registered for DAG: example_python_operator
[2023-03-12T04:47:37.913+0000] {logging_mixin.py:120} INFO - [2023-03-12T04:47:37.913+0000] {taskmixin.py:205} WARNING - Dependency <Task(_PythonDecoratedOperator): print_the_context>, log_sql_query already registered for DAG: example_python_operator
[2023-03-12T04:47:37.913+0000] {logging_mixin.py:120} INFO - [2023-03-12T04:47:37.913+0000] {taskmixin.py:205} WARNING - Dependency <Task(_PythonDecoratedOperator): log_sql_query>, print_the_context already registered for DAG: example_python_operator
[2023-03-12T04:47:37.914+0000] {logging_mixin.py:120} INFO - [2023-03-12T04:47:37.914+0000] {taskmixin.py:205} WARNING - Dependency <Task(_PythonDecoratedOperator): print_the_context>, log_sql_query already registered for DAG: example_python_operator
[2023-03-12T04:47:37.914+0000] {logging_mixin.py:120} INFO - [2023-03-12T04:47:37.914+0000] {taskmixin.py:205} WARNING - Dependency <Task(_PythonDecoratedOperator): log_sql_query>, print_the_context already registered for DAG: example_python_operator
[2023-03-12T04:47:37.915+0000] {logging_mixin.py:120} INFO - [2023-03-12T04:47:37.915+0000] {taskmixin.py:205} WARNING - Dependency <Task(_PythonDecoratedOperator): print_the_context>, log_sql_query already registered for DAG: example_python_operator
[2023-03-12T04:47:37.915+0000] {logging_mixin.py:120} INFO - [2023-03-12T04:47:37.915+0000] {taskmixin.py:205} WARNING - Dependency <Task(_PythonDecoratedOperator): log_sql_query>, print_the_context already registered for DAG: example_python_operator
[2023-03-12T04:47:37.921+0000] {processor.py:766} INFO - DAG(s) dict_keys(['example_python_operator']) retrieved from /home/airflow/.local/lib/python3.7/site-packages/airflow/example_dags/example_python_operator.py
[2023-03-12T04:47:37.980+0000] {logging_mixin.py:120} INFO - [2023-03-12T04:47:37.979+0000] {dag.py:2585} INFO - Sync 1 DAGs
[2023-03-12T04:47:37.997+0000] {logging_mixin.py:120} INFO - [2023-03-12T04:47:37.997+0000] {dag.py:3340} INFO - Setting next_dagrun for example_python_operator to None, run_after=None
[2023-03-12T04:47:38.011+0000] {processor.py:176} INFO - Processing /home/airflow/.local/lib/python3.7/site-packages/airflow/example_dags/example_python_operator.py took 0.122 seconds
[2023-03-12T05:46:51.961+0000] {processor.py:154} INFO - Started process (PID=36702) to work on /home/airflow/.local/lib/python3.7/site-packages/airflow/example_dags/example_python_operator.py
[2023-03-12T05:46:51.963+0000] {processor.py:756} INFO - Processing file /home/airflow/.local/lib/python3.7/site-packages/airflow/example_dags/example_python_operator.py for tasks to queue
[2023-03-12T05:46:51.964+0000] {logging_mixin.py:120} INFO - [2023-03-12T05:46:51.964+0000] {dagbag.py:537} INFO - Filling up the DagBag from /home/airflow/.local/lib/python3.7/site-packages/airflow/example_dags/example_python_operator.py
[2023-03-12T05:46:51.981+0000] {logging_mixin.py:120} INFO - [2023-03-12T05:46:51.981+0000] {taskmixin.py:205} WARNING - Dependency <Task(_PythonDecoratedOperator): print_the_context>, log_sql_query already registered for DAG: example_python_operator
[2023-03-12T05:46:51.981+0000] {logging_mixin.py:120} INFO - [2023-03-12T05:46:51.981+0000] {taskmixin.py:205} WARNING - Dependency <Task(_PythonDecoratedOperator): log_sql_query>, print_the_context already registered for DAG: example_python_operator
[2023-03-12T05:46:51.982+0000] {logging_mixin.py:120} INFO - [2023-03-12T05:46:51.982+0000] {taskmixin.py:205} WARNING - Dependency <Task(_PythonDecoratedOperator): print_the_context>, log_sql_query already registered for DAG: example_python_operator
[2023-03-12T05:46:51.983+0000] {logging_mixin.py:120} INFO - [2023-03-12T05:46:51.983+0000] {taskmixin.py:205} WARNING - Dependency <Task(_PythonDecoratedOperator): log_sql_query>, print_the_context already registered for DAG: example_python_operator
[2023-03-12T05:46:51.983+0000] {logging_mixin.py:120} INFO - [2023-03-12T05:46:51.983+0000] {taskmixin.py:205} WARNING - Dependency <Task(_PythonDecoratedOperator): print_the_context>, log_sql_query already registered for DAG: example_python_operator
[2023-03-12T05:46:51.984+0000] {logging_mixin.py:120} INFO - [2023-03-12T05:46:51.984+0000] {taskmixin.py:205} WARNING - Dependency <Task(_PythonDecoratedOperator): log_sql_query>, print_the_context already registered for DAG: example_python_operator
[2023-03-12T05:46:51.984+0000] {logging_mixin.py:120} INFO - [2023-03-12T05:46:51.984+0000] {taskmixin.py:205} WARNING - Dependency <Task(_PythonDecoratedOperator): print_the_context>, log_sql_query already registered for DAG: example_python_operator
[2023-03-12T05:46:51.985+0000] {logging_mixin.py:120} INFO - [2023-03-12T05:46:51.985+0000] {taskmixin.py:205} WARNING - Dependency <Task(_PythonDecoratedOperator): log_sql_query>, print_the_context already registered for DAG: example_python_operator
[2023-03-12T05:46:51.990+0000] {processor.py:766} INFO - DAG(s) dict_keys(['example_python_operator']) retrieved from /home/airflow/.local/lib/python3.7/site-packages/airflow/example_dags/example_python_operator.py
[2023-03-12T05:46:52.039+0000] {logging_mixin.py:120} INFO - [2023-03-12T05:46:52.038+0000] {dag.py:2585} INFO - Sync 1 DAGs
[2023-03-12T05:46:52.060+0000] {logging_mixin.py:120} INFO - [2023-03-12T05:46:52.060+0000] {dag.py:3340} INFO - Setting next_dagrun for example_python_operator to None, run_after=None
[2023-03-12T05:46:52.077+0000] {processor.py:176} INFO - Processing /home/airflow/.local/lib/python3.7/site-packages/airflow/example_dags/example_python_operator.py took 0.119 seconds
[2023-03-12T06:51:40.086+0000] {processor.py:154} INFO - Started process (PID=36756) to work on /home/airflow/.local/lib/python3.7/site-packages/airflow/example_dags/example_python_operator.py
[2023-03-12T06:51:40.088+0000] {processor.py:756} INFO - Processing file /home/airflow/.local/lib/python3.7/site-packages/airflow/example_dags/example_python_operator.py for tasks to queue
[2023-03-12T06:51:40.090+0000] {logging_mixin.py:120} INFO - [2023-03-12T06:51:40.090+0000] {dagbag.py:537} INFO - Filling up the DagBag from /home/airflow/.local/lib/python3.7/site-packages/airflow/example_dags/example_python_operator.py
[2023-03-12T06:51:40.113+0000] {logging_mixin.py:120} INFO - [2023-03-12T06:51:40.113+0000] {taskmixin.py:205} WARNING - Dependency <Task(_PythonDecoratedOperator): print_the_context>, log_sql_query already registered for DAG: example_python_operator
[2023-03-12T06:51:40.114+0000] {logging_mixin.py:120} INFO - [2023-03-12T06:51:40.114+0000] {taskmixin.py:205} WARNING - Dependency <Task(_PythonDecoratedOperator): log_sql_query>, print_the_context already registered for DAG: example_python_operator
[2023-03-12T06:51:40.116+0000] {logging_mixin.py:120} INFO - [2023-03-12T06:51:40.116+0000] {taskmixin.py:205} WARNING - Dependency <Task(_PythonDecoratedOperator): print_the_context>, log_sql_query already registered for DAG: example_python_operator
[2023-03-12T06:51:40.116+0000] {logging_mixin.py:120} INFO - [2023-03-12T06:51:40.116+0000] {taskmixin.py:205} WARNING - Dependency <Task(_PythonDecoratedOperator): log_sql_query>, print_the_context already registered for DAG: example_python_operator
[2023-03-12T06:51:40.118+0000] {logging_mixin.py:120} INFO - [2023-03-12T06:51:40.118+0000] {taskmixin.py:205} WARNING - Dependency <Task(_PythonDecoratedOperator): print_the_context>, log_sql_query already registered for DAG: example_python_operator
[2023-03-12T06:51:40.118+0000] {logging_mixin.py:120} INFO - [2023-03-12T06:51:40.118+0000] {taskmixin.py:205} WARNING - Dependency <Task(_PythonDecoratedOperator): log_sql_query>, print_the_context already registered for DAG: example_python_operator
[2023-03-12T06:51:40.119+0000] {logging_mixin.py:120} INFO - [2023-03-12T06:51:40.119+0000] {taskmixin.py:205} WARNING - Dependency <Task(_PythonDecoratedOperator): print_the_context>, log_sql_query already registered for DAG: example_python_operator
[2023-03-12T06:51:40.119+0000] {logging_mixin.py:120} INFO - [2023-03-12T06:51:40.119+0000] {taskmixin.py:205} WARNING - Dependency <Task(_PythonDecoratedOperator): log_sql_query>, print_the_context already registered for DAG: example_python_operator
[2023-03-12T06:51:40.126+0000] {processor.py:766} INFO - DAG(s) dict_keys(['example_python_operator']) retrieved from /home/airflow/.local/lib/python3.7/site-packages/airflow/example_dags/example_python_operator.py
[2023-03-12T06:51:40.181+0000] {logging_mixin.py:120} INFO - [2023-03-12T06:51:40.181+0000] {dag.py:2585} INFO - Sync 1 DAGs
[2023-03-12T06:51:40.201+0000] {logging_mixin.py:120} INFO - [2023-03-12T06:51:40.200+0000] {dag.py:3340} INFO - Setting next_dagrun for example_python_operator to None, run_after=None
[2023-03-12T06:51:40.220+0000] {processor.py:176} INFO - Processing /home/airflow/.local/lib/python3.7/site-packages/airflow/example_dags/example_python_operator.py took 0.140 seconds
[2023-03-12T07:59:57.402+0000] {processor.py:154} INFO - Started process (PID=36820) to work on /home/airflow/.local/lib/python3.7/site-packages/airflow/example_dags/example_python_operator.py
[2023-03-12T07:59:57.405+0000] {processor.py:756} INFO - Processing file /home/airflow/.local/lib/python3.7/site-packages/airflow/example_dags/example_python_operator.py for tasks to queue
[2023-03-12T07:59:57.406+0000] {logging_mixin.py:120} INFO - [2023-03-12T07:59:57.406+0000] {dagbag.py:537} INFO - Filling up the DagBag from /home/airflow/.local/lib/python3.7/site-packages/airflow/example_dags/example_python_operator.py
[2023-03-12T07:59:57.423+0000] {logging_mixin.py:120} INFO - [2023-03-12T07:59:57.423+0000] {taskmixin.py:205} WARNING - Dependency <Task(_PythonDecoratedOperator): print_the_context>, log_sql_query already registered for DAG: example_python_operator
[2023-03-12T07:59:57.424+0000] {logging_mixin.py:120} INFO - [2023-03-12T07:59:57.424+0000] {taskmixin.py:205} WARNING - Dependency <Task(_PythonDecoratedOperator): log_sql_query>, print_the_context already registered for DAG: example_python_operator
[2023-03-12T07:59:57.425+0000] {logging_mixin.py:120} INFO - [2023-03-12T07:59:57.425+0000] {taskmixin.py:205} WARNING - Dependency <Task(_PythonDecoratedOperator): print_the_context>, log_sql_query already registered for DAG: example_python_operator
[2023-03-12T07:59:57.426+0000] {logging_mixin.py:120} INFO - [2023-03-12T07:59:57.426+0000] {taskmixin.py:205} WARNING - Dependency <Task(_PythonDecoratedOperator): log_sql_query>, print_the_context already registered for DAG: example_python_operator
[2023-03-12T07:59:57.427+0000] {logging_mixin.py:120} INFO - [2023-03-12T07:59:57.427+0000] {taskmixin.py:205} WARNING - Dependency <Task(_PythonDecoratedOperator): print_the_context>, log_sql_query already registered for DAG: example_python_operator
[2023-03-12T07:59:57.427+0000] {logging_mixin.py:120} INFO - [2023-03-12T07:59:57.427+0000] {taskmixin.py:205} WARNING - Dependency <Task(_PythonDecoratedOperator): log_sql_query>, print_the_context already registered for DAG: example_python_operator
[2023-03-12T07:59:57.428+0000] {logging_mixin.py:120} INFO - [2023-03-12T07:59:57.428+0000] {taskmixin.py:205} WARNING - Dependency <Task(_PythonDecoratedOperator): print_the_context>, log_sql_query already registered for DAG: example_python_operator
[2023-03-12T07:59:57.428+0000] {logging_mixin.py:120} INFO - [2023-03-12T07:59:57.428+0000] {taskmixin.py:205} WARNING - Dependency <Task(_PythonDecoratedOperator): log_sql_query>, print_the_context already registered for DAG: example_python_operator
[2023-03-12T07:59:57.433+0000] {processor.py:766} INFO - DAG(s) dict_keys(['example_python_operator']) retrieved from /home/airflow/.local/lib/python3.7/site-packages/airflow/example_dags/example_python_operator.py
[2023-03-12T07:59:57.493+0000] {logging_mixin.py:120} INFO - [2023-03-12T07:59:57.493+0000] {dag.py:2585} INFO - Sync 1 DAGs
[2023-03-12T07:59:57.518+0000] {logging_mixin.py:120} INFO - [2023-03-12T07:59:57.518+0000] {dag.py:3340} INFO - Setting next_dagrun for example_python_operator to None, run_after=None
[2023-03-12T07:59:57.535+0000] {processor.py:176} INFO - Processing /home/airflow/.local/lib/python3.7/site-packages/airflow/example_dags/example_python_operator.py took 0.136 seconds
[2023-03-12T09:20:37.556+0000] {processor.py:154} INFO - Started process (PID=36883) to work on /home/airflow/.local/lib/python3.7/site-packages/airflow/example_dags/example_python_operator.py
[2023-03-12T09:20:37.559+0000] {processor.py:756} INFO - Processing file /home/airflow/.local/lib/python3.7/site-packages/airflow/example_dags/example_python_operator.py for tasks to queue
[2023-03-12T09:20:37.560+0000] {logging_mixin.py:120} INFO - [2023-03-12T09:20:37.560+0000] {dagbag.py:537} INFO - Filling up the DagBag from /home/airflow/.local/lib/python3.7/site-packages/airflow/example_dags/example_python_operator.py
[2023-03-12T09:20:37.576+0000] {logging_mixin.py:120} INFO - [2023-03-12T09:20:37.571+0000] {taskmixin.py:205} WARNING - Dependency <Task(_PythonDecoratedOperator): print_the_context>, log_sql_query already registered for DAG: example_python_operator
[2023-03-12T09:20:37.577+0000] {logging_mixin.py:120} INFO - [2023-03-12T09:20:37.577+0000] {taskmixin.py:205} WARNING - Dependency <Task(_PythonDecoratedOperator): log_sql_query>, print_the_context already registered for DAG: example_python_operator
[2023-03-12T09:20:37.577+0000] {logging_mixin.py:120} INFO - [2023-03-12T09:20:37.577+0000] {taskmixin.py:205} WARNING - Dependency <Task(_PythonDecoratedOperator): print_the_context>, log_sql_query already registered for DAG: example_python_operator
[2023-03-12T09:20:37.578+0000] {logging_mixin.py:120} INFO - [2023-03-12T09:20:37.578+0000] {taskmixin.py:205} WARNING - Dependency <Task(_PythonDecoratedOperator): log_sql_query>, print_the_context already registered for DAG: example_python_operator
[2023-03-12T09:20:37.578+0000] {logging_mixin.py:120} INFO - [2023-03-12T09:20:37.578+0000] {taskmixin.py:205} WARNING - Dependency <Task(_PythonDecoratedOperator): print_the_context>, log_sql_query already registered for DAG: example_python_operator
[2023-03-12T09:20:37.578+0000] {logging_mixin.py:120} INFO - [2023-03-12T09:20:37.578+0000] {taskmixin.py:205} WARNING - Dependency <Task(_PythonDecoratedOperator): log_sql_query>, print_the_context already registered for DAG: example_python_operator
[2023-03-12T09:20:37.579+0000] {logging_mixin.py:120} INFO - [2023-03-12T09:20:37.579+0000] {taskmixin.py:205} WARNING - Dependency <Task(_PythonDecoratedOperator): print_the_context>, log_sql_query already registered for DAG: example_python_operator
[2023-03-12T09:20:37.580+0000] {logging_mixin.py:120} INFO - [2023-03-12T09:20:37.580+0000] {taskmixin.py:205} WARNING - Dependency <Task(_PythonDecoratedOperator): log_sql_query>, print_the_context already registered for DAG: example_python_operator
[2023-03-12T09:20:37.585+0000] {processor.py:766} INFO - DAG(s) dict_keys(['example_python_operator']) retrieved from /home/airflow/.local/lib/python3.7/site-packages/airflow/example_dags/example_python_operator.py
[2023-03-12T09:20:37.640+0000] {logging_mixin.py:120} INFO - [2023-03-12T09:20:37.640+0000] {dag.py:2585} INFO - Sync 1 DAGs
[2023-03-12T09:20:37.658+0000] {logging_mixin.py:120} INFO - [2023-03-12T09:20:37.658+0000] {dag.py:3340} INFO - Setting next_dagrun for example_python_operator to None, run_after=None
[2023-03-12T09:20:37.678+0000] {processor.py:176} INFO - Processing /home/airflow/.local/lib/python3.7/site-packages/airflow/example_dags/example_python_operator.py took 0.124 seconds
[2023-03-12T10:26:31.700+0000] {processor.py:154} INFO - Started process (PID=36946) to work on /home/airflow/.local/lib/python3.7/site-packages/airflow/example_dags/example_python_operator.py
[2023-03-12T10:26:31.701+0000] {processor.py:756} INFO - Processing file /home/airflow/.local/lib/python3.7/site-packages/airflow/example_dags/example_python_operator.py for tasks to queue
[2023-03-12T10:26:31.702+0000] {logging_mixin.py:120} INFO - [2023-03-12T10:26:31.702+0000] {dagbag.py:537} INFO - Filling up the DagBag from /home/airflow/.local/lib/python3.7/site-packages/airflow/example_dags/example_python_operator.py
[2023-03-12T10:26:31.716+0000] {logging_mixin.py:120} INFO - [2023-03-12T10:26:31.716+0000] {taskmixin.py:205} WARNING - Dependency <Task(_PythonDecoratedOperator): print_the_context>, log_sql_query already registered for DAG: example_python_operator
[2023-03-12T10:26:31.719+0000] {logging_mixin.py:120} INFO - [2023-03-12T10:26:31.719+0000] {taskmixin.py:205} WARNING - Dependency <Task(_PythonDecoratedOperator): log_sql_query>, print_the_context already registered for DAG: example_python_operator
[2023-03-12T10:26:31.720+0000] {logging_mixin.py:120} INFO - [2023-03-12T10:26:31.720+0000] {taskmixin.py:205} WARNING - Dependency <Task(_PythonDecoratedOperator): print_the_context>, log_sql_query already registered for DAG: example_python_operator
[2023-03-12T10:26:31.721+0000] {logging_mixin.py:120} INFO - [2023-03-12T10:26:31.721+0000] {taskmixin.py:205} WARNING - Dependency <Task(_PythonDecoratedOperator): log_sql_query>, print_the_context already registered for DAG: example_python_operator
[2023-03-12T10:26:31.721+0000] {logging_mixin.py:120} INFO - [2023-03-12T10:26:31.721+0000] {taskmixin.py:205} WARNING - Dependency <Task(_PythonDecoratedOperator): print_the_context>, log_sql_query already registered for DAG: example_python_operator
[2023-03-12T10:26:31.722+0000] {logging_mixin.py:120} INFO - [2023-03-12T10:26:31.722+0000] {taskmixin.py:205} WARNING - Dependency <Task(_PythonDecoratedOperator): log_sql_query>, print_the_context already registered for DAG: example_python_operator
[2023-03-12T10:26:31.724+0000] {logging_mixin.py:120} INFO - [2023-03-12T10:26:31.724+0000] {taskmixin.py:205} WARNING - Dependency <Task(_PythonDecoratedOperator): print_the_context>, log_sql_query already registered for DAG: example_python_operator
[2023-03-12T10:26:31.724+0000] {logging_mixin.py:120} INFO - [2023-03-12T10:26:31.724+0000] {taskmixin.py:205} WARNING - Dependency <Task(_PythonDecoratedOperator): log_sql_query>, print_the_context already registered for DAG: example_python_operator
[2023-03-12T10:26:31.733+0000] {processor.py:766} INFO - DAG(s) dict_keys(['example_python_operator']) retrieved from /home/airflow/.local/lib/python3.7/site-packages/airflow/example_dags/example_python_operator.py
[2023-03-12T10:26:31.793+0000] {logging_mixin.py:120} INFO - [2023-03-12T10:26:31.793+0000] {dag.py:2585} INFO - Sync 1 DAGs
[2023-03-12T10:26:31.813+0000] {logging_mixin.py:120} INFO - [2023-03-12T10:26:31.813+0000] {dag.py:3340} INFO - Setting next_dagrun for example_python_operator to None, run_after=None
[2023-03-12T10:26:31.829+0000] {processor.py:176} INFO - Processing /home/airflow/.local/lib/python3.7/site-packages/airflow/example_dags/example_python_operator.py took 0.133 seconds
[2023-03-12T11:32:26.674+0000] {processor.py:154} INFO - Started process (PID=37006) to work on /home/airflow/.local/lib/python3.7/site-packages/airflow/example_dags/example_python_operator.py
[2023-03-12T11:32:26.675+0000] {processor.py:756} INFO - Processing file /home/airflow/.local/lib/python3.7/site-packages/airflow/example_dags/example_python_operator.py for tasks to queue
[2023-03-12T11:32:26.676+0000] {logging_mixin.py:120} INFO - [2023-03-12T11:32:26.676+0000] {dagbag.py:537} INFO - Filling up the DagBag from /home/airflow/.local/lib/python3.7/site-packages/airflow/example_dags/example_python_operator.py
[2023-03-12T11:32:26.706+0000] {logging_mixin.py:120} INFO - [2023-03-12T11:32:26.705+0000] {taskmixin.py:205} WARNING - Dependency <Task(_PythonDecoratedOperator): print_the_context>, log_sql_query already registered for DAG: example_python_operator
[2023-03-12T11:32:26.706+0000] {logging_mixin.py:120} INFO - [2023-03-12T11:32:26.706+0000] {taskmixin.py:205} WARNING - Dependency <Task(_PythonDecoratedOperator): log_sql_query>, print_the_context already registered for DAG: example_python_operator
[2023-03-12T11:32:26.707+0000] {logging_mixin.py:120} INFO - [2023-03-12T11:32:26.707+0000] {taskmixin.py:205} WARNING - Dependency <Task(_PythonDecoratedOperator): print_the_context>, log_sql_query already registered for DAG: example_python_operator
[2023-03-12T11:32:26.707+0000] {logging_mixin.py:120} INFO - [2023-03-12T11:32:26.707+0000] {taskmixin.py:205} WARNING - Dependency <Task(_PythonDecoratedOperator): log_sql_query>, print_the_context already registered for DAG: example_python_operator
[2023-03-12T11:32:26.708+0000] {logging_mixin.py:120} INFO - [2023-03-12T11:32:26.708+0000] {taskmixin.py:205} WARNING - Dependency <Task(_PythonDecoratedOperator): print_the_context>, log_sql_query already registered for DAG: example_python_operator
[2023-03-12T11:32:26.708+0000] {logging_mixin.py:120} INFO - [2023-03-12T11:32:26.708+0000] {taskmixin.py:205} WARNING - Dependency <Task(_PythonDecoratedOperator): log_sql_query>, print_the_context already registered for DAG: example_python_operator
[2023-03-12T11:32:26.709+0000] {logging_mixin.py:120} INFO - [2023-03-12T11:32:26.709+0000] {taskmixin.py:205} WARNING - Dependency <Task(_PythonDecoratedOperator): print_the_context>, log_sql_query already registered for DAG: example_python_operator
[2023-03-12T11:32:26.709+0000] {logging_mixin.py:120} INFO - [2023-03-12T11:32:26.709+0000] {taskmixin.py:205} WARNING - Dependency <Task(_PythonDecoratedOperator): log_sql_query>, print_the_context already registered for DAG: example_python_operator
[2023-03-12T11:32:26.724+0000] {processor.py:766} INFO - DAG(s) dict_keys(['example_python_operator']) retrieved from /home/airflow/.local/lib/python3.7/site-packages/airflow/example_dags/example_python_operator.py
[2023-03-12T11:32:26.791+0000] {logging_mixin.py:120} INFO - [2023-03-12T11:32:26.791+0000] {dag.py:2585} INFO - Sync 1 DAGs
[2023-03-12T11:32:26.806+0000] {logging_mixin.py:120} INFO - [2023-03-12T11:32:26.806+0000] {dag.py:3340} INFO - Setting next_dagrun for example_python_operator to None, run_after=None
[2023-03-12T11:32:26.827+0000] {processor.py:176} INFO - Processing /home/airflow/.local/lib/python3.7/site-packages/airflow/example_dags/example_python_operator.py took 0.157 seconds
[2023-03-12T12:40:39.814+0000] {processor.py:154} INFO - Started process (PID=37063) to work on /home/airflow/.local/lib/python3.7/site-packages/airflow/example_dags/example_python_operator.py
[2023-03-12T12:40:39.816+0000] {processor.py:756} INFO - Processing file /home/airflow/.local/lib/python3.7/site-packages/airflow/example_dags/example_python_operator.py for tasks to queue
[2023-03-12T12:40:39.817+0000] {logging_mixin.py:120} INFO - [2023-03-12T12:40:39.817+0000] {dagbag.py:537} INFO - Filling up the DagBag from /home/airflow/.local/lib/python3.7/site-packages/airflow/example_dags/example_python_operator.py
[2023-03-12T12:40:39.831+0000] {logging_mixin.py:120} INFO - [2023-03-12T12:40:39.830+0000] {taskmixin.py:205} WARNING - Dependency <Task(_PythonDecoratedOperator): print_the_context>, log_sql_query already registered for DAG: example_python_operator
[2023-03-12T12:40:39.832+0000] {logging_mixin.py:120} INFO - [2023-03-12T12:40:39.832+0000] {taskmixin.py:205} WARNING - Dependency <Task(_PythonDecoratedOperator): log_sql_query>, print_the_context already registered for DAG: example_python_operator
[2023-03-12T12:40:39.833+0000] {logging_mixin.py:120} INFO - [2023-03-12T12:40:39.833+0000] {taskmixin.py:205} WARNING - Dependency <Task(_PythonDecoratedOperator): print_the_context>, log_sql_query already registered for DAG: example_python_operator
[2023-03-12T12:40:39.835+0000] {logging_mixin.py:120} INFO - [2023-03-12T12:40:39.834+0000] {taskmixin.py:205} WARNING - Dependency <Task(_PythonDecoratedOperator): log_sql_query>, print_the_context already registered for DAG: example_python_operator
[2023-03-12T12:40:39.836+0000] {logging_mixin.py:120} INFO - [2023-03-12T12:40:39.836+0000] {taskmixin.py:205} WARNING - Dependency <Task(_PythonDecoratedOperator): print_the_context>, log_sql_query already registered for DAG: example_python_operator
[2023-03-12T12:40:39.837+0000] {logging_mixin.py:120} INFO - [2023-03-12T12:40:39.837+0000] {taskmixin.py:205} WARNING - Dependency <Task(_PythonDecoratedOperator): log_sql_query>, print_the_context already registered for DAG: example_python_operator
[2023-03-12T12:40:39.838+0000] {logging_mixin.py:120} INFO - [2023-03-12T12:40:39.837+0000] {taskmixin.py:205} WARNING - Dependency <Task(_PythonDecoratedOperator): print_the_context>, log_sql_query already registered for DAG: example_python_operator
[2023-03-12T12:40:39.838+0000] {logging_mixin.py:120} INFO - [2023-03-12T12:40:39.838+0000] {taskmixin.py:205} WARNING - Dependency <Task(_PythonDecoratedOperator): log_sql_query>, print_the_context already registered for DAG: example_python_operator
[2023-03-12T12:40:39.849+0000] {processor.py:766} INFO - DAG(s) dict_keys(['example_python_operator']) retrieved from /home/airflow/.local/lib/python3.7/site-packages/airflow/example_dags/example_python_operator.py
[2023-03-12T12:40:39.884+0000] {logging_mixin.py:120} INFO - [2023-03-12T12:40:39.884+0000] {dag.py:2585} INFO - Sync 1 DAGs
[2023-03-12T12:40:39.903+0000] {logging_mixin.py:120} INFO - [2023-03-12T12:40:39.903+0000] {dag.py:3340} INFO - Setting next_dagrun for example_python_operator to None, run_after=None
[2023-03-12T12:40:39.929+0000] {processor.py:176} INFO - Processing /home/airflow/.local/lib/python3.7/site-packages/airflow/example_dags/example_python_operator.py took 0.118 seconds
[2023-03-12T13:59:47.921+0000] {processor.py:154} INFO - Started process (PID=37126) to work on /home/airflow/.local/lib/python3.7/site-packages/airflow/example_dags/example_python_operator.py
[2023-03-12T13:59:47.922+0000] {processor.py:756} INFO - Processing file /home/airflow/.local/lib/python3.7/site-packages/airflow/example_dags/example_python_operator.py for tasks to queue
[2023-03-12T13:59:47.923+0000] {logging_mixin.py:120} INFO - [2023-03-12T13:59:47.923+0000] {dagbag.py:537} INFO - Filling up the DagBag from /home/airflow/.local/lib/python3.7/site-packages/airflow/example_dags/example_python_operator.py
[2023-03-12T13:59:47.942+0000] {logging_mixin.py:120} INFO - [2023-03-12T13:59:47.942+0000] {taskmixin.py:205} WARNING - Dependency <Task(_PythonDecoratedOperator): print_the_context>, log_sql_query already registered for DAG: example_python_operator
[2023-03-12T13:59:47.943+0000] {logging_mixin.py:120} INFO - [2023-03-12T13:59:47.943+0000] {taskmixin.py:205} WARNING - Dependency <Task(_PythonDecoratedOperator): log_sql_query>, print_the_context already registered for DAG: example_python_operator
[2023-03-12T13:59:47.944+0000] {logging_mixin.py:120} INFO - [2023-03-12T13:59:47.944+0000] {taskmixin.py:205} WARNING - Dependency <Task(_PythonDecoratedOperator): print_the_context>, log_sql_query already registered for DAG: example_python_operator
[2023-03-12T13:59:47.944+0000] {logging_mixin.py:120} INFO - [2023-03-12T13:59:47.944+0000] {taskmixin.py:205} WARNING - Dependency <Task(_PythonDecoratedOperator): log_sql_query>, print_the_context already registered for DAG: example_python_operator
[2023-03-12T13:59:47.945+0000] {logging_mixin.py:120} INFO - [2023-03-12T13:59:47.945+0000] {taskmixin.py:205} WARNING - Dependency <Task(_PythonDecoratedOperator): print_the_context>, log_sql_query already registered for DAG: example_python_operator
[2023-03-12T13:59:47.945+0000] {logging_mixin.py:120} INFO - [2023-03-12T13:59:47.945+0000] {taskmixin.py:205} WARNING - Dependency <Task(_PythonDecoratedOperator): log_sql_query>, print_the_context already registered for DAG: example_python_operator
[2023-03-12T13:59:47.946+0000] {logging_mixin.py:120} INFO - [2023-03-12T13:59:47.946+0000] {taskmixin.py:205} WARNING - Dependency <Task(_PythonDecoratedOperator): print_the_context>, log_sql_query already registered for DAG: example_python_operator
[2023-03-12T13:59:47.949+0000] {logging_mixin.py:120} INFO - [2023-03-12T13:59:47.949+0000] {taskmixin.py:205} WARNING - Dependency <Task(_PythonDecoratedOperator): log_sql_query>, print_the_context already registered for DAG: example_python_operator
[2023-03-12T13:59:47.956+0000] {processor.py:766} INFO - DAG(s) dict_keys(['example_python_operator']) retrieved from /home/airflow/.local/lib/python3.7/site-packages/airflow/example_dags/example_python_operator.py
[2023-03-12T13:59:48.003+0000] {logging_mixin.py:120} INFO - [2023-03-12T13:59:48.003+0000] {dag.py:2585} INFO - Sync 1 DAGs
[2023-03-12T13:59:48.032+0000] {logging_mixin.py:120} INFO - [2023-03-12T13:59:48.031+0000] {dag.py:3340} INFO - Setting next_dagrun for example_python_operator to None, run_after=None
[2023-03-12T13:59:48.048+0000] {processor.py:176} INFO - Processing /home/airflow/.local/lib/python3.7/site-packages/airflow/example_dags/example_python_operator.py took 0.130 seconds
[2023-03-12T15:06:05.722+0000] {processor.py:154} INFO - Started process (PID=37189) to work on /home/airflow/.local/lib/python3.7/site-packages/airflow/example_dags/example_python_operator.py
[2023-03-12T15:06:05.723+0000] {processor.py:756} INFO - Processing file /home/airflow/.local/lib/python3.7/site-packages/airflow/example_dags/example_python_operator.py for tasks to queue
[2023-03-12T15:06:05.724+0000] {logging_mixin.py:120} INFO - [2023-03-12T15:06:05.724+0000] {dagbag.py:537} INFO - Filling up the DagBag from /home/airflow/.local/lib/python3.7/site-packages/airflow/example_dags/example_python_operator.py
[2023-03-12T15:06:05.746+0000] {logging_mixin.py:120} INFO - [2023-03-12T15:06:05.746+0000] {taskmixin.py:205} WARNING - Dependency <Task(_PythonDecoratedOperator): print_the_context>, log_sql_query already registered for DAG: example_python_operator
[2023-03-12T15:06:05.749+0000] {logging_mixin.py:120} INFO - [2023-03-12T15:06:05.749+0000] {taskmixin.py:205} WARNING - Dependency <Task(_PythonDecoratedOperator): log_sql_query>, print_the_context already registered for DAG: example_python_operator
[2023-03-12T15:06:05.750+0000] {logging_mixin.py:120} INFO - [2023-03-12T15:06:05.750+0000] {taskmixin.py:205} WARNING - Dependency <Task(_PythonDecoratedOperator): print_the_context>, log_sql_query already registered for DAG: example_python_operator
[2023-03-12T15:06:05.750+0000] {logging_mixin.py:120} INFO - [2023-03-12T15:06:05.750+0000] {taskmixin.py:205} WARNING - Dependency <Task(_PythonDecoratedOperator): log_sql_query>, print_the_context already registered for DAG: example_python_operator
[2023-03-12T15:06:05.751+0000] {logging_mixin.py:120} INFO - [2023-03-12T15:06:05.751+0000] {taskmixin.py:205} WARNING - Dependency <Task(_PythonDecoratedOperator): print_the_context>, log_sql_query already registered for DAG: example_python_operator
[2023-03-12T15:06:05.751+0000] {logging_mixin.py:120} INFO - [2023-03-12T15:06:05.751+0000] {taskmixin.py:205} WARNING - Dependency <Task(_PythonDecoratedOperator): log_sql_query>, print_the_context already registered for DAG: example_python_operator
[2023-03-12T15:06:05.752+0000] {logging_mixin.py:120} INFO - [2023-03-12T15:06:05.752+0000] {taskmixin.py:205} WARNING - Dependency <Task(_PythonDecoratedOperator): print_the_context>, log_sql_query already registered for DAG: example_python_operator
[2023-03-12T15:06:05.752+0000] {logging_mixin.py:120} INFO - [2023-03-12T15:06:05.752+0000] {taskmixin.py:205} WARNING - Dependency <Task(_PythonDecoratedOperator): log_sql_query>, print_the_context already registered for DAG: example_python_operator
[2023-03-12T15:06:05.758+0000] {processor.py:766} INFO - DAG(s) dict_keys(['example_python_operator']) retrieved from /home/airflow/.local/lib/python3.7/site-packages/airflow/example_dags/example_python_operator.py
[2023-03-12T15:06:05.808+0000] {logging_mixin.py:120} INFO - [2023-03-12T15:06:05.808+0000] {dag.py:2585} INFO - Sync 1 DAGs
[2023-03-12T15:06:05.830+0000] {logging_mixin.py:120} INFO - [2023-03-12T15:06:05.830+0000] {dag.py:3340} INFO - Setting next_dagrun for example_python_operator to None, run_after=None
[2023-03-12T15:06:05.846+0000] {processor.py:176} INFO - Processing /home/airflow/.local/lib/python3.7/site-packages/airflow/example_dags/example_python_operator.py took 0.130 seconds
[2023-03-12T16:10:44.948+0000] {processor.py:154} INFO - Started process (PID=37253) to work on /home/airflow/.local/lib/python3.7/site-packages/airflow/example_dags/example_python_operator.py
[2023-03-12T16:10:44.952+0000] {processor.py:756} INFO - Processing file /home/airflow/.local/lib/python3.7/site-packages/airflow/example_dags/example_python_operator.py for tasks to queue
[2023-03-12T16:10:44.953+0000] {logging_mixin.py:120} INFO - [2023-03-12T16:10:44.953+0000] {dagbag.py:537} INFO - Filling up the DagBag from /home/airflow/.local/lib/python3.7/site-packages/airflow/example_dags/example_python_operator.py
[2023-03-12T16:10:44.976+0000] {logging_mixin.py:120} INFO - [2023-03-12T16:10:44.976+0000] {taskmixin.py:205} WARNING - Dependency <Task(_PythonDecoratedOperator): print_the_context>, log_sql_query already registered for DAG: example_python_operator
[2023-03-12T16:10:44.977+0000] {logging_mixin.py:120} INFO - [2023-03-12T16:10:44.976+0000] {taskmixin.py:205} WARNING - Dependency <Task(_PythonDecoratedOperator): log_sql_query>, print_the_context already registered for DAG: example_python_operator
[2023-03-12T16:10:44.977+0000] {logging_mixin.py:120} INFO - [2023-03-12T16:10:44.977+0000] {taskmixin.py:205} WARNING - Dependency <Task(_PythonDecoratedOperator): print_the_context>, log_sql_query already registered for DAG: example_python_operator
[2023-03-12T16:10:44.978+0000] {logging_mixin.py:120} INFO - [2023-03-12T16:10:44.978+0000] {taskmixin.py:205} WARNING - Dependency <Task(_PythonDecoratedOperator): log_sql_query>, print_the_context already registered for DAG: example_python_operator
[2023-03-12T16:10:44.978+0000] {logging_mixin.py:120} INFO - [2023-03-12T16:10:44.978+0000] {taskmixin.py:205} WARNING - Dependency <Task(_PythonDecoratedOperator): print_the_context>, log_sql_query already registered for DAG: example_python_operator
[2023-03-12T16:10:44.979+0000] {logging_mixin.py:120} INFO - [2023-03-12T16:10:44.979+0000] {taskmixin.py:205} WARNING - Dependency <Task(_PythonDecoratedOperator): log_sql_query>, print_the_context already registered for DAG: example_python_operator
[2023-03-12T16:10:44.980+0000] {logging_mixin.py:120} INFO - [2023-03-12T16:10:44.980+0000] {taskmixin.py:205} WARNING - Dependency <Task(_PythonDecoratedOperator): print_the_context>, log_sql_query already registered for DAG: example_python_operator
[2023-03-12T16:10:44.980+0000] {logging_mixin.py:120} INFO - [2023-03-12T16:10:44.980+0000] {taskmixin.py:205} WARNING - Dependency <Task(_PythonDecoratedOperator): log_sql_query>, print_the_context already registered for DAG: example_python_operator
[2023-03-12T16:10:44.989+0000] {processor.py:766} INFO - DAG(s) dict_keys(['example_python_operator']) retrieved from /home/airflow/.local/lib/python3.7/site-packages/airflow/example_dags/example_python_operator.py
[2023-03-12T16:10:45.019+0000] {logging_mixin.py:120} INFO - [2023-03-12T16:10:45.019+0000] {dag.py:2585} INFO - Sync 1 DAGs
[2023-03-12T16:10:45.043+0000] {logging_mixin.py:120} INFO - [2023-03-12T16:10:45.043+0000] {dag.py:3340} INFO - Setting next_dagrun for example_python_operator to None, run_after=None
[2023-03-12T16:10:45.078+0000] {processor.py:176} INFO - Processing /home/airflow/.local/lib/python3.7/site-packages/airflow/example_dags/example_python_operator.py took 0.133 seconds
[2023-03-12T17:18:12.160+0000] {processor.py:154} INFO - Started process (PID=37307) to work on /home/airflow/.local/lib/python3.7/site-packages/airflow/example_dags/example_python_operator.py
[2023-03-12T17:18:12.161+0000] {processor.py:756} INFO - Processing file /home/airflow/.local/lib/python3.7/site-packages/airflow/example_dags/example_python_operator.py for tasks to queue
[2023-03-12T17:18:12.162+0000] {logging_mixin.py:120} INFO - [2023-03-12T17:18:12.162+0000] {dagbag.py:537} INFO - Filling up the DagBag from /home/airflow/.local/lib/python3.7/site-packages/airflow/example_dags/example_python_operator.py
[2023-03-12T17:18:12.176+0000] {logging_mixin.py:120} INFO - [2023-03-12T17:18:12.176+0000] {taskmixin.py:205} WARNING - Dependency <Task(_PythonDecoratedOperator): print_the_context>, log_sql_query already registered for DAG: example_python_operator
[2023-03-12T17:18:12.177+0000] {logging_mixin.py:120} INFO - [2023-03-12T17:18:12.177+0000] {taskmixin.py:205} WARNING - Dependency <Task(_PythonDecoratedOperator): log_sql_query>, print_the_context already registered for DAG: example_python_operator
[2023-03-12T17:18:12.179+0000] {logging_mixin.py:120} INFO - [2023-03-12T17:18:12.179+0000] {taskmixin.py:205} WARNING - Dependency <Task(_PythonDecoratedOperator): print_the_context>, log_sql_query already registered for DAG: example_python_operator
[2023-03-12T17:18:12.179+0000] {logging_mixin.py:120} INFO - [2023-03-12T17:18:12.179+0000] {taskmixin.py:205} WARNING - Dependency <Task(_PythonDecoratedOperator): log_sql_query>, print_the_context already registered for DAG: example_python_operator
[2023-03-12T17:18:12.181+0000] {logging_mixin.py:120} INFO - [2023-03-12T17:18:12.180+0000] {taskmixin.py:205} WARNING - Dependency <Task(_PythonDecoratedOperator): print_the_context>, log_sql_query already registered for DAG: example_python_operator
[2023-03-12T17:18:12.181+0000] {logging_mixin.py:120} INFO - [2023-03-12T17:18:12.181+0000] {taskmixin.py:205} WARNING - Dependency <Task(_PythonDecoratedOperator): log_sql_query>, print_the_context already registered for DAG: example_python_operator
[2023-03-12T17:18:12.182+0000] {logging_mixin.py:120} INFO - [2023-03-12T17:18:12.182+0000] {taskmixin.py:205} WARNING - Dependency <Task(_PythonDecoratedOperator): print_the_context>, log_sql_query already registered for DAG: example_python_operator
[2023-03-12T17:18:12.182+0000] {logging_mixin.py:120} INFO - [2023-03-12T17:18:12.182+0000] {taskmixin.py:205} WARNING - Dependency <Task(_PythonDecoratedOperator): log_sql_query>, print_the_context already registered for DAG: example_python_operator
[2023-03-12T17:18:12.187+0000] {processor.py:766} INFO - DAG(s) dict_keys(['example_python_operator']) retrieved from /home/airflow/.local/lib/python3.7/site-packages/airflow/example_dags/example_python_operator.py
[2023-03-12T17:18:12.239+0000] {logging_mixin.py:120} INFO - [2023-03-12T17:18:12.239+0000] {dag.py:2585} INFO - Sync 1 DAGs
[2023-03-12T17:18:12.260+0000] {logging_mixin.py:120} INFO - [2023-03-12T17:18:12.260+0000] {dag.py:3340} INFO - Setting next_dagrun for example_python_operator to None, run_after=None
[2023-03-12T17:18:12.277+0000] {processor.py:176} INFO - Processing /home/airflow/.local/lib/python3.7/site-packages/airflow/example_dags/example_python_operator.py took 0.120 seconds
[2023-03-12T18:23:03.728+0000] {processor.py:154} INFO - Started process (PID=37370) to work on /home/airflow/.local/lib/python3.7/site-packages/airflow/example_dags/example_python_operator.py
[2023-03-12T18:23:03.729+0000] {processor.py:756} INFO - Processing file /home/airflow/.local/lib/python3.7/site-packages/airflow/example_dags/example_python_operator.py for tasks to queue
[2023-03-12T18:23:03.732+0000] {logging_mixin.py:120} INFO - [2023-03-12T18:23:03.731+0000] {dagbag.py:537} INFO - Filling up the DagBag from /home/airflow/.local/lib/python3.7/site-packages/airflow/example_dags/example_python_operator.py
[2023-03-12T18:23:03.749+0000] {logging_mixin.py:120} INFO - [2023-03-12T18:23:03.749+0000] {taskmixin.py:205} WARNING - Dependency <Task(_PythonDecoratedOperator): print_the_context>, log_sql_query already registered for DAG: example_python_operator
[2023-03-12T18:23:03.750+0000] {logging_mixin.py:120} INFO - [2023-03-12T18:23:03.750+0000] {taskmixin.py:205} WARNING - Dependency <Task(_PythonDecoratedOperator): log_sql_query>, print_the_context already registered for DAG: example_python_operator
[2023-03-12T18:23:03.752+0000] {logging_mixin.py:120} INFO - [2023-03-12T18:23:03.751+0000] {taskmixin.py:205} WARNING - Dependency <Task(_PythonDecoratedOperator): print_the_context>, log_sql_query already registered for DAG: example_python_operator
[2023-03-12T18:23:03.752+0000] {logging_mixin.py:120} INFO - [2023-03-12T18:23:03.752+0000] {taskmixin.py:205} WARNING - Dependency <Task(_PythonDecoratedOperator): log_sql_query>, print_the_context already registered for DAG: example_python_operator
[2023-03-12T18:23:03.753+0000] {logging_mixin.py:120} INFO - [2023-03-12T18:23:03.753+0000] {taskmixin.py:205} WARNING - Dependency <Task(_PythonDecoratedOperator): print_the_context>, log_sql_query already registered for DAG: example_python_operator
[2023-03-12T18:23:03.754+0000] {logging_mixin.py:120} INFO - [2023-03-12T18:23:03.753+0000] {taskmixin.py:205} WARNING - Dependency <Task(_PythonDecoratedOperator): log_sql_query>, print_the_context already registered for DAG: example_python_operator
[2023-03-12T18:23:03.754+0000] {logging_mixin.py:120} INFO - [2023-03-12T18:23:03.754+0000] {taskmixin.py:205} WARNING - Dependency <Task(_PythonDecoratedOperator): print_the_context>, log_sql_query already registered for DAG: example_python_operator
[2023-03-12T18:23:03.755+0000] {logging_mixin.py:120} INFO - [2023-03-12T18:23:03.755+0000] {taskmixin.py:205} WARNING - Dependency <Task(_PythonDecoratedOperator): log_sql_query>, print_the_context already registered for DAG: example_python_operator
[2023-03-12T18:23:03.762+0000] {processor.py:766} INFO - DAG(s) dict_keys(['example_python_operator']) retrieved from /home/airflow/.local/lib/python3.7/site-packages/airflow/example_dags/example_python_operator.py
[2023-03-12T18:23:03.805+0000] {logging_mixin.py:120} INFO - [2023-03-12T18:23:03.805+0000] {dag.py:2585} INFO - Sync 1 DAGs
[2023-03-12T18:23:03.827+0000] {logging_mixin.py:120} INFO - [2023-03-12T18:23:03.827+0000] {dag.py:3340} INFO - Setting next_dagrun for example_python_operator to None, run_after=None
[2023-03-12T18:23:03.843+0000] {processor.py:176} INFO - Processing /home/airflow/.local/lib/python3.7/site-packages/airflow/example_dags/example_python_operator.py took 0.118 seconds
[2023-03-12T19:03:56.944+0000] {processor.py:154} INFO - Started process (PID=37433) to work on /home/airflow/.local/lib/python3.7/site-packages/airflow/example_dags/example_python_operator.py
[2023-03-12T19:03:56.945+0000] {processor.py:756} INFO - Processing file /home/airflow/.local/lib/python3.7/site-packages/airflow/example_dags/example_python_operator.py for tasks to queue
[2023-03-12T19:03:56.948+0000] {logging_mixin.py:120} INFO - [2023-03-12T19:03:56.948+0000] {dagbag.py:537} INFO - Filling up the DagBag from /home/airflow/.local/lib/python3.7/site-packages/airflow/example_dags/example_python_operator.py
[2023-03-12T19:03:56.961+0000] {logging_mixin.py:120} INFO - [2023-03-12T19:03:56.961+0000] {taskmixin.py:205} WARNING - Dependency <Task(_PythonDecoratedOperator): print_the_context>, log_sql_query already registered for DAG: example_python_operator
[2023-03-12T19:03:56.963+0000] {logging_mixin.py:120} INFO - [2023-03-12T19:03:56.963+0000] {taskmixin.py:205} WARNING - Dependency <Task(_PythonDecoratedOperator): log_sql_query>, print_the_context already registered for DAG: example_python_operator
[2023-03-12T19:03:56.964+0000] {logging_mixin.py:120} INFO - [2023-03-12T19:03:56.964+0000] {taskmixin.py:205} WARNING - Dependency <Task(_PythonDecoratedOperator): print_the_context>, log_sql_query already registered for DAG: example_python_operator
[2023-03-12T19:03:56.965+0000] {logging_mixin.py:120} INFO - [2023-03-12T19:03:56.965+0000] {taskmixin.py:205} WARNING - Dependency <Task(_PythonDecoratedOperator): log_sql_query>, print_the_context already registered for DAG: example_python_operator
[2023-03-12T19:03:56.966+0000] {logging_mixin.py:120} INFO - [2023-03-12T19:03:56.966+0000] {taskmixin.py:205} WARNING - Dependency <Task(_PythonDecoratedOperator): print_the_context>, log_sql_query already registered for DAG: example_python_operator
[2023-03-12T19:03:56.966+0000] {logging_mixin.py:120} INFO - [2023-03-12T19:03:56.966+0000] {taskmixin.py:205} WARNING - Dependency <Task(_PythonDecoratedOperator): log_sql_query>, print_the_context already registered for DAG: example_python_operator
[2023-03-12T19:03:56.967+0000] {logging_mixin.py:120} INFO - [2023-03-12T19:03:56.967+0000] {taskmixin.py:205} WARNING - Dependency <Task(_PythonDecoratedOperator): print_the_context>, log_sql_query already registered for DAG: example_python_operator
[2023-03-12T19:03:56.968+0000] {logging_mixin.py:120} INFO - [2023-03-12T19:03:56.968+0000] {taskmixin.py:205} WARNING - Dependency <Task(_PythonDecoratedOperator): log_sql_query>, print_the_context already registered for DAG: example_python_operator
[2023-03-12T19:03:56.976+0000] {processor.py:766} INFO - DAG(s) dict_keys(['example_python_operator']) retrieved from /home/airflow/.local/lib/python3.7/site-packages/airflow/example_dags/example_python_operator.py
[2023-03-12T19:03:57.037+0000] {logging_mixin.py:120} INFO - [2023-03-12T19:03:57.037+0000] {dag.py:2585} INFO - Sync 1 DAGs
[2023-03-12T19:03:57.075+0000] {logging_mixin.py:120} INFO - [2023-03-12T19:03:57.075+0000] {dag.py:3340} INFO - Setting next_dagrun for example_python_operator to None, run_after=None
[2023-03-12T19:03:57.091+0000] {processor.py:176} INFO - Processing /home/airflow/.local/lib/python3.7/site-packages/airflow/example_dags/example_python_operator.py took 0.150 seconds
[2023-03-12T20:24:26.472+0000] {processor.py:154} INFO - Started process (PID=37495) to work on /home/airflow/.local/lib/python3.7/site-packages/airflow/example_dags/example_python_operator.py
[2023-03-12T20:24:26.474+0000] {processor.py:756} INFO - Processing file /home/airflow/.local/lib/python3.7/site-packages/airflow/example_dags/example_python_operator.py for tasks to queue
[2023-03-12T20:24:26.475+0000] {logging_mixin.py:120} INFO - [2023-03-12T20:24:26.475+0000] {dagbag.py:537} INFO - Filling up the DagBag from /home/airflow/.local/lib/python3.7/site-packages/airflow/example_dags/example_python_operator.py
[2023-03-12T20:24:26.488+0000] {logging_mixin.py:120} INFO - [2023-03-12T20:24:26.488+0000] {taskmixin.py:205} WARNING - Dependency <Task(_PythonDecoratedOperator): print_the_context>, log_sql_query already registered for DAG: example_python_operator
[2023-03-12T20:24:26.490+0000] {logging_mixin.py:120} INFO - [2023-03-12T20:24:26.489+0000] {taskmixin.py:205} WARNING - Dependency <Task(_PythonDecoratedOperator): log_sql_query>, print_the_context already registered for DAG: example_python_operator
[2023-03-12T20:24:26.491+0000] {logging_mixin.py:120} INFO - [2023-03-12T20:24:26.490+0000] {taskmixin.py:205} WARNING - Dependency <Task(_PythonDecoratedOperator): print_the_context>, log_sql_query already registered for DAG: example_python_operator
[2023-03-12T20:24:26.492+0000] {logging_mixin.py:120} INFO - [2023-03-12T20:24:26.492+0000] {taskmixin.py:205} WARNING - Dependency <Task(_PythonDecoratedOperator): log_sql_query>, print_the_context already registered for DAG: example_python_operator
[2023-03-12T20:24:26.493+0000] {logging_mixin.py:120} INFO - [2023-03-12T20:24:26.493+0000] {taskmixin.py:205} WARNING - Dependency <Task(_PythonDecoratedOperator): print_the_context>, log_sql_query already registered for DAG: example_python_operator
[2023-03-12T20:24:26.493+0000] {logging_mixin.py:120} INFO - [2023-03-12T20:24:26.493+0000] {taskmixin.py:205} WARNING - Dependency <Task(_PythonDecoratedOperator): log_sql_query>, print_the_context already registered for DAG: example_python_operator
[2023-03-12T20:24:26.494+0000] {logging_mixin.py:120} INFO - [2023-03-12T20:24:26.494+0000] {taskmixin.py:205} WARNING - Dependency <Task(_PythonDecoratedOperator): print_the_context>, log_sql_query already registered for DAG: example_python_operator
[2023-03-12T20:24:26.495+0000] {logging_mixin.py:120} INFO - [2023-03-12T20:24:26.495+0000] {taskmixin.py:205} WARNING - Dependency <Task(_PythonDecoratedOperator): log_sql_query>, print_the_context already registered for DAG: example_python_operator
[2023-03-12T20:24:26.501+0000] {processor.py:766} INFO - DAG(s) dict_keys(['example_python_operator']) retrieved from /home/airflow/.local/lib/python3.7/site-packages/airflow/example_dags/example_python_operator.py
[2023-03-12T20:24:26.545+0000] {logging_mixin.py:120} INFO - [2023-03-12T20:24:26.545+0000] {dag.py:2585} INFO - Sync 1 DAGs
[2023-03-12T20:24:26.562+0000] {logging_mixin.py:120} INFO - [2023-03-12T20:24:26.562+0000] {dag.py:3340} INFO - Setting next_dagrun for example_python_operator to None, run_after=None
[2023-03-12T20:24:26.573+0000] {processor.py:176} INFO - Processing /home/airflow/.local/lib/python3.7/site-packages/airflow/example_dags/example_python_operator.py took 0.106 seconds
[2023-03-12T21:28:17.459+0000] {processor.py:154} INFO - Started process (PID=37558) to work on /home/airflow/.local/lib/python3.7/site-packages/airflow/example_dags/example_python_operator.py
[2023-03-12T21:28:17.461+0000] {processor.py:756} INFO - Processing file /home/airflow/.local/lib/python3.7/site-packages/airflow/example_dags/example_python_operator.py for tasks to queue
[2023-03-12T21:28:17.462+0000] {logging_mixin.py:120} INFO - [2023-03-12T21:28:17.462+0000] {dagbag.py:537} INFO - Filling up the DagBag from /home/airflow/.local/lib/python3.7/site-packages/airflow/example_dags/example_python_operator.py
[2023-03-12T21:28:17.472+0000] {logging_mixin.py:120} INFO - [2023-03-12T21:28:17.472+0000] {taskmixin.py:205} WARNING - Dependency <Task(_PythonDecoratedOperator): print_the_context>, log_sql_query already registered for DAG: example_python_operator
[2023-03-12T21:28:17.473+0000] {logging_mixin.py:120} INFO - [2023-03-12T21:28:17.473+0000] {taskmixin.py:205} WARNING - Dependency <Task(_PythonDecoratedOperator): log_sql_query>, print_the_context already registered for DAG: example_python_operator
[2023-03-12T21:28:17.473+0000] {logging_mixin.py:120} INFO - [2023-03-12T21:28:17.473+0000] {taskmixin.py:205} WARNING - Dependency <Task(_PythonDecoratedOperator): print_the_context>, log_sql_query already registered for DAG: example_python_operator
[2023-03-12T21:28:17.474+0000] {logging_mixin.py:120} INFO - [2023-03-12T21:28:17.474+0000] {taskmixin.py:205} WARNING - Dependency <Task(_PythonDecoratedOperator): log_sql_query>, print_the_context already registered for DAG: example_python_operator
[2023-03-12T21:28:17.475+0000] {logging_mixin.py:120} INFO - [2023-03-12T21:28:17.475+0000] {taskmixin.py:205} WARNING - Dependency <Task(_PythonDecoratedOperator): print_the_context>, log_sql_query already registered for DAG: example_python_operator
[2023-03-12T21:28:17.475+0000] {logging_mixin.py:120} INFO - [2023-03-12T21:28:17.475+0000] {taskmixin.py:205} WARNING - Dependency <Task(_PythonDecoratedOperator): log_sql_query>, print_the_context already registered for DAG: example_python_operator
[2023-03-12T21:28:17.476+0000] {logging_mixin.py:120} INFO - [2023-03-12T21:28:17.476+0000] {taskmixin.py:205} WARNING - Dependency <Task(_PythonDecoratedOperator): print_the_context>, log_sql_query already registered for DAG: example_python_operator
[2023-03-12T21:28:17.476+0000] {logging_mixin.py:120} INFO - [2023-03-12T21:28:17.476+0000] {taskmixin.py:205} WARNING - Dependency <Task(_PythonDecoratedOperator): log_sql_query>, print_the_context already registered for DAG: example_python_operator
[2023-03-12T21:28:17.486+0000] {processor.py:766} INFO - DAG(s) dict_keys(['example_python_operator']) retrieved from /home/airflow/.local/lib/python3.7/site-packages/airflow/example_dags/example_python_operator.py
[2023-03-12T21:28:17.533+0000] {logging_mixin.py:120} INFO - [2023-03-12T21:28:17.533+0000] {dag.py:2585} INFO - Sync 1 DAGs
[2023-03-12T21:28:17.560+0000] {logging_mixin.py:120} INFO - [2023-03-12T21:28:17.560+0000] {dag.py:3340} INFO - Setting next_dagrun for example_python_operator to None, run_after=None
[2023-03-12T21:28:17.579+0000] {processor.py:176} INFO - Processing /home/airflow/.local/lib/python3.7/site-packages/airflow/example_dags/example_python_operator.py took 0.122 seconds
[2023-03-12T22:30:18.061+0000] {processor.py:154} INFO - Started process (PID=37613) to work on /home/airflow/.local/lib/python3.7/site-packages/airflow/example_dags/example_python_operator.py
[2023-03-12T22:30:18.062+0000] {processor.py:756} INFO - Processing file /home/airflow/.local/lib/python3.7/site-packages/airflow/example_dags/example_python_operator.py for tasks to queue
[2023-03-12T22:30:18.064+0000] {logging_mixin.py:120} INFO - [2023-03-12T22:30:18.063+0000] {dagbag.py:537} INFO - Filling up the DagBag from /home/airflow/.local/lib/python3.7/site-packages/airflow/example_dags/example_python_operator.py
[2023-03-12T22:30:18.082+0000] {logging_mixin.py:120} INFO - [2023-03-12T22:30:18.082+0000] {taskmixin.py:205} WARNING - Dependency <Task(_PythonDecoratedOperator): print_the_context>, log_sql_query already registered for DAG: example_python_operator
[2023-03-12T22:30:18.085+0000] {logging_mixin.py:120} INFO - [2023-03-12T22:30:18.085+0000] {taskmixin.py:205} WARNING - Dependency <Task(_PythonDecoratedOperator): log_sql_query>, print_the_context already registered for DAG: example_python_operator
[2023-03-12T22:30:18.086+0000] {logging_mixin.py:120} INFO - [2023-03-12T22:30:18.086+0000] {taskmixin.py:205} WARNING - Dependency <Task(_PythonDecoratedOperator): print_the_context>, log_sql_query already registered for DAG: example_python_operator
[2023-03-12T22:30:18.087+0000] {logging_mixin.py:120} INFO - [2023-03-12T22:30:18.087+0000] {taskmixin.py:205} WARNING - Dependency <Task(_PythonDecoratedOperator): log_sql_query>, print_the_context already registered for DAG: example_python_operator
[2023-03-12T22:30:18.087+0000] {logging_mixin.py:120} INFO - [2023-03-12T22:30:18.087+0000] {taskmixin.py:205} WARNING - Dependency <Task(_PythonDecoratedOperator): print_the_context>, log_sql_query already registered for DAG: example_python_operator
[2023-03-12T22:30:18.088+0000] {logging_mixin.py:120} INFO - [2023-03-12T22:30:18.088+0000] {taskmixin.py:205} WARNING - Dependency <Task(_PythonDecoratedOperator): log_sql_query>, print_the_context already registered for DAG: example_python_operator
[2023-03-12T22:30:18.089+0000] {logging_mixin.py:120} INFO - [2023-03-12T22:30:18.089+0000] {taskmixin.py:205} WARNING - Dependency <Task(_PythonDecoratedOperator): print_the_context>, log_sql_query already registered for DAG: example_python_operator
[2023-03-12T22:30:18.089+0000] {logging_mixin.py:120} INFO - [2023-03-12T22:30:18.089+0000] {taskmixin.py:205} WARNING - Dependency <Task(_PythonDecoratedOperator): log_sql_query>, print_the_context already registered for DAG: example_python_operator
[2023-03-12T22:30:18.095+0000] {processor.py:766} INFO - DAG(s) dict_keys(['example_python_operator']) retrieved from /home/airflow/.local/lib/python3.7/site-packages/airflow/example_dags/example_python_operator.py
[2023-03-12T22:30:18.143+0000] {logging_mixin.py:120} INFO - [2023-03-12T22:30:18.143+0000] {dag.py:2585} INFO - Sync 1 DAGs
[2023-03-12T22:30:18.161+0000] {logging_mixin.py:120} INFO - [2023-03-12T22:30:18.161+0000] {dag.py:3340} INFO - Setting next_dagrun for example_python_operator to None, run_after=None
[2023-03-12T22:30:18.182+0000] {processor.py:176} INFO - Processing /home/airflow/.local/lib/python3.7/site-packages/airflow/example_dags/example_python_operator.py took 0.124 seconds
[2023-03-12T23:33:22.599+0000] {processor.py:154} INFO - Started process (PID=37676) to work on /home/airflow/.local/lib/python3.7/site-packages/airflow/example_dags/example_python_operator.py
[2023-03-12T23:33:22.602+0000] {processor.py:756} INFO - Processing file /home/airflow/.local/lib/python3.7/site-packages/airflow/example_dags/example_python_operator.py for tasks to queue
[2023-03-12T23:33:22.603+0000] {logging_mixin.py:120} INFO - [2023-03-12T23:33:22.603+0000] {dagbag.py:537} INFO - Filling up the DagBag from /home/airflow/.local/lib/python3.7/site-packages/airflow/example_dags/example_python_operator.py
[2023-03-12T23:33:22.619+0000] {logging_mixin.py:120} INFO - [2023-03-12T23:33:22.619+0000] {taskmixin.py:205} WARNING - Dependency <Task(_PythonDecoratedOperator): print_the_context>, log_sql_query already registered for DAG: example_python_operator
[2023-03-12T23:33:22.620+0000] {logging_mixin.py:120} INFO - [2023-03-12T23:33:22.620+0000] {taskmixin.py:205} WARNING - Dependency <Task(_PythonDecoratedOperator): log_sql_query>, print_the_context already registered for DAG: example_python_operator
[2023-03-12T23:33:22.623+0000] {logging_mixin.py:120} INFO - [2023-03-12T23:33:22.623+0000] {taskmixin.py:205} WARNING - Dependency <Task(_PythonDecoratedOperator): print_the_context>, log_sql_query already registered for DAG: example_python_operator
[2023-03-12T23:33:22.624+0000] {logging_mixin.py:120} INFO - [2023-03-12T23:33:22.624+0000] {taskmixin.py:205} WARNING - Dependency <Task(_PythonDecoratedOperator): log_sql_query>, print_the_context already registered for DAG: example_python_operator
[2023-03-12T23:33:22.624+0000] {logging_mixin.py:120} INFO - [2023-03-12T23:33:22.624+0000] {taskmixin.py:205} WARNING - Dependency <Task(_PythonDecoratedOperator): print_the_context>, log_sql_query already registered for DAG: example_python_operator
[2023-03-12T23:33:22.625+0000] {logging_mixin.py:120} INFO - [2023-03-12T23:33:22.625+0000] {taskmixin.py:205} WARNING - Dependency <Task(_PythonDecoratedOperator): log_sql_query>, print_the_context already registered for DAG: example_python_operator
[2023-03-12T23:33:22.625+0000] {logging_mixin.py:120} INFO - [2023-03-12T23:33:22.625+0000] {taskmixin.py:205} WARNING - Dependency <Task(_PythonDecoratedOperator): print_the_context>, log_sql_query already registered for DAG: example_python_operator
[2023-03-12T23:33:22.626+0000] {logging_mixin.py:120} INFO - [2023-03-12T23:33:22.626+0000] {taskmixin.py:205} WARNING - Dependency <Task(_PythonDecoratedOperator): log_sql_query>, print_the_context already registered for DAG: example_python_operator
[2023-03-12T23:33:22.631+0000] {processor.py:766} INFO - DAG(s) dict_keys(['example_python_operator']) retrieved from /home/airflow/.local/lib/python3.7/site-packages/airflow/example_dags/example_python_operator.py
[2023-03-12T23:33:22.678+0000] {logging_mixin.py:120} INFO - [2023-03-12T23:33:22.678+0000] {dag.py:2585} INFO - Sync 1 DAGs
[2023-03-12T23:33:22.698+0000] {logging_mixin.py:120} INFO - [2023-03-12T23:33:22.698+0000] {dag.py:3340} INFO - Setting next_dagrun for example_python_operator to None, run_after=None
[2023-03-12T23:33:22.714+0000] {processor.py:176} INFO - Processing /home/airflow/.local/lib/python3.7/site-packages/airflow/example_dags/example_python_operator.py took 0.118 seconds
