[2023-03-12T00:05:12.405+0000] {processor.py:154} INFO - Started process (PID=36404) to work on /home/airflow/.local/lib/python3.7/site-packages/airflow/example_dags/example_external_task_marker_dag.py
[2023-03-12T00:05:12.406+0000] {processor.py:756} INFO - Processing file /home/airflow/.local/lib/python3.7/site-packages/airflow/example_dags/example_external_task_marker_dag.py for tasks to queue
[2023-03-12T00:05:12.407+0000] {logging_mixin.py:120} INFO - [2023-03-12T00:05:12.407+0000] {dagbag.py:537} INFO - Filling up the DagBag from /home/airflow/.local/lib/python3.7/site-packages/airflow/example_dags/example_external_task_marker_dag.py
[2023-03-12T00:05:12.416+0000] {processor.py:766} INFO - DAG(s) dict_keys(['example_external_task_marker_child', 'example_external_task_marker_parent']) retrieved from /home/airflow/.local/lib/python3.7/site-packages/airflow/example_dags/example_external_task_marker_dag.py
[2023-03-12T00:05:12.511+0000] {logging_mixin.py:120} INFO - [2023-03-12T00:05:12.511+0000] {dag.py:2585} INFO - Sync 2 DAGs
[2023-03-12T00:05:12.527+0000] {logging_mixin.py:120} INFO - [2023-03-12T00:05:12.527+0000] {dag.py:3340} INFO - Setting next_dagrun for example_external_task_marker_child to None, run_after=None
[2023-03-12T00:05:12.529+0000] {logging_mixin.py:120} INFO - [2023-03-12T00:05:12.529+0000] {dag.py:3340} INFO - Setting next_dagrun for example_external_task_marker_parent to None, run_after=None
[2023-03-12T00:05:12.540+0000] {processor.py:176} INFO - Processing /home/airflow/.local/lib/python3.7/site-packages/airflow/example_dags/example_external_task_marker_dag.py took 0.138 seconds
[2023-03-12T01:11:10.061+0000] {processor.py:154} INFO - Started process (PID=36458) to work on /home/airflow/.local/lib/python3.7/site-packages/airflow/example_dags/example_external_task_marker_dag.py
[2023-03-12T01:11:10.063+0000] {processor.py:756} INFO - Processing file /home/airflow/.local/lib/python3.7/site-packages/airflow/example_dags/example_external_task_marker_dag.py for tasks to queue
[2023-03-12T01:11:10.064+0000] {logging_mixin.py:120} INFO - [2023-03-12T01:11:10.064+0000] {dagbag.py:537} INFO - Filling up the DagBag from /home/airflow/.local/lib/python3.7/site-packages/airflow/example_dags/example_external_task_marker_dag.py
[2023-03-12T01:11:10.074+0000] {processor.py:766} INFO - DAG(s) dict_keys(['example_external_task_marker_parent', 'example_external_task_marker_child']) retrieved from /home/airflow/.local/lib/python3.7/site-packages/airflow/example_dags/example_external_task_marker_dag.py
[2023-03-12T01:11:10.181+0000] {logging_mixin.py:120} INFO - [2023-03-12T01:11:10.181+0000] {dag.py:2585} INFO - Sync 2 DAGs
[2023-03-12T01:11:10.196+0000] {logging_mixin.py:120} INFO - [2023-03-12T01:11:10.196+0000] {dag.py:3340} INFO - Setting next_dagrun for example_external_task_marker_child to None, run_after=None
[2023-03-12T01:11:10.199+0000] {logging_mixin.py:120} INFO - [2023-03-12T01:11:10.199+0000] {dag.py:3340} INFO - Setting next_dagrun for example_external_task_marker_parent to None, run_after=None
[2023-03-12T01:11:10.209+0000] {processor.py:176} INFO - Processing /home/airflow/.local/lib/python3.7/site-packages/airflow/example_dags/example_external_task_marker_dag.py took 0.151 seconds
[2023-03-12T02:20:07.781+0000] {processor.py:154} INFO - Started process (PID=36522) to work on /home/airflow/.local/lib/python3.7/site-packages/airflow/example_dags/example_external_task_marker_dag.py
[2023-03-12T02:20:07.782+0000] {processor.py:756} INFO - Processing file /home/airflow/.local/lib/python3.7/site-packages/airflow/example_dags/example_external_task_marker_dag.py for tasks to queue
[2023-03-12T02:20:07.783+0000] {logging_mixin.py:120} INFO - [2023-03-12T02:20:07.783+0000] {dagbag.py:537} INFO - Filling up the DagBag from /home/airflow/.local/lib/python3.7/site-packages/airflow/example_dags/example_external_task_marker_dag.py
[2023-03-12T02:20:07.793+0000] {processor.py:766} INFO - DAG(s) dict_keys(['example_external_task_marker_child', 'example_external_task_marker_parent']) retrieved from /home/airflow/.local/lib/python3.7/site-packages/airflow/example_dags/example_external_task_marker_dag.py
[2023-03-12T02:20:07.896+0000] {logging_mixin.py:120} INFO - [2023-03-12T02:20:07.896+0000] {dag.py:2585} INFO - Sync 2 DAGs
[2023-03-12T02:20:07.912+0000] {logging_mixin.py:120} INFO - [2023-03-12T02:20:07.912+0000] {dag.py:3340} INFO - Setting next_dagrun for example_external_task_marker_child to None, run_after=None
[2023-03-12T02:20:07.916+0000] {logging_mixin.py:120} INFO - [2023-03-12T02:20:07.916+0000] {dag.py:3340} INFO - Setting next_dagrun for example_external_task_marker_parent to None, run_after=None
[2023-03-12T02:20:07.929+0000] {processor.py:176} INFO - Processing /home/airflow/.local/lib/python3.7/site-packages/airflow/example_dags/example_external_task_marker_dag.py took 0.151 seconds
[2023-03-12T03:43:53.591+0000] {processor.py:154} INFO - Started process (PID=36585) to work on /home/airflow/.local/lib/python3.7/site-packages/airflow/example_dags/example_external_task_marker_dag.py
[2023-03-12T03:43:53.592+0000] {processor.py:756} INFO - Processing file /home/airflow/.local/lib/python3.7/site-packages/airflow/example_dags/example_external_task_marker_dag.py for tasks to queue
[2023-03-12T03:43:53.593+0000] {logging_mixin.py:120} INFO - [2023-03-12T03:43:53.593+0000] {dagbag.py:537} INFO - Filling up the DagBag from /home/airflow/.local/lib/python3.7/site-packages/airflow/example_dags/example_external_task_marker_dag.py
[2023-03-12T03:43:53.603+0000] {processor.py:766} INFO - DAG(s) dict_keys(['example_external_task_marker_child', 'example_external_task_marker_parent']) retrieved from /home/airflow/.local/lib/python3.7/site-packages/airflow/example_dags/example_external_task_marker_dag.py
[2023-03-12T03:43:53.717+0000] {logging_mixin.py:120} INFO - [2023-03-12T03:43:53.717+0000] {dag.py:2585} INFO - Sync 2 DAGs
[2023-03-12T03:43:53.740+0000] {logging_mixin.py:120} INFO - [2023-03-12T03:43:53.739+0000] {dag.py:3340} INFO - Setting next_dagrun for example_external_task_marker_child to None, run_after=None
[2023-03-12T03:43:53.742+0000] {logging_mixin.py:120} INFO - [2023-03-12T03:43:53.742+0000] {dag.py:3340} INFO - Setting next_dagrun for example_external_task_marker_parent to None, run_after=None
[2023-03-12T03:43:53.755+0000] {processor.py:176} INFO - Processing /home/airflow/.local/lib/python3.7/site-packages/airflow/example_dags/example_external_task_marker_dag.py took 0.167 seconds
[2023-03-12T04:47:38.620+0000] {processor.py:154} INFO - Started process (PID=36648) to work on /home/airflow/.local/lib/python3.7/site-packages/airflow/example_dags/example_external_task_marker_dag.py
[2023-03-12T04:47:38.621+0000] {processor.py:756} INFO - Processing file /home/airflow/.local/lib/python3.7/site-packages/airflow/example_dags/example_external_task_marker_dag.py for tasks to queue
[2023-03-12T04:47:38.622+0000] {logging_mixin.py:120} INFO - [2023-03-12T04:47:38.622+0000] {dagbag.py:537} INFO - Filling up the DagBag from /home/airflow/.local/lib/python3.7/site-packages/airflow/example_dags/example_external_task_marker_dag.py
[2023-03-12T04:47:38.633+0000] {processor.py:766} INFO - DAG(s) dict_keys(['example_external_task_marker_parent', 'example_external_task_marker_child']) retrieved from /home/airflow/.local/lib/python3.7/site-packages/airflow/example_dags/example_external_task_marker_dag.py
[2023-03-12T04:47:38.750+0000] {logging_mixin.py:120} INFO - [2023-03-12T04:47:38.750+0000] {dag.py:2585} INFO - Sync 2 DAGs
[2023-03-12T04:47:38.780+0000] {logging_mixin.py:120} INFO - [2023-03-12T04:47:38.780+0000] {dag.py:3340} INFO - Setting next_dagrun for example_external_task_marker_child to None, run_after=None
[2023-03-12T04:47:38.784+0000] {logging_mixin.py:120} INFO - [2023-03-12T04:47:38.784+0000] {dag.py:3340} INFO - Setting next_dagrun for example_external_task_marker_parent to None, run_after=None
[2023-03-12T04:47:38.794+0000] {processor.py:176} INFO - Processing /home/airflow/.local/lib/python3.7/site-packages/airflow/example_dags/example_external_task_marker_dag.py took 0.176 seconds
[2023-03-12T05:46:52.610+0000] {processor.py:154} INFO - Started process (PID=36711) to work on /home/airflow/.local/lib/python3.7/site-packages/airflow/example_dags/example_external_task_marker_dag.py
[2023-03-12T05:46:52.612+0000] {processor.py:756} INFO - Processing file /home/airflow/.local/lib/python3.7/site-packages/airflow/example_dags/example_external_task_marker_dag.py for tasks to queue
[2023-03-12T05:46:52.612+0000] {logging_mixin.py:120} INFO - [2023-03-12T05:46:52.612+0000] {dagbag.py:537} INFO - Filling up the DagBag from /home/airflow/.local/lib/python3.7/site-packages/airflow/example_dags/example_external_task_marker_dag.py
[2023-03-12T05:46:52.628+0000] {processor.py:766} INFO - DAG(s) dict_keys(['example_external_task_marker_parent', 'example_external_task_marker_child']) retrieved from /home/airflow/.local/lib/python3.7/site-packages/airflow/example_dags/example_external_task_marker_dag.py
[2023-03-12T05:46:52.754+0000] {logging_mixin.py:120} INFO - [2023-03-12T05:46:52.754+0000] {dag.py:2585} INFO - Sync 2 DAGs
[2023-03-12T05:46:52.778+0000] {logging_mixin.py:120} INFO - [2023-03-12T05:46:52.778+0000] {dag.py:3340} INFO - Setting next_dagrun for example_external_task_marker_child to None, run_after=None
[2023-03-12T05:46:52.786+0000] {logging_mixin.py:120} INFO - [2023-03-12T05:46:52.786+0000] {dag.py:3340} INFO - Setting next_dagrun for example_external_task_marker_parent to None, run_after=None
[2023-03-12T05:46:52.800+0000] {processor.py:176} INFO - Processing /home/airflow/.local/lib/python3.7/site-packages/airflow/example_dags/example_external_task_marker_dag.py took 0.193 seconds
[2023-03-12T06:51:40.826+0000] {processor.py:154} INFO - Started process (PID=36765) to work on /home/airflow/.local/lib/python3.7/site-packages/airflow/example_dags/example_external_task_marker_dag.py
[2023-03-12T06:51:40.828+0000] {processor.py:756} INFO - Processing file /home/airflow/.local/lib/python3.7/site-packages/airflow/example_dags/example_external_task_marker_dag.py for tasks to queue
[2023-03-12T06:51:40.829+0000] {logging_mixin.py:120} INFO - [2023-03-12T06:51:40.829+0000] {dagbag.py:537} INFO - Filling up the DagBag from /home/airflow/.local/lib/python3.7/site-packages/airflow/example_dags/example_external_task_marker_dag.py
[2023-03-12T06:51:40.844+0000] {processor.py:766} INFO - DAG(s) dict_keys(['example_external_task_marker_child', 'example_external_task_marker_parent']) retrieved from /home/airflow/.local/lib/python3.7/site-packages/airflow/example_dags/example_external_task_marker_dag.py
[2023-03-12T06:51:41.008+0000] {logging_mixin.py:120} INFO - [2023-03-12T06:51:41.008+0000] {dag.py:2585} INFO - Sync 2 DAGs
[2023-03-12T06:51:41.030+0000] {logging_mixin.py:120} INFO - [2023-03-12T06:51:41.030+0000] {dag.py:3340} INFO - Setting next_dagrun for example_external_task_marker_child to None, run_after=None
[2023-03-12T06:51:41.032+0000] {logging_mixin.py:120} INFO - [2023-03-12T06:51:41.032+0000] {dag.py:3340} INFO - Setting next_dagrun for example_external_task_marker_parent to None, run_after=None
[2023-03-12T06:51:41.058+0000] {processor.py:176} INFO - Processing /home/airflow/.local/lib/python3.7/site-packages/airflow/example_dags/example_external_task_marker_dag.py took 0.234 seconds
[2023-03-12T07:59:58.147+0000] {processor.py:154} INFO - Started process (PID=36829) to work on /home/airflow/.local/lib/python3.7/site-packages/airflow/example_dags/example_external_task_marker_dag.py
[2023-03-12T07:59:58.148+0000] {processor.py:756} INFO - Processing file /home/airflow/.local/lib/python3.7/site-packages/airflow/example_dags/example_external_task_marker_dag.py for tasks to queue
[2023-03-12T07:59:58.149+0000] {logging_mixin.py:120} INFO - [2023-03-12T07:59:58.149+0000] {dagbag.py:537} INFO - Filling up the DagBag from /home/airflow/.local/lib/python3.7/site-packages/airflow/example_dags/example_external_task_marker_dag.py
[2023-03-12T07:59:58.163+0000] {processor.py:766} INFO - DAG(s) dict_keys(['example_external_task_marker_parent', 'example_external_task_marker_child']) retrieved from /home/airflow/.local/lib/python3.7/site-packages/airflow/example_dags/example_external_task_marker_dag.py
[2023-03-12T07:59:58.335+0000] {logging_mixin.py:120} INFO - [2023-03-12T07:59:58.335+0000] {dag.py:2585} INFO - Sync 2 DAGs
[2023-03-12T07:59:58.356+0000] {logging_mixin.py:120} INFO - [2023-03-12T07:59:58.356+0000] {dag.py:3340} INFO - Setting next_dagrun for example_external_task_marker_child to None, run_after=None
[2023-03-12T07:59:58.359+0000] {logging_mixin.py:120} INFO - [2023-03-12T07:59:58.359+0000] {dag.py:3340} INFO - Setting next_dagrun for example_external_task_marker_parent to None, run_after=None
[2023-03-12T07:59:58.372+0000] {processor.py:176} INFO - Processing /home/airflow/.local/lib/python3.7/site-packages/airflow/example_dags/example_external_task_marker_dag.py took 0.228 seconds
[2023-03-12T09:20:38.533+0000] {processor.py:154} INFO - Started process (PID=36892) to work on /home/airflow/.local/lib/python3.7/site-packages/airflow/example_dags/example_external_task_marker_dag.py
[2023-03-12T09:20:38.534+0000] {processor.py:756} INFO - Processing file /home/airflow/.local/lib/python3.7/site-packages/airflow/example_dags/example_external_task_marker_dag.py for tasks to queue
[2023-03-12T09:20:38.535+0000] {logging_mixin.py:120} INFO - [2023-03-12T09:20:38.535+0000] {dagbag.py:537} INFO - Filling up the DagBag from /home/airflow/.local/lib/python3.7/site-packages/airflow/example_dags/example_external_task_marker_dag.py
[2023-03-12T09:20:38.551+0000] {processor.py:766} INFO - DAG(s) dict_keys(['example_external_task_marker_parent', 'example_external_task_marker_child']) retrieved from /home/airflow/.local/lib/python3.7/site-packages/airflow/example_dags/example_external_task_marker_dag.py
[2023-03-12T09:20:38.674+0000] {logging_mixin.py:120} INFO - [2023-03-12T09:20:38.674+0000] {dag.py:2585} INFO - Sync 2 DAGs
[2023-03-12T09:20:38.700+0000] {logging_mixin.py:120} INFO - [2023-03-12T09:20:38.700+0000] {dag.py:3340} INFO - Setting next_dagrun for example_external_task_marker_child to None, run_after=None
[2023-03-12T09:20:38.702+0000] {logging_mixin.py:120} INFO - [2023-03-12T09:20:38.702+0000] {dag.py:3340} INFO - Setting next_dagrun for example_external_task_marker_parent to None, run_after=None
[2023-03-12T09:20:38.717+0000] {processor.py:176} INFO - Processing /home/airflow/.local/lib/python3.7/site-packages/airflow/example_dags/example_external_task_marker_dag.py took 0.187 seconds
[2023-03-12T10:26:32.494+0000] {processor.py:154} INFO - Started process (PID=36955) to work on /home/airflow/.local/lib/python3.7/site-packages/airflow/example_dags/example_external_task_marker_dag.py
[2023-03-12T10:26:32.495+0000] {processor.py:756} INFO - Processing file /home/airflow/.local/lib/python3.7/site-packages/airflow/example_dags/example_external_task_marker_dag.py for tasks to queue
[2023-03-12T10:26:32.496+0000] {logging_mixin.py:120} INFO - [2023-03-12T10:26:32.496+0000] {dagbag.py:537} INFO - Filling up the DagBag from /home/airflow/.local/lib/python3.7/site-packages/airflow/example_dags/example_external_task_marker_dag.py
[2023-03-12T10:26:32.507+0000] {processor.py:766} INFO - DAG(s) dict_keys(['example_external_task_marker_parent', 'example_external_task_marker_child']) retrieved from /home/airflow/.local/lib/python3.7/site-packages/airflow/example_dags/example_external_task_marker_dag.py
[2023-03-12T10:26:32.634+0000] {logging_mixin.py:120} INFO - [2023-03-12T10:26:32.634+0000] {dag.py:2585} INFO - Sync 2 DAGs
[2023-03-12T10:26:32.654+0000] {logging_mixin.py:120} INFO - [2023-03-12T10:26:32.654+0000] {dag.py:3340} INFO - Setting next_dagrun for example_external_task_marker_child to None, run_after=None
[2023-03-12T10:26:32.658+0000] {logging_mixin.py:120} INFO - [2023-03-12T10:26:32.658+0000] {dag.py:3340} INFO - Setting next_dagrun for example_external_task_marker_parent to None, run_after=None
[2023-03-12T10:26:32.669+0000] {processor.py:176} INFO - Processing /home/airflow/.local/lib/python3.7/site-packages/airflow/example_dags/example_external_task_marker_dag.py took 0.177 seconds
[2023-03-12T11:32:28.011+0000] {processor.py:154} INFO - Started process (PID=37018) to work on /home/airflow/.local/lib/python3.7/site-packages/airflow/example_dags/example_external_task_marker_dag.py
[2023-03-12T11:32:28.016+0000] {processor.py:756} INFO - Processing file /home/airflow/.local/lib/python3.7/site-packages/airflow/example_dags/example_external_task_marker_dag.py for tasks to queue
[2023-03-12T11:32:28.017+0000] {logging_mixin.py:120} INFO - [2023-03-12T11:32:28.017+0000] {dagbag.py:537} INFO - Filling up the DagBag from /home/airflow/.local/lib/python3.7/site-packages/airflow/example_dags/example_external_task_marker_dag.py
[2023-03-12T11:32:28.049+0000] {processor.py:766} INFO - DAG(s) dict_keys(['example_external_task_marker_child', 'example_external_task_marker_parent']) retrieved from /home/airflow/.local/lib/python3.7/site-packages/airflow/example_dags/example_external_task_marker_dag.py
[2023-03-12T11:32:28.271+0000] {logging_mixin.py:120} INFO - [2023-03-12T11:32:28.271+0000] {dag.py:2585} INFO - Sync 2 DAGs
[2023-03-12T11:32:28.299+0000] {logging_mixin.py:120} INFO - [2023-03-12T11:32:28.299+0000] {dag.py:3340} INFO - Setting next_dagrun for example_external_task_marker_child to None, run_after=None
[2023-03-12T11:32:28.302+0000] {logging_mixin.py:120} INFO - [2023-03-12T11:32:28.302+0000] {dag.py:3340} INFO - Setting next_dagrun for example_external_task_marker_parent to None, run_after=None
[2023-03-12T11:32:28.321+0000] {processor.py:176} INFO - Processing /home/airflow/.local/lib/python3.7/site-packages/airflow/example_dags/example_external_task_marker_dag.py took 0.321 seconds
[2023-03-12T12:40:40.576+0000] {processor.py:154} INFO - Started process (PID=37072) to work on /home/airflow/.local/lib/python3.7/site-packages/airflow/example_dags/example_external_task_marker_dag.py
[2023-03-12T12:40:40.577+0000] {processor.py:756} INFO - Processing file /home/airflow/.local/lib/python3.7/site-packages/airflow/example_dags/example_external_task_marker_dag.py for tasks to queue
[2023-03-12T12:40:40.578+0000] {logging_mixin.py:120} INFO - [2023-03-12T12:40:40.578+0000] {dagbag.py:537} INFO - Filling up the DagBag from /home/airflow/.local/lib/python3.7/site-packages/airflow/example_dags/example_external_task_marker_dag.py
[2023-03-12T12:40:40.598+0000] {processor.py:766} INFO - DAG(s) dict_keys(['example_external_task_marker_child', 'example_external_task_marker_parent']) retrieved from /home/airflow/.local/lib/python3.7/site-packages/airflow/example_dags/example_external_task_marker_dag.py
[2023-03-12T12:40:40.715+0000] {logging_mixin.py:120} INFO - [2023-03-12T12:40:40.715+0000] {dag.py:2585} INFO - Sync 2 DAGs
[2023-03-12T12:40:40.732+0000] {logging_mixin.py:120} INFO - [2023-03-12T12:40:40.732+0000] {dag.py:3340} INFO - Setting next_dagrun for example_external_task_marker_child to None, run_after=None
[2023-03-12T12:40:40.736+0000] {logging_mixin.py:120} INFO - [2023-03-12T12:40:40.736+0000] {dag.py:3340} INFO - Setting next_dagrun for example_external_task_marker_parent to None, run_after=None
[2023-03-12T12:40:40.756+0000] {processor.py:176} INFO - Processing /home/airflow/.local/lib/python3.7/site-packages/airflow/example_dags/example_external_task_marker_dag.py took 0.187 seconds
[2023-03-12T13:59:48.849+0000] {processor.py:154} INFO - Started process (PID=37135) to work on /home/airflow/.local/lib/python3.7/site-packages/airflow/example_dags/example_external_task_marker_dag.py
[2023-03-12T13:59:48.850+0000] {processor.py:756} INFO - Processing file /home/airflow/.local/lib/python3.7/site-packages/airflow/example_dags/example_external_task_marker_dag.py for tasks to queue
[2023-03-12T13:59:48.851+0000] {logging_mixin.py:120} INFO - [2023-03-12T13:59:48.851+0000] {dagbag.py:537} INFO - Filling up the DagBag from /home/airflow/.local/lib/python3.7/site-packages/airflow/example_dags/example_external_task_marker_dag.py
[2023-03-12T13:59:48.868+0000] {processor.py:766} INFO - DAG(s) dict_keys(['example_external_task_marker_child', 'example_external_task_marker_parent']) retrieved from /home/airflow/.local/lib/python3.7/site-packages/airflow/example_dags/example_external_task_marker_dag.py
[2023-03-12T13:59:49.000+0000] {logging_mixin.py:120} INFO - [2023-03-12T13:59:48.999+0000] {dag.py:2585} INFO - Sync 2 DAGs
[2023-03-12T13:59:49.022+0000] {logging_mixin.py:120} INFO - [2023-03-12T13:59:49.022+0000] {dag.py:3340} INFO - Setting next_dagrun for example_external_task_marker_child to None, run_after=None
[2023-03-12T13:59:49.024+0000] {logging_mixin.py:120} INFO - [2023-03-12T13:59:49.024+0000] {dag.py:3340} INFO - Setting next_dagrun for example_external_task_marker_parent to None, run_after=None
[2023-03-12T13:59:49.036+0000] {processor.py:176} INFO - Processing /home/airflow/.local/lib/python3.7/site-packages/airflow/example_dags/example_external_task_marker_dag.py took 0.191 seconds
[2023-03-12T15:06:06.774+0000] {processor.py:154} INFO - Started process (PID=37198) to work on /home/airflow/.local/lib/python3.7/site-packages/airflow/example_dags/example_external_task_marker_dag.py
[2023-03-12T15:06:06.777+0000] {processor.py:756} INFO - Processing file /home/airflow/.local/lib/python3.7/site-packages/airflow/example_dags/example_external_task_marker_dag.py for tasks to queue
[2023-03-12T15:06:06.778+0000] {logging_mixin.py:120} INFO - [2023-03-12T15:06:06.778+0000] {dagbag.py:537} INFO - Filling up the DagBag from /home/airflow/.local/lib/python3.7/site-packages/airflow/example_dags/example_external_task_marker_dag.py
[2023-03-12T15:06:06.796+0000] {processor.py:766} INFO - DAG(s) dict_keys(['example_external_task_marker_parent', 'example_external_task_marker_child']) retrieved from /home/airflow/.local/lib/python3.7/site-packages/airflow/example_dags/example_external_task_marker_dag.py
[2023-03-12T15:06:06.923+0000] {logging_mixin.py:120} INFO - [2023-03-12T15:06:06.923+0000] {dag.py:2585} INFO - Sync 2 DAGs
[2023-03-12T15:06:06.937+0000] {logging_mixin.py:120} INFO - [2023-03-12T15:06:06.937+0000] {dag.py:3340} INFO - Setting next_dagrun for example_external_task_marker_child to None, run_after=None
[2023-03-12T15:06:06.940+0000] {logging_mixin.py:120} INFO - [2023-03-12T15:06:06.940+0000] {dag.py:3340} INFO - Setting next_dagrun for example_external_task_marker_parent to None, run_after=None
[2023-03-12T15:06:06.949+0000] {processor.py:176} INFO - Processing /home/airflow/.local/lib/python3.7/site-packages/airflow/example_dags/example_external_task_marker_dag.py took 0.178 seconds
[2023-03-12T16:10:45.706+0000] {processor.py:154} INFO - Started process (PID=37262) to work on /home/airflow/.local/lib/python3.7/site-packages/airflow/example_dags/example_external_task_marker_dag.py
[2023-03-12T16:10:45.707+0000] {processor.py:756} INFO - Processing file /home/airflow/.local/lib/python3.7/site-packages/airflow/example_dags/example_external_task_marker_dag.py for tasks to queue
[2023-03-12T16:10:45.707+0000] {logging_mixin.py:120} INFO - [2023-03-12T16:10:45.707+0000] {dagbag.py:537} INFO - Filling up the DagBag from /home/airflow/.local/lib/python3.7/site-packages/airflow/example_dags/example_external_task_marker_dag.py
[2023-03-12T16:10:45.727+0000] {processor.py:766} INFO - DAG(s) dict_keys(['example_external_task_marker_child', 'example_external_task_marker_parent']) retrieved from /home/airflow/.local/lib/python3.7/site-packages/airflow/example_dags/example_external_task_marker_dag.py
[2023-03-12T16:10:45.857+0000] {logging_mixin.py:120} INFO - [2023-03-12T16:10:45.857+0000] {dag.py:2585} INFO - Sync 2 DAGs
[2023-03-12T16:10:45.882+0000] {logging_mixin.py:120} INFO - [2023-03-12T16:10:45.882+0000] {dag.py:3340} INFO - Setting next_dagrun for example_external_task_marker_child to None, run_after=None
[2023-03-12T16:10:45.888+0000] {logging_mixin.py:120} INFO - [2023-03-12T16:10:45.888+0000] {dag.py:3340} INFO - Setting next_dagrun for example_external_task_marker_parent to None, run_after=None
[2023-03-12T16:10:45.906+0000] {processor.py:176} INFO - Processing /home/airflow/.local/lib/python3.7/site-packages/airflow/example_dags/example_external_task_marker_dag.py took 0.202 seconds
[2023-03-12T17:18:12.897+0000] {processor.py:154} INFO - Started process (PID=37324) to work on /home/airflow/.local/lib/python3.7/site-packages/airflow/example_dags/example_external_task_marker_dag.py
[2023-03-12T17:18:12.905+0000] {processor.py:756} INFO - Processing file /home/airflow/.local/lib/python3.7/site-packages/airflow/example_dags/example_external_task_marker_dag.py for tasks to queue
[2023-03-12T17:18:12.906+0000] {logging_mixin.py:120} INFO - [2023-03-12T17:18:12.905+0000] {dagbag.py:537} INFO - Filling up the DagBag from /home/airflow/.local/lib/python3.7/site-packages/airflow/example_dags/example_external_task_marker_dag.py
[2023-03-12T17:18:12.923+0000] {processor.py:766} INFO - DAG(s) dict_keys(['example_external_task_marker_parent', 'example_external_task_marker_child']) retrieved from /home/airflow/.local/lib/python3.7/site-packages/airflow/example_dags/example_external_task_marker_dag.py
[2023-03-12T17:18:13.112+0000] {logging_mixin.py:120} INFO - [2023-03-12T17:18:13.112+0000] {dag.py:2585} INFO - Sync 2 DAGs
[2023-03-12T17:18:13.136+0000] {logging_mixin.py:120} INFO - [2023-03-12T17:18:13.136+0000] {dag.py:3340} INFO - Setting next_dagrun for example_external_task_marker_child to None, run_after=None
[2023-03-12T17:18:13.138+0000] {logging_mixin.py:120} INFO - [2023-03-12T17:18:13.138+0000] {dag.py:3340} INFO - Setting next_dagrun for example_external_task_marker_parent to None, run_after=None
[2023-03-12T17:18:13.178+0000] {processor.py:176} INFO - Processing /home/airflow/.local/lib/python3.7/site-packages/airflow/example_dags/example_external_task_marker_dag.py took 0.283 seconds
[2023-03-12T18:23:04.372+0000] {processor.py:154} INFO - Started process (PID=37379) to work on /home/airflow/.local/lib/python3.7/site-packages/airflow/example_dags/example_external_task_marker_dag.py
[2023-03-12T18:23:04.375+0000] {processor.py:756} INFO - Processing file /home/airflow/.local/lib/python3.7/site-packages/airflow/example_dags/example_external_task_marker_dag.py for tasks to queue
[2023-03-12T18:23:04.376+0000] {logging_mixin.py:120} INFO - [2023-03-12T18:23:04.376+0000] {dagbag.py:537} INFO - Filling up the DagBag from /home/airflow/.local/lib/python3.7/site-packages/airflow/example_dags/example_external_task_marker_dag.py
[2023-03-12T18:23:04.392+0000] {processor.py:766} INFO - DAG(s) dict_keys(['example_external_task_marker_child', 'example_external_task_marker_parent']) retrieved from /home/airflow/.local/lib/python3.7/site-packages/airflow/example_dags/example_external_task_marker_dag.py
[2023-03-12T18:23:04.502+0000] {logging_mixin.py:120} INFO - [2023-03-12T18:23:04.502+0000] {dag.py:2585} INFO - Sync 2 DAGs
[2023-03-12T18:23:04.519+0000] {logging_mixin.py:120} INFO - [2023-03-12T18:23:04.519+0000] {dag.py:3340} INFO - Setting next_dagrun for example_external_task_marker_child to None, run_after=None
[2023-03-12T18:23:04.524+0000] {logging_mixin.py:120} INFO - [2023-03-12T18:23:04.524+0000] {dag.py:3340} INFO - Setting next_dagrun for example_external_task_marker_parent to None, run_after=None
[2023-03-12T18:23:04.536+0000] {processor.py:176} INFO - Processing /home/airflow/.local/lib/python3.7/site-packages/airflow/example_dags/example_external_task_marker_dag.py took 0.167 seconds
[2023-03-12T19:03:57.655+0000] {processor.py:154} INFO - Started process (PID=37442) to work on /home/airflow/.local/lib/python3.7/site-packages/airflow/example_dags/example_external_task_marker_dag.py
[2023-03-12T19:03:57.659+0000] {processor.py:756} INFO - Processing file /home/airflow/.local/lib/python3.7/site-packages/airflow/example_dags/example_external_task_marker_dag.py for tasks to queue
[2023-03-12T19:03:57.660+0000] {logging_mixin.py:120} INFO - [2023-03-12T19:03:57.660+0000] {dagbag.py:537} INFO - Filling up the DagBag from /home/airflow/.local/lib/python3.7/site-packages/airflow/example_dags/example_external_task_marker_dag.py
[2023-03-12T19:03:57.673+0000] {processor.py:766} INFO - DAG(s) dict_keys(['example_external_task_marker_child', 'example_external_task_marker_parent']) retrieved from /home/airflow/.local/lib/python3.7/site-packages/airflow/example_dags/example_external_task_marker_dag.py
[2023-03-12T19:03:57.809+0000] {logging_mixin.py:120} INFO - [2023-03-12T19:03:57.809+0000] {dag.py:2585} INFO - Sync 2 DAGs
[2023-03-12T19:03:57.828+0000] {logging_mixin.py:120} INFO - [2023-03-12T19:03:57.828+0000] {dag.py:3340} INFO - Setting next_dagrun for example_external_task_marker_child to None, run_after=None
[2023-03-12T19:03:57.831+0000] {logging_mixin.py:120} INFO - [2023-03-12T19:03:57.831+0000] {dag.py:3340} INFO - Setting next_dagrun for example_external_task_marker_parent to None, run_after=None
[2023-03-12T19:03:57.840+0000] {processor.py:176} INFO - Processing /home/airflow/.local/lib/python3.7/site-packages/airflow/example_dags/example_external_task_marker_dag.py took 0.187 seconds
[2023-03-12T20:24:27.223+0000] {processor.py:154} INFO - Started process (PID=37504) to work on /home/airflow/.local/lib/python3.7/site-packages/airflow/example_dags/example_external_task_marker_dag.py
[2023-03-12T20:24:27.225+0000] {processor.py:756} INFO - Processing file /home/airflow/.local/lib/python3.7/site-packages/airflow/example_dags/example_external_task_marker_dag.py for tasks to queue
[2023-03-12T20:24:27.227+0000] {logging_mixin.py:120} INFO - [2023-03-12T20:24:27.227+0000] {dagbag.py:537} INFO - Filling up the DagBag from /home/airflow/.local/lib/python3.7/site-packages/airflow/example_dags/example_external_task_marker_dag.py
[2023-03-12T20:24:27.266+0000] {processor.py:766} INFO - DAG(s) dict_keys(['example_external_task_marker_parent', 'example_external_task_marker_child']) retrieved from /home/airflow/.local/lib/python3.7/site-packages/airflow/example_dags/example_external_task_marker_dag.py
[2023-03-12T20:24:27.369+0000] {logging_mixin.py:120} INFO - [2023-03-12T20:24:27.369+0000] {dag.py:2585} INFO - Sync 2 DAGs
[2023-03-12T20:24:27.389+0000] {logging_mixin.py:120} INFO - [2023-03-12T20:24:27.389+0000] {dag.py:3340} INFO - Setting next_dagrun for example_external_task_marker_child to None, run_after=None
[2023-03-12T20:24:27.392+0000] {logging_mixin.py:120} INFO - [2023-03-12T20:24:27.392+0000] {dag.py:3340} INFO - Setting next_dagrun for example_external_task_marker_parent to None, run_after=None
[2023-03-12T20:24:27.409+0000] {processor.py:176} INFO - Processing /home/airflow/.local/lib/python3.7/site-packages/airflow/example_dags/example_external_task_marker_dag.py took 0.190 seconds
[2023-03-12T21:28:18.379+0000] {processor.py:154} INFO - Started process (PID=37567) to work on /home/airflow/.local/lib/python3.7/site-packages/airflow/example_dags/example_external_task_marker_dag.py
[2023-03-12T21:28:18.379+0000] {processor.py:756} INFO - Processing file /home/airflow/.local/lib/python3.7/site-packages/airflow/example_dags/example_external_task_marker_dag.py for tasks to queue
[2023-03-12T21:28:18.380+0000] {logging_mixin.py:120} INFO - [2023-03-12T21:28:18.380+0000] {dagbag.py:537} INFO - Filling up the DagBag from /home/airflow/.local/lib/python3.7/site-packages/airflow/example_dags/example_external_task_marker_dag.py
[2023-03-12T21:28:18.390+0000] {processor.py:766} INFO - DAG(s) dict_keys(['example_external_task_marker_child', 'example_external_task_marker_parent']) retrieved from /home/airflow/.local/lib/python3.7/site-packages/airflow/example_dags/example_external_task_marker_dag.py
[2023-03-12T21:28:18.518+0000] {logging_mixin.py:120} INFO - [2023-03-12T21:28:18.518+0000] {dag.py:2585} INFO - Sync 2 DAGs
[2023-03-12T21:28:18.536+0000] {logging_mixin.py:120} INFO - [2023-03-12T21:28:18.536+0000] {dag.py:3340} INFO - Setting next_dagrun for example_external_task_marker_child to None, run_after=None
[2023-03-12T21:28:18.539+0000] {logging_mixin.py:120} INFO - [2023-03-12T21:28:18.539+0000] {dag.py:3340} INFO - Setting next_dagrun for example_external_task_marker_parent to None, run_after=None
[2023-03-12T21:28:18.550+0000] {processor.py:176} INFO - Processing /home/airflow/.local/lib/python3.7/site-packages/airflow/example_dags/example_external_task_marker_dag.py took 0.174 seconds
[2023-03-12T22:30:18.782+0000] {processor.py:154} INFO - Started process (PID=37622) to work on /home/airflow/.local/lib/python3.7/site-packages/airflow/example_dags/example_external_task_marker_dag.py
[2023-03-12T22:30:18.783+0000] {processor.py:756} INFO - Processing file /home/airflow/.local/lib/python3.7/site-packages/airflow/example_dags/example_external_task_marker_dag.py for tasks to queue
[2023-03-12T22:30:18.783+0000] {logging_mixin.py:120} INFO - [2023-03-12T22:30:18.783+0000] {dagbag.py:537} INFO - Filling up the DagBag from /home/airflow/.local/lib/python3.7/site-packages/airflow/example_dags/example_external_task_marker_dag.py
[2023-03-12T22:30:18.798+0000] {processor.py:766} INFO - DAG(s) dict_keys(['example_external_task_marker_child', 'example_external_task_marker_parent']) retrieved from /home/airflow/.local/lib/python3.7/site-packages/airflow/example_dags/example_external_task_marker_dag.py
[2023-03-12T22:30:18.911+0000] {logging_mixin.py:120} INFO - [2023-03-12T22:30:18.911+0000] {dag.py:2585} INFO - Sync 2 DAGs
[2023-03-12T22:30:18.927+0000] {logging_mixin.py:120} INFO - [2023-03-12T22:30:18.927+0000] {dag.py:3340} INFO - Setting next_dagrun for example_external_task_marker_child to None, run_after=None
[2023-03-12T22:30:18.934+0000] {logging_mixin.py:120} INFO - [2023-03-12T22:30:18.934+0000] {dag.py:3340} INFO - Setting next_dagrun for example_external_task_marker_parent to None, run_after=None
[2023-03-12T22:30:18.946+0000] {processor.py:176} INFO - Processing /home/airflow/.local/lib/python3.7/site-packages/airflow/example_dags/example_external_task_marker_dag.py took 0.167 seconds
[2023-03-12T23:33:23.261+0000] {processor.py:154} INFO - Started process (PID=37685) to work on /home/airflow/.local/lib/python3.7/site-packages/airflow/example_dags/example_external_task_marker_dag.py
[2023-03-12T23:33:23.263+0000] {processor.py:756} INFO - Processing file /home/airflow/.local/lib/python3.7/site-packages/airflow/example_dags/example_external_task_marker_dag.py for tasks to queue
[2023-03-12T23:33:23.264+0000] {logging_mixin.py:120} INFO - [2023-03-12T23:33:23.263+0000] {dagbag.py:537} INFO - Filling up the DagBag from /home/airflow/.local/lib/python3.7/site-packages/airflow/example_dags/example_external_task_marker_dag.py
[2023-03-12T23:33:23.274+0000] {processor.py:766} INFO - DAG(s) dict_keys(['example_external_task_marker_parent', 'example_external_task_marker_child']) retrieved from /home/airflow/.local/lib/python3.7/site-packages/airflow/example_dags/example_external_task_marker_dag.py
[2023-03-12T23:33:23.369+0000] {logging_mixin.py:120} INFO - [2023-03-12T23:33:23.368+0000] {dag.py:2585} INFO - Sync 2 DAGs
[2023-03-12T23:33:23.392+0000] {logging_mixin.py:120} INFO - [2023-03-12T23:33:23.392+0000] {dag.py:3340} INFO - Setting next_dagrun for example_external_task_marker_child to None, run_after=None
[2023-03-12T23:33:23.395+0000] {logging_mixin.py:120} INFO - [2023-03-12T23:33:23.395+0000] {dag.py:3340} INFO - Setting next_dagrun for example_external_task_marker_parent to None, run_after=None
[2023-03-12T23:33:23.418+0000] {processor.py:176} INFO - Processing /home/airflow/.local/lib/python3.7/site-packages/airflow/example_dags/example_external_task_marker_dag.py took 0.159 seconds
