[2023-03-12T00:05:12.662+0000] {processor.py:154} INFO - Started process (PID=36408) to work on /home/airflow/.local/lib/python3.7/site-packages/airflow/example_dags/example_branch_operator_decorator.py
[2023-03-12T00:05:12.663+0000] {processor.py:756} INFO - Processing file /home/airflow/.local/lib/python3.7/site-packages/airflow/example_dags/example_branch_operator_decorator.py for tasks to queue
[2023-03-12T00:05:12.664+0000] {logging_mixin.py:120} INFO - [2023-03-12T00:05:12.664+0000] {dagbag.py:537} INFO - Filling up the DagBag from /home/airflow/.local/lib/python3.7/site-packages/airflow/example_dags/example_branch_operator_decorator.py
[2023-03-12T00:05:12.679+0000] {processor.py:766} INFO - DAG(s) dict_keys(['example_branch_python_operator_decorator']) retrieved from /home/airflow/.local/lib/python3.7/site-packages/airflow/example_dags/example_branch_operator_decorator.py
[2023-03-12T00:05:12.708+0000] {logging_mixin.py:120} INFO - [2023-03-12T00:05:12.707+0000] {dag.py:2585} INFO - Sync 1 DAGs
[2023-03-12T00:05:12.724+0000] {logging_mixin.py:120} INFO - [2023-03-12T00:05:12.724+0000] {dag.py:3340} INFO - Setting next_dagrun for example_branch_python_operator_decorator to 2023-03-11T00:00:00+00:00, run_after=2023-03-12T00:00:00+00:00
[2023-03-12T00:05:12.736+0000] {processor.py:176} INFO - Processing /home/airflow/.local/lib/python3.7/site-packages/airflow/example_dags/example_branch_operator_decorator.py took 0.077 seconds
[2023-03-12T01:11:10.272+0000] {processor.py:154} INFO - Started process (PID=36462) to work on /home/airflow/.local/lib/python3.7/site-packages/airflow/example_dags/example_branch_operator_decorator.py
[2023-03-12T01:11:10.274+0000] {processor.py:756} INFO - Processing file /home/airflow/.local/lib/python3.7/site-packages/airflow/example_dags/example_branch_operator_decorator.py for tasks to queue
[2023-03-12T01:11:10.275+0000] {logging_mixin.py:120} INFO - [2023-03-12T01:11:10.275+0000] {dagbag.py:537} INFO - Filling up the DagBag from /home/airflow/.local/lib/python3.7/site-packages/airflow/example_dags/example_branch_operator_decorator.py
[2023-03-12T01:11:10.292+0000] {processor.py:766} INFO - DAG(s) dict_keys(['example_branch_python_operator_decorator']) retrieved from /home/airflow/.local/lib/python3.7/site-packages/airflow/example_dags/example_branch_operator_decorator.py
[2023-03-12T01:11:10.323+0000] {logging_mixin.py:120} INFO - [2023-03-12T01:11:10.323+0000] {dag.py:2585} INFO - Sync 1 DAGs
[2023-03-12T01:11:10.340+0000] {logging_mixin.py:120} INFO - [2023-03-12T01:11:10.340+0000] {dag.py:3340} INFO - Setting next_dagrun for example_branch_python_operator_decorator to 2023-03-11T00:00:00+00:00, run_after=2023-03-12T00:00:00+00:00
[2023-03-12T01:11:10.352+0000] {processor.py:176} INFO - Processing /home/airflow/.local/lib/python3.7/site-packages/airflow/example_dags/example_branch_operator_decorator.py took 0.083 seconds
[2023-03-12T02:20:08.080+0000] {processor.py:154} INFO - Started process (PID=36526) to work on /home/airflow/.local/lib/python3.7/site-packages/airflow/example_dags/example_branch_operator_decorator.py
[2023-03-12T02:20:08.087+0000] {processor.py:756} INFO - Processing file /home/airflow/.local/lib/python3.7/site-packages/airflow/example_dags/example_branch_operator_decorator.py for tasks to queue
[2023-03-12T02:20:08.088+0000] {logging_mixin.py:120} INFO - [2023-03-12T02:20:08.088+0000] {dagbag.py:537} INFO - Filling up the DagBag from /home/airflow/.local/lib/python3.7/site-packages/airflow/example_dags/example_branch_operator_decorator.py
[2023-03-12T02:20:08.113+0000] {processor.py:766} INFO - DAG(s) dict_keys(['example_branch_python_operator_decorator']) retrieved from /home/airflow/.local/lib/python3.7/site-packages/airflow/example_dags/example_branch_operator_decorator.py
[2023-03-12T02:20:08.150+0000] {logging_mixin.py:120} INFO - [2023-03-12T02:20:08.150+0000] {dag.py:2585} INFO - Sync 1 DAGs
[2023-03-12T02:20:08.165+0000] {logging_mixin.py:120} INFO - [2023-03-12T02:20:08.165+0000] {dag.py:3340} INFO - Setting next_dagrun for example_branch_python_operator_decorator to 2023-03-11T00:00:00+00:00, run_after=2023-03-12T00:00:00+00:00
[2023-03-12T02:20:08.178+0000] {processor.py:176} INFO - Processing /home/airflow/.local/lib/python3.7/site-packages/airflow/example_dags/example_branch_operator_decorator.py took 0.100 seconds
[2023-03-12T03:43:53.922+0000] {processor.py:154} INFO - Started process (PID=36589) to work on /home/airflow/.local/lib/python3.7/site-packages/airflow/example_dags/example_branch_operator_decorator.py
[2023-03-12T03:43:53.923+0000] {processor.py:756} INFO - Processing file /home/airflow/.local/lib/python3.7/site-packages/airflow/example_dags/example_branch_operator_decorator.py for tasks to queue
[2023-03-12T03:43:53.926+0000] {logging_mixin.py:120} INFO - [2023-03-12T03:43:53.926+0000] {dagbag.py:537} INFO - Filling up the DagBag from /home/airflow/.local/lib/python3.7/site-packages/airflow/example_dags/example_branch_operator_decorator.py
[2023-03-12T03:43:53.952+0000] {processor.py:766} INFO - DAG(s) dict_keys(['example_branch_python_operator_decorator']) retrieved from /home/airflow/.local/lib/python3.7/site-packages/airflow/example_dags/example_branch_operator_decorator.py
[2023-03-12T03:43:54.000+0000] {logging_mixin.py:120} INFO - [2023-03-12T03:43:54.000+0000] {dag.py:2585} INFO - Sync 1 DAGs
[2023-03-12T03:43:54.022+0000] {logging_mixin.py:120} INFO - [2023-03-12T03:43:54.022+0000] {dag.py:3340} INFO - Setting next_dagrun for example_branch_python_operator_decorator to 2023-03-11T00:00:00+00:00, run_after=2023-03-12T00:00:00+00:00
[2023-03-12T03:43:54.037+0000] {processor.py:176} INFO - Processing /home/airflow/.local/lib/python3.7/site-packages/airflow/example_dags/example_branch_operator_decorator.py took 0.118 seconds
[2023-03-12T04:47:39.125+0000] {processor.py:154} INFO - Started process (PID=36652) to work on /home/airflow/.local/lib/python3.7/site-packages/airflow/example_dags/example_branch_operator_decorator.py
[2023-03-12T04:47:39.127+0000] {processor.py:756} INFO - Processing file /home/airflow/.local/lib/python3.7/site-packages/airflow/example_dags/example_branch_operator_decorator.py for tasks to queue
[2023-03-12T04:47:39.127+0000] {logging_mixin.py:120} INFO - [2023-03-12T04:47:39.127+0000] {dagbag.py:537} INFO - Filling up the DagBag from /home/airflow/.local/lib/python3.7/site-packages/airflow/example_dags/example_branch_operator_decorator.py
[2023-03-12T04:47:39.153+0000] {processor.py:766} INFO - DAG(s) dict_keys(['example_branch_python_operator_decorator']) retrieved from /home/airflow/.local/lib/python3.7/site-packages/airflow/example_dags/example_branch_operator_decorator.py
[2023-03-12T04:47:39.201+0000] {logging_mixin.py:120} INFO - [2023-03-12T04:47:39.201+0000] {dag.py:2585} INFO - Sync 1 DAGs
[2023-03-12T04:47:39.222+0000] {logging_mixin.py:120} INFO - [2023-03-12T04:47:39.222+0000] {dag.py:3340} INFO - Setting next_dagrun for example_branch_python_operator_decorator to 2023-03-11T00:00:00+00:00, run_after=2023-03-12T00:00:00+00:00
[2023-03-12T04:47:39.237+0000] {processor.py:176} INFO - Processing /home/airflow/.local/lib/python3.7/site-packages/airflow/example_dags/example_branch_operator_decorator.py took 0.115 seconds
[2023-03-12T05:46:53.449+0000] {processor.py:154} INFO - Started process (PID=36715) to work on /home/airflow/.local/lib/python3.7/site-packages/airflow/example_dags/example_branch_operator_decorator.py
[2023-03-12T05:46:53.451+0000] {processor.py:756} INFO - Processing file /home/airflow/.local/lib/python3.7/site-packages/airflow/example_dags/example_branch_operator_decorator.py for tasks to queue
[2023-03-12T05:46:53.452+0000] {logging_mixin.py:120} INFO - [2023-03-12T05:46:53.452+0000] {dagbag.py:537} INFO - Filling up the DagBag from /home/airflow/.local/lib/python3.7/site-packages/airflow/example_dags/example_branch_operator_decorator.py
[2023-03-12T05:46:53.501+0000] {processor.py:766} INFO - DAG(s) dict_keys(['example_branch_python_operator_decorator']) retrieved from /home/airflow/.local/lib/python3.7/site-packages/airflow/example_dags/example_branch_operator_decorator.py
[2023-03-12T05:46:53.566+0000] {logging_mixin.py:120} INFO - [2023-03-12T05:46:53.566+0000] {dag.py:2585} INFO - Sync 1 DAGs
[2023-03-12T05:46:53.586+0000] {logging_mixin.py:120} INFO - [2023-03-12T05:46:53.586+0000] {dag.py:3340} INFO - Setting next_dagrun for example_branch_python_operator_decorator to 2023-03-11T00:00:00+00:00, run_after=2023-03-12T00:00:00+00:00
[2023-03-12T05:46:53.605+0000] {processor.py:176} INFO - Processing /home/airflow/.local/lib/python3.7/site-packages/airflow/example_dags/example_branch_operator_decorator.py took 0.159 seconds
[2023-03-12T06:51:41.382+0000] {processor.py:154} INFO - Started process (PID=36777) to work on /home/airflow/.local/lib/python3.7/site-packages/airflow/example_dags/example_branch_operator_decorator.py
[2023-03-12T06:51:41.385+0000] {processor.py:756} INFO - Processing file /home/airflow/.local/lib/python3.7/site-packages/airflow/example_dags/example_branch_operator_decorator.py for tasks to queue
[2023-03-12T06:51:41.387+0000] {logging_mixin.py:120} INFO - [2023-03-12T06:51:41.387+0000] {dagbag.py:537} INFO - Filling up the DagBag from /home/airflow/.local/lib/python3.7/site-packages/airflow/example_dags/example_branch_operator_decorator.py
[2023-03-12T06:51:41.432+0000] {processor.py:766} INFO - DAG(s) dict_keys(['example_branch_python_operator_decorator']) retrieved from /home/airflow/.local/lib/python3.7/site-packages/airflow/example_dags/example_branch_operator_decorator.py
[2023-03-12T06:51:41.517+0000] {logging_mixin.py:120} INFO - [2023-03-12T06:51:41.517+0000] {dag.py:2585} INFO - Sync 1 DAGs
[2023-03-12T06:51:41.548+0000] {logging_mixin.py:120} INFO - [2023-03-12T06:51:41.548+0000] {dag.py:3340} INFO - Setting next_dagrun for example_branch_python_operator_decorator to 2023-03-11T00:00:00+00:00, run_after=2023-03-12T00:00:00+00:00
[2023-03-12T06:51:41.595+0000] {processor.py:176} INFO - Processing /home/airflow/.local/lib/python3.7/site-packages/airflow/example_dags/example_branch_operator_decorator.py took 0.216 seconds
[2023-03-12T07:59:58.543+0000] {processor.py:154} INFO - Started process (PID=36833) to work on /home/airflow/.local/lib/python3.7/site-packages/airflow/example_dags/example_branch_operator_decorator.py
[2023-03-12T07:59:58.545+0000] {processor.py:756} INFO - Processing file /home/airflow/.local/lib/python3.7/site-packages/airflow/example_dags/example_branch_operator_decorator.py for tasks to queue
[2023-03-12T07:59:58.546+0000] {logging_mixin.py:120} INFO - [2023-03-12T07:59:58.546+0000] {dagbag.py:537} INFO - Filling up the DagBag from /home/airflow/.local/lib/python3.7/site-packages/airflow/example_dags/example_branch_operator_decorator.py
[2023-03-12T07:59:58.580+0000] {processor.py:766} INFO - DAG(s) dict_keys(['example_branch_python_operator_decorator']) retrieved from /home/airflow/.local/lib/python3.7/site-packages/airflow/example_dags/example_branch_operator_decorator.py
[2023-03-12T07:59:58.620+0000] {logging_mixin.py:120} INFO - [2023-03-12T07:59:58.620+0000] {dag.py:2585} INFO - Sync 1 DAGs
[2023-03-12T07:59:58.647+0000] {logging_mixin.py:120} INFO - [2023-03-12T07:59:58.647+0000] {dag.py:3340} INFO - Setting next_dagrun for example_branch_python_operator_decorator to 2023-03-11T00:00:00+00:00, run_after=2023-03-12T00:00:00+00:00
[2023-03-12T07:59:58.670+0000] {processor.py:176} INFO - Processing /home/airflow/.local/lib/python3.7/site-packages/airflow/example_dags/example_branch_operator_decorator.py took 0.132 seconds
[2023-03-12T09:20:38.850+0000] {processor.py:154} INFO - Started process (PID=36896) to work on /home/airflow/.local/lib/python3.7/site-packages/airflow/example_dags/example_branch_operator_decorator.py
[2023-03-12T09:20:38.851+0000] {processor.py:756} INFO - Processing file /home/airflow/.local/lib/python3.7/site-packages/airflow/example_dags/example_branch_operator_decorator.py for tasks to queue
[2023-03-12T09:20:38.852+0000] {logging_mixin.py:120} INFO - [2023-03-12T09:20:38.852+0000] {dagbag.py:537} INFO - Filling up the DagBag from /home/airflow/.local/lib/python3.7/site-packages/airflow/example_dags/example_branch_operator_decorator.py
[2023-03-12T09:20:38.876+0000] {processor.py:766} INFO - DAG(s) dict_keys(['example_branch_python_operator_decorator']) retrieved from /home/airflow/.local/lib/python3.7/site-packages/airflow/example_dags/example_branch_operator_decorator.py
[2023-03-12T09:20:38.949+0000] {logging_mixin.py:120} INFO - [2023-03-12T09:20:38.949+0000] {dag.py:2585} INFO - Sync 1 DAGs
[2023-03-12T09:20:38.979+0000] {logging_mixin.py:120} INFO - [2023-03-12T09:20:38.979+0000] {dag.py:3340} INFO - Setting next_dagrun for example_branch_python_operator_decorator to 2023-03-11T00:00:00+00:00, run_after=2023-03-12T00:00:00+00:00
[2023-03-12T09:20:39.004+0000] {processor.py:176} INFO - Processing /home/airflow/.local/lib/python3.7/site-packages/airflow/example_dags/example_branch_operator_decorator.py took 0.156 seconds
[2023-03-12T10:26:32.840+0000] {processor.py:154} INFO - Started process (PID=36959) to work on /home/airflow/.local/lib/python3.7/site-packages/airflow/example_dags/example_branch_operator_decorator.py
[2023-03-12T10:26:32.842+0000] {processor.py:756} INFO - Processing file /home/airflow/.local/lib/python3.7/site-packages/airflow/example_dags/example_branch_operator_decorator.py for tasks to queue
[2023-03-12T10:26:32.843+0000] {logging_mixin.py:120} INFO - [2023-03-12T10:26:32.843+0000] {dagbag.py:537} INFO - Filling up the DagBag from /home/airflow/.local/lib/python3.7/site-packages/airflow/example_dags/example_branch_operator_decorator.py
[2023-03-12T10:26:32.862+0000] {processor.py:766} INFO - DAG(s) dict_keys(['example_branch_python_operator_decorator']) retrieved from /home/airflow/.local/lib/python3.7/site-packages/airflow/example_dags/example_branch_operator_decorator.py
[2023-03-12T10:26:32.913+0000] {logging_mixin.py:120} INFO - [2023-03-12T10:26:32.913+0000] {dag.py:2585} INFO - Sync 1 DAGs
[2023-03-12T10:26:32.932+0000] {logging_mixin.py:120} INFO - [2023-03-12T10:26:32.932+0000] {dag.py:3340} INFO - Setting next_dagrun for example_branch_python_operator_decorator to 2023-03-11T00:00:00+00:00, run_after=2023-03-12T00:00:00+00:00
[2023-03-12T10:26:32.950+0000] {processor.py:176} INFO - Processing /home/airflow/.local/lib/python3.7/site-packages/airflow/example_dags/example_branch_operator_decorator.py took 0.112 seconds
[2023-03-12T11:32:28.561+0000] {processor.py:154} INFO - Started process (PID=37022) to work on /home/airflow/.local/lib/python3.7/site-packages/airflow/example_dags/example_branch_operator_decorator.py
[2023-03-12T11:32:28.563+0000] {processor.py:756} INFO - Processing file /home/airflow/.local/lib/python3.7/site-packages/airflow/example_dags/example_branch_operator_decorator.py for tasks to queue
[2023-03-12T11:32:28.564+0000] {logging_mixin.py:120} INFO - [2023-03-12T11:32:28.564+0000] {dagbag.py:537} INFO - Filling up the DagBag from /home/airflow/.local/lib/python3.7/site-packages/airflow/example_dags/example_branch_operator_decorator.py
[2023-03-12T11:32:28.598+0000] {processor.py:766} INFO - DAG(s) dict_keys(['example_branch_python_operator_decorator']) retrieved from /home/airflow/.local/lib/python3.7/site-packages/airflow/example_dags/example_branch_operator_decorator.py
[2023-03-12T11:32:28.661+0000] {logging_mixin.py:120} INFO - [2023-03-12T11:32:28.661+0000] {dag.py:2585} INFO - Sync 1 DAGs
[2023-03-12T11:32:28.688+0000] {logging_mixin.py:120} INFO - [2023-03-12T11:32:28.688+0000] {dag.py:3340} INFO - Setting next_dagrun for example_branch_python_operator_decorator to 2023-03-11T00:00:00+00:00, run_after=2023-03-12T00:00:00+00:00
[2023-03-12T11:32:28.714+0000] {processor.py:176} INFO - Processing /home/airflow/.local/lib/python3.7/site-packages/airflow/example_dags/example_branch_operator_decorator.py took 0.158 seconds
[2023-03-12T12:40:40.911+0000] {processor.py:154} INFO - Started process (PID=37076) to work on /home/airflow/.local/lib/python3.7/site-packages/airflow/example_dags/example_branch_operator_decorator.py
[2023-03-12T12:40:40.914+0000] {processor.py:756} INFO - Processing file /home/airflow/.local/lib/python3.7/site-packages/airflow/example_dags/example_branch_operator_decorator.py for tasks to queue
[2023-03-12T12:40:40.920+0000] {logging_mixin.py:120} INFO - [2023-03-12T12:40:40.920+0000] {dagbag.py:537} INFO - Filling up the DagBag from /home/airflow/.local/lib/python3.7/site-packages/airflow/example_dags/example_branch_operator_decorator.py
[2023-03-12T12:40:40.952+0000] {processor.py:766} INFO - DAG(s) dict_keys(['example_branch_python_operator_decorator']) retrieved from /home/airflow/.local/lib/python3.7/site-packages/airflow/example_dags/example_branch_operator_decorator.py
[2023-03-12T12:40:40.997+0000] {logging_mixin.py:120} INFO - [2023-03-12T12:40:40.997+0000] {dag.py:2585} INFO - Sync 1 DAGs
[2023-03-12T12:40:41.018+0000] {logging_mixin.py:120} INFO - [2023-03-12T12:40:41.017+0000] {dag.py:3340} INFO - Setting next_dagrun for example_branch_python_operator_decorator to 2023-03-11T00:00:00+00:00, run_after=2023-03-12T00:00:00+00:00
[2023-03-12T12:40:41.032+0000] {processor.py:176} INFO - Processing /home/airflow/.local/lib/python3.7/site-packages/airflow/example_dags/example_branch_operator_decorator.py took 0.123 seconds
[2023-03-12T13:59:49.236+0000] {processor.py:154} INFO - Started process (PID=37139) to work on /home/airflow/.local/lib/python3.7/site-packages/airflow/example_dags/example_branch_operator_decorator.py
[2023-03-12T13:59:49.239+0000] {processor.py:756} INFO - Processing file /home/airflow/.local/lib/python3.7/site-packages/airflow/example_dags/example_branch_operator_decorator.py for tasks to queue
[2023-03-12T13:59:49.240+0000] {logging_mixin.py:120} INFO - [2023-03-12T13:59:49.240+0000] {dagbag.py:537} INFO - Filling up the DagBag from /home/airflow/.local/lib/python3.7/site-packages/airflow/example_dags/example_branch_operator_decorator.py
[2023-03-12T13:59:49.266+0000] {processor.py:766} INFO - DAG(s) dict_keys(['example_branch_python_operator_decorator']) retrieved from /home/airflow/.local/lib/python3.7/site-packages/airflow/example_dags/example_branch_operator_decorator.py
[2023-03-12T13:59:49.306+0000] {logging_mixin.py:120} INFO - [2023-03-12T13:59:49.306+0000] {dag.py:2585} INFO - Sync 1 DAGs
[2023-03-12T13:59:49.327+0000] {logging_mixin.py:120} INFO - [2023-03-12T13:59:49.327+0000] {dag.py:3340} INFO - Setting next_dagrun for example_branch_python_operator_decorator to 2023-03-11T00:00:00+00:00, run_after=2023-03-12T00:00:00+00:00
[2023-03-12T13:59:49.347+0000] {processor.py:176} INFO - Processing /home/airflow/.local/lib/python3.7/site-packages/airflow/example_dags/example_branch_operator_decorator.py took 0.113 seconds
[2023-03-12T15:06:07.041+0000] {processor.py:154} INFO - Started process (PID=37202) to work on /home/airflow/.local/lib/python3.7/site-packages/airflow/example_dags/example_branch_operator_decorator.py
[2023-03-12T15:06:07.042+0000] {processor.py:756} INFO - Processing file /home/airflow/.local/lib/python3.7/site-packages/airflow/example_dags/example_branch_operator_decorator.py for tasks to queue
[2023-03-12T15:06:07.043+0000] {logging_mixin.py:120} INFO - [2023-03-12T15:06:07.043+0000] {dagbag.py:537} INFO - Filling up the DagBag from /home/airflow/.local/lib/python3.7/site-packages/airflow/example_dags/example_branch_operator_decorator.py
[2023-03-12T15:06:07.081+0000] {processor.py:766} INFO - DAG(s) dict_keys(['example_branch_python_operator_decorator']) retrieved from /home/airflow/.local/lib/python3.7/site-packages/airflow/example_dags/example_branch_operator_decorator.py
[2023-03-12T15:06:07.128+0000] {logging_mixin.py:120} INFO - [2023-03-12T15:06:07.128+0000] {dag.py:2585} INFO - Sync 1 DAGs
[2023-03-12T15:06:07.161+0000] {logging_mixin.py:120} INFO - [2023-03-12T15:06:07.161+0000] {dag.py:3340} INFO - Setting next_dagrun for example_branch_python_operator_decorator to 2023-03-11T00:00:00+00:00, run_after=2023-03-12T00:00:00+00:00
[2023-03-12T15:06:07.180+0000] {processor.py:176} INFO - Processing /home/airflow/.local/lib/python3.7/site-packages/airflow/example_dags/example_branch_operator_decorator.py took 0.141 seconds
[2023-03-12T16:10:46.093+0000] {processor.py:154} INFO - Started process (PID=37266) to work on /home/airflow/.local/lib/python3.7/site-packages/airflow/example_dags/example_branch_operator_decorator.py
[2023-03-12T16:10:46.097+0000] {processor.py:756} INFO - Processing file /home/airflow/.local/lib/python3.7/site-packages/airflow/example_dags/example_branch_operator_decorator.py for tasks to queue
[2023-03-12T16:10:46.098+0000] {logging_mixin.py:120} INFO - [2023-03-12T16:10:46.098+0000] {dagbag.py:537} INFO - Filling up the DagBag from /home/airflow/.local/lib/python3.7/site-packages/airflow/example_dags/example_branch_operator_decorator.py
[2023-03-12T16:10:46.136+0000] {processor.py:766} INFO - DAG(s) dict_keys(['example_branch_python_operator_decorator']) retrieved from /home/airflow/.local/lib/python3.7/site-packages/airflow/example_dags/example_branch_operator_decorator.py
[2023-03-12T16:10:46.195+0000] {logging_mixin.py:120} INFO - [2023-03-12T16:10:46.195+0000] {dag.py:2585} INFO - Sync 1 DAGs
[2023-03-12T16:10:46.219+0000] {logging_mixin.py:120} INFO - [2023-03-12T16:10:46.219+0000] {dag.py:3340} INFO - Setting next_dagrun for example_branch_python_operator_decorator to 2023-03-11T00:00:00+00:00, run_after=2023-03-12T00:00:00+00:00
[2023-03-12T16:10:46.241+0000] {processor.py:176} INFO - Processing /home/airflow/.local/lib/python3.7/site-packages/airflow/example_dags/example_branch_operator_decorator.py took 0.150 seconds
[2023-03-12T17:18:13.422+0000] {processor.py:154} INFO - Started process (PID=37329) to work on /home/airflow/.local/lib/python3.7/site-packages/airflow/example_dags/example_branch_operator_decorator.py
[2023-03-12T17:18:13.426+0000] {processor.py:756} INFO - Processing file /home/airflow/.local/lib/python3.7/site-packages/airflow/example_dags/example_branch_operator_decorator.py for tasks to queue
[2023-03-12T17:18:13.427+0000] {logging_mixin.py:120} INFO - [2023-03-12T17:18:13.427+0000] {dagbag.py:537} INFO - Filling up the DagBag from /home/airflow/.local/lib/python3.7/site-packages/airflow/example_dags/example_branch_operator_decorator.py
[2023-03-12T17:18:13.479+0000] {processor.py:766} INFO - DAG(s) dict_keys(['example_branch_python_operator_decorator']) retrieved from /home/airflow/.local/lib/python3.7/site-packages/airflow/example_dags/example_branch_operator_decorator.py
[2023-03-12T17:18:13.537+0000] {logging_mixin.py:120} INFO - [2023-03-12T17:18:13.537+0000] {dag.py:2585} INFO - Sync 1 DAGs
[2023-03-12T17:18:13.552+0000] {logging_mixin.py:120} INFO - [2023-03-12T17:18:13.552+0000] {dag.py:3340} INFO - Setting next_dagrun for example_branch_python_operator_decorator to 2023-03-11T00:00:00+00:00, run_after=2023-03-12T00:00:00+00:00
[2023-03-12T17:18:13.564+0000] {processor.py:176} INFO - Processing /home/airflow/.local/lib/python3.7/site-packages/airflow/example_dags/example_branch_operator_decorator.py took 0.145 seconds
[2023-03-12T18:23:04.758+0000] {processor.py:154} INFO - Started process (PID=37383) to work on /home/airflow/.local/lib/python3.7/site-packages/airflow/example_dags/example_branch_operator_decorator.py
[2023-03-12T18:23:04.759+0000] {processor.py:756} INFO - Processing file /home/airflow/.local/lib/python3.7/site-packages/airflow/example_dags/example_branch_operator_decorator.py for tasks to queue
[2023-03-12T18:23:04.760+0000] {logging_mixin.py:120} INFO - [2023-03-12T18:23:04.760+0000] {dagbag.py:537} INFO - Filling up the DagBag from /home/airflow/.local/lib/python3.7/site-packages/airflow/example_dags/example_branch_operator_decorator.py
[2023-03-12T18:23:04.783+0000] {processor.py:766} INFO - DAG(s) dict_keys(['example_branch_python_operator_decorator']) retrieved from /home/airflow/.local/lib/python3.7/site-packages/airflow/example_dags/example_branch_operator_decorator.py
[2023-03-12T18:23:04.837+0000] {logging_mixin.py:120} INFO - [2023-03-12T18:23:04.836+0000] {dag.py:2585} INFO - Sync 1 DAGs
[2023-03-12T18:23:04.864+0000] {logging_mixin.py:120} INFO - [2023-03-12T18:23:04.864+0000] {dag.py:3340} INFO - Setting next_dagrun for example_branch_python_operator_decorator to 2023-03-11T00:00:00+00:00, run_after=2023-03-12T00:00:00+00:00
[2023-03-12T18:23:04.885+0000] {processor.py:176} INFO - Processing /home/airflow/.local/lib/python3.7/site-packages/airflow/example_dags/example_branch_operator_decorator.py took 0.130 seconds
[2023-03-12T19:03:58.049+0000] {processor.py:154} INFO - Started process (PID=37446) to work on /home/airflow/.local/lib/python3.7/site-packages/airflow/example_dags/example_branch_operator_decorator.py
[2023-03-12T19:03:58.051+0000] {processor.py:756} INFO - Processing file /home/airflow/.local/lib/python3.7/site-packages/airflow/example_dags/example_branch_operator_decorator.py for tasks to queue
[2023-03-12T19:03:58.052+0000] {logging_mixin.py:120} INFO - [2023-03-12T19:03:58.052+0000] {dagbag.py:537} INFO - Filling up the DagBag from /home/airflow/.local/lib/python3.7/site-packages/airflow/example_dags/example_branch_operator_decorator.py
[2023-03-12T19:03:58.088+0000] {processor.py:766} INFO - DAG(s) dict_keys(['example_branch_python_operator_decorator']) retrieved from /home/airflow/.local/lib/python3.7/site-packages/airflow/example_dags/example_branch_operator_decorator.py
[2023-03-12T19:03:58.138+0000] {logging_mixin.py:120} INFO - [2023-03-12T19:03:58.138+0000] {dag.py:2585} INFO - Sync 1 DAGs
[2023-03-12T19:03:58.164+0000] {logging_mixin.py:120} INFO - [2023-03-12T19:03:58.164+0000] {dag.py:3340} INFO - Setting next_dagrun for example_branch_python_operator_decorator to 2023-03-11T00:00:00+00:00, run_after=2023-03-12T00:00:00+00:00
[2023-03-12T19:03:58.175+0000] {processor.py:176} INFO - Processing /home/airflow/.local/lib/python3.7/site-packages/airflow/example_dags/example_branch_operator_decorator.py took 0.129 seconds
[2023-03-12T20:24:27.725+0000] {processor.py:154} INFO - Started process (PID=37508) to work on /home/airflow/.local/lib/python3.7/site-packages/airflow/example_dags/example_branch_operator_decorator.py
[2023-03-12T20:24:27.726+0000] {processor.py:756} INFO - Processing file /home/airflow/.local/lib/python3.7/site-packages/airflow/example_dags/example_branch_operator_decorator.py for tasks to queue
[2023-03-12T20:24:27.727+0000] {logging_mixin.py:120} INFO - [2023-03-12T20:24:27.727+0000] {dagbag.py:537} INFO - Filling up the DagBag from /home/airflow/.local/lib/python3.7/site-packages/airflow/example_dags/example_branch_operator_decorator.py
[2023-03-12T20:24:27.744+0000] {processor.py:766} INFO - DAG(s) dict_keys(['example_branch_python_operator_decorator']) retrieved from /home/airflow/.local/lib/python3.7/site-packages/airflow/example_dags/example_branch_operator_decorator.py
[2023-03-12T20:24:27.787+0000] {logging_mixin.py:120} INFO - [2023-03-12T20:24:27.787+0000] {dag.py:2585} INFO - Sync 1 DAGs
[2023-03-12T20:24:27.806+0000] {logging_mixin.py:120} INFO - [2023-03-12T20:24:27.806+0000] {dag.py:3340} INFO - Setting next_dagrun for example_branch_python_operator_decorator to 2023-03-11T00:00:00+00:00, run_after=2023-03-12T00:00:00+00:00
[2023-03-12T20:24:27.822+0000] {processor.py:176} INFO - Processing /home/airflow/.local/lib/python3.7/site-packages/airflow/example_dags/example_branch_operator_decorator.py took 0.099 seconds
[2023-03-12T21:28:18.728+0000] {processor.py:154} INFO - Started process (PID=37571) to work on /home/airflow/.local/lib/python3.7/site-packages/airflow/example_dags/example_branch_operator_decorator.py
[2023-03-12T21:28:18.730+0000] {processor.py:756} INFO - Processing file /home/airflow/.local/lib/python3.7/site-packages/airflow/example_dags/example_branch_operator_decorator.py for tasks to queue
[2023-03-12T21:28:18.731+0000] {logging_mixin.py:120} INFO - [2023-03-12T21:28:18.731+0000] {dagbag.py:537} INFO - Filling up the DagBag from /home/airflow/.local/lib/python3.7/site-packages/airflow/example_dags/example_branch_operator_decorator.py
[2023-03-12T21:28:18.749+0000] {processor.py:766} INFO - DAG(s) dict_keys(['example_branch_python_operator_decorator']) retrieved from /home/airflow/.local/lib/python3.7/site-packages/airflow/example_dags/example_branch_operator_decorator.py
[2023-03-12T21:28:18.784+0000] {logging_mixin.py:120} INFO - [2023-03-12T21:28:18.784+0000] {dag.py:2585} INFO - Sync 1 DAGs
[2023-03-12T21:28:18.811+0000] {logging_mixin.py:120} INFO - [2023-03-12T21:28:18.811+0000] {dag.py:3340} INFO - Setting next_dagrun for example_branch_python_operator_decorator to 2023-03-11T00:00:00+00:00, run_after=2023-03-12T00:00:00+00:00
[2023-03-12T21:28:18.826+0000] {processor.py:176} INFO - Processing /home/airflow/.local/lib/python3.7/site-packages/airflow/example_dags/example_branch_operator_decorator.py took 0.101 seconds
[2023-03-12T22:30:19.105+0000] {processor.py:154} INFO - Started process (PID=37626) to work on /home/airflow/.local/lib/python3.7/site-packages/airflow/example_dags/example_branch_operator_decorator.py
[2023-03-12T22:30:19.107+0000] {processor.py:756} INFO - Processing file /home/airflow/.local/lib/python3.7/site-packages/airflow/example_dags/example_branch_operator_decorator.py for tasks to queue
[2023-03-12T22:30:19.107+0000] {logging_mixin.py:120} INFO - [2023-03-12T22:30:19.107+0000] {dagbag.py:537} INFO - Filling up the DagBag from /home/airflow/.local/lib/python3.7/site-packages/airflow/example_dags/example_branch_operator_decorator.py
[2023-03-12T22:30:19.141+0000] {processor.py:766} INFO - DAG(s) dict_keys(['example_branch_python_operator_decorator']) retrieved from /home/airflow/.local/lib/python3.7/site-packages/airflow/example_dags/example_branch_operator_decorator.py
[2023-03-12T22:30:19.180+0000] {logging_mixin.py:120} INFO - [2023-03-12T22:30:19.180+0000] {dag.py:2585} INFO - Sync 1 DAGs
[2023-03-12T22:30:19.207+0000] {logging_mixin.py:120} INFO - [2023-03-12T22:30:19.206+0000] {dag.py:3340} INFO - Setting next_dagrun for example_branch_python_operator_decorator to 2023-03-11T00:00:00+00:00, run_after=2023-03-12T00:00:00+00:00
[2023-03-12T22:30:19.226+0000] {processor.py:176} INFO - Processing /home/airflow/.local/lib/python3.7/site-packages/airflow/example_dags/example_branch_operator_decorator.py took 0.132 seconds
[2023-03-12T23:33:23.628+0000] {processor.py:154} INFO - Started process (PID=37689) to work on /home/airflow/.local/lib/python3.7/site-packages/airflow/example_dags/example_branch_operator_decorator.py
[2023-03-12T23:33:23.629+0000] {processor.py:756} INFO - Processing file /home/airflow/.local/lib/python3.7/site-packages/airflow/example_dags/example_branch_operator_decorator.py for tasks to queue
[2023-03-12T23:33:23.630+0000] {logging_mixin.py:120} INFO - [2023-03-12T23:33:23.630+0000] {dagbag.py:537} INFO - Filling up the DagBag from /home/airflow/.local/lib/python3.7/site-packages/airflow/example_dags/example_branch_operator_decorator.py
[2023-03-12T23:33:23.653+0000] {processor.py:766} INFO - DAG(s) dict_keys(['example_branch_python_operator_decorator']) retrieved from /home/airflow/.local/lib/python3.7/site-packages/airflow/example_dags/example_branch_operator_decorator.py
[2023-03-12T23:33:23.700+0000] {logging_mixin.py:120} INFO - [2023-03-12T23:33:23.700+0000] {dag.py:2585} INFO - Sync 1 DAGs
[2023-03-12T23:33:23.722+0000] {logging_mixin.py:120} INFO - [2023-03-12T23:33:23.722+0000] {dag.py:3340} INFO - Setting next_dagrun for example_branch_python_operator_decorator to 2023-03-11T00:00:00+00:00, run_after=2023-03-12T00:00:00+00:00
[2023-03-12T23:33:23.743+0000] {processor.py:176} INFO - Processing /home/airflow/.local/lib/python3.7/site-packages/airflow/example_dags/example_branch_operator_decorator.py took 0.120 seconds
