[2023-03-12T00:05:10.899+0000] {processor.py:154} INFO - Started process (PID=36371) to work on /home/airflow/.local/lib/python3.7/site-packages/airflow/example_dags/example_datasets.py
[2023-03-12T00:05:10.900+0000] {processor.py:756} INFO - Processing file /home/airflow/.local/lib/python3.7/site-packages/airflow/example_dags/example_datasets.py for tasks to queue
[2023-03-12T00:05:10.901+0000] {logging_mixin.py:120} INFO - [2023-03-12T00:05:10.901+0000] {dagbag.py:537} INFO - Filling up the DagBag from /home/airflow/.local/lib/python3.7/site-packages/airflow/example_dags/example_datasets.py
[2023-03-12T00:05:10.913+0000] {processor.py:766} INFO - DAG(s) dict_keys(['dataset_consumes_1', 'dataset_consumes_1_and_2', 'dataset_produces_2', 'dataset_consumes_1_never_scheduled', 'dataset_consumes_unknown_never_scheduled', 'dataset_produces_1']) retrieved from /home/airflow/.local/lib/python3.7/site-packages/airflow/example_dags/example_datasets.py
[2023-03-12T00:05:10.954+0000] {logging_mixin.py:120} INFO - [2023-03-12T00:05:10.954+0000] {dag.py:2585} INFO - Sync 6 DAGs
[2023-03-12T00:05:10.972+0000] {logging_mixin.py:120} INFO - [2023-03-12T00:05:10.972+0000] {dag.py:3340} INFO - Setting next_dagrun for dataset_consumes_1 to None, run_after=None
[2023-03-12T00:05:10.974+0000] {logging_mixin.py:120} INFO - [2023-03-12T00:05:10.974+0000] {dag.py:3340} INFO - Setting next_dagrun for dataset_consumes_1_and_2 to None, run_after=None
[2023-03-12T00:05:10.975+0000] {logging_mixin.py:120} INFO - [2023-03-12T00:05:10.975+0000] {dag.py:3340} INFO - Setting next_dagrun for dataset_consumes_1_never_scheduled to None, run_after=None
[2023-03-12T00:05:10.976+0000] {logging_mixin.py:120} INFO - [2023-03-12T00:05:10.976+0000] {dag.py:3340} INFO - Setting next_dagrun for dataset_consumes_unknown_never_scheduled to None, run_after=None
[2023-03-12T00:05:10.978+0000] {logging_mixin.py:120} INFO - [2023-03-12T00:05:10.978+0000] {dag.py:3340} INFO - Setting next_dagrun for dataset_produces_1 to 2023-03-11T00:00:00+00:00, run_after=2023-03-12T00:00:00+00:00
[2023-03-12T00:05:10.979+0000] {logging_mixin.py:120} INFO - [2023-03-12T00:05:10.979+0000] {dag.py:3340} INFO - Setting next_dagrun for dataset_produces_2 to None, run_after=None
[2023-03-12T00:05:10.993+0000] {processor.py:176} INFO - Processing /home/airflow/.local/lib/python3.7/site-packages/airflow/example_dags/example_datasets.py took 0.097 seconds
[2023-03-12T01:11:07.941+0000] {processor.py:154} INFO - Started process (PID=36434) to work on /home/airflow/.local/lib/python3.7/site-packages/airflow/example_dags/example_datasets.py
[2023-03-12T01:11:07.943+0000] {processor.py:756} INFO - Processing file /home/airflow/.local/lib/python3.7/site-packages/airflow/example_dags/example_datasets.py for tasks to queue
[2023-03-12T01:11:07.943+0000] {logging_mixin.py:120} INFO - [2023-03-12T01:11:07.943+0000] {dagbag.py:537} INFO - Filling up the DagBag from /home/airflow/.local/lib/python3.7/site-packages/airflow/example_dags/example_datasets.py
[2023-03-12T01:11:07.956+0000] {processor.py:766} INFO - DAG(s) dict_keys(['dataset_produces_2', 'dataset_consumes_1_never_scheduled', 'dataset_produces_1', 'dataset_consumes_1_and_2', 'dataset_consumes_unknown_never_scheduled', 'dataset_consumes_1']) retrieved from /home/airflow/.local/lib/python3.7/site-packages/airflow/example_dags/example_datasets.py
[2023-03-12T01:11:08.000+0000] {logging_mixin.py:120} INFO - [2023-03-12T01:11:07.999+0000] {dag.py:2585} INFO - Sync 6 DAGs
[2023-03-12T01:11:08.016+0000] {logging_mixin.py:120} INFO - [2023-03-12T01:11:08.016+0000] {dag.py:3340} INFO - Setting next_dagrun for dataset_consumes_1 to None, run_after=None
[2023-03-12T01:11:08.019+0000] {logging_mixin.py:120} INFO - [2023-03-12T01:11:08.019+0000] {dag.py:3340} INFO - Setting next_dagrun for dataset_consumes_1_and_2 to None, run_after=None
[2023-03-12T01:11:08.020+0000] {logging_mixin.py:120} INFO - [2023-03-12T01:11:08.020+0000] {dag.py:3340} INFO - Setting next_dagrun for dataset_consumes_1_never_scheduled to None, run_after=None
[2023-03-12T01:11:08.021+0000] {logging_mixin.py:120} INFO - [2023-03-12T01:11:08.021+0000] {dag.py:3340} INFO - Setting next_dagrun for dataset_consumes_unknown_never_scheduled to None, run_after=None
[2023-03-12T01:11:08.024+0000] {logging_mixin.py:120} INFO - [2023-03-12T01:11:08.024+0000] {dag.py:3340} INFO - Setting next_dagrun for dataset_produces_1 to 2023-03-11T00:00:00+00:00, run_after=2023-03-12T00:00:00+00:00
[2023-03-12T01:11:08.025+0000] {logging_mixin.py:120} INFO - [2023-03-12T01:11:08.025+0000] {dag.py:3340} INFO - Setting next_dagrun for dataset_produces_2 to None, run_after=None
[2023-03-12T01:11:08.041+0000] {processor.py:176} INFO - Processing /home/airflow/.local/lib/python3.7/site-packages/airflow/example_dags/example_datasets.py took 0.103 seconds
[2023-03-12T02:20:06.010+0000] {processor.py:154} INFO - Started process (PID=36498) to work on /home/airflow/.local/lib/python3.7/site-packages/airflow/example_dags/example_datasets.py
[2023-03-12T02:20:06.011+0000] {processor.py:756} INFO - Processing file /home/airflow/.local/lib/python3.7/site-packages/airflow/example_dags/example_datasets.py for tasks to queue
[2023-03-12T02:20:06.012+0000] {logging_mixin.py:120} INFO - [2023-03-12T02:20:06.012+0000] {dagbag.py:537} INFO - Filling up the DagBag from /home/airflow/.local/lib/python3.7/site-packages/airflow/example_dags/example_datasets.py
[2023-03-12T02:20:06.028+0000] {processor.py:766} INFO - DAG(s) dict_keys(['dataset_produces_2', 'dataset_produces_1', 'dataset_consumes_1_and_2', 'dataset_consumes_unknown_never_scheduled', 'dataset_consumes_1_never_scheduled', 'dataset_consumes_1']) retrieved from /home/airflow/.local/lib/python3.7/site-packages/airflow/example_dags/example_datasets.py
[2023-03-12T02:20:06.082+0000] {logging_mixin.py:120} INFO - [2023-03-12T02:20:06.081+0000] {dag.py:2585} INFO - Sync 6 DAGs
[2023-03-12T02:20:06.104+0000] {logging_mixin.py:120} INFO - [2023-03-12T02:20:06.104+0000] {dag.py:3340} INFO - Setting next_dagrun for dataset_consumes_1 to None, run_after=None
[2023-03-12T02:20:06.107+0000] {logging_mixin.py:120} INFO - [2023-03-12T02:20:06.107+0000] {dag.py:3340} INFO - Setting next_dagrun for dataset_consumes_1_and_2 to None, run_after=None
[2023-03-12T02:20:06.109+0000] {logging_mixin.py:120} INFO - [2023-03-12T02:20:06.109+0000] {dag.py:3340} INFO - Setting next_dagrun for dataset_consumes_1_never_scheduled to None, run_after=None
[2023-03-12T02:20:06.110+0000] {logging_mixin.py:120} INFO - [2023-03-12T02:20:06.110+0000] {dag.py:3340} INFO - Setting next_dagrun for dataset_consumes_unknown_never_scheduled to None, run_after=None
[2023-03-12T02:20:06.113+0000] {logging_mixin.py:120} INFO - [2023-03-12T02:20:06.113+0000] {dag.py:3340} INFO - Setting next_dagrun for dataset_produces_1 to 2023-03-11T00:00:00+00:00, run_after=2023-03-12T00:00:00+00:00
[2023-03-12T02:20:06.114+0000] {logging_mixin.py:120} INFO - [2023-03-12T02:20:06.114+0000] {dag.py:3340} INFO - Setting next_dagrun for dataset_produces_2 to None, run_after=None
[2023-03-12T02:20:06.144+0000] {processor.py:176} INFO - Processing /home/airflow/.local/lib/python3.7/site-packages/airflow/example_dags/example_datasets.py took 0.137 seconds
[2023-03-12T03:43:51.426+0000] {processor.py:154} INFO - Started process (PID=36561) to work on /home/airflow/.local/lib/python3.7/site-packages/airflow/example_dags/example_datasets.py
[2023-03-12T03:43:51.430+0000] {processor.py:756} INFO - Processing file /home/airflow/.local/lib/python3.7/site-packages/airflow/example_dags/example_datasets.py for tasks to queue
[2023-03-12T03:43:51.431+0000] {logging_mixin.py:120} INFO - [2023-03-12T03:43:51.431+0000] {dagbag.py:537} INFO - Filling up the DagBag from /home/airflow/.local/lib/python3.7/site-packages/airflow/example_dags/example_datasets.py
[2023-03-12T03:43:51.489+0000] {processor.py:766} INFO - DAG(s) dict_keys(['dataset_consumes_unknown_never_scheduled', 'dataset_produces_2', 'dataset_produces_1', 'dataset_consumes_1', 'dataset_consumes_1_never_scheduled', 'dataset_consumes_1_and_2']) retrieved from /home/airflow/.local/lib/python3.7/site-packages/airflow/example_dags/example_datasets.py
[2023-03-12T03:43:51.572+0000] {logging_mixin.py:120} INFO - [2023-03-12T03:43:51.572+0000] {dag.py:2585} INFO - Sync 6 DAGs
[2023-03-12T03:43:51.604+0000] {logging_mixin.py:120} INFO - [2023-03-12T03:43:51.604+0000] {dag.py:3340} INFO - Setting next_dagrun for dataset_consumes_1 to None, run_after=None
[2023-03-12T03:43:51.608+0000] {logging_mixin.py:120} INFO - [2023-03-12T03:43:51.608+0000] {dag.py:3340} INFO - Setting next_dagrun for dataset_consumes_1_and_2 to None, run_after=None
[2023-03-12T03:43:51.610+0000] {logging_mixin.py:120} INFO - [2023-03-12T03:43:51.610+0000] {dag.py:3340} INFO - Setting next_dagrun for dataset_consumes_1_never_scheduled to None, run_after=None
[2023-03-12T03:43:51.611+0000] {logging_mixin.py:120} INFO - [2023-03-12T03:43:51.610+0000] {dag.py:3340} INFO - Setting next_dagrun for dataset_consumes_unknown_never_scheduled to None, run_after=None
[2023-03-12T03:43:51.612+0000] {logging_mixin.py:120} INFO - [2023-03-12T03:43:51.612+0000] {dag.py:3340} INFO - Setting next_dagrun for dataset_produces_1 to 2023-03-11T00:00:00+00:00, run_after=2023-03-12T00:00:00+00:00
[2023-03-12T03:43:51.613+0000] {logging_mixin.py:120} INFO - [2023-03-12T03:43:51.613+0000] {dag.py:3340} INFO - Setting next_dagrun for dataset_produces_2 to None, run_after=None
[2023-03-12T03:43:51.633+0000] {processor.py:176} INFO - Processing /home/airflow/.local/lib/python3.7/site-packages/airflow/example_dags/example_datasets.py took 0.211 seconds
[2023-03-12T04:47:36.444+0000] {processor.py:154} INFO - Started process (PID=36624) to work on /home/airflow/.local/lib/python3.7/site-packages/airflow/example_dags/example_datasets.py
[2023-03-12T04:47:36.445+0000] {processor.py:756} INFO - Processing file /home/airflow/.local/lib/python3.7/site-packages/airflow/example_dags/example_datasets.py for tasks to queue
[2023-03-12T04:47:36.446+0000] {logging_mixin.py:120} INFO - [2023-03-12T04:47:36.446+0000] {dagbag.py:537} INFO - Filling up the DagBag from /home/airflow/.local/lib/python3.7/site-packages/airflow/example_dags/example_datasets.py
[2023-03-12T04:47:36.471+0000] {processor.py:766} INFO - DAG(s) dict_keys(['dataset_consumes_1', 'dataset_consumes_unknown_never_scheduled', 'dataset_produces_1', 'dataset_consumes_1_never_scheduled', 'dataset_produces_2', 'dataset_consumes_1_and_2']) retrieved from /home/airflow/.local/lib/python3.7/site-packages/airflow/example_dags/example_datasets.py
[2023-03-12T04:47:36.563+0000] {logging_mixin.py:120} INFO - [2023-03-12T04:47:36.563+0000] {dag.py:2585} INFO - Sync 6 DAGs
[2023-03-12T04:47:36.581+0000] {logging_mixin.py:120} INFO - [2023-03-12T04:47:36.581+0000] {dag.py:3340} INFO - Setting next_dagrun for dataset_consumes_1 to None, run_after=None
[2023-03-12T04:47:36.584+0000] {logging_mixin.py:120} INFO - [2023-03-12T04:47:36.584+0000] {dag.py:3340} INFO - Setting next_dagrun for dataset_consumes_1_and_2 to None, run_after=None
[2023-03-12T04:47:36.585+0000] {logging_mixin.py:120} INFO - [2023-03-12T04:47:36.585+0000] {dag.py:3340} INFO - Setting next_dagrun for dataset_consumes_1_never_scheduled to None, run_after=None
[2023-03-12T04:47:36.586+0000] {logging_mixin.py:120} INFO - [2023-03-12T04:47:36.586+0000] {dag.py:3340} INFO - Setting next_dagrun for dataset_consumes_unknown_never_scheduled to None, run_after=None
[2023-03-12T04:47:36.587+0000] {logging_mixin.py:120} INFO - [2023-03-12T04:47:36.587+0000] {dag.py:3340} INFO - Setting next_dagrun for dataset_produces_1 to 2023-03-11T00:00:00+00:00, run_after=2023-03-12T00:00:00+00:00
[2023-03-12T04:47:36.588+0000] {logging_mixin.py:120} INFO - [2023-03-12T04:47:36.588+0000] {dag.py:3340} INFO - Setting next_dagrun for dataset_produces_2 to None, run_after=None
[2023-03-12T04:47:36.604+0000] {processor.py:176} INFO - Processing /home/airflow/.local/lib/python3.7/site-packages/airflow/example_dags/example_datasets.py took 0.166 seconds
[2023-03-12T05:46:50.640+0000] {processor.py:154} INFO - Started process (PID=36687) to work on /home/airflow/.local/lib/python3.7/site-packages/airflow/example_dags/example_datasets.py
[2023-03-12T05:46:50.644+0000] {processor.py:756} INFO - Processing file /home/airflow/.local/lib/python3.7/site-packages/airflow/example_dags/example_datasets.py for tasks to queue
[2023-03-12T05:46:50.645+0000] {logging_mixin.py:120} INFO - [2023-03-12T05:46:50.645+0000] {dagbag.py:537} INFO - Filling up the DagBag from /home/airflow/.local/lib/python3.7/site-packages/airflow/example_dags/example_datasets.py
[2023-03-12T05:46:50.671+0000] {processor.py:766} INFO - DAG(s) dict_keys(['dataset_consumes_1_never_scheduled', 'dataset_consumes_1', 'dataset_consumes_1_and_2', 'dataset_produces_1', 'dataset_produces_2', 'dataset_consumes_unknown_never_scheduled']) retrieved from /home/airflow/.local/lib/python3.7/site-packages/airflow/example_dags/example_datasets.py
[2023-03-12T05:46:50.740+0000] {logging_mixin.py:120} INFO - [2023-03-12T05:46:50.740+0000] {dag.py:2585} INFO - Sync 6 DAGs
[2023-03-12T05:46:50.768+0000] {logging_mixin.py:120} INFO - [2023-03-12T05:46:50.768+0000] {dag.py:3340} INFO - Setting next_dagrun for dataset_consumes_1 to None, run_after=None
[2023-03-12T05:46:50.771+0000] {logging_mixin.py:120} INFO - [2023-03-12T05:46:50.771+0000] {dag.py:3340} INFO - Setting next_dagrun for dataset_consumes_1_and_2 to None, run_after=None
[2023-03-12T05:46:50.772+0000] {logging_mixin.py:120} INFO - [2023-03-12T05:46:50.772+0000] {dag.py:3340} INFO - Setting next_dagrun for dataset_consumes_1_never_scheduled to None, run_after=None
[2023-03-12T05:46:50.773+0000] {logging_mixin.py:120} INFO - [2023-03-12T05:46:50.773+0000] {dag.py:3340} INFO - Setting next_dagrun for dataset_consumes_unknown_never_scheduled to None, run_after=None
[2023-03-12T05:46:50.776+0000] {logging_mixin.py:120} INFO - [2023-03-12T05:46:50.776+0000] {dag.py:3340} INFO - Setting next_dagrun for dataset_produces_1 to 2023-03-11T00:00:00+00:00, run_after=2023-03-12T00:00:00+00:00
[2023-03-12T05:46:50.780+0000] {logging_mixin.py:120} INFO - [2023-03-12T05:46:50.780+0000] {dag.py:3340} INFO - Setting next_dagrun for dataset_produces_2 to None, run_after=None
[2023-03-12T05:46:50.801+0000] {processor.py:176} INFO - Processing /home/airflow/.local/lib/python3.7/site-packages/airflow/example_dags/example_datasets.py took 0.164 seconds
[2023-03-12T06:51:38.428+0000] {processor.py:154} INFO - Started process (PID=36741) to work on /home/airflow/.local/lib/python3.7/site-packages/airflow/example_dags/example_datasets.py
[2023-03-12T06:51:38.431+0000] {processor.py:756} INFO - Processing file /home/airflow/.local/lib/python3.7/site-packages/airflow/example_dags/example_datasets.py for tasks to queue
[2023-03-12T06:51:38.434+0000] {logging_mixin.py:120} INFO - [2023-03-12T06:51:38.434+0000] {dagbag.py:537} INFO - Filling up the DagBag from /home/airflow/.local/lib/python3.7/site-packages/airflow/example_dags/example_datasets.py
[2023-03-12T06:51:38.461+0000] {processor.py:766} INFO - DAG(s) dict_keys(['dataset_consumes_1_and_2', 'dataset_consumes_1_never_scheduled', 'dataset_consumes_1', 'dataset_produces_2', 'dataset_produces_1', 'dataset_consumes_unknown_never_scheduled']) retrieved from /home/airflow/.local/lib/python3.7/site-packages/airflow/example_dags/example_datasets.py
[2023-03-12T06:51:38.536+0000] {logging_mixin.py:120} INFO - [2023-03-12T06:51:38.536+0000] {dag.py:2585} INFO - Sync 6 DAGs
[2023-03-12T06:51:38.567+0000] {logging_mixin.py:120} INFO - [2023-03-12T06:51:38.567+0000] {dag.py:3340} INFO - Setting next_dagrun for dataset_consumes_1 to None, run_after=None
[2023-03-12T06:51:38.571+0000] {logging_mixin.py:120} INFO - [2023-03-12T06:51:38.571+0000] {dag.py:3340} INFO - Setting next_dagrun for dataset_consumes_1_and_2 to None, run_after=None
[2023-03-12T06:51:38.575+0000] {logging_mixin.py:120} INFO - [2023-03-12T06:51:38.575+0000] {dag.py:3340} INFO - Setting next_dagrun for dataset_consumes_1_never_scheduled to None, run_after=None
[2023-03-12T06:51:38.576+0000] {logging_mixin.py:120} INFO - [2023-03-12T06:51:38.576+0000] {dag.py:3340} INFO - Setting next_dagrun for dataset_consumes_unknown_never_scheduled to None, run_after=None
[2023-03-12T06:51:38.578+0000] {logging_mixin.py:120} INFO - [2023-03-12T06:51:38.578+0000] {dag.py:3340} INFO - Setting next_dagrun for dataset_produces_1 to 2023-03-11T00:00:00+00:00, run_after=2023-03-12T00:00:00+00:00
[2023-03-12T06:51:38.579+0000] {logging_mixin.py:120} INFO - [2023-03-12T06:51:38.579+0000] {dag.py:3340} INFO - Setting next_dagrun for dataset_produces_2 to None, run_after=None
[2023-03-12T06:51:38.600+0000] {processor.py:176} INFO - Processing /home/airflow/.local/lib/python3.7/site-packages/airflow/example_dags/example_datasets.py took 0.175 seconds
[2023-03-12T07:59:56.192+0000] {processor.py:154} INFO - Started process (PID=36805) to work on /home/airflow/.local/lib/python3.7/site-packages/airflow/example_dags/example_datasets.py
[2023-03-12T07:59:56.193+0000] {processor.py:756} INFO - Processing file /home/airflow/.local/lib/python3.7/site-packages/airflow/example_dags/example_datasets.py for tasks to queue
[2023-03-12T07:59:56.194+0000] {logging_mixin.py:120} INFO - [2023-03-12T07:59:56.194+0000] {dagbag.py:537} INFO - Filling up the DagBag from /home/airflow/.local/lib/python3.7/site-packages/airflow/example_dags/example_datasets.py
[2023-03-12T07:59:56.213+0000] {processor.py:766} INFO - DAG(s) dict_keys(['dataset_consumes_1_and_2', 'dataset_consumes_unknown_never_scheduled', 'dataset_produces_1', 'dataset_consumes_1', 'dataset_produces_2', 'dataset_consumes_1_never_scheduled']) retrieved from /home/airflow/.local/lib/python3.7/site-packages/airflow/example_dags/example_datasets.py
[2023-03-12T07:59:56.257+0000] {logging_mixin.py:120} INFO - [2023-03-12T07:59:56.257+0000] {dag.py:2585} INFO - Sync 6 DAGs
[2023-03-12T07:59:56.277+0000] {logging_mixin.py:120} INFO - [2023-03-12T07:59:56.277+0000] {dag.py:3340} INFO - Setting next_dagrun for dataset_consumes_1 to None, run_after=None
[2023-03-12T07:59:56.281+0000] {logging_mixin.py:120} INFO - [2023-03-12T07:59:56.280+0000] {dag.py:3340} INFO - Setting next_dagrun for dataset_consumes_1_and_2 to None, run_after=None
[2023-03-12T07:59:56.284+0000] {logging_mixin.py:120} INFO - [2023-03-12T07:59:56.283+0000] {dag.py:3340} INFO - Setting next_dagrun for dataset_consumes_1_never_scheduled to None, run_after=None
[2023-03-12T07:59:56.285+0000] {logging_mixin.py:120} INFO - [2023-03-12T07:59:56.285+0000] {dag.py:3340} INFO - Setting next_dagrun for dataset_consumes_unknown_never_scheduled to None, run_after=None
[2023-03-12T07:59:56.287+0000] {logging_mixin.py:120} INFO - [2023-03-12T07:59:56.287+0000] {dag.py:3340} INFO - Setting next_dagrun for dataset_produces_1 to 2023-03-11T00:00:00+00:00, run_after=2023-03-12T00:00:00+00:00
[2023-03-12T07:59:56.290+0000] {logging_mixin.py:120} INFO - [2023-03-12T07:59:56.289+0000] {dag.py:3340} INFO - Setting next_dagrun for dataset_produces_2 to None, run_after=None
[2023-03-12T07:59:56.329+0000] {processor.py:176} INFO - Processing /home/airflow/.local/lib/python3.7/site-packages/airflow/example_dags/example_datasets.py took 0.154 seconds
[2023-03-12T09:20:36.025+0000] {processor.py:154} INFO - Started process (PID=36868) to work on /home/airflow/.local/lib/python3.7/site-packages/airflow/example_dags/example_datasets.py
[2023-03-12T09:20:36.027+0000] {processor.py:756} INFO - Processing file /home/airflow/.local/lib/python3.7/site-packages/airflow/example_dags/example_datasets.py for tasks to queue
[2023-03-12T09:20:36.028+0000] {logging_mixin.py:120} INFO - [2023-03-12T09:20:36.028+0000] {dagbag.py:537} INFO - Filling up the DagBag from /home/airflow/.local/lib/python3.7/site-packages/airflow/example_dags/example_datasets.py
[2023-03-12T09:20:36.044+0000] {processor.py:766} INFO - DAG(s) dict_keys(['dataset_consumes_1_and_2', 'dataset_consumes_1_never_scheduled', 'dataset_consumes_1', 'dataset_consumes_unknown_never_scheduled', 'dataset_produces_2', 'dataset_produces_1']) retrieved from /home/airflow/.local/lib/python3.7/site-packages/airflow/example_dags/example_datasets.py
[2023-03-12T09:20:36.100+0000] {logging_mixin.py:120} INFO - [2023-03-12T09:20:36.100+0000] {dag.py:2585} INFO - Sync 6 DAGs
[2023-03-12T09:20:36.119+0000] {logging_mixin.py:120} INFO - [2023-03-12T09:20:36.119+0000] {dag.py:3340} INFO - Setting next_dagrun for dataset_consumes_1 to None, run_after=None
[2023-03-12T09:20:36.123+0000] {logging_mixin.py:120} INFO - [2023-03-12T09:20:36.122+0000] {dag.py:3340} INFO - Setting next_dagrun for dataset_consumes_1_and_2 to None, run_after=None
[2023-03-12T09:20:36.124+0000] {logging_mixin.py:120} INFO - [2023-03-12T09:20:36.124+0000] {dag.py:3340} INFO - Setting next_dagrun for dataset_consumes_1_never_scheduled to None, run_after=None
[2023-03-12T09:20:36.124+0000] {logging_mixin.py:120} INFO - [2023-03-12T09:20:36.124+0000] {dag.py:3340} INFO - Setting next_dagrun for dataset_consumes_unknown_never_scheduled to None, run_after=None
[2023-03-12T09:20:36.126+0000] {logging_mixin.py:120} INFO - [2023-03-12T09:20:36.126+0000] {dag.py:3340} INFO - Setting next_dagrun for dataset_produces_1 to 2023-03-11T00:00:00+00:00, run_after=2023-03-12T00:00:00+00:00
[2023-03-12T09:20:36.127+0000] {logging_mixin.py:120} INFO - [2023-03-12T09:20:36.127+0000] {dag.py:3340} INFO - Setting next_dagrun for dataset_produces_2 to None, run_after=None
[2023-03-12T09:20:36.146+0000] {processor.py:176} INFO - Processing /home/airflow/.local/lib/python3.7/site-packages/airflow/example_dags/example_datasets.py took 0.124 seconds
[2023-03-12T10:26:30.574+0000] {processor.py:154} INFO - Started process (PID=36931) to work on /home/airflow/.local/lib/python3.7/site-packages/airflow/example_dags/example_datasets.py
[2023-03-12T10:26:30.575+0000] {processor.py:756} INFO - Processing file /home/airflow/.local/lib/python3.7/site-packages/airflow/example_dags/example_datasets.py for tasks to queue
[2023-03-12T10:26:30.576+0000] {logging_mixin.py:120} INFO - [2023-03-12T10:26:30.576+0000] {dagbag.py:537} INFO - Filling up the DagBag from /home/airflow/.local/lib/python3.7/site-packages/airflow/example_dags/example_datasets.py
[2023-03-12T10:26:30.588+0000] {processor.py:766} INFO - DAG(s) dict_keys(['dataset_consumes_1', 'dataset_produces_2', 'dataset_consumes_1_and_2', 'dataset_consumes_1_never_scheduled', 'dataset_produces_1', 'dataset_consumes_unknown_never_scheduled']) retrieved from /home/airflow/.local/lib/python3.7/site-packages/airflow/example_dags/example_datasets.py
[2023-03-12T10:26:30.627+0000] {logging_mixin.py:120} INFO - [2023-03-12T10:26:30.627+0000] {dag.py:2585} INFO - Sync 6 DAGs
[2023-03-12T10:26:30.642+0000] {logging_mixin.py:120} INFO - [2023-03-12T10:26:30.642+0000] {dag.py:3340} INFO - Setting next_dagrun for dataset_consumes_1 to None, run_after=None
[2023-03-12T10:26:30.644+0000] {logging_mixin.py:120} INFO - [2023-03-12T10:26:30.644+0000] {dag.py:3340} INFO - Setting next_dagrun for dataset_consumes_1_and_2 to None, run_after=None
[2023-03-12T10:26:30.645+0000] {logging_mixin.py:120} INFO - [2023-03-12T10:26:30.645+0000] {dag.py:3340} INFO - Setting next_dagrun for dataset_consumes_1_never_scheduled to None, run_after=None
[2023-03-12T10:26:30.646+0000] {logging_mixin.py:120} INFO - [2023-03-12T10:26:30.646+0000] {dag.py:3340} INFO - Setting next_dagrun for dataset_consumes_unknown_never_scheduled to None, run_after=None
[2023-03-12T10:26:30.648+0000] {logging_mixin.py:120} INFO - [2023-03-12T10:26:30.648+0000] {dag.py:3340} INFO - Setting next_dagrun for dataset_produces_1 to 2023-03-11T00:00:00+00:00, run_after=2023-03-12T00:00:00+00:00
[2023-03-12T10:26:30.649+0000] {logging_mixin.py:120} INFO - [2023-03-12T10:26:30.649+0000] {dag.py:3340} INFO - Setting next_dagrun for dataset_produces_2 to None, run_after=None
[2023-03-12T10:26:30.665+0000] {processor.py:176} INFO - Processing /home/airflow/.local/lib/python3.7/site-packages/airflow/example_dags/example_datasets.py took 0.093 seconds
[2023-03-12T11:32:25.437+0000] {processor.py:154} INFO - Started process (PID=36985) to work on /home/airflow/.local/lib/python3.7/site-packages/airflow/example_dags/example_datasets.py
[2023-03-12T11:32:25.438+0000] {processor.py:756} INFO - Processing file /home/airflow/.local/lib/python3.7/site-packages/airflow/example_dags/example_datasets.py for tasks to queue
[2023-03-12T11:32:25.439+0000] {logging_mixin.py:120} INFO - [2023-03-12T11:32:25.439+0000] {dagbag.py:537} INFO - Filling up the DagBag from /home/airflow/.local/lib/python3.7/site-packages/airflow/example_dags/example_datasets.py
[2023-03-12T11:32:25.451+0000] {processor.py:766} INFO - DAG(s) dict_keys(['dataset_consumes_unknown_never_scheduled', 'dataset_produces_1', 'dataset_produces_2', 'dataset_consumes_1', 'dataset_consumes_1_and_2', 'dataset_consumes_1_never_scheduled']) retrieved from /home/airflow/.local/lib/python3.7/site-packages/airflow/example_dags/example_datasets.py
[2023-03-12T11:32:25.486+0000] {logging_mixin.py:120} INFO - [2023-03-12T11:32:25.486+0000] {dag.py:2585} INFO - Sync 6 DAGs
[2023-03-12T11:32:25.501+0000] {logging_mixin.py:120} INFO - [2023-03-12T11:32:25.501+0000] {dag.py:3340} INFO - Setting next_dagrun for dataset_consumes_1 to None, run_after=None
[2023-03-12T11:32:25.504+0000] {logging_mixin.py:120} INFO - [2023-03-12T11:32:25.504+0000] {dag.py:3340} INFO - Setting next_dagrun for dataset_consumes_1_and_2 to None, run_after=None
[2023-03-12T11:32:25.505+0000] {logging_mixin.py:120} INFO - [2023-03-12T11:32:25.505+0000] {dag.py:3340} INFO - Setting next_dagrun for dataset_consumes_1_never_scheduled to None, run_after=None
[2023-03-12T11:32:25.506+0000] {logging_mixin.py:120} INFO - [2023-03-12T11:32:25.506+0000] {dag.py:3340} INFO - Setting next_dagrun for dataset_consumes_unknown_never_scheduled to None, run_after=None
[2023-03-12T11:32:25.508+0000] {logging_mixin.py:120} INFO - [2023-03-12T11:32:25.508+0000] {dag.py:3340} INFO - Setting next_dagrun for dataset_produces_1 to 2023-03-11T00:00:00+00:00, run_after=2023-03-12T00:00:00+00:00
[2023-03-12T11:32:25.509+0000] {logging_mixin.py:120} INFO - [2023-03-12T11:32:25.509+0000] {dag.py:3340} INFO - Setting next_dagrun for dataset_produces_2 to None, run_after=None
[2023-03-12T11:32:25.522+0000] {processor.py:176} INFO - Processing /home/airflow/.local/lib/python3.7/site-packages/airflow/example_dags/example_datasets.py took 0.088 seconds
[2023-03-12T12:40:38.020+0000] {processor.py:154} INFO - Started process (PID=37048) to work on /home/airflow/.local/lib/python3.7/site-packages/airflow/example_dags/example_datasets.py
[2023-03-12T12:40:38.024+0000] {processor.py:756} INFO - Processing file /home/airflow/.local/lib/python3.7/site-packages/airflow/example_dags/example_datasets.py for tasks to queue
[2023-03-12T12:40:38.026+0000] {logging_mixin.py:120} INFO - [2023-03-12T12:40:38.026+0000] {dagbag.py:537} INFO - Filling up the DagBag from /home/airflow/.local/lib/python3.7/site-packages/airflow/example_dags/example_datasets.py
[2023-03-12T12:40:38.045+0000] {processor.py:766} INFO - DAG(s) dict_keys(['dataset_consumes_1_never_scheduled', 'dataset_consumes_1', 'dataset_produces_1', 'dataset_consumes_unknown_never_scheduled', 'dataset_produces_2', 'dataset_consumes_1_and_2']) retrieved from /home/airflow/.local/lib/python3.7/site-packages/airflow/example_dags/example_datasets.py
[2023-03-12T12:40:38.101+0000] {logging_mixin.py:120} INFO - [2023-03-12T12:40:38.101+0000] {dag.py:2585} INFO - Sync 6 DAGs
[2023-03-12T12:40:38.125+0000] {logging_mixin.py:120} INFO - [2023-03-12T12:40:38.125+0000] {dag.py:3340} INFO - Setting next_dagrun for dataset_consumes_1 to None, run_after=None
[2023-03-12T12:40:38.128+0000] {logging_mixin.py:120} INFO - [2023-03-12T12:40:38.128+0000] {dag.py:3340} INFO - Setting next_dagrun for dataset_consumes_1_and_2 to None, run_after=None
[2023-03-12T12:40:38.130+0000] {logging_mixin.py:120} INFO - [2023-03-12T12:40:38.130+0000] {dag.py:3340} INFO - Setting next_dagrun for dataset_consumes_1_never_scheduled to None, run_after=None
[2023-03-12T12:40:38.131+0000] {logging_mixin.py:120} INFO - [2023-03-12T12:40:38.130+0000] {dag.py:3340} INFO - Setting next_dagrun for dataset_consumes_unknown_never_scheduled to None, run_after=None
[2023-03-12T12:40:38.132+0000] {logging_mixin.py:120} INFO - [2023-03-12T12:40:38.132+0000] {dag.py:3340} INFO - Setting next_dagrun for dataset_produces_1 to 2023-03-11T00:00:00+00:00, run_after=2023-03-12T00:00:00+00:00
[2023-03-12T12:40:38.134+0000] {logging_mixin.py:120} INFO - [2023-03-12T12:40:38.134+0000] {dag.py:3340} INFO - Setting next_dagrun for dataset_produces_2 to None, run_after=None
[2023-03-12T12:40:38.152+0000] {processor.py:176} INFO - Processing /home/airflow/.local/lib/python3.7/site-packages/airflow/example_dags/example_datasets.py took 0.134 seconds
[2023-03-12T13:59:46.515+0000] {processor.py:154} INFO - Started process (PID=37111) to work on /home/airflow/.local/lib/python3.7/site-packages/airflow/example_dags/example_datasets.py
[2023-03-12T13:59:46.517+0000] {processor.py:756} INFO - Processing file /home/airflow/.local/lib/python3.7/site-packages/airflow/example_dags/example_datasets.py for tasks to queue
[2023-03-12T13:59:46.517+0000] {logging_mixin.py:120} INFO - [2023-03-12T13:59:46.517+0000] {dagbag.py:537} INFO - Filling up the DagBag from /home/airflow/.local/lib/python3.7/site-packages/airflow/example_dags/example_datasets.py
[2023-03-12T13:59:46.532+0000] {processor.py:766} INFO - DAG(s) dict_keys(['dataset_consumes_unknown_never_scheduled', 'dataset_consumes_1_and_2', 'dataset_produces_2', 'dataset_consumes_1_never_scheduled', 'dataset_produces_1', 'dataset_consumes_1']) retrieved from /home/airflow/.local/lib/python3.7/site-packages/airflow/example_dags/example_datasets.py
[2023-03-12T13:59:46.566+0000] {logging_mixin.py:120} INFO - [2023-03-12T13:59:46.566+0000] {dag.py:2585} INFO - Sync 6 DAGs
[2023-03-12T13:59:46.580+0000] {logging_mixin.py:120} INFO - [2023-03-12T13:59:46.580+0000] {dag.py:3340} INFO - Setting next_dagrun for dataset_consumes_1 to None, run_after=None
[2023-03-12T13:59:46.583+0000] {logging_mixin.py:120} INFO - [2023-03-12T13:59:46.583+0000] {dag.py:3340} INFO - Setting next_dagrun for dataset_consumes_1_and_2 to None, run_after=None
[2023-03-12T13:59:46.584+0000] {logging_mixin.py:120} INFO - [2023-03-12T13:59:46.584+0000] {dag.py:3340} INFO - Setting next_dagrun for dataset_consumes_1_never_scheduled to None, run_after=None
[2023-03-12T13:59:46.585+0000] {logging_mixin.py:120} INFO - [2023-03-12T13:59:46.585+0000] {dag.py:3340} INFO - Setting next_dagrun for dataset_consumes_unknown_never_scheduled to None, run_after=None
[2023-03-12T13:59:46.587+0000] {logging_mixin.py:120} INFO - [2023-03-12T13:59:46.586+0000] {dag.py:3340} INFO - Setting next_dagrun for dataset_produces_1 to 2023-03-11T00:00:00+00:00, run_after=2023-03-12T00:00:00+00:00
[2023-03-12T13:59:46.588+0000] {logging_mixin.py:120} INFO - [2023-03-12T13:59:46.587+0000] {dag.py:3340} INFO - Setting next_dagrun for dataset_produces_2 to None, run_after=None
[2023-03-12T13:59:46.605+0000] {processor.py:176} INFO - Processing /home/airflow/.local/lib/python3.7/site-packages/airflow/example_dags/example_datasets.py took 0.092 seconds
[2023-03-12T15:06:04.363+0000] {processor.py:154} INFO - Started process (PID=37174) to work on /home/airflow/.local/lib/python3.7/site-packages/airflow/example_dags/example_datasets.py
[2023-03-12T15:06:04.368+0000] {processor.py:756} INFO - Processing file /home/airflow/.local/lib/python3.7/site-packages/airflow/example_dags/example_datasets.py for tasks to queue
[2023-03-12T15:06:04.371+0000] {logging_mixin.py:120} INFO - [2023-03-12T15:06:04.371+0000] {dagbag.py:537} INFO - Filling up the DagBag from /home/airflow/.local/lib/python3.7/site-packages/airflow/example_dags/example_datasets.py
[2023-03-12T15:06:04.420+0000] {processor.py:766} INFO - DAG(s) dict_keys(['dataset_consumes_1_never_scheduled', 'dataset_produces_2', 'dataset_consumes_unknown_never_scheduled', 'dataset_consumes_1_and_2', 'dataset_produces_1', 'dataset_consumes_1']) retrieved from /home/airflow/.local/lib/python3.7/site-packages/airflow/example_dags/example_datasets.py
[2023-03-12T15:06:04.488+0000] {logging_mixin.py:120} INFO - [2023-03-12T15:06:04.488+0000] {dag.py:2585} INFO - Sync 6 DAGs
[2023-03-12T15:06:04.509+0000] {logging_mixin.py:120} INFO - [2023-03-12T15:06:04.508+0000] {dag.py:3340} INFO - Setting next_dagrun for dataset_consumes_1 to None, run_after=None
[2023-03-12T15:06:04.512+0000] {logging_mixin.py:120} INFO - [2023-03-12T15:06:04.512+0000] {dag.py:3340} INFO - Setting next_dagrun for dataset_consumes_1_and_2 to None, run_after=None
[2023-03-12T15:06:04.513+0000] {logging_mixin.py:120} INFO - [2023-03-12T15:06:04.513+0000] {dag.py:3340} INFO - Setting next_dagrun for dataset_consumes_1_never_scheduled to None, run_after=None
[2023-03-12T15:06:04.514+0000] {logging_mixin.py:120} INFO - [2023-03-12T15:06:04.514+0000] {dag.py:3340} INFO - Setting next_dagrun for dataset_consumes_unknown_never_scheduled to None, run_after=None
[2023-03-12T15:06:04.515+0000] {logging_mixin.py:120} INFO - [2023-03-12T15:06:04.515+0000] {dag.py:3340} INFO - Setting next_dagrun for dataset_produces_1 to 2023-03-11T00:00:00+00:00, run_after=2023-03-12T00:00:00+00:00
[2023-03-12T15:06:04.516+0000] {logging_mixin.py:120} INFO - [2023-03-12T15:06:04.516+0000] {dag.py:3340} INFO - Setting next_dagrun for dataset_produces_2 to None, run_after=None
[2023-03-12T15:06:04.533+0000] {processor.py:176} INFO - Processing /home/airflow/.local/lib/python3.7/site-packages/airflow/example_dags/example_datasets.py took 0.174 seconds
[2023-03-12T16:10:43.521+0000] {processor.py:154} INFO - Started process (PID=37229) to work on /home/airflow/.local/lib/python3.7/site-packages/airflow/example_dags/example_datasets.py
[2023-03-12T16:10:43.522+0000] {processor.py:756} INFO - Processing file /home/airflow/.local/lib/python3.7/site-packages/airflow/example_dags/example_datasets.py for tasks to queue
[2023-03-12T16:10:43.523+0000] {logging_mixin.py:120} INFO - [2023-03-12T16:10:43.523+0000] {dagbag.py:537} INFO - Filling up the DagBag from /home/airflow/.local/lib/python3.7/site-packages/airflow/example_dags/example_datasets.py
[2023-03-12T16:10:43.537+0000] {processor.py:766} INFO - DAG(s) dict_keys(['dataset_consumes_1', 'dataset_consumes_unknown_never_scheduled', 'dataset_consumes_1_never_scheduled', 'dataset_produces_2', 'dataset_consumes_1_and_2', 'dataset_produces_1']) retrieved from /home/airflow/.local/lib/python3.7/site-packages/airflow/example_dags/example_datasets.py
[2023-03-12T16:10:43.572+0000] {logging_mixin.py:120} INFO - [2023-03-12T16:10:43.572+0000] {dag.py:2585} INFO - Sync 6 DAGs
[2023-03-12T16:10:43.590+0000] {logging_mixin.py:120} INFO - [2023-03-12T16:10:43.590+0000] {dag.py:3340} INFO - Setting next_dagrun for dataset_consumes_1 to None, run_after=None
[2023-03-12T16:10:43.593+0000] {logging_mixin.py:120} INFO - [2023-03-12T16:10:43.592+0000] {dag.py:3340} INFO - Setting next_dagrun for dataset_consumes_1_and_2 to None, run_after=None
[2023-03-12T16:10:43.594+0000] {logging_mixin.py:120} INFO - [2023-03-12T16:10:43.594+0000] {dag.py:3340} INFO - Setting next_dagrun for dataset_consumes_1_never_scheduled to None, run_after=None
[2023-03-12T16:10:43.595+0000] {logging_mixin.py:120} INFO - [2023-03-12T16:10:43.595+0000] {dag.py:3340} INFO - Setting next_dagrun for dataset_consumes_unknown_never_scheduled to None, run_after=None
[2023-03-12T16:10:43.597+0000] {logging_mixin.py:120} INFO - [2023-03-12T16:10:43.596+0000] {dag.py:3340} INFO - Setting next_dagrun for dataset_produces_1 to 2023-03-11T00:00:00+00:00, run_after=2023-03-12T00:00:00+00:00
[2023-03-12T16:10:43.597+0000] {logging_mixin.py:120} INFO - [2023-03-12T16:10:43.597+0000] {dag.py:3340} INFO - Setting next_dagrun for dataset_produces_2 to None, run_after=None
[2023-03-12T16:10:43.613+0000] {processor.py:176} INFO - Processing /home/airflow/.local/lib/python3.7/site-packages/airflow/example_dags/example_datasets.py took 0.095 seconds
[2023-03-12T17:18:10.471+0000] {processor.py:154} INFO - Started process (PID=37292) to work on /home/airflow/.local/lib/python3.7/site-packages/airflow/example_dags/example_datasets.py
[2023-03-12T17:18:10.473+0000] {processor.py:756} INFO - Processing file /home/airflow/.local/lib/python3.7/site-packages/airflow/example_dags/example_datasets.py for tasks to queue
[2023-03-12T17:18:10.474+0000] {logging_mixin.py:120} INFO - [2023-03-12T17:18:10.474+0000] {dagbag.py:537} INFO - Filling up the DagBag from /home/airflow/.local/lib/python3.7/site-packages/airflow/example_dags/example_datasets.py
[2023-03-12T17:18:10.494+0000] {processor.py:766} INFO - DAG(s) dict_keys(['dataset_consumes_1_and_2', 'dataset_produces_1', 'dataset_consumes_1_never_scheduled', 'dataset_produces_2', 'dataset_consumes_1', 'dataset_consumes_unknown_never_scheduled']) retrieved from /home/airflow/.local/lib/python3.7/site-packages/airflow/example_dags/example_datasets.py
[2023-03-12T17:18:10.529+0000] {logging_mixin.py:120} INFO - [2023-03-12T17:18:10.529+0000] {dag.py:2585} INFO - Sync 6 DAGs
[2023-03-12T17:18:10.545+0000] {logging_mixin.py:120} INFO - [2023-03-12T17:18:10.545+0000] {dag.py:3340} INFO - Setting next_dagrun for dataset_consumes_1 to None, run_after=None
[2023-03-12T17:18:10.548+0000] {logging_mixin.py:120} INFO - [2023-03-12T17:18:10.547+0000] {dag.py:3340} INFO - Setting next_dagrun for dataset_consumes_1_and_2 to None, run_after=None
[2023-03-12T17:18:10.549+0000] {logging_mixin.py:120} INFO - [2023-03-12T17:18:10.549+0000] {dag.py:3340} INFO - Setting next_dagrun for dataset_consumes_1_never_scheduled to None, run_after=None
[2023-03-12T17:18:10.550+0000] {logging_mixin.py:120} INFO - [2023-03-12T17:18:10.550+0000] {dag.py:3340} INFO - Setting next_dagrun for dataset_consumes_unknown_never_scheduled to None, run_after=None
[2023-03-12T17:18:10.552+0000] {logging_mixin.py:120} INFO - [2023-03-12T17:18:10.552+0000] {dag.py:3340} INFO - Setting next_dagrun for dataset_produces_1 to 2023-03-11T00:00:00+00:00, run_after=2023-03-12T00:00:00+00:00
[2023-03-12T17:18:10.553+0000] {logging_mixin.py:120} INFO - [2023-03-12T17:18:10.553+0000] {dag.py:3340} INFO - Setting next_dagrun for dataset_produces_2 to None, run_after=None
[2023-03-12T17:18:10.570+0000] {processor.py:176} INFO - Processing /home/airflow/.local/lib/python3.7/site-packages/airflow/example_dags/example_datasets.py took 0.103 seconds
[2023-03-12T18:23:02.272+0000] {processor.py:154} INFO - Started process (PID=37355) to work on /home/airflow/.local/lib/python3.7/site-packages/airflow/example_dags/example_datasets.py
[2023-03-12T18:23:02.274+0000] {processor.py:756} INFO - Processing file /home/airflow/.local/lib/python3.7/site-packages/airflow/example_dags/example_datasets.py for tasks to queue
[2023-03-12T18:23:02.274+0000] {logging_mixin.py:120} INFO - [2023-03-12T18:23:02.274+0000] {dagbag.py:537} INFO - Filling up the DagBag from /home/airflow/.local/lib/python3.7/site-packages/airflow/example_dags/example_datasets.py
[2023-03-12T18:23:02.304+0000] {processor.py:766} INFO - DAG(s) dict_keys(['dataset_produces_1', 'dataset_consumes_1', 'dataset_consumes_1_never_scheduled', 'dataset_consumes_1_and_2', 'dataset_consumes_unknown_never_scheduled', 'dataset_produces_2']) retrieved from /home/airflow/.local/lib/python3.7/site-packages/airflow/example_dags/example_datasets.py
[2023-03-12T18:23:02.357+0000] {logging_mixin.py:120} INFO - [2023-03-12T18:23:02.357+0000] {dag.py:2585} INFO - Sync 6 DAGs
[2023-03-12T18:23:02.379+0000] {logging_mixin.py:120} INFO - [2023-03-12T18:23:02.379+0000] {dag.py:3340} INFO - Setting next_dagrun for dataset_consumes_1 to None, run_after=None
[2023-03-12T18:23:02.383+0000] {logging_mixin.py:120} INFO - [2023-03-12T18:23:02.383+0000] {dag.py:3340} INFO - Setting next_dagrun for dataset_consumes_1_and_2 to None, run_after=None
[2023-03-12T18:23:02.384+0000] {logging_mixin.py:120} INFO - [2023-03-12T18:23:02.384+0000] {dag.py:3340} INFO - Setting next_dagrun for dataset_consumes_1_never_scheduled to None, run_after=None
[2023-03-12T18:23:02.385+0000] {logging_mixin.py:120} INFO - [2023-03-12T18:23:02.385+0000] {dag.py:3340} INFO - Setting next_dagrun for dataset_consumes_unknown_never_scheduled to None, run_after=None
[2023-03-12T18:23:02.395+0000] {logging_mixin.py:120} INFO - [2023-03-12T18:23:02.395+0000] {dag.py:3340} INFO - Setting next_dagrun for dataset_produces_1 to 2023-03-11T00:00:00+00:00, run_after=2023-03-12T00:00:00+00:00
[2023-03-12T18:23:02.397+0000] {logging_mixin.py:120} INFO - [2023-03-12T18:23:02.397+0000] {dag.py:3340} INFO - Setting next_dagrun for dataset_produces_2 to None, run_after=None
[2023-03-12T18:23:02.414+0000] {processor.py:176} INFO - Processing /home/airflow/.local/lib/python3.7/site-packages/airflow/example_dags/example_datasets.py took 0.145 seconds
[2023-03-12T19:03:55.295+0000] {processor.py:154} INFO - Started process (PID=37418) to work on /home/airflow/.local/lib/python3.7/site-packages/airflow/example_dags/example_datasets.py
[2023-03-12T19:03:55.297+0000] {processor.py:756} INFO - Processing file /home/airflow/.local/lib/python3.7/site-packages/airflow/example_dags/example_datasets.py for tasks to queue
[2023-03-12T19:03:55.301+0000] {logging_mixin.py:120} INFO - [2023-03-12T19:03:55.301+0000] {dagbag.py:537} INFO - Filling up the DagBag from /home/airflow/.local/lib/python3.7/site-packages/airflow/example_dags/example_datasets.py
[2023-03-12T19:03:55.346+0000] {processor.py:766} INFO - DAG(s) dict_keys(['dataset_produces_2', 'dataset_produces_1', 'dataset_consumes_1_and_2', 'dataset_consumes_1_never_scheduled', 'dataset_consumes_unknown_never_scheduled', 'dataset_consumes_1']) retrieved from /home/airflow/.local/lib/python3.7/site-packages/airflow/example_dags/example_datasets.py
[2023-03-12T19:03:55.399+0000] {logging_mixin.py:120} INFO - [2023-03-12T19:03:55.399+0000] {dag.py:2585} INFO - Sync 6 DAGs
[2023-03-12T19:03:55.419+0000] {logging_mixin.py:120} INFO - [2023-03-12T19:03:55.418+0000] {dag.py:3340} INFO - Setting next_dagrun for dataset_consumes_1 to None, run_after=None
[2023-03-12T19:03:55.421+0000] {logging_mixin.py:120} INFO - [2023-03-12T19:03:55.421+0000] {dag.py:3340} INFO - Setting next_dagrun for dataset_consumes_1_and_2 to None, run_after=None
[2023-03-12T19:03:55.422+0000] {logging_mixin.py:120} INFO - [2023-03-12T19:03:55.422+0000] {dag.py:3340} INFO - Setting next_dagrun for dataset_consumes_1_never_scheduled to None, run_after=None
[2023-03-12T19:03:55.426+0000] {logging_mixin.py:120} INFO - [2023-03-12T19:03:55.426+0000] {dag.py:3340} INFO - Setting next_dagrun for dataset_consumes_unknown_never_scheduled to None, run_after=None
[2023-03-12T19:03:55.430+0000] {logging_mixin.py:120} INFO - [2023-03-12T19:03:55.430+0000] {dag.py:3340} INFO - Setting next_dagrun for dataset_produces_1 to 2023-03-11T00:00:00+00:00, run_after=2023-03-12T00:00:00+00:00
[2023-03-12T19:03:55.431+0000] {logging_mixin.py:120} INFO - [2023-03-12T19:03:55.431+0000] {dag.py:3340} INFO - Setting next_dagrun for dataset_produces_2 to None, run_after=None
[2023-03-12T19:03:55.458+0000] {processor.py:176} INFO - Processing /home/airflow/.local/lib/python3.7/site-packages/airflow/example_dags/example_datasets.py took 0.186 seconds
[2023-03-12T20:24:25.244+0000] {processor.py:154} INFO - Started process (PID=37480) to work on /home/airflow/.local/lib/python3.7/site-packages/airflow/example_dags/example_datasets.py
[2023-03-12T20:24:25.245+0000] {processor.py:756} INFO - Processing file /home/airflow/.local/lib/python3.7/site-packages/airflow/example_dags/example_datasets.py for tasks to queue
[2023-03-12T20:24:25.246+0000] {logging_mixin.py:120} INFO - [2023-03-12T20:24:25.246+0000] {dagbag.py:537} INFO - Filling up the DagBag from /home/airflow/.local/lib/python3.7/site-packages/airflow/example_dags/example_datasets.py
[2023-03-12T20:24:25.257+0000] {processor.py:766} INFO - DAG(s) dict_keys(['dataset_produces_1', 'dataset_consumes_1', 'dataset_consumes_unknown_never_scheduled', 'dataset_consumes_1_never_scheduled', 'dataset_consumes_1_and_2', 'dataset_produces_2']) retrieved from /home/airflow/.local/lib/python3.7/site-packages/airflow/example_dags/example_datasets.py
[2023-03-12T20:24:25.292+0000] {logging_mixin.py:120} INFO - [2023-03-12T20:24:25.291+0000] {dag.py:2585} INFO - Sync 6 DAGs
[2023-03-12T20:24:25.307+0000] {logging_mixin.py:120} INFO - [2023-03-12T20:24:25.307+0000] {dag.py:3340} INFO - Setting next_dagrun for dataset_consumes_1 to None, run_after=None
[2023-03-12T20:24:25.310+0000] {logging_mixin.py:120} INFO - [2023-03-12T20:24:25.310+0000] {dag.py:3340} INFO - Setting next_dagrun for dataset_consumes_1_and_2 to None, run_after=None
[2023-03-12T20:24:25.312+0000] {logging_mixin.py:120} INFO - [2023-03-12T20:24:25.312+0000] {dag.py:3340} INFO - Setting next_dagrun for dataset_consumes_1_never_scheduled to None, run_after=None
[2023-03-12T20:24:25.313+0000] {logging_mixin.py:120} INFO - [2023-03-12T20:24:25.313+0000] {dag.py:3340} INFO - Setting next_dagrun for dataset_consumes_unknown_never_scheduled to None, run_after=None
[2023-03-12T20:24:25.315+0000] {logging_mixin.py:120} INFO - [2023-03-12T20:24:25.315+0000] {dag.py:3340} INFO - Setting next_dagrun for dataset_produces_1 to 2023-03-11T00:00:00+00:00, run_after=2023-03-12T00:00:00+00:00
[2023-03-12T20:24:25.316+0000] {logging_mixin.py:120} INFO - [2023-03-12T20:24:25.316+0000] {dag.py:3340} INFO - Setting next_dagrun for dataset_produces_2 to None, run_after=None
[2023-03-12T20:24:25.332+0000] {processor.py:176} INFO - Processing /home/airflow/.local/lib/python3.7/site-packages/airflow/example_dags/example_datasets.py took 0.090 seconds
[2023-03-12T21:28:16.157+0000] {processor.py:154} INFO - Started process (PID=37534) to work on /home/airflow/.local/lib/python3.7/site-packages/airflow/example_dags/example_datasets.py
[2023-03-12T21:28:16.161+0000] {processor.py:756} INFO - Processing file /home/airflow/.local/lib/python3.7/site-packages/airflow/example_dags/example_datasets.py for tasks to queue
[2023-03-12T21:28:16.164+0000] {logging_mixin.py:120} INFO - [2023-03-12T21:28:16.164+0000] {dagbag.py:537} INFO - Filling up the DagBag from /home/airflow/.local/lib/python3.7/site-packages/airflow/example_dags/example_datasets.py
[2023-03-12T21:28:16.193+0000] {processor.py:766} INFO - DAG(s) dict_keys(['dataset_consumes_1_and_2', 'dataset_consumes_1', 'dataset_produces_1', 'dataset_consumes_unknown_never_scheduled', 'dataset_consumes_1_never_scheduled', 'dataset_produces_2']) retrieved from /home/airflow/.local/lib/python3.7/site-packages/airflow/example_dags/example_datasets.py
[2023-03-12T21:28:16.277+0000] {logging_mixin.py:120} INFO - [2023-03-12T21:28:16.277+0000] {dag.py:2585} INFO - Sync 6 DAGs
[2023-03-12T21:28:16.300+0000] {logging_mixin.py:120} INFO - [2023-03-12T21:28:16.300+0000] {dag.py:3340} INFO - Setting next_dagrun for dataset_consumes_1 to None, run_after=None
[2023-03-12T21:28:16.304+0000] {logging_mixin.py:120} INFO - [2023-03-12T21:28:16.303+0000] {dag.py:3340} INFO - Setting next_dagrun for dataset_consumes_1_and_2 to None, run_after=None
[2023-03-12T21:28:16.305+0000] {logging_mixin.py:120} INFO - [2023-03-12T21:28:16.305+0000] {dag.py:3340} INFO - Setting next_dagrun for dataset_consumes_1_never_scheduled to None, run_after=None
[2023-03-12T21:28:16.307+0000] {logging_mixin.py:120} INFO - [2023-03-12T21:28:16.307+0000] {dag.py:3340} INFO - Setting next_dagrun for dataset_consumes_unknown_never_scheduled to None, run_after=None
[2023-03-12T21:28:16.309+0000] {logging_mixin.py:120} INFO - [2023-03-12T21:28:16.308+0000] {dag.py:3340} INFO - Setting next_dagrun for dataset_produces_1 to 2023-03-11T00:00:00+00:00, run_after=2023-03-12T00:00:00+00:00
[2023-03-12T21:28:16.310+0000] {logging_mixin.py:120} INFO - [2023-03-12T21:28:16.310+0000] {dag.py:3340} INFO - Setting next_dagrun for dataset_produces_2 to None, run_after=None
[2023-03-12T21:28:16.334+0000] {processor.py:176} INFO - Processing /home/airflow/.local/lib/python3.7/site-packages/airflow/example_dags/example_datasets.py took 0.180 seconds
[2023-03-12T22:30:16.775+0000] {processor.py:154} INFO - Started process (PID=37598) to work on /home/airflow/.local/lib/python3.7/site-packages/airflow/example_dags/example_datasets.py
[2023-03-12T22:30:16.780+0000] {processor.py:756} INFO - Processing file /home/airflow/.local/lib/python3.7/site-packages/airflow/example_dags/example_datasets.py for tasks to queue
[2023-03-12T22:30:16.782+0000] {logging_mixin.py:120} INFO - [2023-03-12T22:30:16.781+0000] {dagbag.py:537} INFO - Filling up the DagBag from /home/airflow/.local/lib/python3.7/site-packages/airflow/example_dags/example_datasets.py
[2023-03-12T22:30:16.804+0000] {processor.py:766} INFO - DAG(s) dict_keys(['dataset_consumes_1_never_scheduled', 'dataset_consumes_unknown_never_scheduled', 'dataset_produces_1', 'dataset_consumes_1_and_2', 'dataset_produces_2', 'dataset_consumes_1']) retrieved from /home/airflow/.local/lib/python3.7/site-packages/airflow/example_dags/example_datasets.py
[2023-03-12T22:30:16.860+0000] {logging_mixin.py:120} INFO - [2023-03-12T22:30:16.860+0000] {dag.py:2585} INFO - Sync 6 DAGs
[2023-03-12T22:30:16.877+0000] {logging_mixin.py:120} INFO - [2023-03-12T22:30:16.877+0000] {dag.py:3340} INFO - Setting next_dagrun for dataset_consumes_1 to None, run_after=None
[2023-03-12T22:30:16.880+0000] {logging_mixin.py:120} INFO - [2023-03-12T22:30:16.880+0000] {dag.py:3340} INFO - Setting next_dagrun for dataset_consumes_1_and_2 to None, run_after=None
[2023-03-12T22:30:16.882+0000] {logging_mixin.py:120} INFO - [2023-03-12T22:30:16.881+0000] {dag.py:3340} INFO - Setting next_dagrun for dataset_consumes_1_never_scheduled to None, run_after=None
[2023-03-12T22:30:16.883+0000] {logging_mixin.py:120} INFO - [2023-03-12T22:30:16.883+0000] {dag.py:3340} INFO - Setting next_dagrun for dataset_consumes_unknown_never_scheduled to None, run_after=None
[2023-03-12T22:30:16.885+0000] {logging_mixin.py:120} INFO - [2023-03-12T22:30:16.885+0000] {dag.py:3340} INFO - Setting next_dagrun for dataset_produces_1 to 2023-03-11T00:00:00+00:00, run_after=2023-03-12T00:00:00+00:00
[2023-03-12T22:30:16.886+0000] {logging_mixin.py:120} INFO - [2023-03-12T22:30:16.886+0000] {dag.py:3340} INFO - Setting next_dagrun for dataset_produces_2 to None, run_after=None
[2023-03-12T22:30:16.904+0000] {processor.py:176} INFO - Processing /home/airflow/.local/lib/python3.7/site-packages/airflow/example_dags/example_datasets.py took 0.135 seconds
[2023-03-12T23:33:21.328+0000] {processor.py:154} INFO - Started process (PID=37661) to work on /home/airflow/.local/lib/python3.7/site-packages/airflow/example_dags/example_datasets.py
[2023-03-12T23:33:21.333+0000] {processor.py:756} INFO - Processing file /home/airflow/.local/lib/python3.7/site-packages/airflow/example_dags/example_datasets.py for tasks to queue
[2023-03-12T23:33:21.334+0000] {logging_mixin.py:120} INFO - [2023-03-12T23:33:21.334+0000] {dagbag.py:537} INFO - Filling up the DagBag from /home/airflow/.local/lib/python3.7/site-packages/airflow/example_dags/example_datasets.py
[2023-03-12T23:33:21.363+0000] {processor.py:766} INFO - DAG(s) dict_keys(['dataset_consumes_1_never_scheduled', 'dataset_produces_1', 'dataset_consumes_unknown_never_scheduled', 'dataset_produces_2', 'dataset_consumes_1_and_2', 'dataset_consumes_1']) retrieved from /home/airflow/.local/lib/python3.7/site-packages/airflow/example_dags/example_datasets.py
[2023-03-12T23:33:21.432+0000] {logging_mixin.py:120} INFO - [2023-03-12T23:33:21.431+0000] {dag.py:2585} INFO - Sync 6 DAGs
[2023-03-12T23:33:21.456+0000] {logging_mixin.py:120} INFO - [2023-03-12T23:33:21.456+0000] {dag.py:3340} INFO - Setting next_dagrun for dataset_consumes_1 to None, run_after=None
[2023-03-12T23:33:21.460+0000] {logging_mixin.py:120} INFO - [2023-03-12T23:33:21.460+0000] {dag.py:3340} INFO - Setting next_dagrun for dataset_consumes_1_and_2 to None, run_after=None
[2023-03-12T23:33:21.461+0000] {logging_mixin.py:120} INFO - [2023-03-12T23:33:21.461+0000] {dag.py:3340} INFO - Setting next_dagrun for dataset_consumes_1_never_scheduled to None, run_after=None
[2023-03-12T23:33:21.462+0000] {logging_mixin.py:120} INFO - [2023-03-12T23:33:21.462+0000] {dag.py:3340} INFO - Setting next_dagrun for dataset_consumes_unknown_never_scheduled to None, run_after=None
[2023-03-12T23:33:21.463+0000] {logging_mixin.py:120} INFO - [2023-03-12T23:33:21.463+0000] {dag.py:3340} INFO - Setting next_dagrun for dataset_produces_1 to 2023-03-11T00:00:00+00:00, run_after=2023-03-12T00:00:00+00:00
[2023-03-12T23:33:21.467+0000] {logging_mixin.py:120} INFO - [2023-03-12T23:33:21.467+0000] {dag.py:3340} INFO - Setting next_dagrun for dataset_produces_2 to None, run_after=None
[2023-03-12T23:33:21.493+0000] {processor.py:176} INFO - Processing /home/airflow/.local/lib/python3.7/site-packages/airflow/example_dags/example_datasets.py took 0.168 seconds
