[2023-03-12T00:05:11.218+0000] {processor.py:154} INFO - Started process (PID=36384) to work on /home/airflow/.local/lib/python3.7/site-packages/airflow/example_dags/example_complex.py
[2023-03-12T00:05:11.219+0000] {processor.py:756} INFO - Processing file /home/airflow/.local/lib/python3.7/site-packages/airflow/example_dags/example_complex.py for tasks to queue
[2023-03-12T00:05:11.220+0000] {logging_mixin.py:120} INFO - [2023-03-12T00:05:11.220+0000] {dagbag.py:537} INFO - Filling up the DagBag from /home/airflow/.local/lib/python3.7/site-packages/airflow/example_dags/example_complex.py
[2023-03-12T00:05:11.228+0000] {logging_mixin.py:120} INFO - [2023-03-12T00:05:11.228+0000] {taskmixin.py:205} WARNING - Dependency <Task(BashOperator): create_entry_group>, delete_entry_group already registered for DAG: example_complex
[2023-03-12T00:05:11.229+0000] {logging_mixin.py:120} INFO - [2023-03-12T00:05:11.229+0000] {taskmixin.py:205} WARNING - Dependency <Task(BashOperator): delete_entry_group>, create_entry_group already registered for DAG: example_complex
[2023-03-12T00:05:11.229+0000] {logging_mixin.py:120} INFO - [2023-03-12T00:05:11.229+0000] {taskmixin.py:205} WARNING - Dependency <Task(BashOperator): create_entry_gcs>, delete_entry already registered for DAG: example_complex
[2023-03-12T00:05:11.230+0000] {logging_mixin.py:120} INFO - [2023-03-12T00:05:11.230+0000] {taskmixin.py:205} WARNING - Dependency <Task(BashOperator): delete_entry>, create_entry_gcs already registered for DAG: example_complex
[2023-03-12T00:05:11.230+0000] {logging_mixin.py:120} INFO - [2023-03-12T00:05:11.230+0000] {taskmixin.py:205} WARNING - Dependency <Task(BashOperator): create_tag>, delete_tag already registered for DAG: example_complex
[2023-03-12T00:05:11.231+0000] {logging_mixin.py:120} INFO - [2023-03-12T00:05:11.231+0000] {taskmixin.py:205} WARNING - Dependency <Task(BashOperator): delete_tag>, create_tag already registered for DAG: example_complex
[2023-03-12T00:05:11.236+0000] {processor.py:766} INFO - DAG(s) dict_keys(['example_complex']) retrieved from /home/airflow/.local/lib/python3.7/site-packages/airflow/example_dags/example_complex.py
[2023-03-12T00:05:11.267+0000] {logging_mixin.py:120} INFO - [2023-03-12T00:05:11.267+0000] {dag.py:2585} INFO - Sync 1 DAGs
[2023-03-12T00:05:11.281+0000] {logging_mixin.py:120} INFO - [2023-03-12T00:05:11.281+0000] {dag.py:3340} INFO - Setting next_dagrun for example_complex to None, run_after=None
[2023-03-12T00:05:11.292+0000] {processor.py:176} INFO - Processing /home/airflow/.local/lib/python3.7/site-packages/airflow/example_dags/example_complex.py took 0.076 seconds
[2023-03-12T01:11:08.286+0000] {processor.py:154} INFO - Started process (PID=36438) to work on /home/airflow/.local/lib/python3.7/site-packages/airflow/example_dags/example_complex.py
[2023-03-12T01:11:08.287+0000] {processor.py:756} INFO - Processing file /home/airflow/.local/lib/python3.7/site-packages/airflow/example_dags/example_complex.py for tasks to queue
[2023-03-12T01:11:08.288+0000] {logging_mixin.py:120} INFO - [2023-03-12T01:11:08.288+0000] {dagbag.py:537} INFO - Filling up the DagBag from /home/airflow/.local/lib/python3.7/site-packages/airflow/example_dags/example_complex.py
[2023-03-12T01:11:08.297+0000] {logging_mixin.py:120} INFO - [2023-03-12T01:11:08.297+0000] {taskmixin.py:205} WARNING - Dependency <Task(BashOperator): create_entry_group>, delete_entry_group already registered for DAG: example_complex
[2023-03-12T01:11:08.298+0000] {logging_mixin.py:120} INFO - [2023-03-12T01:11:08.298+0000] {taskmixin.py:205} WARNING - Dependency <Task(BashOperator): delete_entry_group>, create_entry_group already registered for DAG: example_complex
[2023-03-12T01:11:08.299+0000] {logging_mixin.py:120} INFO - [2023-03-12T01:11:08.299+0000] {taskmixin.py:205} WARNING - Dependency <Task(BashOperator): create_entry_gcs>, delete_entry already registered for DAG: example_complex
[2023-03-12T01:11:08.299+0000] {logging_mixin.py:120} INFO - [2023-03-12T01:11:08.299+0000] {taskmixin.py:205} WARNING - Dependency <Task(BashOperator): delete_entry>, create_entry_gcs already registered for DAG: example_complex
[2023-03-12T01:11:08.300+0000] {logging_mixin.py:120} INFO - [2023-03-12T01:11:08.300+0000] {taskmixin.py:205} WARNING - Dependency <Task(BashOperator): create_tag>, delete_tag already registered for DAG: example_complex
[2023-03-12T01:11:08.301+0000] {logging_mixin.py:120} INFO - [2023-03-12T01:11:08.301+0000] {taskmixin.py:205} WARNING - Dependency <Task(BashOperator): delete_tag>, create_tag already registered for DAG: example_complex
[2023-03-12T01:11:08.306+0000] {processor.py:766} INFO - DAG(s) dict_keys(['example_complex']) retrieved from /home/airflow/.local/lib/python3.7/site-packages/airflow/example_dags/example_complex.py
[2023-03-12T01:11:08.347+0000] {logging_mixin.py:120} INFO - [2023-03-12T01:11:08.347+0000] {dag.py:2585} INFO - Sync 1 DAGs
[2023-03-12T01:11:08.366+0000] {logging_mixin.py:120} INFO - [2023-03-12T01:11:08.366+0000] {dag.py:3340} INFO - Setting next_dagrun for example_complex to None, run_after=None
[2023-03-12T01:11:08.385+0000] {processor.py:176} INFO - Processing /home/airflow/.local/lib/python3.7/site-packages/airflow/example_dags/example_complex.py took 0.102 seconds
[2023-03-12T02:20:06.299+0000] {processor.py:154} INFO - Started process (PID=36502) to work on /home/airflow/.local/lib/python3.7/site-packages/airflow/example_dags/example_complex.py
[2023-03-12T02:20:06.301+0000] {processor.py:756} INFO - Processing file /home/airflow/.local/lib/python3.7/site-packages/airflow/example_dags/example_complex.py for tasks to queue
[2023-03-12T02:20:06.302+0000] {logging_mixin.py:120} INFO - [2023-03-12T02:20:06.302+0000] {dagbag.py:537} INFO - Filling up the DagBag from /home/airflow/.local/lib/python3.7/site-packages/airflow/example_dags/example_complex.py
[2023-03-12T02:20:06.312+0000] {logging_mixin.py:120} INFO - [2023-03-12T02:20:06.312+0000] {taskmixin.py:205} WARNING - Dependency <Task(BashOperator): create_entry_group>, delete_entry_group already registered for DAG: example_complex
[2023-03-12T02:20:06.312+0000] {logging_mixin.py:120} INFO - [2023-03-12T02:20:06.312+0000] {taskmixin.py:205} WARNING - Dependency <Task(BashOperator): delete_entry_group>, create_entry_group already registered for DAG: example_complex
[2023-03-12T02:20:06.313+0000] {logging_mixin.py:120} INFO - [2023-03-12T02:20:06.313+0000] {taskmixin.py:205} WARNING - Dependency <Task(BashOperator): create_entry_gcs>, delete_entry already registered for DAG: example_complex
[2023-03-12T02:20:06.314+0000] {logging_mixin.py:120} INFO - [2023-03-12T02:20:06.314+0000] {taskmixin.py:205} WARNING - Dependency <Task(BashOperator): delete_entry>, create_entry_gcs already registered for DAG: example_complex
[2023-03-12T02:20:06.314+0000] {logging_mixin.py:120} INFO - [2023-03-12T02:20:06.314+0000] {taskmixin.py:205} WARNING - Dependency <Task(BashOperator): create_tag>, delete_tag already registered for DAG: example_complex
[2023-03-12T02:20:06.315+0000] {logging_mixin.py:120} INFO - [2023-03-12T02:20:06.315+0000] {taskmixin.py:205} WARNING - Dependency <Task(BashOperator): delete_tag>, create_tag already registered for DAG: example_complex
[2023-03-12T02:20:06.321+0000] {processor.py:766} INFO - DAG(s) dict_keys(['example_complex']) retrieved from /home/airflow/.local/lib/python3.7/site-packages/airflow/example_dags/example_complex.py
[2023-03-12T02:20:06.360+0000] {logging_mixin.py:120} INFO - [2023-03-12T02:20:06.359+0000] {dag.py:2585} INFO - Sync 1 DAGs
[2023-03-12T02:20:06.377+0000] {logging_mixin.py:120} INFO - [2023-03-12T02:20:06.377+0000] {dag.py:3340} INFO - Setting next_dagrun for example_complex to None, run_after=None
[2023-03-12T02:20:06.389+0000] {processor.py:176} INFO - Processing /home/airflow/.local/lib/python3.7/site-packages/airflow/example_dags/example_complex.py took 0.094 seconds
[2023-03-12T03:43:51.794+0000] {processor.py:154} INFO - Started process (PID=36565) to work on /home/airflow/.local/lib/python3.7/site-packages/airflow/example_dags/example_complex.py
[2023-03-12T03:43:51.796+0000] {processor.py:756} INFO - Processing file /home/airflow/.local/lib/python3.7/site-packages/airflow/example_dags/example_complex.py for tasks to queue
[2023-03-12T03:43:51.799+0000] {logging_mixin.py:120} INFO - [2023-03-12T03:43:51.799+0000] {dagbag.py:537} INFO - Filling up the DagBag from /home/airflow/.local/lib/python3.7/site-packages/airflow/example_dags/example_complex.py
[2023-03-12T03:43:51.816+0000] {logging_mixin.py:120} INFO - [2023-03-12T03:43:51.815+0000] {taskmixin.py:205} WARNING - Dependency <Task(BashOperator): create_entry_group>, delete_entry_group already registered for DAG: example_complex
[2023-03-12T03:43:51.818+0000] {logging_mixin.py:120} INFO - [2023-03-12T03:43:51.818+0000] {taskmixin.py:205} WARNING - Dependency <Task(BashOperator): delete_entry_group>, create_entry_group already registered for DAG: example_complex
[2023-03-12T03:43:51.818+0000] {logging_mixin.py:120} INFO - [2023-03-12T03:43:51.818+0000] {taskmixin.py:205} WARNING - Dependency <Task(BashOperator): create_entry_gcs>, delete_entry already registered for DAG: example_complex
[2023-03-12T03:43:51.819+0000] {logging_mixin.py:120} INFO - [2023-03-12T03:43:51.819+0000] {taskmixin.py:205} WARNING - Dependency <Task(BashOperator): delete_entry>, create_entry_gcs already registered for DAG: example_complex
[2023-03-12T03:43:51.819+0000] {logging_mixin.py:120} INFO - [2023-03-12T03:43:51.819+0000] {taskmixin.py:205} WARNING - Dependency <Task(BashOperator): create_tag>, delete_tag already registered for DAG: example_complex
[2023-03-12T03:43:51.820+0000] {logging_mixin.py:120} INFO - [2023-03-12T03:43:51.820+0000] {taskmixin.py:205} WARNING - Dependency <Task(BashOperator): delete_tag>, create_tag already registered for DAG: example_complex
[2023-03-12T03:43:51.833+0000] {processor.py:766} INFO - DAG(s) dict_keys(['example_complex']) retrieved from /home/airflow/.local/lib/python3.7/site-packages/airflow/example_dags/example_complex.py
[2023-03-12T03:43:51.904+0000] {logging_mixin.py:120} INFO - [2023-03-12T03:43:51.903+0000] {dag.py:2585} INFO - Sync 1 DAGs
[2023-03-12T03:43:51.936+0000] {logging_mixin.py:120} INFO - [2023-03-12T03:43:51.936+0000] {dag.py:3340} INFO - Setting next_dagrun for example_complex to None, run_after=None
[2023-03-12T03:43:51.974+0000] {processor.py:176} INFO - Processing /home/airflow/.local/lib/python3.7/site-packages/airflow/example_dags/example_complex.py took 0.184 seconds
[2023-03-12T04:47:36.993+0000] {processor.py:154} INFO - Started process (PID=36628) to work on /home/airflow/.local/lib/python3.7/site-packages/airflow/example_dags/example_complex.py
[2023-03-12T04:47:36.994+0000] {processor.py:756} INFO - Processing file /home/airflow/.local/lib/python3.7/site-packages/airflow/example_dags/example_complex.py for tasks to queue
[2023-03-12T04:47:36.995+0000] {logging_mixin.py:120} INFO - [2023-03-12T04:47:36.995+0000] {dagbag.py:537} INFO - Filling up the DagBag from /home/airflow/.local/lib/python3.7/site-packages/airflow/example_dags/example_complex.py
[2023-03-12T04:47:37.004+0000] {logging_mixin.py:120} INFO - [2023-03-12T04:47:37.004+0000] {taskmixin.py:205} WARNING - Dependency <Task(BashOperator): create_entry_group>, delete_entry_group already registered for DAG: example_complex
[2023-03-12T04:47:37.005+0000] {logging_mixin.py:120} INFO - [2023-03-12T04:47:37.005+0000] {taskmixin.py:205} WARNING - Dependency <Task(BashOperator): delete_entry_group>, create_entry_group already registered for DAG: example_complex
[2023-03-12T04:47:37.005+0000] {logging_mixin.py:120} INFO - [2023-03-12T04:47:37.005+0000] {taskmixin.py:205} WARNING - Dependency <Task(BashOperator): create_entry_gcs>, delete_entry already registered for DAG: example_complex
[2023-03-12T04:47:37.006+0000] {logging_mixin.py:120} INFO - [2023-03-12T04:47:37.006+0000] {taskmixin.py:205} WARNING - Dependency <Task(BashOperator): delete_entry>, create_entry_gcs already registered for DAG: example_complex
[2023-03-12T04:47:37.006+0000] {logging_mixin.py:120} INFO - [2023-03-12T04:47:37.006+0000] {taskmixin.py:205} WARNING - Dependency <Task(BashOperator): create_tag>, delete_tag already registered for DAG: example_complex
[2023-03-12T04:47:37.007+0000] {logging_mixin.py:120} INFO - [2023-03-12T04:47:37.007+0000] {taskmixin.py:205} WARNING - Dependency <Task(BashOperator): delete_tag>, create_tag already registered for DAG: example_complex
[2023-03-12T04:47:37.013+0000] {processor.py:766} INFO - DAG(s) dict_keys(['example_complex']) retrieved from /home/airflow/.local/lib/python3.7/site-packages/airflow/example_dags/example_complex.py
[2023-03-12T04:47:37.056+0000] {logging_mixin.py:120} INFO - [2023-03-12T04:47:37.056+0000] {dag.py:2585} INFO - Sync 1 DAGs
[2023-03-12T04:47:37.076+0000] {logging_mixin.py:120} INFO - [2023-03-12T04:47:37.076+0000] {dag.py:3340} INFO - Setting next_dagrun for example_complex to None, run_after=None
[2023-03-12T04:47:37.093+0000] {processor.py:176} INFO - Processing /home/airflow/.local/lib/python3.7/site-packages/airflow/example_dags/example_complex.py took 0.103 seconds
[2023-03-12T05:46:51.001+0000] {processor.py:154} INFO - Started process (PID=36691) to work on /home/airflow/.local/lib/python3.7/site-packages/airflow/example_dags/example_complex.py
[2023-03-12T05:46:51.002+0000] {processor.py:756} INFO - Processing file /home/airflow/.local/lib/python3.7/site-packages/airflow/example_dags/example_complex.py for tasks to queue
[2023-03-12T05:46:51.003+0000] {logging_mixin.py:120} INFO - [2023-03-12T05:46:51.003+0000] {dagbag.py:537} INFO - Filling up the DagBag from /home/airflow/.local/lib/python3.7/site-packages/airflow/example_dags/example_complex.py
[2023-03-12T05:46:51.011+0000] {logging_mixin.py:120} INFO - [2023-03-12T05:46:51.011+0000] {taskmixin.py:205} WARNING - Dependency <Task(BashOperator): create_entry_group>, delete_entry_group already registered for DAG: example_complex
[2023-03-12T05:46:51.012+0000] {logging_mixin.py:120} INFO - [2023-03-12T05:46:51.012+0000] {taskmixin.py:205} WARNING - Dependency <Task(BashOperator): delete_entry_group>, create_entry_group already registered for DAG: example_complex
[2023-03-12T05:46:51.012+0000] {logging_mixin.py:120} INFO - [2023-03-12T05:46:51.012+0000] {taskmixin.py:205} WARNING - Dependency <Task(BashOperator): create_entry_gcs>, delete_entry already registered for DAG: example_complex
[2023-03-12T05:46:51.013+0000] {logging_mixin.py:120} INFO - [2023-03-12T05:46:51.013+0000] {taskmixin.py:205} WARNING - Dependency <Task(BashOperator): delete_entry>, create_entry_gcs already registered for DAG: example_complex
[2023-03-12T05:46:51.016+0000] {logging_mixin.py:120} INFO - [2023-03-12T05:46:51.016+0000] {taskmixin.py:205} WARNING - Dependency <Task(BashOperator): create_tag>, delete_tag already registered for DAG: example_complex
[2023-03-12T05:46:51.017+0000] {logging_mixin.py:120} INFO - [2023-03-12T05:46:51.017+0000] {taskmixin.py:205} WARNING - Dependency <Task(BashOperator): delete_tag>, create_tag already registered for DAG: example_complex
[2023-03-12T05:46:51.026+0000] {processor.py:766} INFO - DAG(s) dict_keys(['example_complex']) retrieved from /home/airflow/.local/lib/python3.7/site-packages/airflow/example_dags/example_complex.py
[2023-03-12T05:46:51.072+0000] {logging_mixin.py:120} INFO - [2023-03-12T05:46:51.071+0000] {dag.py:2585} INFO - Sync 1 DAGs
[2023-03-12T05:46:51.091+0000] {logging_mixin.py:120} INFO - [2023-03-12T05:46:51.090+0000] {dag.py:3340} INFO - Setting next_dagrun for example_complex to None, run_after=None
[2023-03-12T05:46:51.112+0000] {processor.py:176} INFO - Processing /home/airflow/.local/lib/python3.7/site-packages/airflow/example_dags/example_complex.py took 0.114 seconds
[2023-03-12T06:51:38.758+0000] {processor.py:154} INFO - Started process (PID=36745) to work on /home/airflow/.local/lib/python3.7/site-packages/airflow/example_dags/example_complex.py
[2023-03-12T06:51:38.759+0000] {processor.py:756} INFO - Processing file /home/airflow/.local/lib/python3.7/site-packages/airflow/example_dags/example_complex.py for tasks to queue
[2023-03-12T06:51:38.760+0000] {logging_mixin.py:120} INFO - [2023-03-12T06:51:38.760+0000] {dagbag.py:537} INFO - Filling up the DagBag from /home/airflow/.local/lib/python3.7/site-packages/airflow/example_dags/example_complex.py
[2023-03-12T06:51:38.768+0000] {logging_mixin.py:120} INFO - [2023-03-12T06:51:38.767+0000] {taskmixin.py:205} WARNING - Dependency <Task(BashOperator): create_entry_group>, delete_entry_group already registered for DAG: example_complex
[2023-03-12T06:51:38.774+0000] {logging_mixin.py:120} INFO - [2023-03-12T06:51:38.774+0000] {taskmixin.py:205} WARNING - Dependency <Task(BashOperator): delete_entry_group>, create_entry_group already registered for DAG: example_complex
[2023-03-12T06:51:38.774+0000] {logging_mixin.py:120} INFO - [2023-03-12T06:51:38.774+0000] {taskmixin.py:205} WARNING - Dependency <Task(BashOperator): create_entry_gcs>, delete_entry already registered for DAG: example_complex
[2023-03-12T06:51:38.784+0000] {logging_mixin.py:120} INFO - [2023-03-12T06:51:38.784+0000] {taskmixin.py:205} WARNING - Dependency <Task(BashOperator): delete_entry>, create_entry_gcs already registered for DAG: example_complex
[2023-03-12T06:51:38.785+0000] {logging_mixin.py:120} INFO - [2023-03-12T06:51:38.785+0000] {taskmixin.py:205} WARNING - Dependency <Task(BashOperator): create_tag>, delete_tag already registered for DAG: example_complex
[2023-03-12T06:51:38.785+0000] {logging_mixin.py:120} INFO - [2023-03-12T06:51:38.785+0000] {taskmixin.py:205} WARNING - Dependency <Task(BashOperator): delete_tag>, create_tag already registered for DAG: example_complex
[2023-03-12T06:51:38.790+0000] {processor.py:766} INFO - DAG(s) dict_keys(['example_complex']) retrieved from /home/airflow/.local/lib/python3.7/site-packages/airflow/example_dags/example_complex.py
[2023-03-12T06:51:38.845+0000] {logging_mixin.py:120} INFO - [2023-03-12T06:51:38.844+0000] {dag.py:2585} INFO - Sync 1 DAGs
[2023-03-12T06:51:38.865+0000] {logging_mixin.py:120} INFO - [2023-03-12T06:51:38.865+0000] {dag.py:3340} INFO - Setting next_dagrun for example_complex to None, run_after=None
[2023-03-12T06:51:38.882+0000] {processor.py:176} INFO - Processing /home/airflow/.local/lib/python3.7/site-packages/airflow/example_dags/example_complex.py took 0.127 seconds
[2023-03-12T07:59:56.580+0000] {processor.py:154} INFO - Started process (PID=36809) to work on /home/airflow/.local/lib/python3.7/site-packages/airflow/example_dags/example_complex.py
[2023-03-12T07:59:56.585+0000] {processor.py:756} INFO - Processing file /home/airflow/.local/lib/python3.7/site-packages/airflow/example_dags/example_complex.py for tasks to queue
[2023-03-12T07:59:56.586+0000] {logging_mixin.py:120} INFO - [2023-03-12T07:59:56.586+0000] {dagbag.py:537} INFO - Filling up the DagBag from /home/airflow/.local/lib/python3.7/site-packages/airflow/example_dags/example_complex.py
[2023-03-12T07:59:56.603+0000] {logging_mixin.py:120} INFO - [2023-03-12T07:59:56.603+0000] {taskmixin.py:205} WARNING - Dependency <Task(BashOperator): create_entry_group>, delete_entry_group already registered for DAG: example_complex
[2023-03-12T07:59:56.604+0000] {logging_mixin.py:120} INFO - [2023-03-12T07:59:56.604+0000] {taskmixin.py:205} WARNING - Dependency <Task(BashOperator): delete_entry_group>, create_entry_group already registered for DAG: example_complex
[2023-03-12T07:59:56.604+0000] {logging_mixin.py:120} INFO - [2023-03-12T07:59:56.604+0000] {taskmixin.py:205} WARNING - Dependency <Task(BashOperator): create_entry_gcs>, delete_entry already registered for DAG: example_complex
[2023-03-12T07:59:56.605+0000] {logging_mixin.py:120} INFO - [2023-03-12T07:59:56.605+0000] {taskmixin.py:205} WARNING - Dependency <Task(BashOperator): delete_entry>, create_entry_gcs already registered for DAG: example_complex
[2023-03-12T07:59:56.605+0000] {logging_mixin.py:120} INFO - [2023-03-12T07:59:56.605+0000] {taskmixin.py:205} WARNING - Dependency <Task(BashOperator): create_tag>, delete_tag already registered for DAG: example_complex
[2023-03-12T07:59:56.605+0000] {logging_mixin.py:120} INFO - [2023-03-12T07:59:56.605+0000] {taskmixin.py:205} WARNING - Dependency <Task(BashOperator): delete_tag>, create_tag already registered for DAG: example_complex
[2023-03-12T07:59:56.616+0000] {processor.py:766} INFO - DAG(s) dict_keys(['example_complex']) retrieved from /home/airflow/.local/lib/python3.7/site-packages/airflow/example_dags/example_complex.py
[2023-03-12T07:59:56.660+0000] {logging_mixin.py:120} INFO - [2023-03-12T07:59:56.660+0000] {dag.py:2585} INFO - Sync 1 DAGs
[2023-03-12T07:59:56.677+0000] {logging_mixin.py:120} INFO - [2023-03-12T07:59:56.677+0000] {dag.py:3340} INFO - Setting next_dagrun for example_complex to None, run_after=None
[2023-03-12T07:59:56.691+0000] {processor.py:176} INFO - Processing /home/airflow/.local/lib/python3.7/site-packages/airflow/example_dags/example_complex.py took 0.117 seconds
[2023-03-12T09:20:36.390+0000] {processor.py:154} INFO - Started process (PID=36872) to work on /home/airflow/.local/lib/python3.7/site-packages/airflow/example_dags/example_complex.py
[2023-03-12T09:20:36.392+0000] {processor.py:756} INFO - Processing file /home/airflow/.local/lib/python3.7/site-packages/airflow/example_dags/example_complex.py for tasks to queue
[2023-03-12T09:20:36.393+0000] {logging_mixin.py:120} INFO - [2023-03-12T09:20:36.393+0000] {dagbag.py:537} INFO - Filling up the DagBag from /home/airflow/.local/lib/python3.7/site-packages/airflow/example_dags/example_complex.py
[2023-03-12T09:20:36.411+0000] {logging_mixin.py:120} INFO - [2023-03-12T09:20:36.411+0000] {taskmixin.py:205} WARNING - Dependency <Task(BashOperator): create_entry_group>, delete_entry_group already registered for DAG: example_complex
[2023-03-12T09:20:36.412+0000] {logging_mixin.py:120} INFO - [2023-03-12T09:20:36.412+0000] {taskmixin.py:205} WARNING - Dependency <Task(BashOperator): delete_entry_group>, create_entry_group already registered for DAG: example_complex
[2023-03-12T09:20:36.413+0000] {logging_mixin.py:120} INFO - [2023-03-12T09:20:36.413+0000] {taskmixin.py:205} WARNING - Dependency <Task(BashOperator): create_entry_gcs>, delete_entry already registered for DAG: example_complex
[2023-03-12T09:20:36.414+0000] {logging_mixin.py:120} INFO - [2023-03-12T09:20:36.413+0000] {taskmixin.py:205} WARNING - Dependency <Task(BashOperator): delete_entry>, create_entry_gcs already registered for DAG: example_complex
[2023-03-12T09:20:36.414+0000] {logging_mixin.py:120} INFO - [2023-03-12T09:20:36.414+0000] {taskmixin.py:205} WARNING - Dependency <Task(BashOperator): create_tag>, delete_tag already registered for DAG: example_complex
[2023-03-12T09:20:36.415+0000] {logging_mixin.py:120} INFO - [2023-03-12T09:20:36.415+0000] {taskmixin.py:205} WARNING - Dependency <Task(BashOperator): delete_tag>, create_tag already registered for DAG: example_complex
[2023-03-12T09:20:36.429+0000] {processor.py:766} INFO - DAG(s) dict_keys(['example_complex']) retrieved from /home/airflow/.local/lib/python3.7/site-packages/airflow/example_dags/example_complex.py
[2023-03-12T09:20:36.500+0000] {logging_mixin.py:120} INFO - [2023-03-12T09:20:36.500+0000] {dag.py:2585} INFO - Sync 1 DAGs
[2023-03-12T09:20:36.524+0000] {logging_mixin.py:120} INFO - [2023-03-12T09:20:36.524+0000] {dag.py:3340} INFO - Setting next_dagrun for example_complex to None, run_after=None
[2023-03-12T09:20:36.548+0000] {processor.py:176} INFO - Processing /home/airflow/.local/lib/python3.7/site-packages/airflow/example_dags/example_complex.py took 0.166 seconds
[2023-03-12T10:26:30.767+0000] {processor.py:154} INFO - Started process (PID=36935) to work on /home/airflow/.local/lib/python3.7/site-packages/airflow/example_dags/example_complex.py
[2023-03-12T10:26:30.769+0000] {processor.py:756} INFO - Processing file /home/airflow/.local/lib/python3.7/site-packages/airflow/example_dags/example_complex.py for tasks to queue
[2023-03-12T10:26:30.770+0000] {logging_mixin.py:120} INFO - [2023-03-12T10:26:30.769+0000] {dagbag.py:537} INFO - Filling up the DagBag from /home/airflow/.local/lib/python3.7/site-packages/airflow/example_dags/example_complex.py
[2023-03-12T10:26:30.779+0000] {logging_mixin.py:120} INFO - [2023-03-12T10:26:30.779+0000] {taskmixin.py:205} WARNING - Dependency <Task(BashOperator): create_entry_group>, delete_entry_group already registered for DAG: example_complex
[2023-03-12T10:26:30.780+0000] {logging_mixin.py:120} INFO - [2023-03-12T10:26:30.780+0000] {taskmixin.py:205} WARNING - Dependency <Task(BashOperator): delete_entry_group>, create_entry_group already registered for DAG: example_complex
[2023-03-12T10:26:30.780+0000] {logging_mixin.py:120} INFO - [2023-03-12T10:26:30.780+0000] {taskmixin.py:205} WARNING - Dependency <Task(BashOperator): create_entry_gcs>, delete_entry already registered for DAG: example_complex
[2023-03-12T10:26:30.781+0000] {logging_mixin.py:120} INFO - [2023-03-12T10:26:30.781+0000] {taskmixin.py:205} WARNING - Dependency <Task(BashOperator): delete_entry>, create_entry_gcs already registered for DAG: example_complex
[2023-03-12T10:26:30.781+0000] {logging_mixin.py:120} INFO - [2023-03-12T10:26:30.781+0000] {taskmixin.py:205} WARNING - Dependency <Task(BashOperator): create_tag>, delete_tag already registered for DAG: example_complex
[2023-03-12T10:26:30.782+0000] {logging_mixin.py:120} INFO - [2023-03-12T10:26:30.781+0000] {taskmixin.py:205} WARNING - Dependency <Task(BashOperator): delete_tag>, create_tag already registered for DAG: example_complex
[2023-03-12T10:26:30.787+0000] {processor.py:766} INFO - DAG(s) dict_keys(['example_complex']) retrieved from /home/airflow/.local/lib/python3.7/site-packages/airflow/example_dags/example_complex.py
[2023-03-12T10:26:30.820+0000] {logging_mixin.py:120} INFO - [2023-03-12T10:26:30.820+0000] {dag.py:2585} INFO - Sync 1 DAGs
[2023-03-12T10:26:30.835+0000] {logging_mixin.py:120} INFO - [2023-03-12T10:26:30.834+0000] {dag.py:3340} INFO - Setting next_dagrun for example_complex to None, run_after=None
[2023-03-12T10:26:30.862+0000] {processor.py:176} INFO - Processing /home/airflow/.local/lib/python3.7/site-packages/airflow/example_dags/example_complex.py took 0.097 seconds
[2023-03-12T11:32:25.672+0000] {processor.py:154} INFO - Started process (PID=36989) to work on /home/airflow/.local/lib/python3.7/site-packages/airflow/example_dags/example_complex.py
[2023-03-12T11:32:25.673+0000] {processor.py:756} INFO - Processing file /home/airflow/.local/lib/python3.7/site-packages/airflow/example_dags/example_complex.py for tasks to queue
[2023-03-12T11:32:25.674+0000] {logging_mixin.py:120} INFO - [2023-03-12T11:32:25.674+0000] {dagbag.py:537} INFO - Filling up the DagBag from /home/airflow/.local/lib/python3.7/site-packages/airflow/example_dags/example_complex.py
[2023-03-12T11:32:25.681+0000] {logging_mixin.py:120} INFO - [2023-03-12T11:32:25.681+0000] {taskmixin.py:205} WARNING - Dependency <Task(BashOperator): create_entry_group>, delete_entry_group already registered for DAG: example_complex
[2023-03-12T11:32:25.682+0000] {logging_mixin.py:120} INFO - [2023-03-12T11:32:25.682+0000] {taskmixin.py:205} WARNING - Dependency <Task(BashOperator): delete_entry_group>, create_entry_group already registered for DAG: example_complex
[2023-03-12T11:32:25.682+0000] {logging_mixin.py:120} INFO - [2023-03-12T11:32:25.682+0000] {taskmixin.py:205} WARNING - Dependency <Task(BashOperator): create_entry_gcs>, delete_entry already registered for DAG: example_complex
[2023-03-12T11:32:25.683+0000] {logging_mixin.py:120} INFO - [2023-03-12T11:32:25.683+0000] {taskmixin.py:205} WARNING - Dependency <Task(BashOperator): delete_entry>, create_entry_gcs already registered for DAG: example_complex
[2023-03-12T11:32:25.683+0000] {logging_mixin.py:120} INFO - [2023-03-12T11:32:25.683+0000] {taskmixin.py:205} WARNING - Dependency <Task(BashOperator): create_tag>, delete_tag already registered for DAG: example_complex
[2023-03-12T11:32:25.684+0000] {logging_mixin.py:120} INFO - [2023-03-12T11:32:25.684+0000] {taskmixin.py:205} WARNING - Dependency <Task(BashOperator): delete_tag>, create_tag already registered for DAG: example_complex
[2023-03-12T11:32:25.689+0000] {processor.py:766} INFO - DAG(s) dict_keys(['example_complex']) retrieved from /home/airflow/.local/lib/python3.7/site-packages/airflow/example_dags/example_complex.py
[2023-03-12T11:32:25.722+0000] {logging_mixin.py:120} INFO - [2023-03-12T11:32:25.721+0000] {dag.py:2585} INFO - Sync 1 DAGs
[2023-03-12T11:32:25.736+0000] {logging_mixin.py:120} INFO - [2023-03-12T11:32:25.736+0000] {dag.py:3340} INFO - Setting next_dagrun for example_complex to None, run_after=None
[2023-03-12T11:32:25.749+0000] {processor.py:176} INFO - Processing /home/airflow/.local/lib/python3.7/site-packages/airflow/example_dags/example_complex.py took 0.079 seconds
[2023-03-12T12:40:38.375+0000] {processor.py:154} INFO - Started process (PID=37052) to work on /home/airflow/.local/lib/python3.7/site-packages/airflow/example_dags/example_complex.py
[2023-03-12T12:40:38.377+0000] {processor.py:756} INFO - Processing file /home/airflow/.local/lib/python3.7/site-packages/airflow/example_dags/example_complex.py for tasks to queue
[2023-03-12T12:40:38.378+0000] {logging_mixin.py:120} INFO - [2023-03-12T12:40:38.377+0000] {dagbag.py:537} INFO - Filling up the DagBag from /home/airflow/.local/lib/python3.7/site-packages/airflow/example_dags/example_complex.py
[2023-03-12T12:40:38.391+0000] {logging_mixin.py:120} INFO - [2023-03-12T12:40:38.391+0000] {taskmixin.py:205} WARNING - Dependency <Task(BashOperator): create_entry_group>, delete_entry_group already registered for DAG: example_complex
[2023-03-12T12:40:38.392+0000] {logging_mixin.py:120} INFO - [2023-03-12T12:40:38.392+0000] {taskmixin.py:205} WARNING - Dependency <Task(BashOperator): delete_entry_group>, create_entry_group already registered for DAG: example_complex
[2023-03-12T12:40:38.393+0000] {logging_mixin.py:120} INFO - [2023-03-12T12:40:38.393+0000] {taskmixin.py:205} WARNING - Dependency <Task(BashOperator): create_entry_gcs>, delete_entry already registered for DAG: example_complex
[2023-03-12T12:40:38.393+0000] {logging_mixin.py:120} INFO - [2023-03-12T12:40:38.393+0000] {taskmixin.py:205} WARNING - Dependency <Task(BashOperator): delete_entry>, create_entry_gcs already registered for DAG: example_complex
[2023-03-12T12:40:38.394+0000] {logging_mixin.py:120} INFO - [2023-03-12T12:40:38.394+0000] {taskmixin.py:205} WARNING - Dependency <Task(BashOperator): create_tag>, delete_tag already registered for DAG: example_complex
[2023-03-12T12:40:38.394+0000] {logging_mixin.py:120} INFO - [2023-03-12T12:40:38.394+0000] {taskmixin.py:205} WARNING - Dependency <Task(BashOperator): delete_tag>, create_tag already registered for DAG: example_complex
[2023-03-12T12:40:38.407+0000] {processor.py:766} INFO - DAG(s) dict_keys(['example_complex']) retrieved from /home/airflow/.local/lib/python3.7/site-packages/airflow/example_dags/example_complex.py
[2023-03-12T12:40:38.472+0000] {logging_mixin.py:120} INFO - [2023-03-12T12:40:38.472+0000] {dag.py:2585} INFO - Sync 1 DAGs
[2023-03-12T12:40:38.867+0000] {logging_mixin.py:120} INFO - [2023-03-12T12:40:38.867+0000] {dag.py:3340} INFO - Setting next_dagrun for example_complex to None, run_after=None
[2023-03-12T12:40:38.958+0000] {processor.py:176} INFO - Processing /home/airflow/.local/lib/python3.7/site-packages/airflow/example_dags/example_complex.py took 0.588 seconds
[2023-03-12T13:59:46.873+0000] {processor.py:154} INFO - Started process (PID=37115) to work on /home/airflow/.local/lib/python3.7/site-packages/airflow/example_dags/example_complex.py
[2023-03-12T13:59:46.876+0000] {processor.py:756} INFO - Processing file /home/airflow/.local/lib/python3.7/site-packages/airflow/example_dags/example_complex.py for tasks to queue
[2023-03-12T13:59:46.879+0000] {logging_mixin.py:120} INFO - [2023-03-12T13:59:46.878+0000] {dagbag.py:537} INFO - Filling up the DagBag from /home/airflow/.local/lib/python3.7/site-packages/airflow/example_dags/example_complex.py
[2023-03-12T13:59:46.900+0000] {logging_mixin.py:120} INFO - [2023-03-12T13:59:46.900+0000] {taskmixin.py:205} WARNING - Dependency <Task(BashOperator): create_entry_group>, delete_entry_group already registered for DAG: example_complex
[2023-03-12T13:59:46.901+0000] {logging_mixin.py:120} INFO - [2023-03-12T13:59:46.901+0000] {taskmixin.py:205} WARNING - Dependency <Task(BashOperator): delete_entry_group>, create_entry_group already registered for DAG: example_complex
[2023-03-12T13:59:46.902+0000] {logging_mixin.py:120} INFO - [2023-03-12T13:59:46.902+0000] {taskmixin.py:205} WARNING - Dependency <Task(BashOperator): create_entry_gcs>, delete_entry already registered for DAG: example_complex
[2023-03-12T13:59:46.902+0000] {logging_mixin.py:120} INFO - [2023-03-12T13:59:46.902+0000] {taskmixin.py:205} WARNING - Dependency <Task(BashOperator): delete_entry>, create_entry_gcs already registered for DAG: example_complex
[2023-03-12T13:59:46.903+0000] {logging_mixin.py:120} INFO - [2023-03-12T13:59:46.903+0000] {taskmixin.py:205} WARNING - Dependency <Task(BashOperator): create_tag>, delete_tag already registered for DAG: example_complex
[2023-03-12T13:59:46.903+0000] {logging_mixin.py:120} INFO - [2023-03-12T13:59:46.903+0000] {taskmixin.py:205} WARNING - Dependency <Task(BashOperator): delete_tag>, create_tag already registered for DAG: example_complex
[2023-03-12T13:59:46.920+0000] {processor.py:766} INFO - DAG(s) dict_keys(['example_complex']) retrieved from /home/airflow/.local/lib/python3.7/site-packages/airflow/example_dags/example_complex.py
[2023-03-12T13:59:46.995+0000] {logging_mixin.py:120} INFO - [2023-03-12T13:59:46.995+0000] {dag.py:2585} INFO - Sync 1 DAGs
[2023-03-12T13:59:47.030+0000] {logging_mixin.py:120} INFO - [2023-03-12T13:59:47.030+0000] {dag.py:3340} INFO - Setting next_dagrun for example_complex to None, run_after=None
[2023-03-12T13:59:47.062+0000] {processor.py:176} INFO - Processing /home/airflow/.local/lib/python3.7/site-packages/airflow/example_dags/example_complex.py took 0.203 seconds
[2023-03-12T15:06:04.841+0000] {processor.py:154} INFO - Started process (PID=37178) to work on /home/airflow/.local/lib/python3.7/site-packages/airflow/example_dags/example_complex.py
[2023-03-12T15:06:04.843+0000] {processor.py:756} INFO - Processing file /home/airflow/.local/lib/python3.7/site-packages/airflow/example_dags/example_complex.py for tasks to queue
[2023-03-12T15:06:04.844+0000] {logging_mixin.py:120} INFO - [2023-03-12T15:06:04.844+0000] {dagbag.py:537} INFO - Filling up the DagBag from /home/airflow/.local/lib/python3.7/site-packages/airflow/example_dags/example_complex.py
[2023-03-12T15:06:04.862+0000] {logging_mixin.py:120} INFO - [2023-03-12T15:06:04.862+0000] {taskmixin.py:205} WARNING - Dependency <Task(BashOperator): create_entry_group>, delete_entry_group already registered for DAG: example_complex
[2023-03-12T15:06:04.863+0000] {logging_mixin.py:120} INFO - [2023-03-12T15:06:04.863+0000] {taskmixin.py:205} WARNING - Dependency <Task(BashOperator): delete_entry_group>, create_entry_group already registered for DAG: example_complex
[2023-03-12T15:06:04.863+0000] {logging_mixin.py:120} INFO - [2023-03-12T15:06:04.863+0000] {taskmixin.py:205} WARNING - Dependency <Task(BashOperator): create_entry_gcs>, delete_entry already registered for DAG: example_complex
[2023-03-12T15:06:04.863+0000] {logging_mixin.py:120} INFO - [2023-03-12T15:06:04.863+0000] {taskmixin.py:205} WARNING - Dependency <Task(BashOperator): delete_entry>, create_entry_gcs already registered for DAG: example_complex
[2023-03-12T15:06:04.864+0000] {logging_mixin.py:120} INFO - [2023-03-12T15:06:04.864+0000] {taskmixin.py:205} WARNING - Dependency <Task(BashOperator): create_tag>, delete_tag already registered for DAG: example_complex
[2023-03-12T15:06:04.864+0000] {logging_mixin.py:120} INFO - [2023-03-12T15:06:04.864+0000] {taskmixin.py:205} WARNING - Dependency <Task(BashOperator): delete_tag>, create_tag already registered for DAG: example_complex
[2023-03-12T15:06:04.869+0000] {processor.py:766} INFO - DAG(s) dict_keys(['example_complex']) retrieved from /home/airflow/.local/lib/python3.7/site-packages/airflow/example_dags/example_complex.py
[2023-03-12T15:06:04.907+0000] {logging_mixin.py:120} INFO - [2023-03-12T15:06:04.907+0000] {dag.py:2585} INFO - Sync 1 DAGs
[2023-03-12T15:06:04.929+0000] {logging_mixin.py:120} INFO - [2023-03-12T15:06:04.929+0000] {dag.py:3340} INFO - Setting next_dagrun for example_complex to None, run_after=None
[2023-03-12T15:06:04.944+0000] {processor.py:176} INFO - Processing /home/airflow/.local/lib/python3.7/site-packages/airflow/example_dags/example_complex.py took 0.107 seconds
[2023-03-12T16:10:43.828+0000] {processor.py:154} INFO - Started process (PID=37242) to work on /home/airflow/.local/lib/python3.7/site-packages/airflow/example_dags/example_complex.py
[2023-03-12T16:10:43.829+0000] {processor.py:756} INFO - Processing file /home/airflow/.local/lib/python3.7/site-packages/airflow/example_dags/example_complex.py for tasks to queue
[2023-03-12T16:10:43.830+0000] {logging_mixin.py:120} INFO - [2023-03-12T16:10:43.830+0000] {dagbag.py:537} INFO - Filling up the DagBag from /home/airflow/.local/lib/python3.7/site-packages/airflow/example_dags/example_complex.py
[2023-03-12T16:10:43.840+0000] {logging_mixin.py:120} INFO - [2023-03-12T16:10:43.840+0000] {taskmixin.py:205} WARNING - Dependency <Task(BashOperator): create_entry_group>, delete_entry_group already registered for DAG: example_complex
[2023-03-12T16:10:43.841+0000] {logging_mixin.py:120} INFO - [2023-03-12T16:10:43.841+0000] {taskmixin.py:205} WARNING - Dependency <Task(BashOperator): delete_entry_group>, create_entry_group already registered for DAG: example_complex
[2023-03-12T16:10:43.841+0000] {logging_mixin.py:120} INFO - [2023-03-12T16:10:43.841+0000] {taskmixin.py:205} WARNING - Dependency <Task(BashOperator): create_entry_gcs>, delete_entry already registered for DAG: example_complex
[2023-03-12T16:10:43.842+0000] {logging_mixin.py:120} INFO - [2023-03-12T16:10:43.842+0000] {taskmixin.py:205} WARNING - Dependency <Task(BashOperator): delete_entry>, create_entry_gcs already registered for DAG: example_complex
[2023-03-12T16:10:43.843+0000] {logging_mixin.py:120} INFO - [2023-03-12T16:10:43.842+0000] {taskmixin.py:205} WARNING - Dependency <Task(BashOperator): create_tag>, delete_tag already registered for DAG: example_complex
[2023-03-12T16:10:43.843+0000] {logging_mixin.py:120} INFO - [2023-03-12T16:10:43.843+0000] {taskmixin.py:205} WARNING - Dependency <Task(BashOperator): delete_tag>, create_tag already registered for DAG: example_complex
[2023-03-12T16:10:43.849+0000] {processor.py:766} INFO - DAG(s) dict_keys(['example_complex']) retrieved from /home/airflow/.local/lib/python3.7/site-packages/airflow/example_dags/example_complex.py
[2023-03-12T16:10:43.923+0000] {logging_mixin.py:120} INFO - [2023-03-12T16:10:43.923+0000] {dag.py:2585} INFO - Sync 1 DAGs
[2023-03-12T16:10:43.958+0000] {logging_mixin.py:120} INFO - [2023-03-12T16:10:43.958+0000] {dag.py:3340} INFO - Setting next_dagrun for example_complex to None, run_after=None
[2023-03-12T16:10:44.000+0000] {processor.py:176} INFO - Processing /home/airflow/.local/lib/python3.7/site-packages/airflow/example_dags/example_complex.py took 0.174 seconds
[2023-03-12T17:18:10.710+0000] {processor.py:154} INFO - Started process (PID=37296) to work on /home/airflow/.local/lib/python3.7/site-packages/airflow/example_dags/example_complex.py
[2023-03-12T17:18:10.713+0000] {processor.py:756} INFO - Processing file /home/airflow/.local/lib/python3.7/site-packages/airflow/example_dags/example_complex.py for tasks to queue
[2023-03-12T17:18:10.721+0000] {logging_mixin.py:120} INFO - [2023-03-12T17:18:10.720+0000] {dagbag.py:537} INFO - Filling up the DagBag from /home/airflow/.local/lib/python3.7/site-packages/airflow/example_dags/example_complex.py
[2023-03-12T17:18:10.735+0000] {logging_mixin.py:120} INFO - [2023-03-12T17:18:10.734+0000] {taskmixin.py:205} WARNING - Dependency <Task(BashOperator): create_entry_group>, delete_entry_group already registered for DAG: example_complex
[2023-03-12T17:18:10.739+0000] {logging_mixin.py:120} INFO - [2023-03-12T17:18:10.739+0000] {taskmixin.py:205} WARNING - Dependency <Task(BashOperator): delete_entry_group>, create_entry_group already registered for DAG: example_complex
[2023-03-12T17:18:10.740+0000] {logging_mixin.py:120} INFO - [2023-03-12T17:18:10.740+0000] {taskmixin.py:205} WARNING - Dependency <Task(BashOperator): create_entry_gcs>, delete_entry already registered for DAG: example_complex
[2023-03-12T17:18:10.741+0000] {logging_mixin.py:120} INFO - [2023-03-12T17:18:10.741+0000] {taskmixin.py:205} WARNING - Dependency <Task(BashOperator): delete_entry>, create_entry_gcs already registered for DAG: example_complex
[2023-03-12T17:18:10.741+0000] {logging_mixin.py:120} INFO - [2023-03-12T17:18:10.741+0000] {taskmixin.py:205} WARNING - Dependency <Task(BashOperator): create_tag>, delete_tag already registered for DAG: example_complex
[2023-03-12T17:18:10.742+0000] {logging_mixin.py:120} INFO - [2023-03-12T17:18:10.742+0000] {taskmixin.py:205} WARNING - Dependency <Task(BashOperator): delete_tag>, create_tag already registered for DAG: example_complex
[2023-03-12T17:18:10.747+0000] {processor.py:766} INFO - DAG(s) dict_keys(['example_complex']) retrieved from /home/airflow/.local/lib/python3.7/site-packages/airflow/example_dags/example_complex.py
[2023-03-12T17:18:10.793+0000] {logging_mixin.py:120} INFO - [2023-03-12T17:18:10.793+0000] {dag.py:2585} INFO - Sync 1 DAGs
[2023-03-12T17:18:10.813+0000] {logging_mixin.py:120} INFO - [2023-03-12T17:18:10.813+0000] {dag.py:3340} INFO - Setting next_dagrun for example_complex to None, run_after=None
[2023-03-12T17:18:10.832+0000] {processor.py:176} INFO - Processing /home/airflow/.local/lib/python3.7/site-packages/airflow/example_dags/example_complex.py took 0.125 seconds
[2023-03-12T18:23:02.630+0000] {processor.py:154} INFO - Started process (PID=37359) to work on /home/airflow/.local/lib/python3.7/site-packages/airflow/example_dags/example_complex.py
[2023-03-12T18:23:02.636+0000] {processor.py:756} INFO - Processing file /home/airflow/.local/lib/python3.7/site-packages/airflow/example_dags/example_complex.py for tasks to queue
[2023-03-12T18:23:02.637+0000] {logging_mixin.py:120} INFO - [2023-03-12T18:23:02.637+0000] {dagbag.py:537} INFO - Filling up the DagBag from /home/airflow/.local/lib/python3.7/site-packages/airflow/example_dags/example_complex.py
[2023-03-12T18:23:02.653+0000] {logging_mixin.py:120} INFO - [2023-03-12T18:23:02.653+0000] {taskmixin.py:205} WARNING - Dependency <Task(BashOperator): create_entry_group>, delete_entry_group already registered for DAG: example_complex
[2023-03-12T18:23:02.653+0000] {logging_mixin.py:120} INFO - [2023-03-12T18:23:02.653+0000] {taskmixin.py:205} WARNING - Dependency <Task(BashOperator): delete_entry_group>, create_entry_group already registered for DAG: example_complex
[2023-03-12T18:23:02.654+0000] {logging_mixin.py:120} INFO - [2023-03-12T18:23:02.654+0000] {taskmixin.py:205} WARNING - Dependency <Task(BashOperator): create_entry_gcs>, delete_entry already registered for DAG: example_complex
[2023-03-12T18:23:02.654+0000] {logging_mixin.py:120} INFO - [2023-03-12T18:23:02.654+0000] {taskmixin.py:205} WARNING - Dependency <Task(BashOperator): delete_entry>, create_entry_gcs already registered for DAG: example_complex
[2023-03-12T18:23:02.655+0000] {logging_mixin.py:120} INFO - [2023-03-12T18:23:02.655+0000] {taskmixin.py:205} WARNING - Dependency <Task(BashOperator): create_tag>, delete_tag already registered for DAG: example_complex
[2023-03-12T18:23:02.655+0000] {logging_mixin.py:120} INFO - [2023-03-12T18:23:02.655+0000] {taskmixin.py:205} WARNING - Dependency <Task(BashOperator): delete_tag>, create_tag already registered for DAG: example_complex
[2023-03-12T18:23:02.661+0000] {processor.py:766} INFO - DAG(s) dict_keys(['example_complex']) retrieved from /home/airflow/.local/lib/python3.7/site-packages/airflow/example_dags/example_complex.py
[2023-03-12T18:23:02.724+0000] {logging_mixin.py:120} INFO - [2023-03-12T18:23:02.724+0000] {dag.py:2585} INFO - Sync 1 DAGs
[2023-03-12T18:23:02.747+0000] {logging_mixin.py:120} INFO - [2023-03-12T18:23:02.747+0000] {dag.py:3340} INFO - Setting next_dagrun for example_complex to None, run_after=None
[2023-03-12T18:23:02.764+0000] {processor.py:176} INFO - Processing /home/airflow/.local/lib/python3.7/site-packages/airflow/example_dags/example_complex.py took 0.139 seconds
[2023-03-12T19:03:56.044+0000] {processor.py:154} INFO - Started process (PID=37422) to work on /home/airflow/.local/lib/python3.7/site-packages/airflow/example_dags/example_complex.py
[2023-03-12T19:03:56.057+0000] {processor.py:756} INFO - Processing file /home/airflow/.local/lib/python3.7/site-packages/airflow/example_dags/example_complex.py for tasks to queue
[2023-03-12T19:03:56.059+0000] {logging_mixin.py:120} INFO - [2023-03-12T19:03:56.059+0000] {dagbag.py:537} INFO - Filling up the DagBag from /home/airflow/.local/lib/python3.7/site-packages/airflow/example_dags/example_complex.py
[2023-03-12T19:03:56.074+0000] {logging_mixin.py:120} INFO - [2023-03-12T19:03:56.074+0000] {taskmixin.py:205} WARNING - Dependency <Task(BashOperator): create_entry_group>, delete_entry_group already registered for DAG: example_complex
[2023-03-12T19:03:56.076+0000] {logging_mixin.py:120} INFO - [2023-03-12T19:03:56.076+0000] {taskmixin.py:205} WARNING - Dependency <Task(BashOperator): delete_entry_group>, create_entry_group already registered for DAG: example_complex
[2023-03-12T19:03:56.077+0000] {logging_mixin.py:120} INFO - [2023-03-12T19:03:56.077+0000] {taskmixin.py:205} WARNING - Dependency <Task(BashOperator): create_entry_gcs>, delete_entry already registered for DAG: example_complex
[2023-03-12T19:03:56.078+0000] {logging_mixin.py:120} INFO - [2023-03-12T19:03:56.077+0000] {taskmixin.py:205} WARNING - Dependency <Task(BashOperator): delete_entry>, create_entry_gcs already registered for DAG: example_complex
[2023-03-12T19:03:56.079+0000] {logging_mixin.py:120} INFO - [2023-03-12T19:03:56.079+0000] {taskmixin.py:205} WARNING - Dependency <Task(BashOperator): create_tag>, delete_tag already registered for DAG: example_complex
[2023-03-12T19:03:56.080+0000] {logging_mixin.py:120} INFO - [2023-03-12T19:03:56.080+0000] {taskmixin.py:205} WARNING - Dependency <Task(BashOperator): delete_tag>, create_tag already registered for DAG: example_complex
[2023-03-12T19:03:56.092+0000] {processor.py:766} INFO - DAG(s) dict_keys(['example_complex']) retrieved from /home/airflow/.local/lib/python3.7/site-packages/airflow/example_dags/example_complex.py
[2023-03-12T19:03:56.129+0000] {logging_mixin.py:120} INFO - [2023-03-12T19:03:56.129+0000] {dag.py:2585} INFO - Sync 1 DAGs
[2023-03-12T19:03:56.144+0000] {logging_mixin.py:120} INFO - [2023-03-12T19:03:56.144+0000] {dag.py:3340} INFO - Setting next_dagrun for example_complex to None, run_after=None
[2023-03-12T19:03:56.165+0000] {processor.py:176} INFO - Processing /home/airflow/.local/lib/python3.7/site-packages/airflow/example_dags/example_complex.py took 0.144 seconds
[2023-03-12T20:24:25.562+0000] {processor.py:154} INFO - Started process (PID=37484) to work on /home/airflow/.local/lib/python3.7/site-packages/airflow/example_dags/example_complex.py
[2023-03-12T20:24:25.563+0000] {processor.py:756} INFO - Processing file /home/airflow/.local/lib/python3.7/site-packages/airflow/example_dags/example_complex.py for tasks to queue
[2023-03-12T20:24:25.564+0000] {logging_mixin.py:120} INFO - [2023-03-12T20:24:25.564+0000] {dagbag.py:537} INFO - Filling up the DagBag from /home/airflow/.local/lib/python3.7/site-packages/airflow/example_dags/example_complex.py
[2023-03-12T20:24:25.572+0000] {logging_mixin.py:120} INFO - [2023-03-12T20:24:25.572+0000] {taskmixin.py:205} WARNING - Dependency <Task(BashOperator): create_entry_group>, delete_entry_group already registered for DAG: example_complex
[2023-03-12T20:24:25.573+0000] {logging_mixin.py:120} INFO - [2023-03-12T20:24:25.572+0000] {taskmixin.py:205} WARNING - Dependency <Task(BashOperator): delete_entry_group>, create_entry_group already registered for DAG: example_complex
[2023-03-12T20:24:25.573+0000] {logging_mixin.py:120} INFO - [2023-03-12T20:24:25.573+0000] {taskmixin.py:205} WARNING - Dependency <Task(BashOperator): create_entry_gcs>, delete_entry already registered for DAG: example_complex
[2023-03-12T20:24:25.574+0000] {logging_mixin.py:120} INFO - [2023-03-12T20:24:25.574+0000] {taskmixin.py:205} WARNING - Dependency <Task(BashOperator): delete_entry>, create_entry_gcs already registered for DAG: example_complex
[2023-03-12T20:24:25.575+0000] {logging_mixin.py:120} INFO - [2023-03-12T20:24:25.574+0000] {taskmixin.py:205} WARNING - Dependency <Task(BashOperator): create_tag>, delete_tag already registered for DAG: example_complex
[2023-03-12T20:24:25.575+0000] {logging_mixin.py:120} INFO - [2023-03-12T20:24:25.575+0000] {taskmixin.py:205} WARNING - Dependency <Task(BashOperator): delete_tag>, create_tag already registered for DAG: example_complex
[2023-03-12T20:24:25.581+0000] {processor.py:766} INFO - DAG(s) dict_keys(['example_complex']) retrieved from /home/airflow/.local/lib/python3.7/site-packages/airflow/example_dags/example_complex.py
[2023-03-12T20:24:25.610+0000] {logging_mixin.py:120} INFO - [2023-03-12T20:24:25.610+0000] {dag.py:2585} INFO - Sync 1 DAGs
[2023-03-12T20:24:25.624+0000] {logging_mixin.py:120} INFO - [2023-03-12T20:24:25.624+0000] {dag.py:3340} INFO - Setting next_dagrun for example_complex to None, run_after=None
[2023-03-12T20:24:25.637+0000] {processor.py:176} INFO - Processing /home/airflow/.local/lib/python3.7/site-packages/airflow/example_dags/example_complex.py took 0.078 seconds
[2023-03-12T21:28:16.484+0000] {processor.py:154} INFO - Started process (PID=37538) to work on /home/airflow/.local/lib/python3.7/site-packages/airflow/example_dags/example_complex.py
[2023-03-12T21:28:16.488+0000] {processor.py:756} INFO - Processing file /home/airflow/.local/lib/python3.7/site-packages/airflow/example_dags/example_complex.py for tasks to queue
[2023-03-12T21:28:16.490+0000] {logging_mixin.py:120} INFO - [2023-03-12T21:28:16.490+0000] {dagbag.py:537} INFO - Filling up the DagBag from /home/airflow/.local/lib/python3.7/site-packages/airflow/example_dags/example_complex.py
[2023-03-12T21:28:16.511+0000] {logging_mixin.py:120} INFO - [2023-03-12T21:28:16.511+0000] {taskmixin.py:205} WARNING - Dependency <Task(BashOperator): create_entry_group>, delete_entry_group already registered for DAG: example_complex
[2023-03-12T21:28:16.514+0000] {logging_mixin.py:120} INFO - [2023-03-12T21:28:16.514+0000] {taskmixin.py:205} WARNING - Dependency <Task(BashOperator): delete_entry_group>, create_entry_group already registered for DAG: example_complex
[2023-03-12T21:28:16.515+0000] {logging_mixin.py:120} INFO - [2023-03-12T21:28:16.515+0000] {taskmixin.py:205} WARNING - Dependency <Task(BashOperator): create_entry_gcs>, delete_entry already registered for DAG: example_complex
[2023-03-12T21:28:16.516+0000] {logging_mixin.py:120} INFO - [2023-03-12T21:28:16.516+0000] {taskmixin.py:205} WARNING - Dependency <Task(BashOperator): delete_entry>, create_entry_gcs already registered for DAG: example_complex
[2023-03-12T21:28:16.517+0000] {logging_mixin.py:120} INFO - [2023-03-12T21:28:16.516+0000] {taskmixin.py:205} WARNING - Dependency <Task(BashOperator): create_tag>, delete_tag already registered for DAG: example_complex
[2023-03-12T21:28:16.517+0000] {logging_mixin.py:120} INFO - [2023-03-12T21:28:16.517+0000] {taskmixin.py:205} WARNING - Dependency <Task(BashOperator): delete_tag>, create_tag already registered for DAG: example_complex
[2023-03-12T21:28:16.529+0000] {processor.py:766} INFO - DAG(s) dict_keys(['example_complex']) retrieved from /home/airflow/.local/lib/python3.7/site-packages/airflow/example_dags/example_complex.py
[2023-03-12T21:28:16.574+0000] {logging_mixin.py:120} INFO - [2023-03-12T21:28:16.574+0000] {dag.py:2585} INFO - Sync 1 DAGs
[2023-03-12T21:28:16.592+0000] {logging_mixin.py:120} INFO - [2023-03-12T21:28:16.592+0000] {dag.py:3340} INFO - Setting next_dagrun for example_complex to None, run_after=None
[2023-03-12T21:28:16.623+0000] {processor.py:176} INFO - Processing /home/airflow/.local/lib/python3.7/site-packages/airflow/example_dags/example_complex.py took 0.148 seconds
[2023-03-12T22:30:17.088+0000] {processor.py:154} INFO - Started process (PID=37602) to work on /home/airflow/.local/lib/python3.7/site-packages/airflow/example_dags/example_complex.py
[2023-03-12T22:30:17.089+0000] {processor.py:756} INFO - Processing file /home/airflow/.local/lib/python3.7/site-packages/airflow/example_dags/example_complex.py for tasks to queue
[2023-03-12T22:30:17.091+0000] {logging_mixin.py:120} INFO - [2023-03-12T22:30:17.090+0000] {dagbag.py:537} INFO - Filling up the DagBag from /home/airflow/.local/lib/python3.7/site-packages/airflow/example_dags/example_complex.py
[2023-03-12T22:30:17.099+0000] {logging_mixin.py:120} INFO - [2023-03-12T22:30:17.099+0000] {taskmixin.py:205} WARNING - Dependency <Task(BashOperator): create_entry_group>, delete_entry_group already registered for DAG: example_complex
[2023-03-12T22:30:17.100+0000] {logging_mixin.py:120} INFO - [2023-03-12T22:30:17.099+0000] {taskmixin.py:205} WARNING - Dependency <Task(BashOperator): delete_entry_group>, create_entry_group already registered for DAG: example_complex
[2023-03-12T22:30:17.100+0000] {logging_mixin.py:120} INFO - [2023-03-12T22:30:17.100+0000] {taskmixin.py:205} WARNING - Dependency <Task(BashOperator): create_entry_gcs>, delete_entry already registered for DAG: example_complex
[2023-03-12T22:30:17.101+0000] {logging_mixin.py:120} INFO - [2023-03-12T22:30:17.101+0000] {taskmixin.py:205} WARNING - Dependency <Task(BashOperator): delete_entry>, create_entry_gcs already registered for DAG: example_complex
[2023-03-12T22:30:17.101+0000] {logging_mixin.py:120} INFO - [2023-03-12T22:30:17.101+0000] {taskmixin.py:205} WARNING - Dependency <Task(BashOperator): create_tag>, delete_tag already registered for DAG: example_complex
[2023-03-12T22:30:17.102+0000] {logging_mixin.py:120} INFO - [2023-03-12T22:30:17.102+0000] {taskmixin.py:205} WARNING - Dependency <Task(BashOperator): delete_tag>, create_tag already registered for DAG: example_complex
[2023-03-12T22:30:17.107+0000] {processor.py:766} INFO - DAG(s) dict_keys(['example_complex']) retrieved from /home/airflow/.local/lib/python3.7/site-packages/airflow/example_dags/example_complex.py
[2023-03-12T22:30:17.142+0000] {logging_mixin.py:120} INFO - [2023-03-12T22:30:17.142+0000] {dag.py:2585} INFO - Sync 1 DAGs
[2023-03-12T22:30:17.159+0000] {logging_mixin.py:120} INFO - [2023-03-12T22:30:17.159+0000] {dag.py:3340} INFO - Setting next_dagrun for example_complex to None, run_after=None
[2023-03-12T22:30:17.170+0000] {processor.py:176} INFO - Processing /home/airflow/.local/lib/python3.7/site-packages/airflow/example_dags/example_complex.py took 0.085 seconds
[2023-03-12T23:33:21.707+0000] {processor.py:154} INFO - Started process (PID=37665) to work on /home/airflow/.local/lib/python3.7/site-packages/airflow/example_dags/example_complex.py
[2023-03-12T23:33:21.708+0000] {processor.py:756} INFO - Processing file /home/airflow/.local/lib/python3.7/site-packages/airflow/example_dags/example_complex.py for tasks to queue
[2023-03-12T23:33:21.709+0000] {logging_mixin.py:120} INFO - [2023-03-12T23:33:21.709+0000] {dagbag.py:537} INFO - Filling up the DagBag from /home/airflow/.local/lib/python3.7/site-packages/airflow/example_dags/example_complex.py
[2023-03-12T23:33:21.719+0000] {logging_mixin.py:120} INFO - [2023-03-12T23:33:21.719+0000] {taskmixin.py:205} WARNING - Dependency <Task(BashOperator): create_entry_group>, delete_entry_group already registered for DAG: example_complex
[2023-03-12T23:33:21.719+0000] {logging_mixin.py:120} INFO - [2023-03-12T23:33:21.719+0000] {taskmixin.py:205} WARNING - Dependency <Task(BashOperator): delete_entry_group>, create_entry_group already registered for DAG: example_complex
[2023-03-12T23:33:21.720+0000] {logging_mixin.py:120} INFO - [2023-03-12T23:33:21.720+0000] {taskmixin.py:205} WARNING - Dependency <Task(BashOperator): create_entry_gcs>, delete_entry already registered for DAG: example_complex
[2023-03-12T23:33:21.720+0000] {logging_mixin.py:120} INFO - [2023-03-12T23:33:21.720+0000] {taskmixin.py:205} WARNING - Dependency <Task(BashOperator): delete_entry>, create_entry_gcs already registered for DAG: example_complex
[2023-03-12T23:33:21.721+0000] {logging_mixin.py:120} INFO - [2023-03-12T23:33:21.721+0000] {taskmixin.py:205} WARNING - Dependency <Task(BashOperator): create_tag>, delete_tag already registered for DAG: example_complex
[2023-03-12T23:33:21.722+0000] {logging_mixin.py:120} INFO - [2023-03-12T23:33:21.722+0000] {taskmixin.py:205} WARNING - Dependency <Task(BashOperator): delete_tag>, create_tag already registered for DAG: example_complex
[2023-03-12T23:33:21.728+0000] {processor.py:766} INFO - DAG(s) dict_keys(['example_complex']) retrieved from /home/airflow/.local/lib/python3.7/site-packages/airflow/example_dags/example_complex.py
[2023-03-12T23:33:21.761+0000] {logging_mixin.py:120} INFO - [2023-03-12T23:33:21.761+0000] {dag.py:2585} INFO - Sync 1 DAGs
[2023-03-12T23:33:21.775+0000] {logging_mixin.py:120} INFO - [2023-03-12T23:33:21.775+0000] {dag.py:3340} INFO - Setting next_dagrun for example_complex to None, run_after=None
[2023-03-12T23:33:21.788+0000] {processor.py:176} INFO - Processing /home/airflow/.local/lib/python3.7/site-packages/airflow/example_dags/example_complex.py took 0.087 seconds
