[2023-03-12T00:05:12.114+0000] {processor.py:154} INFO - Started process (PID=36398) to work on /home/airflow/.local/lib/python3.7/site-packages/airflow/example_dags/example_nested_branch_dag.py
[2023-03-12T00:05:12.115+0000] {processor.py:756} INFO - Processing file /home/airflow/.local/lib/python3.7/site-packages/airflow/example_dags/example_nested_branch_dag.py for tasks to queue
[2023-03-12T00:05:12.115+0000] {logging_mixin.py:120} INFO - [2023-03-12T00:05:12.115+0000] {dagbag.py:537} INFO - Filling up the DagBag from /home/airflow/.local/lib/python3.7/site-packages/airflow/example_dags/example_nested_branch_dag.py
[2023-03-12T00:05:12.130+0000] {processor.py:766} INFO - DAG(s) dict_keys(['example_nested_branch_dag']) retrieved from /home/airflow/.local/lib/python3.7/site-packages/airflow/example_dags/example_nested_branch_dag.py
[2023-03-12T00:05:12.159+0000] {logging_mixin.py:120} INFO - [2023-03-12T00:05:12.159+0000] {dag.py:2585} INFO - Sync 1 DAGs
[2023-03-12T00:05:12.175+0000] {logging_mixin.py:120} INFO - [2023-03-12T00:05:12.175+0000] {dag.py:3340} INFO - Setting next_dagrun for example_nested_branch_dag to 2023-03-11T00:00:00+00:00, run_after=2023-03-12T00:00:00+00:00
[2023-03-12T00:05:12.186+0000] {processor.py:176} INFO - Processing /home/airflow/.local/lib/python3.7/site-packages/airflow/example_dags/example_nested_branch_dag.py took 0.074 seconds
[2023-03-12T01:11:09.186+0000] {processor.py:154} INFO - Started process (PID=36452) to work on /home/airflow/.local/lib/python3.7/site-packages/airflow/example_dags/example_nested_branch_dag.py
[2023-03-12T01:11:09.187+0000] {processor.py:756} INFO - Processing file /home/airflow/.local/lib/python3.7/site-packages/airflow/example_dags/example_nested_branch_dag.py for tasks to queue
[2023-03-12T01:11:09.188+0000] {logging_mixin.py:120} INFO - [2023-03-12T01:11:09.188+0000] {dagbag.py:537} INFO - Filling up the DagBag from /home/airflow/.local/lib/python3.7/site-packages/airflow/example_dags/example_nested_branch_dag.py
[2023-03-12T01:11:09.202+0000] {processor.py:766} INFO - DAG(s) dict_keys(['example_nested_branch_dag']) retrieved from /home/airflow/.local/lib/python3.7/site-packages/airflow/example_dags/example_nested_branch_dag.py
[2023-03-12T01:11:09.235+0000] {logging_mixin.py:120} INFO - [2023-03-12T01:11:09.235+0000] {dag.py:2585} INFO - Sync 1 DAGs
[2023-03-12T01:11:09.251+0000] {logging_mixin.py:120} INFO - [2023-03-12T01:11:09.251+0000] {dag.py:3340} INFO - Setting next_dagrun for example_nested_branch_dag to 2023-03-11T00:00:00+00:00, run_after=2023-03-12T00:00:00+00:00
[2023-03-12T01:11:09.261+0000] {processor.py:176} INFO - Processing /home/airflow/.local/lib/python3.7/site-packages/airflow/example_dags/example_nested_branch_dag.py took 0.079 seconds
[2023-03-12T02:20:07.344+0000] {processor.py:154} INFO - Started process (PID=36516) to work on /home/airflow/.local/lib/python3.7/site-packages/airflow/example_dags/example_nested_branch_dag.py
[2023-03-12T02:20:07.345+0000] {processor.py:756} INFO - Processing file /home/airflow/.local/lib/python3.7/site-packages/airflow/example_dags/example_nested_branch_dag.py for tasks to queue
[2023-03-12T02:20:07.346+0000] {logging_mixin.py:120} INFO - [2023-03-12T02:20:07.346+0000] {dagbag.py:537} INFO - Filling up the DagBag from /home/airflow/.local/lib/python3.7/site-packages/airflow/example_dags/example_nested_branch_dag.py
[2023-03-12T02:20:07.363+0000] {processor.py:766} INFO - DAG(s) dict_keys(['example_nested_branch_dag']) retrieved from /home/airflow/.local/lib/python3.7/site-packages/airflow/example_dags/example_nested_branch_dag.py
[2023-03-12T02:20:07.393+0000] {logging_mixin.py:120} INFO - [2023-03-12T02:20:07.393+0000] {dag.py:2585} INFO - Sync 1 DAGs
[2023-03-12T02:20:07.410+0000] {logging_mixin.py:120} INFO - [2023-03-12T02:20:07.410+0000] {dag.py:3340} INFO - Setting next_dagrun for example_nested_branch_dag to 2023-03-11T00:00:00+00:00, run_after=2023-03-12T00:00:00+00:00
[2023-03-12T02:20:07.428+0000] {processor.py:176} INFO - Processing /home/airflow/.local/lib/python3.7/site-packages/airflow/example_dags/example_nested_branch_dag.py took 0.087 seconds
[2023-03-12T03:43:53.207+0000] {processor.py:154} INFO - Started process (PID=36579) to work on /home/airflow/.local/lib/python3.7/site-packages/airflow/example_dags/example_nested_branch_dag.py
[2023-03-12T03:43:53.209+0000] {processor.py:756} INFO - Processing file /home/airflow/.local/lib/python3.7/site-packages/airflow/example_dags/example_nested_branch_dag.py for tasks to queue
[2023-03-12T03:43:53.210+0000] {logging_mixin.py:120} INFO - [2023-03-12T03:43:53.210+0000] {dagbag.py:537} INFO - Filling up the DagBag from /home/airflow/.local/lib/python3.7/site-packages/airflow/example_dags/example_nested_branch_dag.py
[2023-03-12T03:43:53.229+0000] {processor.py:766} INFO - DAG(s) dict_keys(['example_nested_branch_dag']) retrieved from /home/airflow/.local/lib/python3.7/site-packages/airflow/example_dags/example_nested_branch_dag.py
[2023-03-12T03:43:53.261+0000] {logging_mixin.py:120} INFO - [2023-03-12T03:43:53.261+0000] {dag.py:2585} INFO - Sync 1 DAGs
[2023-03-12T03:43:53.281+0000] {logging_mixin.py:120} INFO - [2023-03-12T03:43:53.280+0000] {dag.py:3340} INFO - Setting next_dagrun for example_nested_branch_dag to 2023-03-11T00:00:00+00:00, run_after=2023-03-12T00:00:00+00:00
[2023-03-12T03:43:53.293+0000] {processor.py:176} INFO - Processing /home/airflow/.local/lib/python3.7/site-packages/airflow/example_dags/example_nested_branch_dag.py took 0.089 seconds
[2023-03-12T04:47:38.185+0000] {processor.py:154} INFO - Started process (PID=36642) to work on /home/airflow/.local/lib/python3.7/site-packages/airflow/example_dags/example_nested_branch_dag.py
[2023-03-12T04:47:38.186+0000] {processor.py:756} INFO - Processing file /home/airflow/.local/lib/python3.7/site-packages/airflow/example_dags/example_nested_branch_dag.py for tasks to queue
[2023-03-12T04:47:38.187+0000] {logging_mixin.py:120} INFO - [2023-03-12T04:47:38.186+0000] {dagbag.py:537} INFO - Filling up the DagBag from /home/airflow/.local/lib/python3.7/site-packages/airflow/example_dags/example_nested_branch_dag.py
[2023-03-12T04:47:38.208+0000] {processor.py:766} INFO - DAG(s) dict_keys(['example_nested_branch_dag']) retrieved from /home/airflow/.local/lib/python3.7/site-packages/airflow/example_dags/example_nested_branch_dag.py
[2023-03-12T04:47:38.256+0000] {logging_mixin.py:120} INFO - [2023-03-12T04:47:38.256+0000] {dag.py:2585} INFO - Sync 1 DAGs
[2023-03-12T04:47:38.278+0000] {logging_mixin.py:120} INFO - [2023-03-12T04:47:38.278+0000] {dag.py:3340} INFO - Setting next_dagrun for example_nested_branch_dag to 2023-03-11T00:00:00+00:00, run_after=2023-03-12T00:00:00+00:00
[2023-03-12T04:47:38.297+0000] {processor.py:176} INFO - Processing /home/airflow/.local/lib/python3.7/site-packages/airflow/example_dags/example_nested_branch_dag.py took 0.114 seconds
[2023-03-12T05:46:52.221+0000] {processor.py:154} INFO - Started process (PID=36705) to work on /home/airflow/.local/lib/python3.7/site-packages/airflow/example_dags/example_nested_branch_dag.py
[2023-03-12T05:46:52.222+0000] {processor.py:756} INFO - Processing file /home/airflow/.local/lib/python3.7/site-packages/airflow/example_dags/example_nested_branch_dag.py for tasks to queue
[2023-03-12T05:46:52.224+0000] {logging_mixin.py:120} INFO - [2023-03-12T05:46:52.224+0000] {dagbag.py:537} INFO - Filling up the DagBag from /home/airflow/.local/lib/python3.7/site-packages/airflow/example_dags/example_nested_branch_dag.py
[2023-03-12T05:46:52.247+0000] {processor.py:766} INFO - DAG(s) dict_keys(['example_nested_branch_dag']) retrieved from /home/airflow/.local/lib/python3.7/site-packages/airflow/example_dags/example_nested_branch_dag.py
[2023-03-12T05:46:52.303+0000] {logging_mixin.py:120} INFO - [2023-03-12T05:46:52.303+0000] {dag.py:2585} INFO - Sync 1 DAGs
[2023-03-12T05:46:52.334+0000] {logging_mixin.py:120} INFO - [2023-03-12T05:46:52.334+0000] {dag.py:3340} INFO - Setting next_dagrun for example_nested_branch_dag to 2023-03-11T00:00:00+00:00, run_after=2023-03-12T00:00:00+00:00
[2023-03-12T05:46:52.352+0000] {processor.py:176} INFO - Processing /home/airflow/.local/lib/python3.7/site-packages/airflow/example_dags/example_nested_branch_dag.py took 0.134 seconds
[2023-03-12T06:51:40.413+0000] {processor.py:154} INFO - Started process (PID=36759) to work on /home/airflow/.local/lib/python3.7/site-packages/airflow/example_dags/example_nested_branch_dag.py
[2023-03-12T06:51:40.415+0000] {processor.py:756} INFO - Processing file /home/airflow/.local/lib/python3.7/site-packages/airflow/example_dags/example_nested_branch_dag.py for tasks to queue
[2023-03-12T06:51:40.415+0000] {logging_mixin.py:120} INFO - [2023-03-12T06:51:40.415+0000] {dagbag.py:537} INFO - Filling up the DagBag from /home/airflow/.local/lib/python3.7/site-packages/airflow/example_dags/example_nested_branch_dag.py
[2023-03-12T06:51:40.432+0000] {processor.py:766} INFO - DAG(s) dict_keys(['example_nested_branch_dag']) retrieved from /home/airflow/.local/lib/python3.7/site-packages/airflow/example_dags/example_nested_branch_dag.py
[2023-03-12T06:51:40.474+0000] {logging_mixin.py:120} INFO - [2023-03-12T06:51:40.474+0000] {dag.py:2585} INFO - Sync 1 DAGs
[2023-03-12T06:51:40.490+0000] {logging_mixin.py:120} INFO - [2023-03-12T06:51:40.490+0000] {dag.py:3340} INFO - Setting next_dagrun for example_nested_branch_dag to 2023-03-11T00:00:00+00:00, run_after=2023-03-12T00:00:00+00:00
[2023-03-12T06:51:40.507+0000] {processor.py:176} INFO - Processing /home/airflow/.local/lib/python3.7/site-packages/airflow/example_dags/example_nested_branch_dag.py took 0.097 seconds
[2023-03-12T07:59:57.711+0000] {processor.py:154} INFO - Started process (PID=36823) to work on /home/airflow/.local/lib/python3.7/site-packages/airflow/example_dags/example_nested_branch_dag.py
[2023-03-12T07:59:57.713+0000] {processor.py:756} INFO - Processing file /home/airflow/.local/lib/python3.7/site-packages/airflow/example_dags/example_nested_branch_dag.py for tasks to queue
[2023-03-12T07:59:57.713+0000] {logging_mixin.py:120} INFO - [2023-03-12T07:59:57.713+0000] {dagbag.py:537} INFO - Filling up the DagBag from /home/airflow/.local/lib/python3.7/site-packages/airflow/example_dags/example_nested_branch_dag.py
[2023-03-12T07:59:57.731+0000] {processor.py:766} INFO - DAG(s) dict_keys(['example_nested_branch_dag']) retrieved from /home/airflow/.local/lib/python3.7/site-packages/airflow/example_dags/example_nested_branch_dag.py
[2023-03-12T07:59:57.770+0000] {logging_mixin.py:120} INFO - [2023-03-12T07:59:57.770+0000] {dag.py:2585} INFO - Sync 1 DAGs
[2023-03-12T07:59:57.801+0000] {logging_mixin.py:120} INFO - [2023-03-12T07:59:57.801+0000] {dag.py:3340} INFO - Setting next_dagrun for example_nested_branch_dag to 2023-03-11T00:00:00+00:00, run_after=2023-03-12T00:00:00+00:00
[2023-03-12T07:59:57.818+0000] {processor.py:176} INFO - Processing /home/airflow/.local/lib/python3.7/site-packages/airflow/example_dags/example_nested_branch_dag.py took 0.111 seconds
[2023-03-12T09:20:37.916+0000] {processor.py:154} INFO - Started process (PID=36886) to work on /home/airflow/.local/lib/python3.7/site-packages/airflow/example_dags/example_nested_branch_dag.py
[2023-03-12T09:20:37.918+0000] {processor.py:756} INFO - Processing file /home/airflow/.local/lib/python3.7/site-packages/airflow/example_dags/example_nested_branch_dag.py for tasks to queue
[2023-03-12T09:20:37.919+0000] {logging_mixin.py:120} INFO - [2023-03-12T09:20:37.919+0000] {dagbag.py:537} INFO - Filling up the DagBag from /home/airflow/.local/lib/python3.7/site-packages/airflow/example_dags/example_nested_branch_dag.py
[2023-03-12T09:20:37.940+0000] {processor.py:766} INFO - DAG(s) dict_keys(['example_nested_branch_dag']) retrieved from /home/airflow/.local/lib/python3.7/site-packages/airflow/example_dags/example_nested_branch_dag.py
[2023-03-12T09:20:37.991+0000] {logging_mixin.py:120} INFO - [2023-03-12T09:20:37.990+0000] {dag.py:2585} INFO - Sync 1 DAGs
[2023-03-12T09:20:38.022+0000] {logging_mixin.py:120} INFO - [2023-03-12T09:20:38.021+0000] {dag.py:3340} INFO - Setting next_dagrun for example_nested_branch_dag to 2023-03-11T00:00:00+00:00, run_after=2023-03-12T00:00:00+00:00
[2023-03-12T09:20:38.039+0000] {processor.py:176} INFO - Processing /home/airflow/.local/lib/python3.7/site-packages/airflow/example_dags/example_nested_branch_dag.py took 0.126 seconds
[2023-03-12T10:26:32.010+0000] {processor.py:154} INFO - Started process (PID=36949) to work on /home/airflow/.local/lib/python3.7/site-packages/airflow/example_dags/example_nested_branch_dag.py
[2023-03-12T10:26:32.011+0000] {processor.py:756} INFO - Processing file /home/airflow/.local/lib/python3.7/site-packages/airflow/example_dags/example_nested_branch_dag.py for tasks to queue
[2023-03-12T10:26:32.012+0000] {logging_mixin.py:120} INFO - [2023-03-12T10:26:32.012+0000] {dagbag.py:537} INFO - Filling up the DagBag from /home/airflow/.local/lib/python3.7/site-packages/airflow/example_dags/example_nested_branch_dag.py
[2023-03-12T10:26:32.041+0000] {processor.py:766} INFO - DAG(s) dict_keys(['example_nested_branch_dag']) retrieved from /home/airflow/.local/lib/python3.7/site-packages/airflow/example_dags/example_nested_branch_dag.py
[2023-03-12T10:26:32.083+0000] {logging_mixin.py:120} INFO - [2023-03-12T10:26:32.083+0000] {dag.py:2585} INFO - Sync 1 DAGs
[2023-03-12T10:26:32.106+0000] {logging_mixin.py:120} INFO - [2023-03-12T10:26:32.105+0000] {dag.py:3340} INFO - Setting next_dagrun for example_nested_branch_dag to 2023-03-11T00:00:00+00:00, run_after=2023-03-12T00:00:00+00:00
[2023-03-12T10:26:32.126+0000] {processor.py:176} INFO - Processing /home/airflow/.local/lib/python3.7/site-packages/airflow/example_dags/example_nested_branch_dag.py took 0.120 seconds
[2023-03-12T11:32:27.029+0000] {processor.py:154} INFO - Started process (PID=37012) to work on /home/airflow/.local/lib/python3.7/site-packages/airflow/example_dags/example_nested_branch_dag.py
[2023-03-12T11:32:27.031+0000] {processor.py:756} INFO - Processing file /home/airflow/.local/lib/python3.7/site-packages/airflow/example_dags/example_nested_branch_dag.py for tasks to queue
[2023-03-12T11:32:27.032+0000] {logging_mixin.py:120} INFO - [2023-03-12T11:32:27.032+0000] {dagbag.py:537} INFO - Filling up the DagBag from /home/airflow/.local/lib/python3.7/site-packages/airflow/example_dags/example_nested_branch_dag.py
[2023-03-12T11:32:27.054+0000] {processor.py:766} INFO - DAG(s) dict_keys(['example_nested_branch_dag']) retrieved from /home/airflow/.local/lib/python3.7/site-packages/airflow/example_dags/example_nested_branch_dag.py
[2023-03-12T11:32:27.089+0000] {logging_mixin.py:120} INFO - [2023-03-12T11:32:27.088+0000] {dag.py:2585} INFO - Sync 1 DAGs
[2023-03-12T11:32:27.115+0000] {logging_mixin.py:120} INFO - [2023-03-12T11:32:27.115+0000] {dag.py:3340} INFO - Setting next_dagrun for example_nested_branch_dag to 2023-03-11T00:00:00+00:00, run_after=2023-03-12T00:00:00+00:00
[2023-03-12T11:32:27.150+0000] {processor.py:176} INFO - Processing /home/airflow/.local/lib/python3.7/site-packages/airflow/example_dags/example_nested_branch_dag.py took 0.124 seconds
[2023-03-12T12:40:40.131+0000] {processor.py:154} INFO - Started process (PID=37066) to work on /home/airflow/.local/lib/python3.7/site-packages/airflow/example_dags/example_nested_branch_dag.py
[2023-03-12T12:40:40.132+0000] {processor.py:756} INFO - Processing file /home/airflow/.local/lib/python3.7/site-packages/airflow/example_dags/example_nested_branch_dag.py for tasks to queue
[2023-03-12T12:40:40.134+0000] {logging_mixin.py:120} INFO - [2023-03-12T12:40:40.134+0000] {dagbag.py:537} INFO - Filling up the DagBag from /home/airflow/.local/lib/python3.7/site-packages/airflow/example_dags/example_nested_branch_dag.py
[2023-03-12T12:40:40.157+0000] {processor.py:766} INFO - DAG(s) dict_keys(['example_nested_branch_dag']) retrieved from /home/airflow/.local/lib/python3.7/site-packages/airflow/example_dags/example_nested_branch_dag.py
[2023-03-12T12:40:40.188+0000] {logging_mixin.py:120} INFO - [2023-03-12T12:40:40.188+0000] {dag.py:2585} INFO - Sync 1 DAGs
[2023-03-12T12:40:40.206+0000] {logging_mixin.py:120} INFO - [2023-03-12T12:40:40.206+0000] {dag.py:3340} INFO - Setting next_dagrun for example_nested_branch_dag to 2023-03-11T00:00:00+00:00, run_after=2023-03-12T00:00:00+00:00
[2023-03-12T12:40:40.217+0000] {processor.py:176} INFO - Processing /home/airflow/.local/lib/python3.7/site-packages/airflow/example_dags/example_nested_branch_dag.py took 0.089 seconds
[2023-03-12T13:59:48.301+0000] {processor.py:154} INFO - Started process (PID=37129) to work on /home/airflow/.local/lib/python3.7/site-packages/airflow/example_dags/example_nested_branch_dag.py
[2023-03-12T13:59:48.303+0000] {processor.py:756} INFO - Processing file /home/airflow/.local/lib/python3.7/site-packages/airflow/example_dags/example_nested_branch_dag.py for tasks to queue
[2023-03-12T13:59:48.304+0000] {logging_mixin.py:120} INFO - [2023-03-12T13:59:48.304+0000] {dagbag.py:537} INFO - Filling up the DagBag from /home/airflow/.local/lib/python3.7/site-packages/airflow/example_dags/example_nested_branch_dag.py
[2023-03-12T13:59:48.335+0000] {processor.py:766} INFO - DAG(s) dict_keys(['example_nested_branch_dag']) retrieved from /home/airflow/.local/lib/python3.7/site-packages/airflow/example_dags/example_nested_branch_dag.py
[2023-03-12T13:59:48.385+0000] {logging_mixin.py:120} INFO - [2023-03-12T13:59:48.385+0000] {dag.py:2585} INFO - Sync 1 DAGs
[2023-03-12T13:59:48.405+0000] {logging_mixin.py:120} INFO - [2023-03-12T13:59:48.405+0000] {dag.py:3340} INFO - Setting next_dagrun for example_nested_branch_dag to 2023-03-11T00:00:00+00:00, run_after=2023-03-12T00:00:00+00:00
[2023-03-12T13:59:48.421+0000] {processor.py:176} INFO - Processing /home/airflow/.local/lib/python3.7/site-packages/airflow/example_dags/example_nested_branch_dag.py took 0.122 seconds
[2023-03-12T15:06:06.037+0000] {processor.py:154} INFO - Started process (PID=37192) to work on /home/airflow/.local/lib/python3.7/site-packages/airflow/example_dags/example_nested_branch_dag.py
[2023-03-12T15:06:06.039+0000] {processor.py:756} INFO - Processing file /home/airflow/.local/lib/python3.7/site-packages/airflow/example_dags/example_nested_branch_dag.py for tasks to queue
[2023-03-12T15:06:06.040+0000] {logging_mixin.py:120} INFO - [2023-03-12T15:06:06.040+0000] {dagbag.py:537} INFO - Filling up the DagBag from /home/airflow/.local/lib/python3.7/site-packages/airflow/example_dags/example_nested_branch_dag.py
[2023-03-12T15:06:06.074+0000] {processor.py:766} INFO - DAG(s) dict_keys(['example_nested_branch_dag']) retrieved from /home/airflow/.local/lib/python3.7/site-packages/airflow/example_dags/example_nested_branch_dag.py
[2023-03-12T15:06:06.142+0000] {logging_mixin.py:120} INFO - [2023-03-12T15:06:06.142+0000] {dag.py:2585} INFO - Sync 1 DAGs
[2023-03-12T15:06:06.163+0000] {logging_mixin.py:120} INFO - [2023-03-12T15:06:06.163+0000] {dag.py:3340} INFO - Setting next_dagrun for example_nested_branch_dag to 2023-03-11T00:00:00+00:00, run_after=2023-03-12T00:00:00+00:00
[2023-03-12T15:06:06.187+0000] {processor.py:176} INFO - Processing /home/airflow/.local/lib/python3.7/site-packages/airflow/example_dags/example_nested_branch_dag.py took 0.152 seconds
[2023-03-12T16:10:45.243+0000] {processor.py:154} INFO - Started process (PID=37256) to work on /home/airflow/.local/lib/python3.7/site-packages/airflow/example_dags/example_nested_branch_dag.py
[2023-03-12T16:10:45.244+0000] {processor.py:756} INFO - Processing file /home/airflow/.local/lib/python3.7/site-packages/airflow/example_dags/example_nested_branch_dag.py for tasks to queue
[2023-03-12T16:10:45.245+0000] {logging_mixin.py:120} INFO - [2023-03-12T16:10:45.245+0000] {dagbag.py:537} INFO - Filling up the DagBag from /home/airflow/.local/lib/python3.7/site-packages/airflow/example_dags/example_nested_branch_dag.py
[2023-03-12T16:10:45.265+0000] {processor.py:766} INFO - DAG(s) dict_keys(['example_nested_branch_dag']) retrieved from /home/airflow/.local/lib/python3.7/site-packages/airflow/example_dags/example_nested_branch_dag.py
[2023-03-12T16:10:45.303+0000] {logging_mixin.py:120} INFO - [2023-03-12T16:10:45.303+0000] {dag.py:2585} INFO - Sync 1 DAGs
[2023-03-12T16:10:45.326+0000] {logging_mixin.py:120} INFO - [2023-03-12T16:10:45.326+0000] {dag.py:3340} INFO - Setting next_dagrun for example_nested_branch_dag to 2023-03-11T00:00:00+00:00, run_after=2023-03-12T00:00:00+00:00
[2023-03-12T16:10:45.338+0000] {processor.py:176} INFO - Processing /home/airflow/.local/lib/python3.7/site-packages/airflow/example_dags/example_nested_branch_dag.py took 0.098 seconds
[2023-03-12T17:18:12.358+0000] {processor.py:154} INFO - Started process (PID=37310) to work on /home/airflow/.local/lib/python3.7/site-packages/airflow/example_dags/example_nested_branch_dag.py
[2023-03-12T17:18:12.362+0000] {processor.py:756} INFO - Processing file /home/airflow/.local/lib/python3.7/site-packages/airflow/example_dags/example_nested_branch_dag.py for tasks to queue
[2023-03-12T17:18:12.363+0000] {logging_mixin.py:120} INFO - [2023-03-12T17:18:12.363+0000] {dagbag.py:537} INFO - Filling up the DagBag from /home/airflow/.local/lib/python3.7/site-packages/airflow/example_dags/example_nested_branch_dag.py
[2023-03-12T17:18:12.383+0000] {processor.py:766} INFO - DAG(s) dict_keys(['example_nested_branch_dag']) retrieved from /home/airflow/.local/lib/python3.7/site-packages/airflow/example_dags/example_nested_branch_dag.py
[2023-03-12T17:18:12.427+0000] {logging_mixin.py:120} INFO - [2023-03-12T17:18:12.427+0000] {dag.py:2585} INFO - Sync 1 DAGs
[2023-03-12T17:18:12.458+0000] {logging_mixin.py:120} INFO - [2023-03-12T17:18:12.458+0000] {dag.py:3340} INFO - Setting next_dagrun for example_nested_branch_dag to 2023-03-11T00:00:00+00:00, run_after=2023-03-12T00:00:00+00:00
[2023-03-12T17:18:12.481+0000] {processor.py:176} INFO - Processing /home/airflow/.local/lib/python3.7/site-packages/airflow/example_dags/example_nested_branch_dag.py took 0.126 seconds
[2023-03-12T18:23:04.012+0000] {processor.py:154} INFO - Started process (PID=37373) to work on /home/airflow/.local/lib/python3.7/site-packages/airflow/example_dags/example_nested_branch_dag.py
[2023-03-12T18:23:04.016+0000] {processor.py:756} INFO - Processing file /home/airflow/.local/lib/python3.7/site-packages/airflow/example_dags/example_nested_branch_dag.py for tasks to queue
[2023-03-12T18:23:04.017+0000] {logging_mixin.py:120} INFO - [2023-03-12T18:23:04.017+0000] {dagbag.py:537} INFO - Filling up the DagBag from /home/airflow/.local/lib/python3.7/site-packages/airflow/example_dags/example_nested_branch_dag.py
[2023-03-12T18:23:04.036+0000] {processor.py:766} INFO - DAG(s) dict_keys(['example_nested_branch_dag']) retrieved from /home/airflow/.local/lib/python3.7/site-packages/airflow/example_dags/example_nested_branch_dag.py
[2023-03-12T18:23:04.077+0000] {logging_mixin.py:120} INFO - [2023-03-12T18:23:04.077+0000] {dag.py:2585} INFO - Sync 1 DAGs
[2023-03-12T18:23:04.099+0000] {logging_mixin.py:120} INFO - [2023-03-12T18:23:04.099+0000] {dag.py:3340} INFO - Setting next_dagrun for example_nested_branch_dag to 2023-03-11T00:00:00+00:00, run_after=2023-03-12T00:00:00+00:00
[2023-03-12T18:23:04.117+0000] {processor.py:176} INFO - Processing /home/airflow/.local/lib/python3.7/site-packages/airflow/example_dags/example_nested_branch_dag.py took 0.114 seconds
[2023-03-12T19:03:57.258+0000] {processor.py:154} INFO - Started process (PID=37436) to work on /home/airflow/.local/lib/python3.7/site-packages/airflow/example_dags/example_nested_branch_dag.py
[2023-03-12T19:03:57.259+0000] {processor.py:756} INFO - Processing file /home/airflow/.local/lib/python3.7/site-packages/airflow/example_dags/example_nested_branch_dag.py for tasks to queue
[2023-03-12T19:03:57.260+0000] {logging_mixin.py:120} INFO - [2023-03-12T19:03:57.260+0000] {dagbag.py:537} INFO - Filling up the DagBag from /home/airflow/.local/lib/python3.7/site-packages/airflow/example_dags/example_nested_branch_dag.py
[2023-03-12T19:03:57.279+0000] {processor.py:766} INFO - DAG(s) dict_keys(['example_nested_branch_dag']) retrieved from /home/airflow/.local/lib/python3.7/site-packages/airflow/example_dags/example_nested_branch_dag.py
[2023-03-12T19:03:57.329+0000] {logging_mixin.py:120} INFO - [2023-03-12T19:03:57.329+0000] {dag.py:2585} INFO - Sync 1 DAGs
[2023-03-12T19:03:57.347+0000] {logging_mixin.py:120} INFO - [2023-03-12T19:03:57.346+0000] {dag.py:3340} INFO - Setting next_dagrun for example_nested_branch_dag to 2023-03-11T00:00:00+00:00, run_after=2023-03-12T00:00:00+00:00
[2023-03-12T19:03:57.366+0000] {processor.py:176} INFO - Processing /home/airflow/.local/lib/python3.7/site-packages/airflow/example_dags/example_nested_branch_dag.py took 0.113 seconds
[2023-03-12T20:24:26.738+0000] {processor.py:154} INFO - Started process (PID=37498) to work on /home/airflow/.local/lib/python3.7/site-packages/airflow/example_dags/example_nested_branch_dag.py
[2023-03-12T20:24:26.742+0000] {processor.py:756} INFO - Processing file /home/airflow/.local/lib/python3.7/site-packages/airflow/example_dags/example_nested_branch_dag.py for tasks to queue
[2023-03-12T20:24:26.743+0000] {logging_mixin.py:120} INFO - [2023-03-12T20:24:26.743+0000] {dagbag.py:537} INFO - Filling up the DagBag from /home/airflow/.local/lib/python3.7/site-packages/airflow/example_dags/example_nested_branch_dag.py
[2023-03-12T20:24:26.769+0000] {processor.py:766} INFO - DAG(s) dict_keys(['example_nested_branch_dag']) retrieved from /home/airflow/.local/lib/python3.7/site-packages/airflow/example_dags/example_nested_branch_dag.py
[2023-03-12T20:24:26.816+0000] {logging_mixin.py:120} INFO - [2023-03-12T20:24:26.815+0000] {dag.py:2585} INFO - Sync 1 DAGs
[2023-03-12T20:24:26.838+0000] {logging_mixin.py:120} INFO - [2023-03-12T20:24:26.838+0000] {dag.py:3340} INFO - Setting next_dagrun for example_nested_branch_dag to 2023-03-11T00:00:00+00:00, run_after=2023-03-12T00:00:00+00:00
[2023-03-12T20:24:26.856+0000] {processor.py:176} INFO - Processing /home/airflow/.local/lib/python3.7/site-packages/airflow/example_dags/example_nested_branch_dag.py took 0.121 seconds
[2023-03-12T21:28:17.823+0000] {processor.py:154} INFO - Started process (PID=37561) to work on /home/airflow/.local/lib/python3.7/site-packages/airflow/example_dags/example_nested_branch_dag.py
[2023-03-12T21:28:17.825+0000] {processor.py:756} INFO - Processing file /home/airflow/.local/lib/python3.7/site-packages/airflow/example_dags/example_nested_branch_dag.py for tasks to queue
[2023-03-12T21:28:17.826+0000] {logging_mixin.py:120} INFO - [2023-03-12T21:28:17.826+0000] {dagbag.py:537} INFO - Filling up the DagBag from /home/airflow/.local/lib/python3.7/site-packages/airflow/example_dags/example_nested_branch_dag.py
[2023-03-12T21:28:17.856+0000] {processor.py:766} INFO - DAG(s) dict_keys(['example_nested_branch_dag']) retrieved from /home/airflow/.local/lib/python3.7/site-packages/airflow/example_dags/example_nested_branch_dag.py
[2023-03-12T21:28:17.921+0000] {logging_mixin.py:120} INFO - [2023-03-12T21:28:17.921+0000] {dag.py:2585} INFO - Sync 1 DAGs
[2023-03-12T21:28:17.947+0000] {logging_mixin.py:120} INFO - [2023-03-12T21:28:17.947+0000] {dag.py:3340} INFO - Setting next_dagrun for example_nested_branch_dag to 2023-03-11T00:00:00+00:00, run_after=2023-03-12T00:00:00+00:00
[2023-03-12T21:28:17.974+0000] {processor.py:176} INFO - Processing /home/airflow/.local/lib/python3.7/site-packages/airflow/example_dags/example_nested_branch_dag.py took 0.153 seconds
[2023-03-12T22:30:18.336+0000] {processor.py:154} INFO - Started process (PID=37616) to work on /home/airflow/.local/lib/python3.7/site-packages/airflow/example_dags/example_nested_branch_dag.py
[2023-03-12T22:30:18.337+0000] {processor.py:756} INFO - Processing file /home/airflow/.local/lib/python3.7/site-packages/airflow/example_dags/example_nested_branch_dag.py for tasks to queue
[2023-03-12T22:30:18.339+0000] {logging_mixin.py:120} INFO - [2023-03-12T22:30:18.339+0000] {dagbag.py:537} INFO - Filling up the DagBag from /home/airflow/.local/lib/python3.7/site-packages/airflow/example_dags/example_nested_branch_dag.py
[2023-03-12T22:30:18.362+0000] {processor.py:766} INFO - DAG(s) dict_keys(['example_nested_branch_dag']) retrieved from /home/airflow/.local/lib/python3.7/site-packages/airflow/example_dags/example_nested_branch_dag.py
[2023-03-12T22:30:18.407+0000] {logging_mixin.py:120} INFO - [2023-03-12T22:30:18.407+0000] {dag.py:2585} INFO - Sync 1 DAGs
[2023-03-12T22:30:18.425+0000] {logging_mixin.py:120} INFO - [2023-03-12T22:30:18.425+0000] {dag.py:3340} INFO - Setting next_dagrun for example_nested_branch_dag to 2023-03-11T00:00:00+00:00, run_after=2023-03-12T00:00:00+00:00
[2023-03-12T22:30:18.449+0000] {processor.py:176} INFO - Processing /home/airflow/.local/lib/python3.7/site-packages/airflow/example_dags/example_nested_branch_dag.py took 0.115 seconds
[2023-03-12T23:33:22.824+0000] {processor.py:154} INFO - Started process (PID=37679) to work on /home/airflow/.local/lib/python3.7/site-packages/airflow/example_dags/example_nested_branch_dag.py
[2023-03-12T23:33:22.826+0000] {processor.py:756} INFO - Processing file /home/airflow/.local/lib/python3.7/site-packages/airflow/example_dags/example_nested_branch_dag.py for tasks to queue
[2023-03-12T23:33:22.827+0000] {logging_mixin.py:120} INFO - [2023-03-12T23:33:22.826+0000] {dagbag.py:537} INFO - Filling up the DagBag from /home/airflow/.local/lib/python3.7/site-packages/airflow/example_dags/example_nested_branch_dag.py
[2023-03-12T23:33:22.846+0000] {processor.py:766} INFO - DAG(s) dict_keys(['example_nested_branch_dag']) retrieved from /home/airflow/.local/lib/python3.7/site-packages/airflow/example_dags/example_nested_branch_dag.py
[2023-03-12T23:33:22.901+0000] {logging_mixin.py:120} INFO - [2023-03-12T23:33:22.901+0000] {dag.py:2585} INFO - Sync 1 DAGs
[2023-03-12T23:33:22.929+0000] {logging_mixin.py:120} INFO - [2023-03-12T23:33:22.929+0000] {dag.py:3340} INFO - Setting next_dagrun for example_nested_branch_dag to 2023-03-11T00:00:00+00:00, run_after=2023-03-12T00:00:00+00:00
[2023-03-12T23:33:22.954+0000] {processor.py:176} INFO - Processing /home/airflow/.local/lib/python3.7/site-packages/airflow/example_dags/example_nested_branch_dag.py took 0.132 seconds
