[2023-03-12T00:05:12.854+0000] {processor.py:154} INFO - Started process (PID=36411) to work on /home/airflow/.local/lib/python3.7/site-packages/airflow/example_dags/example_branch_day_of_week_operator.py
[2023-03-12T00:05:12.855+0000] {processor.py:756} INFO - Processing file /home/airflow/.local/lib/python3.7/site-packages/airflow/example_dags/example_branch_day_of_week_operator.py for tasks to queue
[2023-03-12T00:05:12.856+0000] {logging_mixin.py:120} INFO - [2023-03-12T00:05:12.856+0000] {dagbag.py:537} INFO - Filling up the DagBag from /home/airflow/.local/lib/python3.7/site-packages/airflow/example_dags/example_branch_day_of_week_operator.py
[2023-03-12T00:05:12.867+0000] {processor.py:766} INFO - DAG(s) dict_keys(['example_weekday_branch_operator']) retrieved from /home/airflow/.local/lib/python3.7/site-packages/airflow/example_dags/example_branch_day_of_week_operator.py
[2023-03-12T00:05:12.895+0000] {logging_mixin.py:120} INFO - [2023-03-12T00:05:12.895+0000] {dag.py:2585} INFO - Sync 1 DAGs
[2023-03-12T00:05:12.910+0000] {logging_mixin.py:120} INFO - [2023-03-12T00:05:12.910+0000] {dag.py:3340} INFO - Setting next_dagrun for example_weekday_branch_operator to 2023-03-11T00:00:00+00:00, run_after=2023-03-12T00:00:00+00:00
[2023-03-12T00:05:12.921+0000] {processor.py:176} INFO - Processing /home/airflow/.local/lib/python3.7/site-packages/airflow/example_dags/example_branch_day_of_week_operator.py took 0.070 seconds
[2023-03-12T01:11:10.473+0000] {processor.py:154} INFO - Started process (PID=36465) to work on /home/airflow/.local/lib/python3.7/site-packages/airflow/example_dags/example_branch_day_of_week_operator.py
[2023-03-12T01:11:10.474+0000] {processor.py:756} INFO - Processing file /home/airflow/.local/lib/python3.7/site-packages/airflow/example_dags/example_branch_day_of_week_operator.py for tasks to queue
[2023-03-12T01:11:10.475+0000] {logging_mixin.py:120} INFO - [2023-03-12T01:11:10.475+0000] {dagbag.py:537} INFO - Filling up the DagBag from /home/airflow/.local/lib/python3.7/site-packages/airflow/example_dags/example_branch_day_of_week_operator.py
[2023-03-12T01:11:10.488+0000] {processor.py:766} INFO - DAG(s) dict_keys(['example_weekday_branch_operator']) retrieved from /home/airflow/.local/lib/python3.7/site-packages/airflow/example_dags/example_branch_day_of_week_operator.py
[2023-03-12T01:11:10.521+0000] {logging_mixin.py:120} INFO - [2023-03-12T01:11:10.521+0000] {dag.py:2585} INFO - Sync 1 DAGs
[2023-03-12T01:11:10.538+0000] {logging_mixin.py:120} INFO - [2023-03-12T01:11:10.538+0000] {dag.py:3340} INFO - Setting next_dagrun for example_weekday_branch_operator to 2023-03-11T00:00:00+00:00, run_after=2023-03-12T00:00:00+00:00
[2023-03-12T01:11:10.551+0000] {processor.py:176} INFO - Processing /home/airflow/.local/lib/python3.7/site-packages/airflow/example_dags/example_branch_day_of_week_operator.py took 0.082 seconds
[2023-03-12T02:20:08.292+0000] {processor.py:154} INFO - Started process (PID=36529) to work on /home/airflow/.local/lib/python3.7/site-packages/airflow/example_dags/example_branch_day_of_week_operator.py
[2023-03-12T02:20:08.293+0000] {processor.py:756} INFO - Processing file /home/airflow/.local/lib/python3.7/site-packages/airflow/example_dags/example_branch_day_of_week_operator.py for tasks to queue
[2023-03-12T02:20:08.294+0000] {logging_mixin.py:120} INFO - [2023-03-12T02:20:08.294+0000] {dagbag.py:537} INFO - Filling up the DagBag from /home/airflow/.local/lib/python3.7/site-packages/airflow/example_dags/example_branch_day_of_week_operator.py
[2023-03-12T02:20:08.307+0000] {processor.py:766} INFO - DAG(s) dict_keys(['example_weekday_branch_operator']) retrieved from /home/airflow/.local/lib/python3.7/site-packages/airflow/example_dags/example_branch_day_of_week_operator.py
[2023-03-12T02:20:08.344+0000] {logging_mixin.py:120} INFO - [2023-03-12T02:20:08.344+0000] {dag.py:2585} INFO - Sync 1 DAGs
[2023-03-12T02:20:08.360+0000] {logging_mixin.py:120} INFO - [2023-03-12T02:20:08.360+0000] {dag.py:3340} INFO - Setting next_dagrun for example_weekday_branch_operator to 2023-03-11T00:00:00+00:00, run_after=2023-03-12T00:00:00+00:00
[2023-03-12T02:20:08.376+0000] {processor.py:176} INFO - Processing /home/airflow/.local/lib/python3.7/site-packages/airflow/example_dags/example_branch_day_of_week_operator.py took 0.087 seconds
[2023-03-12T03:43:54.145+0000] {processor.py:154} INFO - Started process (PID=36592) to work on /home/airflow/.local/lib/python3.7/site-packages/airflow/example_dags/example_branch_day_of_week_operator.py
[2023-03-12T03:43:54.146+0000] {processor.py:756} INFO - Processing file /home/airflow/.local/lib/python3.7/site-packages/airflow/example_dags/example_branch_day_of_week_operator.py for tasks to queue
[2023-03-12T03:43:54.147+0000] {logging_mixin.py:120} INFO - [2023-03-12T03:43:54.147+0000] {dagbag.py:537} INFO - Filling up the DagBag from /home/airflow/.local/lib/python3.7/site-packages/airflow/example_dags/example_branch_day_of_week_operator.py
[2023-03-12T03:43:54.164+0000] {processor.py:766} INFO - DAG(s) dict_keys(['example_weekday_branch_operator']) retrieved from /home/airflow/.local/lib/python3.7/site-packages/airflow/example_dags/example_branch_day_of_week_operator.py
[2023-03-12T03:43:54.209+0000] {logging_mixin.py:120} INFO - [2023-03-12T03:43:54.209+0000] {dag.py:2585} INFO - Sync 1 DAGs
[2023-03-12T03:43:54.232+0000] {logging_mixin.py:120} INFO - [2023-03-12T03:43:54.232+0000] {dag.py:3340} INFO - Setting next_dagrun for example_weekday_branch_operator to 2023-03-11T00:00:00+00:00, run_after=2023-03-12T00:00:00+00:00
[2023-03-12T03:43:54.247+0000] {processor.py:176} INFO - Processing /home/airflow/.local/lib/python3.7/site-packages/airflow/example_dags/example_branch_day_of_week_operator.py took 0.105 seconds
[2023-03-12T04:47:39.293+0000] {processor.py:154} INFO - Started process (PID=36655) to work on /home/airflow/.local/lib/python3.7/site-packages/airflow/example_dags/example_branch_day_of_week_operator.py
[2023-03-12T04:47:39.294+0000] {processor.py:756} INFO - Processing file /home/airflow/.local/lib/python3.7/site-packages/airflow/example_dags/example_branch_day_of_week_operator.py for tasks to queue
[2023-03-12T04:47:39.295+0000] {logging_mixin.py:120} INFO - [2023-03-12T04:47:39.295+0000] {dagbag.py:537} INFO - Filling up the DagBag from /home/airflow/.local/lib/python3.7/site-packages/airflow/example_dags/example_branch_day_of_week_operator.py
[2023-03-12T04:47:39.313+0000] {processor.py:766} INFO - DAG(s) dict_keys(['example_weekday_branch_operator']) retrieved from /home/airflow/.local/lib/python3.7/site-packages/airflow/example_dags/example_branch_day_of_week_operator.py
[2023-03-12T04:47:39.365+0000] {logging_mixin.py:120} INFO - [2023-03-12T04:47:39.365+0000] {dag.py:2585} INFO - Sync 1 DAGs
[2023-03-12T04:47:39.392+0000] {logging_mixin.py:120} INFO - [2023-03-12T04:47:39.392+0000] {dag.py:3340} INFO - Setting next_dagrun for example_weekday_branch_operator to 2023-03-11T00:00:00+00:00, run_after=2023-03-12T00:00:00+00:00
[2023-03-12T04:47:39.405+0000] {processor.py:176} INFO - Processing /home/airflow/.local/lib/python3.7/site-packages/airflow/example_dags/example_branch_day_of_week_operator.py took 0.115 seconds
[2023-03-12T05:46:53.672+0000] {processor.py:154} INFO - Started process (PID=36718) to work on /home/airflow/.local/lib/python3.7/site-packages/airflow/example_dags/example_branch_day_of_week_operator.py
[2023-03-12T05:46:53.673+0000] {processor.py:756} INFO - Processing file /home/airflow/.local/lib/python3.7/site-packages/airflow/example_dags/example_branch_day_of_week_operator.py for tasks to queue
[2023-03-12T05:46:53.674+0000] {logging_mixin.py:120} INFO - [2023-03-12T05:46:53.674+0000] {dagbag.py:537} INFO - Filling up the DagBag from /home/airflow/.local/lib/python3.7/site-packages/airflow/example_dags/example_branch_day_of_week_operator.py
[2023-03-12T05:46:53.696+0000] {processor.py:766} INFO - DAG(s) dict_keys(['example_weekday_branch_operator']) retrieved from /home/airflow/.local/lib/python3.7/site-packages/airflow/example_dags/example_branch_day_of_week_operator.py
[2023-03-12T05:46:53.741+0000] {logging_mixin.py:120} INFO - [2023-03-12T05:46:53.741+0000] {dag.py:2585} INFO - Sync 1 DAGs
[2023-03-12T05:46:53.769+0000] {logging_mixin.py:120} INFO - [2023-03-12T05:46:53.768+0000] {dag.py:3340} INFO - Setting next_dagrun for example_weekday_branch_operator to 2023-03-11T00:00:00+00:00, run_after=2023-03-12T00:00:00+00:00
[2023-03-12T05:46:53.786+0000] {processor.py:176} INFO - Processing /home/airflow/.local/lib/python3.7/site-packages/airflow/example_dags/example_branch_day_of_week_operator.py took 0.117 seconds
[2023-03-12T06:51:41.764+0000] {processor.py:154} INFO - Started process (PID=36782) to work on /home/airflow/.local/lib/python3.7/site-packages/airflow/example_dags/example_branch_day_of_week_operator.py
[2023-03-12T06:51:41.775+0000] {processor.py:756} INFO - Processing file /home/airflow/.local/lib/python3.7/site-packages/airflow/example_dags/example_branch_day_of_week_operator.py for tasks to queue
[2023-03-12T06:51:41.776+0000] {logging_mixin.py:120} INFO - [2023-03-12T06:51:41.776+0000] {dagbag.py:537} INFO - Filling up the DagBag from /home/airflow/.local/lib/python3.7/site-packages/airflow/example_dags/example_branch_day_of_week_operator.py
[2023-03-12T06:51:41.790+0000] {processor.py:766} INFO - DAG(s) dict_keys(['example_weekday_branch_operator']) retrieved from /home/airflow/.local/lib/python3.7/site-packages/airflow/example_dags/example_branch_day_of_week_operator.py
[2023-03-12T06:51:41.846+0000] {logging_mixin.py:120} INFO - [2023-03-12T06:51:41.846+0000] {dag.py:2585} INFO - Sync 1 DAGs
[2023-03-12T06:51:41.881+0000] {logging_mixin.py:120} INFO - [2023-03-12T06:51:41.881+0000] {dag.py:3340} INFO - Setting next_dagrun for example_weekday_branch_operator to 2023-03-11T00:00:00+00:00, run_after=2023-03-12T00:00:00+00:00
[2023-03-12T06:51:41.909+0000] {processor.py:176} INFO - Processing /home/airflow/.local/lib/python3.7/site-packages/airflow/example_dags/example_branch_day_of_week_operator.py took 0.150 seconds
[2023-03-12T07:59:58.831+0000] {processor.py:154} INFO - Started process (PID=36836) to work on /home/airflow/.local/lib/python3.7/site-packages/airflow/example_dags/example_branch_day_of_week_operator.py
[2023-03-12T07:59:58.835+0000] {processor.py:756} INFO - Processing file /home/airflow/.local/lib/python3.7/site-packages/airflow/example_dags/example_branch_day_of_week_operator.py for tasks to queue
[2023-03-12T07:59:58.836+0000] {logging_mixin.py:120} INFO - [2023-03-12T07:59:58.836+0000] {dagbag.py:537} INFO - Filling up the DagBag from /home/airflow/.local/lib/python3.7/site-packages/airflow/example_dags/example_branch_day_of_week_operator.py
[2023-03-12T07:59:58.856+0000] {processor.py:766} INFO - DAG(s) dict_keys(['example_weekday_branch_operator']) retrieved from /home/airflow/.local/lib/python3.7/site-packages/airflow/example_dags/example_branch_day_of_week_operator.py
[2023-03-12T07:59:58.888+0000] {logging_mixin.py:120} INFO - [2023-03-12T07:59:58.888+0000] {dag.py:2585} INFO - Sync 1 DAGs
[2023-03-12T07:59:58.913+0000] {logging_mixin.py:120} INFO - [2023-03-12T07:59:58.913+0000] {dag.py:3340} INFO - Setting next_dagrun for example_weekday_branch_operator to 2023-03-11T00:00:00+00:00, run_after=2023-03-12T00:00:00+00:00
[2023-03-12T07:59:58.923+0000] {processor.py:176} INFO - Processing /home/airflow/.local/lib/python3.7/site-packages/airflow/example_dags/example_branch_day_of_week_operator.py took 0.095 seconds
[2023-03-12T09:20:39.157+0000] {processor.py:154} INFO - Started process (PID=36899) to work on /home/airflow/.local/lib/python3.7/site-packages/airflow/example_dags/example_branch_day_of_week_operator.py
[2023-03-12T09:20:39.163+0000] {processor.py:756} INFO - Processing file /home/airflow/.local/lib/python3.7/site-packages/airflow/example_dags/example_branch_day_of_week_operator.py for tasks to queue
[2023-03-12T09:20:39.164+0000] {logging_mixin.py:120} INFO - [2023-03-12T09:20:39.164+0000] {dagbag.py:537} INFO - Filling up the DagBag from /home/airflow/.local/lib/python3.7/site-packages/airflow/example_dags/example_branch_day_of_week_operator.py
[2023-03-12T09:20:39.189+0000] {processor.py:766} INFO - DAG(s) dict_keys(['example_weekday_branch_operator']) retrieved from /home/airflow/.local/lib/python3.7/site-packages/airflow/example_dags/example_branch_day_of_week_operator.py
[2023-03-12T09:20:39.249+0000] {logging_mixin.py:120} INFO - [2023-03-12T09:20:39.249+0000] {dag.py:2585} INFO - Sync 1 DAGs
[2023-03-12T09:20:39.284+0000] {logging_mixin.py:120} INFO - [2023-03-12T09:20:39.284+0000] {dag.py:3340} INFO - Setting next_dagrun for example_weekday_branch_operator to 2023-03-11T00:00:00+00:00, run_after=2023-03-12T00:00:00+00:00
[2023-03-12T09:20:39.319+0000] {processor.py:176} INFO - Processing /home/airflow/.local/lib/python3.7/site-packages/airflow/example_dags/example_branch_day_of_week_operator.py took 0.166 seconds
[2023-03-12T10:26:33.063+0000] {processor.py:154} INFO - Started process (PID=36962) to work on /home/airflow/.local/lib/python3.7/site-packages/airflow/example_dags/example_branch_day_of_week_operator.py
[2023-03-12T10:26:33.065+0000] {processor.py:756} INFO - Processing file /home/airflow/.local/lib/python3.7/site-packages/airflow/example_dags/example_branch_day_of_week_operator.py for tasks to queue
[2023-03-12T10:26:33.066+0000] {logging_mixin.py:120} INFO - [2023-03-12T10:26:33.066+0000] {dagbag.py:537} INFO - Filling up the DagBag from /home/airflow/.local/lib/python3.7/site-packages/airflow/example_dags/example_branch_day_of_week_operator.py
[2023-03-12T10:26:33.083+0000] {processor.py:766} INFO - DAG(s) dict_keys(['example_weekday_branch_operator']) retrieved from /home/airflow/.local/lib/python3.7/site-packages/airflow/example_dags/example_branch_day_of_week_operator.py
[2023-03-12T10:26:33.126+0000] {logging_mixin.py:120} INFO - [2023-03-12T10:26:33.126+0000] {dag.py:2585} INFO - Sync 1 DAGs
[2023-03-12T10:26:33.149+0000] {logging_mixin.py:120} INFO - [2023-03-12T10:26:33.149+0000] {dag.py:3340} INFO - Setting next_dagrun for example_weekday_branch_operator to 2023-03-11T00:00:00+00:00, run_after=2023-03-12T00:00:00+00:00
[2023-03-12T10:26:33.169+0000] {processor.py:176} INFO - Processing /home/airflow/.local/lib/python3.7/site-packages/airflow/example_dags/example_branch_day_of_week_operator.py took 0.108 seconds
[2023-03-12T11:32:28.888+0000] {processor.py:154} INFO - Started process (PID=37025) to work on /home/airflow/.local/lib/python3.7/site-packages/airflow/example_dags/example_branch_day_of_week_operator.py
[2023-03-12T11:32:28.889+0000] {processor.py:756} INFO - Processing file /home/airflow/.local/lib/python3.7/site-packages/airflow/example_dags/example_branch_day_of_week_operator.py for tasks to queue
[2023-03-12T11:32:28.890+0000] {logging_mixin.py:120} INFO - [2023-03-12T11:32:28.890+0000] {dagbag.py:537} INFO - Filling up the DagBag from /home/airflow/.local/lib/python3.7/site-packages/airflow/example_dags/example_branch_day_of_week_operator.py
[2023-03-12T11:32:28.901+0000] {processor.py:766} INFO - DAG(s) dict_keys(['example_weekday_branch_operator']) retrieved from /home/airflow/.local/lib/python3.7/site-packages/airflow/example_dags/example_branch_day_of_week_operator.py
[2023-03-12T11:32:28.978+0000] {logging_mixin.py:120} INFO - [2023-03-12T11:32:28.977+0000] {dag.py:2585} INFO - Sync 1 DAGs
[2023-03-12T11:32:29.001+0000] {logging_mixin.py:120} INFO - [2023-03-12T11:32:29.001+0000] {dag.py:3340} INFO - Setting next_dagrun for example_weekday_branch_operator to 2023-03-11T00:00:00+00:00, run_after=2023-03-12T00:00:00+00:00
[2023-03-12T11:32:29.028+0000] {processor.py:176} INFO - Processing /home/airflow/.local/lib/python3.7/site-packages/airflow/example_dags/example_branch_day_of_week_operator.py took 0.142 seconds
[2023-03-12T12:40:41.235+0000] {processor.py:154} INFO - Started process (PID=37079) to work on /home/airflow/.local/lib/python3.7/site-packages/airflow/example_dags/example_branch_day_of_week_operator.py
[2023-03-12T12:40:41.237+0000] {processor.py:756} INFO - Processing file /home/airflow/.local/lib/python3.7/site-packages/airflow/example_dags/example_branch_day_of_week_operator.py for tasks to queue
[2023-03-12T12:40:41.238+0000] {logging_mixin.py:120} INFO - [2023-03-12T12:40:41.238+0000] {dagbag.py:537} INFO - Filling up the DagBag from /home/airflow/.local/lib/python3.7/site-packages/airflow/example_dags/example_branch_day_of_week_operator.py
[2023-03-12T12:40:41.252+0000] {processor.py:766} INFO - DAG(s) dict_keys(['example_weekday_branch_operator']) retrieved from /home/airflow/.local/lib/python3.7/site-packages/airflow/example_dags/example_branch_day_of_week_operator.py
[2023-03-12T12:40:41.301+0000] {logging_mixin.py:120} INFO - [2023-03-12T12:40:41.301+0000] {dag.py:2585} INFO - Sync 1 DAGs
[2023-03-12T12:40:41.335+0000] {logging_mixin.py:120} INFO - [2023-03-12T12:40:41.335+0000] {dag.py:3340} INFO - Setting next_dagrun for example_weekday_branch_operator to 2023-03-11T00:00:00+00:00, run_after=2023-03-12T00:00:00+00:00
[2023-03-12T12:40:41.405+0000] {processor.py:176} INFO - Processing /home/airflow/.local/lib/python3.7/site-packages/airflow/example_dags/example_branch_day_of_week_operator.py took 0.173 seconds
[2023-03-12T13:59:49.527+0000] {processor.py:154} INFO - Started process (PID=37142) to work on /home/airflow/.local/lib/python3.7/site-packages/airflow/example_dags/example_branch_day_of_week_operator.py
[2023-03-12T13:59:49.528+0000] {processor.py:756} INFO - Processing file /home/airflow/.local/lib/python3.7/site-packages/airflow/example_dags/example_branch_day_of_week_operator.py for tasks to queue
[2023-03-12T13:59:49.528+0000] {logging_mixin.py:120} INFO - [2023-03-12T13:59:49.528+0000] {dagbag.py:537} INFO - Filling up the DagBag from /home/airflow/.local/lib/python3.7/site-packages/airflow/example_dags/example_branch_day_of_week_operator.py
[2023-03-12T13:59:49.546+0000] {processor.py:766} INFO - DAG(s) dict_keys(['example_weekday_branch_operator']) retrieved from /home/airflow/.local/lib/python3.7/site-packages/airflow/example_dags/example_branch_day_of_week_operator.py
[2023-03-12T13:59:49.582+0000] {logging_mixin.py:120} INFO - [2023-03-12T13:59:49.582+0000] {dag.py:2585} INFO - Sync 1 DAGs
[2023-03-12T13:59:49.598+0000] {logging_mixin.py:120} INFO - [2023-03-12T13:59:49.598+0000] {dag.py:3340} INFO - Setting next_dagrun for example_weekday_branch_operator to 2023-03-11T00:00:00+00:00, run_after=2023-03-12T00:00:00+00:00
[2023-03-12T13:59:49.608+0000] {processor.py:176} INFO - Processing /home/airflow/.local/lib/python3.7/site-packages/airflow/example_dags/example_branch_day_of_week_operator.py took 0.084 seconds
[2023-03-12T15:06:07.355+0000] {processor.py:154} INFO - Started process (PID=37205) to work on /home/airflow/.local/lib/python3.7/site-packages/airflow/example_dags/example_branch_day_of_week_operator.py
[2023-03-12T15:06:07.356+0000] {processor.py:756} INFO - Processing file /home/airflow/.local/lib/python3.7/site-packages/airflow/example_dags/example_branch_day_of_week_operator.py for tasks to queue
[2023-03-12T15:06:07.357+0000] {logging_mixin.py:120} INFO - [2023-03-12T15:06:07.357+0000] {dagbag.py:537} INFO - Filling up the DagBag from /home/airflow/.local/lib/python3.7/site-packages/airflow/example_dags/example_branch_day_of_week_operator.py
[2023-03-12T15:06:07.374+0000] {processor.py:766} INFO - DAG(s) dict_keys(['example_weekday_branch_operator']) retrieved from /home/airflow/.local/lib/python3.7/site-packages/airflow/example_dags/example_branch_day_of_week_operator.py
[2023-03-12T15:06:07.403+0000] {logging_mixin.py:120} INFO - [2023-03-12T15:06:07.403+0000] {dag.py:2585} INFO - Sync 1 DAGs
[2023-03-12T15:06:07.419+0000] {logging_mixin.py:120} INFO - [2023-03-12T15:06:07.419+0000] {dag.py:3340} INFO - Setting next_dagrun for example_weekday_branch_operator to 2023-03-11T00:00:00+00:00, run_after=2023-03-12T00:00:00+00:00
[2023-03-12T15:06:07.431+0000] {processor.py:176} INFO - Processing /home/airflow/.local/lib/python3.7/site-packages/airflow/example_dags/example_branch_day_of_week_operator.py took 0.081 seconds
[2023-03-12T16:10:46.363+0000] {processor.py:154} INFO - Started process (PID=37269) to work on /home/airflow/.local/lib/python3.7/site-packages/airflow/example_dags/example_branch_day_of_week_operator.py
[2023-03-12T16:10:46.365+0000] {processor.py:756} INFO - Processing file /home/airflow/.local/lib/python3.7/site-packages/airflow/example_dags/example_branch_day_of_week_operator.py for tasks to queue
[2023-03-12T16:10:46.367+0000] {logging_mixin.py:120} INFO - [2023-03-12T16:10:46.367+0000] {dagbag.py:537} INFO - Filling up the DagBag from /home/airflow/.local/lib/python3.7/site-packages/airflow/example_dags/example_branch_day_of_week_operator.py
[2023-03-12T16:10:46.384+0000] {processor.py:766} INFO - DAG(s) dict_keys(['example_weekday_branch_operator']) retrieved from /home/airflow/.local/lib/python3.7/site-packages/airflow/example_dags/example_branch_day_of_week_operator.py
[2023-03-12T16:10:46.426+0000] {logging_mixin.py:120} INFO - [2023-03-12T16:10:46.423+0000] {dag.py:2585} INFO - Sync 1 DAGs
[2023-03-12T16:10:46.448+0000] {logging_mixin.py:120} INFO - [2023-03-12T16:10:46.448+0000] {dag.py:3340} INFO - Setting next_dagrun for example_weekday_branch_operator to 2023-03-11T00:00:00+00:00, run_after=2023-03-12T00:00:00+00:00
[2023-03-12T16:10:46.467+0000] {processor.py:176} INFO - Processing /home/airflow/.local/lib/python3.7/site-packages/airflow/example_dags/example_branch_day_of_week_operator.py took 0.106 seconds
[2023-03-12T17:18:13.702+0000] {processor.py:154} INFO - Started process (PID=37332) to work on /home/airflow/.local/lib/python3.7/site-packages/airflow/example_dags/example_branch_day_of_week_operator.py
[2023-03-12T17:18:13.703+0000] {processor.py:756} INFO - Processing file /home/airflow/.local/lib/python3.7/site-packages/airflow/example_dags/example_branch_day_of_week_operator.py for tasks to queue
[2023-03-12T17:18:13.704+0000] {logging_mixin.py:120} INFO - [2023-03-12T17:18:13.704+0000] {dagbag.py:537} INFO - Filling up the DagBag from /home/airflow/.local/lib/python3.7/site-packages/airflow/example_dags/example_branch_day_of_week_operator.py
[2023-03-12T17:18:13.719+0000] {processor.py:766} INFO - DAG(s) dict_keys(['example_weekday_branch_operator']) retrieved from /home/airflow/.local/lib/python3.7/site-packages/airflow/example_dags/example_branch_day_of_week_operator.py
[2023-03-12T17:18:13.756+0000] {logging_mixin.py:120} INFO - [2023-03-12T17:18:13.755+0000] {dag.py:2585} INFO - Sync 1 DAGs
[2023-03-12T17:18:13.796+0000] {logging_mixin.py:120} INFO - [2023-03-12T17:18:13.795+0000] {dag.py:3340} INFO - Setting next_dagrun for example_weekday_branch_operator to 2023-03-11T00:00:00+00:00, run_after=2023-03-12T00:00:00+00:00
[2023-03-12T17:18:13.813+0000] {processor.py:176} INFO - Processing /home/airflow/.local/lib/python3.7/site-packages/airflow/example_dags/example_branch_day_of_week_operator.py took 0.114 seconds
[2023-03-12T18:23:05.076+0000] {processor.py:154} INFO - Started process (PID=37386) to work on /home/airflow/.local/lib/python3.7/site-packages/airflow/example_dags/example_branch_day_of_week_operator.py
[2023-03-12T18:23:05.077+0000] {processor.py:756} INFO - Processing file /home/airflow/.local/lib/python3.7/site-packages/airflow/example_dags/example_branch_day_of_week_operator.py for tasks to queue
[2023-03-12T18:23:05.078+0000] {logging_mixin.py:120} INFO - [2023-03-12T18:23:05.078+0000] {dagbag.py:537} INFO - Filling up the DagBag from /home/airflow/.local/lib/python3.7/site-packages/airflow/example_dags/example_branch_day_of_week_operator.py
[2023-03-12T18:23:05.099+0000] {processor.py:766} INFO - DAG(s) dict_keys(['example_weekday_branch_operator']) retrieved from /home/airflow/.local/lib/python3.7/site-packages/airflow/example_dags/example_branch_day_of_week_operator.py
[2023-03-12T18:23:05.154+0000] {logging_mixin.py:120} INFO - [2023-03-12T18:23:05.154+0000] {dag.py:2585} INFO - Sync 1 DAGs
[2023-03-12T18:23:05.177+0000] {logging_mixin.py:120} INFO - [2023-03-12T18:23:05.177+0000] {dag.py:3340} INFO - Setting next_dagrun for example_weekday_branch_operator to 2023-03-11T00:00:00+00:00, run_after=2023-03-12T00:00:00+00:00
[2023-03-12T18:23:05.196+0000] {processor.py:176} INFO - Processing /home/airflow/.local/lib/python3.7/site-packages/airflow/example_dags/example_branch_day_of_week_operator.py took 0.122 seconds
[2023-03-12T19:03:58.306+0000] {processor.py:154} INFO - Started process (PID=37449) to work on /home/airflow/.local/lib/python3.7/site-packages/airflow/example_dags/example_branch_day_of_week_operator.py
[2023-03-12T19:03:58.307+0000] {processor.py:756} INFO - Processing file /home/airflow/.local/lib/python3.7/site-packages/airflow/example_dags/example_branch_day_of_week_operator.py for tasks to queue
[2023-03-12T19:03:58.308+0000] {logging_mixin.py:120} INFO - [2023-03-12T19:03:58.308+0000] {dagbag.py:537} INFO - Filling up the DagBag from /home/airflow/.local/lib/python3.7/site-packages/airflow/example_dags/example_branch_day_of_week_operator.py
[2023-03-12T19:03:58.324+0000] {processor.py:766} INFO - DAG(s) dict_keys(['example_weekday_branch_operator']) retrieved from /home/airflow/.local/lib/python3.7/site-packages/airflow/example_dags/example_branch_day_of_week_operator.py
[2023-03-12T19:03:58.359+0000] {logging_mixin.py:120} INFO - [2023-03-12T19:03:58.359+0000] {dag.py:2585} INFO - Sync 1 DAGs
[2023-03-12T19:03:58.388+0000] {logging_mixin.py:120} INFO - [2023-03-12T19:03:58.388+0000] {dag.py:3340} INFO - Setting next_dagrun for example_weekday_branch_operator to 2023-03-11T00:00:00+00:00, run_after=2023-03-12T00:00:00+00:00
[2023-03-12T19:03:58.416+0000] {processor.py:176} INFO - Processing /home/airflow/.local/lib/python3.7/site-packages/airflow/example_dags/example_branch_day_of_week_operator.py took 0.113 seconds
[2023-03-12T20:24:27.958+0000] {processor.py:154} INFO - Started process (PID=37511) to work on /home/airflow/.local/lib/python3.7/site-packages/airflow/example_dags/example_branch_day_of_week_operator.py
[2023-03-12T20:24:27.960+0000] {processor.py:756} INFO - Processing file /home/airflow/.local/lib/python3.7/site-packages/airflow/example_dags/example_branch_day_of_week_operator.py for tasks to queue
[2023-03-12T20:24:27.960+0000] {logging_mixin.py:120} INFO - [2023-03-12T20:24:27.960+0000] {dagbag.py:537} INFO - Filling up the DagBag from /home/airflow/.local/lib/python3.7/site-packages/airflow/example_dags/example_branch_day_of_week_operator.py
[2023-03-12T20:24:27.974+0000] {processor.py:766} INFO - DAG(s) dict_keys(['example_weekday_branch_operator']) retrieved from /home/airflow/.local/lib/python3.7/site-packages/airflow/example_dags/example_branch_day_of_week_operator.py
[2023-03-12T20:24:28.007+0000] {logging_mixin.py:120} INFO - [2023-03-12T20:24:28.007+0000] {dag.py:2585} INFO - Sync 1 DAGs
[2023-03-12T20:24:28.027+0000] {logging_mixin.py:120} INFO - [2023-03-12T20:24:28.026+0000] {dag.py:3340} INFO - Setting next_dagrun for example_weekday_branch_operator to 2023-03-11T00:00:00+00:00, run_after=2023-03-12T00:00:00+00:00
[2023-03-12T20:24:28.051+0000] {processor.py:176} INFO - Processing /home/airflow/.local/lib/python3.7/site-packages/airflow/example_dags/example_branch_day_of_week_operator.py took 0.096 seconds
[2023-03-12T21:28:19.045+0000] {processor.py:154} INFO - Started process (PID=37574) to work on /home/airflow/.local/lib/python3.7/site-packages/airflow/example_dags/example_branch_day_of_week_operator.py
[2023-03-12T21:28:19.046+0000] {processor.py:756} INFO - Processing file /home/airflow/.local/lib/python3.7/site-packages/airflow/example_dags/example_branch_day_of_week_operator.py for tasks to queue
[2023-03-12T21:28:19.047+0000] {logging_mixin.py:120} INFO - [2023-03-12T21:28:19.047+0000] {dagbag.py:537} INFO - Filling up the DagBag from /home/airflow/.local/lib/python3.7/site-packages/airflow/example_dags/example_branch_day_of_week_operator.py
[2023-03-12T21:28:19.065+0000] {processor.py:766} INFO - DAG(s) dict_keys(['example_weekday_branch_operator']) retrieved from /home/airflow/.local/lib/python3.7/site-packages/airflow/example_dags/example_branch_day_of_week_operator.py
[2023-03-12T21:28:19.113+0000] {logging_mixin.py:120} INFO - [2023-03-12T21:28:19.113+0000] {dag.py:2585} INFO - Sync 1 DAGs
[2023-03-12T21:28:19.131+0000] {logging_mixin.py:120} INFO - [2023-03-12T21:28:19.131+0000] {dag.py:3340} INFO - Setting next_dagrun for example_weekday_branch_operator to 2023-03-11T00:00:00+00:00, run_after=2023-03-12T00:00:00+00:00
[2023-03-12T21:28:19.143+0000] {processor.py:176} INFO - Processing /home/airflow/.local/lib/python3.7/site-packages/airflow/example_dags/example_branch_day_of_week_operator.py took 0.101 seconds
[2023-03-12T22:30:19.286+0000] {processor.py:154} INFO - Started process (PID=37629) to work on /home/airflow/.local/lib/python3.7/site-packages/airflow/example_dags/example_branch_day_of_week_operator.py
[2023-03-12T22:30:19.287+0000] {processor.py:756} INFO - Processing file /home/airflow/.local/lib/python3.7/site-packages/airflow/example_dags/example_branch_day_of_week_operator.py for tasks to queue
[2023-03-12T22:30:19.288+0000] {logging_mixin.py:120} INFO - [2023-03-12T22:30:19.288+0000] {dagbag.py:537} INFO - Filling up the DagBag from /home/airflow/.local/lib/python3.7/site-packages/airflow/example_dags/example_branch_day_of_week_operator.py
[2023-03-12T22:30:19.299+0000] {processor.py:766} INFO - DAG(s) dict_keys(['example_weekday_branch_operator']) retrieved from /home/airflow/.local/lib/python3.7/site-packages/airflow/example_dags/example_branch_day_of_week_operator.py
[2023-03-12T22:30:19.332+0000] {logging_mixin.py:120} INFO - [2023-03-12T22:30:19.332+0000] {dag.py:2585} INFO - Sync 1 DAGs
[2023-03-12T22:30:19.349+0000] {logging_mixin.py:120} INFO - [2023-03-12T22:30:19.348+0000] {dag.py:3340} INFO - Setting next_dagrun for example_weekday_branch_operator to 2023-03-11T00:00:00+00:00, run_after=2023-03-12T00:00:00+00:00
[2023-03-12T22:30:19.370+0000] {processor.py:176} INFO - Processing /home/airflow/.local/lib/python3.7/site-packages/airflow/example_dags/example_branch_day_of_week_operator.py took 0.087 seconds
[2023-03-12T23:33:24.364+0000] {processor.py:154} INFO - Started process (PID=37692) to work on /home/airflow/.local/lib/python3.7/site-packages/airflow/example_dags/example_branch_day_of_week_operator.py
[2023-03-12T23:33:24.365+0000] {processor.py:756} INFO - Processing file /home/airflow/.local/lib/python3.7/site-packages/airflow/example_dags/example_branch_day_of_week_operator.py for tasks to queue
[2023-03-12T23:33:24.366+0000] {logging_mixin.py:120} INFO - [2023-03-12T23:33:24.366+0000] {dagbag.py:537} INFO - Filling up the DagBag from /home/airflow/.local/lib/python3.7/site-packages/airflow/example_dags/example_branch_day_of_week_operator.py
[2023-03-12T23:33:24.389+0000] {processor.py:766} INFO - DAG(s) dict_keys(['example_weekday_branch_operator']) retrieved from /home/airflow/.local/lib/python3.7/site-packages/airflow/example_dags/example_branch_day_of_week_operator.py
[2023-03-12T23:33:24.443+0000] {logging_mixin.py:120} INFO - [2023-03-12T23:33:24.443+0000] {dag.py:2585} INFO - Sync 1 DAGs
[2023-03-12T23:33:24.467+0000] {logging_mixin.py:120} INFO - [2023-03-12T23:33:24.467+0000] {dag.py:3340} INFO - Setting next_dagrun for example_weekday_branch_operator to 2023-03-11T00:00:00+00:00, run_after=2023-03-12T00:00:00+00:00
[2023-03-12T23:33:24.485+0000] {processor.py:176} INFO - Processing /home/airflow/.local/lib/python3.7/site-packages/airflow/example_dags/example_branch_day_of_week_operator.py took 0.124 seconds
