[2023-03-12T00:05:12.311+0000] {processor.py:154} INFO - Started process (PID=36402) to work on /home/airflow/.local/lib/python3.7/site-packages/airflow/example_dags/tutorial.py
[2023-03-12T00:05:12.312+0000] {processor.py:756} INFO - Processing file /home/airflow/.local/lib/python3.7/site-packages/airflow/example_dags/tutorial.py for tasks to queue
[2023-03-12T00:05:12.313+0000] {logging_mixin.py:120} INFO - [2023-03-12T00:05:12.313+0000] {dagbag.py:537} INFO - Filling up the DagBag from /home/airflow/.local/lib/python3.7/site-packages/airflow/example_dags/tutorial.py
[2023-03-12T00:05:12.323+0000] {processor.py:766} INFO - DAG(s) dict_keys(['tutorial']) retrieved from /home/airflow/.local/lib/python3.7/site-packages/airflow/example_dags/tutorial.py
[2023-03-12T00:05:12.351+0000] {logging_mixin.py:120} INFO - [2023-03-12T00:05:12.351+0000] {dag.py:2585} INFO - Sync 1 DAGs
[2023-03-12T00:05:12.367+0000] {logging_mixin.py:120} INFO - [2023-03-12T00:05:12.367+0000] {dag.py:3340} INFO - Setting next_dagrun for tutorial to 2023-03-11T00:05:12.366805+00:00, run_after=2023-03-12T00:05:12.366805+00:00
[2023-03-12T00:05:12.378+0000] {processor.py:176} INFO - Processing /home/airflow/.local/lib/python3.7/site-packages/airflow/example_dags/tutorial.py took 0.069 seconds
[2023-03-12T01:11:09.390+0000] {processor.py:154} INFO - Started process (PID=36456) to work on /home/airflow/.local/lib/python3.7/site-packages/airflow/example_dags/tutorial.py
[2023-03-12T01:11:09.391+0000] {processor.py:756} INFO - Processing file /home/airflow/.local/lib/python3.7/site-packages/airflow/example_dags/tutorial.py for tasks to queue
[2023-03-12T01:11:09.392+0000] {logging_mixin.py:120} INFO - [2023-03-12T01:11:09.392+0000] {dagbag.py:537} INFO - Filling up the DagBag from /home/airflow/.local/lib/python3.7/site-packages/airflow/example_dags/tutorial.py
[2023-03-12T01:11:09.402+0000] {processor.py:766} INFO - DAG(s) dict_keys(['tutorial']) retrieved from /home/airflow/.local/lib/python3.7/site-packages/airflow/example_dags/tutorial.py
[2023-03-12T01:11:09.428+0000] {logging_mixin.py:120} INFO - [2023-03-12T01:11:09.428+0000] {dag.py:2585} INFO - Sync 1 DAGs
[2023-03-12T01:11:09.445+0000] {logging_mixin.py:120} INFO - [2023-03-12T01:11:09.445+0000] {dag.py:3340} INFO - Setting next_dagrun for tutorial to 2023-03-11T01:11:09.445101+00:00, run_after=2023-03-12T01:11:09.445101+00:00
[2023-03-12T01:11:09.457+0000] {processor.py:176} INFO - Processing /home/airflow/.local/lib/python3.7/site-packages/airflow/example_dags/tutorial.py took 0.070 seconds
[2023-03-12T02:20:07.681+0000] {processor.py:154} INFO - Started process (PID=36520) to work on /home/airflow/.local/lib/python3.7/site-packages/airflow/example_dags/tutorial.py
[2023-03-12T02:20:07.682+0000] {processor.py:756} INFO - Processing file /home/airflow/.local/lib/python3.7/site-packages/airflow/example_dags/tutorial.py for tasks to queue
[2023-03-12T02:20:07.683+0000] {logging_mixin.py:120} INFO - [2023-03-12T02:20:07.683+0000] {dagbag.py:537} INFO - Filling up the DagBag from /home/airflow/.local/lib/python3.7/site-packages/airflow/example_dags/tutorial.py
[2023-03-12T02:20:07.695+0000] {processor.py:766} INFO - DAG(s) dict_keys(['tutorial']) retrieved from /home/airflow/.local/lib/python3.7/site-packages/airflow/example_dags/tutorial.py
[2023-03-12T02:20:07.726+0000] {logging_mixin.py:120} INFO - [2023-03-12T02:20:07.726+0000] {dag.py:2585} INFO - Sync 1 DAGs
[2023-03-12T02:20:07.740+0000] {logging_mixin.py:120} INFO - [2023-03-12T02:20:07.740+0000] {dag.py:3340} INFO - Setting next_dagrun for tutorial to 2023-03-11T02:20:07.740679+00:00, run_after=2023-03-12T02:20:07.740679+00:00
[2023-03-12T02:20:07.751+0000] {processor.py:176} INFO - Processing /home/airflow/.local/lib/python3.7/site-packages/airflow/example_dags/tutorial.py took 0.073 seconds
[2023-03-12T03:43:53.459+0000] {processor.py:154} INFO - Started process (PID=36583) to work on /home/airflow/.local/lib/python3.7/site-packages/airflow/example_dags/tutorial.py
[2023-03-12T03:43:53.461+0000] {processor.py:756} INFO - Processing file /home/airflow/.local/lib/python3.7/site-packages/airflow/example_dags/tutorial.py for tasks to queue
[2023-03-12T03:43:53.464+0000] {logging_mixin.py:120} INFO - [2023-03-12T03:43:53.464+0000] {dagbag.py:537} INFO - Filling up the DagBag from /home/airflow/.local/lib/python3.7/site-packages/airflow/example_dags/tutorial.py
[2023-03-12T03:43:53.482+0000] {processor.py:766} INFO - DAG(s) dict_keys(['tutorial']) retrieved from /home/airflow/.local/lib/python3.7/site-packages/airflow/example_dags/tutorial.py
[2023-03-12T03:43:53.527+0000] {logging_mixin.py:120} INFO - [2023-03-12T03:43:53.527+0000] {dag.py:2585} INFO - Sync 1 DAGs
[2023-03-12T03:43:53.549+0000] {logging_mixin.py:120} INFO - [2023-03-12T03:43:53.549+0000] {dag.py:3340} INFO - Setting next_dagrun for tutorial to 2023-03-11T03:43:53.548942+00:00, run_after=2023-03-12T03:43:53.548942+00:00
[2023-03-12T03:43:53.560+0000] {processor.py:176} INFO - Processing /home/airflow/.local/lib/python3.7/site-packages/airflow/example_dags/tutorial.py took 0.104 seconds
[2023-03-12T04:47:38.485+0000] {processor.py:154} INFO - Started process (PID=36646) to work on /home/airflow/.local/lib/python3.7/site-packages/airflow/example_dags/tutorial.py
[2023-03-12T04:47:38.489+0000] {processor.py:756} INFO - Processing file /home/airflow/.local/lib/python3.7/site-packages/airflow/example_dags/tutorial.py for tasks to queue
[2023-03-12T04:47:38.489+0000] {logging_mixin.py:120} INFO - [2023-03-12T04:47:38.489+0000] {dagbag.py:537} INFO - Filling up the DagBag from /home/airflow/.local/lib/python3.7/site-packages/airflow/example_dags/tutorial.py
[2023-03-12T04:47:38.503+0000] {processor.py:766} INFO - DAG(s) dict_keys(['tutorial']) retrieved from /home/airflow/.local/lib/python3.7/site-packages/airflow/example_dags/tutorial.py
[2023-03-12T04:47:38.547+0000] {logging_mixin.py:120} INFO - [2023-03-12T04:47:38.547+0000] {dag.py:2585} INFO - Sync 1 DAGs
[2023-03-12T04:47:38.562+0000] {logging_mixin.py:120} INFO - [2023-03-12T04:47:38.562+0000] {dag.py:3340} INFO - Setting next_dagrun for tutorial to 2023-03-11T04:47:38.562380+00:00, run_after=2023-03-12T04:47:38.562380+00:00
[2023-03-12T04:47:38.573+0000] {processor.py:176} INFO - Processing /home/airflow/.local/lib/python3.7/site-packages/airflow/example_dags/tutorial.py took 0.098 seconds
[2023-03-12T05:46:52.504+0000] {processor.py:154} INFO - Started process (PID=36709) to work on /home/airflow/.local/lib/python3.7/site-packages/airflow/example_dags/tutorial.py
[2023-03-12T05:46:52.505+0000] {processor.py:756} INFO - Processing file /home/airflow/.local/lib/python3.7/site-packages/airflow/example_dags/tutorial.py for tasks to queue
[2023-03-12T05:46:52.506+0000] {logging_mixin.py:120} INFO - [2023-03-12T05:46:52.506+0000] {dagbag.py:537} INFO - Filling up the DagBag from /home/airflow/.local/lib/python3.7/site-packages/airflow/example_dags/tutorial.py
[2023-03-12T05:46:52.519+0000] {processor.py:766} INFO - DAG(s) dict_keys(['tutorial']) retrieved from /home/airflow/.local/lib/python3.7/site-packages/airflow/example_dags/tutorial.py
[2023-03-12T05:46:52.553+0000] {logging_mixin.py:120} INFO - [2023-03-12T05:46:52.553+0000] {dag.py:2585} INFO - Sync 1 DAGs
[2023-03-12T05:46:52.570+0000] {logging_mixin.py:120} INFO - [2023-03-12T05:46:52.570+0000] {dag.py:3340} INFO - Setting next_dagrun for tutorial to 2023-03-11T05:46:52.569895+00:00, run_after=2023-03-12T05:46:52.569895+00:00
[2023-03-12T05:46:52.581+0000] {processor.py:176} INFO - Processing /home/airflow/.local/lib/python3.7/site-packages/airflow/example_dags/tutorial.py took 0.079 seconds
[2023-03-12T06:51:40.689+0000] {processor.py:154} INFO - Started process (PID=36763) to work on /home/airflow/.local/lib/python3.7/site-packages/airflow/example_dags/tutorial.py
[2023-03-12T06:51:40.691+0000] {processor.py:756} INFO - Processing file /home/airflow/.local/lib/python3.7/site-packages/airflow/example_dags/tutorial.py for tasks to queue
[2023-03-12T06:51:40.691+0000] {logging_mixin.py:120} INFO - [2023-03-12T06:51:40.691+0000] {dagbag.py:537} INFO - Filling up the DagBag from /home/airflow/.local/lib/python3.7/site-packages/airflow/example_dags/tutorial.py
[2023-03-12T06:51:40.708+0000] {processor.py:766} INFO - DAG(s) dict_keys(['tutorial']) retrieved from /home/airflow/.local/lib/python3.7/site-packages/airflow/example_dags/tutorial.py
[2023-03-12T06:51:40.755+0000] {logging_mixin.py:120} INFO - [2023-03-12T06:51:40.755+0000] {dag.py:2585} INFO - Sync 1 DAGs
[2023-03-12T06:51:40.774+0000] {logging_mixin.py:120} INFO - [2023-03-12T06:51:40.774+0000] {dag.py:3340} INFO - Setting next_dagrun for tutorial to 2023-03-11T06:51:40.774428+00:00, run_after=2023-03-12T06:51:40.774428+00:00
[2023-03-12T06:51:40.792+0000] {processor.py:176} INFO - Processing /home/airflow/.local/lib/python3.7/site-packages/airflow/example_dags/tutorial.py took 0.105 seconds
[2023-03-12T07:59:58.016+0000] {processor.py:154} INFO - Started process (PID=36827) to work on /home/airflow/.local/lib/python3.7/site-packages/airflow/example_dags/tutorial.py
[2023-03-12T07:59:58.018+0000] {processor.py:756} INFO - Processing file /home/airflow/.local/lib/python3.7/site-packages/airflow/example_dags/tutorial.py for tasks to queue
[2023-03-12T07:59:58.019+0000] {logging_mixin.py:120} INFO - [2023-03-12T07:59:58.019+0000] {dagbag.py:537} INFO - Filling up the DagBag from /home/airflow/.local/lib/python3.7/site-packages/airflow/example_dags/tutorial.py
[2023-03-12T07:59:58.030+0000] {processor.py:766} INFO - DAG(s) dict_keys(['tutorial']) retrieved from /home/airflow/.local/lib/python3.7/site-packages/airflow/example_dags/tutorial.py
[2023-03-12T07:59:58.084+0000] {logging_mixin.py:120} INFO - [2023-03-12T07:59:58.084+0000] {dag.py:2585} INFO - Sync 1 DAGs
[2023-03-12T07:59:58.103+0000] {logging_mixin.py:120} INFO - [2023-03-12T07:59:58.103+0000] {dag.py:3340} INFO - Setting next_dagrun for tutorial to 2023-03-11T07:59:58.103292+00:00, run_after=2023-03-12T07:59:58.103292+00:00
[2023-03-12T07:59:58.119+0000] {processor.py:176} INFO - Processing /home/airflow/.local/lib/python3.7/site-packages/airflow/example_dags/tutorial.py took 0.106 seconds
[2023-03-12T09:20:38.196+0000] {processor.py:154} INFO - Started process (PID=36890) to work on /home/airflow/.local/lib/python3.7/site-packages/airflow/example_dags/tutorial.py
[2023-03-12T09:20:38.197+0000] {processor.py:756} INFO - Processing file /home/airflow/.local/lib/python3.7/site-packages/airflow/example_dags/tutorial.py for tasks to queue
[2023-03-12T09:20:38.198+0000] {logging_mixin.py:120} INFO - [2023-03-12T09:20:38.198+0000] {dagbag.py:537} INFO - Filling up the DagBag from /home/airflow/.local/lib/python3.7/site-packages/airflow/example_dags/tutorial.py
[2023-03-12T09:20:38.211+0000] {processor.py:766} INFO - DAG(s) dict_keys(['tutorial']) retrieved from /home/airflow/.local/lib/python3.7/site-packages/airflow/example_dags/tutorial.py
[2023-03-12T09:20:38.252+0000] {logging_mixin.py:120} INFO - [2023-03-12T09:20:38.252+0000] {dag.py:2585} INFO - Sync 1 DAGs
[2023-03-12T09:20:38.270+0000] {logging_mixin.py:120} INFO - [2023-03-12T09:20:38.270+0000] {dag.py:3340} INFO - Setting next_dagrun for tutorial to 2023-03-11T09:20:38.270584+00:00, run_after=2023-03-12T09:20:38.270584+00:00
[2023-03-12T09:20:38.290+0000] {processor.py:176} INFO - Processing /home/airflow/.local/lib/python3.7/site-packages/airflow/example_dags/tutorial.py took 0.097 seconds
[2023-03-12T10:26:32.326+0000] {processor.py:154} INFO - Started process (PID=36953) to work on /home/airflow/.local/lib/python3.7/site-packages/airflow/example_dags/tutorial.py
[2023-03-12T10:26:32.330+0000] {processor.py:756} INFO - Processing file /home/airflow/.local/lib/python3.7/site-packages/airflow/example_dags/tutorial.py for tasks to queue
[2023-03-12T10:26:32.331+0000] {logging_mixin.py:120} INFO - [2023-03-12T10:26:32.331+0000] {dagbag.py:537} INFO - Filling up the DagBag from /home/airflow/.local/lib/python3.7/site-packages/airflow/example_dags/tutorial.py
[2023-03-12T10:26:32.348+0000] {processor.py:766} INFO - DAG(s) dict_keys(['tutorial']) retrieved from /home/airflow/.local/lib/python3.7/site-packages/airflow/example_dags/tutorial.py
[2023-03-12T10:26:32.404+0000] {logging_mixin.py:120} INFO - [2023-03-12T10:26:32.404+0000] {dag.py:2585} INFO - Sync 1 DAGs
[2023-03-12T10:26:32.437+0000] {logging_mixin.py:120} INFO - [2023-03-12T10:26:32.437+0000] {dag.py:3340} INFO - Setting next_dagrun for tutorial to 2023-03-11T10:26:32.437640+00:00, run_after=2023-03-12T10:26:32.437640+00:00
[2023-03-12T10:26:32.454+0000] {processor.py:176} INFO - Processing /home/airflow/.local/lib/python3.7/site-packages/airflow/example_dags/tutorial.py took 0.134 seconds
[2023-03-12T11:32:27.394+0000] {processor.py:154} INFO - Started process (PID=37016) to work on /home/airflow/.local/lib/python3.7/site-packages/airflow/example_dags/tutorial.py
[2023-03-12T11:32:27.399+0000] {processor.py:756} INFO - Processing file /home/airflow/.local/lib/python3.7/site-packages/airflow/example_dags/tutorial.py for tasks to queue
[2023-03-12T11:32:27.400+0000] {logging_mixin.py:120} INFO - [2023-03-12T11:32:27.400+0000] {dagbag.py:537} INFO - Filling up the DagBag from /home/airflow/.local/lib/python3.7/site-packages/airflow/example_dags/tutorial.py
[2023-03-12T11:32:27.422+0000] {processor.py:766} INFO - DAG(s) dict_keys(['tutorial']) retrieved from /home/airflow/.local/lib/python3.7/site-packages/airflow/example_dags/tutorial.py
[2023-03-12T11:32:27.501+0000] {logging_mixin.py:120} INFO - [2023-03-12T11:32:27.501+0000] {dag.py:2585} INFO - Sync 1 DAGs
[2023-03-12T11:32:27.527+0000] {logging_mixin.py:120} INFO - [2023-03-12T11:32:27.527+0000] {dag.py:3340} INFO - Setting next_dagrun for tutorial to 2023-03-11T11:32:27.527070+00:00, run_after=2023-03-12T11:32:27.527070+00:00
[2023-03-12T11:32:27.569+0000] {processor.py:176} INFO - Processing /home/airflow/.local/lib/python3.7/site-packages/airflow/example_dags/tutorial.py took 0.179 seconds
[2023-03-12T12:40:40.427+0000] {processor.py:154} INFO - Started process (PID=37070) to work on /home/airflow/.local/lib/python3.7/site-packages/airflow/example_dags/tutorial.py
[2023-03-12T12:40:40.428+0000] {processor.py:756} INFO - Processing file /home/airflow/.local/lib/python3.7/site-packages/airflow/example_dags/tutorial.py for tasks to queue
[2023-03-12T12:40:40.429+0000] {logging_mixin.py:120} INFO - [2023-03-12T12:40:40.429+0000] {dagbag.py:537} INFO - Filling up the DagBag from /home/airflow/.local/lib/python3.7/site-packages/airflow/example_dags/tutorial.py
[2023-03-12T12:40:40.441+0000] {processor.py:766} INFO - DAG(s) dict_keys(['tutorial']) retrieved from /home/airflow/.local/lib/python3.7/site-packages/airflow/example_dags/tutorial.py
[2023-03-12T12:40:40.499+0000] {logging_mixin.py:120} INFO - [2023-03-12T12:40:40.499+0000] {dag.py:2585} INFO - Sync 1 DAGs
[2023-03-12T12:40:40.518+0000] {logging_mixin.py:120} INFO - [2023-03-12T12:40:40.518+0000] {dag.py:3340} INFO - Setting next_dagrun for tutorial to 2023-03-11T12:40:40.518379+00:00, run_after=2023-03-12T12:40:40.518379+00:00
[2023-03-12T12:40:40.530+0000] {processor.py:176} INFO - Processing /home/airflow/.local/lib/python3.7/site-packages/airflow/example_dags/tutorial.py took 0.106 seconds
[2023-03-12T13:59:48.742+0000] {processor.py:154} INFO - Started process (PID=37133) to work on /home/airflow/.local/lib/python3.7/site-packages/airflow/example_dags/tutorial.py
[2023-03-12T13:59:48.744+0000] {processor.py:756} INFO - Processing file /home/airflow/.local/lib/python3.7/site-packages/airflow/example_dags/tutorial.py for tasks to queue
[2023-03-12T13:59:48.744+0000] {logging_mixin.py:120} INFO - [2023-03-12T13:59:48.744+0000] {dagbag.py:537} INFO - Filling up the DagBag from /home/airflow/.local/lib/python3.7/site-packages/airflow/example_dags/tutorial.py
[2023-03-12T13:59:48.756+0000] {processor.py:766} INFO - DAG(s) dict_keys(['tutorial']) retrieved from /home/airflow/.local/lib/python3.7/site-packages/airflow/example_dags/tutorial.py
[2023-03-12T13:59:48.786+0000] {logging_mixin.py:120} INFO - [2023-03-12T13:59:48.786+0000] {dag.py:2585} INFO - Sync 1 DAGs
[2023-03-12T13:59:48.805+0000] {logging_mixin.py:120} INFO - [2023-03-12T13:59:48.805+0000] {dag.py:3340} INFO - Setting next_dagrun for tutorial to 2023-03-11T13:59:48.805221+00:00, run_after=2023-03-12T13:59:48.805221+00:00
[2023-03-12T13:59:48.818+0000] {processor.py:176} INFO - Processing /home/airflow/.local/lib/python3.7/site-packages/airflow/example_dags/tutorial.py took 0.079 seconds
[2023-03-12T15:06:06.423+0000] {processor.py:154} INFO - Started process (PID=37196) to work on /home/airflow/.local/lib/python3.7/site-packages/airflow/example_dags/tutorial.py
[2023-03-12T15:06:06.424+0000] {processor.py:756} INFO - Processing file /home/airflow/.local/lib/python3.7/site-packages/airflow/example_dags/tutorial.py for tasks to queue
[2023-03-12T15:06:06.425+0000] {logging_mixin.py:120} INFO - [2023-03-12T15:06:06.425+0000] {dagbag.py:537} INFO - Filling up the DagBag from /home/airflow/.local/lib/python3.7/site-packages/airflow/example_dags/tutorial.py
[2023-03-12T15:06:06.446+0000] {processor.py:766} INFO - DAG(s) dict_keys(['tutorial']) retrieved from /home/airflow/.local/lib/python3.7/site-packages/airflow/example_dags/tutorial.py
[2023-03-12T15:06:06.486+0000] {logging_mixin.py:120} INFO - [2023-03-12T15:06:06.486+0000] {dag.py:2585} INFO - Sync 1 DAGs
[2023-03-12T15:06:06.501+0000] {logging_mixin.py:120} INFO - [2023-03-12T15:06:06.501+0000] {dag.py:3340} INFO - Setting next_dagrun for tutorial to 2023-03-11T15:06:06.501316+00:00, run_after=2023-03-12T15:06:06.501316+00:00
[2023-03-12T15:06:06.521+0000] {processor.py:176} INFO - Processing /home/airflow/.local/lib/python3.7/site-packages/airflow/example_dags/tutorial.py took 0.102 seconds
[2023-03-12T16:10:45.559+0000] {processor.py:154} INFO - Started process (PID=37260) to work on /home/airflow/.local/lib/python3.7/site-packages/airflow/example_dags/tutorial.py
[2023-03-12T16:10:45.563+0000] {processor.py:756} INFO - Processing file /home/airflow/.local/lib/python3.7/site-packages/airflow/example_dags/tutorial.py for tasks to queue
[2023-03-12T16:10:45.564+0000] {logging_mixin.py:120} INFO - [2023-03-12T16:10:45.564+0000] {dagbag.py:537} INFO - Filling up the DagBag from /home/airflow/.local/lib/python3.7/site-packages/airflow/example_dags/tutorial.py
[2023-03-12T16:10:45.583+0000] {processor.py:766} INFO - DAG(s) dict_keys(['tutorial']) retrieved from /home/airflow/.local/lib/python3.7/site-packages/airflow/example_dags/tutorial.py
[2023-03-12T16:10:45.635+0000] {logging_mixin.py:120} INFO - [2023-03-12T16:10:45.635+0000] {dag.py:2585} INFO - Sync 1 DAGs
[2023-03-12T16:10:45.654+0000] {logging_mixin.py:120} INFO - [2023-03-12T16:10:45.654+0000] {dag.py:3340} INFO - Setting next_dagrun for tutorial to 2023-03-11T16:10:45.654424+00:00, run_after=2023-03-12T16:10:45.654424+00:00
[2023-03-12T16:10:45.674+0000] {processor.py:176} INFO - Processing /home/airflow/.local/lib/python3.7/site-packages/airflow/example_dags/tutorial.py took 0.121 seconds
[2023-03-12T17:18:12.703+0000] {processor.py:154} INFO - Started process (PID=37321) to work on /home/airflow/.local/lib/python3.7/site-packages/airflow/example_dags/tutorial.py
[2023-03-12T17:18:12.708+0000] {processor.py:756} INFO - Processing file /home/airflow/.local/lib/python3.7/site-packages/airflow/example_dags/tutorial.py for tasks to queue
[2023-03-12T17:18:12.709+0000] {logging_mixin.py:120} INFO - [2023-03-12T17:18:12.709+0000] {dagbag.py:537} INFO - Filling up the DagBag from /home/airflow/.local/lib/python3.7/site-packages/airflow/example_dags/tutorial.py
[2023-03-12T17:18:12.732+0000] {processor.py:766} INFO - DAG(s) dict_keys(['tutorial']) retrieved from /home/airflow/.local/lib/python3.7/site-packages/airflow/example_dags/tutorial.py
[2023-03-12T17:18:12.794+0000] {logging_mixin.py:120} INFO - [2023-03-12T17:18:12.794+0000] {dag.py:2585} INFO - Sync 1 DAGs
[2023-03-12T17:18:12.817+0000] {logging_mixin.py:120} INFO - [2023-03-12T17:18:12.817+0000] {dag.py:3340} INFO - Setting next_dagrun for tutorial to 2023-03-11T17:18:12.817137+00:00, run_after=2023-03-12T17:18:12.817137+00:00
[2023-03-12T17:18:12.844+0000] {processor.py:176} INFO - Processing /home/airflow/.local/lib/python3.7/site-packages/airflow/example_dags/tutorial.py took 0.144 seconds
[2023-03-12T18:23:04.252+0000] {processor.py:154} INFO - Started process (PID=37377) to work on /home/airflow/.local/lib/python3.7/site-packages/airflow/example_dags/tutorial.py
[2023-03-12T18:23:04.253+0000] {processor.py:756} INFO - Processing file /home/airflow/.local/lib/python3.7/site-packages/airflow/example_dags/tutorial.py for tasks to queue
[2023-03-12T18:23:04.254+0000] {logging_mixin.py:120} INFO - [2023-03-12T18:23:04.254+0000] {dagbag.py:537} INFO - Filling up the DagBag from /home/airflow/.local/lib/python3.7/site-packages/airflow/example_dags/tutorial.py
[2023-03-12T18:23:04.270+0000] {processor.py:766} INFO - DAG(s) dict_keys(['tutorial']) retrieved from /home/airflow/.local/lib/python3.7/site-packages/airflow/example_dags/tutorial.py
[2023-03-12T18:23:04.306+0000] {logging_mixin.py:120} INFO - [2023-03-12T18:23:04.306+0000] {dag.py:2585} INFO - Sync 1 DAGs
[2023-03-12T18:23:04.322+0000] {logging_mixin.py:120} INFO - [2023-03-12T18:23:04.322+0000] {dag.py:3340} INFO - Setting next_dagrun for tutorial to 2023-03-11T18:23:04.322439+00:00, run_after=2023-03-12T18:23:04.322439+00:00
[2023-03-12T18:23:04.332+0000] {processor.py:176} INFO - Processing /home/airflow/.local/lib/python3.7/site-packages/airflow/example_dags/tutorial.py took 0.085 seconds
[2023-03-12T19:03:57.505+0000] {processor.py:154} INFO - Started process (PID=37440) to work on /home/airflow/.local/lib/python3.7/site-packages/airflow/example_dags/tutorial.py
[2023-03-12T19:03:57.509+0000] {processor.py:756} INFO - Processing file /home/airflow/.local/lib/python3.7/site-packages/airflow/example_dags/tutorial.py for tasks to queue
[2023-03-12T19:03:57.514+0000] {logging_mixin.py:120} INFO - [2023-03-12T19:03:57.514+0000] {dagbag.py:537} INFO - Filling up the DagBag from /home/airflow/.local/lib/python3.7/site-packages/airflow/example_dags/tutorial.py
[2023-03-12T19:03:57.530+0000] {processor.py:766} INFO - DAG(s) dict_keys(['tutorial']) retrieved from /home/airflow/.local/lib/python3.7/site-packages/airflow/example_dags/tutorial.py
[2023-03-12T19:03:57.591+0000] {logging_mixin.py:120} INFO - [2023-03-12T19:03:57.591+0000] {dag.py:2585} INFO - Sync 1 DAGs
[2023-03-12T19:03:57.610+0000] {logging_mixin.py:120} INFO - [2023-03-12T19:03:57.610+0000] {dag.py:3340} INFO - Setting next_dagrun for tutorial to 2023-03-11T19:03:57.610008+00:00, run_after=2023-03-12T19:03:57.610008+00:00
[2023-03-12T19:03:57.626+0000] {processor.py:176} INFO - Processing /home/airflow/.local/lib/python3.7/site-packages/airflow/example_dags/tutorial.py took 0.123 seconds
[2023-03-12T20:24:27.056+0000] {processor.py:154} INFO - Started process (PID=37502) to work on /home/airflow/.local/lib/python3.7/site-packages/airflow/example_dags/tutorial.py
[2023-03-12T20:24:27.059+0000] {processor.py:756} INFO - Processing file /home/airflow/.local/lib/python3.7/site-packages/airflow/example_dags/tutorial.py for tasks to queue
[2023-03-12T20:24:27.062+0000] {logging_mixin.py:120} INFO - [2023-03-12T20:24:27.062+0000] {dagbag.py:537} INFO - Filling up the DagBag from /home/airflow/.local/lib/python3.7/site-packages/airflow/example_dags/tutorial.py
[2023-03-12T20:24:27.084+0000] {processor.py:766} INFO - DAG(s) dict_keys(['tutorial']) retrieved from /home/airflow/.local/lib/python3.7/site-packages/airflow/example_dags/tutorial.py
[2023-03-12T20:24:27.134+0000] {logging_mixin.py:120} INFO - [2023-03-12T20:24:27.134+0000] {dag.py:2585} INFO - Sync 1 DAGs
[2023-03-12T20:24:27.161+0000] {logging_mixin.py:120} INFO - [2023-03-12T20:24:27.161+0000] {dag.py:3340} INFO - Setting next_dagrun for tutorial to 2023-03-11T20:24:27.161310+00:00, run_after=2023-03-12T20:24:27.161310+00:00
[2023-03-12T20:24:27.182+0000] {processor.py:176} INFO - Processing /home/airflow/.local/lib/python3.7/site-packages/airflow/example_dags/tutorial.py took 0.129 seconds
[2023-03-12T21:28:18.194+0000] {processor.py:154} INFO - Started process (PID=37565) to work on /home/airflow/.local/lib/python3.7/site-packages/airflow/example_dags/tutorial.py
[2023-03-12T21:28:18.197+0000] {processor.py:756} INFO - Processing file /home/airflow/.local/lib/python3.7/site-packages/airflow/example_dags/tutorial.py for tasks to queue
[2023-03-12T21:28:18.206+0000] {logging_mixin.py:120} INFO - [2023-03-12T21:28:18.206+0000] {dagbag.py:537} INFO - Filling up the DagBag from /home/airflow/.local/lib/python3.7/site-packages/airflow/example_dags/tutorial.py
[2023-03-12T21:28:18.222+0000] {processor.py:766} INFO - DAG(s) dict_keys(['tutorial']) retrieved from /home/airflow/.local/lib/python3.7/site-packages/airflow/example_dags/tutorial.py
[2023-03-12T21:28:18.267+0000] {logging_mixin.py:120} INFO - [2023-03-12T21:28:18.267+0000] {dag.py:2585} INFO - Sync 1 DAGs
[2023-03-12T21:28:18.301+0000] {logging_mixin.py:120} INFO - [2023-03-12T21:28:18.301+0000] {dag.py:3340} INFO - Setting next_dagrun for tutorial to 2023-03-11T21:28:18.301366+00:00, run_after=2023-03-12T21:28:18.301366+00:00
[2023-03-12T21:28:18.320+0000] {processor.py:176} INFO - Processing /home/airflow/.local/lib/python3.7/site-packages/airflow/example_dags/tutorial.py took 0.131 seconds
[2023-03-12T22:30:18.627+0000] {processor.py:154} INFO - Started process (PID=37620) to work on /home/airflow/.local/lib/python3.7/site-packages/airflow/example_dags/tutorial.py
[2023-03-12T22:30:18.628+0000] {processor.py:756} INFO - Processing file /home/airflow/.local/lib/python3.7/site-packages/airflow/example_dags/tutorial.py for tasks to queue
[2023-03-12T22:30:18.628+0000] {logging_mixin.py:120} INFO - [2023-03-12T22:30:18.628+0000] {dagbag.py:537} INFO - Filling up the DagBag from /home/airflow/.local/lib/python3.7/site-packages/airflow/example_dags/tutorial.py
[2023-03-12T22:30:18.644+0000] {processor.py:766} INFO - DAG(s) dict_keys(['tutorial']) retrieved from /home/airflow/.local/lib/python3.7/site-packages/airflow/example_dags/tutorial.py
[2023-03-12T22:30:18.689+0000] {logging_mixin.py:120} INFO - [2023-03-12T22:30:18.686+0000] {dag.py:2585} INFO - Sync 1 DAGs
[2023-03-12T22:30:18.717+0000] {logging_mixin.py:120} INFO - [2023-03-12T22:30:18.717+0000] {dag.py:3340} INFO - Setting next_dagrun for tutorial to 2023-03-11T22:30:18.716959+00:00, run_after=2023-03-12T22:30:18.716959+00:00
[2023-03-12T22:30:18.734+0000] {processor.py:176} INFO - Processing /home/airflow/.local/lib/python3.7/site-packages/airflow/example_dags/tutorial.py took 0.110 seconds
[2023-03-12T23:33:23.127+0000] {processor.py:154} INFO - Started process (PID=37683) to work on /home/airflow/.local/lib/python3.7/site-packages/airflow/example_dags/tutorial.py
[2023-03-12T23:33:23.128+0000] {processor.py:756} INFO - Processing file /home/airflow/.local/lib/python3.7/site-packages/airflow/example_dags/tutorial.py for tasks to queue
[2023-03-12T23:33:23.131+0000] {logging_mixin.py:120} INFO - [2023-03-12T23:33:23.131+0000] {dagbag.py:537} INFO - Filling up the DagBag from /home/airflow/.local/lib/python3.7/site-packages/airflow/example_dags/tutorial.py
[2023-03-12T23:33:23.149+0000] {processor.py:766} INFO - DAG(s) dict_keys(['tutorial']) retrieved from /home/airflow/.local/lib/python3.7/site-packages/airflow/example_dags/tutorial.py
[2023-03-12T23:33:23.190+0000] {logging_mixin.py:120} INFO - [2023-03-12T23:33:23.190+0000] {dag.py:2585} INFO - Sync 1 DAGs
[2023-03-12T23:33:23.211+0000] {logging_mixin.py:120} INFO - [2023-03-12T23:33:23.211+0000] {dag.py:3340} INFO - Setting next_dagrun for tutorial to 2023-03-11T23:33:23.210810+00:00, run_after=2023-03-12T23:33:23.210810+00:00
[2023-03-12T23:33:23.231+0000] {processor.py:176} INFO - Processing /home/airflow/.local/lib/python3.7/site-packages/airflow/example_dags/tutorial.py took 0.107 seconds
