[2023-03-12T00:05:10.810+0000] {processor.py:154} INFO - Started process (PID=36370) to work on /home/airflow/.local/lib/python3.7/site-packages/airflow/example_dags/tutorial_dag.py
[2023-03-12T00:05:10.811+0000] {processor.py:756} INFO - Processing file /home/airflow/.local/lib/python3.7/site-packages/airflow/example_dags/tutorial_dag.py for tasks to queue
[2023-03-12T00:05:10.811+0000] {logging_mixin.py:120} INFO - [2023-03-12T00:05:10.811+0000] {dagbag.py:537} INFO - Filling up the DagBag from /home/airflow/.local/lib/python3.7/site-packages/airflow/example_dags/tutorial_dag.py
[2023-03-12T00:05:10.821+0000] {processor.py:766} INFO - DAG(s) dict_keys(['tutorial_dag']) retrieved from /home/airflow/.local/lib/python3.7/site-packages/airflow/example_dags/tutorial_dag.py
[2023-03-12T00:05:10.849+0000] {logging_mixin.py:120} INFO - [2023-03-12T00:05:10.849+0000] {dag.py:2585} INFO - Sync 1 DAGs
[2023-03-12T00:05:10.864+0000] {logging_mixin.py:120} INFO - [2023-03-12T00:05:10.864+0000] {dag.py:3340} INFO - Setting next_dagrun for tutorial_dag to None, run_after=None
[2023-03-12T00:05:10.876+0000] {processor.py:176} INFO - Processing /home/airflow/.local/lib/python3.7/site-packages/airflow/example_dags/tutorial_dag.py took 0.068 seconds
[2023-03-12T01:11:07.840+0000] {processor.py:154} INFO - Started process (PID=36433) to work on /home/airflow/.local/lib/python3.7/site-packages/airflow/example_dags/tutorial_dag.py
[2023-03-12T01:11:07.841+0000] {processor.py:756} INFO - Processing file /home/airflow/.local/lib/python3.7/site-packages/airflow/example_dags/tutorial_dag.py for tasks to queue
[2023-03-12T01:11:07.842+0000] {logging_mixin.py:120} INFO - [2023-03-12T01:11:07.842+0000] {dagbag.py:537} INFO - Filling up the DagBag from /home/airflow/.local/lib/python3.7/site-packages/airflow/example_dags/tutorial_dag.py
[2023-03-12T01:11:07.855+0000] {processor.py:766} INFO - DAG(s) dict_keys(['tutorial_dag']) retrieved from /home/airflow/.local/lib/python3.7/site-packages/airflow/example_dags/tutorial_dag.py
[2023-03-12T01:11:07.887+0000] {logging_mixin.py:120} INFO - [2023-03-12T01:11:07.887+0000] {dag.py:2585} INFO - Sync 1 DAGs
[2023-03-12T01:11:07.902+0000] {logging_mixin.py:120} INFO - [2023-03-12T01:11:07.902+0000] {dag.py:3340} INFO - Setting next_dagrun for tutorial_dag to None, run_after=None
[2023-03-12T01:11:07.913+0000] {processor.py:176} INFO - Processing /home/airflow/.local/lib/python3.7/site-packages/airflow/example_dags/tutorial_dag.py took 0.075 seconds
[2023-03-12T02:20:05.546+0000] {processor.py:154} INFO - Started process (PID=36497) to work on /home/airflow/.local/lib/python3.7/site-packages/airflow/example_dags/tutorial_dag.py
[2023-03-12T02:20:05.547+0000] {processor.py:756} INFO - Processing file /home/airflow/.local/lib/python3.7/site-packages/airflow/example_dags/tutorial_dag.py for tasks to queue
[2023-03-12T02:20:05.548+0000] {logging_mixin.py:120} INFO - [2023-03-12T02:20:05.548+0000] {dagbag.py:537} INFO - Filling up the DagBag from /home/airflow/.local/lib/python3.7/site-packages/airflow/example_dags/tutorial_dag.py
[2023-03-12T02:20:05.557+0000] {processor.py:766} INFO - DAG(s) dict_keys(['tutorial_dag']) retrieved from /home/airflow/.local/lib/python3.7/site-packages/airflow/example_dags/tutorial_dag.py
[2023-03-12T02:20:05.939+0000] {logging_mixin.py:120} INFO - [2023-03-12T02:20:05.939+0000] {dag.py:2585} INFO - Sync 1 DAGs
[2023-03-12T02:20:05.964+0000] {logging_mixin.py:120} INFO - [2023-03-12T02:20:05.964+0000] {dag.py:3340} INFO - Setting next_dagrun for tutorial_dag to None, run_after=None
[2023-03-12T02:20:05.978+0000] {processor.py:176} INFO - Processing /home/airflow/.local/lib/python3.7/site-packages/airflow/example_dags/tutorial_dag.py took 0.435 seconds
[2023-03-12T03:43:51.219+0000] {processor.py:154} INFO - Started process (PID=36560) to work on /home/airflow/.local/lib/python3.7/site-packages/airflow/example_dags/tutorial_dag.py
[2023-03-12T03:43:51.225+0000] {processor.py:756} INFO - Processing file /home/airflow/.local/lib/python3.7/site-packages/airflow/example_dags/tutorial_dag.py for tasks to queue
[2023-03-12T03:43:51.227+0000] {logging_mixin.py:120} INFO - [2023-03-12T03:43:51.226+0000] {dagbag.py:537} INFO - Filling up the DagBag from /home/airflow/.local/lib/python3.7/site-packages/airflow/example_dags/tutorial_dag.py
[2023-03-12T03:43:51.249+0000] {processor.py:766} INFO - DAG(s) dict_keys(['tutorial_dag']) retrieved from /home/airflow/.local/lib/python3.7/site-packages/airflow/example_dags/tutorial_dag.py
[2023-03-12T03:43:51.311+0000] {logging_mixin.py:120} INFO - [2023-03-12T03:43:51.311+0000] {dag.py:2585} INFO - Sync 1 DAGs
[2023-03-12T03:43:51.341+0000] {logging_mixin.py:120} INFO - [2023-03-12T03:43:51.341+0000] {dag.py:3340} INFO - Setting next_dagrun for tutorial_dag to None, run_after=None
[2023-03-12T03:43:51.372+0000] {processor.py:176} INFO - Processing /home/airflow/.local/lib/python3.7/site-packages/airflow/example_dags/tutorial_dag.py took 0.157 seconds
[2023-03-12T04:47:36.274+0000] {processor.py:154} INFO - Started process (PID=36623) to work on /home/airflow/.local/lib/python3.7/site-packages/airflow/example_dags/tutorial_dag.py
[2023-03-12T04:47:36.277+0000] {processor.py:756} INFO - Processing file /home/airflow/.local/lib/python3.7/site-packages/airflow/example_dags/tutorial_dag.py for tasks to queue
[2023-03-12T04:47:36.278+0000] {logging_mixin.py:120} INFO - [2023-03-12T04:47:36.278+0000] {dagbag.py:537} INFO - Filling up the DagBag from /home/airflow/.local/lib/python3.7/site-packages/airflow/example_dags/tutorial_dag.py
[2023-03-12T04:47:36.299+0000] {processor.py:766} INFO - DAG(s) dict_keys(['tutorial_dag']) retrieved from /home/airflow/.local/lib/python3.7/site-packages/airflow/example_dags/tutorial_dag.py
[2023-03-12T04:47:36.367+0000] {logging_mixin.py:120} INFO - [2023-03-12T04:47:36.367+0000] {dag.py:2585} INFO - Sync 1 DAGs
[2023-03-12T04:47:36.391+0000] {logging_mixin.py:120} INFO - [2023-03-12T04:47:36.391+0000] {dag.py:3340} INFO - Setting next_dagrun for tutorial_dag to None, run_after=None
[2023-03-12T04:47:36.411+0000] {processor.py:176} INFO - Processing /home/airflow/.local/lib/python3.7/site-packages/airflow/example_dags/tutorial_dag.py took 0.139 seconds
[2023-03-12T05:46:50.428+0000] {processor.py:154} INFO - Started process (PID=36684) to work on /home/airflow/.local/lib/python3.7/site-packages/airflow/example_dags/tutorial_dag.py
[2023-03-12T05:46:50.429+0000] {processor.py:756} INFO - Processing file /home/airflow/.local/lib/python3.7/site-packages/airflow/example_dags/tutorial_dag.py for tasks to queue
[2023-03-12T05:46:50.430+0000] {logging_mixin.py:120} INFO - [2023-03-12T05:46:50.430+0000] {dagbag.py:537} INFO - Filling up the DagBag from /home/airflow/.local/lib/python3.7/site-packages/airflow/example_dags/tutorial_dag.py
[2023-03-12T05:46:50.456+0000] {processor.py:766} INFO - DAG(s) dict_keys(['tutorial_dag']) retrieved from /home/airflow/.local/lib/python3.7/site-packages/airflow/example_dags/tutorial_dag.py
[2023-03-12T05:46:50.550+0000] {logging_mixin.py:120} INFO - [2023-03-12T05:46:50.550+0000] {dag.py:2585} INFO - Sync 1 DAGs
[2023-03-12T05:46:50.580+0000] {logging_mixin.py:120} INFO - [2023-03-12T05:46:50.579+0000] {dag.py:3340} INFO - Setting next_dagrun for tutorial_dag to None, run_after=None
[2023-03-12T05:46:50.601+0000] {processor.py:176} INFO - Processing /home/airflow/.local/lib/python3.7/site-packages/airflow/example_dags/tutorial_dag.py took 0.175 seconds
[2023-03-12T06:51:38.262+0000] {processor.py:154} INFO - Started process (PID=36740) to work on /home/airflow/.local/lib/python3.7/site-packages/airflow/example_dags/tutorial_dag.py
[2023-03-12T06:51:38.265+0000] {processor.py:756} INFO - Processing file /home/airflow/.local/lib/python3.7/site-packages/airflow/example_dags/tutorial_dag.py for tasks to queue
[2023-03-12T06:51:38.266+0000] {logging_mixin.py:120} INFO - [2023-03-12T06:51:38.266+0000] {dagbag.py:537} INFO - Filling up the DagBag from /home/airflow/.local/lib/python3.7/site-packages/airflow/example_dags/tutorial_dag.py
[2023-03-12T06:51:38.284+0000] {processor.py:766} INFO - DAG(s) dict_keys(['tutorial_dag']) retrieved from /home/airflow/.local/lib/python3.7/site-packages/airflow/example_dags/tutorial_dag.py
[2023-03-12T06:51:38.345+0000] {logging_mixin.py:120} INFO - [2023-03-12T06:51:38.345+0000] {dag.py:2585} INFO - Sync 1 DAGs
[2023-03-12T06:51:38.368+0000] {logging_mixin.py:120} INFO - [2023-03-12T06:51:38.368+0000] {dag.py:3340} INFO - Setting next_dagrun for tutorial_dag to None, run_after=None
[2023-03-12T06:51:38.386+0000] {processor.py:176} INFO - Processing /home/airflow/.local/lib/python3.7/site-packages/airflow/example_dags/tutorial_dag.py took 0.127 seconds
[2023-03-12T07:59:56.023+0000] {processor.py:154} INFO - Started process (PID=36804) to work on /home/airflow/.local/lib/python3.7/site-packages/airflow/example_dags/tutorial_dag.py
[2023-03-12T07:59:56.024+0000] {processor.py:756} INFO - Processing file /home/airflow/.local/lib/python3.7/site-packages/airflow/example_dags/tutorial_dag.py for tasks to queue
[2023-03-12T07:59:56.026+0000] {logging_mixin.py:120} INFO - [2023-03-12T07:59:56.025+0000] {dagbag.py:537} INFO - Filling up the DagBag from /home/airflow/.local/lib/python3.7/site-packages/airflow/example_dags/tutorial_dag.py
[2023-03-12T07:59:56.041+0000] {processor.py:766} INFO - DAG(s) dict_keys(['tutorial_dag']) retrieved from /home/airflow/.local/lib/python3.7/site-packages/airflow/example_dags/tutorial_dag.py
[2023-03-12T07:59:56.111+0000] {logging_mixin.py:120} INFO - [2023-03-12T07:59:56.111+0000] {dag.py:2585} INFO - Sync 1 DAGs
[2023-03-12T07:59:56.143+0000] {logging_mixin.py:120} INFO - [2023-03-12T07:59:56.143+0000] {dag.py:3340} INFO - Setting next_dagrun for tutorial_dag to None, run_after=None
[2023-03-12T07:59:56.163+0000] {processor.py:176} INFO - Processing /home/airflow/.local/lib/python3.7/site-packages/airflow/example_dags/tutorial_dag.py took 0.143 seconds
[2023-03-12T09:20:35.857+0000] {processor.py:154} INFO - Started process (PID=36867) to work on /home/airflow/.local/lib/python3.7/site-packages/airflow/example_dags/tutorial_dag.py
[2023-03-12T09:20:35.858+0000] {processor.py:756} INFO - Processing file /home/airflow/.local/lib/python3.7/site-packages/airflow/example_dags/tutorial_dag.py for tasks to queue
[2023-03-12T09:20:35.859+0000] {logging_mixin.py:120} INFO - [2023-03-12T09:20:35.859+0000] {dagbag.py:537} INFO - Filling up the DagBag from /home/airflow/.local/lib/python3.7/site-packages/airflow/example_dags/tutorial_dag.py
[2023-03-12T09:20:35.871+0000] {processor.py:766} INFO - DAG(s) dict_keys(['tutorial_dag']) retrieved from /home/airflow/.local/lib/python3.7/site-packages/airflow/example_dags/tutorial_dag.py
[2023-03-12T09:20:35.943+0000] {logging_mixin.py:120} INFO - [2023-03-12T09:20:35.943+0000] {dag.py:2585} INFO - Sync 1 DAGs
[2023-03-12T09:20:35.971+0000] {logging_mixin.py:120} INFO - [2023-03-12T09:20:35.970+0000] {dag.py:3340} INFO - Setting next_dagrun for tutorial_dag to None, run_after=None
[2023-03-12T09:20:35.993+0000] {processor.py:176} INFO - Processing /home/airflow/.local/lib/python3.7/site-packages/airflow/example_dags/tutorial_dag.py took 0.139 seconds
[2023-03-12T10:26:30.483+0000] {processor.py:154} INFO - Started process (PID=36930) to work on /home/airflow/.local/lib/python3.7/site-packages/airflow/example_dags/tutorial_dag.py
[2023-03-12T10:26:30.484+0000] {processor.py:756} INFO - Processing file /home/airflow/.local/lib/python3.7/site-packages/airflow/example_dags/tutorial_dag.py for tasks to queue
[2023-03-12T10:26:30.485+0000] {logging_mixin.py:120} INFO - [2023-03-12T10:26:30.484+0000] {dagbag.py:537} INFO - Filling up the DagBag from /home/airflow/.local/lib/python3.7/site-packages/airflow/example_dags/tutorial_dag.py
[2023-03-12T10:26:30.496+0000] {processor.py:766} INFO - DAG(s) dict_keys(['tutorial_dag']) retrieved from /home/airflow/.local/lib/python3.7/site-packages/airflow/example_dags/tutorial_dag.py
[2023-03-12T10:26:30.525+0000] {logging_mixin.py:120} INFO - [2023-03-12T10:26:30.525+0000] {dag.py:2585} INFO - Sync 1 DAGs
[2023-03-12T10:26:30.539+0000] {logging_mixin.py:120} INFO - [2023-03-12T10:26:30.539+0000] {dag.py:3340} INFO - Setting next_dagrun for tutorial_dag to None, run_after=None
[2023-03-12T10:26:30.550+0000] {processor.py:176} INFO - Processing /home/airflow/.local/lib/python3.7/site-packages/airflow/example_dags/tutorial_dag.py took 0.070 seconds
[2023-03-12T11:32:25.345+0000] {processor.py:154} INFO - Started process (PID=36984) to work on /home/airflow/.local/lib/python3.7/site-packages/airflow/example_dags/tutorial_dag.py
[2023-03-12T11:32:25.346+0000] {processor.py:756} INFO - Processing file /home/airflow/.local/lib/python3.7/site-packages/airflow/example_dags/tutorial_dag.py for tasks to queue
[2023-03-12T11:32:25.347+0000] {logging_mixin.py:120} INFO - [2023-03-12T11:32:25.347+0000] {dagbag.py:537} INFO - Filling up the DagBag from /home/airflow/.local/lib/python3.7/site-packages/airflow/example_dags/tutorial_dag.py
[2023-03-12T11:32:25.356+0000] {processor.py:766} INFO - DAG(s) dict_keys(['tutorial_dag']) retrieved from /home/airflow/.local/lib/python3.7/site-packages/airflow/example_dags/tutorial_dag.py
[2023-03-12T11:32:25.386+0000] {logging_mixin.py:120} INFO - [2023-03-12T11:32:25.385+0000] {dag.py:2585} INFO - Sync 1 DAGs
[2023-03-12T11:32:25.399+0000] {logging_mixin.py:120} INFO - [2023-03-12T11:32:25.399+0000] {dag.py:3340} INFO - Setting next_dagrun for tutorial_dag to None, run_after=None
[2023-03-12T11:32:25.412+0000] {processor.py:176} INFO - Processing /home/airflow/.local/lib/python3.7/site-packages/airflow/example_dags/tutorial_dag.py took 0.069 seconds
[2023-03-12T12:40:37.823+0000] {processor.py:154} INFO - Started process (PID=37047) to work on /home/airflow/.local/lib/python3.7/site-packages/airflow/example_dags/tutorial_dag.py
[2023-03-12T12:40:37.824+0000] {processor.py:756} INFO - Processing file /home/airflow/.local/lib/python3.7/site-packages/airflow/example_dags/tutorial_dag.py for tasks to queue
[2023-03-12T12:40:37.825+0000] {logging_mixin.py:120} INFO - [2023-03-12T12:40:37.825+0000] {dagbag.py:537} INFO - Filling up the DagBag from /home/airflow/.local/lib/python3.7/site-packages/airflow/example_dags/tutorial_dag.py
[2023-03-12T12:40:37.857+0000] {processor.py:766} INFO - DAG(s) dict_keys(['tutorial_dag']) retrieved from /home/airflow/.local/lib/python3.7/site-packages/airflow/example_dags/tutorial_dag.py
[2023-03-12T12:40:37.933+0000] {logging_mixin.py:120} INFO - [2023-03-12T12:40:37.933+0000] {dag.py:2585} INFO - Sync 1 DAGs
[2023-03-12T12:40:37.963+0000] {logging_mixin.py:120} INFO - [2023-03-12T12:40:37.963+0000] {dag.py:3340} INFO - Setting next_dagrun for tutorial_dag to None, run_after=None
[2023-03-12T12:40:37.994+0000] {processor.py:176} INFO - Processing /home/airflow/.local/lib/python3.7/site-packages/airflow/example_dags/tutorial_dag.py took 0.186 seconds
[2023-03-12T13:59:46.425+0000] {processor.py:154} INFO - Started process (PID=37110) to work on /home/airflow/.local/lib/python3.7/site-packages/airflow/example_dags/tutorial_dag.py
[2023-03-12T13:59:46.425+0000] {processor.py:756} INFO - Processing file /home/airflow/.local/lib/python3.7/site-packages/airflow/example_dags/tutorial_dag.py for tasks to queue
[2023-03-12T13:59:46.426+0000] {logging_mixin.py:120} INFO - [2023-03-12T13:59:46.426+0000] {dagbag.py:537} INFO - Filling up the DagBag from /home/airflow/.local/lib/python3.7/site-packages/airflow/example_dags/tutorial_dag.py
[2023-03-12T13:59:46.437+0000] {processor.py:766} INFO - DAG(s) dict_keys(['tutorial_dag']) retrieved from /home/airflow/.local/lib/python3.7/site-packages/airflow/example_dags/tutorial_dag.py
[2023-03-12T13:59:46.466+0000] {logging_mixin.py:120} INFO - [2023-03-12T13:59:46.466+0000] {dag.py:2585} INFO - Sync 1 DAGs
[2023-03-12T13:59:46.479+0000] {logging_mixin.py:120} INFO - [2023-03-12T13:59:46.479+0000] {dag.py:3340} INFO - Setting next_dagrun for tutorial_dag to None, run_after=None
[2023-03-12T13:59:46.491+0000] {processor.py:176} INFO - Processing /home/airflow/.local/lib/python3.7/site-packages/airflow/example_dags/tutorial_dag.py took 0.068 seconds
[2023-03-12T15:06:04.196+0000] {processor.py:154} INFO - Started process (PID=37173) to work on /home/airflow/.local/lib/python3.7/site-packages/airflow/example_dags/tutorial_dag.py
[2023-03-12T15:06:04.201+0000] {processor.py:756} INFO - Processing file /home/airflow/.local/lib/python3.7/site-packages/airflow/example_dags/tutorial_dag.py for tasks to queue
[2023-03-12T15:06:04.201+0000] {logging_mixin.py:120} INFO - [2023-03-12T15:06:04.201+0000] {dagbag.py:537} INFO - Filling up the DagBag from /home/airflow/.local/lib/python3.7/site-packages/airflow/example_dags/tutorial_dag.py
[2023-03-12T15:06:04.220+0000] {processor.py:766} INFO - DAG(s) dict_keys(['tutorial_dag']) retrieved from /home/airflow/.local/lib/python3.7/site-packages/airflow/example_dags/tutorial_dag.py
[2023-03-12T15:06:04.277+0000] {logging_mixin.py:120} INFO - [2023-03-12T15:06:04.277+0000] {dag.py:2585} INFO - Sync 1 DAGs
[2023-03-12T15:06:04.302+0000] {logging_mixin.py:120} INFO - [2023-03-12T15:06:04.302+0000] {dag.py:3340} INFO - Setting next_dagrun for tutorial_dag to None, run_after=None
[2023-03-12T15:06:04.331+0000] {processor.py:176} INFO - Processing /home/airflow/.local/lib/python3.7/site-packages/airflow/example_dags/tutorial_dag.py took 0.138 seconds
[2023-03-12T16:10:43.426+0000] {processor.py:154} INFO - Started process (PID=37228) to work on /home/airflow/.local/lib/python3.7/site-packages/airflow/example_dags/tutorial_dag.py
[2023-03-12T16:10:43.427+0000] {processor.py:756} INFO - Processing file /home/airflow/.local/lib/python3.7/site-packages/airflow/example_dags/tutorial_dag.py for tasks to queue
[2023-03-12T16:10:43.427+0000] {logging_mixin.py:120} INFO - [2023-03-12T16:10:43.427+0000] {dagbag.py:537} INFO - Filling up the DagBag from /home/airflow/.local/lib/python3.7/site-packages/airflow/example_dags/tutorial_dag.py
[2023-03-12T16:10:43.440+0000] {processor.py:766} INFO - DAG(s) dict_keys(['tutorial_dag']) retrieved from /home/airflow/.local/lib/python3.7/site-packages/airflow/example_dags/tutorial_dag.py
[2023-03-12T16:10:43.468+0000] {logging_mixin.py:120} INFO - [2023-03-12T16:10:43.467+0000] {dag.py:2585} INFO - Sync 1 DAGs
[2023-03-12T16:10:43.483+0000] {logging_mixin.py:120} INFO - [2023-03-12T16:10:43.483+0000] {dag.py:3340} INFO - Setting next_dagrun for tutorial_dag to None, run_after=None
[2023-03-12T16:10:43.495+0000] {processor.py:176} INFO - Processing /home/airflow/.local/lib/python3.7/site-packages/airflow/example_dags/tutorial_dag.py took 0.072 seconds
[2023-03-12T17:18:10.322+0000] {processor.py:154} INFO - Started process (PID=37291) to work on /home/airflow/.local/lib/python3.7/site-packages/airflow/example_dags/tutorial_dag.py
[2023-03-12T17:18:10.325+0000] {processor.py:756} INFO - Processing file /home/airflow/.local/lib/python3.7/site-packages/airflow/example_dags/tutorial_dag.py for tasks to queue
[2023-03-12T17:18:10.327+0000] {logging_mixin.py:120} INFO - [2023-03-12T17:18:10.327+0000] {dagbag.py:537} INFO - Filling up the DagBag from /home/airflow/.local/lib/python3.7/site-packages/airflow/example_dags/tutorial_dag.py
[2023-03-12T17:18:10.344+0000] {processor.py:766} INFO - DAG(s) dict_keys(['tutorial_dag']) retrieved from /home/airflow/.local/lib/python3.7/site-packages/airflow/example_dags/tutorial_dag.py
[2023-03-12T17:18:10.406+0000] {logging_mixin.py:120} INFO - [2023-03-12T17:18:10.406+0000] {dag.py:2585} INFO - Sync 1 DAGs
[2023-03-12T17:18:10.430+0000] {logging_mixin.py:120} INFO - [2023-03-12T17:18:10.430+0000] {dag.py:3340} INFO - Setting next_dagrun for tutorial_dag to None, run_after=None
[2023-03-12T17:18:10.447+0000] {processor.py:176} INFO - Processing /home/airflow/.local/lib/python3.7/site-packages/airflow/example_dags/tutorial_dag.py took 0.127 seconds
[2023-03-12T18:23:02.066+0000] {processor.py:154} INFO - Started process (PID=37354) to work on /home/airflow/.local/lib/python3.7/site-packages/airflow/example_dags/tutorial_dag.py
[2023-03-12T18:23:02.071+0000] {processor.py:756} INFO - Processing file /home/airflow/.local/lib/python3.7/site-packages/airflow/example_dags/tutorial_dag.py for tasks to queue
[2023-03-12T18:23:02.073+0000] {logging_mixin.py:120} INFO - [2023-03-12T18:23:02.072+0000] {dagbag.py:537} INFO - Filling up the DagBag from /home/airflow/.local/lib/python3.7/site-packages/airflow/example_dags/tutorial_dag.py
[2023-03-12T18:23:02.099+0000] {processor.py:766} INFO - DAG(s) dict_keys(['tutorial_dag']) retrieved from /home/airflow/.local/lib/python3.7/site-packages/airflow/example_dags/tutorial_dag.py
[2023-03-12T18:23:02.185+0000] {logging_mixin.py:120} INFO - [2023-03-12T18:23:02.185+0000] {dag.py:2585} INFO - Sync 1 DAGs
[2023-03-12T18:23:02.216+0000] {logging_mixin.py:120} INFO - [2023-03-12T18:23:02.216+0000] {dag.py:3340} INFO - Setting next_dagrun for tutorial_dag to None, run_after=None
[2023-03-12T18:23:02.239+0000] {processor.py:176} INFO - Processing /home/airflow/.local/lib/python3.7/site-packages/airflow/example_dags/tutorial_dag.py took 0.178 seconds
[2023-03-12T19:03:55.141+0000] {processor.py:154} INFO - Started process (PID=37417) to work on /home/airflow/.local/lib/python3.7/site-packages/airflow/example_dags/tutorial_dag.py
[2023-03-12T19:03:55.145+0000] {processor.py:756} INFO - Processing file /home/airflow/.local/lib/python3.7/site-packages/airflow/example_dags/tutorial_dag.py for tasks to queue
[2023-03-12T19:03:55.146+0000] {logging_mixin.py:120} INFO - [2023-03-12T19:03:55.146+0000] {dagbag.py:537} INFO - Filling up the DagBag from /home/airflow/.local/lib/python3.7/site-packages/airflow/example_dags/tutorial_dag.py
[2023-03-12T19:03:55.163+0000] {processor.py:766} INFO - DAG(s) dict_keys(['tutorial_dag']) retrieved from /home/airflow/.local/lib/python3.7/site-packages/airflow/example_dags/tutorial_dag.py
[2023-03-12T19:03:55.230+0000] {logging_mixin.py:120} INFO - [2023-03-12T19:03:55.230+0000] {dag.py:2585} INFO - Sync 1 DAGs
[2023-03-12T19:03:55.251+0000] {logging_mixin.py:120} INFO - [2023-03-12T19:03:55.251+0000] {dag.py:3340} INFO - Setting next_dagrun for tutorial_dag to None, run_after=None
[2023-03-12T19:03:55.272+0000] {processor.py:176} INFO - Processing /home/airflow/.local/lib/python3.7/site-packages/airflow/example_dags/tutorial_dag.py took 0.133 seconds
[2023-03-12T20:24:25.151+0000] {processor.py:154} INFO - Started process (PID=37479) to work on /home/airflow/.local/lib/python3.7/site-packages/airflow/example_dags/tutorial_dag.py
[2023-03-12T20:24:25.152+0000] {processor.py:756} INFO - Processing file /home/airflow/.local/lib/python3.7/site-packages/airflow/example_dags/tutorial_dag.py for tasks to queue
[2023-03-12T20:24:25.153+0000] {logging_mixin.py:120} INFO - [2023-03-12T20:24:25.153+0000] {dagbag.py:537} INFO - Filling up the DagBag from /home/airflow/.local/lib/python3.7/site-packages/airflow/example_dags/tutorial_dag.py
[2023-03-12T20:24:25.163+0000] {processor.py:766} INFO - DAG(s) dict_keys(['tutorial_dag']) retrieved from /home/airflow/.local/lib/python3.7/site-packages/airflow/example_dags/tutorial_dag.py
[2023-03-12T20:24:25.192+0000] {logging_mixin.py:120} INFO - [2023-03-12T20:24:25.192+0000] {dag.py:2585} INFO - Sync 1 DAGs
[2023-03-12T20:24:25.207+0000] {logging_mixin.py:120} INFO - [2023-03-12T20:24:25.207+0000] {dag.py:3340} INFO - Setting next_dagrun for tutorial_dag to None, run_after=None
[2023-03-12T20:24:25.219+0000] {processor.py:176} INFO - Processing /home/airflow/.local/lib/python3.7/site-packages/airflow/example_dags/tutorial_dag.py took 0.070 seconds
[2023-03-12T21:28:15.978+0000] {processor.py:154} INFO - Started process (PID=37533) to work on /home/airflow/.local/lib/python3.7/site-packages/airflow/example_dags/tutorial_dag.py
[2023-03-12T21:28:15.980+0000] {processor.py:756} INFO - Processing file /home/airflow/.local/lib/python3.7/site-packages/airflow/example_dags/tutorial_dag.py for tasks to queue
[2023-03-12T21:28:15.981+0000] {logging_mixin.py:120} INFO - [2023-03-12T21:28:15.981+0000] {dagbag.py:537} INFO - Filling up the DagBag from /home/airflow/.local/lib/python3.7/site-packages/airflow/example_dags/tutorial_dag.py
[2023-03-12T21:28:16.002+0000] {processor.py:766} INFO - DAG(s) dict_keys(['tutorial_dag']) retrieved from /home/airflow/.local/lib/python3.7/site-packages/airflow/example_dags/tutorial_dag.py
[2023-03-12T21:28:16.068+0000] {logging_mixin.py:120} INFO - [2023-03-12T21:28:16.068+0000] {dag.py:2585} INFO - Sync 1 DAGs
[2023-03-12T21:28:16.094+0000] {logging_mixin.py:120} INFO - [2023-03-12T21:28:16.094+0000] {dag.py:3340} INFO - Setting next_dagrun for tutorial_dag to None, run_after=None
[2023-03-12T21:28:16.119+0000] {processor.py:176} INFO - Processing /home/airflow/.local/lib/python3.7/site-packages/airflow/example_dags/tutorial_dag.py took 0.148 seconds
[2023-03-12T22:30:16.592+0000] {processor.py:154} INFO - Started process (PID=37597) to work on /home/airflow/.local/lib/python3.7/site-packages/airflow/example_dags/tutorial_dag.py
[2023-03-12T22:30:16.597+0000] {processor.py:756} INFO - Processing file /home/airflow/.local/lib/python3.7/site-packages/airflow/example_dags/tutorial_dag.py for tasks to queue
[2023-03-12T22:30:16.597+0000] {logging_mixin.py:120} INFO - [2023-03-12T22:30:16.597+0000] {dagbag.py:537} INFO - Filling up the DagBag from /home/airflow/.local/lib/python3.7/site-packages/airflow/example_dags/tutorial_dag.py
[2023-03-12T22:30:16.622+0000] {processor.py:766} INFO - DAG(s) dict_keys(['tutorial_dag']) retrieved from /home/airflow/.local/lib/python3.7/site-packages/airflow/example_dags/tutorial_dag.py
[2023-03-12T22:30:16.678+0000] {logging_mixin.py:120} INFO - [2023-03-12T22:30:16.678+0000] {dag.py:2585} INFO - Sync 1 DAGs
[2023-03-12T22:30:16.703+0000] {logging_mixin.py:120} INFO - [2023-03-12T22:30:16.703+0000] {dag.py:3340} INFO - Setting next_dagrun for tutorial_dag to None, run_after=None
[2023-03-12T22:30:16.725+0000] {processor.py:176} INFO - Processing /home/airflow/.local/lib/python3.7/site-packages/airflow/example_dags/tutorial_dag.py took 0.137 seconds
[2023-03-12T23:33:21.182+0000] {processor.py:154} INFO - Started process (PID=37660) to work on /home/airflow/.local/lib/python3.7/site-packages/airflow/example_dags/tutorial_dag.py
[2023-03-12T23:33:21.183+0000] {processor.py:756} INFO - Processing file /home/airflow/.local/lib/python3.7/site-packages/airflow/example_dags/tutorial_dag.py for tasks to queue
[2023-03-12T23:33:21.184+0000] {logging_mixin.py:120} INFO - [2023-03-12T23:33:21.184+0000] {dagbag.py:537} INFO - Filling up the DagBag from /home/airflow/.local/lib/python3.7/site-packages/airflow/example_dags/tutorial_dag.py
[2023-03-12T23:33:21.203+0000] {processor.py:766} INFO - DAG(s) dict_keys(['tutorial_dag']) retrieved from /home/airflow/.local/lib/python3.7/site-packages/airflow/example_dags/tutorial_dag.py
[2023-03-12T23:33:21.259+0000] {logging_mixin.py:120} INFO - [2023-03-12T23:33:21.259+0000] {dag.py:2585} INFO - Sync 1 DAGs
[2023-03-12T23:33:21.284+0000] {logging_mixin.py:120} INFO - [2023-03-12T23:33:21.284+0000] {dag.py:3340} INFO - Setting next_dagrun for tutorial_dag to None, run_after=None
[2023-03-12T23:33:21.305+0000] {processor.py:176} INFO - Processing /home/airflow/.local/lib/python3.7/site-packages/airflow/example_dags/tutorial_dag.py took 0.125 seconds
