[2023-03-16T18:30:53.045+0000] {taskinstance.py:1165} INFO - Dependencies all met for <TaskInstance: 0_Employee_Sync.db_setup manual__2023-03-16T18:30:52.250412+00:00 [queued]>
[2023-03-16T18:30:53.058+0000] {taskinstance.py:1165} INFO - Dependencies all met for <TaskInstance: 0_Employee_Sync.db_setup manual__2023-03-16T18:30:52.250412+00:00 [queued]>
[2023-03-16T18:30:53.059+0000] {taskinstance.py:1362} INFO - 
--------------------------------------------------------------------------------
[2023-03-16T18:30:53.060+0000] {taskinstance.py:1363} INFO - Starting attempt 1 of 1
[2023-03-16T18:30:53.061+0000] {taskinstance.py:1364} INFO - 
--------------------------------------------------------------------------------
[2023-03-16T18:30:53.077+0000] {taskinstance.py:1383} INFO - Executing <Task(_PythonDecoratedOperator): db_setup> on 2023-03-16 18:30:52.250412+00:00
[2023-03-16T18:30:53.085+0000] {standard_task_runner.py:55} INFO - Started process 44556 to run task
[2023-03-16T18:30:53.093+0000] {standard_task_runner.py:82} INFO - Running: ['***', 'tasks', 'run', '0_Employee_Sync', 'db_setup', 'manual__2023-03-16T18:30:52.250412+00:00', '--job-id', '57', '--raw', '--subdir', 'DAGS_FOLDER/test_dag.py', '--cfg-path', '/tmp/tmpxf_fybnp']
[2023-03-16T18:30:53.100+0000] {standard_task_runner.py:83} INFO - Job 57: Subtask db_setup
[2023-03-16T18:30:53.177+0000] {task_command.py:376} INFO - Running <TaskInstance: 0_Employee_Sync.db_setup manual__2023-03-16T18:30:52.250412+00:00 [running]> on host 9fe6516b8a01
[2023-03-16T18:30:53.257+0000] {taskinstance.py:1592} INFO - Exporting the following env vars:
AIRFLOW_CTX_DAG_OWNER=***
AIRFLOW_CTX_DAG_ID=0_Employee_Sync
AIRFLOW_CTX_TASK_ID=db_setup
AIRFLOW_CTX_EXECUTION_DATE=2023-03-16T18:30:52.250412+00:00
AIRFLOW_CTX_TRY_NUMBER=1
AIRFLOW_CTX_DAG_RUN_ID=manual__2023-03-16T18:30:52.250412+00:00
[2023-03-16T18:30:53.314+0000] {python.py:177} INFO - Done. Returned value was: None
[2023-03-16T18:30:53.332+0000] {taskinstance.py:1406} INFO - Marking task as SUCCESS. dag_id=0_Employee_Sync, task_id=db_setup, execution_date=20230316T183052, start_date=20230316T183053, end_date=20230316T183053
[2023-03-16T18:30:53.385+0000] {local_task_job.py:164} INFO - Task exited with return code 0
[2023-03-16T18:30:53.418+0000] {local_task_job.py:273} INFO - 1 downstream tasks scheduled from follow-on schedule check
