[2023-03-16T18:37:46.110+0000] {taskinstance.py:1165} INFO - Dependencies all met for <TaskInstance: 0_Employee_Sync.db_setup manual__2023-03-16T18:37:45.312517+00:00 [queued]>
[2023-03-16T18:37:46.118+0000] {taskinstance.py:1165} INFO - Dependencies all met for <TaskInstance: 0_Employee_Sync.db_setup manual__2023-03-16T18:37:45.312517+00:00 [queued]>
[2023-03-16T18:37:46.119+0000] {taskinstance.py:1362} INFO - 
--------------------------------------------------------------------------------
[2023-03-16T18:37:46.119+0000] {taskinstance.py:1363} INFO - Starting attempt 1 of 1
[2023-03-16T18:37:46.120+0000] {taskinstance.py:1364} INFO - 
--------------------------------------------------------------------------------
[2023-03-16T18:37:46.128+0000] {taskinstance.py:1383} INFO - Executing <Task(_PythonDecoratedOperator): db_setup> on 2023-03-16 18:37:45.312517+00:00
[2023-03-16T18:37:46.134+0000] {standard_task_runner.py:55} INFO - Started process 44924 to run task
[2023-03-16T18:37:46.138+0000] {standard_task_runner.py:82} INFO - Running: ['***', 'tasks', 'run', '0_Employee_Sync', 'db_setup', 'manual__2023-03-16T18:37:45.312517+00:00', '--job-id', '65', '--raw', '--subdir', 'DAGS_FOLDER/test_dag.py', '--cfg-path', '/tmp/tmp0nguc6xv']
[2023-03-16T18:37:46.140+0000] {standard_task_runner.py:83} INFO - Job 65: Subtask db_setup
[2023-03-16T18:37:46.195+0000] {task_command.py:376} INFO - Running <TaskInstance: 0_Employee_Sync.db_setup manual__2023-03-16T18:37:45.312517+00:00 [running]> on host 9fe6516b8a01
[2023-03-16T18:37:46.250+0000] {taskinstance.py:1592} INFO - Exporting the following env vars:
AIRFLOW_CTX_DAG_OWNER=***
AIRFLOW_CTX_DAG_ID=0_Employee_Sync
AIRFLOW_CTX_TASK_ID=db_setup
AIRFLOW_CTX_EXECUTION_DATE=2023-03-16T18:37:45.312517+00:00
AIRFLOW_CTX_TRY_NUMBER=1
AIRFLOW_CTX_DAG_RUN_ID=manual__2023-03-16T18:37:45.312517+00:00
[2023-03-16T18:37:46.253+0000] {python.py:177} INFO - Done. Returned value was: None
[2023-03-16T18:37:46.262+0000] {taskinstance.py:1406} INFO - Marking task as SUCCESS. dag_id=0_Employee_Sync, task_id=db_setup, execution_date=20230316T183745, start_date=20230316T183746, end_date=20230316T183746
[2023-03-16T18:37:46.311+0000] {local_task_job.py:164} INFO - Task exited with return code 0
[2023-03-16T18:37:46.332+0000] {local_task_job.py:273} INFO - 1 downstream tasks scheduled from follow-on schedule check
