[2023-03-13T19:03:38.620+0000] {taskinstance.py:1165} INFO - Dependencies all met for <TaskInstance: cool_DAG.transform scheduled__2023-03-12T00:00:00+00:00 [queued]>
[2023-03-13T19:03:38.627+0000] {taskinstance.py:1165} INFO - Dependencies all met for <TaskInstance: cool_DAG.transform scheduled__2023-03-12T00:00:00+00:00 [queued]>
[2023-03-13T19:03:38.628+0000] {taskinstance.py:1362} INFO - 
--------------------------------------------------------------------------------
[2023-03-13T19:03:38.629+0000] {taskinstance.py:1363} INFO - Starting attempt 1 of 1
[2023-03-13T19:03:38.630+0000] {taskinstance.py:1364} INFO - 
--------------------------------------------------------------------------------
[2023-03-13T19:03:38.645+0000] {taskinstance.py:1383} INFO - Executing <Task(_PythonDecoratedOperator): transform> on 2023-03-12 00:00:00+00:00
[2023-03-13T19:03:38.650+0000] {standard_task_runner.py:55} INFO - Started process 3921 to run task
[2023-03-13T19:03:38.654+0000] {standard_task_runner.py:82} INFO - Running: ['***', 'tasks', 'run', 'cool_DAG', 'transform', 'scheduled__2023-03-12T00:00:00+00:00', '--job-id', '10', '--raw', '--subdir', 'DAGS_FOLDER/test_dag.py', '--cfg-path', '/tmp/tmpnkdwd6b8']
[2023-03-13T19:03:38.655+0000] {standard_task_runner.py:83} INFO - Job 10: Subtask transform
[2023-03-13T19:03:38.719+0000] {task_command.py:376} INFO - Running <TaskInstance: cool_DAG.transform scheduled__2023-03-12T00:00:00+00:00 [running]> on host 9fe6516b8a01
[2023-03-13T19:03:38.797+0000] {taskinstance.py:1592} INFO - Exporting the following env vars:
AIRFLOW_CTX_DAG_OWNER=***
AIRFLOW_CTX_DAG_ID=cool_DAG
AIRFLOW_CTX_TASK_ID=transform
AIRFLOW_CTX_EXECUTION_DATE=2023-03-12T00:00:00+00:00
AIRFLOW_CTX_TRY_NUMBER=1
AIRFLOW_CTX_DAG_RUN_ID=scheduled__2023-03-12T00:00:00+00:00
[2023-03-13T19:03:38.799+0000] {python.py:177} INFO - Done. Returned value was: {'total_order_value': 1236.7}
[2023-03-13T19:03:38.834+0000] {taskinstance.py:1406} INFO - Marking task as SUCCESS. dag_id=cool_DAG, task_id=transform, execution_date=20230312T000000, start_date=20230313T190338, end_date=20230313T190338
[2023-03-13T19:03:38.867+0000] {local_task_job.py:164} INFO - Task exited with return code 0
[2023-03-13T19:03:38.889+0000] {local_task_job.py:273} INFO - 1 downstream tasks scheduled from follow-on schedule check
