[2023-03-13T19:26:39.937+0000] {taskinstance.py:1165} INFO - Dependencies all met for <TaskInstance: cool_DAG.extract manual__2023-03-13T19:26:38.730331+00:00 [queued]>
[2023-03-13T19:26:39.942+0000] {taskinstance.py:1165} INFO - Dependencies all met for <TaskInstance: cool_DAG.extract manual__2023-03-13T19:26:38.730331+00:00 [queued]>
[2023-03-13T19:26:39.943+0000] {taskinstance.py:1362} INFO - 
--------------------------------------------------------------------------------
[2023-03-13T19:26:39.943+0000] {taskinstance.py:1363} INFO - Starting attempt 1 of 1
[2023-03-13T19:26:39.944+0000] {taskinstance.py:1364} INFO - 
--------------------------------------------------------------------------------
[2023-03-13T19:26:39.951+0000] {taskinstance.py:1383} INFO - Executing <Task(_PythonDecoratedOperator): extract> on 2023-03-13 19:26:38.730331+00:00
[2023-03-13T19:26:39.956+0000] {standard_task_runner.py:55} INFO - Started process 5100 to run task
[2023-03-13T19:26:39.960+0000] {standard_task_runner.py:82} INFO - Running: ['***', 'tasks', 'run', 'cool_DAG', 'extract', 'manual__2023-03-13T19:26:38.730331+00:00', '--job-id', '27', '--raw', '--subdir', 'DAGS_FOLDER/test_dag.py', '--cfg-path', '/tmp/tmpihki7co3']
[2023-03-13T19:26:39.961+0000] {standard_task_runner.py:83} INFO - Job 27: Subtask extract
[2023-03-13T19:26:40.022+0000] {task_command.py:376} INFO - Running <TaskInstance: cool_DAG.extract manual__2023-03-13T19:26:38.730331+00:00 [running]> on host 9fe6516b8a01
[2023-03-13T19:26:40.073+0000] {taskinstance.py:1592} INFO - Exporting the following env vars:
AIRFLOW_CTX_DAG_OWNER=***
AIRFLOW_CTX_DAG_ID=cool_DAG
AIRFLOW_CTX_TASK_ID=extract
AIRFLOW_CTX_EXECUTION_DATE=2023-03-13T19:26:38.730331+00:00
AIRFLOW_CTX_TRY_NUMBER=1
AIRFLOW_CTX_DAG_RUN_ID=manual__2023-03-13T19:26:38.730331+00:00
[2023-03-13T19:26:40.074+0000] {logging_mixin.py:120} INFO - primero
[2023-03-13T19:26:40.075+0000] {python.py:177} INFO - Done. Returned value was: 0
[2023-03-13T19:26:40.092+0000] {taskinstance.py:1406} INFO - Marking task as SUCCESS. dag_id=cool_DAG, task_id=extract, execution_date=20230313T192638, start_date=20230313T192639, end_date=20230313T192640
[2023-03-13T19:26:40.132+0000] {local_task_job.py:164} INFO - Task exited with return code 0
[2023-03-13T19:26:40.154+0000] {local_task_job.py:273} INFO - 1 downstream tasks scheduled from follow-on schedule check
