[2023-03-13T19:08:00.401+0000] {taskinstance.py:1165} INFO - Dependencies all met for <TaskInstance: cool_DAG.extract manual__2023-03-13T19:07:59.797380+00:00 [queued]>
[2023-03-13T19:08:00.408+0000] {taskinstance.py:1165} INFO - Dependencies all met for <TaskInstance: cool_DAG.extract manual__2023-03-13T19:07:59.797380+00:00 [queued]>
[2023-03-13T19:08:00.408+0000] {taskinstance.py:1362} INFO - 
--------------------------------------------------------------------------------
[2023-03-13T19:08:00.409+0000] {taskinstance.py:1363} INFO - Starting attempt 1 of 1
[2023-03-13T19:08:00.409+0000] {taskinstance.py:1364} INFO - 
--------------------------------------------------------------------------------
[2023-03-13T19:08:00.417+0000] {taskinstance.py:1383} INFO - Executing <Task(_PythonDecoratedOperator): extract> on 2023-03-13 19:07:59.797380+00:00
[2023-03-13T19:08:00.422+0000] {standard_task_runner.py:55} INFO - Started process 4144 to run task
[2023-03-13T19:08:00.426+0000] {standard_task_runner.py:82} INFO - Running: ['***', 'tasks', 'run', 'cool_DAG', 'extract', 'manual__2023-03-13T19:07:59.797380+00:00', '--job-id', '13', '--raw', '--subdir', 'DAGS_FOLDER/test_dag.py', '--cfg-path', '/tmp/tmppi4467g9']
[2023-03-13T19:08:00.427+0000] {standard_task_runner.py:83} INFO - Job 13: Subtask extract
[2023-03-13T19:08:00.492+0000] {task_command.py:376} INFO - Running <TaskInstance: cool_DAG.extract manual__2023-03-13T19:07:59.797380+00:00 [running]> on host 9fe6516b8a01
[2023-03-13T19:08:00.544+0000] {taskinstance.py:1592} INFO - Exporting the following env vars:
AIRFLOW_CTX_DAG_OWNER=***
AIRFLOW_CTX_DAG_ID=cool_DAG
AIRFLOW_CTX_TASK_ID=extract
AIRFLOW_CTX_EXECUTION_DATE=2023-03-13T19:07:59.797380+00:00
AIRFLOW_CTX_TRY_NUMBER=1
AIRFLOW_CTX_DAG_RUN_ID=manual__2023-03-13T19:07:59.797380+00:00
[2023-03-13T19:08:00.546+0000] {python.py:177} INFO - Done. Returned value was: {'1001': 301.27, '1002': 433.21, '1003': 502.22}
[2023-03-13T19:08:00.564+0000] {taskinstance.py:1406} INFO - Marking task as SUCCESS. dag_id=cool_DAG, task_id=extract, execution_date=20230313T190759, start_date=20230313T190800, end_date=20230313T190800
[2023-03-13T19:08:00.599+0000] {local_task_job.py:164} INFO - Task exited with return code 0
[2023-03-13T19:08:00.621+0000] {local_task_job.py:273} INFO - 1 downstream tasks scheduled from follow-on schedule check
